/home/ad/miniconda/envs/hy/lib/python3.9/site-packages/torch_geometric/data/in_memory_dataset.py:300: UserWarning: It is not recommended to directly access the internal storage format `data` of an 'InMemoryDataset'. If you are absolutely certain what you are doing, access the internal storage via `InMemoryDataset._data` instead to suppress this warning. Alternatively, you can access stacked individual attributes of every graph via `dataset.{attr_name}`.
  warnings.warn(msg)
args
 Namespace(samples=4, concat=10, runs=3, latent_size=10, dataset='news20', seed=42, epochs=400, lr=0.01, weight_decay=0.0005, hidden=8, dropout=0.5, batch_size=128, tem=0.5, lam=1.0, pretrain_epochs=8, pretrain_lr=0.01, conditional=True, update_epochs=20, num_models=100, warmup=200, dname='20newsW100', add_self_loop=True, exclude_self=False, normtype='all_one', use_mediator=False, cuda=True)
data: Data(x=[16242, 100], edge_index=[2, 65451], y=[16242], n_x=16242, train_percent=0.01, num_hyperedges=100, totedges=100, norm=[65451])
(16242, 100)
[[0. 0. 0. ... 0. 0. 0.]
 [0. 0. 0. ... 0. 0. 0.]
 [0. 0. 0. ... 0. 0. 0.]
 ...
 [0. 0. 0. ... 0. 0. 0.]
 [0. 0. 0. ... 0. 0. 1.]
 [0. 0. 0. ... 0. 0. 0.]]
Hypergraph(num_v=16242, num_e=100)
Hypergraph(num_v=16242, num_e=100)
Run Train:   0%|          | 0/3 [00:00<?, ?it/s]Run:01 Epoch: 0001 loss_train: 1.3862 loss_val: 1.3785
Run:01 Epoch: 0002 loss_train: 1.3784 loss_val: 1.3689
Run:01 Epoch: 0003 loss_train: 1.3703 loss_val: 1.3596
Run:01 Epoch: 0004 loss_train: 1.3650 loss_val: 1.3534
Run:01 Epoch: 0005 loss_train: 1.3646 loss_val: 1.3540
Run:01 Epoch: 0006 loss_train: 1.3733 loss_val: 1.3613
Run:01 Epoch: 0007 loss_train: 1.3862 loss_val: 1.3719
Run:01 Epoch: 0008 loss_train: 1.4032 loss_val: 1.3826
Run:01 Epoch: 0009 loss_train: 1.4236 loss_val: 1.3907
Run:01 Epoch: 0010 loss_train: 1.4424 loss_val: 1.3956
Run:01 Epoch: 0011 loss_train: 1.4540 loss_val: 1.3977
Run:01 Epoch: 0012 loss_train: 1.4613 loss_val: 1.3966
Run:01 Epoch: 0013 loss_train: 1.4626 loss_val: 1.3914
Run:01 Epoch: 0014 loss_train: 1.4589 loss_val: 1.3831
Run:01 Epoch: 0015 loss_train: 1.4497 loss_val: 1.3748
Run:01 Epoch: 0016 loss_train: 1.4424 loss_val: 1.3682
Run:01 Epoch: 0017 loss_train: 1.4370 loss_val: 1.3632
Run:01 Epoch: 0018 loss_train: 1.4351 loss_val: 1.3589
Run:01 Epoch: 0019 loss_train: 1.4316 loss_val: 1.3536
Run:01 Epoch: 0020 loss_train: 1.4283 loss_val: 1.3451
Run:01 Epoch: 0021 loss_train: 1.4187 loss_val: 1.3330
Run:01 Epoch: 0022 loss_train: 1.4066 loss_val: 1.3177
Run:01 Epoch: 0023 loss_train: 1.3872 loss_val: 1.2999
Run:01 Epoch: 0024 loss_train: 1.3653 loss_val: 1.2810
Run:01 Epoch: 0025 loss_train: 1.3438 loss_val: 1.2615
Run:01 Epoch: 0026 loss_train: 1.3219 loss_val: 1.2426
Run:01 Epoch: 0027 loss_train: 1.2994 loss_val: 1.2247
Run:01 Epoch: 0028 loss_train: 1.2809 loss_val: 1.2081
Run:01 Epoch: 0029 loss_train: 1.2653 loss_val: 1.1925
Run:01 Epoch: 0030 loss_train: 1.2542 loss_val: 1.1774
Run:01 Epoch: 0031 loss_train: 1.2435 loss_val: 1.1625
Run:01 Epoch: 0032 loss_train: 1.2336 loss_val: 1.1467
Run:01 Epoch: 0033 loss_train: 1.2243 loss_val: 1.1290
Run:01 Epoch: 0034 loss_train: 1.2118 loss_val: 1.1086
Run:01 Epoch: 0035 loss_train: 1.1976 loss_val: 1.0869
Run:01 Epoch: 0036 loss_train: 1.1843 loss_val: 1.0660
Run:01 Epoch: 0037 loss_train: 1.1744 loss_val: 1.0475
Run:01 Epoch: 0038 loss_train: 1.1608 loss_val: 1.0316
Run:01 Epoch: 0039 loss_train: 1.1535 loss_val: 1.0169
Run:01 Epoch: 0040 loss_train: 1.1421 loss_val: 1.0025
Run:01 Epoch: 0041 loss_train: 1.1338 loss_val: 0.9868
Run:01 Epoch: 0042 loss_train: 1.1259 loss_val: 0.9693
Run:01 Epoch: 0043 loss_train: 1.1168 loss_val: 0.9520
Run:01 Epoch: 0044 loss_train: 1.1075 loss_val: 0.9365
Run:01 Epoch: 0045 loss_train: 1.0996 loss_val: 0.9237
Run:01 Epoch: 0046 loss_train: 1.0864 loss_val: 0.9119
Run:01 Epoch: 0047 loss_train: 1.0858 loss_val: 0.9005
Run:01 Epoch: 0048 loss_train: 1.0767 loss_val: 0.8878
Run:01 Epoch: 0049 loss_train: 1.0703 loss_val: 0.8747
Run:01 Epoch: 0050 loss_train: 1.0598 loss_val: 0.8618
Run:01 Epoch: 0051 loss_train: 1.0450 loss_val: 0.8506
Run:01 Epoch: 0052 loss_train: 1.0402 loss_val: 0.8413
Run:01 Epoch: 0053 loss_train: 1.0371 loss_val: 0.8329
Run:01 Epoch: 0054 loss_train: 1.0316 loss_val: 0.8249
Run:01 Epoch: 0055 loss_train: 1.0239 loss_val: 0.8168
Run:01 Epoch: 0056 loss_train: 1.0208 loss_val: 0.8077
Run:01 Epoch: 0057 loss_train: 1.0144 loss_val: 0.7980
Run:01 Epoch: 0058 loss_train: 1.0080 loss_val: 0.7895
Run:01 Epoch: 0059 loss_train: 1.0018 loss_val: 0.7826
Run:01 Epoch: 0060 loss_train: 0.9948 loss_val: 0.7764
Run:01 Epoch: 0061 loss_train: 0.9957 loss_val: 0.7707
Run:01 Epoch: 0062 loss_train: 0.9926 loss_val: 0.7650
Run:01 Epoch: 0063 loss_train: 0.9808 loss_val: 0.7590
Run:01 Epoch: 0064 loss_train: 0.9804 loss_val: 0.7520
Run:01 Epoch: 0065 loss_train: 0.9729 loss_val: 0.7451
Run:01 Epoch: 0066 loss_train: 0.9694 loss_val: 0.7403
Run:01 Epoch: 0067 loss_train: 0.9725 loss_val: 0.7367
Run:01 Epoch: 0068 loss_train: 0.9617 loss_val: 0.7326
Run:01 Epoch: 0069 loss_train: 0.9599 loss_val: 0.7279
Run:01 Epoch: 0070 loss_train: 0.9514 loss_val: 0.7231
Run:01 Epoch: 0071 loss_train: 0.9510 loss_val: 0.7186
Run:01 Epoch: 0072 loss_train: 0.9507 loss_val: 0.7157
Run:01 Epoch: 0073 loss_train: 0.9489 loss_val: 0.7124
Run:01 Epoch: 0074 loss_train: 0.9397 loss_val: 0.7085
Run:01 Epoch: 0075 loss_train: 0.9404 loss_val: 0.7053
Run:01 Epoch: 0076 loss_train: 0.9353 loss_val: 0.7028
Run:01 Epoch: 0077 loss_train: 0.9329 loss_val: 0.7006
Run:01 Epoch: 0078 loss_train: 0.9337 loss_val: 0.6980
Run:01 Epoch: 0079 loss_train: 0.9316 loss_val: 0.6951
Run:01 Epoch: 0080 loss_train: 0.9260 loss_val: 0.6923
Run:01 Epoch: 0081 loss_train: 0.9256 loss_val: 0.6900
Run:01 Epoch: 0082 loss_train: 0.9266 loss_val: 0.6885
Run:01 Epoch: 0083 loss_train: 0.9250 loss_val: 0.6869
Run:01 Epoch: 0084 loss_train: 0.9203 loss_val: 0.6851
Run:01 Epoch: 0085 loss_train: 0.9181 loss_val: 0.6835
Run:01 Epoch: 0086 loss_train: 0.9181 loss_val: 0.6812
Run:01 Epoch: 0087 loss_train: 0.9187 loss_val: 0.6790
Run:01 Epoch: 0088 loss_train: 0.9153 loss_val: 0.6780
Run:01 Epoch: 0089 loss_train: 0.9186 loss_val: 0.6775
Run:01 Epoch: 0090 loss_train: 0.9178 loss_val: 0.6766
Run:01 Epoch: 0091 loss_train: 0.9090 loss_val: 0.6750
Run:01 Epoch: 0092 loss_train: 0.9139 loss_val: 0.6736
Run:01 Epoch: 0093 loss_train: 0.9132 loss_val: 0.6726
Run:01 Epoch: 0094 loss_train: 0.9110 loss_val: 0.6710
Run:01 Epoch: 0095 loss_train: 0.9095 loss_val: 0.6698
Run:01 Epoch: 0096 loss_train: 0.9074 loss_val: 0.6688
Run:01 Epoch: 0097 loss_train: 0.9031 loss_val: 0.6686
Run:01 Epoch: 0098 loss_train: 0.9107 loss_val: 0.6688
Run:01 Epoch: 0099 loss_train: 0.9040 loss_val: 0.6680
Run:01 Epoch: 0100 loss_train: 0.9083 loss_val: 0.6669
Run:01 Epoch: 0101 loss_train: 0.9091 loss_val: 0.6657
Run:01 Epoch: 0102 loss_train: 0.8997 loss_val: 0.6641
Run:01 Epoch: 0103 loss_train: 0.8977 loss_val: 0.6633
Run:01 Epoch: 0104 loss_train: 0.9022 loss_val: 0.6631
Run:01 Epoch: 0105 loss_train: 0.8991 loss_val: 0.6633
Run:01 Epoch: 0106 loss_train: 0.9009 loss_val: 0.6633
Run:01 Epoch: 0107 loss_train: 0.8989 loss_val: 0.6625
Run:01 Epoch: 0108 loss_train: 0.8981 loss_val: 0.6605
Run:01 Epoch: 0109 loss_train: 0.8919 loss_val: 0.6587
Run:01 Epoch: 0110 loss_train: 0.8965 loss_val: 0.6578
Run:01 Epoch: 0111 loss_train: 0.8965 loss_val: 0.6582
Run:01 Epoch: 0112 loss_train: 0.9000 loss_val: 0.6592
Run:01 Epoch: 0113 loss_train: 0.8902 loss_val: 0.6590
Run:01 Epoch: 0114 loss_train: 0.8874 loss_val: 0.6577
Run:01 Epoch: 0115 loss_train: 0.8897 loss_val: 0.6559
Run:01 Epoch: 0116 loss_train: 0.8947 loss_val: 0.6547
Run:01 Epoch: 0117 loss_train: 0.8880 loss_val: 0.6545
Run:01 Epoch: 0118 loss_train: 0.8910 loss_val: 0.6550
Run:01 Epoch: 0119 loss_train: 0.8899 loss_val: 0.6550
Run:01 Epoch: 0120 loss_train: 0.8827 loss_val: 0.6538
Run:01 Epoch: 0121 loss_train: 0.8894 loss_val: 0.6528
Run:01 Epoch: 0122 loss_train: 0.8910 loss_val: 0.6519
Run:01 Epoch: 0123 loss_train: 0.8821 loss_val: 0.6509
Run:01 Epoch: 0124 loss_train: 0.8884 loss_val: 0.6505
Run:01 Epoch: 0125 loss_train: 0.8896 loss_val: 0.6506
Run:01 Epoch: 0126 loss_train: 0.8807 loss_val: 0.6506
Run:01 Epoch: 0127 loss_train: 0.8850 loss_val: 0.6503
Run:01 Epoch: 0128 loss_train: 0.8825 loss_val: 0.6499
Run:01 Epoch: 0129 loss_train: 0.8869 loss_val: 0.6494
Run:01 Epoch: 0130 loss_train: 0.8884 loss_val: 0.6485
Run:01 Epoch: 0131 loss_train: 0.8831 loss_val: 0.6477
Run:01 Epoch: 0132 loss_train: 0.8881 loss_val: 0.6473
Run:01 Epoch: 0133 loss_train: 0.8868 loss_val: 0.6468
Run:01 Epoch: 0134 loss_train: 0.8813 loss_val: 0.6463
Run:01 Epoch: 0135 loss_train: 0.8840 loss_val: 0.6461
Run:01 Epoch: 0136 loss_train: 0.8841 loss_val: 0.6459
Run:01 Epoch: 0137 loss_train: 0.8797 loss_val: 0.6456
Run:01 Epoch: 0138 loss_train: 0.8761 loss_val: 0.6448
Run:01 Epoch: 0139 loss_train: 0.8848 loss_val: 0.6443
Run:01 Epoch: 0140 loss_train: 0.8769 loss_val: 0.6435
Run:01 Epoch: 0141 loss_train: 0.8797 loss_val: 0.6429
Run:01 Epoch: 0142 loss_train: 0.8825 loss_val: 0.6423
Run:01 Epoch: 0143 loss_train: 0.8805 loss_val: 0.6417
Run:01 Epoch: 0144 loss_train: 0.8713 loss_val: 0.6409
Run:01 Epoch: 0145 loss_train: 0.8747 loss_val: 0.6401
Run:01 Epoch: 0146 loss_train: 0.8792 loss_val: 0.6397
Run:01 Epoch: 0147 loss_train: 0.8805 loss_val: 0.6397
Run:01 Epoch: 0148 loss_train: 0.8816 loss_val: 0.6398
Run:01 Epoch: 0149 loss_train: 0.8830 loss_val: 0.6396
Run:01 Epoch: 0150 loss_train: 0.8794 loss_val: 0.6389
Run:01 Epoch: 0151 loss_train: 0.8769 loss_val: 0.6383
Run:01 Epoch: 0152 loss_train: 0.8746 loss_val: 0.6375
Run:01 Epoch: 0153 loss_train: 0.8745 loss_val: 0.6363
Run:01 Epoch: 0154 loss_train: 0.8742 loss_val: 0.6351
Run:01 Epoch: 0155 loss_train: 0.8759 loss_val: 0.6344
Run:01 Epoch: 0156 loss_train: 0.8771 loss_val: 0.6346
Run:01 Epoch: 0157 loss_train: 0.8652 loss_val: 0.6348
Run:01 Epoch: 0158 loss_train: 0.8766 loss_val: 0.6342
Run:01 Epoch: 0159 loss_train: 0.8746 loss_val: 0.6332
Run:01 Epoch: 0160 loss_train: 0.8725 loss_val: 0.6318
Run:01 Epoch: 0161 loss_train: 0.8712 loss_val: 0.6315
Run:01 Epoch: 0162 loss_train: 0.8744 loss_val: 0.6318
Run:01 Epoch: 0163 loss_train: 0.8671 loss_val: 0.6322
Run:01 Epoch: 0164 loss_train: 0.8691 loss_val: 0.6322
Run:01 Epoch: 0165 loss_train: 0.8681 loss_val: 0.6312
Run:01 Epoch: 0166 loss_train: 0.8691 loss_val: 0.6297
Run:01 Epoch: 0167 loss_train: 0.8721 loss_val: 0.6286
Run:01 Epoch: 0168 loss_train: 0.8667 loss_val: 0.6277
Run:01 Epoch: 0169 loss_train: 0.8719 loss_val: 0.6279
Run:01 Epoch: 0170 loss_train: 0.8646 loss_val: 0.6286
Run:01 Epoch: 0171 loss_train: 0.8684 loss_val: 0.6288
Run:01 Epoch: 0172 loss_train: 0.8764 loss_val: 0.6282
Run:01 Epoch: 0173 loss_train: 0.8725 loss_val: 0.6275
Run:01 Epoch: 0174 loss_train: 0.8692 loss_val: 0.6264
Run:01 Epoch: 0175 loss_train: 0.8606 loss_val: 0.6259
Run:01 Epoch: 0176 loss_train: 0.8650 loss_val: 0.6257
Run:01 Epoch: 0177 loss_train: 0.8713 loss_val: 0.6258
Run:01 Epoch: 0178 loss_train: 0.8653 loss_val: 0.6255
Run:01 Epoch: 0179 loss_train: 0.8634 loss_val: 0.6247
Run:01 Epoch: 0180 loss_train: 0.8629 loss_val: 0.6239
Run:01 Epoch: 0181 loss_train: 0.8680 loss_val: 0.6231
Run:01 Epoch: 0182 loss_train: 0.8672 loss_val: 0.6227
Run:01 Epoch: 0183 loss_train: 0.8680 loss_val: 0.6230
Run:01 Epoch: 0184 loss_train: 0.8655 loss_val: 0.6237
Run:01 Epoch: 0185 loss_train: 0.8656 loss_val: 0.6238
Run:01 Epoch: 0186 loss_train: 0.8689 loss_val: 0.6234
Run:01 Epoch: 0187 loss_train: 0.8630 loss_val: 0.6223
Run:01 Epoch: 0188 loss_train: 0.8608 loss_val: 0.6215
Run:01 Epoch: 0189 loss_train: 0.8588 loss_val: 0.6204
Run:01 Epoch: 0190 loss_train: 0.8681 loss_val: 0.6204
Run:01 Epoch: 0191 loss_train: 0.8663 loss_val: 0.6212
Run:01 Epoch: 0192 loss_train: 0.8619 loss_val: 0.6217
Run:01 Epoch: 0193 loss_train: 0.8640 loss_val: 0.6219
Run:01 Epoch: 0194 loss_train: 0.8642 loss_val: 0.6215
Run:01 Epoch: 0195 loss_train: 0.8634 loss_val: 0.6205
Run:01 Epoch: 0196 loss_train: 0.8711 loss_val: 0.6198
Run:01 Epoch: 0197 loss_train: 0.8651 loss_val: 0.6195
Run:01 Epoch: 0198 loss_train: 0.8617 loss_val: 0.6198
Run:01 Epoch: 0199 loss_train: 0.8613 loss_val: 0.6198
Run:01 Epoch: 0200 loss_train: 0.8658 loss_val: 0.6197
Run:01 Epoch: 0201 loss_train: 0.8653 loss_val: 0.6195
Run:01 Epoch: 0202 loss_train: 0.8611 loss_val: 0.6189
Run:01 Epoch: 0203 loss_train: 0.8691 loss_val: 0.6189
Run:01 Epoch: 0204 loss_train: 0.8613 loss_val: 0.6193
Run:01 Epoch: 0205 loss_train: 0.8619 loss_val: 0.6195
Run:01 Epoch: 0206 loss_train: 0.8599 loss_val: 0.6191
Run:01 Epoch: 0207 loss_train: 0.8679 loss_val: 0.6187
Run:01 Epoch: 0208 loss_train: 0.8624 loss_val: 0.6175
Run:01 Epoch: 0209 loss_train: 0.8652 loss_val: 0.6165
Run:01 Epoch: 0210 loss_train: 0.8646 loss_val: 0.6162
Run:01 Epoch: 0211 loss_train: 0.8592 loss_val: 0.6166
Run:01 Epoch: 0212 loss_train: 0.8537 loss_val: 0.6175
Run:01 Epoch: 0213 loss_train: 0.8599 loss_val: 0.6179
Run:01 Epoch: 0214 loss_train: 0.8682 loss_val: 0.6177
Run:01 Epoch: 0215 loss_train: 0.8655 loss_val: 0.6169
Run:01 Epoch: 0216 loss_train: 0.8577 loss_val: 0.6161
Run:01 Epoch: 0217 loss_train: 0.8565 loss_val: 0.6154
Run:01 Epoch: 0218 loss_train: 0.8615 loss_val: 0.6151
Run:01 Epoch: 0219 loss_train: 0.8679 loss_val: 0.6156
Run:01 Epoch: 0220 loss_train: 0.8590 loss_val: 0.6164
Run:01 Epoch: 0221 loss_train: 0.8583 loss_val: 0.6166
Run:01 Epoch: 0222 loss_train: 0.8608 loss_val: 0.6162
Run:01 Epoch: 0223 loss_train: 0.8623 loss_val: 0.6154
Run:01 Epoch: 0224 loss_train: 0.8574 loss_val: 0.6148
Run:01 Epoch: 0225 loss_train: 0.8627 loss_val: 0.6146
Run:01 Epoch: 0226 loss_train: 0.8591 loss_val: 0.6149
Run:01 Epoch: 0227 loss_train: 0.8593 loss_val: 0.6148
Run:01 Epoch: 0228 loss_train: 0.8606 loss_val: 0.6148
Run:01 Epoch: 0229 loss_train: 0.8637 loss_val: 0.6148
Run:01 Epoch: 0230 loss_train: 0.8617 loss_val: 0.6145
Run:01 Epoch: 0231 loss_train: 0.8590 loss_val: 0.6145
Run:01 Epoch: 0232 loss_train: 0.8500 loss_val: 0.6143
Run:01 Epoch: 0233 loss_train: 0.8659 loss_val: 0.6141
Run:01 Epoch: 0234 loss_train: 0.8559 loss_val: 0.6137
Run:01 Epoch: 0235 loss_train: 0.8575 loss_val: 0.6132
Run:01 Epoch: 0236 loss_train: 0.8638 loss_val: 0.6131
Run:01 Epoch: 0237 loss_train: 0.8545 loss_val: 0.6128
Run:01 Epoch: 0238 loss_train: 0.8569 loss_val: 0.6124
Run:01 Epoch: 0239 loss_train: 0.8618 loss_val: 0.6120
Run:01 Epoch: 0240 loss_train: 0.8561 loss_val: 0.6120
Run:01 Epoch: 0241 loss_train: 0.8571 loss_val: 0.6121
Run:01 Epoch: 0242 loss_train: 0.8660 loss_val: 0.6123
Run:01 Epoch: 0243 loss_train: 0.8653 loss_val: 0.6122
Run:01 Epoch: 0244 loss_train: 0.8641 loss_val: 0.6124
Run:01 Epoch: 0245 loss_train: 0.8600 loss_val: 0.6126
Run:01 Epoch: 0246 loss_train: 0.8593 loss_val: 0.6129
Run:01 Epoch: 0247 loss_train: 0.8593 loss_val: 0.6129
Run:01 Epoch: 0248 loss_train: 0.8525 loss_val: 0.6127
Run:01 Epoch: 0249 loss_train: 0.8583 loss_val: 0.6120
Run:01 Epoch: 0250 loss_train: 0.8579 loss_val: 0.6114
Run:01 Epoch: 0251 loss_train: 0.8547 loss_val: 0.6111
Run:01 Epoch: 0252 loss_train: 0.8645 loss_val: 0.6116
Run:01 Epoch: 0253 loss_train: 0.8528 loss_val: 0.6120
Run:01 Epoch: 0254 loss_train: 0.8554 loss_val: 0.6123
Run:01 Epoch: 0255 loss_train: 0.8550 loss_val: 0.6125
Run:01 Epoch: 0256 loss_train: 0.8540 loss_val: 0.6129
Run:01 Epoch: 0257 loss_train: 0.8596 loss_val: 0.6131
Run:01 Epoch: 0258 loss_train: 0.8570 loss_val: 0.6129
Run:01 Epoch: 0259 loss_train: 0.8576 loss_val: 0.6125
Run:01 Epoch: 0260 loss_train: 0.8517 loss_val: 0.6119
Run:01 Epoch: 0261 loss_train: 0.8572 loss_val: 0.6117
Run:01 Epoch: 0262 loss_train: 0.8526 loss_val: 0.6111
Run:01 Epoch: 0263 loss_train: 0.8517 loss_val: 0.6105
Run:01 Epoch: 0264 loss_train: 0.8594 loss_val: 0.6102
Run:01 Epoch: 0265 loss_train: 0.8576 loss_val: 0.6101
Run:01 Epoch: 0266 loss_train: 0.8570 loss_val: 0.6106
Run:01 Epoch: 0267 loss_train: 0.8525 loss_val: 0.6110
Run:01 Epoch: 0268 loss_train: 0.8549 loss_val: 0.6118
Run:01 Epoch: 0269 loss_train: 0.8519 loss_val: 0.6120
Run:01 Epoch: 0270 loss_train: 0.8562 loss_val: 0.6118
Run:01 Epoch: 0271 loss_train: 0.8553 loss_val: 0.6111
Run:01 Epoch: 0272 loss_train: 0.8611 loss_val: 0.6105
Run:01 Epoch: 0273 loss_train: 0.8544 loss_val: 0.6099
Run:01 Epoch: 0274 loss_train: 0.8548 loss_val: 0.6099
Run:01 Epoch: 0275 loss_train: 0.8534 loss_val: 0.6101
Run:01 Epoch: 0276 loss_train: 0.8531 loss_val: 0.6100
Run:01 Epoch: 0277 loss_train: 0.8591 loss_val: 0.6100
Run:01 Epoch: 0278 loss_train: 0.8512 loss_val: 0.6101
Run:01 Epoch: 0279 loss_train: 0.8537 loss_val: 0.6104
Run:01 Epoch: 0280 loss_train: 0.8473 loss_val: 0.6107
Run:01 Epoch: 0281 loss_train: 0.8513 loss_val: 0.6111
Run:01 Epoch: 0282 loss_train: 0.8568 loss_val: 0.6108
Run:01 Epoch: 0283 loss_train: 0.8543 loss_val: 0.6098
Run:01 Epoch: 0284 loss_train: 0.8552 loss_val: 0.6092
Run:01 Epoch: 0285 loss_train: 0.8584 loss_val: 0.6095
Run:01 Epoch: 0286 loss_train: 0.8541 loss_val: 0.6103
Run:01 Epoch: 0287 loss_train: 0.8501 loss_val: 0.6114
Run:01 Epoch: 0288 loss_train: 0.8479 loss_val: 0.6121
Run:01 Epoch: 0289 loss_train: 0.8546 loss_val: 0.6119
Run:01 Epoch: 0290 loss_train: 0.8492 loss_val: 0.6110
Run:01 Epoch: 0291 loss_train: 0.8567 loss_val: 0.6102
Run:01 Epoch: 0292 loss_train: 0.8573 loss_val: 0.6097
Run:01 Epoch: 0293 loss_train: 0.8520 loss_val: 0.6096
Run:01 Epoch: 0294 loss_train: 0.8565 loss_val: 0.6100
Run:01 Epoch: 0295 loss_train: 0.8547 loss_val: 0.6103
Run:01 Epoch: 0296 loss_train: 0.8521 loss_val: 0.6107
Run:01 Epoch: 0297 loss_train: 0.8520 loss_val: 0.6108
Run:01 Epoch: 0298 Run Train:  33%|███▎      | 1/3 [3:16:01<6:32:02, 11761.31s/it]loss_train: 0.8529 loss_val: 0.6108
Run:01 Epoch: 0299 loss_train: 0.8512 loss_val: 0.6103
Run:01 Epoch: 0300 loss_train: 0.8513 loss_val: 0.6102
Run:01 Epoch: 0301 loss_train: 0.8511 loss_val: 0.6096
Run:01 Epoch: 0302 loss_train: 0.8548 loss_val: 0.6095
Run:01 Epoch: 0303 loss_train: 0.8527 loss_val: 0.6096
Run:01 Epoch: 0304 loss_train: 0.8495 loss_val: 0.6099
Run:01 Epoch: 0305 loss_train: 0.8576 loss_val: 0.6102
Run:01 Epoch: 0306 loss_train: 0.8535 loss_val: 0.6104
Run:01 Epoch: 0307 loss_train: 0.8566 loss_val: 0.6100
Run:01 Epoch: 0308 loss_train: 0.8554 loss_val: 0.6094
Run:01 Epoch: 0309 loss_train: 0.8560 loss_val: 0.6091
Run:01 Epoch: 0310 loss_train: 0.8514 loss_val: 0.6096
Run:01 Epoch: 0311 loss_train: 0.8521 loss_val: 0.6099
Run:01 Epoch: 0312 loss_train: 0.8531 loss_val: 0.6106
Run:01 Epoch: 0313 loss_train: 0.8514 loss_val: 0.6106
Run:01 Epoch: 0314 loss_train: 0.8542 loss_val: 0.6103
Run:01 Epoch: 0315 loss_train: 0.8550 loss_val: 0.6104
Run:01 Epoch: 0316 loss_train: 0.8560 loss_val: 0.6106
Run:01 Epoch: 0317 loss_train: 0.8508 loss_val: 0.6106
Run:01 Epoch: 0318 loss_train: 0.8483 loss_val: 0.6102
Run:01 Epoch: 0319 loss_train: 0.8563 loss_val: 0.6099
Run:01 Epoch: 0320 loss_train: 0.8613 loss_val: 0.6100
Run:01 Epoch: 0321 loss_train: 0.8522 loss_val: 0.6101
Run:01 Epoch: 0322 loss_train: 0.8514 loss_val: 0.6102
Run:01 Epoch: 0323 loss_train: 0.8517 loss_val: 0.6102
Run:01 Epoch: 0324 loss_train: 0.8570 loss_val: 0.6105
Run:01 Epoch: 0325 loss_train: 0.8523 loss_val: 0.6108
Run:01 Epoch: 0326 loss_train: 0.8503 loss_val: 0.6109
Run:01 Epoch: 0327 loss_train: 0.8534 loss_val: 0.6108
Run:01 Epoch: 0328 loss_train: 0.8499 loss_val: 0.6101
Run:01 Epoch: 0329 loss_train: 0.8476 loss_val: 0.6093
Run:01 Epoch: 0330 loss_train: 0.8511 loss_val: 0.6089
Run:01 Epoch: 0331 loss_train: 0.8508 loss_val: 0.6084
Run:01 Epoch: 0332 loss_train: 0.8556 loss_val: 0.6084
Run:01 Epoch: 0333 loss_train: 0.8558 loss_val: 0.6093
Run:01 Epoch: 0334 loss_train: 0.8503 loss_val: 0.6108
Run:01 Epoch: 0335 loss_train: 0.8492 loss_val: 0.6121
Run:01 Epoch: 0336 loss_train: 0.8552 loss_val: 0.6126
Run:01 Epoch: 0337 loss_train: 0.8506 loss_val: 0.6116
Run:01 Epoch: 0338 loss_train: 0.8547 loss_val: 0.6103
Run:01 Epoch: 0339 loss_train: 0.8550 loss_val: 0.6092
Run:01 Epoch: 0340 loss_train: 0.8509 loss_val: 0.6085
Run:01 Epoch: 0341 loss_train: 0.8528 loss_val: 0.6086
Run:01 Epoch: 0342 loss_train: 0.8560 loss_val: 0.6093
Run:01 Epoch: 0343 loss_train: 0.8458 loss_val: 0.6097
Run:01 Epoch: 0344 loss_train: 0.8541 loss_val: 0.6099
Run:01 Epoch: 0345 loss_train: 0.8547 loss_val: 0.6098
Run:01 Epoch: 0346 loss_train: 0.8503 loss_val: 0.6096
Run:01 Epoch: 0347 loss_train: 0.8459 loss_val: 0.6100
Run:01 Epoch: 0348 loss_train: 0.8480 loss_val: 0.6099
Run:01 Epoch: 0349 loss_train: 0.8497 loss_val: 0.6101
Run:01 Epoch: 0350 loss_train: 0.8538 loss_val: 0.6101
Run:01 Epoch: 0351 loss_train: 0.8485 loss_val: 0.6098
Run:01 Epoch: 0352 loss_train: 0.8505 loss_val: 0.6095
Run:01 Epoch: 0353 loss_train: 0.8531 loss_val: 0.6096
Run:01 Epoch: 0354 loss_train: 0.8459 loss_val: 0.6100
Run:01 Epoch: 0355 loss_train: 0.8501 loss_val: 0.6108
Run:01 Epoch: 0356 loss_train: 0.8486 loss_val: 0.6113
Run:01 Epoch: 0357 loss_train: 0.8473 loss_val: 0.6112
Run:01 Epoch: 0358 loss_train: 0.8497 loss_val: 0.6112
Run:01 Epoch: 0359 loss_train: 0.8501 loss_val: 0.6108
Run:01 Epoch: 0360 loss_train: 0.8528 loss_val: 0.6109
Run:01 Epoch: 0361 loss_train: 0.8533 loss_val: 0.6112
Run:01 Epoch: 0362 loss_train: 0.8472 loss_val: 0.6112
Run:01 Epoch: 0363 loss_train: 0.8498 loss_val: 0.6110
Run:01 Epoch: 0364 loss_train: 0.8463 loss_val: 0.6103
Run:01 Epoch: 0365 loss_train: 0.8529 loss_val: 0.6100
Run:01 Epoch: 0366 loss_train: 0.8518 loss_val: 0.6100
Run:01 Epoch: 0367 loss_train: 0.8466 loss_val: 0.6101
Run:01 Epoch: 0368 loss_train: 0.8494 loss_val: 0.6104
Run:01 Epoch: 0369 loss_train: 0.8457 loss_val: 0.6107
Run:01 Epoch: 0370 loss_train: 0.8499 loss_val: 0.6111
Run:01 Epoch: 0371 loss_train: 0.8533 loss_val: 0.6116
Run:01 Epoch: 0372 loss_train: 0.8454 loss_val: 0.6119
Run:01 Epoch: 0373 loss_train: 0.8534 loss_val: 0.6119
Run:01 Epoch: 0374 loss_train: 0.8438 loss_val: 0.6113
Run:01 Epoch: 0375 loss_train: 0.8513 loss_val: 0.6104
Run:01 Epoch: 0376 loss_train: 0.8462 loss_val: 0.6101
Run:01 Epoch: 0377 loss_train: 0.8466 loss_val: 0.6102
Run:01 Epoch: 0378 loss_train: 0.8503 loss_val: 0.6103
Run:01 Epoch: 0379 loss_train: 0.8505 loss_val: 0.6105
Run:01 Epoch: 0380 loss_train: 0.8456 loss_val: 0.6106
Run:01 Epoch: 0381 loss_train: 0.8455 loss_val: 0.6107
Run:01 Epoch: 0382 loss_train: 0.8539 loss_val: 0.6110
Run:01 Epoch: 0383 loss_train: 0.8457 loss_val: 0.6114
Run:01 Epoch: 0384 loss_train: 0.8485 loss_val: 0.6113
Run:01 Epoch: 0385 loss_train: 0.8472 loss_val: 0.6106
Run:01 Epoch: 0386 loss_train: 0.8487 loss_val: 0.6095
Run:01 Epoch: 0387 loss_train: 0.8465 loss_val: 0.6086
Run:01 Epoch: 0388 loss_train: 0.8445 loss_val: 0.6084
Run:01 Epoch: 0389 loss_train: 0.8456 loss_val: 0.6092
Run:01 Epoch: 0390 loss_train: 0.8473 loss_val: 0.6105
Run:01 Epoch: 0391 loss_train: 0.8490 loss_val: 0.6115
Run:01 Epoch: 0392 loss_train: 0.8455 loss_val: 0.6114
Run:01 Epoch: 0393 loss_train: 0.8505 loss_val: 0.6106
Run:01 Epoch: 0394 loss_train: 0.8456 loss_val: 0.6095
Run:01 Epoch: 0395 loss_train: 0.8402 loss_val: 0.6087
Run:01 Epoch: 0396 loss_train: 0.8433 loss_val: 0.6087
Run:01 Epoch: 0397 loss_train: 0.8429 loss_val: 0.6093
Run:01 Epoch: 0398 loss_train: 0.8432 loss_val: 0.6103
Run:01 Epoch: 0399 loss_train: 0.8488 loss_val: 0.6109
Run:01 Epoch: 0400 loss_train: 0.8473 loss_val: 0.6107
Run:02 Epoch: 0001 loss_train: 1.3750 loss_val: 1.3648
Run:02 Epoch: 0002 loss_train: 1.3687 loss_val: 1.3584
Run:02 Epoch: 0003 loss_train: 1.3669 loss_val: 1.3555
Run:02 Epoch: 0004 loss_train: 1.3693 loss_val: 1.3564
Run:02 Epoch: 0005 loss_train: 1.3760 loss_val: 1.3606
Run:02 Epoch: 0006 loss_train: 1.3859 loss_val: 1.3676
Run:02 Epoch: 0007 loss_train: 1.3993 loss_val: 1.3765
Run:02 Epoch: 0008 loss_train: 1.4157 loss_val: 1.3862
Run:02 Epoch: 0009 loss_train: 1.4339 loss_val: 1.3950
Run:02 Epoch: 0010 loss_train: 1.4515 loss_val: 1.4017
Run:02 Epoch: 0011 loss_train: 1.4629 loss_val: 1.4051
Run:02 Epoch: 0012 loss_train: 1.4701 loss_val: 1.4038
Run:02 Epoch: 0013 loss_train: 1.4712 loss_val: 1.3970
Run:02 Epoch: 0014 loss_train: 1.4663 loss_val: 1.3860
Run:02 Epoch: 0015 loss_train: 1.4544 loss_val: 1.3746
Run:02 Epoch: 0016 loss_train: 1.4415 loss_val: 1.3655
Run:02 Epoch: 0017 loss_train: 1.4323 loss_val: 1.3589
Run:02 Epoch: 0018 loss_train: 1.4263 loss_val: 1.3536
Run:02 Epoch: 0019 loss_train: 1.4214 loss_val: 1.3481
Run:02 Epoch: 0020 loss_train: 1.4166 loss_val: 1.3405
Run:02 Epoch: 0021 loss_train: 1.4084 loss_val: 1.3297
Run:02 Epoch: 0022 loss_train: 1.3964 loss_val: 1.3163
Run:02 Epoch: 0023 loss_train: 1.3823 loss_val: 1.3012
Run:02 Epoch: 0024 loss_train: 1.3639 loss_val: 1.2855
Run:02 Epoch: 0025 loss_train: 1.3471 loss_val: 1.2700
Run:02 Epoch: 0026 loss_train: 1.3290 loss_val: 1.2547
Run:02 Epoch: 0027 loss_train: 1.3140 loss_val: 1.2393
Run:02 Epoch: 0028 loss_train: 1.2998 loss_val: 1.2229
Run:02 Epoch: 0029 loss_train: 1.2846 loss_val: 1.2051
Run:02 Epoch: 0030 loss_train: 1.2681 loss_val: 1.1849
Run:02 Epoch: 0031 loss_train: 1.2506 loss_val: 1.1633
Run:02 Epoch: 0032 loss_train: 1.2316 loss_val: 1.1409
Run:02 Epoch: 0033 loss_train: 1.2139 loss_val: 1.1183
Run:02 Epoch: 0034 loss_train: 1.1957 loss_val: 1.0967
Run:02 Epoch: 0035 loss_train: 1.1821 loss_val: 1.0773
Run:02 Epoch: 0036 loss_train: 1.1697 loss_val: 1.0600
Run:02 Epoch: 0037 loss_train: 1.1599 loss_val: 1.0424
Run:02 Epoch: 0038 loss_train: 1.1517 loss_val: 1.0234
Run:02 Epoch: 0039 loss_train: 1.1403 loss_val: 1.0041
Run:02 Epoch: 0040 loss_train: 1.1300 loss_val: 0.9858
Run:02 Epoch: 0041 loss_train: 1.1207 loss_val: 0.9686
Run:02 Epoch: 0042 loss_train: 1.1140 loss_val: 0.9533
Run:02 Epoch: 0043 loss_train: 1.1085 loss_val: 0.9393
Run:02 Epoch: 0044 loss_train: 1.0992 loss_val: 0.9247
Run:02 Epoch: 0045 loss_train: 1.0898 loss_val: 0.9092
Run:02 Epoch: 0046 loss_train: 1.0843 loss_val: 0.8942
Run:02 Epoch: 0047 loss_train: 1.0745 loss_val: 0.8815
Run:02 Epoch: 0048 loss_train: 1.0695 loss_val: 0.8710
Run:02 Epoch: 0049 loss_train: 1.0642 loss_val: 0.8614
Run:02 Epoch: 0050 loss_train: 1.0580 loss_val: 0.8516
Run:02 Epoch: 0051 loss_train: 1.0522 loss_val: 0.8415
Run:02 Epoch: 0052 loss_train: 1.0474 loss_val: 0.8312
Run:02 Epoch: 0053 loss_train: 1.0377 loss_val: 0.8219
Run:02 Epoch: 0054 loss_train: 1.0279 loss_val: 0.8139
Run:02 Epoch: 0055 loss_train: 1.0270 loss_val: 0.8073
Run:02 Epoch: 0056 loss_train: 1.0200 loss_val: 0.8011
Run:02 Epoch: 0057 loss_train: 1.0158 loss_val: 0.7945
Run:02 Epoch: 0058 loss_train: 1.0120 loss_val: 0.7874
Run:02 Epoch: 0059 loss_train: 1.0080 loss_val: 0.7805
Run:02 Epoch: 0060 loss_train: 0.9994 loss_val: 0.7738
Run:02 Epoch: 0061 loss_train: 0.9977 loss_val: 0.7680
Run:02 Epoch: 0062 loss_train: 0.9865 loss_val: 0.7625
Run:02 Epoch: 0063 loss_train: 0.9891 loss_val: 0.7573
Run:02 Epoch: 0064 loss_train: 0.9885 loss_val: 0.7523
Run:02 Epoch: 0065 loss_train: 0.9811 loss_val: 0.7475
Run:02 Epoch: 0066 loss_train: 0.9817 loss_val: 0.7430
Run:02 Epoch: 0067 loss_train: 0.9817 loss_val: 0.7389
Run:02 Epoch: 0068 loss_train: 0.9712 loss_val: 0.7350
Run:02 Epoch: 0069 loss_train: 0.9669 loss_val: 0.7313
Run:02 Epoch: 0070 loss_train: 0.9653 loss_val: 0.7277
Run:02 Epoch: 0071 loss_train: 0.9653 loss_val: 0.7241
Run:02 Epoch: 0072 loss_train: 0.9642 loss_val: 0.7207
Run:02 Epoch: 0073 loss_train: 0.9611 loss_val: 0.7177
Run:02 Epoch: 0074 loss_train: 0.9591 loss_val: 0.7151
Run:02 Epoch: 0075 loss_train: 0.9595 loss_val: 0.7127
Run:02 Epoch: 0076 loss_train: 0.9535 loss_val: 0.7106
Run:02 Epoch: 0077 loss_train: 0.9527 loss_val: 0.7088
Run:02 Epoch: 0078 loss_train: 0.9555 loss_val: 0.7067
Run:02 Epoch: 0079 loss_train: 0.9528 loss_val: 0.7045
Run:02 Epoch: 0080 loss_train: 0.9461 loss_val: 0.7022
Run:02 Epoch: 0081 loss_train: 0.9501 loss_val: 0.7000
Run:02 Epoch: 0082 loss_train: 0.9428 loss_val: 0.6979
Run:02 Epoch: 0083 loss_train: 0.9436 loss_val: 0.6964
Run:02 Epoch: 0084 loss_train: 0.9465 loss_val: 0.6958
Run:02 Epoch: 0085 loss_train: 0.9389 loss_val: 0.6950
Run:02 Epoch: 0086 loss_train: 0.9351 loss_val: 0.6935
Run:02 Epoch: 0087 loss_train: 0.9404 loss_val: 0.6913
Run:02 Epoch: 0088 loss_train: 0.9380 loss_val: 0.6890
Run:02 Epoch: 0089 loss_train: 0.9391 loss_val: 0.6873
Run:02 Epoch: 0090 loss_train: 0.9323 loss_val: 0.6864
Run:02 Epoch: 0091 loss_train: 0.9310 loss_val: 0.6860
Run:02 Epoch: 0092 loss_train: 0.9336 loss_val: 0.6858
Run:02 Epoch: 0093 loss_train: 0.9358 loss_val: 0.6849
Run:02 Epoch: 0094 loss_train: 0.9322 loss_val: 0.6831
Run:02 Epoch: 0095 loss_train: 0.9340 loss_val: 0.6812
Run:02 Epoch: 0096 loss_train: 0.9297 loss_val: 0.6793
Run:02 Epoch: 0097 loss_train: 0.9272 loss_val: 0.6786
Run:02 Epoch: 0098 loss_train: 0.9319 loss_val: 0.6782
Run:02 Epoch: 0099 loss_train: 0.9258 loss_val: 0.6780
Run:02 Epoch: 0100 loss_train: 0.9271 loss_val: 0.6776
Run:02 Epoch: 0101 loss_train: 0.9255 loss_val: 0.6764
Run:02 Epoch: 0102 loss_train: 0.9295 loss_val: 0.6749
Run:02 Epoch: 0103 loss_train: 0.9219 loss_val: 0.6738
Run:02 Epoch: 0104 loss_train: 0.9229 loss_val: 0.6729
Run:02 Epoch: 0105 loss_train: 0.9209 loss_val: 0.6723
Run:02 Epoch: 0106 loss_train: 0.9206 loss_val: 0.6716
Run:02 Epoch: 0107 loss_train: 0.9202 loss_val: 0.6712
Run:02 Epoch: 0108 loss_train: 0.9197 loss_val: 0.6707
Run:02 Epoch: 0109 loss_train: 0.9143 loss_val: 0.6699
Run:02 Epoch: 0110 loss_train: 0.9219 loss_val: 0.6691
Run:02 Epoch: 0111 loss_train: 0.9195 loss_val: 0.6681
Run:02 Epoch: 0112 loss_train: 0.9198 loss_val: 0.6670
Run:02 Epoch: 0113 loss_train: 0.9185 loss_val: 0.6660
Run:02 Epoch: 0114 loss_train: 0.9176 loss_val: 0.6656
Run:02 Epoch: 0115 loss_train: 0.9179 loss_val: 0.6654
Run:02 Epoch: 0116 loss_train: 0.9214 loss_val: 0.6651
Run:02 Epoch: 0117 loss_train: 0.9107 loss_val: 0.6648
Run:02 Epoch: 0118 loss_train: 0.9182 loss_val: 0.6644
Run:02 Epoch: 0119 loss_train: 0.9121 loss_val: 0.6637
Run:02 Epoch: 0120 loss_train: 0.9146 loss_val: 0.6629
Run:02 Epoch: 0121 loss_train: 0.9115 loss_val: 0.6619
Run:02 Epoch: 0122 loss_train: 0.9024 loss_val: 0.6612
Run:02 Epoch: 0123 loss_train: 0.9060 loss_val: 0.6602
Run:02 Epoch: 0124 loss_train: 0.9102 loss_val: 0.6590
Run:02 Epoch: 0125 loss_train: 0.9077 loss_val: 0.6581
Run:02 Epoch: 0126 loss_train: 0.9158 loss_val: 0.6576
Run:02 Epoch: 0127 loss_train: 0.9066 loss_val: 0.6575
Run:02 Epoch: 0128 loss_train: 0.9074 loss_val: 0.6576
Run:02 Epoch: 0129 loss_train: 0.9130 loss_val: 0.6578
Run:02 Epoch: 0130 loss_train: 0.9137 loss_val: 0.6575
Run:02 Epoch: 0131 loss_train: 0.9055 loss_val: 0.6565
Run:02 Epoch: 0132 loss_train: 0.9054 loss_val: 0.6552
Run:02 Epoch: 0133 loss_train: 0.9079 loss_val: 0.6546
Run:02 Epoch: 0134 loss_train: 0.9129 loss_val: 0.6543
Run:02 Epoch: 0135 loss_train: 0.9084 loss_val: 0.6546
Run:02 Epoch: 0136 loss_train: 0.9037 loss_val: 0.6545
Run:02 Epoch: 0137 loss_train: 0.9060 loss_val: 0.6536
Run:02 Epoch: 0138 loss_train: 0.9084 loss_val: 0.6525
Run:02 Epoch: 0139 loss_train: 0.9049 loss_val: 0.6517
Run:02 Epoch: 0140 loss_train: 0.9057 loss_val: 0.6514
Run:02 Epoch: 0141 loss_train: 0.9048 loss_val: 0.6512
Run:02 Epoch: 0142 loss_train: 0.9038 loss_val: 0.6509
Run:02 Epoch: 0143 loss_train: 0.8976 loss_val: 0.6508
Run:02 Epoch: 0144 loss_train: 0.9029 loss_val: 0.6508
Run:02 Epoch: 0145 loss_train: 0.9006 loss_val: 0.6503
Run:02 Epoch: 0146 loss_train: 0.9034 loss_val: 0.6499
Run:02 Epoch: 0147 loss_train: 0.9066 loss_val: 0.6493
Run:02 Epoch: 0148 loss_train: 0.9022 loss_val: 0.6490
Run:02 Epoch: 0149 loss_train: 0.8943 loss_val: 0.6489
Run:02 Epoch: 0150 loss_train: 0.9001 loss_val: 0.6488
Run:02 Epoch: 0151 loss_train: 0.8995 loss_val: 0.6484
Run:02 Epoch: 0152 loss_train: 0.9014 loss_val: 0.6477
Run:02 Epoch: 0153 loss_train: 0.8996 loss_val: 0.6468
Run:02 Epoch: 0154 loss_train: 0.8992 loss_val: 0.6460
Run:02 Epoch: 0155 loss_train: 0.8932 loss_val: 0.6452
Run:02 Epoch: 0156 loss_train: 0.8987 loss_val: 0.6449
Run:02 Epoch: 0157 loss_train: 0.9008 loss_val: 0.6449
Run:02 Epoch: 0158 loss_train: 0.9036 loss_val: 0.6450
Run:02 Epoch: 0159 loss_train: 0.8986 loss_val: 0.6448
Run:02 Epoch: 0160 loss_train: 0.8968 loss_val: 0.6441
Run:02 Epoch: 0161 loss_train: 0.8966 loss_val: 0.6433
Run:02 Epoch: 0162 loss_train: 0.8938 loss_val: 0.6425
Run:02 Epoch: 0163 loss_train: 0.8987 loss_val: 0.6424
Run:02 Epoch: 0164 loss_train: 0.8976 loss_val: 0.6423
Run:02 Epoch: 0165 loss_train: 0.8966 loss_val: 0.6423
Run:02 Epoch: 0166 loss_train: 0.8963 loss_val: 0.6425
Run:02 Epoch: 0167 loss_train: 0.9018 loss_val: 0.6424
Run:02 Epoch: 0168 loss_train: 0.8964 loss_val: 0.6420
Run:02 Epoch: 0169 loss_train: 0.9013 loss_val: 0.6410
Run:02 Epoch: 0170 loss_train: 0.8953 loss_val: 0.6399
Run:02 Epoch: 0171 loss_train: 0.8993 loss_val: 0.6396
Run:02 Epoch: 0172 loss_train: 0.8961 loss_val: 0.6396
Run:02 Epoch: 0173 loss_train: 0.8960 loss_val: 0.6399
Run:02 Epoch: 0174 loss_train: 0.8955 loss_val: 0.6402
Run:02 Epoch: 0175 loss_train: 0.8943 loss_val: 0.6399
Run:02 Epoch: 0176 loss_train: 0.8927 loss_val: 0.6387
Run:02 Epoch: 0177 loss_train: 0.8978 loss_val: 0.6373
Run:02 Epoch: 0178 loss_train: 0.8944 loss_val: 0.6366
Run:02 Epoch: 0179 loss_train: 0.8957 loss_val: 0.6370
Run:02 Epoch: 0180 loss_train: 0.8885 loss_val: 0.6381
Run:02 Epoch: 0181 loss_train: 0.8879 loss_val: 0.6383
Run:02 Epoch: 0182 loss_train: 0.8930 loss_val: 0.6374
Run:02 Epoch: 0183 loss_train: 0.8965 loss_val: 0.6360
Run:02 Epoch: 0184 loss_train: 0.8882 loss_val: 0.6351
Run:02 Epoch: 0185 loss_train: 0.8878 loss_val: 0.6346
Run:02 Epoch: 0186 loss_train: 0.8886 loss_val: 0.6345
Run:02 Epoch: 0187 loss_train: 0.8910 loss_val: 0.6346
Run:02 Epoch: 0188 loss_train: 0.8915 loss_val: 0.6343
Run:02 Epoch: 0189 loss_train: 0.8894 loss_val: 0.6334
Run:02 Epoch: 0190 loss_train: 0.8913 loss_val: 0.6324
Run:02 Epoch: 0191 loss_train: 0.8936 loss_val: 0.6321
Run:02 Epoch: 0192 loss_train: 0.8887 loss_val: 0.6319
Run:02 Epoch: 0193 loss_train: 0.8948 loss_val: 0.6320
Run:02 Epoch: 0194 loss_train: 0.8874 loss_val: 0.6324
Run:02 Epoch: 0195 loss_train: 0.8889 loss_val: 0.6318
Run:02 Epoch: 0196 loss_train: 0.8870 loss_val: 0.6305
Run:02 Epoch: 0197 loss_train: 0.8909 loss_val: 0.6291
Run:02 Epoch: 0198 loss_train: 0.8856 loss_val: 0.6281
Run:02 Epoch: 0199 loss_train: 0.8836 loss_val: 0.6278
Run:02 Epoch: 0200 loss_train: 0.8886 loss_val: 0.6277
Run:02 Epoch: 0201 loss_train: 0.8934 loss_val: 0.6276
Run:02 Epoch: 0202 loss_train: 0.8834 loss_val: 0.6269
Run:02 Epoch: 0203 loss_train: 0.8859 loss_val: 0.6260
Run:02 Epoch: 0204 loss_train: 0.8840 loss_val: 0.6252
Run:02 Epoch: 0205 loss_train: 0.8855 loss_val: 0.6247
Run:02 Epoch: 0206 loss_train: 0.8844 loss_val: 0.6244
Run:02 Epoch: 0207 loss_train: 0.8852 loss_val: 0.6238
Run:02 Epoch: 0208 loss_train: 0.8851 loss_val: 0.6230
Run:02 Epoch: 0209 loss_train: 0.8822 loss_val: 0.6225
Run:02 Epoch: 0210 loss_train: 0.8851 loss_val: 0.6227
Run:02 Epoch: 0211 loss_train: 0.8843 loss_val: 0.6224
Run:02 Epoch: 0212 loss_train: 0.8825 loss_val: 0.6218
Run:02 Epoch: 0213 loss_train: 0.8859 loss_val: 0.6208
Run:02 Epoch: 0214 loss_train: 0.8750 loss_val: 0.6200
Run:02 Epoch: 0215 loss_train: 0.8890 loss_val: 0.6198
Run:02 Epoch: 0216 loss_train: 0.8815 loss_val: 0.6204
Run:02 Epoch: 0217 loss_train: 0.8801 loss_val: 0.6206
Run:02 Epoch: 0218 loss_train: 0.8807 loss_val: 0.6196
Run:02 Epoch: 0219 loss_train: 0.8792 loss_val: 0.6185
Run:02 Epoch: 0220 loss_train: 0.8841 loss_val: 0.6180
Run:02 Epoch: 0221 loss_train: 0.8797 loss_val: 0.6180
Run:02 Epoch: 0222 loss_train: 0.8784 loss_val: 0.6185
Run:02 Epoch: 0223 loss_train: 0.8794 loss_val: 0.6183
Run:02 Epoch: 0224 loss_train: 0.8790 loss_val: 0.6173
Run:02 Epoch: 0225 loss_train: 0.8821 loss_val: 0.6160
Run:02 Epoch: 0226 loss_train: 0.8738 loss_val: 0.6148
Run:02 Epoch: 0227 loss_train: 0.8784 loss_val: 0.6147
Run:02 Epoch: 0228 loss_train: 0.8787 loss_val: 0.6154
Run:02 Epoch: 0229 loss_train: 0.8737 loss_val: 0.6162
Run:02 Epoch: 0230 loss_train: 0.8825 loss_val: 0.6157
Run:02 Epoch: 0231 loss_train: 0.8770 loss_val: 0.6143
Run:02 Epoch: 0232 loss_train: 0.8802 loss_val: 0.6130
Run:02 Epoch: 0233 loss_train: 0.8773 loss_val: 0.6125
Run:02 Epoch: 0234 loss_train: 0.8763 loss_val: 0.6130
Run:02 Epoch: 0235 loss_train: 0.8747 loss_val: 0.6131
Run:02 Epoch: 0236 loss_train: 0.8724 loss_val: 0.6131
Run:02 Epoch: 0237 loss_train: 0.8757 loss_val: 0.6128
Run:02 Epoch: 0238 loss_train: 0.8782 loss_val: 0.6121
Run:02 Epoch: 0239 loss_train: 0.8743 loss_val: 0.6113
Run:02 Epoch: 0240 loss_train: 0.8748 loss_val: 0.6111
Run:02 Epoch: 0241 loss_train: 0.8771 loss_val: 0.6111
Run:02 Epoch: 0242 loss_train: 0.8788 loss_val: 0.6112
Run:02 Epoch: 0243 loss_train: 0.8768 loss_val: 0.6113
Run:02 Epoch: 0244 loss_train: 0.8738 loss_val: 0.6110
Run:02 Epoch: 0245 loss_train: 0.8750 loss_val: 0.6111
Run:02 Epoch: 0246 loss_train: 0.8726 loss_val: 0.6109
Run:02 Epoch: 0247 loss_train: 0.8761 loss_val: 0.6106
Run:02 Epoch: 0248 loss_train: 0.8749 loss_val: 0.6104
Run:02 Epoch: 0249 loss_train: 0.8784 loss_val: 0.6103
Run:02 Epoch: 0250 loss_train: 0.8685 loss_val: 0.6100
Run:02 Epoch: 0251 loss_train: 0.8758 loss_val: 0.6096
Run:02 Epoch: 0252 loss_train: 0.8739 loss_val: 0.6090
Run:02 Epoch: 0253 loss_train: 0.8692 loss_val: 0.6083
Run:02 Epoch: 0254 loss_train: 0.8729 loss_val: 0.6080
Run:02 Epoch: 0255 loss_train: 0.8750 loss_val: 0.6079
Run:02 Epoch: 0256 loss_train: 0.8767 loss_val: 0.6082
Run:02 Epoch: 0257 loss_train: 0.8721 loss_val: 0.6087
Run:02 Epoch: 0258 loss_train: 0.8707 loss_val: 0.6088
Run:02 Epoch: 0259 loss_train: 0.8699 loss_val: 0.6088
Run:02 Epoch: 0260 loss_train: 0.8669 loss_val: 0.6087
Run:02 Epoch: 0261 loss_train: 0.8767 loss_val: 0.6081
Run:02 Epoch: 0262 loss_train: 0.8720 loss_val: 0.6076
Run:02 Epoch: 0263 loss_train: 0.8754 loss_val: 0.6073
Run:02 Epoch: 0264 loss_train: 0.8660 loss_val: 0.6077
Run:02 Epoch: 0265 loss_train: 0.8714 loss_val: 0.6080
Run:02 Epoch: 0266 loss_train: 0.8724 loss_val: 0.6083
Run:02 Epoch: 0267 loss_train: 0.8698 loss_val: 0.6083
Run:02 Epoch: 0268 loss_train: 0.8704 loss_val: 0.6080
Run:02 Epoch: 0269 loss_train: 0.8706 loss_val: 0.6078
Run:02 Epoch: 0270 loss_train: 0.8670 loss_val: 0.6074
Run:02 Epoch: 0271 loss_train: 0.8729 loss_val: 0.6072
Run:02 Epoch: 0272 loss_train: 0.8729 loss_val: 0.6071
Run:02 Epoch: 0273 loss_train: 0.8680 loss_val: 0.6070
Run:02 Epoch: 0274 loss_train: 0.8708 loss_val: 0.6070
Run:02 Epoch: 0275 loss_train: 0.8700 loss_val: 0.6072
Run:02 Epoch: 0276 loss_train: 0.8690 loss_val: 0.6074
Run:02 Epoch: 0277 loss_train: 0.8695 loss_val: 0.6077
Run:02 Epoch: 0278 loss_train: 0.8672 loss_val: 0.6075
Run:02 Epoch: 0279 loss_train: 0.8722 loss_val: 0.6069
Run:02 Epoch: 0280 loss_train: 0.8650 loss_val: 0.6062
Run:02 Epoch: 0281 loss_train: 0.8747 loss_val: 0.6060
Run:02 Epoch: 0282 loss_train: 0.8677 loss_val: 0.6059
Run:02 Epoch: 0283 loss_train: 0.8692 loss_val: 0.6058
Run:02 Epoch: 0284 loss_train: 0.8677 loss_val: 0.6056
Run:02 Epoch: 0285 loss_train: 0.8691 loss_val: 0.6059
Run:02 Epoch: 0286 loss_train: 0.8743 loss_val: 0.6067
Run:02 Epoch: 0287 loss_train: 0.8685 loss_val: 0.6072
Run:02 Epoch: 0288 loss_train: 0.8713 loss_val: 0.6071
Run:02 Epoch: 0289 loss_train: 0.8758 loss_val: 0.6067
Run:02 Epoch: 0290 loss_train: 0.8731 loss_val: 0.6063
Run:02 Epoch: 0291 loss_train: 0.8711 loss_val: 0.6055
Run:02 Epoch: 0292 loss_train: 0.8719 loss_val: 0.6051
Run:02 Epoch: 0293 loss_train: 0.8723 loss_val: 0.6055
Run:02 Epoch: 0294 loss_train: 0.8668 loss_val: 0.6060
Run:02 Epoch: 0295 loss_train: 0.8707 loss_val: 0.6060
Run:02 Epoch: 0296 loss_train: 0.8652 loss_val: 0.6056
Run:02 Epoch: 0297 loss_train: 0.8634 loss_val: 0.6055
Run:02 Epoch: 0298 loss_train: 0.8689 loss_val: 0.6053
Run:02 Epoch: 0299 loss_train: 0.8696 loss_val: 0.6057
Run:02 Epoch: 0300 loss_train: 0.8718 loss_val: 0.6064
Run:02 Epoch: 0301 loss_train: 0.8696 loss_val: 0.6072
Run:02 Epoch: 0302 loss_train: 0.8633 loss_val: 0.6073
Run:02 Epoch: 0303 loss_train: 0.8713 loss_val: 0.6069
Run:02 Epoch: 0304 loss_train: 0.8692 loss_val: 0.6055
Run:02 Epoch: 0305 loss_train: 0.8681 loss_val: 0.6046
Run:02 Epoch: 0306 loss_train: 0.8684 loss_val: 0.6045
Run:02 Epoch: 0307 loss_train: 0.8646 loss_val: 0.6049
Run:02 Epoch: 0308 loss_train: 0.8736 loss_val: 0.6053
Run:02 Epoch: 0309 loss_train: 0.8675 loss_val: 0.6061
Run:02 Epoch: 0310 loss_train: 0.8702 loss_val: 0.6066
Run:02 Epoch: 0311 loss_train: 0.8691 loss_val: 0.6066
Run:02 Epoch: 0312 loss_train: 0.8675 loss_val: 0.6059
Run:02 Epoch: 0313 loss_train: 0.8699 loss_val: 0.6050
Run:02 Epoch: 0314 loss_train: 0.8716 loss_val: 0.6043
Run:02 Epoch: 0315 loss_train: 0.8726 loss_val: 0.6044
Run:02 Epoch: 0316 loss_train: 0.8662 loss_val: 0.6050
Run:02 Epoch: 0317 loss_train: 0.8689 loss_val: 0.6057
Run:02 Epoch: 0318 loss_train: 0.8700 loss_val: 0.6063
Run:02 Epoch: 0319 loss_train: 0.8629 loss_val: 0.6064
Run:02 Epoch: 0320 loss_train: 0.8684 loss_val: 0.6055
Run:02 Epoch: 0321 loss_train: 0.8657 loss_val: 0.6045
Run:02 Epoch: 0322 loss_train: 0.8685 loss_val: 0.6037
Run:02 Epoch: 0323 loss_train: 0.8658 loss_val: 0.6034
Run:02 Epoch: 0324 loss_train: 0.8676 loss_val: 0.6038
Run:02 Epoch: 0325 loss_train: 0.8692 loss_val: 0.6046
Run:02 Epoch: 0326 loss_train: 0.8710 loss_val: 0.6052
Run:02 Epoch: 0327 loss_train: 0.8663 loss_val: 0.6051
Run:02 Epoch: 0328 loss_train: 0.8669 loss_val: 0.6048
Run:02 Epoch: 0329 loss_train: 0.8652 loss_val: 0.6048
Run:02 Epoch: 0330 loss_train: 0.8679 loss_val: 0.6049
Run:02 Epoch: 0331 loss_train: 0.8688 loss_val: 0.6048
Run:02 Epoch: 0332 loss_train: 0.8652 loss_val: 0.6046
Run:02 Epoch: 0333 loss_train: 0.8644 loss_val: 0.6041
Run:02 Epoch: 0334 loss_train: 0.8674 loss_val: 0.6037
Run:02 Epoch: 0335 loss_train: 0.8702 loss_val: 0.6034
Run:02 Epoch: 0336 loss_train: 0.8613 loss_val: 0.6036
Run:02 Epoch: 0337 loss_train: 0.8658 loss_val: 0.6046
Run:02 Epoch: 0338 loss_train: 0.8658 loss_val: 0.6056
Run:02 Epoch: 0339 loss_train: 0.8658 loss_val: 0.6062
Run:02 Epoch: 0340 loss_train: 0.8741 loss_val: 0.6058
Run:02 Epoch: 0341 loss_train: 0.8688 loss_val: 0.6049
Run:02 Epoch: 0342 loss_train: 0.8669 loss_val: 0.6044
Run:02 Epoch: 0343 loss_train: 0.8660 loss_val: 0.6043
Run:02 Epoch: 0344 loss_train: 0.8678 Run Train:  67%|██████▋   | 2/3 [5:48:28<2:50:23, 10223.68s/it]loss_val: 0.6045
Run:02 Epoch: 0345 loss_train: 0.8643 loss_val: 0.6052
Run:02 Epoch: 0346 loss_train: 0.8663 loss_val: 0.6057
Run:02 Epoch: 0347 loss_train: 0.8683 loss_val: 0.6055
Run:02 Epoch: 0348 loss_train: 0.8612 loss_val: 0.6050
Run:02 Epoch: 0349 loss_train: 0.8613 loss_val: 0.6047
Run:02 Epoch: 0350 loss_train: 0.8681 loss_val: 0.6048
Run:02 Epoch: 0351 loss_train: 0.8633 loss_val: 0.6056
Run:02 Epoch: 0352 loss_train: 0.8673 loss_val: 0.6058
Run:02 Epoch: 0353 loss_train: 0.8691 loss_val: 0.6055
Run:02 Epoch: 0354 loss_train: 0.8628 loss_val: 0.6046
Run:02 Epoch: 0355 loss_train: 0.8608 loss_val: 0.6040
Run:02 Epoch: 0356 loss_train: 0.8590 loss_val: 0.6034
Run:02 Epoch: 0357 loss_train: 0.8648 loss_val: 0.6038
Run:02 Epoch: 0358 loss_train: 0.8665 loss_val: 0.6050
Run:02 Epoch: 0359 loss_train: 0.8639 loss_val: 0.6059
Run:02 Epoch: 0360 loss_train: 0.8629 loss_val: 0.6058
Run:02 Epoch: 0361 loss_train: 0.8639 loss_val: 0.6053
Run:02 Epoch: 0362 loss_train: 0.8648 loss_val: 0.6043
Run:02 Epoch: 0363 loss_train: 0.8642 loss_val: 0.6037
Run:02 Epoch: 0364 loss_train: 0.8621 loss_val: 0.6033
Run:02 Epoch: 0365 loss_train: 0.8666 loss_val: 0.6037
Run:02 Epoch: 0366 loss_train: 0.8646 loss_val: 0.6046
Run:02 Epoch: 0367 loss_train: 0.8601 loss_val: 0.6050
Run:02 Epoch: 0368 loss_train: 0.8618 loss_val: 0.6050
Run:02 Epoch: 0369 loss_train: 0.8671 loss_val: 0.6053
Run:02 Epoch: 0370 loss_train: 0.8614 loss_val: 0.6053
Run:02 Epoch: 0371 loss_train: 0.8573 loss_val: 0.6048
Run:02 Epoch: 0372 loss_train: 0.8586 loss_val: 0.6039
Run:02 Epoch: 0373 loss_train: 0.8631 loss_val: 0.6037
Run:02 Epoch: 0374 loss_train: 0.8638 loss_val: 0.6032
Run:02 Epoch: 0375 loss_train: 0.8601 loss_val: 0.6028
Run:02 Epoch: 0376 loss_train: 0.8598 loss_val: 0.6032
Run:02 Epoch: 0377 loss_train: 0.8608 loss_val: 0.6037
Run:02 Epoch: 0378 loss_train: 0.8580 loss_val: 0.6041
Run:02 Epoch: 0379 loss_train: 0.8614 loss_val: 0.6045
Run:02 Epoch: 0380 loss_train: 0.8630 loss_val: 0.6047
Run:02 Epoch: 0381 loss_train: 0.8570 loss_val: 0.6048
Run:02 Epoch: 0382 loss_train: 0.8668 loss_val: 0.6044
Run:02 Epoch: 0383 loss_train: 0.8623 loss_val: 0.6041
Run:02 Epoch: 0384 loss_train: 0.8642 loss_val: 0.6035
Run:02 Epoch: 0385 loss_train: 0.8630 loss_val: 0.6030
Run:02 Epoch: 0386 loss_train: 0.8568 loss_val: 0.6030
Run:02 Epoch: 0387 loss_train: 0.8602 loss_val: 0.6031
Run:02 Epoch: 0388 loss_train: 0.8616 loss_val: 0.6032
Run:02 Epoch: 0389 loss_train: 0.8590 loss_val: 0.6032
Run:02 Epoch: 0390 loss_train: 0.8607 loss_val: 0.6036
Run:02 Epoch: 0391 loss_train: 0.8618 loss_val: 0.6038
Run:02 Epoch: 0392 loss_train: 0.8614 loss_val: 0.6046
Run:02 Epoch: 0393 loss_train: 0.8574 loss_val: 0.6053
Run:02 Epoch: 0394 loss_train: 0.8587 loss_val: 0.6057
Run:02 Epoch: 0395 loss_train: 0.8596 loss_val: 0.6053
Run:02 Epoch: 0396 loss_train: 0.8568 loss_val: 0.6045
Run:02 Epoch: 0397 loss_train: 0.8607 loss_val: 0.6040
Run:02 Epoch: 0398 loss_train: 0.8583 loss_val: 0.6036
Run:02 Epoch: 0399 loss_train: 0.8592 loss_val: 0.6030
Run:02 Epoch: 0400 loss_train: 0.8604 loss_val: 0.6030
Run:03 Epoch: 0001 loss_train: 1.4074 loss_val: 1.3916
Run:03 Epoch: 0002 loss_train: 1.3951 loss_val: 1.3816
Run:03 Epoch: 0003 loss_train: 1.3849 loss_val: 1.3721
Run:03 Epoch: 0004 loss_train: 1.3767 loss_val: 1.3636
Run:03 Epoch: 0005 loss_train: 1.3712 loss_val: 1.3573
Run:03 Epoch: 0006 loss_train: 1.3698 loss_val: 1.3543
Run:03 Epoch: 0007 loss_train: 1.3712 loss_val: 1.3544
Run:03 Epoch: 0008 loss_train: 1.3755 loss_val: 1.3582
Run:03 Epoch: 0009 loss_train: 1.3832 loss_val: 1.3656
Run:03 Epoch: 0010 loss_train: 1.3967 loss_val: 1.3754
Run:03 Epoch: 0011 loss_train: 1.4153 loss_val: 1.3864
Run:03 Epoch: 0012 loss_train: 1.4378 loss_val: 1.3971
Run:03 Epoch: 0013 loss_train: 1.4576 loss_val: 1.4043
Run:03 Epoch: 0014 loss_train: 1.4714 loss_val: 1.4039
Run:03 Epoch: 0015 loss_train: 1.4743 loss_val: 1.3957
Run:03 Epoch: 0016 loss_train: 1.4673 loss_val: 1.3822
Run:03 Epoch: 0017 loss_train: 1.4535 loss_val: 1.3668
Run:03 Epoch: 0018 loss_train: 1.4369 loss_val: 1.3527
Run:03 Epoch: 0019 loss_train: 1.4198 loss_val: 1.3414
Run:03 Epoch: 0020 loss_train: 1.4075 loss_val: 1.3323
Run:03 Epoch: 0021 loss_train: 1.3964 loss_val: 1.3246
Run:03 Epoch: 0022 loss_train: 1.3873 loss_val: 1.3180
Run:03 Epoch: 0023 loss_train: 1.3838 loss_val: 1.3116
Run:03 Epoch: 0024 loss_train: 1.3782 loss_val: 1.3046
Run:03 Epoch: 0025 loss_train: 1.3737 loss_val: 1.2957
Run:03 Epoch: 0026 loss_train: 1.3646 loss_val: 1.2839
Run:03 Epoch: 0027 loss_train: 1.3527 loss_val: 1.2687
Run:03 Epoch: 0028 loss_train: 1.3364 loss_val: 1.2504
Run:03 Epoch: 0029 loss_train: 1.3164 loss_val: 1.2297
Run:03 Epoch: 0030 loss_train: 1.2945 loss_val: 1.2078
Run:03 Epoch: 0031 loss_train: 1.2741 loss_val: 1.1864
Run:03 Epoch: 0032 loss_train: 1.2557 loss_val: 1.1665
Run:03 Epoch: 0033 loss_train: 1.2405 loss_val: 1.1490
Run:03 Epoch: 0034 loss_train: 1.2303 loss_val: 1.1336
Run:03 Epoch: 0035 loss_train: 1.2241 loss_val: 1.1188
Run:03 Epoch: 0036 loss_train: 1.2157 loss_val: 1.1039
Run:03 Epoch: 0037 loss_train: 1.2075 loss_val: 1.0883
Run:03 Epoch: 0038 loss_train: 1.1974 loss_val: 1.0720
Run:03 Epoch: 0039 loss_train: 1.1866 loss_val: 1.0551
Run:03 Epoch: 0040 loss_train: 1.1739 loss_val: 1.0379
Run:03 Epoch: 0041 loss_train: 1.1615 loss_val: 1.0216
Run:03 Epoch: 0042 loss_train: 1.1552 loss_val: 1.0067
Run:03 Epoch: 0043 loss_train: 1.1468 loss_val: 0.9936
Run:03 Epoch: 0044 loss_train: 1.1415 loss_val: 0.9818
Run:03 Epoch: 0045 loss_train: 1.1333 loss_val: 0.9693
Run:03 Epoch: 0046 loss_train: 1.1263 loss_val: 0.9552
Run:03 Epoch: 0047 loss_train: 1.1185 loss_val: 0.9401
Run:03 Epoch: 0048 loss_train: 1.1094 loss_val: 0.9264
Run:03 Epoch: 0049 loss_train: 1.1006 loss_val: 0.9151
Run:03 Epoch: 0050 loss_train: 1.0932 loss_val: 0.9057
Run:03 Epoch: 0051 loss_train: 1.0915 loss_val: 0.8970
Run:03 Epoch: 0052 loss_train: 1.0805 loss_val: 0.8877
Run:03 Epoch: 0053 loss_train: 1.0738 loss_val: 0.8772
Run:03 Epoch: 0054 loss_train: 1.0645 loss_val: 0.8672
Run:03 Epoch: 0055 loss_train: 1.0582 loss_val: 0.8579
Run:03 Epoch: 0056 loss_train: 1.0514 loss_val: 0.8498
Run:03 Epoch: 0057 loss_train: 1.0472 loss_val: 0.8426
Run:03 Epoch: 0058 loss_train: 1.0433 loss_val: 0.8360
Run:03 Epoch: 0059 loss_train: 1.0329 loss_val: 0.8293
Run:03 Epoch: 0060 loss_train: 1.0293 loss_val: 0.8218
Run:03 Epoch: 0061 loss_train: 1.0248 loss_val: 0.8142
Run:03 Epoch: 0062 loss_train: 1.0180 loss_val: 0.8068
Run:03 Epoch: 0063 loss_train: 1.0125 loss_val: 0.7997
Run:03 Epoch: 0064 loss_train: 1.0079 loss_val: 0.7933
Run:03 Epoch: 0065 loss_train: 1.0011 loss_val: 0.7872
Run:03 Epoch: 0066 loss_train: 1.0014 loss_val: 0.7815
Run:03 Epoch: 0067 loss_train: 0.9989 loss_val: 0.7754
Run:03 Epoch: 0068 loss_train: 0.9968 loss_val: 0.7693
Run:03 Epoch: 0069 loss_train: 0.9861 loss_val: 0.7634
Run:03 Epoch: 0070 loss_train: 0.9820 loss_val: 0.7582
Run:03 Epoch: 0071 loss_train: 0.9848 loss_val: 0.7536
Run:03 Epoch: 0072 loss_train: 0.9802 loss_val: 0.7495
Run:03 Epoch: 0073 loss_train: 0.9760 loss_val: 0.7459
Run:03 Epoch: 0074 loss_train: 0.9760 loss_val: 0.7422
Run:03 Epoch: 0075 loss_train: 0.9728 loss_val: 0.7380
Run:03 Epoch: 0076 loss_train: 0.9710 loss_val: 0.7339
Run:03 Epoch: 0077 loss_train: 0.9698 loss_val: 0.7299
Run:03 Epoch: 0078 loss_train: 0.9612 loss_val: 0.7264
Run:03 Epoch: 0079 loss_train: 0.9647 loss_val: 0.7235
Run:03 Epoch: 0080 loss_train: 0.9578 loss_val: 0.7210
Run:03 Epoch: 0081 loss_train: 0.9612 loss_val: 0.7187
Run:03 Epoch: 0082 loss_train: 0.9560 loss_val: 0.7158
Run:03 Epoch: 0083 loss_train: 0.9505 loss_val: 0.7125
Run:03 Epoch: 0084 loss_train: 0.9563 loss_val: 0.7094
Run:03 Epoch: 0085 loss_train: 0.9516 loss_val: 0.7065
Run:03 Epoch: 0086 loss_train: 0.9526 loss_val: 0.7039
Run:03 Epoch: 0087 loss_train: 0.9461 loss_val: 0.7017
Run:03 Epoch: 0088 loss_train: 0.9405 loss_val: 0.6994
Run:03 Epoch: 0089 loss_train: 0.9416 loss_val: 0.6974
Run:03 Epoch: 0090 loss_train: 0.9378 loss_val: 0.6955
Run:03 Epoch: 0091 loss_train: 0.9400 loss_val: 0.6937
Run:03 Epoch: 0092 loss_train: 0.9390 loss_val: 0.6913
Run:03 Epoch: 0093 loss_train: 0.9384 loss_val: 0.6887
Run:03 Epoch: 0094 loss_train: 0.9431 loss_val: 0.6865
Run:03 Epoch: 0095 loss_train: 0.9342 loss_val: 0.6847
Run:03 Epoch: 0096 loss_train: 0.9350 loss_val: 0.6837
Run:03 Epoch: 0097 loss_train: 0.9361 loss_val: 0.6827
Run:03 Epoch: 0098 loss_train: 0.9335 loss_val: 0.6814
Run:03 Epoch: 0099 loss_train: 0.9271 loss_val: 0.6798
Run:03 Epoch: 0100 loss_train: 0.9291 loss_val: 0.6778
Run:03 Epoch: 0101 loss_train: 0.9290 loss_val: 0.6760
Run:03 Epoch: 0102 loss_train: 0.9235 loss_val: 0.6747
Run:03 Epoch: 0103 loss_train: 0.9305 loss_val: 0.6733
Run:03 Epoch: 0104 loss_train: 0.9261 loss_val: 0.6724
Run:03 Epoch: 0105 loss_train: 0.9230 loss_val: 0.6716
Run:03 Epoch: 0106 loss_train: 0.9240 loss_val: 0.6707
Run:03 Epoch: 0107 loss_train: 0.9260 loss_val: 0.6697
Run:03 Epoch: 0108 loss_train: 0.9204 loss_val: 0.6683
Run:03 Epoch: 0109 loss_train: 0.9200 loss_val: 0.6666
Run:03 Epoch: 0110 loss_train: 0.9131 loss_val: 0.6648
Run:03 Epoch: 0111 loss_train: 0.9189 loss_val: 0.6635
Run:03 Epoch: 0112 loss_train: 0.9162 loss_val: 0.6630
Run:03 Epoch: 0113 loss_train: 0.9172 loss_val: 0.6628
Run:03 Epoch: 0114 loss_train: 0.9173 loss_val: 0.6617
Run:03 Epoch: 0115 loss_train: 0.9118 loss_val: 0.6602
Run:03 Epoch: 0116 loss_train: 0.9120 loss_val: 0.6587
Run:03 Epoch: 0117 loss_train: 0.9134 loss_val: 0.6573
Run:03 Epoch: 0118 loss_train: 0.9118 loss_val: 0.6564
Run:03 Epoch: 0119 loss_train: 0.9094 loss_val: 0.6558
Run:03 Epoch: 0120 loss_train: 0.9057 loss_val: 0.6552
Run:03 Epoch: 0121 loss_train: 0.9159 loss_val: 0.6546
Run:03 Epoch: 0122 loss_train: 0.9070 loss_val: 0.6538
Run:03 Epoch: 0123 loss_train: 0.9072 loss_val: 0.6529
Run:03 Epoch: 0124 loss_train: 0.9063 loss_val: 0.6523
Run:03 Epoch: 0125 loss_train: 0.9115 loss_val: 0.6516
Run:03 Epoch: 0126 loss_train: 0.9119 loss_val: 0.6511
Run:03 Epoch: 0127 loss_train: 0.9090 loss_val: 0.6506
Run:03 Epoch: 0128 loss_train: 0.9086 loss_val: 0.6505
Run:03 Epoch: 0129 loss_train: 0.9096 loss_val: 0.6504
Run:03 Epoch: 0130 loss_train: 0.9037 loss_val: 0.6502
Run:03 Epoch: 0131 loss_train: 0.9020 loss_val: 0.6497
Run:03 Epoch: 0132 loss_train: 0.9087 loss_val: 0.6491
Run:03 Epoch: 0133 loss_train: 0.9037 loss_val: 0.6483
Run:03 Epoch: 0134 loss_train: 0.9075 loss_val: 0.6474
Run:03 Epoch: 0135 loss_train: 0.9018 loss_val: 0.6470
Run:03 Epoch: 0136 loss_train: 0.9012 loss_val: 0.6467
Run:03 Epoch: 0137 loss_train: 0.8998 loss_val: 0.6462
Run:03 Epoch: 0138 loss_train: 0.9070 loss_val: 0.6456
Run:03 Epoch: 0139 loss_train: 0.9043 loss_val: 0.6449
Run:03 Epoch: 0140 loss_train: 0.8990 loss_val: 0.6443
Run:03 Epoch: 0141 loss_train: 0.9049 loss_val: 0.6436
Run:03 Epoch: 0142 loss_train: 0.8979 loss_val: 0.6429
Run:03 Epoch: 0143 loss_train: 0.8936 loss_val: 0.6424
Run:03 Epoch: 0144 loss_train: 0.9016 loss_val: 0.6420
Run:03 Epoch: 0145 loss_train: 0.9053 loss_val: 0.6416
Run:03 Epoch: 0146 loss_train: 0.8980 loss_val: 0.6412
Run:03 Epoch: 0147 loss_train: 0.8916 loss_val: 0.6406
Run:03 Epoch: 0148 loss_train: 0.8996 loss_val: 0.6400
Run:03 Epoch: 0149 loss_train: 0.9002 loss_val: 0.6394
Run:03 Epoch: 0150 loss_train: 0.9002 loss_val: 0.6389
Run:03 Epoch: 0151 loss_train: 0.9002 loss_val: 0.6384
Run:03 Epoch: 0152 loss_train: 0.8933 loss_val: 0.6381
Run:03 Epoch: 0153 loss_train: 0.8982 loss_val: 0.6379
Run:03 Epoch: 0154 loss_train: 0.8934 loss_val: 0.6378
Run:03 Epoch: 0155 loss_train: 0.8924 loss_val: 0.6376
Run:03 Epoch: 0156 loss_train: 0.8964 loss_val: 0.6371
Run:03 Epoch: 0157 loss_train: 0.8955 loss_val: 0.6363
Run:03 Epoch: 0158 loss_train: 0.8937 loss_val: 0.6356
Run:03 Epoch: 0159 loss_train: 0.8933 loss_val: 0.6351
Run:03 Epoch: 0160 loss_train: 0.8949 loss_val: 0.6346
Run:03 Epoch: 0161 loss_train: 0.8941 loss_val: 0.6341
Run:03 Epoch: 0162 loss_train: 0.8924 loss_val: 0.6334
Run:03 Epoch: 0163 loss_train: 0.8950 loss_val: 0.6327
Run:03 Epoch: 0164 loss_train: 0.8932 loss_val: 0.6322
Run:03 Epoch: 0165 loss_train: 0.8962 loss_val: 0.6321
Run:03 Epoch: 0166 loss_train: 0.8877 loss_val: 0.6320
Run:03 Epoch: 0167 loss_train: 0.8888 loss_val: 0.6314
Run:03 Epoch: 0168 loss_train: 0.8893 loss_val: 0.6305
Run:03 Epoch: 0169 loss_train: 0.8937 loss_val: 0.6295
Run:03 Epoch: 0170 loss_train: 0.8932 loss_val: 0.6292
Run:03 Epoch: 0171 loss_train: 0.8895 loss_val: 0.6290
Run:03 Epoch: 0172 loss_train: 0.8838 loss_val: 0.6288
Run:03 Epoch: 0173 loss_train: 0.8929 loss_val: 0.6283
Run:03 Epoch: 0174 loss_train: 0.8889 loss_val: 0.6274
Run:03 Epoch: 0175 loss_train: 0.8898 loss_val: 0.6267
Run:03 Epoch: 0176 loss_train: 0.8801 loss_val: 0.6263
Run:03 Epoch: 0177 loss_train: 0.8886 loss_val: 0.6261
Run:03 Epoch: 0178 loss_train: 0.8925 loss_val: 0.6256
Run:03 Epoch: 0179 loss_train: 0.8919 loss_val: 0.6251
Run:03 Epoch: 0180 loss_train: 0.8870 loss_val: 0.6244
Run:03 Epoch: 0181 loss_train: 0.8873 loss_val: 0.6238
Run:03 Epoch: 0182 loss_train: 0.8862 loss_val: 0.6233
Run:03 Epoch: 0183 loss_train: 0.8836 loss_val: 0.6228
Run:03 Epoch: 0184 loss_train: 0.8840 loss_val: 0.6222
Run:03 Epoch: 0185 loss_train: 0.8835 loss_val: 0.6217
Run:03 Epoch: 0186 loss_train: 0.8848 loss_val: 0.6213
Run:03 Epoch: 0187 loss_train: 0.8826 loss_val: 0.6209
Run:03 Epoch: 0188 loss_train: 0.8831 loss_val: 0.6205
Run:03 Epoch: 0189 loss_train: 0.8837 loss_val: 0.6200
Run:03 Epoch: 0190 loss_train: 0.8852 loss_val: 0.6192
Run:03 Epoch: 0191 loss_train: 0.8835 loss_val: 0.6187
Run:03 Epoch: 0192 loss_train: 0.8801 loss_val: 0.6184
Run:03 Epoch: 0193 loss_train: 0.8807 loss_val: 0.6182
Run:03 Epoch: 0194 loss_train: 0.8791 loss_val: 0.6175
Run:03 Epoch: 0195 loss_train: 0.8865 loss_val: 0.6167
Run:03 Epoch: 0196 loss_train: 0.8837 loss_val: 0.6160
Run:03 Epoch: 0197 loss_train: 0.8838 loss_val: 0.6154
Run:03 Epoch: 0198 loss_train: 0.8764 loss_val: 0.6153
Run:03 Epoch: 0199 loss_train: 0.8858 loss_val: 0.6155
Run:03 Epoch: 0200 loss_train: 0.8768 loss_val: 0.6160
Run:03 Epoch: 0201 loss_train: 0.8809 loss_val: 0.6159
Run:03 Epoch: 0202 loss_train: 0.8776 loss_val: 0.6154
Run:03 Epoch: 0203 loss_train: 0.8847 loss_val: 0.6146
Run:03 Epoch: 0204 loss_train: 0.8835 loss_val: 0.6136
Run:03 Epoch: 0205 loss_train: 0.8808 loss_val: 0.6129
Run:03 Epoch: 0206 loss_train: 0.8811 loss_val: 0.6127
Run:03 Epoch: 0207 loss_train: 0.8750 loss_val: 0.6129
Run:03 Epoch: 0208 loss_train: 0.8739 loss_val: 0.6128
Run:03 Epoch: 0209 loss_train: 0.8832 loss_val: 0.6126
Run:03 Epoch: 0210 loss_train: 0.8732 loss_val: 0.6121
Run:03 Epoch: 0211 loss_train: 0.8815 loss_val: 0.6116
Run:03 Epoch: 0212 loss_train: 0.8819 loss_val: 0.6113
Run:03 Epoch: 0213 loss_train: 0.8799 loss_val: 0.6111
Run:03 Epoch: 0214 loss_train: 0.8796 loss_val: 0.6110
Run:03 Epoch: 0215 loss_train: 0.8698 loss_val: 0.6110
Run:03 Epoch: 0216 loss_train: 0.8757 loss_val: 0.6108
Run:03 Epoch: 0217 loss_train: 0.8764 loss_val: 0.6102
Run:03 Epoch: 0218 loss_train: 0.8772 loss_val: 0.6094
Run:03 Epoch: 0219 loss_train: 0.8782 loss_val: 0.6087
Run:03 Epoch: 0220 loss_train: 0.8770 loss_val: 0.6085
Run:03 Epoch: 0221 loss_train: 0.8732 loss_val: 0.6085
Run:03 Epoch: 0222 loss_train: 0.8745 loss_val: 0.6087
Run:03 Epoch: 0223 loss_train: 0.8731 loss_val: 0.6087
Run:03 Epoch: 0224 loss_train: 0.8834 loss_val: 0.6085
Run:03 Epoch: 0225 loss_train: 0.8775 loss_val: 0.6080
Run:03 Epoch: 0226 loss_train: 0.8735 loss_val: 0.6074
Run:03 Epoch: 0227 loss_train: 0.8759 loss_val: 0.6074
Run:03 Epoch: 0228 loss_train: 0.8752 loss_val: 0.6074
Run:03 Epoch: 0229 loss_train: 0.8725 loss_val: 0.6074
Run:03 Epoch: 0230 loss_train: 0.8711 loss_val: 0.6071
Run:03 Epoch: 0231 loss_train: 0.8764 loss_val: 0.6072
Run:03 Epoch: 0232 loss_train: 0.8704 loss_val: 0.6070
Run:03 Epoch: 0233 loss_train: 0.8728 loss_val: 0.6064
Run:03 Epoch: 0234 loss_train: 0.8731 loss_val: 0.6058
Run:03 Epoch: 0235 loss_train: 0.8760 loss_val: 0.6055
Run:03 Epoch: 0236 loss_train: 0.8670 loss_val: 0.6052
Run:03 Epoch: 0237 loss_train: 0.8729 loss_val: 0.6054
Run:03 Epoch: 0238 loss_train: 0.8692 loss_val: 0.6056
Run:03 Epoch: 0239 loss_train: 0.8696 loss_val: 0.6055
Run:03 Epoch: 0240 loss_train: 0.8754 loss_val: 0.6052
Run:03 Epoch: 0241 loss_train: 0.8789 loss_val: 0.6051
Run:03 Epoch: 0242 loss_train: 0.8698 loss_val: 0.6054
Run:03 Epoch: 0243 loss_train: 0.8764 loss_val: 0.6058
Run:03 Epoch: 0244 loss_train: 0.8728 loss_val: 0.6062
Run:03 Epoch: 0245 loss_train: 0.8713 loss_val: 0.6064
Run:03 Epoch: 0246 loss_train: 0.8758 loss_val: 0.6062
Run:03 Epoch: 0247 loss_train: 0.8682 loss_val: 0.6058
Run:03 Epoch: 0248 loss_train: 0.8725 loss_val: 0.6051
Run:03 Epoch: 0249 loss_train: 0.8662 loss_val: 0.6044
Run:03 Epoch: 0250 loss_train: 0.8765 loss_val: 0.6041
Run:03 Epoch: 0251 loss_train: 0.8681 loss_val: 0.6037
Run:03 Epoch: 0252 loss_train: 0.8673 loss_val: 0.6034
Run:03 Epoch: 0253 loss_train: 0.8717 loss_val: 0.6032
Run:03 Epoch: 0254 loss_train: 0.8706 loss_val: 0.6032
Run:03 Epoch: 0255 loss_train: 0.8695 loss_val: 0.6036
Run:03 Epoch: 0256 loss_train: 0.8695 loss_val: 0.6036
Run:03 Epoch: 0257 loss_train: 0.8717 loss_val: 0.6034
Run:03 Epoch: 0258 loss_train: 0.8696 loss_val: 0.6032
Run:03 Epoch: 0259 loss_train: 0.8713 loss_val: 0.6031
Run:03 Epoch: 0260 loss_train: 0.8704 loss_val: 0.6031
Run:03 Epoch: 0261 loss_train: 0.8708 loss_val: 0.6032
Run:03 Epoch: 0262 loss_train: 0.8765 loss_val: 0.6032
Run:03 Epoch: 0263 loss_train: 0.8753 loss_val: 0.6031
Run:03 Epoch: 0264 loss_train: 0.8663 loss_val: 0.6028
Run:03 Epoch: 0265 loss_train: 0.8678 loss_val: 0.6026
Run:03 Epoch: 0266 loss_train: 0.8751 loss_val: 0.6026
Run:03 Epoch: 0267 loss_train: 0.8710 loss_val: 0.6026
Run:03 Epoch: 0268 loss_train: 0.8678 loss_val: 0.6027
Run:03 Epoch: 0269 loss_train: 0.8704 loss_val: 0.6028
Run:03 Epoch: 0270 loss_train: 0.8719 loss_val: 0.6030
Run:03 Epoch: 0271 loss_train: 0.8727 loss_val: 0.6029
Run:03 Epoch: 0272 loss_train: 0.8718 loss_val: 0.6028
Run:03 Epoch: 0273 loss_train: 0.8704 loss_val: 0.6025
Run:03 Epoch: 0274 loss_train: 0.8687 loss_val: 0.6023
Run:03 Epoch: 0275 loss_train: 0.8653 loss_val: 0.6025
Run:03 Epoch: 0276 loss_train: 0.8731 loss_val: 0.6027
Run:03 Epoch: 0277 loss_train: 0.8678 loss_val: 0.6028
Run:03 Epoch: 0278 loss_train: 0.8717 loss_val: 0.6029
Run:03 Epoch: 0279 loss_train: 0.8702 loss_val: 0.6029
Run:03 Epoch: 0280 loss_train: 0.8674 loss_val: 0.6023
Run:03 Epoch: 0281 loss_train: 0.8692 loss_val: 0.6018
Run:03 Epoch: 0282 loss_train: 0.8689 loss_val: 0.6018
Run:03 Epoch: 0283 loss_train: 0.8678 loss_val: 0.6022
Run:03 Epoch: 0284 loss_train: 0.8667 loss_val: 0.6027
Run:03 Epoch: 0285 loss_train: 0.8702 loss_val: 0.6027
Run:03 Epoch: 0286 loss_train: 0.8685 loss_val: 0.6024
Run:03 Epoch: 0287 loss_train: 0.8769 loss_val: 0.6019
Run:03 Epoch: 0288 loss_train: 0.8698 loss_val: 0.6018
Run:03 Epoch: 0289 loss_train: 0.8728 loss_val: 0.6023
Run:03 Epoch: 0290 loss_train: 0.8720 loss_val: 0.6029
Run:03 Epoch: 0291 loss_train: 0.8667 loss_val: 0.6030
Run:03 Epoch: 0292 loss_train: 0.8712 loss_val: 0.6027
Run:03 Epoch: 0293 loss_train: 0.8716 loss_val: 0.6022
Run:03 Epoch: 0294 loss_train: 0.8716 loss_val: 0.6016
Run:03 Epoch: 0295 loss_train: 0.8680 loss_val: 0.6014
Run:03 Epoch: 0296 loss_train: 0.8659 loss_val: 0.6014
Run:03 Epoch: 0297 loss_train: 0.8684 loss_val: 0.6018
Run:03 Epoch: 0298 loss_train: 0.8685 loss_val: 0.6024
Run:03 Epoch: 0299 loss_train: 0.8672 loss_val: 0.6026
Run:03 Epoch: 0300 loss_train: 0.8650 loss_val: 0.6022
Run:03 Epoch: 0301 loss_train: 0.8681 loss_val: 0.6015
Run:03 Epoch: 0302 loss_train: 0.8752 loss_val: 0.6010
Run:03 Epoch: 0303 loss_train: 0.8654 loss_val: 0.6008
Run:03 Epoch: 0304 loss_train: 0.8721 loss_val: 0.6011
Run:03 Epoch: 0305 loss_train: 0.8610 loss_val: 0.6017
Run:03 Epoch: 0306 loss_train: 0.8713 loss_val: 0.6023
Run:03 Epoch: 0307 loss_train: 0.8706 loss_val: 0.6026
Run:03 Epoch: 0308 loss_train: 0.8659 loss_val: 0.6027
Run:03 Epoch: 0309 loss_train: 0.8680 loss_val: 0.6028
Run:03 Epoch: 0310 loss_train: 0.8679 loss_val: 0.6029
Run:03 Epoch: 0311 loss_train: 0.8616 loss_val: 0.6028
Run:03 Epoch: 0312 loss_train: 0.8637 loss_val: 0.6028
Run:03 Epoch: 0313 loss_train: 0.8720 loss_val: 0.6026
Run:03 Epoch: 0314 loss_train: 0.8703 loss_val: 0.6024
Run:03 Epoch: 0315 loss_train: 0.8690 loss_val: 0.6021
Run:03 Epoch: 0316 loss_train: 0.8735 loss_val: 0.6023
Run:03 Epoch: 0317 loss_train: 0.8659 loss_val: 0.6025
Run:03 Epoch: 0318 loss_train: 0.8622 loss_val: 0.6030
Run:03 Epoch: 0319 loss_train: 0.8610 loss_val: 0.6033
Run:03 Epoch: 0320 loss_train: 0.8607 loss_val: 0.6031
Run:03 Epoch: 0321 loss_train: 0.8693 loss_val: 0.6028
Run:03 Epoch: 0322 loss_train: 0.8667 loss_val: 0.6026
Run:03 Epoch: 0323 loss_train: 0.8691 loss_val: 0.6024
Run:03 Epoch: 0324 loss_train: 0.8664 loss_val: 0.6022
Run:03 Epoch: 0325 loss_train: 0.8683 loss_val: 0.6023
Run:03 Epoch: 0326 loss_train: 0.8669 loss_val: 0.6026
Run:03 Epoch: 0327 loss_train: 0.8623 loss_val: 0.6025
Run:03 Epoch: 0328 loss_train: 0.8652 loss_val: 0.6020
Run:03 Epoch: 0329 loss_train: 0.8661 loss_val: 0.6016
Run:03 Epoch: 0330 loss_train: 0.8694 loss_val: 0.6013
Run:03 Epoch: 0331 loss_train: 0.8692 loss_val: 0.6015
Run:03 Epoch: 0332 loss_train: 0.8668 loss_val: 0.6022
Run:03 Epoch: 0333 loss_train: 0.8622 loss_val: 0.6029
Run:03 Epoch: 0334 loss_train: 0.8610 loss_val: 0.6028
Run:03 Epoch: 0335 loss_train: 0.8721 loss_val: 0.6025
Run:03 Epoch: 0336 loss_train: 0.8619 loss_val: 0.6021
Run:03 Epoch: 0337 loss_train: 0.8631 loss_val: 0.6020
Run:03 Epoch: 0338 loss_train: 0.8644 loss_val: 0.6023
Run:03 Epoch: 0339 loss_train: 0.8648 loss_val: 0.6026
Run:03 Epoch: 0340 loss_train: 0.8635 loss_val: 0.6029
Run:03 Epoch: 0341 loss_train: 0.8610 loss_val: 0.6028
Run:03 Epoch: 0342 loss_train: 0.8687 loss_val: 0.6025
Run:03 Epoch: 0343 loss_train: 0.8580 loss_val: 0.6022
Run:03 Epoch: 0344 loss_train: 0.8686 loss_val: 0.6021
Run:03 Epoch: 0345 loss_train: 0.8609 loss_val: 0.6019
Run:03 Epoch: 0346 loss_train: 0.8648 loss_val: 0.6024
Run:03 Epoch: 0347 loss_train: 0.8609 loss_val: 0.6030
Run:03 Epoch: 0348 loss_train: 0.8659 loss_val: 0.6032
Run:03 Epoch: 0349 loss_train: 0.8564 loss_val: 0.6030
Run:03 Epoch: 0350 loss_train: 0.8578 loss_val: 0.6027
Run:03 Epoch: 0351 loss_train: 0.8631 loss_val: 0.6025
Run:03 Epoch: 0352 loss_train: 0.8633 loss_val: 0.6025
Run:03 Epoch: 0353 loss_train: 0.8627 loss_val: 0.6031
Run:03 Epoch: 0354 loss_train: 0.8612 loss_val: 0.6038
Run:03 Epoch: 0355 loss_train: 0.8592 loss_val: 0.6040
Run:03 Epoch: 0356 loss_train: 0.8608 loss_val: 0.6036
Run:03 Epoch: 0357 loss_train: 0.8568 loss_val: 0.6030
Run:03 Epoch: 0358 loss_train: 0.8621 loss_val: 0.6027
Run:03 Epoch: 0359 loss_train: 0.8583 loss_val: 0.6025
Run:03 Epoch: 0360 loss_train: 0.8630 loss_val: 0.6025
Run:03 Epoch: 0361 loss_train: 0.8624 loss_val: 0.6029
Run:03 Epoch: 0362 loss_train: 0.8619 loss_val: 0.6029
Run:03 Epoch: 0363 loss_train: 0.8588 loss_val: 0.6026
Run:03 Epoch: 0364 loss_train: 0.8631 loss_val: 0.6023
Run:03 Epoch: 0365 loss_train: 0.8583 loss_val: 0.6019
Run:03 Epoch: 0366 loss_train: 0.8626 loss_val: 0.6018
Run:03 Epoch: 0367 loss_train: 0.8674 loss_val: 0.6021
Run:03 Epoch: 0368 loss_train: 0.8632 loss_val: 0.6026
Run:03 Epoch: 0369 loss_train: 0.8587 loss_val: 0.6032
Run:03 Epoch: 0370 loss_train: 0.8610 loss_val: 0.6035
Run:03 Epoch: 0371 loss_train: 0.8618 loss_val: 0.6033
Run:03 Epoch: 0372 loss_train: 0.8591 loss_val: 0.6029
Run:03 Epoch: 0373 loss_train: 0.8673 loss_val: 0.6023
Run:03 Epoch: 0374 loss_train: 0.8572 loss_val: 0.6019
Run:03 Epoch: 0375 loss_train: 0.8564 loss_val: 0.6014
Run:03 Epoch: 0376 loss_train: 0.8624 loss_val: 0.6007
Run:03 Epoch: 0377 loss_train: 0.8614 loss_val: 0.6004
Run:03 Epoch: 0378 loss_train: 0.8616 loss_val: 0.6005
Run:03 Epoch: 0379 loss_train: 0.8638 loss_val: 0.6012
Run:03 Epoch: 0380 loss_train: 0.8601 loss_val: 0.6018
Run:03 Epoch: 0381 loss_train: 0.8602 loss_val: 0.6024
Run:03 Epoch: 0382 loss_train: 0.8632 loss_val: 0.6026
Run:03 Epoch: 0383 loss_train: 0.8553 loss_val: 0.6023
Run:03 Epoch: 0384 loss_train: 0.8577 loss_val: 0.6014
Run:03 Epoch: 0385 loss_train: 0.8590 loss_val: 0.6009
Run:03 Epoch: 0386 loss_train: 0.8605 loss_val: 0.6007
Run:03 Epoch: 0387 loss_train: 0.8622 loss_val: 0.6006
Run:03 Epoch: 0388 loss_train: 0.8587 loss_val: 0.6009
Run:03 Epoch: 0389 loss_train: 0.8548 loss_val: 0.6012
Run:03 Epoch: 0390 loss_train: 0.8596 loss_val: 0.6014
Run Train: 100%|██████████| 3/3 [8:20:11<00:00, 9712.06s/it]   Run Train: 100%|██████████| 3/3 [8:20:11<00:00, 10003.96s/it]
Run:03 Epoch: 0391 loss_train: 0.8609 loss_val: 0.6017
Run:03 Epoch: 0392 loss_train: 0.8582 loss_val: 0.6018
Run:03 Epoch: 0393 loss_train: 0.8580 loss_val: 0.6017
Run:03 Epoch: 0394 loss_train: 0.8558 loss_val: 0.6015
Run:03 Epoch: 0395 loss_train: 0.8603 loss_val: 0.6012
Run:03 Epoch: 0396 loss_train: 0.8564 loss_val: 0.6007
Run:03 Epoch: 0397 loss_train: 0.8644 loss_val: 0.6004
Run:03 Epoch: 0398 loss_train: 0.8569 loss_val: 0.6002
Run:03 Epoch: 0399 loss_train: 0.8622 loss_val: 0.6001
Run:03 Epoch: 0400 loss_train: 0.8588 loss_val: 0.6004
test acc: 0.7932364770581959 test acc std 0.0011432642433870546


test micro f1: 0.7932364770581959 test macro f1 0.7503862075778959
