args
 Namespace(batch_size=128, concat=10, conditional=True, cuda=True, dataset='cora', dropout=0.5, epochs=400, hidden=64, lam=1.0, latent_size=10, lr=0.05, num_models=100, pretrain_epochs=15, pretrain_lr=0.05, runs=3, samples=4, seed=42, tem=0.5, update_epochs=20, warmup=200, weight_decay=0.0005)
This is cocitation_cora dataset:
  ->  num_classes
  ->  num_vertices
  ->  num_edges
  ->  dim_features
  ->  features
  ->  edge_list
  ->  labels
  ->  train_mask
  ->  val_mask
  ->  test_mask
Please try `data['name']` to get the specified data.
Run Train:   0%|                                                                                                                                 | 0/3 [00:00<?, ?it/s]Run:01 Epoch: 0001 loss_train: 2.0250 loss_val: 21.3241
Run:01 Epoch: 0002 loss_train: 13.3632 loss_val: 15.9667
Run:01 Epoch: 0003 loss_train: 11.5134 loss_val: 8.3050
Run:01 Epoch: 0004 loss_train: 7.1182 loss_val: 3.1667
Run:01 Epoch: 0005 loss_train: 2.8495 loss_val: 1.9759
Run:01 Epoch: 0006 loss_train: 1.9597 loss_val: 1.9657
Run:01 Epoch: 0007 loss_train: 1.9505 loss_val: 1.9493
Run:01 Epoch: 0008 loss_train: 1.9360 loss_val: 1.9310
Run:01 Epoch: 0009 loss_train: 1.9204 loss_val: 1.9178
Run:01 Epoch: 0010 loss_train: 1.9094 loss_val: 1.9161
Run:01 Epoch: 0011 loss_train: 1.9071 loss_val: 1.9197
Run:01 Epoch: 0012 loss_train: 1.9102 loss_val: 1.9263
Run:01 Epoch: 0013 loss_train: 1.9164 loss_val: 1.9346
Run:01 Epoch: 0014 loss_train: 1.9241 loss_val: 1.9434
Run:01 Epoch: 0015 loss_train: 1.9321 loss_val: 1.9516
Run:01 Epoch: 0016 loss_train: 1.9396 loss_val: 1.9586
Run:01 Epoch: 0017 loss_train: 1.9459 loss_val: 1.9639
Run:01 Epoch: 0018 loss_train: 1.9506 loss_val: 1.9672
Run:01 Epoch: 0019 loss_train: 1.9534 loss_val: 1.9685
Run:01 Epoch: 0020 loss_train: 1.9543 loss_val: 1.9678
Run:01 Epoch: 0021 loss_train: 1.9535 loss_val: 1.9654
Run:01 Epoch: 0022 loss_train: 1.9510 loss_val: 1.9616
Run:01 Epoch: 0023 loss_train: 1.9473 loss_val: 1.9567
Run:01 Epoch: 0024 loss_train: 1.9427 loss_val: 1.9513
Run:01 Epoch: 0025 loss_train: 1.9375 loss_val: 1.9476
Run:01 Epoch: 0026 loss_train: 1.9332 loss_val: 1.9400
Run:01 Epoch: 0027 loss_train: 1.9268 loss_val: 1.9349
Run:01 Epoch: 0028 loss_train: 1.9219 loss_val: 1.9303
Run:01 Epoch: 0029 loss_train: 1.9177 loss_val: 1.9264
Run:01 Epoch: 0030 loss_train: 1.9141 loss_val: 1.9233
Run:01 Epoch: 0031 loss_train: 1.9113 loss_val: 1.9209
Run:01 Epoch: 0032 loss_train: 1.9092 loss_val: 1.9189
Run:01 Epoch: 0033 loss_train: 1.9076 loss_val: 1.9174
Run:01 Epoch: 0034 loss_train: 1.9065 loss_val: 1.9162
Run:01 Epoch: 0035 loss_train: 1.9057 loss_val: 1.9153
Run:01 Epoch: 0036 loss_train: 1.9053 loss_val: 1.9148
Run:01 Epoch: 0037 loss_train: 1.9051 loss_val: 1.9146
Run:01 Epoch: 0038 loss_train: 1.9053 loss_val: 1.9148
Run:01 Epoch: 0039 loss_train: 1.9059 loss_val: 1.9154
Run:01 Epoch: 0040 loss_train: 1.9068 loss_val: 1.9164
Run:01 Epoch: 0041 loss_train: 1.9080 loss_val: 1.9177
Run:01 Epoch: 0042 loss_train: 1.9095 loss_val: 1.9193
Run:01 Epoch: 0043 loss_train: 1.9111 loss_val: 1.9209
Run:01 Epoch: 0044 loss_train: 1.9127 loss_val: 1.9225
Run:01 Epoch: 0045 loss_train: 1.9143 loss_val: 1.9239
Run:01 Epoch: 0046 loss_train: 1.9157 loss_val: 1.9252
Run:01 Epoch: 0047 loss_train: 1.9168 loss_val: 1.9262
Run:01 Epoch: 0048 loss_train: 1.9176 loss_val: 1.9269
Run:01 Epoch: 0049 loss_train: 1.9182 loss_val: 1.9273
Run:01 Epoch: 0050 loss_train: 1.9183 loss_val: 1.9274
Run:01 Epoch: 0051 loss_train: 1.9182 loss_val: 1.9273
Run:01 Epoch: 0052 loss_train: 1.9178 loss_val: 1.9269
Run:01 Epoch: 0053 loss_train: 1.9173 loss_val: 1.9264
Run:01 Epoch: 0054 loss_train: 1.9165 loss_val: 1.9258
Run:01 Epoch: 0055 loss_train: 1.9157 loss_val: 1.9252
Run:01 Epoch: 0056 loss_train: 1.9149 loss_val: 1.9245
Run:01 Epoch: 0057 loss_train: 1.9141 loss_val: 1.9239
Run:01 Epoch: 0058 loss_train: 1.9134 loss_val: 1.9233
Run:01 Epoch: 0059 loss_train: 1.9127 loss_val: 1.9228
Run:01 Epoch: 0060 loss_train: 1.9122 loss_val: 1.9224
Run:01 Epoch: 0061 loss_train: 1.9118 loss_val: 1.9221
Run:01 Epoch: 0062 loss_train: 1.9116 loss_val: 1.9219
Run:01 Epoch: 0063 loss_train: 1.9115 loss_val: 1.9219
Run:01 Epoch: 0064 loss_train: 1.9116 loss_val: 1.9219
Run:01 Epoch: 0065 loss_train: 1.9117 loss_val: 1.9221
Run:01 Epoch: 0066 loss_train: 1.9120 loss_val: 1.9223
Run:01 Epoch: 0067 loss_train: 1.9124 loss_val: 1.9226
Run:01 Epoch: 0068 loss_train: 1.9128 loss_val: 1.9228
Run:01 Epoch: 0069 loss_train: 1.9131 loss_val: 1.9231
Run:01 Epoch: 0070 loss_train: 1.9135 loss_val: 1.9233
Run:01 Epoch: 0071 loss_train: 1.9138 loss_val: 1.9235
Run:01 Epoch: 0072 loss_train: 1.9140 loss_val: 1.9235
Run:01 Epoch: 0073 loss_train: 1.9142 loss_val: 1.9236
Run:01 Epoch: 0074 loss_train: 1.9142 loss_val: 1.9235
Run:01 Epoch: 0075 loss_train: 1.9142 loss_val: 1.9234
Run:01 Epoch: 0076 loss_train: 1.9141 loss_val: 1.9233
Run:01 Epoch: 0077 loss_train: 1.9139 loss_val: 1.9231
Run:01 Epoch: 0078 loss_train: 1.9137 loss_val: 1.9230
Run:01 Epoch: 0079 loss_train: 1.9135 loss_val: 1.9228
Run:01 Epoch: 0080 loss_train: 1.9133 loss_val: 1.9227
Run:01 Epoch: 0081 loss_train: 1.9131 loss_val: 1.9226
Run:01 Epoch: 0082 loss_train: 1.9129 loss_val: 1.9225
Run:01 Epoch: 0083 loss_train: 1.9128 loss_val: 1.9225
Run:01 Epoch: 0084 loss_train: 1.9128 loss_val: 1.9226
Run:01 Epoch: 0085 loss_train: 1.9127 loss_val: 1.9226
Run:01 Epoch: 0086 loss_train: 1.9128 loss_val: 1.9227
Run:01 Epoch: 0087 loss_train: 1.9129 loss_val: 1.9228
Run:01 Epoch: 0088 loss_train: 1.9130 loss_val: 1.9230
Run:01 Epoch: 0089 loss_train: 1.9131 loss_val: 1.9231
Run:01 Epoch: 0090 loss_train: 1.9132 loss_val: 1.9232
Run:01 Epoch: 0091 loss_train: 1.9134 loss_val: 1.9232
Run:01 Epoch: 0092 loss_train: 1.9135 loss_val: 1.9233
Run:01 Epoch: 0093 loss_train: 1.9135 loss_val: 1.9233
Run:01 Epoch: 0094 loss_train: 1.9136 loss_val: 1.9233
Run:01 Epoch: 0095 loss_train: 1.9136 loss_val: 1.9232
Run:01 Epoch: 0096 loss_train: 1.9136 loss_val: 1.9232
Run:01 Epoch: 0097 loss_train: 1.9135 loss_val: 1.9231
Run:01 Epoch: 0098 loss_train: 1.9134 loss_val: 1.9230
Run:01 Epoch: 0099 loss_train: 1.9134 loss_val: 1.9229
Run:01 Epoch: 0100 loss_train: 1.9133 loss_val: 1.9229
Run:01 Epoch: 0101 loss_train: 1.9132 loss_val: 1.9228
Run:01 Epoch: 0102 loss_train: 1.9132 loss_val: 1.9228
Run:01 Epoch: 0103 loss_train: 1.9131 loss_val: 1.9228
Run:01 Epoch: 0104 loss_train: 1.9131 loss_val: 1.9228
Run:01 Epoch: 0105 loss_train: 1.9131 loss_val: 1.9228
Run:01 Epoch: 0106 loss_train: 1.9131 loss_val: 1.9228
Run:01 Epoch: 0107 loss_train: 1.9131 loss_val: 1.9229
Run:01 Epoch: 0108 loss_train: 1.9131 loss_val: 1.9229
Run:01 Epoch: 0109 loss_train: 1.9132 loss_val: 1.9229
Run:01 Epoch: 0110 loss_train: 1.9132 loss_val: 1.9230
Run:01 Epoch: 0111 loss_train: 1.9133 loss_val: 1.9230
Run:01 Epoch: 0112 loss_train: 1.9133 loss_val: 1.9230
Run:01 Epoch: 0113 loss_train: 1.9133 loss_val: 1.9230
Run:01 Epoch: 0114 loss_train: 1.9133 loss_val: 1.9230
Run:01 Epoch: 0115 loss_train: 1.9133 loss_val: 1.9230
Run:01 Epoch: 0116 loss_train: 1.9133 loss_val: 1.9230
Run:01 Epoch: 0117 loss_train: 1.9133 loss_val: 1.9230
Run:01 Epoch: 0118 loss_train: 1.9133 loss_val: 1.9230
Run:01 Epoch: 0119 loss_train: 1.9133 loss_val: 1.9230
Run:01 Epoch: 0120 loss_train: 1.9133 loss_val: 1.9229
Run:01 Epoch: 0121 loss_train: 1.9132 loss_val: 1.9229
Run:01 Epoch: 0122 loss_train: 1.9132 loss_val: 1.9229
Run:01 Epoch: 0123 loss_train: 1.9132 loss_val: 1.9229
Run:01 Epoch: 0124 loss_train: 1.9132 loss_val: 1.9229
Run:01 Epoch: 0125 loss_train: 1.9132 loss_val: 1.9229
Run:01 Epoch: 0126 loss_train: 1.9132 loss_val: 1.9229
Run:01 Epoch: 0127 loss_train: 1.9132 loss_val: 1.9229
Run:01 Epoch: 0128 loss_train: 1.9132 loss_val: 1.9230
Run:01 Epoch: 0129 loss_train: 1.9132 loss_val: 1.9230
Run:01 Epoch: 0130 loss_train: 1.9132 loss_val: 1.9230
Run:01 Epoch: 0131 loss_train: 1.9133 loss_val: 1.9230
Run:01 Epoch: 0132 loss_train: 1.9133 loss_val: 1.9230
Run:01 Epoch: 0133 loss_train: 1.9133 loss_val: 1.9230
Run:01 Epoch: 0134 loss_train: 1.9133 loss_val: 1.9230
Run:01 Epoch: 0135 loss_train: 1.9133 loss_val: 1.9230
Run:01 Epoch: 0136 loss_train: 1.9133 loss_val: 1.9230
Run:01 Epoch: 0137 loss_train: 1.9133 loss_val: 1.9230
Run:01 Epoch: 0138 loss_train: 1.9133 loss_val: 1.9230
Run:01 Epoch: 0139 loss_train: 1.9133 loss_val: 1.9230
Run:01 Epoch: 0140 loss_train: 1.9133 loss_val: 1.9229
Run:01 Epoch: 0141 loss_train: 1.9132 loss_val: 1.9229
Run:01 Epoch: 0142 loss_train: 1.9132 loss_val: 1.9229
Run:01 Epoch: 0143 loss_train: 1.9132 loss_val: 1.9229
Run:01 Epoch: 0144 loss_train: 1.9132 loss_val: 1.9229
Run:01 Epoch: 0145 loss_train: 1.9132 loss_val: 1.9229
Run:01 Epoch: 0146 loss_train: 1.9132 loss_val: 1.9229
Run:01 Epoch: 0147 loss_train: 1.9132 loss_val: 1.9229
Run:01 Epoch: 0148 loss_train: 1.9132 loss_val: 1.9229
Run:01 Epoch: 0149 loss_train: 1.9132 loss_val: 1.9230
Run:01 Epoch: 0150 loss_train: 1.9132 loss_val: 1.9230
Run:01 Epoch: 0151 loss_train: 1.9132 loss_val: 1.9230
Run:01 Epoch: 0152 loss_train: 1.9133 loss_val: 1.9230
Run:01 Epoch: 0153 loss_train: 1.9133 loss_val: 1.9230
Run:01 Epoch: 0154 loss_train: 1.9133 loss_val: 1.9230
Run:01 Epoch: 0155 loss_train: 1.9133 loss_val: 1.9230
Run:01 Epoch: 0156 loss_train: 1.9133 loss_val: 1.9230
Run:01 Epoch: 0157 loss_train: 1.9133 loss_val: 1.9230
Run:01 Epoch: 0158 loss_train: 1.9133 loss_val: 1.9230
Run:01 Epoch: 0159 loss_train: 1.9133 loss_val: 1.9230
Run:01 Epoch: 0160 loss_train: 1.9133 loss_val: 1.9230
Run:01 Epoch: 0161 loss_train: 1.9132 loss_val: 1.9230
Run:01 Epoch: 0162 loss_train: 1.9132 loss_val: 1.9229
Run:01 Epoch: 0163 loss_train: 1.9132 loss_val: 1.9229
Run:01 Epoch: 0164 loss_train: 1.9132 loss_val: 1.9229
Run:01 Epoch: 0165 loss_train: 1.9132 loss_val: 1.9229
Run:01 Epoch: 0166 loss_train: 1.9132 loss_val: 1.9229
Run:01 Epoch: 0167 loss_train: 1.9132 loss_val: 1.9229
Run:01 Epoch: 0168 loss_train: 1.9132 loss_val: 1.9230
Run:01 Epoch: 0169 loss_train: 1.9132 loss_val: 1.9230
Run:01 Epoch: 0170 loss_train: 1.9132 loss_val: 1.9230
Run:01 Epoch: 0171 loss_train: 1.9133 loss_val: 1.9230
Run:01 Epoch: 0172 loss_train: 1.9133 loss_val: 1.9230
Run:01 Epoch: 0173 loss_train: 1.9133 loss_val: 1.9230
Run:01 Epoch: 0174 loss_train: 1.9133 loss_val: 1.9230
Run:01 Epoch: 0175 loss_train: 1.9133 loss_val: 1.9230
Run:01 Epoch: 0176 loss_train: 1.9133 loss_val: 1.9230
Run:01 Epoch: 0177 loss_train: 1.9133 loss_val: 1.9230
Run:01 Epoch: 0178 loss_train: 1.9133 loss_val: 1.9230
Run:01 Epoch: 0179 loss_train: 1.9132 loss_val: 1.9230
Run:01 Epoch: 0180 loss_train: 1.9132 loss_val: 1.9230
Run:01 Epoch: 0181 loss_train: 1.9132 loss_val: 1.9230
Run:01 Epoch: 0182 loss_train: 1.9132 loss_val: 1.9230
Run:01 Epoch: 0183 loss_train: 1.9132 loss_val: 1.9230
Run:01 Epoch: 0184 loss_train: 1.9132 loss_val: 1.9230
Run:01 Epoch: 0185 loss_train: 1.9132 loss_val: 1.9230
Run:01 Epoch: 0186 loss_train: 1.9132 loss_val: 1.9230
Run:01 Epoch: 0187 loss_train: 1.9132 loss_val: 1.9230
Run:01 Epoch: 0188 loss_train: 1.9132 loss_val: 1.9230
Run:01 Epoch: 0189 loss_train: 1.9133 loss_val: 1.9230
Run:01 Epoch: 0190 loss_train: 1.9133 loss_val: 1.9230
Run:01 Epoch: 0191 loss_train: 1.9133 loss_val: 1.9230
Run:01 Epoch: 0192 loss_train: 1.9133 loss_val: 1.9230
Run:01 Epoch: 0193 loss_train: 1.9133 loss_val: 1.9230
Run:01 Epoch: 0194 loss_train: 1.9133 loss_val: 1.9230
Run:01 Epoch: 0195 loss_train: 1.9133 loss_val: 1.9230
Run:01 Epoch: 0196 loss_train: 1.9132 loss_val: 1.9230
Run:01 Epoch: 0197 loss_train: 1.9132 loss_val: 1.9230
Run:01 Epoch: 0198 loss_train: 1.9132 loss_val: 1.9230
Run:01 Epoch: 0199 loss_train: 1.9132 loss_val: 1.9230
Run:01 Epoch: 0200 loss_train: 1.9132 loss_val: 1.9230
Run:01 Epoch: 0201 loss_train: 1.9132 loss_val: 1.9230
Run:01 Epoch: 0202 loss_train: 1.9132 loss_val: 1.9230
Run:01 Epoch: 0203 loss_train: 1.9132 loss_val: 1.9230
Run:01 Epoch: 0204 loss_train: 1.9132 loss_val: 1.9230
Run:01 Epoch: 0205 loss_train: 1.9132 loss_val: 1.9230
Run:01 Epoch: 0206 loss_train: 1.9132 loss_val: 1.9230
Run:01 Epoch: 0207 loss_train: 1.9132 loss_val: 1.9230
Run:01 Epoch: 0208 loss_train: 1.9132 loss_val: 1.9230
Run:01 Epoch: 0209 loss_train: 1.9132 loss_val: 1.9230
Run:01 Epoch: 0210 loss_train: 1.9133 loss_val: 1.9230
Run:01 Epoch: 0211 loss_train: 1.9132 loss_val: 1.9230
Run:01 Epoch: 0212 loss_train: 1.9133 loss_val: 1.9230
Run:01 Epoch: 0213 loss_train: 1.9132 loss_val: 1.9230
Run:01 Epoch: 0214 loss_train: 1.9132 loss_val: 1.9230
Run:01 Epoch: 0215 loss_train: 1.9132 loss_val: 1.9230
Run:01 Epoch: 0216 loss_train: 1.9132 loss_val: 1.9230
Run:01 Epoch: 0217 loss_train: 1.9132 loss_val: 1.9230
Run:01 Epoch: 0218 loss_train: 1.9132 loss_val: 1.9230
Run:01 Epoch: 0219 loss_train: 1.9132 loss_val: 1.9230
Run:01 Epoch: 0220 loss_train: 1.9132 loss_val: 1.9230
Run:01 Epoch: 0221 loss_train: 1.9132 loss_val: 1.9232
Run:01 Epoch: 0222 loss_train: 1.9133 loss_val: 1.9229
Run:01 Epoch: 0223 loss_train: 1.9132 loss_val: 1.9229
Run:01 Epoch: 0224 loss_train: 1.9132 loss_val: 1.9229
Run:01 Epoch: 0225 loss_train: 1.9132 loss_val: 1.9229
Run:01 Epoch: 0226 loss_train: 1.9132 loss_val: 1.9229
Run:01 Epoch: 0227 loss_train: 1.9132 loss_val: 1.9229
Run:01 Epoch: 0228 loss_train: 1.9132 loss_val: 1.9230
Run:01 Epoch: 0229 loss_train: 1.9132 loss_val: 1.9230
Run:01 Epoch: 0230 loss_train: 1.9132 loss_val: 1.9230
Run:01 Epoch: 0231 loss_train: 1.9133 loss_val: 1.9230
Run:01 Epoch: 0232 loss_train: 1.9133 loss_val: 1.9230
Run:01 Epoch: 0233 loss_train: 1.9133 loss_val: 1.9230
Run:01 Epoch: 0234 loss_train: 1.9133 loss_val: 1.9230
Run:01 Epoch: 0235 loss_train: 1.9133 loss_val: 1.9230
Run:01 Epoch: 0236 loss_train: 1.9133 loss_val: 1.9230
Run:01 Epoch: 0237 loss_train: 1.9133 loss_val: 1.9230
Run:01 Epoch: 0238 loss_train: 1.9132 loss_val: 1.9230
Run:01 Epoch: 0239 loss_train: 1.9132 loss_val: 1.9230
Run:01 Epoch: 0240 loss_train: 1.9132 loss_val: 1.9230
Run:01 Epoch: 0241 loss_train: 1.9132 loss_val: 1.9230
Run:01 Epoch: 0242 loss_train: 1.9132 loss_val: 1.9230
Run:01 Epoch: 0243 loss_train: 1.9132 loss_val: 1.9230
Run:01 Epoch: 0244 loss_train: 1.9132 loss_val: 1.9230
Run:01 Epoch: 0245 loss_train: 1.9132 loss_val: 1.9230
Run:01 Epoch: 0246 loss_train: 1.9132 loss_val: 1.9230
Run:01 Epoch: 0247 loss_train: 1.9133 loss_val: 1.9230
Run:01 Epoch: 0248 loss_train: 1.9133 loss_val: 1.9230
Run:01 Epoch: 0249 loss_train: 1.9133 loss_val: 1.9230
Run:01 Epoch: 0250 loss_train: 1.9133 loss_val: 1.9230
Run:01 Epoch: 0251 loss_train: 1.9132 loss_val: 1.9230
Run:01 Epoch: 0252 loss_train: 1.9132 loss_val: 1.9230
Run:01 Epoch: 0253 loss_train: 1.9132 loss_val: 1.9230
Run:01 Epoch: 0254 loss_train: 1.9132 loss_val: 1.9230
Run:01 Epoch: 0255 loss_train: 1.9132 loss_val: 1.9230
Run:01 Epoch: 0256 loss_train: 1.9132 loss_val: 1.9230
Run:01 Epoch: 0257 loss_train: 1.9132 loss_val: 1.9230
Run:01 Epoch: 0258 loss_train: 1.9132 loss_val: 1.9230
Run:01 Epoch: 0259 loss_train: 1.9132 loss_val: 1.9230
Run:01 Epoch: 0260 loss_train: 1.9132 loss_val: 1.9230
Run:01 Epoch: 0261 loss_train: 1.9132 loss_val: 1.9230
Run:01 Epoch: 0262 loss_train: 1.9132 loss_val: 1.9230
Run:01 Epoch: 0263 loss_train: 1.9132 loss_val: 1.9230
Run:01 Epoch: 0264 loss_train: 1.9132 loss_val: 1.9230
Run:01 Epoch: 0265 loss_train: 1.9132 loss_val: 1.9230
Run:01 Epoch: 0266 loss_train: 1.9132 loss_val: 1.9230
Run:01 Epoch: 0267 loss_train: 1.9132 loss_val: 1.9230
Run:01 Epoch: 0268 loss_train: 1.9132 loss_val: 1.9230
Run:01 Epoch: 0269 loss_train: 1.9132 loss_val: 1.9230
Run:01 Epoch: 0270 loss_train: 1.9132 loss_val: 1.9230
Run:01 Epoch: 0271 loss_train: 1.9132 loss_val: 1.9230
Run:01 Epoch: 0272 loss_train: 1.9132 loss_val: 1.9230
Run:01 Epoch: 0273 loss_train: 1.9132 loss_val: 1.9230
Run:01 Epoch: 0274 loss_train: 1.9132 loss_val: 1.9230
Run:01 Epoch: 0275 loss_train: 1.9132 loss_val: 1.9230
Run:01 Epoch: 0276 loss_train: 1.9132 loss_val: 1.9230
Run:01 Epoch: 0277 loss_train: 1.9132 loss_val: 1.9230
Run:01 Epoch: 0278 loss_train: 1.9132 loss_val: 1.9230
Run:01 Epoch: 0279 loss_train: 1.9132 loss_val: 1.9230
Run:01 Epoch: 0280 loss_train: 1.9132 loss_val: 1.9230
Run:01 Epoch: 0281 loss_train: 1.9132 loss_val: 1.9230
Run:01 Epoch: 0282 loss_train: 1.9132 loss_val: 1.9230
Run:01 Epoch: 0283 loss_train: 1.9132 loss_val: 1.9230
Run:01 Epoch: 0284 loss_train: 1.9132 loss_val: 1.9230
Run:01 Epoch: 0285 loss_train: 1.9132 loss_val: 1.9230
Run:01 Epoch: 0286 loss_train: 1.9132 loss_val: 1.9230
Run:01 Epoch: 0287 loss_train: 1.9132 loss_val: 1.9230
Run:01 Epoch: 0288 loss_train: 1.9132 loss_val: 1.9230
Run:01 Epoch: 0289 loss_train: 1.9132 loss_val: 1.9230
Run:01 Epoch: 0290 loss_train: 1.9132 loss_val: 1.9230
Run:01 Epoch: 0291 loss_train: 1.9132 loss_val: 1.9230
Run:01 Epoch: 0292 loss_train: 1.9132 loss_val: 1.9230
Run:01 Epoch: 0293 loss_train: 1.9132 loss_val: 1.9230
Run:01 Epoch: 0294 loss_train: 1.9132 loss_val: 1.9230
Run:01 Epoch: 0295 loss_train: 1.9132 loss_val: 1.9230
Run:01 Epoch: 0296 loss_train: 1.9132 loss_val: 1.9230
Run:01 Epoch: 0297 loss_train: 1.9132 loss_val: 1.9230
Run:01 Epoch: 0298 /usr/local/miniconda3/envs/hy/lib/python3.8/site-packages/torch/nn/functional.py:1967: UserWarning: nn.functional.sigmoid is deprecated. Use torch.sigmoid instead.
  warnings.warn("nn.functional.sigmoid is deprecated. Use torch.sigmoid instead.")
Run Train:  33%|████████████████████████████████████████                                                                                | 1/3 [07:45<15:30, 465.40s/it]loss_train: 1.9132 loss_val: 1.9230
Run:01 Epoch: 0299 loss_train: 1.9132 loss_val: 1.9230
Run:01 Epoch: 0300 loss_train: 1.9132 loss_val: 1.9230
Run:01 Epoch: 0301 loss_train: 1.9132 loss_val: 1.9230
Run:01 Epoch: 0302 loss_train: 1.9132 loss_val: 1.9230
Run:01 Epoch: 0303 loss_train: 1.9132 loss_val: 1.9230
Run:01 Epoch: 0304 loss_train: 1.9132 loss_val: 1.9230
Run:01 Epoch: 0305 loss_train: 1.9132 loss_val: 1.9230
Run:01 Epoch: 0306 loss_train: 1.9132 loss_val: 1.9230
Run:01 Epoch: 0307 loss_train: 1.9132 loss_val: 1.9230
Run:01 Epoch: 0308 loss_train: 1.9132 loss_val: 1.9230
Run:01 Epoch: 0309 loss_train: 1.9132 loss_val: 1.9230
Run:01 Epoch: 0310 loss_train: 1.9132 loss_val: 1.9230
Run:01 Epoch: 0311 loss_train: 1.9132 loss_val: 1.9230
Run:01 Epoch: 0312 loss_train: 1.9132 loss_val: 1.9230
Run:01 Epoch: 0313 loss_train: 1.9132 loss_val: 1.9230
Run:01 Epoch: 0314 loss_train: 1.9132 loss_val: 1.9230
Run:01 Epoch: 0315 loss_train: 1.9132 loss_val: 1.9230
Run:01 Epoch: 0316 loss_train: 1.9132 loss_val: 1.9230
Run:01 Epoch: 0317 loss_train: 1.9132 loss_val: 1.9230
Run:01 Epoch: 0318 loss_train: 1.9132 loss_val: 1.9230
Run:01 Epoch: 0319 loss_train: 1.9132 loss_val: 1.9230
Run:01 Epoch: 0320 loss_train: 1.9132 loss_val: 1.9230
Run:01 Epoch: 0321 loss_train: 1.9132 loss_val: 1.9230
Run:01 Epoch: 0322 loss_train: 1.9132 loss_val: 1.9230
Run:01 Epoch: 0323 loss_train: 1.9132 loss_val: 1.9230
Run:01 Epoch: 0324 loss_train: 1.9132 loss_val: 1.9230
Run:01 Epoch: 0325 loss_train: 1.9132 loss_val: 1.9230
Run:01 Epoch: 0326 loss_train: 1.9132 loss_val: 1.9230
Run:01 Epoch: 0327 loss_train: 1.9132 loss_val: 1.9230
Run:01 Epoch: 0328 loss_train: 1.9132 loss_val: 1.9230
Run:01 Epoch: 0329 loss_train: 1.9132 loss_val: 1.9230
Run:01 Epoch: 0330 loss_train: 1.9132 loss_val: 1.9230
Run:01 Epoch: 0331 loss_train: 1.9132 loss_val: 1.9230
Run:01 Epoch: 0332 loss_train: 1.9132 loss_val: 1.9230
Run:01 Epoch: 0333 loss_train: 1.9132 loss_val: 1.9230
Run:01 Epoch: 0334 loss_train: 1.9132 loss_val: 1.9230
Run:01 Epoch: 0335 loss_train: 1.9132 loss_val: 1.9230
Run:01 Epoch: 0336 loss_train: 1.9132 loss_val: 1.9230
Run:01 Epoch: 0337 loss_train: 1.9132 loss_val: 1.9230
Run:01 Epoch: 0338 loss_train: 1.9132 loss_val: 1.9230
Run:01 Epoch: 0339 loss_train: 1.9132 loss_val: 1.9230
Run:01 Epoch: 0340 loss_train: 1.9132 loss_val: 1.9230
Run:01 Epoch: 0341 loss_train: 1.9132 loss_val: 1.9230
Run:01 Epoch: 0342 loss_train: 1.9132 loss_val: 1.9230
Run:01 Epoch: 0343 loss_train: 1.9132 loss_val: 1.9230
Run:01 Epoch: 0344 loss_train: 1.9132 loss_val: 1.9230
Run:01 Epoch: 0345 loss_train: 1.9132 loss_val: 1.9230
Run:01 Epoch: 0346 loss_train: 1.9132 loss_val: 1.9230
Run:01 Epoch: 0347 loss_train: 1.9132 loss_val: 1.9230
Run:01 Epoch: 0348 loss_train: 1.9132 loss_val: 1.9230
Run:01 Epoch: 0349 loss_train: 1.9132 loss_val: 1.9230
Run:01 Epoch: 0350 loss_train: 1.9132 loss_val: 1.9230
Run:01 Epoch: 0351 loss_train: 1.9132 loss_val: 1.9230
Run:01 Epoch: 0352 loss_train: 1.9132 loss_val: 1.9230
Run:01 Epoch: 0353 loss_train: 1.9132 loss_val: 1.9230
Run:01 Epoch: 0354 loss_train: 1.9132 loss_val: 1.9230
Run:01 Epoch: 0355 loss_train: 1.9132 loss_val: 1.9230
Run:01 Epoch: 0356 loss_train: 1.9132 loss_val: 1.9230
Run:01 Epoch: 0357 loss_train: 1.9132 loss_val: 1.9230
Run:01 Epoch: 0358 loss_train: 1.9132 loss_val: 1.9230
Run:01 Epoch: 0359 loss_train: 1.9132 loss_val: 1.9230
Run:01 Epoch: 0360 loss_train: 1.9132 loss_val: 1.9230
Run:01 Epoch: 0361 loss_train: 1.9132 loss_val: 1.9230
Run:01 Epoch: 0362 loss_train: 1.9132 loss_val: 1.9230
Run:01 Epoch: 0363 loss_train: 1.9132 loss_val: 1.9230
Run:01 Epoch: 0364 loss_train: 1.9132 loss_val: 1.9230
Run:01 Epoch: 0365 loss_train: 1.9132 loss_val: 1.9230
Run:01 Epoch: 0366 loss_train: 1.9132 loss_val: 1.9230
Run:01 Epoch: 0367 loss_train: 1.9132 loss_val: 1.9230
Run:01 Epoch: 0368 loss_train: 1.9132 loss_val: 1.9230
Run:01 Epoch: 0369 loss_train: 1.9132 loss_val: 1.9230
Run:01 Epoch: 0370 loss_train: 1.9132 loss_val: 1.9230
Run:01 Epoch: 0371 loss_train: 1.9132 loss_val: 1.9230
Run:01 Epoch: 0372 loss_train: 1.9132 loss_val: 1.9230
Run:01 Epoch: 0373 loss_train: 1.9132 loss_val: 1.9230
Run:01 Epoch: 0374 loss_train: 1.9132 loss_val: 1.9230
Run:01 Epoch: 0375 loss_train: 1.9132 loss_val: 1.9230
Run:01 Epoch: 0376 loss_train: 1.9132 loss_val: 1.9230
Run:01 Epoch: 0377 loss_train: 1.9132 loss_val: 1.9230
Run:01 Epoch: 0378 loss_train: 1.9132 loss_val: 1.9230
Run:01 Epoch: 0379 loss_train: 1.9132 loss_val: 1.9230
Run:01 Epoch: 0380 loss_train: 1.9132 loss_val: 1.9230
Run:01 Epoch: 0381 loss_train: 1.9132 loss_val: 1.9230
Run:01 Epoch: 0382 loss_train: 1.9132 loss_val: 1.9230
Run:01 Epoch: 0383 loss_train: 1.9132 loss_val: 1.9230
Run:01 Epoch: 0384 loss_train: 1.9132 loss_val: 1.9230
Run:01 Epoch: 0385 loss_train: 1.9132 loss_val: 1.9230
Run:01 Epoch: 0386 loss_train: 1.9132 loss_val: 1.9230
Run:01 Epoch: 0387 loss_train: 1.9132 loss_val: 1.9230
Run:01 Epoch: 0388 loss_train: 1.9132 loss_val: 1.9230
Run:01 Epoch: 0389 loss_train: 1.9132 loss_val: 1.9230
Run:01 Epoch: 0390 loss_train: 1.9132 loss_val: 1.9230
Run:01 Epoch: 0391 loss_train: 1.9132 loss_val: 1.9230
Run:01 Epoch: 0392 loss_train: 1.9132 loss_val: 1.9230
Run:01 Epoch: 0393 loss_train: 1.9132 loss_val: 1.9230
Run:01 Epoch: 0394 loss_train: 1.9132 loss_val: 1.9230
Run:01 Epoch: 0395 loss_train: 1.9132 loss_val: 1.9230
Run:01 Epoch: 0396 loss_train: 1.9132 loss_val: 1.9230
Run:01 Epoch: 0397 loss_train: 1.9132 loss_val: 1.9230
Run:01 Epoch: 0398 loss_train: 1.9132 loss_val: 1.9230
Run:01 Epoch: 0399 loss_train: 1.9132 loss_val: 1.9230
Run:01 Epoch: 0400 loss_train: 1.9132 loss_val: 1.9230
Run:02 Epoch: 0001 loss_train: 1.9873 loss_val: 15.8193
Run:02 Epoch: 0002 loss_train: 13.5319 loss_val: 13.6038
Run:02 Epoch: 0003 loss_train: 10.7838 loss_val: 11.0234
Run:02 Epoch: 0004 loss_train: 7.4632 loss_val: 2.9562
Run:02 Epoch: 0005 loss_train: 2.5192 loss_val: 2.0973
Run:02 Epoch: 0006 loss_train: 2.0153 loss_val: 1.9034
Run:02 Epoch: 0007 loss_train: 1.8841 loss_val: 1.8959
Run:02 Epoch: 0008 loss_train: 1.9097 loss_val: 1.8958
Run:02 Epoch: 0009 loss_train: 1.8941 loss_val: 1.8911
Run:02 Epoch: 0010 loss_train: 1.8823 loss_val: 1.8805
Run:02 Epoch: 0011 loss_train: 1.8712 loss_val: 1.8671
Run:02 Epoch: 0012 loss_train: 1.8765 loss_val: 1.8551
Run:02 Epoch: 0013 loss_train: 1.8901 loss_val: 1.8474
Run:02 Epoch: 0014 loss_train: 1.8845 loss_val: 1.8450
Run:02 Epoch: 0015 loss_train: 1.8835 loss_val: 1.8479
Run:02 Epoch: 0016 loss_train: 1.8919 loss_val: 1.8549
Run:02 Epoch: 0017 loss_train: 1.8974 loss_val: 1.8645
Run:02 Epoch: 0018 loss_train: 1.8955 loss_val: 1.8814
Run:02 Epoch: 0019 loss_train: 1.9261 loss_val: 1.8880
Run:02 Epoch: 0020 loss_train: 1.9274 loss_val: 1.8819
Run:02 Epoch: 0021 loss_train: 1.9334 loss_val: 1.8674
Run:02 Epoch: 0022 loss_train: 1.9012 loss_val: 1.8583
Run:02 Epoch: 0023 loss_train: 1.8958 loss_val: 1.8527
Run:02 Epoch: 0024 loss_train: 1.9017 loss_val: 1.8426
Run:02 Epoch: 0025 loss_train: 1.8847 loss_val: 1.8335
Run:02 Epoch: 0026 loss_train: 1.8813 loss_val: 1.8286
Run:02 Epoch: 0027 loss_train: 1.8782 loss_val: 1.8243
Run:02 Epoch: 0028 loss_train: 1.8858 loss_val: 1.8230
Run:02 Epoch: 0029 loss_train: 1.8740 loss_val: 1.8213
Run:02 Epoch: 0030 loss_train: 1.8182 loss_val: 1.8175
Run:02 Epoch: 0031 loss_train: 1.8667 loss_val: 1.8192
Run:02 Epoch: 0032 loss_train: 1.8655 loss_val: 1.8087
Run:02 Epoch: 0033 loss_train: 1.8085 loss_val: 1.8049
Run:02 Epoch: 0034 loss_train: 1.8176 loss_val: 1.8039
Run:02 Epoch: 0035 loss_train: 1.8510 loss_val: 1.7922
Run:02 Epoch: 0036 loss_train: 1.8431 loss_val: 1.7847
Run:02 Epoch: 0037 loss_train: 1.8172 loss_val: 1.7799
Run:02 Epoch: 0038 loss_train: 1.8395 loss_val: 1.7772
Run:02 Epoch: 0039 loss_train: 1.8266 loss_val: 1.7723
Run:02 Epoch: 0040 loss_train: 1.8142 loss_val: 1.7738
Run:02 Epoch: 0041 loss_train: 1.8032 loss_val: 1.7709
Run:02 Epoch: 0042 loss_train: 1.8157 loss_val: 1.7654
Run:02 Epoch: 0043 loss_train: 1.8023 loss_val: 1.7637
Run:02 Epoch: 0044 loss_train: 1.8004 loss_val: 1.7719
Run:02 Epoch: 0045 loss_train: 1.8160 loss_val: 1.7782
Run:02 Epoch: 0046 loss_train: 1.8218 loss_val: 1.7489
Run:02 Epoch: 0047 loss_train: 1.7881 loss_val: 1.7429
Run:02 Epoch: 0048 loss_train: 1.7684 loss_val: 1.7450
Run:02 Epoch: 0049 loss_train: 1.7834 loss_val: 1.7387
Run:02 Epoch: 0050 loss_train: 1.7770 loss_val: 1.7324
Run:02 Epoch: 0051 loss_train: 1.7833 loss_val: 1.7796
Run:02 Epoch: 0052 loss_train: 1.8165 loss_val: 1.7213
Run:02 Epoch: 0053 loss_train: 1.7733 loss_val: 1.7263
Run:02 Epoch: 0054 loss_train: 1.7625 loss_val: 1.7063
Run:02 Epoch: 0055 loss_train: 1.7476 loss_val: 1.7806
Run:02 Epoch: 0056 loss_train: 1.7661 loss_val: 1.6939
Run:02 Epoch: 0057 loss_train: 1.7220 loss_val: 1.7365
Run:02 Epoch: 0058 loss_train: 1.7599 loss_val: 1.7236
Run:02 Epoch: 0059 loss_train: 1.7781 loss_val: 1.7701
Run:02 Epoch: 0060 loss_train: 1.7817 loss_val: 1.6712
Run:02 Epoch: 0061 loss_train: 1.7083 loss_val: 1.6794
Run:02 Epoch: 0062 loss_train: 1.7130 loss_val: 1.6412
Run:02 Epoch: 0063 loss_train: 1.7255 loss_val: 1.6423
Run:02 Epoch: 0064 loss_train: 1.6824 loss_val: 1.7185
Run:02 Epoch: 0065 loss_train: 1.7165 loss_val: 1.6220
Run:02 Epoch: 0066 loss_train: 1.6857 loss_val: 1.6230
Run:02 Epoch: 0067 loss_train: 1.7145 loss_val: 1.6570
Run:02 Epoch: 0068 loss_train: 1.7104 loss_val: 1.6319
Run:02 Epoch: 0069 loss_train: 1.6637 loss_val: 1.5909
Run:02 Epoch: 0070 loss_train: 1.6527 loss_val: 1.6197
Run:02 Epoch: 0071 loss_train: 1.7061 loss_val: 1.5761
Run:02 Epoch: 0072 loss_train: 1.6637 loss_val: 1.5786
Run:02 Epoch: 0073 loss_train: 1.6485 loss_val: 1.5657
Run:02 Epoch: 0074 loss_train: 1.6682 loss_val: 1.5649
Run:02 Epoch: 0075 loss_train: 1.6342 loss_val: 1.5676
Run:02 Epoch: 0076 loss_train: 1.6272 loss_val: 1.5517
Run:02 Epoch: 0077 loss_train: 1.6135 loss_val: 1.5582
Run:02 Epoch: 0078 loss_train: 1.5831 loss_val: 1.5404
Run:02 Epoch: 0079 loss_train: 1.6283 loss_val: 1.5535
Run:02 Epoch: 0080 loss_train: 1.5755 loss_val: 1.5759
Run:02 Epoch: 0081 loss_train: 1.6050 loss_val: 1.5656
Run:02 Epoch: 0082 loss_train: 1.6424 loss_val: 1.5436
Run:02 Epoch: 0083 loss_train: 1.5894 loss_val: 1.5693
Run:02 Epoch: 0084 loss_train: 1.5901 loss_val: 1.5351
Run:02 Epoch: 0085 loss_train: 1.5571 loss_val: 1.5370
Run:02 Epoch: 0086 loss_train: 1.5815 loss_val: 1.5832
Run:02 Epoch: 0087 loss_train: 1.5952 loss_val: 1.5201
Run:02 Epoch: 0088 loss_train: 1.5355 loss_val: 1.5578
Run:02 Epoch: 0089 loss_train: 1.5692 loss_val: 2.8072
Run:02 Epoch: 0090 loss_train: 2.7390 loss_val: 1.6364
Run:02 Epoch: 0091 loss_train: 1.5977 loss_val: 1.5757
Run:02 Epoch: 0092 loss_train: 1.6098 loss_val: 1.6169
Run:02 Epoch: 0093 loss_train: 1.5360 loss_val: 1.6023
Run:02 Epoch: 0094 loss_train: 1.5719 loss_val: 1.4898
Run:02 Epoch: 0095 loss_train: 1.5353 loss_val: 1.5441
Run:02 Epoch: 0096 loss_train: 1.6179 loss_val: 1.5162
Run:02 Epoch: 0097 loss_train: 1.6056 loss_val: 1.5072
Run:02 Epoch: 0098 loss_train: 1.5471 loss_val: 1.5574
Run:02 Epoch: 0099 loss_train: 1.5201 loss_val: 1.6014
Run:02 Epoch: 0100 loss_train: 1.5838 loss_val: 1.5708
Run:02 Epoch: 0101 loss_train: 1.5075 loss_val: 1.6063
Run:02 Epoch: 0102 loss_train: 1.5508 loss_val: 1.6556
Run:02 Epoch: 0103 loss_train: 1.5338 loss_val: 1.6861
Run:02 Epoch: 0104 loss_train: 1.5853 loss_val: 1.6034
Run:02 Epoch: 0105 loss_train: 1.4803 loss_val: 1.5801
Run:02 Epoch: 0106 loss_train: 1.5057 loss_val: 1.5788
Run:02 Epoch: 0107 loss_train: 1.4776 loss_val: 1.5357
Run:02 Epoch: 0108 loss_train: 1.4848 loss_val: 1.5399
Run:02 Epoch: 0109 loss_train: 1.4847 loss_val: 1.5204
Run:02 Epoch: 0110 loss_train: 1.4925 loss_val: 1.5144
Run:02 Epoch: 0111 loss_train: 1.5104 loss_val: 1.5220
Run:02 Epoch: 0112 loss_train: 1.4817 loss_val: 1.5422
Run:02 Epoch: 0113 loss_train: 1.4848 loss_val: 1.5523
Run:02 Epoch: 0114 loss_train: 1.4695 loss_val: 1.5080
Run:02 Epoch: 0115 loss_train: 1.4695 loss_val: 1.5013
Run:02 Epoch: 0116 loss_train: 1.4611 loss_val: 1.4531
Run:02 Epoch: 0117 loss_train: 1.4628 loss_val: 1.4516
Run:02 Epoch: 0118 loss_train: 1.4409 loss_val: 1.4627
Run:02 Epoch: 0119 loss_train: 1.4721 loss_val: 1.4488
Run:02 Epoch: 0120 loss_train: 1.4624 loss_val: 1.4610
Run:02 Epoch: 0121 loss_train: 1.4400 loss_val: 1.4367
Run:02 Epoch: 0122 loss_train: 1.4562 loss_val: 1.4317
Run:02 Epoch: 0123 loss_train: 1.4431 loss_val: 1.4262
Run:02 Epoch: 0124 loss_train: 1.4318 loss_val: 1.4223
Run:02 Epoch: 0125 loss_train: 1.4376 loss_val: 1.4285
Run:02 Epoch: 0126 loss_train: 1.4090 loss_val: 1.4354
Run:02 Epoch: 0127 loss_train: 1.4272 loss_val: 1.4227
Run:02 Epoch: 0128 loss_train: 1.3969 loss_val: 1.4307
Run:02 Epoch: 0129 loss_train: 1.4372 loss_val: 1.4676
Run:02 Epoch: 0130 loss_train: 1.4250 loss_val: 1.4417
Run:02 Epoch: 0131 loss_train: 1.4238 loss_val: 1.4795
Run:02 Epoch: 0132 loss_train: 1.4438 loss_val: 1.4922
Run:02 Epoch: 0133 loss_train: 1.4080 loss_val: 1.4510
Run:02 Epoch: 0134 loss_train: 1.4199 loss_val: 1.4627
Run:02 Epoch: 0135 loss_train: 1.4103 loss_val: 1.4611
Run:02 Epoch: 0136 loss_train: 1.3686 loss_val: 1.4753
Run:02 Epoch: 0137 loss_train: 1.4029 loss_val: 1.4684
Run:02 Epoch: 0138 loss_train: 1.3717 loss_val: 1.4702
Run:02 Epoch: 0139 loss_train: 1.3758 loss_val: 1.4275
Run:02 Epoch: 0140 loss_train: 1.3712 loss_val: 1.4131
Run:02 Epoch: 0141 loss_train: 1.4011 loss_val: 1.4357
Run:02 Epoch: 0142 loss_train: 1.3826 loss_val: 1.4144
Run:02 Epoch: 0143 loss_train: 1.3720 loss_val: 1.4051
Run:02 Epoch: 0144 loss_train: 1.3807 loss_val: 1.4317
Run:02 Epoch: 0145 loss_train: 1.3881 loss_val: 1.4235
Run:02 Epoch: 0146 loss_train: 1.3651 loss_val: 1.4038
Run:02 Epoch: 0147 loss_train: 1.3825 loss_val: 1.3912
Run:02 Epoch: 0148 loss_train: 1.3930 loss_val: 1.4097
Run:02 Epoch: 0149 loss_train: 1.3669 loss_val: 1.4383
Run:02 Epoch: 0150 loss_train: 1.3578 loss_val: 1.4229
Run:02 Epoch: 0151 loss_train: 1.3445 loss_val: 1.3958
Run:02 Epoch: 0152 loss_train: 1.3598 loss_val: 1.3687
Run:02 Epoch: 0153 loss_train: 1.3508 loss_val: 1.3830
Run:02 Epoch: 0154 loss_train: 1.3515 loss_val: 1.3956
Run:02 Epoch: 0155 loss_train: 1.3492 loss_val: 1.3817
Run:02 Epoch: 0156 loss_train: 1.3787 loss_val: 1.3486
Run:02 Epoch: 0157 loss_train: 1.3976 loss_val: 1.4018
Run:02 Epoch: 0158 loss_train: 1.3502 loss_val: 1.3551
Run:02 Epoch: 0159 loss_train: 1.3500 loss_val: 1.3809
Run:02 Epoch: 0160 loss_train: 1.3518 loss_val: 1.4466
Run:02 Epoch: 0161 loss_train: 1.3606 loss_val: 1.3904
Run:02 Epoch: 0162 loss_train: 1.3703 loss_val: 1.3847
Run:02 Epoch: 0163 loss_train: 1.3305 loss_val: 1.3948
Run:02 Epoch: 0164 loss_train: 1.3584 loss_val: 1.4742
Run:02 Epoch: 0165 loss_train: 1.3677 loss_val: 1.4242
Run:02 Epoch: 0166 loss_train: 1.3362 loss_val: 1.3848
Run:02 Epoch: 0167 loss_train: 1.3806 loss_val: 1.3814
Run:02 Epoch: 0168 loss_train: 1.3897 loss_val: 1.3979
Run:02 Epoch: 0169 loss_train: 1.3665 loss_val: 1.3990
Run:02 Epoch: 0170 loss_train: 1.3640 loss_val: 1.4558
Run:02 Epoch: 0171 loss_train: 1.4100 loss_val: 1.4119
Run:02 Epoch: 0172 loss_train: 1.3818 loss_val: 1.4592
Run:02 Epoch: 0173 loss_train: 1.4187 loss_val: 1.4227
Run:02 Epoch: 0174 loss_train: 1.4161 loss_val: 1.4228
Run:02 Epoch: 0175 loss_train: 1.3507 loss_val: 1.4852
Run:02 Epoch: 0176 loss_train: 1.3610 loss_val: 1.5220
Run:02 Epoch: 0177 loss_train: 1.3812 loss_val: 1.4573
Run:02 Epoch: 0178 loss_train: 1.3446 loss_val: 1.4151
Run:02 Epoch: 0179 loss_train: 1.3539 loss_val: 1.3901
Run:02 Epoch: 0180 loss_train: 1.3595 loss_val: 1.4072
Run:02 Epoch: 0181 loss_train: 1.3736 loss_val: 1.3862
Run:02 Epoch: 0182 loss_train: 1.3540 loss_val: 1.3991
Run:02 Epoch: 0183 loss_train: 1.3700 loss_val: 1.4181
Run:02 Epoch: 0184 loss_train: 1.3337 loss_val: 1.4642
Run:02 Epoch: 0185 loss_train: 1.3878 loss_val: 1.4858
Run:02 Epoch: 0186 loss_train: 1.3936 loss_val: 1.4676
Run:02 Epoch: 0187 loss_train: 1.3352 loss_val: 1.4386
Run:02 Epoch: 0188 loss_train: 1.3508 loss_val: 1.4200
Run:02 Epoch: 0189 loss_train: 1.3596 loss_val: 1.4275
Run:02 Epoch: 0190 loss_train: 1.3801 loss_val: 1.3876
Run:02 Epoch: 0191 loss_train: 1.3431 loss_val: 1.3974
Run:02 Epoch: 0192 loss_train: 1.3343 loss_val: 1.4161
Run:02 Epoch: 0193 loss_train: 1.3579 loss_val: 1.4901
Run:02 Epoch: 0194 loss_train: 1.3806 loss_val: 1.4631
Run:02 Epoch: 0195 loss_train: 1.3487 loss_val: 1.4221
Run:02 Epoch: 0196 loss_train: 1.3296 loss_val: 1.3918
Run:02 Epoch: 0197 loss_train: 1.3342 loss_val: 1.3735
Run:02 Epoch: 0198 loss_train: 1.3442 loss_val: 1.3892
Run:02 Epoch: 0199 loss_train: 1.3226 loss_val: 1.4091
Run:02 Epoch: 0200 loss_train: 1.3461 loss_val: 1.4463
Run:02 Epoch: 0201 loss_train: 1.3373 loss_val: 1.4455
Run:02 Epoch: 0202 loss_train: 1.3280 loss_val: 1.4979
Run:02 Epoch: 0203 loss_train: 1.3478 loss_val: 1.3984
Run:02 Epoch: 0204 loss_train: 1.3243 loss_val: 1.3680
Run:02 Epoch: 0205 loss_train: 1.3150 loss_val: 1.3714
Run:02 Epoch: 0206 loss_train: 1.3342 loss_val: 1.3957
Run:02 Epoch: 0207 loss_train: 1.3179 loss_val: 1.4361
Run:02 Epoch: 0208 loss_train: 1.3342 loss_val: 1.4002
Run:02 Epoch: 0209 loss_train: 1.3095 loss_val: 1.3589
Run:02 Epoch: 0210 loss_train: 1.3209 loss_val: 1.3762
Run:02 Epoch: 0211 loss_train: 1.3431 loss_val: 1.3773
Run:02 Epoch: 0212 loss_train: 1.3303 loss_val: 1.3749
Run:02 Epoch: 0213 loss_train: 1.3029 loss_val: 1.3676
Run:02 Epoch: 0214 loss_train: 1.3121 loss_val: 1.3560
Run:02 Epoch: 0215 loss_train: 1.2966 loss_val: 1.3609
Run:02 Epoch: 0216 loss_train: 1.2990 loss_val: 1.4860
Run:02 Epoch: 0217 loss_train: 1.3545 loss_val: 1.3668
Run:02 Epoch: 0218 loss_train: 1.3221 loss_val: 1.3723
Run:02 Epoch: 0219 loss_train: 1.3672 loss_val: 1.3838
Run:02 Epoch: 0220 loss_train: 1.3222 loss_val: 1.4379
Run:02 Epoch: 0221 loss_train: 1.3869 loss_val: 1.4705
Run:02 Epoch: 0222 loss_train: 1.3627 loss_val: 1.3815
Run:02 Epoch: 0223 loss_train: 1.3394 loss_val: 1.4397
Run:02 Epoch: 0224 loss_train: 1.3807 loss_val: 1.4184
Run:02 Epoch: 0225 loss_train: 1.3621 loss_val: 1.4480
Run:02 Epoch: 0226 loss_train: 1.3368 loss_val: 1.5917
Run:02 Epoch: 0227 loss_train: 1.3923 loss_val: 1.5563
Run:02 Epoch: 0228 loss_train: 1.3520 loss_val: 1.4058
Run:02 Epoch: 0229 loss_train: 1.3093 loss_val: 1.4229
Run:02 Epoch: 0230 loss_train: 1.3503 loss_val: 1.3578
Run:02 Epoch: 0231 loss_train: 1.3388 loss_val: 1.3494
Run:02 Epoch: 0232 loss_train: 1.3232 loss_val: 1.4011
Run:02 Epoch: 0233 loss_train: 1.2971 loss_val: 1.4299
Run:02 Epoch: 0234 loss_train: 1.2949 loss_val: 1.4662
Run:02 Epoch: 0235 loss_train: 1.3266 loss_val: 1.4092
Run:02 Epoch: 0236 loss_train: 1.3213 loss_val: 1.4173
Run:02 Epoch: 0237 loss_train: 1.3514 loss_val: 1.4180
Run:02 Epoch: 0238 loss_train: 1.3257 loss_val: 1.4113
Run:02 Epoch: 0239 loss_train: 1.3451 loss_val: 1.3922
Run:02 Epoch: 0240 loss_train: 1.3674 loss_val: 1.4358
Run:02 Epoch: 0241 loss_train: 1.3304 loss_val: 1.4822
Run:02 Epoch: 0242 loss_train: 1.3849 loss_val: 1.4676
Run:02 Epoch: 0243 loss_train: 1.3175 loss_val: 1.4924
Run:02 Epoch: 0244 loss_train: 1.3287 loss_val: 1.4610
Run:02 Epoch: 0245 loss_train: 1.3180 loss_val: 1.5352
Run:02 Epoch: 0246 loss_train: 1.3843 loss_val: 1.4248
Run:02 Epoch: 0247 loss_train: 1.3050 loss_val: 1.4296
Run:02 Epoch: 0248 loss_train: 1.3473 loss_val: 1.3967
Run:02 Epoch: 0249 loss_train: 1.2958 loss_val: 1.5659
Run:02 Epoch: 0250 loss_train: 1.3663 loss_val: 1.4369
Run:02 Epoch: 0251 loss_train: 1.3319 loss_val: 1.3866
Run:02 Epoch: 0252 loss_train: 1.2978 loss_val: 1.3943
Run:02 Epoch: 0253 loss_train: 1.3330 loss_val: 1.3477
Run:02 Epoch: 0254 loss_train: 1.2954 loss_val: 1.3820
Run:02 Epoch: 0255 loss_train: 1.3041 loss_val: 1.3541
Run:02 Epoch: 0256 loss_train: 1.2833 loss_val: 1.3662
Run:02 Epoch: 0257 loss_train: 1.3061 loss_val: 1.3579
Run:02 Epoch: 0258 loss_train: 1.3268 loss_val: 1.4407
Run:02 Epoch: 0259 loss_train: 1.3690 loss_val: 1.3474
Run:02 Epoch: 0260 loss_train: 1.2829 loss_val: 1.3715
Run:02 Epoch: 0261 loss_train: 1.2924 loss_val: 1.3838
Run:02 Epoch: 0262 loss_train: 1.3024 loss_val: 1.3537
Run:02 Epoch: 0263 loss_train: 1.2979 loss_val: 1.3438
Run:02 Epoch: 0264 loss_train: 1.3148 loss_val: 1.3599
Run:02 Epoch: 0265 loss_train: 1.3013 loss_val: 1.4055
Run:02 Epoch: 0266 loss_train: 1.3209 loss_val: 1.3582
Run:02 Epoch: 0267 loss_train: 1.3074 loss_val: 1.3325
Run:02 Epoch: 0268 loss_train: 1.2670 loss_val: 1.4180
Run:02 Epoch: 0269 loss_train: 1.2940 loss_val: 1.3526
Run:02 Epoch: 0270 loss_train: 1.2922 loss_val: 1.3397
Run:02 Epoch: 0271 loss_train: 1.3205 loss_val: 1.3731
Run:02 Epoch: 0272 loss_train: 1.2862 loss_val: 1.4173
Run:02 Epoch: 0273 loss_train: 1.3371 loss_val: 1.3466
Run:02 Epoch: 0274 loss_train: 1.2789 loss_val: 1.3364
Run:02 Epoch: 0275 loss_train: 1.3371 loss_val: 1.3614
Run:02 Epoch: 0276 loss_train: 1.2832 loss_val: 1.4967
Run:02 Epoch: 0277 loss_train: 1.3521 loss_val: 1.3264
Run:02 Epoch: 0278 loss_train: 1.3158 loss_val: 1.3469
Run:02 Epoch: 0279 loss_train: 1.3293 loss_val: 1.3330
Run:02 Epoch: 0280 loss_train: 1.2814 loss_val: 1.4542
Run:02 Epoch: 0281 loss_train: 1.3112 loss_val: 1.5082
Run:02 Epoch: 0282 loss_train: 1.3326 loss_val: 1.3700
Run:02 Epoch: 0283 loss_train: 1.2784 loss_val: 1.3559
Run:02 Epoch: 0284 loss_train: 1.2935 loss_val: 1.3554
Run:02 Epoch: 0285 loss_train: 1.3206 loss_val: 1.4106
Run:02 Epoch: 0286 loss_train: 1.3830 loss_val: 1.4014
Run:02 Epoch: 0287 loss_train: 1.2969 loss_val: 1.4622
Run:02 Epoch: 0288 loss_train: 1.3343 loss_val: 1.4094
Run:02 Epoch: 0289 loss_train: 1.3171 loss_val: 1.3813
Run:02 Epoch: 0290 loss_train: 1.2866 loss_val: 1.3657
Run:02 Epoch: 0291 loss_train: 1.2861 loss_val: 1.4015
Run:02 Epoch: 0292 loss_train: 1.2845 loss_val: 1.4244
Run:02 Epoch: 0293 loss_train: 1.3110 loss_val: 1.4275
Run:02 Epoch: 0294 loss_train: 1.3196 loss_val: 1.3978
Run:02 Epoch: 0295 loss_train: 1.2742 loss_val: 1.4002
Run:02 Epoch: 0296 loss_train: 1.2645 loss_val: 1.3876
Run:02 Epoch: 0297 loss_train: 1.2699 loss_val: 1.4258
Run:02 Epoch: 0298 loss_train: 1.3256 loss_val: 1.3985
Run:02 Epoch: 0299 loss_train: 1.2526 loss_val: 1.3936
Run:02 Epoch: 0300 loss_train: 1.2677 loss_val: 1.3393
Run:02 Epoch: 0301 loss_train: 1.2555 loss_val: 1.3473
Run:02 Epoch: 0302 loss_train: 1.2611 loss_val: 1.3206
Run:02 Epoch: 0303 loss_train: 1.2562 loss_val: 1.3155
Run:02 Epoch: 0304 loss_train: 1.2378 loss_val: 1.3098
Run:02 Epoch: 0305 loss_train: 1.2517 loss_val: 1.3396
Run:02 Epoch: 0306 loss_train: 1.2715 loss_val: 1.3112
Run:02 Epoch: 0307 loss_train: 1.2421 loss_val: 1.3686
Run:02 Epoch: 0308 loss_train: 1.2334 loss_val: 1.3311
Run:02 Epoch: 0309 loss_train: 1.2463 loss_val: 1.3012
Run:02 Epoch: 0310 loss_train: 1.2323 loss_val: 1.2791
Run:02 Epoch: 0311 loss_train: 1.2222 loss_val: 1.3270
Run:02 Epoch: 0312 loss_train: 1.2528 loss_val: 1.2754
Run:02 Epoch: 0313 loss_train: 1.2210 loss_val: 1.2801
Run:02 Epoch: 0314 loss_train: 1.2384 loss_val: 1.3250
Run:02 Epoch: 0315 loss_train: 1.2339 loss_val: 1.3668
Run:02 Epoch: 0316 loss_train: 1.2561 loss_val: 1.2966
Run:02 Epoch: 0317 loss_train: 1.2342 loss_val: 1.3189
Run:02 Epoch: 0318 loss_train: 1.2626 loss_val: 1.3671
Run:02 Epoch: 0319 loss_train: 1.2481 loss_val: 1.4295
Run:02 Epoch: 0320 loss_train: 1.3093 loss_val: 1.3572
Run:02 Epoch: 0321 loss_train: 1.3139 loss_val: 1.4731
Run:02 Epoch: 0322 loss_train: 1.4093 loss_val: 1.3683
Run:02 Epoch: 0323 loss_train: 1.2319 loss_val: 1.5519
Run:02 Epoch: 0324 loss_train: 1.4167 loss_val: 1.3676
Run:02 Epoch: 0325 loss_train: 1.2474 loss_val: 1.4858
Run:02 Epoch: 0326 loss_train: 1.3605 loss_val: 1.3669
Run:02 Epoch: 0327 loss_train: 1.3481 loss_val: 1.3804
Run:02 Epoch: 0328 loss_train: 1.3180 loss_val: 1.4059
Run:02 Epoch: 0329 loss_train: 1.2588 loss_val: 1.5006
Run:02 Epoch: 0330 loss_train: 1.2715 loss_val: 1.5413
Run:02 Epoch: 0331 loss_train: 1.2833 loss_val: 1.5395
Run:02 Epoch: 0332 loss_train: 1.2888 loss_val: 1.4659
Run:02 Epoch: 0333 loss_train: 1.2477 loss_val: 1.4084
Run:02 Epoch: 0334 loss_train: 1.2147 loss_val: 1.3804
Run:02 Epoch: 0335 loss_train: 1.2636 loss_val: 1.3673
Run:02 Epoch: 0336 loss_train: 1.2893 loss_val: 1.3434
Run:02 Epoch: 0337 loss_train: 1.2665 loss_val: 1.3501
Run:02 Epoch: 0338 loss_train: 1.2522 loss_val: 1.3714
Run:02 Epoch: 0339 loss_train: 1.2460 loss_val: 1.3805
Run:02 Epoch: 0340 loss_train: 1.2246 loss_val: 1.4291
Run:02 Epoch: 0341 loss_train: 1.2387 loss_val: 1.4245
Run:02 Epoch: 0342 loss_train: 1.2446 loss_val: 1.4024
Run:02 Epoch: 0343 loss_train: 1.2243 loss_val: 1.3874
Run:02 Epoch: 0344 loss_train: 1.2210 /usr/local/miniconda3/envs/hy/lib/python3.8/site-packages/torch/nn/functional.py:1967: UserWarning: nn.functional.sigmoid is deprecated. Use torch.sigmoid instead.
  warnings.warn("nn.functional.sigmoid is deprecated. Use torch.sigmoid instead.")
Run Train:  67%|████████████████████████████████████████████████████████████████████████████████                                        | 2/3 [15:03<07:29, 449.23s/it]loss_val: 1.4045
Run:02 Epoch: 0345 loss_train: 1.2305 loss_val: 1.3572
Run:02 Epoch: 0346 loss_train: 1.2469 loss_val: 1.3322
Run:02 Epoch: 0347 loss_train: 1.2245 loss_val: 1.3170
Run:02 Epoch: 0348 loss_train: 1.2145 loss_val: 1.3622
Run:02 Epoch: 0349 loss_train: 1.2068 loss_val: 1.3585
Run:02 Epoch: 0350 loss_train: 1.2334 loss_val: 1.3899
Run:02 Epoch: 0351 loss_train: 1.2157 loss_val: 1.3610
Run:02 Epoch: 0352 loss_train: 1.1878 loss_val: 1.3846
Run:02 Epoch: 0353 loss_train: 1.2564 loss_val: 1.3475
Run:02 Epoch: 0354 loss_train: 1.2119 loss_val: 1.3132
Run:02 Epoch: 0355 loss_train: 1.2259 loss_val: 1.2900
Run:02 Epoch: 0356 loss_train: 1.1906 loss_val: 1.2934
Run:02 Epoch: 0357 loss_train: 1.2016 loss_val: 1.2931
Run:02 Epoch: 0358 loss_train: 1.1852 loss_val: 1.3134
Run:02 Epoch: 0359 loss_train: 1.2233 loss_val: 1.2874
Run:02 Epoch: 0360 loss_train: 1.2444 loss_val: 1.2539
Run:02 Epoch: 0361 loss_train: 1.2217 loss_val: 1.2639
Run:02 Epoch: 0362 loss_train: 1.2216 loss_val: 1.3236
Run:02 Epoch: 0363 loss_train: 1.2299 loss_val: 1.3009
Run:02 Epoch: 0364 loss_train: 1.2152 loss_val: 1.2893
Run:02 Epoch: 0365 loss_train: 1.1906 loss_val: 1.2913
Run:02 Epoch: 0366 loss_train: 1.1942 loss_val: 1.3032
Run:02 Epoch: 0367 loss_train: 1.1982 loss_val: 1.2995
Run:02 Epoch: 0368 loss_train: 1.1985 loss_val: 1.3066
Run:02 Epoch: 0369 loss_train: 1.2222 loss_val: 1.3015
Run:02 Epoch: 0370 loss_train: 1.1988 loss_val: 1.3679
Run:02 Epoch: 0371 loss_train: 1.2208 loss_val: 1.3697
Run:02 Epoch: 0372 loss_train: 1.2196 loss_val: 1.2992
Run:02 Epoch: 0373 loss_train: 1.2309 loss_val: 1.2968
Run:02 Epoch: 0374 loss_train: 1.2145 loss_val: 1.3858
Run:02 Epoch: 0375 loss_train: 1.2082 loss_val: 1.3503
Run:02 Epoch: 0376 loss_train: 1.2156 loss_val: 1.3149
Run:02 Epoch: 0377 loss_train: 1.1881 loss_val: 1.3070
Run:02 Epoch: 0378 loss_train: 1.1837 loss_val: 1.3497
Run:02 Epoch: 0379 loss_train: 1.1864 loss_val: 1.3627
Run:02 Epoch: 0380 loss_train: 1.1980 loss_val: 1.3303
Run:02 Epoch: 0381 loss_train: 1.1924 loss_val: 1.3367
Run:02 Epoch: 0382 loss_train: 1.2232 loss_val: 1.3080
Run:02 Epoch: 0383 loss_train: 1.1988 loss_val: 1.3196
Run:02 Epoch: 0384 loss_train: 1.1907 loss_val: 1.4845
Run:02 Epoch: 0385 loss_train: 1.2351 loss_val: 1.3716
Run:02 Epoch: 0386 loss_train: 1.2178 loss_val: 1.3142
Run:02 Epoch: 0387 loss_train: 1.2413 loss_val: 1.3037
Run:02 Epoch: 0388 loss_train: 1.2162 loss_val: 1.5176
Run:02 Epoch: 0389 loss_train: 1.2522 loss_val: 1.4305
Run:02 Epoch: 0390 loss_train: 1.2584 loss_val: 1.3145
Run:02 Epoch: 0391 loss_train: 1.2730 loss_val: 1.3297
Run:02 Epoch: 0392 loss_train: 1.2825 loss_val: 1.3634
Run:02 Epoch: 0393 loss_train: 1.2125 loss_val: 1.4589
Run:02 Epoch: 0394 loss_train: 1.3403 loss_val: 1.3203
Run:02 Epoch: 0395 loss_train: 1.2231 loss_val: 1.3009
Run:02 Epoch: 0396 loss_train: 1.2409 loss_val: 1.3123
Run:02 Epoch: 0397 loss_train: 1.2276 loss_val: 1.4028
Run:02 Epoch: 0398 loss_train: 1.2550 loss_val: 1.3463
Run:02 Epoch: 0399 loss_train: 1.2142 loss_val: 1.3144
Run:02 Epoch: 0400 loss_train: 1.2104 loss_val: 1.3272
Run:03 Epoch: 0001 loss_train: 2.0190 loss_val: 24.3037
Run:03 Epoch: 0002 loss_train: 21.0145 loss_val: 22.1692
Run:03 Epoch: 0003 loss_train: 14.0330 loss_val: 10.0185
Run:03 Epoch: 0004 loss_train: 6.3264 loss_val: 2.7334
Run:03 Epoch: 0005 loss_train: 2.4221 loss_val: 2.0136
Run:03 Epoch: 0006 loss_train: 1.9828 loss_val: 1.9870
Run:03 Epoch: 0007 loss_train: 1.9633 loss_val: 1.9781
Run:03 Epoch: 0008 loss_train: 1.9544 loss_val: 1.9601
Run:03 Epoch: 0009 loss_train: 1.9388 loss_val: 1.9427
Run:03 Epoch: 0010 loss_train: 1.9243 loss_val: 1.9139
Run:03 Epoch: 0011 loss_train: 1.8986 loss_val: 1.8936
Run:03 Epoch: 0012 loss_train: 1.8847 loss_val: 1.8800
Run:03 Epoch: 0013 loss_train: 1.8678 loss_val: 1.8706
Run:03 Epoch: 0014 loss_train: 1.8528 loss_val: 1.8561
Run:03 Epoch: 0015 loss_train: 1.8390 loss_val: 1.8475
Run:03 Epoch: 0016 loss_train: 1.8295 loss_val: 1.7921
Run:03 Epoch: 0017 loss_train: 1.7928 loss_val: 1.7844
Run:03 Epoch: 0018 loss_train: 1.7765 loss_val: 2.1979
Run:03 Epoch: 0019 loss_train: 2.0591 loss_val: 1.7231
Run:03 Epoch: 0020 loss_train: 1.7276 loss_val: 1.8436
Run:03 Epoch: 0021 loss_train: 1.8944 loss_val: 1.7561
Run:03 Epoch: 0022 loss_train: 1.7750 loss_val: 1.7765
Run:03 Epoch: 0023 loss_train: 1.8055 loss_val: 1.8007
Run:03 Epoch: 0024 loss_train: 1.8178 loss_val: 1.8084
Run:03 Epoch: 0025 loss_train: 1.8349 loss_val: 1.8087
Run:03 Epoch: 0026 loss_train: 1.8233 loss_val: 1.8073
Run:03 Epoch: 0027 loss_train: 1.8270 loss_val: 1.7917
Run:03 Epoch: 0028 loss_train: 1.8087 loss_val: 1.7779
Run:03 Epoch: 0029 loss_train: 1.7916 loss_val: 1.7616
Run:03 Epoch: 0030 loss_train: 1.7907 loss_val: 1.7422
Run:03 Epoch: 0031 loss_train: 1.7832 loss_val: 1.7260
Run:03 Epoch: 0032 loss_train: 1.7663 loss_val: 1.7134
Run:03 Epoch: 0033 loss_train: 1.7503 loss_val: 1.7080
Run:03 Epoch: 0034 loss_train: 1.7483 loss_val: 1.7086
Run:03 Epoch: 0035 loss_train: 1.7512 loss_val: 1.7161
Run:03 Epoch: 0036 loss_train: 1.7333 loss_val: 1.7198
Run:03 Epoch: 0037 loss_train: 1.7346 loss_val: 1.7204
Run:03 Epoch: 0038 loss_train: 1.7496 loss_val: 1.7082
Run:03 Epoch: 0039 loss_train: 1.7345 loss_val: 1.6969
Run:03 Epoch: 0040 loss_train: 1.7293 loss_val: 1.6733
Run:03 Epoch: 0041 loss_train: 1.7091 loss_val: 1.6541
Run:03 Epoch: 0042 loss_train: 1.6874 loss_val: 1.6447
Run:03 Epoch: 0043 loss_train: 1.6980 loss_val: 1.6397
Run:03 Epoch: 0044 loss_train: 1.6962 loss_val: 1.6318
Run:03 Epoch: 0045 loss_train: 1.6803 loss_val: 1.6231
Run:03 Epoch: 0046 loss_train: 1.6719 loss_val: 1.6226
Run:03 Epoch: 0047 loss_train: 1.6795 loss_val: 1.6292
Run:03 Epoch: 0048 loss_train: 1.6782 loss_val: 1.6427
Run:03 Epoch: 0049 loss_train: 1.6613 loss_val: 1.6241
Run:03 Epoch: 0050 loss_train: 1.6760 loss_val: 1.6051
Run:03 Epoch: 0051 loss_train: 1.6332 loss_val: 1.6045
Run:03 Epoch: 0052 loss_train: 1.6504 loss_val: 1.6007
Run:03 Epoch: 0053 loss_train: 1.6435 loss_val: 1.6003
Run:03 Epoch: 0054 loss_train: 1.6540 loss_val: 1.6015
Run:03 Epoch: 0055 loss_train: 1.6465 loss_val: 1.5960
Run:03 Epoch: 0056 loss_train: 1.6392 loss_val: 1.5898
Run:03 Epoch: 0057 loss_train: 1.6286 loss_val: 1.5714
Run:03 Epoch: 0058 loss_train: 1.6053 loss_val: 1.5736
Run:03 Epoch: 0059 loss_train: 1.6182 loss_val: 1.5778
Run:03 Epoch: 0060 loss_train: 1.5956 loss_val: 1.5959
Run:03 Epoch: 0061 loss_train: 1.5971 loss_val: 1.5969
Run:03 Epoch: 0062 loss_train: 1.6075 loss_val: 1.5853
Run:03 Epoch: 0063 loss_train: 1.5890 loss_val: 1.5709
Run:03 Epoch: 0064 loss_train: 1.5774 loss_val: 1.5757
Run:03 Epoch: 0065 loss_train: 1.5675 loss_val: 1.5987
Run:03 Epoch: 0066 loss_train: 1.5707 loss_val: 1.5818
Run:03 Epoch: 0067 loss_train: 1.5712 loss_val: 1.5721
Run:03 Epoch: 0068 loss_train: 1.5571 loss_val: 1.5681
Run:03 Epoch: 0069 loss_train: 1.5494 loss_val: 1.5536
Run:03 Epoch: 0070 loss_train: 1.5639 loss_val: 1.5664
Run:03 Epoch: 0071 loss_train: 1.5568 loss_val: 1.5889
Run:03 Epoch: 0072 loss_train: 1.5447 loss_val: 1.5792
Run:03 Epoch: 0073 loss_train: 1.5308 loss_val: 1.5502
Run:03 Epoch: 0074 loss_train: 1.5406 loss_val: 1.5487
Run:03 Epoch: 0075 loss_train: 1.5160 loss_val: 1.5873
Run:03 Epoch: 0076 loss_train: 1.5504 loss_val: 1.5355
Run:03 Epoch: 0077 loss_train: 1.5364 loss_val: 1.5293
Run:03 Epoch: 0078 loss_train: 1.5321 loss_val: 1.5242
Run:03 Epoch: 0079 loss_train: 1.5089 loss_val: 1.5689
Run:03 Epoch: 0080 loss_train: 1.5192 loss_val: 1.5254
Run:03 Epoch: 0081 loss_train: 1.5002 loss_val: 1.5165
Run:03 Epoch: 0082 loss_train: 1.5122 loss_val: 1.5402
Run:03 Epoch: 0083 loss_train: 1.5105 loss_val: 1.5302
Run:03 Epoch: 0084 loss_train: 1.4988 loss_val: 1.5201
Run:03 Epoch: 0085 loss_train: 1.5042 loss_val: 1.4887
Run:03 Epoch: 0086 loss_train: 1.5026 loss_val: 2.6452
Run:03 Epoch: 0087 loss_train: 1.9810 loss_val: 1.8393
Run:03 Epoch: 0088 loss_train: 1.7845 loss_val: 1.8667
Run:03 Epoch: 0089 loss_train: 1.8247 loss_val: 1.6527
Run:03 Epoch: 0090 loss_train: 1.5926 loss_val: 1.5283
Run:03 Epoch: 0091 loss_train: 1.5212 loss_val: 1.4989
Run:03 Epoch: 0092 loss_train: 1.5388 loss_val: 1.5425
Run:03 Epoch: 0093 loss_train: 1.5532 loss_val: 1.5746
Run:03 Epoch: 0094 loss_train: 1.5558 loss_val: 1.6790
Run:03 Epoch: 0095 loss_train: 1.6250 loss_val: 1.5809
Run:03 Epoch: 0096 loss_train: 1.5647 loss_val: 1.5841
Run:03 Epoch: 0097 loss_train: 1.5734 loss_val: 1.5813
Run:03 Epoch: 0098 loss_train: 1.5599 loss_val: 1.5974
Run:03 Epoch: 0099 loss_train: 1.5502 loss_val: 1.6299
Run:03 Epoch: 0100 loss_train: 1.5575 loss_val: 1.5748
Run:03 Epoch: 0101 loss_train: 1.5324 loss_val: 1.5641
Run:03 Epoch: 0102 loss_train: 1.5143 loss_val: 1.5568
Run:03 Epoch: 0103 loss_train: 1.5090 loss_val: 1.5517
Run:03 Epoch: 0104 loss_train: 1.5196 loss_val: 1.5712
Run:03 Epoch: 0105 loss_train: 1.5112 loss_val: 1.5613
Run:03 Epoch: 0106 loss_train: 1.5048 loss_val: 1.5380
Run:03 Epoch: 0107 loss_train: 1.5295 loss_val: 1.5539
Run:03 Epoch: 0108 loss_train: 1.5368 loss_val: 1.5609
Run:03 Epoch: 0109 loss_train: 1.5235 loss_val: 1.5771
Run:03 Epoch: 0110 loss_train: 1.5291 loss_val: 1.5801
Run:03 Epoch: 0111 loss_train: 1.5038 loss_val: 1.5476
Run:03 Epoch: 0112 loss_train: 1.4866 loss_val: 1.5441
Run:03 Epoch: 0113 loss_train: 1.4935 loss_val: 1.5742
Run:03 Epoch: 0114 loss_train: 1.4906 loss_val: 1.5575
Run:03 Epoch: 0115 loss_train: 1.4828 loss_val: 1.5443
Run:03 Epoch: 0116 loss_train: 1.4868 loss_val: 1.5621
Run:03 Epoch: 0117 loss_train: 1.4894 loss_val: 1.5804
Run:03 Epoch: 0118 loss_train: 1.4921 loss_val: 1.6026
Run:03 Epoch: 0119 loss_train: 1.4781 loss_val: 1.5365
Run:03 Epoch: 0120 loss_train: 1.4667 loss_val: 1.5542
Run:03 Epoch: 0121 loss_train: 1.4729 loss_val: 1.5217
Run:03 Epoch: 0122 loss_train: 1.4676 loss_val: 1.5248
Run:03 Epoch: 0123 loss_train: 1.4670 loss_val: 1.5548
Run:03 Epoch: 0124 loss_train: 1.4828 loss_val: 1.5281
Run:03 Epoch: 0125 loss_train: 1.4558 loss_val: 1.5029
Run:03 Epoch: 0126 loss_train: 1.4425 loss_val: 1.4964
Run:03 Epoch: 0127 loss_train: 1.4535 loss_val: 1.5734
Run:03 Epoch: 0128 loss_train: 1.5000 loss_val: 1.5024
Run:03 Epoch: 0129 loss_train: 1.4596 loss_val: 1.5126
Run:03 Epoch: 0130 loss_train: 1.4486 loss_val: 1.5373
Run:03 Epoch: 0131 loss_train: 1.4406 loss_val: 1.5761
Run:03 Epoch: 0132 loss_train: 1.4701 loss_val: 1.5146
Run:03 Epoch: 0133 loss_train: 1.4409 loss_val: 1.5183
Run:03 Epoch: 0134 loss_train: 1.4512 loss_val: 1.5369
Run:03 Epoch: 0135 loss_train: 1.4620 loss_val: 1.5538
Run:03 Epoch: 0136 loss_train: 1.4567 loss_val: 1.4948
Run:03 Epoch: 0137 loss_train: 1.4474 loss_val: 1.5054
Run:03 Epoch: 0138 loss_train: 1.4435 loss_val: 1.5844
Run:03 Epoch: 0139 loss_train: 1.4778 loss_val: 1.4859
Run:03 Epoch: 0140 loss_train: 1.4392 loss_val: 1.4928
Run:03 Epoch: 0141 loss_train: 1.4375 loss_val: 1.5037
Run:03 Epoch: 0142 loss_train: 1.4413 loss_val: 1.5700
Run:03 Epoch: 0143 loss_train: 1.4457 loss_val: 1.5030
Run:03 Epoch: 0144 loss_train: 1.4153 loss_val: 1.5048
Run:03 Epoch: 0145 loss_train: 1.4218 loss_val: 1.5421
Run:03 Epoch: 0146 loss_train: 1.4299 loss_val: 1.5139
Run:03 Epoch: 0147 loss_train: 1.4459 loss_val: 1.5293
Run:03 Epoch: 0148 loss_train: 1.4211 loss_val: 1.4936
Run:03 Epoch: 0149 loss_train: 1.4103 loss_val: 1.5280
Run:03 Epoch: 0150 loss_train: 1.4359 loss_val: 1.5198
Run:03 Epoch: 0151 loss_train: 1.4327 loss_val: 1.5046
Run:03 Epoch: 0152 loss_train: 1.4133 loss_val: 1.5033
Run:03 Epoch: 0153 loss_train: 1.4276 loss_val: 1.5006
Run:03 Epoch: 0154 loss_train: 1.4331 loss_val: 1.5294
Run:03 Epoch: 0155 loss_train: 1.4751 loss_val: 1.4826
Run:03 Epoch: 0156 loss_train: 1.4160 loss_val: 1.4801
Run:03 Epoch: 0157 loss_train: 1.4281 loss_val: 1.5103
Run:03 Epoch: 0158 loss_train: 1.4173 loss_val: 1.5417
Run:03 Epoch: 0159 loss_train: 1.5654 loss_val: 1.5288
Run:03 Epoch: 0160 loss_train: 1.5485 loss_val: 1.5454
Run:03 Epoch: 0161 loss_train: 1.5468 loss_val: 1.5051
Run:03 Epoch: 0162 loss_train: 1.4889 loss_val: 1.4803
Run:03 Epoch: 0163 loss_train: 1.4110 loss_val: 1.9310
Run:03 Epoch: 0164 loss_train: 1.6702 loss_val: 1.4869
Run:03 Epoch: 0165 loss_train: 1.4502 loss_val: 1.5204
Run:03 Epoch: 0166 loss_train: 1.5312 loss_val: 1.5408
Run:03 Epoch: 0167 loss_train: 1.5511 loss_val: 1.5447
Run:03 Epoch: 0168 loss_train: 1.5681 loss_val: 1.5333
Run:03 Epoch: 0169 loss_train: 1.5663 loss_val: 1.5310
Run:03 Epoch: 0170 loss_train: 1.5370 loss_val: 1.5386
Run:03 Epoch: 0171 loss_train: 1.4918 loss_val: 1.5586
Run:03 Epoch: 0172 loss_train: 1.4730 loss_val: 1.6512
Run:03 Epoch: 0173 loss_train: 1.5291 loss_val: 1.7533
Run:03 Epoch: 0174 loss_train: 1.5775 loss_val: 1.5929
Run:03 Epoch: 0175 loss_train: 1.4872 loss_val: 1.5363
Run:03 Epoch: 0176 loss_train: 1.4871 loss_val: 1.5147
Run:03 Epoch: 0177 loss_train: 1.4620 loss_val: 1.5176
Run:03 Epoch: 0178 loss_train: 1.4892 loss_val: 1.5321
Run:03 Epoch: 0179 loss_train: 1.4854 loss_val: 1.5401
Run:03 Epoch: 0180 loss_train: 1.4939 loss_val: 1.5406
Run:03 Epoch: 0181 loss_train: 1.4588 loss_val: 1.5895
Run:03 Epoch: 0182 loss_train: 1.4776 loss_val: 1.5811
Run:03 Epoch: 0183 loss_train: 1.4884 loss_val: 1.5181
Run:03 Epoch: 0184 loss_train: 1.4838 loss_val: 1.4635
Run:03 Epoch: 0185 loss_train: 1.4167 loss_val: 1.4686
Run:03 Epoch: 0186 loss_train: 1.4469 loss_val: 1.4918
Run:03 Epoch: 0187 loss_train: 1.4430 loss_val: 1.5177
Run:03 Epoch: 0188 loss_train: 1.4408 loss_val: 1.5341
Run:03 Epoch: 0189 loss_train: 1.4255 loss_val: 1.4782
Run:03 Epoch: 0190 loss_train: 1.4222 loss_val: 1.4413
Run:03 Epoch: 0191 loss_train: 1.3957 loss_val: 1.4306
Run:03 Epoch: 0192 loss_train: 1.3990 loss_val: 1.4522
Run:03 Epoch: 0193 loss_train: 1.3945 loss_val: 1.4507
Run:03 Epoch: 0194 loss_train: 1.3967 loss_val: 1.4712
Run:03 Epoch: 0195 loss_train: 1.4138 loss_val: 1.4539
Run:03 Epoch: 0196 loss_train: 1.4011 loss_val: 1.4555
Run:03 Epoch: 0197 loss_train: 1.3831 loss_val: 1.4319
Run:03 Epoch: 0198 loss_train: 1.4057 loss_val: 1.4396
Run:03 Epoch: 0199 loss_train: 1.3950 loss_val: 1.4384
Run:03 Epoch: 0200 loss_train: 1.3996 loss_val: 1.4387
Run:03 Epoch: 0201 loss_train: 1.3845 loss_val: 1.4608
Run:03 Epoch: 0202 loss_train: 1.3912 loss_val: 1.5490
Run:03 Epoch: 0203 loss_train: 1.5144 loss_val: 1.4832
Run:03 Epoch: 0204 loss_train: 1.4293 loss_val: 1.4367
Run:03 Epoch: 0205 loss_train: 1.3757 loss_val: 1.4351
Run:03 Epoch: 0206 loss_train: 1.3803 loss_val: 1.4616
Run:03 Epoch: 0207 loss_train: 1.3983 loss_val: 1.5225
Run:03 Epoch: 0208 loss_train: 1.4242 loss_val: 1.4829
Run:03 Epoch: 0209 loss_train: 1.4069 loss_val: 1.4182
Run:03 Epoch: 0210 loss_train: 1.3612 loss_val: 1.4207
Run:03 Epoch: 0211 loss_train: 1.3875 loss_val: 1.4440
Run:03 Epoch: 0212 loss_train: 1.4252 loss_val: 1.4645
Run:03 Epoch: 0213 loss_train: 1.4120 loss_val: 1.4769
Run:03 Epoch: 0214 loss_train: 1.4126 loss_val: 1.3964
Run:03 Epoch: 0215 loss_train: 1.3457 loss_val: 1.4119
Run:03 Epoch: 0216 loss_train: 1.3888 loss_val: 1.4074
Run:03 Epoch: 0217 loss_train: 1.3460 loss_val: 1.4511
Run:03 Epoch: 0218 loss_train: 1.3815 loss_val: 1.4328
Run:03 Epoch: 0219 loss_train: 1.3669 loss_val: 1.4139
Run:03 Epoch: 0220 loss_train: 1.3824 loss_val: 1.4026
Run:03 Epoch: 0221 loss_train: 1.3450 loss_val: 1.4285
Run:03 Epoch: 0222 loss_train: 1.3480 loss_val: 1.5301
Run:03 Epoch: 0223 loss_train: 1.3922 loss_val: 1.4306
Run:03 Epoch: 0224 loss_train: 1.3665 loss_val: 1.4131
Run:03 Epoch: 0225 loss_train: 1.3565 loss_val: 1.4336
Run:03 Epoch: 0226 loss_train: 1.3987 loss_val: 1.4054
Run:03 Epoch: 0227 loss_train: 1.3619 loss_val: 1.4574
Run:03 Epoch: 0228 loss_train: 1.3654 loss_val: 1.3882
Run:03 Epoch: 0229 loss_train: 1.3623 loss_val: 1.3871
Run:03 Epoch: 0230 loss_train: 1.3433 loss_val: 1.4074
Run:03 Epoch: 0231 loss_train: 1.3213 loss_val: 1.4409
Run:03 Epoch: 0232 loss_train: 1.3912 loss_val: 1.4722
Run:03 Epoch: 0233 loss_train: 1.3629 loss_val: 1.3791
Run:03 Epoch: 0234 loss_train: 1.3403 loss_val: 1.3790
Run:03 Epoch: 0235 loss_train: 1.3491 loss_val: 1.3815
Run:03 Epoch: 0236 loss_train: 1.3676 loss_val: 1.4123
Run:03 Epoch: 0237 loss_train: 1.3832 loss_val: 1.4126
Run:03 Epoch: 0238 loss_train: 1.3393 loss_val: 1.4772
Run:03 Epoch: 0239 loss_train: 1.3687 loss_val: 1.4489
Run:03 Epoch: 0240 loss_train: 1.3403 loss_val: 1.4138
Run:03 Epoch: 0241 loss_train: 1.3559 loss_val: 1.4299
Run:03 