/users/Min/miniconda/envs/hy/lib/python3.9/site-packages/torch/nn/functional.py:1967: UserWarning: nn.functional.sigmoid is deprecated. Use torch.sigmoid instead.
  warnings.warn("nn.functional.sigmoid is deprecated. Use torch.sigmoid instead.")
args
 Namespace(samples=4, concat=10, runs=3, latent_size=10, dataset='cocitationciteseer', seed=42, epochs=1500, lr=0.01, weight_decay=0.0005, hidden=64, dropout=0.5, batch_size=128, tem=0.5, lam=1.0, pretrain_epochs=8, pretrain_lr=0.05, conditional=True, update_epochs=20, num_models=100, warmup=200, cuda=False)
This is cocitation_citeseer dataset:
  ->  num_classes
  ->  num_vertices
  ->  num_edges
  ->  dim_features
  ->  features
  ->  edge_list
  ->  labels
  ->  train_mask
  ->  val_mask
  ->  test_mask
Please try `data['name']` to get the specified data.
Run Train:   0%|          | 0/3 [00:00<?, ?it/s]Run:01 Epoch: 0001 loss_train: 1.7899 loss_val: 1.7843
Run:01 Epoch: 0011 loss_train: 1.7869 loss_val: 1.7783
Run:01 Epoch: 0021 loss_train: 1.7620 loss_val: 1.7542
Run:01 Epoch: 0031 loss_train: 1.7097 loss_val: 1.7027
Run:01 Epoch: 0041 loss_train: 1.6419 loss_val: 1.6348
Run:01 Epoch: 0051 loss_train: 1.5799 loss_val: 1.5735
Run:01 Epoch: 0061 loss_train: 1.5259 loss_val: 1.5204
Run:01 Epoch: 0071 loss_train: 1.4824 loss_val: 1.4776
Run:01 Epoch: 0081 loss_train: 1.4476 loss_val: 1.4452
Run:01 Epoch: 0091 loss_train: 1.4227 loss_val: 1.4253
Run:01 Epoch: 0101 loss_train: 1.4078 loss_val: 1.4095
Run:01 Epoch: 0111 loss_train: 1.3926 loss_val: 1.3988
Run:01 Epoch: 0121 loss_train: 1.3799 loss_val: 1.3900
Run:01 Epoch: 0131 loss_train: 1.3714 loss_val: 1.3861
Run:01 Epoch: 0141 loss_train: 1.3685 loss_val: 1.3831
Run:01 Epoch: 0151 loss_train: 1.3594 loss_val: 1.3767
Run:01 Epoch: 0161 loss_train: 1.3527 loss_val: 1.3747
Run:01 Epoch: 0171 loss_train: 1.3526 loss_val: 1.3738
Run:01 Epoch: 0181 loss_train: 1.3521 loss_val: 1.3719
Run:01 Epoch: 0191 loss_train: 1.3500 loss_val: 1.3712
Run:01 Epoch: 0201 loss_train: 1.3485 loss_val: 1.3689
Run:01 Epoch: 0211 loss_train: 1.3488 loss_val: 1.3704
Run:01 Epoch: 0221 loss_train: 1.3475 loss_val: 1.3676
Run:01 Epoch: 0231 loss_train: 1.3435 loss_val: 1.3690
Run:01 Epoch: 0241 loss_train: 1.3443 loss_val: 1.3688
Run:01 Epoch: 0251 loss_train: 1.3445 loss_val: 1.3700
Run:01 Epoch: 0261 loss_train: 1.3448 loss_val: 1.3662
Run:01 Epoch: 0271 loss_train: 1.3441 loss_val: 1.3680
Run:01 Epoch: 0281 loss_train: 1.3430 loss_val: 1.3669
Run:01 Epoch: 0291 loss_train: 1.3458 loss_val: 1.3673
Run:01 Epoch: 0301 loss_train: 1.3426 loss_val: 1.3687
Run:01 Epoch: 0311 loss_train: 1.3461 loss_val: 1.3687
Run:01 Epoch: 0321 loss_train: 1.3431 loss_val: 1.3665
Run:01 Epoch: 0331 loss_train: 1.3441 loss_val: 1.3694
Run:01 Epoch: 0341 loss_train: 1.3432 loss_val: 1.3678
Run:01 Epoch: 0351 loss_train: 1.3420 loss_val: 1.3675
Run:01 Epoch: 0361 loss_train: 1.3436 loss_val: 1.3681
Run:01 Epoch: 0371 loss_train: 1.3425 loss_val: 1.3681
Run:01 Epoch: 0381 loss_train: 1.3418 loss_val: 1.3679
Run:01 Epoch: 0391 loss_train: 1.3397 loss_val: 1.3667
Run:01 Epoch: 0401 loss_train: 1.3401 loss_val: 1.3679
Run:01 Epoch: 0411 loss_train: 1.3410 loss_val: 1.3674
Run:01 Epoch: 0421 loss_train: 1.3448 loss_val: 1.3677
Run:01 Epoch: 0431 loss_train: 1.3413 loss_val: 1.3678
Run:01 Epoch: 0441 loss_train: 1.3420 loss_val: 1.3671
Run:01 Epoch: 0451 loss_train: 1.3435 loss_val: 1.3683
Run:01 Epoch: 0461 loss_train: 1.3390 loss_val: 1.3671
Run:01 Epoch: 0471 loss_train: 1.3408 loss_val: 1.3658
Run:01 Epoch: 0481 loss_train: 1.3404 loss_val: 1.3677
Run:01 Epoch: 0491 loss_train: 1.3412 loss_val: 1.3680
Run:01 Epoch: 0501 loss_train: 1.3401 loss_val: 1.3667
Run:01 Epoch: 0511 loss_train: 1.3409 loss_val: 1.3678
Run:01 Epoch: 0521 loss_train: 1.3420 loss_val: 1.3658
Run:01 Epoch: 0531 loss_train: 1.3402 loss_val: 1.3674
Run:01 Epoch: 0541 loss_train: 1.3394 loss_val: 1.3668
Run:01 Epoch: 0551 loss_train: 1.3401 loss_val: 1.3654
Run:01 Epoch: 0561 loss_train: 1.3399 loss_val: 1.3680
Run:01 Epoch: 0571 loss_train: 1.3395 loss_val: 1.3659
Run:01 Epoch: 0581 loss_train: 1.3393 loss_val: 1.3692
Run:01 Epoch: 0591 loss_train: 1.3385 loss_val: 1.3665
Run:01 Epoch: 0601 loss_train: 1.3397 loss_val: 1.3672
Run:01 Epoch: 0611 loss_train: 1.3398 loss_val: 1.3672
Run:01 Epoch: 0621 loss_train: 1.3372 loss_val: 1.3652
Run:01 Epoch: 0631 loss_train: 1.3420 loss_val: 1.3668
Run:01 Epoch: 0641 loss_train: 1.3385 loss_val: 1.3662
Run:01 Epoch: 0651 loss_train: 1.3385 loss_val: 1.3676
Run:01 Epoch: 0661 loss_train: 1.3367 loss_val: 1.3665
Run:01 Epoch: 0671 loss_train: 1.3401 loss_val: 1.3661
Run:01 Epoch: 0681 loss_train: 1.3390 loss_val: 1.3659
Run:01 Epoch: 0691 loss_train: 1.3390 loss_val: 1.3677
Run:01 Epoch: 0701 loss_train: 1.3409 loss_val: 1.3668
Run:01 Epoch: 0711 loss_train: 1.3392 loss_val: 1.3663
Run:01 Epoch: 0721 loss_train: 1.3426 loss_val: 1.3657
Run:01 Epoch: 0731 loss_train: 1.3393 loss_val: 1.3674
Run:01 Epoch: 0741 loss_train: 1.3402 loss_val: 1.3672
Run:01 Epoch: 0751 loss_train: 1.3403 loss_val: 1.3675
Run:01 Epoch: 0761 loss_train: 1.3400 loss_val: 1.3664
Run:01 Epoch: 0771 loss_train: 1.3399 loss_val: 1.3673
Run:01 Epoch: 0781 loss_train: 1.3405 loss_val: 1.3675
Run:01 Epoch: 0791 loss_train: 1.3397 loss_val: 1.3676
Run:01 Epoch: 0801 loss_train: 1.3388 loss_val: 1.3670
Run:01 Epoch: 0811 loss_train: 1.3408 loss_val: 1.3664
Run:01 Epoch: 0821 loss_train: 1.3408 loss_val: 1.3670
Run:01 Epoch: 0831 loss_train: 1.3409 loss_val: 1.3659
Run:01 Epoch: 0841 loss_train: 1.3401 loss_val: 1.3666
Run:01 Epoch: 0851 loss_train: 1.3387 loss_val: 1.3652
Run:01 Epoch: 0861 loss_train: 1.3362 loss_val: 1.3663
Run:01 Epoch: 0871 loss_train: 1.3404 loss_val: 1.3666
Run:01 Epoch: 0881 loss_train: 1.3400 loss_val: 1.3682
Run:01 Epoch: 0891 loss_train: 1.3371 loss_val: 1.3665
Run:01 Epoch: 0901 loss_train: 1.3376 loss_val: 1.3663
Run:01 Epoch: 0911 loss_train: 1.3400 loss_val: 1.3673
Run:01 Epoch: 0921 loss_train: 1.3397 loss_val: 1.3667
Run:01 Epoch: 0931 loss_train: 1.3390 loss_val: 1.3666
Run:01 Epoch: 0941 loss_train: 1.3380 loss_val: 1.3668
Run:01 Epoch: 0951 loss_train: 1.3398 loss_val: 1.3672
Run:01 Epoch: 0961 loss_train: 1.3381 loss_val: 1.3661
Run:01 Epoch: 0971 loss_train: 1.3378 loss_val: 1.3663
Run:01 Epoch: 0981 loss_train: 1.3383 loss_val: 1.3663
Run:01 Epoch: 0991 loss_train: 1.3414 loss_val: 1.3680
Run:01 Epoch: 1001 loss_train: 1.3382 loss_val: 1.3665
Run:01 Epoch: 1011 loss_train: 1.3380 loss_val: 1.3652
Run:01 Epoch: 1021 loss_train: 1.3388 loss_val: 1.3677
Run:01 Epoch: 1031 loss_train: 1.3370 loss_val: 1.3659
Run:01 Epoch: 1041 loss_train: 1.3404 loss_val: 1.3670
Run:01 Epoch: 1051 loss_train: 1.3391 loss_val: 1.3669
Run:01 Epoch: 1061 loss_train: 1.3391 loss_val: 1.3652
Run:01 Epoch: 1071 loss_train: 1.3374 loss_val: 1.3677
Run:01 Epoch: 1081 loss_train: 1.3395 loss_val: 1.3662
Run:01 Epoch: 1091 loss_train: 1.3401 loss_val: 1.3669
Run:01 Epoch: 1101 loss_train: 1.3394 loss_val: 1.3678
Run:01 Epoch: 1111 loss_train: 1.3376 loss_val: 1.3663
Run:01 Epoch: 1121 loss_train: 1.3401 loss_val: 1.3668
Run:01 Epoch: 1131 loss_train: 1.3388 loss_val: 1.3669
Run:01 Epoch: 1141 loss_train: 1.3384 loss_val: 1.3668
Run:01 Epoch: 1151 loss_train: 1.3392 loss_val: 1.3668
Run:01 Epoch: 1161 loss_train: 1.3407 loss_val: 1.3669
Run:01 Epoch: 1171 loss_train: 1.3396 loss_val: 1.3654
Run:01 Epoch: 1181 loss_train: 1.3390 loss_val: 1.3669
Run:01 Epoch: 1191 loss_train: 1.3400 loss_val: 1.3662
Run:01 Epoch: 1201 loss_train: 1.3372 loss_val: 1.3664
Run:01 Epoch: 1211 loss_train: 1.3404 loss_val: 1.3671
Run:01 Epoch: 1221 loss_train: 1.3396 loss_val: 1.3663
Run:01 Epoch: 1231 loss_train: 1.3395 loss_val: 1.3666
Run:01 Epoch: 1241 loss_train: 1.3374 loss_val: 1.3647
Run:01 Epoch: 1251 loss_train: 1.3386 loss_val: 1.3665
Run:01 Epoch: 1261 loss_train: 1.3390 loss_val: 1.3664
Run:01 Epoch: 1271 loss_train: 1.3395 loss_val: 1.3671
Run:01 Epoch: 1281 loss_train: 1.3394 loss_val: 1.3658
Run:01 Epoch: 1291 loss_train: 1.3394 loss_val: 1.3668
Run:01 Epoch: 1301 loss_train: 1.3377 loss_val: 1.3669
Run:01 Epoch: 1311 loss_train: 1.3374 loss_val: 1.3652
Run:01 Epoch: 1321 loss_train: 1.3389 loss_val: 1.3689
Run:01 Epoch: 1331 loss_train: 1.3402 loss_val: 1.3662
Run:01 Epoch: 1341 loss_train: 1.3390 loss_val: 1.3662
Run:01 Epoch: 1351 loss_train: 1.3401 loss_val: 1.3658
Run:01 Epoch: 1361 loss_train: 1.3389 loss_val: 1.3672
Run:01 Epoch: 1371 loss_train: 1.3394 loss_val: 1.3671
Run:01 Epoch: 1381 loss_train: 1.3401 loss_val: 1.3675
Run:01 Epoch: 1391 loss_train: 1.3393 loss_val: 1.3666
Run:01 Epoch: 1401 loss_train: 1.3404 loss_val: 1.3672
Run:01 Epoch: 1411 loss_train: 1.3408 loss_val: 1.3680
Run:01 Epoch: 1421 loss_train: 1.3374 loss_val: 1.3672
Run:01 Epoch: 1431 loss_train: 1.3372 loss_val: 1.3659
Run:01 Epoch: 1441 loss_train: 1.3385 loss_val: 1.3673
Run:01 Epoch: 1451 loss_train: 1.3371 loss_val: 1.3652
Run:01 Epoch: 1461 loss_train: 1.3375 loss_val: 1.3674
Run:01 Epoch: 1471 loss_train: 1.3376 loss_val: 1.3648
Run:01 Epoch: 1481 loss_train: 1.3360 Run Train:  33%|███▎      | 1/3 [15:34<31:08, 934.17s/it]loss_val: 1.3661
Run:01 Epoch: 1491 loss_train: 1.3379 loss_val: 1.3662
Run:02 Epoch: 0001 loss_train: 1.3386 loss_val: 1.3669
Run:02 Epoch: 0011 loss_train: 1.3379 loss_val: 1.3656
Run:02 Epoch: 0021 loss_train: 1.3379 loss_val: 1.3661
Run:02 Epoch: 0031 loss_train: 1.3410 loss_val: 1.3652
Run:02 Epoch: 0041 loss_train: 1.3367 loss_val: 1.3675
Run:02 Epoch: 0051 loss_train: 1.3411 loss_val: 1.3656
Run:02 Epoch: 0061 loss_train: 1.3392 loss_val: 1.3662
Run:02 Epoch: 0071 loss_train: 1.3400 loss_val: 1.3667
Run:02 Epoch: 0081 loss_train: 1.3382 loss_val: 1.3673
Run:02 Epoch: 0091 loss_train: 1.3377 loss_val: 1.3657
Run:02 Epoch: 0101 loss_train: 1.3420 loss_val: 1.3670
Run:02 Epoch: 0111 loss_train: 1.3379 loss_val: 1.3655
Run:02 Epoch: 0121 loss_train: 1.3364 loss_val: 1.3676
Run:02 Epoch: 0131 loss_train: 1.3384 loss_val: 1.3659
Run:02 Epoch: 0141 loss_train: 1.3368 loss_val: 1.3667
Run:02 Epoch: 0151 loss_train: 1.3379 loss_val: 1.3662
Run:02 Epoch: 0161 loss_train: 1.3400 loss_val: 1.3666
Run:02 Epoch: 0171 loss_train: 1.3390 loss_val: 1.3656
Run:02 Epoch: 0181 loss_train: 1.3379 loss_val: 1.3660
Run:02 Epoch: 0191 loss_train: 1.3373 loss_val: 1.3657
Run:02 Epoch: 0201 loss_train: 1.3389 loss_val: 1.3668
Run:02 Epoch: 0211 loss_train: 1.3371 loss_val: 1.3665
Run:02 Epoch: 0221 loss_train: 1.3387 loss_val: 1.3659
Run:02 Epoch: 0231 loss_train: 1.3373 loss_val: 1.3672
Run:02 Epoch: 0241 loss_train: 1.3375 loss_val: 1.3655
Run:02 Epoch: 0251 loss_train: 1.3375 loss_val: 1.3669
Run:02 Epoch: 0261 loss_train: 1.3381 loss_val: 1.3660
Run:02 Epoch: 0271 loss_train: 1.3396 loss_val: 1.3660
Run:02 Epoch: 0281 loss_train: 1.3388 loss_val: 1.3672
Run:02 Epoch: 0291 loss_train: 1.3405 loss_val: 1.3651
Run:02 Epoch: 0301 loss_train: 1.3398 loss_val: 1.3655
Run:02 Epoch: 0311 loss_train: 1.3379 loss_val: 1.3668
Run:02 Epoch: 0321 loss_train: 1.3364 loss_val: 1.3672
Run:02 Epoch: 0331 loss_train: 1.3364 loss_val: 1.3667
Run:02 Epoch: 0341 loss_train: 1.3376 loss_val: 1.3674
Run:02 Epoch: 0351 loss_train: 1.3377 loss_val: 1.3666
Run:02 Epoch: 0361 loss_train: 1.3378 loss_val: 1.3669
Run:02 Epoch: 0371 loss_train: 1.3409 loss_val: 1.3661
Run:02 Epoch: 0381 loss_train: 1.3379 loss_val: 1.3657
Run:02 Epoch: 0391 loss_train: 1.3399 loss_val: 1.3676
Run:02 Epoch: 0401 loss_train: 1.3385 loss_val: 1.3652
Run:02 Epoch: 0411 loss_train: 1.3371 loss_val: 1.3656
Run:02 Epoch: 0421 loss_train: 1.3397 loss_val: 1.3674
Run:02 Epoch: 0431 loss_train: 1.3387 loss_val: 1.3663
Run:02 Epoch: 0441 loss_train: 1.3382 loss_val: 1.3668
Run:02 Epoch: 0451 loss_train: 1.3393 loss_val: 1.3671
Run:02 Epoch: 0461 loss_train: 1.3369 loss_val: 1.3661
Run:02 Epoch: 0471 loss_train: 1.3377 loss_val: 1.3663
Run:02 Epoch: 0481 loss_train: 1.3388 loss_val: 1.3661
Run:02 Epoch: 0491 loss_train: 1.3370 loss_val: 1.3660
Run:02 Epoch: 0501 loss_train: 1.3400 loss_val: 1.3661
Run:02 Epoch: 0511 loss_train: 1.3378 loss_val: 1.3667
Run:02 Epoch: 0521 loss_train: 1.3378 loss_val: 1.3664
Run:02 Epoch: 0531 loss_train: 1.3376 loss_val: 1.3675
Run:02 Epoch: 0541 loss_train: 1.3396 loss_val: 1.3638
Run:02 Epoch: 0551 loss_train: 1.3370 loss_val: 1.3668
Run:02 Epoch: 0561 loss_train: 1.3408 loss_val: 1.3659
Run:02 Epoch: 0571 loss_train: 1.3375 loss_val: 1.3665
Run:02 Epoch: 0581 loss_train: 1.3392 loss_val: 1.3650
Run:02 Epoch: 0591 loss_train: 1.3378 loss_val: 1.3665
Run:02 Epoch: 0601 loss_train: 1.3376 loss_val: 1.3671
Run:02 Epoch: 0611 loss_train: 1.3361 loss_val: 1.3658
Run:02 Epoch: 0621 loss_train: 1.3361 loss_val: 1.3670
Run:02 Epoch: 0631 loss_train: 1.3386 loss_val: 1.3658
Run:02 Epoch: 0641 loss_train: 1.3381 loss_val: 1.3675
Run:02 Epoch: 0651 loss_train: 1.3356 loss_val: 1.3666
Run:02 Epoch: 0661 loss_train: 1.3380 loss_val: 1.3650
Run:02 Epoch: 0671 loss_train: 1.3413 loss_val: 1.3676
Run:02 Epoch: 0681 loss_train: 1.3368 loss_val: 1.3658
Run:02 Epoch: 0691 loss_train: 1.3380 loss_val: 1.3658
Run:02 Epoch: 0701 loss_train: 1.3371 loss_val: 1.3676
Run:02 Epoch: 0711 loss_train: 1.3394 loss_val: 1.3675
Run:02 Epoch: 0721 loss_train: 1.3384 loss_val: 1.3659
Run:02 Epoch: 0731 loss_train: 1.3378 loss_val: 1.3660
Run:02 Epoch: 0741 loss_train: 1.3368 loss_val: 1.3667
Run:02 Epoch: 0751 loss_train: 1.3356 loss_val: 1.3664
Run:02 Epoch: 0761 loss_train: 1.3387 loss_val: 1.3649
Run:02 Epoch: 0771 loss_train: 1.3390 loss_val: 1.3671
Run:02 Epoch: 0781 loss_train: 1.3390 loss_val: 1.3679
Run:02 Epoch: 0791 loss_train: 1.3387 loss_val: 1.3653
Run:02 Epoch: 0801 loss_train: 1.3382 loss_val: 1.3666
Run:02 Epoch: 0811 loss_train: 1.3393 loss_val: 1.3661
Run:02 Epoch: 0821 loss_train: 1.3376 loss_val: 1.3667
Run:02 Epoch: 0831 loss_train: 1.3381 loss_val: 1.3660
Run:02 Epoch: 0841 loss_train: 1.3366 loss_val: 1.3652
Run:02 Epoch: 0851 loss_train: 1.3381 loss_val: 1.3665
Run:02 Epoch: 0861 loss_train: 1.3382 loss_val: 1.3652
Run:02 Epoch: 0871 loss_train: 1.3387 loss_val: 1.3663
Run:02 Epoch: 0881 loss_train: 1.3384 loss_val: 1.3663
Run:02 Epoch: 0891 loss_train: 1.3387 loss_val: 1.3654
Run:02 Epoch: 0901 loss_train: 1.3372 loss_val: 1.3686
Run:02 Epoch: 0911 loss_train: 1.3365 loss_val: 1.3660
Run:02 Epoch: 0921 loss_train: 1.3369 loss_val: 1.3652
Run:02 Epoch: 0931 loss_train: 1.3402 loss_val: 1.3666
Run:02 Epoch: 0941 loss_train: 1.3402 loss_val: 1.3664
Run:02 Epoch: 0951 loss_train: 1.3401 loss_val: 1.3668
Run:02 Epoch: 0961 loss_train: 1.3389 loss_val: 1.3653
Run:02 Epoch: 0971 loss_train: 1.3401 loss_val: 1.3673
Run:02 Epoch: 0981 loss_train: 1.3391 loss_val: 1.3656
Run:02 Epoch: 0991 loss_train: 1.3363 loss_val: 1.3659
Run:02 Epoch: 1001 loss_train: 1.3375 loss_val: 1.3661
Run:02 Epoch: 1011 loss_train: 1.3360 loss_val: 1.3669
Run:02 Epoch: 1021 loss_train: 1.3378 loss_val: 1.3673
Run:02 Epoch: 1031 loss_train: 1.3367 loss_val: 1.3656
Run:02 Epoch: 1041 loss_train: 1.3401 loss_val: 1.3658
Run:02 Epoch: 1051 loss_train: 1.3353 loss_val: 1.3665
Run:02 Epoch: 1061 loss_train: 1.3386 loss_val: 1.3663
Run:02 Epoch: 1071 loss_train: 1.3381 loss_val: 1.3661
Run:02 Epoch: 1081 loss_train: 1.3372 loss_val: 1.3664
Run:02 Epoch: 1091 loss_train: 1.3384 loss_val: 1.3659
Run:02 Epoch: 1101 loss_train: 1.3393 loss_val: 1.3663
Run:02 Epoch: 1111 loss_train: 1.3380 loss_val: 1.3656
Run:02 Epoch: 1121 loss_train: 1.3396 loss_val: 1.3671
Run:02 Epoch: 1131 loss_train: 1.3376 loss_val: 1.3659
Run:02 Epoch: 1141 loss_train: 1.3371 loss_val: 1.3664
Run:02 Epoch: 1151 loss_train: 1.3385 loss_val: 1.3662
Run:02 Epoch: 1161 loss_train: 1.3404 loss_val: 1.3658
Run:02 Epoch: 1171 loss_train: 1.3379 loss_val: 1.3670
Run:02 Epoch: 1181 loss_train: 1.3367 loss_val: 1.3643
Run:02 Epoch: 1191 loss_train: 1.3358 loss_val: 1.3671
Run:02 Epoch: 1201 loss_train: 1.3365 loss_val: 1.3655
Run:02 Epoch: 1211 loss_train: 1.3384 loss_val: 1.3645
Run:02 Epoch: 1221 loss_train: 1.3385 loss_val: 1.3688
Run:02 Epoch: 1231 loss_train: 1.3383 loss_val: 1.3654
Run:02 Epoch: 1241 loss_train: 1.3389 loss_val: 1.3654
Run:02 Epoch: 1251 loss_train: 1.3360 loss_val: 1.3654
Run:02 Epoch: 1261 loss_train: 1.3347 loss_val: 1.3649
Run:02 Epoch: 1271 loss_train: 1.3379 loss_val: 1.3658
Run:02 Epoch: 1281 loss_train: 1.3389 loss_val: 1.3661
Run:02 Epoch: 1291 loss_train: 1.3378 loss_val: 1.3661
Run:02 Epoch: 1301 loss_train: 1.3365 loss_val: 1.3655
Run:02 Epoch: 1311 loss_train: 1.3361 loss_val: 1.3658
Run:02 Epoch: 1321 loss_train: 1.3372 loss_val: 1.3665
Run:02 Epoch: 1331 loss_train: 1.3361 loss_val: 1.3653
Run:02 Epoch: 1341 loss_train: 1.3376 loss_val: 1.3661
Run:02 Epoch: 1351 loss_train: 1.3399 loss_val: 1.3667
Run:02 Epoch: 1361 loss_train: 1.3361 loss_val: 1.3669
Run:02 Epoch: 1371 loss_train: 1.3365 loss_val: 1.3648
Run:02 Epoch: 1381 loss_train: 1.3399 loss_val: 1.3669
Run:02 Epoch: 1391 loss_train: 1.3393 loss_val: 1.3653
Run:02 Epoch: 1401 loss_train: 1.3369 loss_val: 1.3650
Run:02 Epoch: 1411 loss_train: 1.3360 loss_val: 1.3670
Run:02 Epoch: 1421 loss_train: 1.3387 loss_val: 1.3653
Run:02 Epoch: 1431 loss_train: 1.3382 loss_val: 1.3656
Run:02 Epoch: 1441 loss_train: 1.3383 loss_val: 1.3668
Run:02 Epoch: 1451 loss_train: 1.3363 loss_val: 1.3664
Run:02 Epoch: 1461 loss_train: 1.3393 loss_val: 1.3671
Run:02 Epoch: 1471 Run Train:  67%|██████▋   | 2/3 [31:14<15:38, 938.08s/it]loss_train: 1.3370 loss_val: 1.3662
Run:02 Epoch: 1481 loss_train: 1.3389 loss_val: 1.3672
Run:02 Epoch: 1491 loss_train: 1.3361 loss_val: 1.3659
Run:03 Epoch: 0001 loss_train: 1.3371 loss_val: 1.3661
Run:03 Epoch: 0011 loss_train: 1.3372 loss_val: 1.3657
Run:03 Epoch: 0021 loss_train: 1.3394 loss_val: 1.3662
Run:03 Epoch: 0031 loss_train: 1.3394 loss_val: 1.3663
Run:03 Epoch: 0041 loss_train: 1.3375 loss_val: 1.3675
Run:03 Epoch: 0051 loss_train: 1.3372 loss_val: 1.3648
Run:03 Epoch: 0061 loss_train: 1.3359 loss_val: 1.3666
Run:03 Epoch: 0071 loss_train: 1.3407 loss_val: 1.3655
Run:03 Epoch: 0081 loss_train: 1.3383 loss_val: 1.3652
Run:03 Epoch: 0091 loss_train: 1.3382 loss_val: 1.3675
Run:03 Epoch: 0101 loss_train: 1.3373 loss_val: 1.3656
Run:03 Epoch: 0111 loss_train: 1.3378 loss_val: 1.3663
Run:03 Epoch: 0121 loss_train: 1.3399 loss_val: 1.3668
Run:03 Epoch: 0131 loss_train: 1.3354 loss_val: 1.3650
Run:03 Epoch: 0141 loss_train: 1.3369 loss_val: 1.3654
Run:03 Epoch: 0151 loss_train: 1.3392 loss_val: 1.3664
Run:03 Epoch: 0161 loss_train: 1.3370 loss_val: 1.3652
Run:03 Epoch: 0171 loss_train: 1.3399 loss_val: 1.3661
Run:03 Epoch: 0181 loss_train: 1.3395 loss_val: 1.3661
Run:03 Epoch: 0191 loss_train: 1.3376 loss_val: 1.3662
Run:03 Epoch: 0201 loss_train: 1.3396 loss_val: 1.3657
Run:03 Epoch: 0211 loss_train: 1.3374 loss_val: 1.3662
Run:03 Epoch: 0221 loss_train: 1.3384 loss_val: 1.3665
Run:03 Epoch: 0231 loss_train: 1.3370 loss_val: 1.3654
Run:03 Epoch: 0241 loss_train: 1.3351 loss_val: 1.3662
Run:03 Epoch: 0251 loss_train: 1.3396 loss_val: 1.3664
Run:03 Epoch: 0261 loss_train: 1.3370 loss_val: 1.3650
Run:03 Epoch: 0271 loss_train: 1.3392 loss_val: 1.3673
Run:03 Epoch: 0281 loss_train: 1.3377 loss_val: 1.3663
Run:03 Epoch: 0291 loss_train: 1.3371 loss_val: 1.3654
Run:03 Epoch: 0301 loss_train: 1.3373 loss_val: 1.3670
Run:03 Epoch: 0311 loss_train: 1.3369 loss_val: 1.3659
Run:03 Epoch: 0321 loss_train: 1.3377 loss_val: 1.3660
Run:03 Epoch: 0331 loss_train: 1.3359 loss_val: 1.3671
Run:03 Epoch: 0341 loss_train: 1.3374 loss_val: 1.3655
Run:03 Epoch: 0351 loss_train: 1.3341 loss_val: 1.3670
Run:03 Epoch: 0361 loss_train: 1.3375 loss_val: 1.3654
Run:03 Epoch: 0371 loss_train: 1.3358 loss_val: 1.3654
Run:03 Epoch: 0381 loss_train: 1.3372 loss_val: 1.3656
Run:03 Epoch: 0391 loss_train: 1.3385 loss_val: 1.3673
Run:03 Epoch: 0401 loss_train: 1.3379 loss_val: 1.3660
Run:03 Epoch: 0411 loss_train: 1.3371 loss_val: 1.3662
Run:03 Epoch: 0421 loss_train: 1.3389 loss_val: 1.3655
Run:03 Epoch: 0431 loss_train: 1.3370 loss_val: 1.3648
Run:03 Epoch: 0441 loss_train: 1.3380 loss_val: 1.3660
Run:03 Epoch: 0451 loss_train: 1.3383 loss_val: 1.3669
Run:03 Epoch: 0461 loss_train: 1.3369 loss_val: 1.3660
Run:03 Epoch: 0471 loss_train: 1.3369 loss_val: 1.3673
Run:03 Epoch: 0481 loss_train: 1.3356 loss_val: 1.3654
Run:03 Epoch: 0491 loss_train: 1.3384 loss_val: 1.3659
Run:03 Epoch: 0501 loss_train: 1.3381 loss_val: 1.3658
Run:03 Epoch: 0511 loss_train: 1.3403 loss_val: 1.3658
Run:03 Epoch: 0521 loss_train: 1.3394 loss_val: 1.3679
Run:03 Epoch: 0531 loss_train: 1.3381 loss_val: 1.3657
Run:03 Epoch: 0541 loss_train: 1.3369 loss_val: 1.3655
Run:03 Epoch: 0551 loss_train: 1.3380 loss_val: 1.3662
Run:03 Epoch: 0561 loss_train: 1.3377 loss_val: 1.3660
Run:03 Epoch: 0571 loss_train: 1.3389 loss_val: 1.3655
Run:03 Epoch: 0581 loss_train: 1.3365 loss_val: 1.3655
Run:03 Epoch: 0591 loss_train: 1.3386 loss_val: 1.3661
Run:03 Epoch: 0601 loss_train: 1.3351 loss_val: 1.3667
Run:03 Epoch: 0611 loss_train: 1.3369 loss_val: 1.3652
Run:03 Epoch: 0621 loss_train: 1.3355 loss_val: 1.3668
Run:03 Epoch: 0631 loss_train: 1.3366 loss_val: 1.3652
Run:03 Epoch: 0641 loss_train: 1.3372 loss_val: 1.3652
Run:03 Epoch: 0651 loss_train: 1.3349 loss_val: 1.3678
Run:03 Epoch: 0661 loss_train: 1.3403 loss_val: 1.3655
Run:03 Epoch: 0671 loss_train: 1.3365 loss_val: 1.3668
Run:03 Epoch: 0681 loss_train: 1.3382 loss_val: 1.3668
Run:03 Epoch: 0691 loss_train: 1.3366 loss_val: 1.3656
Run:03 Epoch: 0701 loss_train: 1.3393 loss_val: 1.3674
Run:03 Epoch: 0711 loss_train: 1.3365 loss_val: 1.3653
Run:03 Epoch: 0721 loss_train: 1.3390 loss_val: 1.3654
Run:03 Epoch: 0731 loss_train: 1.3386 loss_val: 1.3672
Run:03 Epoch: 0741 loss_train: 1.3382 loss_val: 1.3643
Run:03 Epoch: 0751 loss_train: 1.3344 loss_val: 1.3669
Run:03 Epoch: 0761 loss_train: 1.3379 loss_val: 1.3671
Run:03 Epoch: 0771 loss_train: 1.3370 loss_val: 1.3656
Run:03 Epoch: 0781 loss_train: 1.3374 loss_val: 1.3663
Run:03 Epoch: 0791 loss_train: 1.3369 loss_val: 1.3645
Run:03 Epoch: 0801 loss_train: 1.3381 loss_val: 1.3656
Run:03 Epoch: 0811 loss_train: 1.3386 loss_val: 1.3667
Run:03 Epoch: 0821 loss_train: 1.3380 loss_val: 1.3651
Run:03 Epoch: 0831 loss_train: 1.3352 loss_val: 1.3661
Run:03 Epoch: 0841 loss_train: 1.3373 loss_val: 1.3662
Run:03 Epoch: 0851 loss_train: 1.3378 loss_val: 1.3660
Run:03 Epoch: 0861 loss_train: 1.3357 loss_val: 1.3658
Run:03 Epoch: 0871 loss_train: 1.3394 loss_val: 1.3670
Run:03 Epoch: 0881 loss_train: 1.3394 loss_val: 1.3665
Run:03 Epoch: 0891 loss_train: 1.3384 loss_val: 1.3642
Run:03 Epoch: 0901 loss_train: 1.3364 loss_val: 1.3657
Run:03 Epoch: 0911 loss_train: 1.3367 loss_val: 1.3665
Run:03 Epoch: 0921 loss_train: 1.3400 loss_val: 1.3660
Run:03 Epoch: 0931 loss_train: 1.3372 loss_val: 1.3662
Run:03 Epoch: 0941 loss_train: 1.3376 loss_val: 1.3654
Run:03 Epoch: 0951 loss_train: 1.3369 loss_val: 1.3658
Run:03 Epoch: 0961 loss_train: 1.3391 loss_val: 1.3662
Run:03 Epoch: 0971 loss_train: 1.3376 loss_val: 1.3667
Run:03 Epoch: 0981 loss_train: 1.3408 loss_val: 1.3663
Run:03 Epoch: 0991 loss_train: 1.3383 loss_val: 1.3654
Run:03 Epoch: 1001 loss_train: 1.3377 loss_val: 1.3657
Run:03 Epoch: 1011 loss_train: 1.3372 loss_val: 1.3664
Run:03 Epoch: 1021 loss_train: 1.3376 loss_val: 1.3657
Run:03 Epoch: 1031 loss_train: 1.3379 loss_val: 1.3661
Run:03 Epoch: 1041 loss_train: 1.3367 loss_val: 1.3662
Run:03 Epoch: 1051 loss_train: 1.3381 loss_val: 1.3651
Run:03 Epoch: 1061 loss_train: 1.3394 loss_val: 1.3659
Run:03 Epoch: 1071 loss_train: 1.3392 loss_val: 1.3654
Run:03 Epoch: 1081 loss_train: 1.3396 loss_val: 1.3673
Run:03 Epoch: 1091 loss_train: 1.3370 loss_val: 1.3645
Run:03 Epoch: 1101 loss_train: 1.3376 loss_val: 1.3663
Run:03 Epoch: 1111 loss_train: 1.3377 loss_val: 1.3659
Run:03 Epoch: 1121 loss_train: 1.3381 loss_val: 1.3654
Run:03 Epoch: 1131 loss_train: 1.3369 loss_val: 1.3664
Run:03 Epoch: 1141 loss_train: 1.3382 loss_val: 1.3673
Run:03 Epoch: 1151 loss_train: 1.3396 loss_val: 1.3659
Run:03 Epoch: 1161 loss_train: 1.3390 loss_val: 1.3654
Run:03 Epoch: 1171 loss_train: 1.3373 loss_val: 1.3660
Run:03 Epoch: 1181 loss_train: 1.3384 loss_val: 1.3673
Run:03 Epoch: 1191 loss_train: 1.3390 loss_val: 1.3653
Run:03 Epoch: 1201 loss_train: 1.3368 loss_val: 1.3648
Run:03 Epoch: 1211 loss_train: 1.3375 loss_val: 1.3668
Run:03 Epoch: 1221 loss_train: 1.3373 loss_val: 1.3647
Run:03 Epoch: 1231 loss_train: 1.3369 loss_val: 1.3662
Run:03 Epoch: 1241 loss_train: 1.3379 loss_val: 1.3666
Run:03 Epoch: 1251 loss_train: 1.3396 loss_val: 1.3664
Run:03 Epoch: 1261 loss_train: 1.3381 loss_val: 1.3650
Run:03 Epoch: 1271 loss_train: 1.3386 loss_val: 1.3672
Run:03 Epoch: 1281 loss_train: 1.3396 loss_val: 1.3656
Run:03 Epoch: 1291 loss_train: 1.3371 loss_val: 1.3656
Run:03 Epoch: 1301 loss_train: 1.3353 loss_val: 1.3666
Run:03 Epoch: 1311 loss_train: 1.3390 loss_val: 1.3662
Run:03 Epoch: 1321 loss_train: 1.3358 loss_val: 1.3661
Run:03 Epoch: 1331 loss_train: 1.3403 loss_val: 1.3660
Run:03 Epoch: 1341 loss_train: 1.3384 loss_val: 1.3671
Run:03 Epoch: 1351 loss_train: 1.3402 loss_val: 1.3656
Run:03 Epoch: 1361 loss_train: 1.3382 loss_val: 1.3672
Run:03 Epoch: 1371 loss_train: 1.3392 loss_val: 1.3653
Run:03 Epoch: 1381 loss_train: 1.3378 loss_val: 1.3661
Run:03 Epoch: 1391 loss_train: 1.3382 loss_val: 1.3666
Run:03 Epoch: 1401 loss_train: 1.3377 loss_val: 1.3662
Run:03 Epoch: 1411 loss_train: 1.3377 loss_val: 1.3655
Run:03 Epoch: 1421 loss_train: 1.3370 loss_val: 1.3665
Run:03 Epoch: 1431 loss_train: 1.3381 loss_val: 1.3655
Run:03 Epoch: 1441 loss_train: 1.3378 loss_val: 1.3654
Run:03 Epoch: 1451 loss_train: 1.3370 loss_val: 1.3658
Run:03 Run Train: 100%|██████████| 3/3 [44:54<00:00, 883.86s/it]Run Train: 100%|██████████| 3/3 [44:54<00:00, 898.11s/it]
Epoch: 1461 loss_train: 1.3370 loss_val: 1.3673
Run:03 Epoch: 1471 loss_train: 1.3370 loss_val: 1.3651
Run:03 Epoch: 1481 loss_train: 1.3376 loss_val: 1.3664
Run:03 Epoch: 1491 loss_train: 1.3399 loss_val: 1.3658
test acc: 0.4367954911433172 test acc std 0.0005693291313901374


test micro f1: 0.4367954911433172 test macro f1 0.3782419816879268
