args
 Namespace(samples=4, concat=2, runs=1, latent_size=10, dataset='cocitationciteseer', seed=42, epochs=1000, lr=0.001, weight_decay=0.0005, hidden=64, dropout=0.5, batch_size=128, tem=0.5, lam=1.0, pretrain_epochs=8, pretrain_lr=0.05, conditional=True, update_epochs=20, num_models=100, warmup=200, cuda=False)
This is cocitation_citeseer dataset:
  ->  num_classes
  ->  num_vertices
  ->  num_edges
  ->  dim_features
  ->  features
  ->  edge_list
  ->  labels
  ->  train_mask
  ->  val_mask
  ->  test_mask
Please try `data['name']` to get the specified data.
Run Train:   0%|          | 0/1 [00:00<?, ?it/s]/users/Min/miniconda/envs/hy/lib/python3.9/site-packages/torch/nn/functional.py:1967: UserWarning: nn.functional.sigmoid is deprecated. Use torch.sigmoid instead.
  warnings.warn("nn.functional.sigmoid is deprecated. Use torch.sigmoid instead.")
Run:01 Epoch: 0001 loss_train: 1.8234 loss_val: 1.7980
Run:01 Epoch: 0002 loss_train: 1.8019 loss_val: 1.7747
Run:01 Epoch: 0003 loss_train: 1.7839 loss_val: 1.7635
Run:01 Epoch: 0004 loss_train: 1.7758 loss_val: 1.7574
Run:01 Epoch: 0005 loss_train: 1.7698 loss_val: 1.7536
Run:01 Epoch: 0006 loss_train: 1.7667 loss_val: 1.7511
Run:01 Epoch: 0007 loss_train: 1.7663 loss_val: 1.7491
Run:01 Epoch: 0008 loss_train: 1.7622 loss_val: 1.7472
Run:01 Epoch: 0009 loss_train: 1.7603 loss_val: 1.7450
Run:01 Epoch: 0010 loss_train: 1.7597 loss_val: 1.7420
Run:01 Epoch: 0011 loss_train: 1.7579 loss_val: 1.7388
Run:01 Epoch: 0012 loss_train: 1.7521 loss_val: 1.7357
Run:01 Epoch: 0013 loss_train: 1.7485 loss_val: 1.7324
Run:01 Epoch: 0014 loss_train: 1.7447 loss_val: 1.7290
Run:01 Epoch: 0015 loss_train: 1.7448 loss_val: 1.7257
Run:01 Epoch: 0016 loss_train: 1.7367 loss_val: 1.7226
Run:01 Epoch: 0017 loss_train: 1.7308 loss_val: 1.7198
Run:01 Epoch: 0018 loss_train: 1.7272 loss_val: 1.7172
Run:01 Epoch: 0019 loss_train: 1.7252 loss_val: 1.7149
Run:01 Epoch: 0020 loss_train: 1.7211 loss_val: 1.7127
Run:01 Epoch: 0021 loss_train: 1.7181 loss_val: 1.7104
Run:01 Epoch: 0022 loss_train: 1.7129 loss_val: 1.7080
Run:01 Epoch: 0023 loss_train: 1.7112 loss_val: 1.7051
Run:01 Epoch: 0024 loss_train: 1.7076 loss_val: 1.7020
Run:01 Epoch: 0025 loss_train: 1.7073 loss_val: 1.6985
Run:01 Epoch: 0026 loss_train: 1.6997 loss_val: 1.6950
Run:01 Epoch: 0027 loss_train: 1.6977 loss_val: 1.6915
Run:01 Epoch: 0028 loss_train: 1.6941 loss_val: 1.6878
Run:01 Epoch: 0029 loss_train: 1.6907 loss_val: 1.6842
Run:01 Epoch: 0030 loss_train: 1.6882 loss_val: 1.6807
Run:01 Epoch: 0031 loss_train: 1.6828 loss_val: 1.6772
Run:01 Epoch: 0032 loss_train: 1.6796 loss_val: 1.6740
Run:01 Epoch: 0033 loss_train: 1.6736 loss_val: 1.6709
Run:01 Epoch: 0034 loss_train: 1.6700 loss_val: 1.6679
Run:01 Epoch: 0035 loss_train: 1.6678 loss_val: 1.6650
Run:01 Epoch: 0036 loss_train: 1.6617 loss_val: 1.6621
Run:01 Epoch: 0037 loss_train: 1.6595 loss_val: 1.6593
Run:01 Epoch: 0038 loss_train: 1.6568 loss_val: 1.6564
Run:01 Epoch: 0039 loss_train: 1.6504 loss_val: 1.6537
Run:01 Epoch: 0040 loss_train: 1.6491 loss_val: 1.6509
Run:01 Epoch: 0041 loss_train: 1.6427 loss_val: 1.6482
Run:01 Epoch: 0042 loss_train: 1.6392 loss_val: 1.6454
Run:01 Epoch: 0043 loss_train: 1.6355 loss_val: 1.6426
Run:01 Epoch: 0044 loss_train: 1.6308 loss_val: 1.6400
Run:01 Epoch: 0045 loss_train: 1.6267 loss_val: 1.6372
Run:01 Epoch: 0046 loss_train: 1.6241 loss_val: 1.6344
Run:01 Epoch: 0047 loss_train: 1.6197 loss_val: 1.6316
Run:01 Epoch: 0048 loss_train: 1.6159 loss_val: 1.6285
Run:01 Epoch: 0049 loss_train: 1.6121 loss_val: 1.6254
Run:01 Epoch: 0050 loss_train: 1.6081 loss_val: 1.6225
Run:01 Epoch: 0051 loss_train: 1.6069 loss_val: 1.6198
Run:01 Epoch: 0052 loss_train: 1.6002 loss_val: 1.6170
Run:01 Epoch: 0053 loss_train: 1.5964 loss_val: 1.6144
Run:01 Epoch: 0054 loss_train: 1.5942 loss_val: 1.6119
Run:01 Epoch: 0055 loss_train: 1.5906 loss_val: 1.6084
Run:01 Epoch: 0056 loss_train: 1.5846 loss_val: 1.6054
Run:01 Epoch: 0057 loss_train: 1.5831 loss_val: 1.6026
Run:01 Epoch: 0058 loss_train: 1.5786 loss_val: 1.5999
Run:01 Epoch: 0059 loss_train: 1.5768 loss_val: 1.5972
Run:01 Epoch: 0060 loss_train: 1.5710 loss_val: 1.5946
Run:01 Epoch: 0061 loss_train: 1.5682 loss_val: 1.5921
Run:01 Epoch: 0062 loss_train: 1.5613 loss_val: 1.5897
Run:01 Epoch: 0063 loss_train: 1.5597 loss_val: 1.5873
Run:01 Epoch: 0064 loss_train: 1.5581 loss_val: 1.5853
Run:01 Epoch: 0065 loss_train: 1.5513 loss_val: 1.5831
Run:01 Epoch: 0066 loss_train: 1.5485 loss_val: 1.5803
Run:01 Epoch: 0067 loss_train: 1.5455 loss_val: 1.5775
Run:01 Epoch: 0068 loss_train: 1.5431 loss_val: 1.5747
Run:01 Epoch: 0069 loss_train: 1.5391 loss_val: 1.5716
Run:01 Epoch: 0070 loss_train: 1.5325 loss_val: 1.5686
Run:01 Epoch: 0071 loss_train: 1.5302 loss_val: 1.5656
Run:01 Epoch: 0072 loss_train: 1.5274 loss_val: 1.5628
Run:01 Epoch: 0073 loss_train: 1.5265 loss_val: 1.5602
Run:01 Epoch: 0074 loss_train: 1.5223 loss_val: 1.5578
Run:01 Epoch: 0075 loss_train: 1.5183 loss_val: 1.5557
Run:01 Epoch: 0076 loss_train: 1.5137 loss_val: 1.5541
Run:01 Epoch: 0077 loss_train: 1.5099 loss_val: 1.5520
Run:01 Epoch: 0078 loss_train: 1.5061 loss_val: 1.5499
Run:01 Epoch: 0079 loss_train: 1.5047 loss_val: 1.5478
Run:01 Epoch: 0080 loss_train: 1.5007 loss_val: 1.5459
Run:01 Epoch: 0081 loss_train: 1.4970 loss_val: 1.5435
Run:01 Epoch: 0082 loss_train: 1.4921 loss_val: 1.5407
Run:01 Epoch: 0083 loss_train: 1.4882 loss_val: 1.5373
Run:01 Epoch: 0084 loss_train: 1.4862 loss_val: 1.5338
Run:01 Epoch: 0085 loss_train: 1.4824 loss_val: 1.5305
Run:01 Epoch: 0086 loss_train: 1.4785 loss_val: 1.5275
Run:01 Epoch: 0087 loss_train: 1.4781 loss_val: 1.5249
Run:01 Epoch: 0088 loss_train: 1.4749 loss_val: 1.5228
Run:01 Epoch: 0089 loss_train: 1.4770 loss_val: 1.5201
Run:01 Epoch: 0090 loss_train: 1.4692 loss_val: 1.5180
Run:01 Epoch: 0091 loss_train: 1.4627 loss_val: 1.5161
Run:01 Epoch: 0092 loss_train: 1.4630 loss_val: 1.5144
Run:01 Epoch: 0093 loss_train: 1.4591 loss_val: 1.5129
Run:01 Epoch: 0094 loss_train: 1.4533 loss_val: 1.5118
Run:01 Epoch: 0095 loss_train: 1.4523 loss_val: 1.5106
Run:01 Epoch: 0096 loss_train: 1.4517 loss_val: 1.5094
Run:01 Epoch: 0097 loss_train: 1.4477 loss_val: 1.5077
Run:01 Epoch: 0098 loss_train: 1.4447 loss_val: 1.5049
Run:01 Epoch: 0099 loss_train: 1.4424 loss_val: 1.5023
Run:01 Epoch: 0100 loss_train: 1.4392 loss_val: 1.4992
Run:01 Epoch: 0101 loss_train: 1.4347 loss_val: 1.4952
Run:01 Epoch: 0102 loss_train: 1.4301 loss_val: 1.4919
Run:01 Epoch: 0103 loss_train: 1.4316 loss_val: 1.4891
Run:01 Epoch: 0104 loss_train: 1.4281 loss_val: 1.4866
Run:01 Epoch: 0105 loss_train: 1.4248 loss_val: 1.4845
Run:01 Epoch: 0106 loss_train: 1.4240 loss_val: 1.4832
Run:01 Epoch: 0107 loss_train: 1.4191 loss_val: 1.4818
Run:01 Epoch: 0108 loss_train: 1.4169 loss_val: 1.4805
Run:01 Epoch: 0109 loss_train: 1.4110 loss_val: 1.4796
Run:01 Epoch: 0110 loss_train: 1.4066 loss_val: 1.4779
Run:01 Epoch: 0111 loss_train: 1.4045 loss_val: 1.4754
Run:01 Epoch: 0112 loss_train: 1.4019 loss_val: 1.4723
Run:01 Epoch: 0113 loss_train: 1.3999 loss_val: 1.4696
Run:01 Epoch: 0114 loss_train: 1.4000 loss_val: 1.4673
Run:01 Epoch: 0115 loss_train: 1.3960 loss_val: 1.4637
Run:01 Epoch: 0116 loss_train: 1.3907 loss_val: 1.4611
Run:01 Epoch: 0117 loss_train: 1.3892 loss_val: 1.4587
Run:01 Epoch: 0118 loss_train: 1.3885 loss_val: 1.4567
Run:01 Epoch: 0119 loss_train: 1.3872 loss_val: 1.4558
Run:01 Epoch: 0120 loss_train: 1.3821 loss_val: 1.4559
Run:01 Epoch: 0121 loss_train: 1.3780 loss_val: 1.4569
Run:01 Epoch: 0122 loss_train: 1.3746 loss_val: 1.4575
Run:01 Epoch: 0123 loss_train: 1.3740 loss_val: 1.4568
Run:01 Epoch: 0124 loss_train: 1.3717 loss_val: 1.4546
Run:01 Epoch: 0125 loss_train: 1.3702 loss_val: 1.4523
Run:01 Epoch: 0126 loss_train: 1.3677 loss_val: 1.4488
Run:01 Epoch: 0127 loss_train: 1.3684 loss_val: 1.4456
Run:01 Epoch: 0128 loss_train: 1.3642 loss_val: 1.4425
Run:01 Epoch: 0129 loss_train: 1.3588 loss_val: 1.4387
Run:01 Epoch: 0130 loss_train: 1.3576 loss_val: 1.4358
Run:01 Epoch: 0131 loss_train: 1.3591 loss_val: 1.4328
Run:01 Epoch: 0132 loss_train: 1.3525 loss_val: 1.4309
Run:01 Epoch: 0133 loss_train: 1.3495 loss_val: 1.4302
Run:01 Epoch: 0134 loss_train: 1.3469 loss_val: 1.4302
Run:01 Epoch: 0135 loss_train: 1.3434 loss_val: 1.4290
Run:01 Epoch: 0136 loss_train: 1.3422 loss_val: 1.4286
Run:01 Epoch: 0137 loss_train: 1.3397 loss_val: 1.4266
Run:01 Epoch: 0138 loss_train: 1.3379 loss_val: 1.4241
Run:01 Epoch: 0139 loss_train: 1.3357 loss_val: 1.4227
Run:01 Epoch: 0140 loss_train: 1.3325 loss_val: 1.4216
Run:01 Epoch: 0141 loss_train: 1.3341 loss_val: 1.4208
Run:01 Epoch: 0142 loss_train: 1.3248 loss_val: 1.4201
Run:01 Epoch: 0143 loss_train: 1.3270 loss_val: 1.4198
Run:01 Epoch: 0144 loss_train: 1.3241 loss_val: 1.4190
Run:01 Epoch: 0145 loss_train: 1.3279 loss_val: 1.4163
Run:01 Epoch: 0146 loss_train: 1.3156 loss_val: 1.4129
Run:01 Epoch: 0147 loss_train: 1.3202 loss_val: 1.4098
Run:01 Epoch: 0148 loss_train: 1.3110 loss_val: 1.4071
Run:01 Epoch: 0149 loss_train: 1.3149 loss_val: 1.4051
Run:01 Epoch: 0150 loss_train: 1.3117 loss_val: 1.4036
Run:01 Epoch: 0151 loss_train: 1.3114 loss_val: 1.4023
Run:01 Epoch: 0152 loss_train: 1.3129 loss_val: 1.4026
Run:01 Epoch: 0153 loss_train: 1.3086 loss_val: 1.4025
Run:01 Epoch: 0154 loss_train: 1.3090 loss_val: 1.4002
Run:01 Epoch: 0155 loss_train: 1.2990 loss_val: 1.3982
Run:01 Epoch: 0156 loss_train: 1.3043 loss_val: 1.3967
Run:01 Epoch: 0157 loss_train: 1.3008 loss_val: 1.3946
Run:01 Epoch: 0158 loss_train: 1.3026 loss_val: 1.3930
Run:01 Epoch: 0159 loss_train: 1.2947 loss_val: 1.3919
Run:01 Epoch: 0160 loss_train: 1.2929 loss_val: 1.3925
Run:01 Epoch: 0161 loss_train: 1.2881 loss_val: 1.3939
Run:01 Epoch: 0162 loss_train: 1.2863 loss_val: 1.3939
Run:01 Epoch: 0163 loss_train: 1.2854 loss_val: 1.3908
Run:01 Epoch: 0164 loss_train: 1.2824 loss_val: 1.3870
Run:01 Epoch: 0165 loss_train: 1.2772 loss_val: 1.3840
Run:01 Epoch: 0166 loss_train: 1.2812 loss_val: 1.3825
Run:01 Epoch: 0167 loss_train: 1.2812 loss_val: 1.3821
Run:01 Epoch: 0168 loss_train: 1.2779 loss_val: 1.3813
Run:01 Epoch: 0169 loss_train: 1.2709 loss_val: 1.3801
Run:01 Epoch: 0170 loss_train: 1.2727 loss_val: 1.3790
Run:01 Epoch: 0171 loss_train: 1.2672 loss_val: 1.3783
Run:01 Epoch: 0172 loss_train: 1.2654 loss_val: 1.3776
Run:01 Epoch: 0173 loss_train: 1.2687 loss_val: 1.3773
Run:01 Epoch: 0174 loss_train: 1.2653 loss_val: 1.3762
Run:01 Epoch: 0175 loss_train: 1.2625 loss_val: 1.3751
Run:01 Epoch: 0176 loss_train: 1.2587 loss_val: 1.3730
Run:01 Epoch: 0177 loss_train: 1.2661 loss_val: 1.3690
Run:01 Epoch: 0178 loss_train: 1.2559 loss_val: 1.3661
Run:01 Epoch: 0179 loss_train: 1.2625 loss_val: 1.3636
Run:01 Epoch: 0180 loss_train: 1.2530 loss_val: 1.3613
Run:01 Epoch: 0181 loss_train: 1.2523 loss_val: 1.3600
Run:01 Epoch: 0182 loss_train: 1.2628 loss_val: 1.3616
Run:01 Epoch: 0183 loss_train: 1.2476 loss_val: 1.3643
Run:01 Epoch: 0184 loss_train: 1.2464 loss_val: 1.3673
Run:01 Epoch: 0185 loss_train: 1.2438 loss_val: 1.3698
Run:01 Epoch: 0186 loss_train: 1.2442 loss_val: 1.3712
Run:01 Epoch: 0187 loss_train: 1.2418 loss_val: 1.3692
Run:01 Epoch: 0188 loss_train: 1.2433 loss_val: 1.3643
Run:01 Epoch: 0189 loss_train: 1.2409 loss_val: 1.3612
Run:01 Epoch: 0190 loss_train: 1.2420 loss_val: 1.3592
Run:01 Epoch: 0191 loss_train: 1.2411 loss_val: 1.3567
Run:01 Epoch: 0192 loss_train: 1.2372 loss_val: 1.3550
Run:01 Epoch: 0193 loss_train: 1.2340 loss_val: 1.3538
Run:01 Epoch: 0194 loss_train: 1.2345 loss_val: 1.3537
Run:01 Epoch: 0195 loss_train: 1.2312 loss_val: 1.3551
Run:01 Epoch: 0196 loss_train: 1.2277 loss_val: 1.3562
Run:01 Epoch: 0197 loss_train: 1.2254 loss_val: 1.3558
Run:01 Epoch: 0198 loss_train: 1.2254 loss_val: 1.3548
Run:01 Epoch: 0199 loss_train: 1.2250 loss_val: 1.3521
Run:01 Epoch: 0200 loss_train: 1.2189 loss_val: 1.3494
Run:01 Epoch: 0201 loss_train: 1.2267 loss_val: 1.3464
Run:01 Epoch: 0202 loss_train: 1.2192 loss_val: 1.3453
Run:01 Epoch: 0203 loss_train: 1.2183 loss_val: 1.3450
Run:01 Epoch: 0204 loss_train: 1.2267 loss_val: 1.3440
Run:01 Epoch: 0205 loss_train: 1.2284 loss_val: 1.3437
Run:01 Epoch: 0206 loss_train: 1.2182 loss_val: 1.3437
Run:01 Epoch: 0207 loss_train: 1.2129 loss_val: 1.3447
Run:01 Epoch: 0208 loss_train: 1.2098 loss_val: 1.3473
Run:01 Epoch: 0209 loss_train: 1.2083 loss_val: 1.3510
Run:01 Epoch: 0210 loss_train: 1.2126 loss_val: 1.3538
Run:01 Epoch: 0211 loss_train: 1.2069 loss_val: 1.3538
Run:01 Epoch: 0212 loss_train: 1.2073 loss_val: 1.3517
Run:01 Epoch: 0213 loss_train: 1.2075 loss_val: 1.3475
Run:01 Epoch: 0214 loss_train: 1.1967 loss_val: 1.3440
Run:01 Epoch: 0215 loss_train: 1.1990 loss_val: 1.3407
Run:01 Epoch: 0216 loss_train: 1.1977 loss_val: 1.3373
Run:01 Epoch: 0217 loss_train: 1.1977 loss_val: 1.3336
Run:01 Epoch: 0218 loss_train: 1.1970 loss_val: 1.3306
Run:01 Epoch: 0219 loss_train: 1.1933 loss_val: 1.3277
Run:01 Epoch: 0220 loss_train: 1.1897 loss_val: 1.3257
Run:01 Epoch: 0221 loss_train: 1.1862 loss_val: 1.3248
Run:01 Epoch: 0222 loss_train: 1.1900 loss_val: 1.3251
Run:01 Epoch: 0223 loss_train: 1.1896 loss_val: 1.3252
Run:01 Epoch: 0224 loss_train: 1.1828 loss_val: 1.3245
Run:01 Epoch: 0225 loss_train: 1.1812 loss_val: 1.3230
Run:01 Epoch: 0226 loss_train: 1.1831 loss_val: 1.3219
Run:01 Epoch: 0227 loss_train: 1.1793 loss_val: 1.3213
Run:01 Epoch: 0228 loss_train: 1.1767 loss_val: 1.3207
Run:01 Epoch: 0229 loss_train: 1.1760 loss_val: 1.3199
Run:01 Epoch: 0230 loss_train: 1.1791 loss_val: 1.3194
Run:01 Epoch: 0231 loss_train: 1.1785 loss_val: 1.3184
Run:01 Epoch: 0232 loss_train: 1.1738 loss_val: 1.3173
Run:01 Epoch: 0233 loss_train: 1.1753 loss_val: 1.3168
Run:01 Epoch: 0234 loss_train: 1.1719 loss_val: 1.3172
Run:01 Epoch: 0235 loss_train: 1.1667 loss_val: 1.3174
Run:01 Epoch: 0236 loss_train: 1.1684 loss_val: 1.3165
Run:01 Epoch: 0237 loss_train: 1.1693 loss_val: 1.3147
Run:01 Epoch: 0238 loss_train: 1.1693 loss_val: 1.3104
Run:01 Epoch: 0239 loss_train: 1.1632 loss_val: 1.3070
Run:01 Epoch: 0240 loss_train: 1.1647 loss_val: 1.3046
Run:01 Epoch: 0241 loss_train: 1.1648 loss_val: 1.3034
Run:01 Epoch: 0242 loss_train: 1.1614 loss_val: 1.3027
Run:01 Epoch: 0243 loss_train: 1.1615 loss_val: 1.3028
Run:01 Epoch: 0244 loss_train: 1.1630 loss_val: 1.3033
Run:01 Epoch: 0245 loss_train: 1.1581 loss_val: 1.3036
Run:01 Epoch: 0246 loss_train: 1.1554 loss_val: 1.3040
Run:01 Epoch: 0247 loss_train: 1.1529 loss_val: 1.3038
Run:01 Epoch: 0248 loss_train: 1.1529 loss_val: 1.3042
Run:01 Epoch: 0249 loss_train: 1.1593 loss_val: 1.3018
Run:01 Epoch: 0250 loss_train: 1.1550 loss_val: 1.2995
Run:01 Epoch: 0251 loss_train: 1.1522 loss_val: 1.2979
Run:01 Epoch: 0252 loss_train: 1.1548 loss_val: 1.2971
Run:01 Epoch: 0253 loss_train: 1.1508 loss_val: 1.2970
Run:01 Epoch: 0254 loss_train: 1.1443 loss_val: 1.2976
Run:01 Epoch: 0255 loss_train: 1.1457 loss_val: 1.2975
Run:01 Epoch: 0256 loss_train: 1.1537 loss_val: 1.2969
Run:01 Epoch: 0257 loss_train: 1.1424 loss_val: 1.2964
Run:01 Epoch: 0258 loss_train: 1.1417 loss_val: 1.2971
Run:01 Epoch: 0259 loss_train: 1.1380 loss_val: 1.2991
Run:01 Epoch: 0260 loss_train: 1.1382 loss_val: 1.3006
Run:01 Epoch: 0261 loss_train: 1.1374 loss_val: 1.3009
Run:01 Epoch: 0262 loss_train: 1.1447 loss_val: 1.2967
Run:01 Epoch: 0263 loss_train: 1.1439 loss_val: 1.2931
Run:01 Epoch: 0264 loss_train: 1.1298 loss_val: 1.2909
Run:01 Epoch: 0265 loss_train: 1.1354 loss_val: 1.2899
Run:01 Epoch: 0266 loss_train: 1.1299 loss_val: 1.2891
Run:01 Epoch: 0267 loss_train: 1.1391 loss_val: 1.2884
Run:01 Epoch: 0268 loss_train: 1.1291 loss_val: 1.2880
Run:01 Epoch: 0269 loss_train: 1.1311 loss_val: 1.2882
Run:01 Epoch: 0270 loss_train: 1.1277 loss_val: 1.2899
Run:01 Epoch: 0271 loss_train: 1.1294 loss_val: 1.2922
Run:01 Epoch: 0272 loss_train: 1.1296 loss_val: 1.2939
Run:01 Epoch: 0273 loss_train: 1.1340 loss_val: 1.2927
Run:01 Epoch: 0274 loss_train: 1.1203 loss_val: 1.2919
Run:01 Epoch: 0275 loss_train: 1.1229 loss_val: 1.2916
Run:01 Epoch: 0276 loss_train: 1.1246 loss_val: 1.2910
Run:01 Epoch: 0277 loss_train: 1.1248 loss_val: 1.2894
Run:01 Epoch: 0278 loss_train: 1.1173 loss_val: 1.2877
Run:01 Epoch: 0279 loss_train: 1.1186 loss_val: 1.2866
Run:01 Epoch: 0280 loss_train: 1.1151 loss_val: 1.2863
Run:01 Epoch: 0281 loss_train: 1.1191 loss_val: 1.2870
Run:01 Epoch: 0282 loss_train: 1.1106 loss_val: 1.2881
Run:01 Epoch: 0283 loss_train: 1.1102 loss_val: 1.2887
Run:01 Epoch: 0284 loss_train: 1.1068 loss_val: 1.2886
Run:01 Epoch: 0285 loss_train: 1.1116 loss_val: 1.2881
Run:01 Epoch: 0286 loss_train: 1.1082 loss_val: 1.2869
Run:01 Epoch: 0287 loss_train: 1.1094 loss_val: 1.2842
Run:01 Epoch: 0288 loss_train: 1.1117 loss_val: 1.2822
Run:01 Epoch: 0289 loss_train: 1.1037 loss_val: 1.2799
Run:01 Epoch: 0290 loss_train: 1.1074 loss_val: 1.2766
Run:01 Epoch: 0291 loss_train: 1.1044 loss_val: 1.2740
Run:01 Epoch: 0292 loss_train: 1.1032 loss_val: 1.2722
Run:01 Epoch: 0293 loss_train: 1.1011 loss_val: 1.2714
Run:01 Epoch: 0294 loss_train: 1.0997 loss_val: 1.2718
Run:01 Epoch: 0295 loss_train: 1.1004 loss_val: 1.2724
Run:01 Epoch: 0296 loss_train: 1.0974 loss_val: 1.2738
Run:01 Epoch: 0297 loss_train: 1.0976 loss_val: 1.2767
Run:01 Epoch: 0298 loss_train: 1.0947 loss_val: 1.2800
Run:01 Epoch: 0299 loss_train: 1.0967 loss_val: 1.2824
Run:01 Epoch: 0300 loss_train: 1.0945 loss_val: 1.2832
Run:01 Epoch: 0301 loss_train: 1.1044 loss_val: 1.2850
Run:01 Epoch: 0302 loss_train: 1.0940 loss_val: 1.2852
Run:01 Epoch: 0303 loss_train: 1.0900 loss_val: 1.2843
Run:01 Epoch: 0304 loss_train: 1.0932 loss_val: 1.2828
Run:01 Epoch: 0305 loss_train: 1.0902 loss_val: 1.2809
Run:01 Epoch: 0306 loss_train: 1.0911 loss_val: 1.2792
Run:01 Epoch: 0307 loss_train: 1.0876 loss_val: 1.2775
Run:01 Epoch: 0308 loss_train: 1.0923 loss_val: 1.2767
Run:01 Epoch: 0309 loss_train: 1.0884 loss_val: 1.2762
Run:01 Epoch: 0310 loss_train: 1.0910 loss_val: 1.2756
Run:01 Epoch: 0311 loss_train: 1.0850 loss_val: 1.2744
Run:01 Epoch: 0312 loss_train: 1.0813 loss_val: 1.2738
Run:01 Epoch: 0313 loss_train: 1.0803 loss_val: 1.2733
Run:01 Epoch: 0314 loss_train: 1.0834 loss_val: 1.2719
Run:01 Epoch: 0315 loss_train: 1.0796 loss_val: 1.2704
Run:01 Epoch: 0316 loss_train: 1.0852 loss_val: 1.2694
Run:01 Epoch: 0317 loss_train: 1.0833 loss_val: 1.2679
Run:01 Epoch: 0318 loss_train: 1.0781 loss_val: 1.2670
Run:01 Epoch: 0319 loss_train: 1.0774 loss_val: 1.2665
Run:01 Epoch: 0320 loss_train: 1.0709 loss_val: 1.2672
Run:01 Epoch: 0321 loss_train: 1.0709 loss_val: 1.2687
Run:01 Epoch: 0322 loss_train: 1.0713 loss_val: 1.2695
Run:01 Epoch: 0323 loss_train: 1.0686 loss_val: 1.2694
Run:01 Epoch: 0324 loss_train: 1.0681 loss_val: 1.2686
Run:01 Epoch: 0325 loss_train: 1.0726 loss_val: 1.2662
Run:01 Epoch: 0326 loss_train: 1.0687 loss_val: 1.2633
Run:01 Epoch: 0327 loss_train: 1.0691 loss_val: 1.2616
Run:01 Epoch: 0328 loss_train: 1.0725 loss_val: 1.2601
Run:01 Epoch: 0329 loss_train: 1.0679 loss_val: 1.2590
Run:01 Epoch: 0330 loss_train: 1.0701 loss_val: 1.2576
Run:01 Epoch: 0331 loss_train: 1.0740 loss_val: 1.2553
Run:01 Epoch: 0332 loss_train: 1.0673 loss_val: 1.2538
Run:01 Epoch: 0333 loss_train: 1.0681 loss_val: 1.2551
Run:01 Epoch: 0334 loss_train: 1.0605 loss_val: 1.2585
Run:01 Epoch: 0335 loss_train: 1.0601 loss_val: 1.2610
Run:01 Epoch: 0336 loss_train: 1.0571 loss_val: 1.2616
Run:01 Epoch: 0337 loss_train: 1.0584 loss_val: 1.2616
Run:01 Epoch: 0338 loss_train: 1.0888 loss_val: 1.2622
Run:01 Epoch: 0339 loss_train: 1.0652 loss_val: 1.2613
Run:01 Epoch: 0340 loss_train: 1.0588 loss_val: 1.2611
Run:01 Epoch: 0341 loss_train: 1.0540 loss_val: 1.2611
Run:01 Epoch: 0342 loss_train: 1.0615 loss_val: 1.2607
Run:01 Epoch: 0343 loss_train: 1.0583 loss_val: 1.2597
Run:01 Epoch: 0344 loss_train: 1.0549 loss_val: 1.2595
Run:01 Epoch: 0345 loss_train: 1.0492 loss_val: 1.2598
Run:01 Epoch: 0346 loss_train: 1.0505 loss_val: 1.2613
Run:01 Epoch: 0347 loss_train: 1.0526 loss_val: 1.2621
Run:01 Epoch: 0348 loss_train: 1.0506 loss_val: 1.2624
Run:01 Epoch: 0349 loss_train: 1.0478 loss_val: 1.2614
Run:01 Epoch: 0350 loss_train: 1.0534 loss_val: 1.2587
Run:01 Epoch: 0351 loss_train: 1.0444 loss_val: 1.2555
Run:01 Epoch: 0352 loss_train: 1.0444 loss_val: 1.2531
Run:01 Epoch: 0353 loss_train: 1.0481 loss_val: 1.2511
Run:01 Epoch: 0354 loss_train: 1.0447 loss_val: 1.2497
Run:01 Epoch: 0355 loss_train: 1.0461 loss_val: 1.2484
Run:01 Epoch: 0356 loss_train: 1.0473 loss_val: 1.2465
Run:01 Epoch: 0357 loss_train: 1.0411 loss_val: 1.2454
Run:01 Epoch: 0358 loss_train: 1.0362 loss_val: 1.2454
Run:01 Epoch: 0359 loss_train: 1.0384 loss_val: 1.2460
Run:01 Epoch: 0360 loss_train: 1.0373 loss_val: 1.2469
Run:01 Epoch: 0361 loss_train: 1.0403 loss_val: 1.2444
Run:01 Epoch: 0362 loss_train: 1.0356 loss_val: 1.2428
Run:01 Epoch: 0363 loss_train: 1.0332 loss_val: 1.2418
Run:01 Epoch: 0364 loss_train: 1.0367 loss_val: 1.2403
Run:01 Epoch: 0365 loss_train: 1.0315 loss_val: 1.2394
Run:01 Epoch: 0366 loss_train: 1.0310 loss_val: 1.2391
Run:01 Epoch: 0367 loss_train: 1.0330 loss_val: 1.2395
Run:01 Epoch: 0368 loss_train: 1.0311 loss_val: 1.2405
Run:01 Epoch: 0369 loss_train: 1.0307 loss_val: 1.2425
Run:01 Epoch: 0370 loss_train: 1.0342 loss_val: 1.2467
Run:01 Epoch: 0371 loss_train: 1.0291 loss_val: 1.2501
Run:01 Epoch: 0372 loss_train: 1.0305 loss_val: 1.2529
Run:01 Epoch: 0373 loss_train: 1.0234 loss_val: 1.2544
Run:01 Epoch: 0374 loss_train: 1.0263 loss_val: 1.2551
Run:01 Epoch: 0375 loss_train: 1.0281 loss_val: 1.2550
Run:01 Epoch: 0376 loss_train: 1.0239 loss_val: 1.2544
Run:01 Epoch: 0377 loss_train: 1.0243 loss_val: 1.2532
Run:01 Epoch: 0378 loss_train: 1.0248 loss_val: 1.2512
Run:01 Epoch: 0379 loss_train: 1.0203 loss_val: 1.2490
Run:01 Epoch: 0380 loss_train: 1.0276 loss_val: 1.2462
Run:01 Epoch: 0381 loss_train: 1.0209 loss_val: 1.2437
Run:01 Epoch: 0382 loss_train: 1.0160 loss_val: 1.2405
Run:01 Epoch: 0383 loss_train: 1.0137 loss_val: 1.2377
Run:01 Epoch: 0384 loss_train: 1.0180 loss_val: 1.2365
Run:01 Epoch: 0385 loss_train: 1.0135 loss_val: 1.2356
Run:01 Epoch: 0386 loss_train: 1.0170 loss_val: 1.2357
Run:01 Epoch: 0387 loss_train: 1.0152 loss_val: 1.2377
Run:01 Epoch: 0388 loss_train: 1.0270 loss_val: 1.2424
Run:01 Epoch: 0389 loss_train: 1.0105 loss_val: 1.2458
Run:01 Epoch: 0390 loss_train: 1.0165 loss_val: 1.2492
Run:01 Epoch: 0391 loss_train: 1.0101 loss_val: 1.2519
Run:01 Epoch: 0392 loss_train: 1.0146 loss_val: 1.2536
Run:01 Epoch: 0393 loss_train: 1.0139 loss_val: 1.2546
Run:01 Epoch: 0394 loss_train: 1.0141 loss_val: 1.2544
Run:01 Epoch: 0395 loss_train: 1.0213 loss_val: 1.2507
Run:01 Epoch: 0396 loss_train: 1.0114 loss_val: 1.2477
Run:01 Epoch: 0397 loss_train: 1.0052 loss_val: 1.2448
Run:01 Epoch: 0398 loss_train: 1.0054 loss_val: 1.2419
Run:01 Epoch: 0399 loss_train: 1.0132 loss_val: 1.2394
Run:01 Epoch: 0400 loss_train: 1.0056 loss_val: 1.2381
Run:01 Epoch: 0401 loss_train: 1.0076 loss_val: 1.2382
Run:01 Epoch: 0402 loss_train: 1.0009 loss_val: 1.2400
Run:01 Epoch: 0403 loss_train: 1.0047 loss_val: 1.2418
Run:01 Epoch: 0404 loss_train: 0.9992 loss_val: 1.2427
Run:01 Epoch: 0405 loss_train: 1.0018 loss_val: 1.2440
Run:01 Epoch: 0406 loss_train: 1.0034 loss_val: 1.2446
Run:01 Epoch: 0407 loss_train: 0.9993 loss_val: 1.2439
Run:01 Epoch: 0408 loss_train: 1.0010 loss_val: 1.2416
Run:01 Epoch: 0409 loss_train: 0.9977 loss_val: 1.2373
Run:01 Epoch: 0410 loss_train: 0.9952 loss_val: 1.2359
Run:01 Epoch: 0411 loss_train: 1.0009 loss_val: 1.2344
Run:01 Epoch: 0412 loss_train: 1.0002 loss_val: 1.2332
Run:01 Epoch: 0413 loss_train: 1.0040 loss_val: 1.2321
Run:01 Epoch: 0414 loss_train: 0.9962 loss_val: 1.2323
Run:01 Epoch: 0415 loss_train: 0.9919 loss_val: 1.2338
Run:01 Epoch: 0416 loss_train: 0.9999 loss_val: 1.2336
Run:01 Epoch: 0417 loss_train: 0.9892 loss_val: 1.2321
Run:01 Epoch: 0418 loss_train: 0.9918 loss_val: 1.2310
Run:01 Epoch: 0419 loss_train: 0.9894 loss_val: 1.2297
Run:01 Epoch: 0420 loss_train: 0.9934 loss_val: 1.2288
Run:01 Epoch: 0421 loss_train: 0.9883 loss_val: 1.2288
Run:01 Epoch: 0422 loss_train: 0.9863 loss_val: 1.2284
Run:01 Epoch: 0423 loss_train: 0.9882 loss_val: 1.2280
Run:01 Epoch: 0424 loss_train: 0.9882 loss_val: 1.2292
Run:01 Epoch: 0425 loss_train: 0.9853 loss_val: 1.2302
Run:01 Epoch: 0426 loss_train: 0.9786 loss_val: 1.2303
Run:01 Epoch: 0427 loss_train: 0.9795 loss_val: 1.2309
Run:01 Epoch: 0428 loss_train: 0.9828 loss_val: 1.2306
Run:01 Epoch: 0429 loss_train: 0.9787 loss_val: 1.2297
Run:01 Epoch: 0430 loss_train: 0.9803 loss_val: 1.2288
Run:01 Epoch: 0431 loss_train: 0.9794 loss_val: 1.2274
Run:01 Epoch: 0432 loss_train: 0.9785 loss_val: 1.2255
Run:01 Epoch: 0433 loss_train: 0.9817 loss_val: 1.2238
Run:01 Epoch: 0434 loss_train: 0.9773 loss_val: 1.2221
Run:01 Epoch: 0435 loss_train: 0.9770 loss_val: 1.2214
Run:01 Epoch: 0436 loss_train: 0.9754 loss_val: 1.2226
Run:01 Epoch: 0437 loss_train: 0.9769 loss_val: 1.2242
Run:01 Epoch: 0438 loss_train: 0.9769 loss_val: 1.2253
Run:01 Epoch: 0439 loss_train: 0.9810 loss_val: 1.2259
Run:01 Epoch: 0440 loss_train: 0.9718 loss_val: 1.2267
Run:01 Epoch: 0441 loss_train: 0.9717 loss_val: 1.2275
Run:01 Epoch: 0442 loss_train: 0.9716 loss_val: 1.2279
Run:01 Epoch: 0443 loss_train: 0.9706 loss_val: 1.2283
Run:01 Epoch: 0444 loss_train: 0.9745 loss_val: 1.2278
Run:01 Epoch: 0445 loss_train: 0.9686 loss_val: 1.2265
Run:01 Epoch: 0446 loss_train: 0.9706 loss_val: 1.2249
Run:01 Epoch: 0447 loss_train: 0.9672 loss_val: 1.2243
Run:01 Epoch: 0448 loss_train: 0.9691 loss_val: 1.2235
Run:01 Epoch: 0449 loss_train: 0.9666 loss_val: 1.2222
Run:01 Epoch: 0450 loss_train: 0.9666 loss_val: 1.2203
Run:01 Epoch: 0451 loss_train: 0.9808 loss_val: 1.2214
Run:01 Epoch: 0452 loss_train: 0.9635 loss_val: 1.2224
Run:01 Epoch: 0453 loss_train: 0.9678 loss_val: 1.2239
Run:01 Epoch: 0454 loss_train: 0.9686 loss_val: 1.2246
Run:01 Epoch: 0455 loss_train: 0.9691 loss_val: 1.2253
Run:01 Epoch: 0456 loss_train: 0.9619 loss_val: 1.2262
Run:01 Epoch: 0457 loss_train: 0.9667 loss_val: 1.2270
Run:01 Epoch: 0458 loss_train: 0.9654 loss_val: 1.2281
Run:01 Epoch: 0459 loss_train: 0.9583 loss_val: 1.2294
Run:01 Epoch: 0460 loss_train: 0.9615 loss_val: 1.2295
Run:01 Epoch: 0461 loss_train: 0.9614 loss_val: 1.2288
Run:01 Epoch: 0462 loss_train: 0.9560 loss_val: 1.2269
Run:01 Epoch: 0463 loss_train: 0.9585 loss_val: 1.2246
Run:01 Epoch: 0464 loss_train: 0.9577 loss_val: 1.2224
Run:01 Epoch: 0465 loss_train: 0.9584 loss_val: 1.2199
Run:01 Epoch: 0466 loss_train: 0.9539 loss_val: 1.2171
Run:01 Epoch: 0467 loss_train: 0.9550 loss_val: 1.2146
Run:01 Epoch: 0468 loss_train: 0.9498 loss_val: 1.2132
Run:01 Epoch: 0469 loss_train: 0.9509 loss_val: 1.2130
Run:01 Epoch: 0470 loss_train: 0.9513 loss_val: 1.2130
Run:01 Epoch: 0471 loss_train: 0.9521 loss_val: 1.2134
Run:01 Epoch: 0472 loss_train: 0.9467 loss_val: 1.2132
Run:01 Epoch: 0473 loss_train: 0.9504 loss_val: 1.2126
Run:01 Epoch: 0474 loss_train: 0.9476 loss_val: 1.2130
Run:01 Epoch: 0475 loss_train: 0.9452 loss_val: 1.2131
Run:01 Epoch: 0476 loss_train: 0.9455 loss_val: 1.2133
Run:01 Epoch: 0477 loss_train: 0.9466 loss_val: 1.2147
Run:01 Epoch: 0478 loss_train: 0.9467 loss_val: 1.2155
Run:01 Epoch: 0479 loss_train: 0.9484 loss_val: 1.2152
Run:01 Epoch: 0480 loss_train: 0.9471 loss_val: 1.2143
Run:01 Epoch: 0481 loss_train: 0.9431 loss_val: 1.2125
Run:01 Epoch: 0482 loss_train: 0.9430 loss_val: 1.2107
Run:01 Epoch: 0483 loss_train: 0.9435 loss_val: 1.2093
Run:01 Epoch: 0484 loss_train: 0.9393 loss_val: 1.2086
Run:01 Epoch: 0485 loss_train: 0.9400 loss_val: 1.2086
Run:01 Epoch: 0486 loss_train: 0.9382 loss_val: 1.2090
Run:01 Epoch: 0487 loss_train: 0.9438 loss_val: 1.2103
Run:01 Epoch: 0488 loss_train: 0.9411 loss_val: 1.2117
Run:01 Epoch: 0489 loss_train: 0.9454 loss_val: 1.2120
Run:01 Epoch: 0490 loss_train: 0.9400 loss_val: 1.2124
Run:01 Epoch: 0491 loss_train: 0.9395 loss_val: 1.2128
Run:01 Epoch: 0492 loss_train: 0.9342 loss_val: 1.2131
Run:01 Epoch: 0493 loss_train: 0.9306 loss_val: 1.2128
Run:01 Epoch: 0494 loss_train: 0.9379 loss_val: 1.2126
Run:01 Epoch: 0495 loss_train: 0.9355 loss_val: 1.2121
Run:01 Epoch: 0496 loss_train: 0.9313 loss_val: 1.2113
Run:01 Epoch: 0497 loss_train: 0.9358 loss_val: 1.2105
Run:01 Epoch: 0498 loss_train: 0.9289 loss_val: 1.2101
Run:01 Epoch: 0499 loss_train: 0.9292 loss_val: 1.2097
Run:01 Epoch: 0500 loss_train: 0.9326 loss_val: 1.2095
Run:01 Epoch: 0501 loss_train: 0.9347 loss_val: 1.2090
Run:01 Epoch: 0502 loss_train: 0.9288 loss_val: 1.2082
Run:01 Epoch: 0503 loss_train: 0.9244 loss_val: 1.2069
Run:01 Epoch: 0504 loss_train: 0.9346 loss_val: 1.2034
Run:01 Epoch: 0505 loss_train: 0.9285 loss_val: 1.2020
Run:01 Epoch: 0506 loss_train: 0.9320 loss_val: 1.2010
Run:01 Epoch: 0507 loss_train: 0.9233 loss_val: 1.2008
Run:01 Epoch: 0508 loss_train: 0.9283 loss_val: 1.2028
Run:01 Epoch: 0509 loss_train: 0.9271 loss_val: 1.2061
Run:01 Epoch: 0510 loss_train: 0.9209 loss_val: 1.2104
Run:01 Epoch: 0511 loss_train: 0.9223 loss_val: 1.2132
Run:01 Epoch: 0512 loss_train: 0.9269 loss_val: 1.2138
Run:01 Epoch: 0513 loss_train: 0.9241 loss_val: 1.2141
Run:01 Epoch: 0514 loss_train: 0.9251 loss_val: 1.2145
Run:01 Epoch: 0515 loss_train: 0.9225 loss_val: 1.2141
Run:01 Epoch: 0516 loss_train: 0.9300 loss_val: 1.2125
Run:01 Epoch: 0517 loss_train: 0.9226 loss_val: 1.2112
Run:01 Epoch: 0518 loss_train: 0.9202 loss_val: 1.2089
Run:01 Epoch: 0519 loss_train: 0.9163 loss_val: 1.2069
Run:01 Epoch: 0520 loss_train: 0.9208 loss_val: 1.2052
Run:01 Epoch: 0521 loss_train: 0.9159 loss_val: 1.2048
Run:01 Epoch: 0522 loss_train: 0.9172 loss_val: 1.2044
Run:01 Epoch: 0523 loss_train: 0.9129 loss_val: 1.2044
Run:01 Epoch: 0524 loss_train: 0.9222 loss_val: 1.2021
Run:01 Epoch: 0525 loss_train: 0.9135 loss_val: 1.2021
Run:01 Epoch: 0526 loss_train: 0.9143 loss_val: 1.2028
Run:01 Epoch: 0527 loss_train: 0.9140 loss_val: 1.2033
Run:01 Epoch: 0528 loss_train: 0.9151 loss_val: 1.2048
Run:01 Epoch: 0529 loss_train: 0.9138 loss_val: 1.2071
Run:01 Epoch: 0530 loss_train: 0.9132 loss_val: 1.2106
Run:01 Epoch: 0531 loss_train: 0.9088 loss_val: 1.2127
Run:01 Epoch: 0532 loss_train: 0.9114 loss_val: 1.2112
Run:01 Epoch: 0533 loss_train: 0.9152 loss_val: 1.2087
Run:01 Epoch: 0534 loss_train: 0.9127 loss_val: 1.2066
Run:01 Epoch: 0535 loss_train: 0.9082 loss_val: 1.2050
Run:01 Epoch: 0536 loss_train: 0.9090 loss_val: 1.2034
Run:01 Epoch: 0537 loss_train: 0.9084 loss_val: 1.2022
Run:01 Epoch: 0538 loss_train: 0.9087 loss_val: 1.2023
Run:01 Epoch: 0539 loss_train: 0.9092 loss_val: 1.2038
Run:01 Epoch: 0540 loss_train: 0.9041 loss_val: 1.2052
Run:01 Epoch: 0541 loss_train: 0.9092 loss_val: 1.2054
Run:01 Epoch: 0542 loss_train: 0.9034 loss_val: 1.2048
Run:01 Epoch: 0543 loss_train: 0.9023 loss_val: 1.2036
Run:01 Epoch: 0544 loss_train: 0.9027 loss_val: 1.2024
Run:01 Epoch: 0545 loss_train: 0.8993 loss_val: 1.2009
Run:01 Epoch: 0546 loss_train: 0.9019 loss_val: 1.1998
Run:01 Epoch: 0547 loss_train: 0.8989 loss_val: 1.2001
Run:01 Epoch: 0548 loss_train: 0.9012 loss_val: 1.2001
Run:01 Epoch: 0549 loss_train: 0.8985 loss_val: 1.2007
Run:01 Epoch: 0550 loss_train: 0.8997 loss_val: 1.2020
Run:01 Epoch: 0551 loss_train: 0.9008 loss_val: 1.2028
Run:01 Epoch: 0552 loss_train: 0.8914 loss_val: 1.2030
Run:01 Epoch: 0553 loss_train: 0.8957 loss_val: 1.2034
Run:01 Epoch: 0554 loss_train: 0.8947 loss_val: 1.2029
Run:01 Epoch: 0555 loss_train: 0.8956 loss_val: 1.2027
Run:01 Epoch: 0556 loss_train: 0.8950 loss_val: 1.2033
Run:01 Epoch: 0557 loss_train: 0.8971 loss_val: 1.2033
Run:01 Epoch: 0558 loss_train: 0.8942 loss_val: 1.2027
Run:01 Epoch: 0559 loss_train: 0.8960 loss_val: 1.2015
Run:01 Epoch: 0560 loss_train: 0.8897 loss_val: 1.1996
Run:01 Epoch: 0561 loss_train: 0.8896 loss_val: 1.1979
Run:01 Epoch: 0562 loss_train: 0.8899 loss_val: 1.1978
Run:01 Epoch: 0563 loss_train: 0.8954 loss_val: 1.1982
Run:01 Epoch: 0564 loss_train: 0.8889 loss_val: 1.1998
Run:01 Epoch: 0565 loss_train: 0.8909 loss_val: 1.2013
Run:01 Epoch: 0566 loss_train: 0.8971 loss_val: 1.2026
Run:01 Epoch: 0567 loss_train: 0.8860 loss_val: 1.2039
Run:01 Epoch: 0568 loss_train: 0.8884 loss_val: 1.2042
Run:01 Epoch: 0569 loss_train: 0.8840 loss_val: 1.2043
Run:01 Epoch: 0570 loss_train: 0.8849 loss_val: 1.2045
Run:01 Epoch: 0571 loss_train: 0.8859 loss_val: 1.2050
Run:01 Epoch: 0572 loss_train: 0.8853 loss_val: 1.2049
Run:01 Epoch: 0573 loss_train: 0.8851 loss_val: 1.2044
Run:01 Epoch: 0574 loss_train: 0.8840 loss_val: 1.2041
Run:01 Epoch: 0575 loss_train: 0.8875 loss_val: 1.2027
Run:01 Epoch: 0576 loss_train: 0.8868 loss_val: 1.2016
Run:01 Epoch: 0577 loss_train: 0.8856 loss_val: 1.2036
Run:01 Epoch: 0578 loss_train: 0.8834 loss_val: 1.2058
Run:01 Epoch: 0579 loss_train: 0.8856 loss_val: 1.2080
Run:01 Epoch: 0580 loss_train: 0.8808 loss_val: 1.2096
Run:01 Epoch: 0581 loss_train: 0.8844 loss_val: 1.2101
Run:01 Epoch: 0582 loss_train: 0.8832 loss_val: 1.2111
Run:01 Epoch: 0583 loss_train: 0.8817 loss_val: 1.2110
Run:01 Epoch: 0584 loss_train: 0.8813 loss_val: 1.2108
Run:01 Epoch: 0585 loss_train: 0.8893 loss_val: 1.2083
Run:01 Epoch: 0586 loss_train: 0.8756 loss_val: 1.2068
Run:01 Epoch: 0587 loss_train: 0.8792 loss_val: 1.2054
Run:01 Epoch: 0588 loss_train: 0.8784 loss_val: 1.2038
Run:01 Epoch: 0589 loss_train: 0.8853 loss_val: 1.2018
Run:01 Epoch: 0590 loss_train: 0.8789 loss_val: 1.2012
Run:01 Epoch: 0591 loss_train: 0.8733 loss_val: 1.2027
Run:01 Epoch: 0592 loss_train: 0.8798 loss_val: 1.2052
Run:01 Epoch: 0593 loss_train: 0.8793 loss_val: 1.2069
Run:01 Epoch: 0594 loss_train: 0.8762 loss_val: 1.2051
Run:01 Epoch: 0595 loss_train: 0.8866 loss_val: 1.1991
Run:01 Epoch: 0596 loss_train: 0.8715 loss_val: 1.1988
Run:01 Epoch: 0597 loss_train: 0.8724 loss_val: 1.2011
Run:01 Epoch: 0598 loss_train: 0.8721 loss_val: 1.2029
Run:01 Epoch: 0599 loss_train: 0.8885 loss_val: 1.2025
Run:01 Epoch: 0600 loss_train: 0.8783 loss_val: 1.2020
Run:01 Epoch: 0601 loss_train: 0.8689 loss_val: 1.2022
Run:01 Epoch: 0602 loss_train: 0.8687 loss_val: 1.2034
Run:01 Epoch: 0603 loss_train: 0.8697 loss_val: 1.2033
Run:01 Epoch: 0604 loss_train: 0.8705 loss_val: 1.2012
Run:01 Epoch: 0605 loss_train: 0.8720 loss_val: 1.1978
Run:01 Epoch: 0606 loss_train: 0.8682 loss_val: 1.1950
Run:01 Epoch: 0607 loss_train: 0.8669 loss_val: 1.1938
Run:01 Epoch: 0608 loss_train: 0.8705 loss_val: 1.1931
Run:01 Epoch: 0609 loss_train: 0.8656 loss_val: 1.1923
Run:01 Epoch: 0610 loss_train: 0.8704 loss_val: 1.1917
Run:01 Epoch: 0611 loss_train: 0.8680 loss_val: 1.1920
Run:01 Epoch: 0612 loss_train: 0.8650 loss_val: 1.1930
Run:01 Epoch: 0613 loss_train: 0.8616 loss_val: 1.1941
Run:01 Epoch: 0614 loss_train: 0.8670 loss_val: 1.1956
Run:01 Epoch: 0615 loss_train: 0.8653 loss_val: 1.1966
Run:01 Epoch: 0616 loss_train: 0.8597 loss_val: 1.1972
Run:01 Epoch: 0617 loss_train: 0.8617 loss_val: 1.1980
Run:01 Epoch: 0618 loss_train: 0.8654 loss_val: 1.1977
Run:01 Epoch: 0619 loss_train: 0.8646 loss_val: 1.1962
Run:01 Epoch: 0620 loss_train: 0.8614 loss_val: 1.1952
Run:01 Epoch: 0621 loss_train: 0.8598 loss_val: 1.1949
Run:01 Epoch: 0622 loss_train: 0.8595 loss_val: 1.1947
Run:01 Epoch: 0623 loss_train: 0.8602 loss_val: 1.1949
Run:01 Epoch: 0624 loss_train: 0.8582 loss_val: 1.1957
Run:01 Epoch: 0625 loss_train: 0.8550 loss_val: 1.1962
Run:01 Epoch: 0626 loss_train: 0.8543 loss_val: 1.1974
Run:01 Epoch: 0627 loss_train: 0.8556 loss_val: 1.1989
Run:01 Epoch: 0628 loss_train: 0.8546 loss_val: 1.2002
Run:01 Epoch: 0629 loss_train: 0.8557 loss_val: 1.2019
Run:01 Epoch: 0630 loss_train: 0.8579 loss_val: 1.2021
Run:01 Epoch: 0631 loss_train: 0.8578 loss_val: 1.2010
Run:01 Epoch: 0632 loss_train: 0.8598 loss_val: 1.1987
Run:01 Epoch: 0633 loss_train: 0.8561 loss_val: 1.1966
Run:01 Epoch: 0634 loss_train: 0.8530 loss_val: 1.1964
Run:01 Epoch: 0635 loss_train: 0.8519 loss_val: 1.1971
Run:01 Epoch: 0636 loss_train: 0.8467 loss_val: 1.1961
Run:01 Epoch: 0637 loss_train: 0.8503 loss_val: 1.1956
Run:01 Epoch: 0638 loss_train: 0.8466 loss_val: 1.1944
Run:01 Epoch: 0639 loss_train: 0.8537 loss_val: 1.1944
Run:01 Epoch: 0640 loss_train: 0.8468 loss_val: 1.1948
Run:01 Epoch: 0641 loss_train: 0.8485 loss_val: 1.1948
Run:01 Epoch: 0642 loss_train: 0.8464 loss_val: 1.1941
Run:01 Epoch: 0643 loss_train: 0.8443 loss_val: 1.1925
Run:01 Epoch: 0644 loss_train: 0.8426 loss_val: 1.1920
Run:01 Epoch: 0645 loss_train: 0.8427 loss_val: 1.1923
Run:01 Epoch: 0646 loss_train: 0.8457 loss_val: 1.1930
Run:01 Epoch: 0647 loss_train: 0.8467 loss_val: 1.1925
Run:01 Epoch: 0648 loss_train: 0.8480 loss_val: 1.1925
Run:01 Epoch: 0649 loss_train: 0.8509 loss_val: 1.1927
Run:01 Epoch: 0650 loss_train: 0.8424 loss_val: 1.1929
Run:01 Epoch: 0651 loss_train: 0.8432 loss_val: 1.1932
Run:01 Epoch: 0652 loss_train: 0.8459 loss_val: 1.1929
Run:01 Epoch: 0653 loss_train: 0.8414 loss_val: 1.1918
Run:01 Epoch: 0654 loss_train: 0.8400 loss_val: 1.1914
Run:01 Epoch: 0655 loss_train: 0.8395 loss_val: 1.1918
Run:01 Epoch: 0656 loss_train: 0.8407 loss_val: 1.1920
Run:01 Epoch: 0657 loss_train: 0.8385 loss_val: 1.1928
Run:01 Epoch: 0658 loss_train: 0.8367 loss_val: 1.1941
Run:01 Epoch: 0659 loss_train: 0.8414 loss_val: 1.1943
Run:01 Epoch: 0660 loss_train: 0.8380 loss_val: 1.1942
Run:01 Epoch: 0661 loss_train: 0.8330 loss_val: 1.1946
Run:01 Epoch: 0662 loss_train: 0.8376 loss_val: 1.1950
Run:01 Epoch: 0663 loss_train: 0.8389 loss_val: 1.1964
Run:01 Epoch: 0664 loss_train: 0.8382 loss_val: 1.1971
Run:01 Epoch: 0665 loss_train: 0.8341 loss_val: 1.1967
Run:01 Epoch: 0666 loss_train: 0.8350 loss_val: 1.1965
Run:01 Epoch: 0667 loss_train: 0.8339 loss_val: 1.1949
Run:01 Epoch: 0668 loss_train: 0.8291 loss_val: 1.1923
Run:01 Epoch: 0669 loss_train: 0.8369 loss_val: 1.1900
Run:01 Epoch: 0670 loss_train: 0.8316 loss_val: 1.1881
Run:01 Epoch: 0671 loss_train: 0.8397 loss_val: 1.1871
Run:01 Epoch: 0672 loss_train: 0.8328 loss_val: 1.1858
Run:01 Epoch: 0673 loss_train: 0.8325 loss_val: 1.1846
Run:01 Epoch: 0674 loss_train: 0.8511 loss_val: 1.1870
Run:01 Epoch: 0675 loss_train: 0.8404 loss_val: 1.1909
Run:01 Epoch: 0676 loss_train: 0.8316 loss_val: 1.1955
Run:01 Epoch: 0677 loss_train: 0.8308 loss_val: 1.2003
Run:01 Epoch: 0678 loss_train: 0.8288 loss_val: 1.2041
Run:01 Epoch: 0679 loss_train: 0.8264 loss_val: 1.2071
Run:01 Epoch: 0680 loss_train: 0.8273 loss_val: 1.2085
Run:01 Epoch: 0681 loss_train: 0.8316 loss_val: 1.2073
Run:01 Epoch: 0682 loss_train: 0.8365 loss_val: 1.2032
Run:01 Epoch: 0683 loss_train: 0.8305 loss_val: 1.1973
Run:01 Epoch: 0684 loss_train: 0.8327 loss_val: 1.1927
Run:01 Epoch: 0685 loss_train: 0.8237 loss_val: 1.1887
Run:01 Epoch: 0686 loss_train: 0.8262 loss_val: 1.1856
Run:01 Epoch: 0687 loss_train: 0.8241 loss_val: 1.1841
Run:01 Epoch: 0688 loss_train: 0.8296 loss_val: 1.1835
Run:01 Epoch: 0689 loss_train: 0.8241 loss_val: 1.1841
Run:01 Epoch: 0690 loss_train: 0.8223 loss_val: 1.1849
Run:01 Epoch: 0691 loss_train: 0.8241 loss_val: 1.1851
Run:01 Epoch: 0692 loss_train: 0.8252 loss_val: 1.1855
Run:01 Epoch: 0693 loss_train: 0.8162 loss_val: 1.1864
Run:01 Epoch: 0694 loss_train: 0.8222 loss_val: 1.1877
Run:01 Epoch: 0695 loss_train: 0.8213 loss_val: 1.1887
Run:01 Epoch: 0696 loss_train: 0.8206 loss_val: 1.1896
Run:01 Epoch: 0697 loss_train: 0.8196 loss_val: 1.1909
Run:01 Epoch: 0698 loss_train: 0.8247 loss_val: 1.1913
Run:01 Epoch: 0699 loss_train: 0.8192 loss_val: 1.1910
Run:01 Epoch: 0700 loss_train: 0.8198 loss_val: 1.1888
Run:01 Epoch: 0701 loss_train: 0.8137 loss_val: 1.1867
Run:01 Epoch: 0702 loss_train: 0.8127 loss_val: 1.1840
Run:01 Epoch: 0703 loss_train: 0.8222 loss_val: 1.1852
Run:01 Epoch: 0704 loss_train: 0.8183 loss_val: 1.1868
Run:01 Epoch: 0705 loss_train: 0.8151 loss_val: 1.1887
Run:01 Epoch: 0706 loss_train: 0.8211 loss_val: 1.1905
Run:01 Epoch: 0707 loss_train: 0.8123 loss_val: 1.1917
Run:01 Epoch: 0708 loss_train: 0.8223 loss_val: 1.1934
Run:01 Epoch: 0709 loss_train: 0.8157 loss_val: 1.1951
Run:01 Epoch: 0710 loss_train: 0.8151 loss_val: 1.1970
Run:01 Epoch: 0711 loss_train: 0.8137 loss_val: 1.1977
Run:01 Epoch: 0712 loss_train: 0.8152 loss_val: 1.1974
Run:01 Epoch: 0713 loss_train: 0.8102 loss_val: 1.1959
Run:01 Epoch: 0714 loss_train: 0.8142 loss_val: 1.1937
Run:01 Epoch: 0715 loss_train: 0.8190 loss_val: 1.1914
Run:01 Epoch: 0716 loss_train: 0.8148 loss_val: 1.1894
Run:01 Epoch: 0717 loss_train: 0.8115 loss_val: 1.1879
Run:01 Epoch: 0718 loss_train: 0.8103 loss_val: 1.1875
Run:01 Epoch: 0719 loss_train: 0.8125 loss_val: 1.1880
Run:01 Epoch: 0720 loss_train: 0.8127 loss_val: 1.1904
Run:01 Epoch: 0721 loss_train: 0.8081 loss_val: 1.1940
Run:01 Epoch: 0722 loss_train: 0.8106 loss_val: 1.1966
Run:01 Epoch: 0723 loss_train: 0.8070 loss_val: 1.1980
Run:01 Epoch: 0724 loss_train: 0.8076 loss_val: 1.1977
Run:01 Epoch: 0725 loss_train: 0.8065 loss_val: 1.1965
Run:01 Epoch: 0726 loss_train: 0.8046 loss_val: 1.1941
Run:01 Epoch: 0727 loss_train: 0.8041 loss_val: 1.1923
Run:01 Epoch: 0728 loss_train: 0.8043 loss_val: 1.1904
Run:01 Epoch: 0729 loss_train: 0.8069 loss_val: 1.1887
Run:01 Epoch: 0730 loss_train: 0.8026 loss_val: 1.1872
Run:01 Epoch: 0731 loss_train: 0.7975 loss_val: 1.1866
Run:01 Epoch: 0732 loss_train: 0.8087 loss_val: 1.1857
Run:01 Epoch: 0733 loss_train: 0.8016 loss_val: 1.1855
Run:01 Epoch: 0734 loss_train: 0.8027 loss_val: 1.1852
Run:01 Epoch: 0735 loss_train: 0.8047 loss_val: 1.1853
Run:01 Epoch: 0736 loss_train: 0.7975 loss_val: 1.1862
Run:01 Epoch: 0737 loss_train: 0.8022 loss_val: 1.1878
Run:01 Epoch: 0738 loss_train: 0.8017 loss_val: 1.1898
Run:01 Epoch: 0739 loss_train: 0.7957 loss_val: 1.1905
Run:01 Epoch: 0740 loss_train: 0.7980 loss_val: 1.1911
Run:01 Epoch: 0741 loss_train: 0.7968 loss_val: 1.1910
Run:01 Epoch: 0742 loss_train: 0.7944 loss_val: 1.1908
Run:01 Epoch: 0743 loss_train: 0.7955 loss_val: 1.1906
Run:01 Epoch: 0744 loss_train: 0.7982 loss_val: 1.1894
Run:01 Epoch: 0745 loss_train: 0.7992 loss_val: 1.1882
Run:01 Epoch: 0746 loss_train: 0.7984 loss_val: 1.1868
Run:01 Epoch: 0747 loss_train: 0.8021 loss_val: 1.1860
Run:01 Epoch: 0748 loss_train: 0.7941 loss_val: 1.1855
Run:01 Epoch: 0749 loss_train: 0.7934 loss_val: 1.1842
Run:01 Epoch: 0750 loss_train: 0.7914 loss_val: 1.1825
Run:01 Epoch: 0751 loss_train: 0.7896 loss_val: 1.1808
Run:01 Epoch: 0752 loss_train: 0.7919 loss_val: 1.1803
Run:01 Epoch: 0753 loss_train: 0.7975 loss_val: 1.1805
Run:01 Epoch: 0754 loss_train: 0.7900 loss_val: 1.1811
Run:01 Epoch: 0755 loss_train: 0.7880 loss_val: 1.1819
Run:01 Epoch: 0756 loss_train: 0.7914 loss_val: 1.1816
Run:01 Epoch: 0757 loss_train: 0.7946 loss_val: 1.1812
Run:01 Epoch: 0758 loss_train: 0.7920 loss_val: 1.1798
Run:01 Epoch: 0759 loss_train: 0.7879 loss_val: 1.1788
Run:01 Epoch: 0760 loss_train: 0.7884 loss_val: 1.1787
Run:01 Epoch: 0761 loss_train: 0.7860 loss_val: 1.1794
Run:01 Epoch: 0762 loss_train: 0.7906 loss_val: 1.1804
Run:01 Epoch: 0763 loss_train: 0.7894 loss_val: 1.1821
Run:01 Epoch: 0764 loss_train: 0.7863 loss_val: 1.1839
Run:01 Epoch: 0765 loss_train: 0.7951 loss_val: 1.1874
Run:01 Epoch: 0766 loss_train: 0.7893 loss_val: 1.1906
Run:01 Epoch: 0767 loss_train: 0.7861 loss_val: 1.1934
Run:01 Epoch: 0768 loss_train: 0.7924 loss_val: 1.1953
Run:01 Epoch: 0769 loss_train: 0.7903 loss_val: 1.1969
Run:01 Epoch: 0770 loss_train: 0.7913 loss_val: 1.1966
Run:01 Epoch: 0771 loss_train: 0.7851 loss_val: 1.1963
Run:01 Epoch: 0772 loss_train: 0.7873 loss_val: 1.1957
Run:01 Epoch: 0773 loss_train: 0.7817 loss_val: 1.1950
Run:01 Epoch: 0774 loss_train: 0.7877 loss_val: 1.1948
Run:01 Epoch: 0775 loss_train: 0.7852 loss_val: 1.1952
Run:01 Epoch: 0776 loss_train: 0.7856 loss_val: 1.1956
Run:01 Epoch: 0777 loss_train: 0.7841 loss_val: 1.1949
Run:01 Epoch: 0778 loss_train: 0.7804 loss_val: 1.1940
Run:01 Epoch: 0779 loss_train: 0.7857 loss_val: 1.1939
Run:01 Epoch: 0780 loss_train: 0.7759 loss_val: 1.1948
Run:01 Epoch: 0781 loss_train: 0.7795 loss_val: 1.1954
Run:01 Epoch: 0782 loss_train: 0.7809 loss_val: 1.1964
Run:01 Epoch: 0783 loss_train: 0.7866 loss_val: 1.1961
Run:01 Epoch: 0784 loss_train: 0.7814 loss_val: 1.1958
Run:01 Epoch: 0785 loss_train: 0.7800 loss_val: 1.1954
Run:01 Epoch: 0786 loss_train: 0.7810 loss_val: 1.1935
Run:01 Epoch: 0787 loss_train: 0.7855 loss_val: 1.1906
Run:01 Epoch: 0788 loss_train: 0.7787 loss_val: 1.1877
Run:01 Epoch: 0789 loss_train: 0.7763 loss_val: 1.1849
Run:01 Epoch: 0790 loss_train: 0.7800 loss_val: 1.1819
Run:01 Epoch: 0791 loss_train: 0.7859 loss_val: 1.1809
Run:01 Epoch: 0792 loss_train: 0.7861 loss_val: 1.1811
Run:01 Epoch: 0793 loss_train: 0.7845 loss_val: 1.1810
Run:01 Epoch: 0794 loss_train: 0.7820 loss_val: 1.1807
Run:01 Epoch: 0795 loss_train: 0.7789 loss_val: 1.1801
Run:01 Epoch: 0796 loss_train: 0.7719 loss_val: 1.1819
Run:01 Epoch: 0797 loss_train: 0.7760 loss_val: 1.1872
Run:01 Epoch: 0798 loss_train: 0.7754 loss_val: 1.1916
Run:01 Epoch: 0799 loss_train: 0.7781 loss_val: 1.1941
Run:01 Epoch: 0800 loss_train: 0.7760 loss_val: 1.1959
Run:01 Epoch: 0801 loss_train: 0.7803 loss_val: 1.1975
Run:01 Epoch: 0802 loss_train: 0.7742 loss_val: 1.1988
Run:01 Epoch: 0803 loss_train: 0.7786 loss_val: 1.1987
Run:01 Epoch: 0804 loss_train: 0.7730 loss_val: 1.1973
Run:01 Epoch: 0805 loss_train: 0.7706 loss_val: 1.1948
Run:01 Epoch: 0806 loss_train: 0.7709 loss_val: 1.1921
Run:01 Epoch: 0807 loss_train: 0.7719 loss_val: 1.1893
Run:01 Epoch: 0808 loss_train: 0.7720 loss_val: 1.1872
Run:01 Epoch: 0809 loss_train: 0.7677 loss_val: 1.1860
Run:01 Epoch: 0810 loss_train: 0.7666 loss_val: 1.1863
Run:01 Epoch: 0811 loss_train: 0.7676 loss_val: 1.1867
Run:01 Epoch: 0812 loss_train: 0.7702 loss_val: 1.1868
Run:01 Epoch: 0813 loss_train: 0.7675 loss_val: 1.1890
Run:01 Epoch: 0814 loss_train: 0.7623 loss_val: 1.1911
Run:01 Epoch: 0815 loss_train: 0.7653 loss_val: 1.1936
Run:01 Epoch: 0816 loss_train: 0.7674 loss_val: 1.1959
Run:01 Epoch: 0817 loss_train: 0.7684 loss_val: 1.1974
Run:01 Epoch: 0818 loss_train: 0.7674 loss_val: 1.1969
Run:01 Epoch: 0819 loss_train: 0.7637 loss_val: 1.1957
Run:01 Epoch: 0820 loss_train: 0.7653 loss_val: 1.1935
Run:01 Epoch: 0821 loss_train: 0.7656 loss_val: 1.1921
Run:01 Epoch: 0822 loss_train: 0.7646 loss_val: 1.1896
Run:01 Epoch: 0823 loss_train: 0.7638 loss_val: 1.1872
Run:01 Epoch: 0824 loss_train: 0.7647 loss_val: 1.1867
Run:01 Epoch: 0825 loss_train: 0.7598 loss_val: 1.1873
Run:01 Epoch: 0826 loss_train: 0.7679 loss_val: 1.1903
Run:01 Epoch: 0827 loss_train: 0.7665 loss_val: 1.1921
Run:01 Epoch: 0828 loss_train: 0.7649 loss_val: 1.1925
Run:01 Epoch: 0829 loss_train: 0.7615 loss_val: 1.1920
Run:01 Epoch: 0830 loss_train: 0.7637 loss_val: 1.1902
Run:01 Epoch: 0831 loss_train: 0.7550 loss_val: 1.1888
Run:01 Epoch: 0832 loss_train: 0.7563 loss_val: 1.1867
Run:01 Epoch: 0833 loss_train: 0.7573 loss_val: 1.1853
Run:01 Epoch: 0834 loss_train: 0.7569 loss_val: 1.1845
Run:01 Epoch: 0835 loss_train: 0.7613 loss_val: 1.1845
Run:01 Epoch: 0836 loss_train: 0.7581 loss_val: 1.1855
Run:01 Epoch: 0837 loss_train: 0.7615 loss_val: 1.1861
Run:01 Epoch: 0838 loss_train: 0.7611 loss_val: 1.1858
Run:01 Epoch: 0839 loss_train: 0.7608 loss_val: 1.1854
Run:01 Epoch: 0840 loss_train: 0.7545 loss_val: 1.1853
Run:01 Epoch: 0841 loss_train: 0.7576 loss_val: 1.1845
Run:01 Epoch: 0842 loss_train: 0.7555 loss_val: 1.1837
Run:01 Epoch: 0843 loss_train: 0.7553 loss_val: 1.1830
Run:01 Epoch: 0844 loss_train: 0.7509 loss_val: 1.1823
Run:01 Epoch: 0845 loss_train: 0.7525 loss_val: 1.1826
Run:01 Epoch: 0846 loss_train: 0.7566 loss_val: 1.1828
Run:01 Epoch: 0847 loss_train: 0.7539 loss_val: 1.1830
Run:01 Epoch: 0848 loss_train: 0.7503 loss_val: 1.1829
Run:01 Epoch: 0849 loss_train: 0.7530 loss_val: 1.1850
Run:01 Epoch: 0850 loss_train: 0.7550 loss_val: 1.1867
Run:01 Epoch: 0851 loss_train: 0.7527 loss_val: 1.1881
Run:01 Epoch: 0852 loss_train: 0.7418 loss_val: 1.1887
Run:01 Epoch: 0853 loss_train: 0.7474 loss_val: 1.1891
Run:01 Epoch: 0854 loss_train: 0.7514 loss_val: 1.1885
Run:01 Epoch: 0855 loss_train: 0.7480 loss_val: 1.1872
Run:01 Epoch: 0856 loss_train: 0.7498 loss_val: 1.1865
Run:01 Epoch: 0857 loss_train: 0.7540 loss_val: 1.1865
Run:01 Epoch: 0858 loss_train: 0.7525 loss_val: 1.1876
Run:01 Epoch: 0859 loss_train: 0.7490 loss_val: 1.1892
Run:01 Epoch: 0860 loss_train: 0.7475 loss_val: 1.1929
Run:01 Epoch: 0861 loss_train: 0.7479 loss_val: 1.1954
Run:01 Epoch: 0862 loss_train: 0.7518 loss_val: 1.1946
Run:01 Epoch: 0863 loss_train: 0.7493 loss_val: 1.1929
Run:01 Epoch: 0864 loss_train: 0.7538 loss_val: 1.1902
Run:01 Epoch: 0865 loss_train: 0.7426 loss_val: 1.1874
Run:01 Epoch: 0866 loss_train: 0.7475 loss_val: 1.1852
Run:01 Epoch: 0867 loss_train: 0.7420 loss_val: 1.1835
Run:01 Epoch: 0868 loss_train: 0.7481 loss_val: 1.1827
Run:01 Epoch: 0869 loss_train: 0.7468 loss_val: 1.1835
Run:01 Epoch: 0870 loss_train: 0.7415 loss_val: 1.1858
Run:01 Epoch: 0871 loss_train: 0.7449 loss_val: 1.1877
Run:01 Epoch: 0872 loss_train: 0.7424 loss_val: 1.1883
Run:01 Epoch: 0873 loss_train: 0.7457 loss_val: 1.1886
Run:01 Epoch: 0874 loss_train: 0.7416 loss_val: 1.1883
Run:01 Epoch: 0875 loss_train: 0.7450 loss_val: 1.1877
Run:01 Epoch: 0876 loss_train: 0.7417 loss_val: 1.1873
Run:01 Epoch: 0877 loss_train: 0.7421 loss_val: 1.1881
Run:01 Epoch: 0878 loss_train: 0.7338 loss_val: 1.1895
Run:01 Epoch: 0879 loss_train: 0.7418 loss_val: 1.1912
Run:01 Epoch: 0880 loss_train: 0.7415 loss_val: 1.1932
Run:01 Epoch: 0881 loss_train: 0.7391 loss_val: 1.1942
Run:01 Epoch: 0882 loss_train: 0.7368 loss_val: 1.1956
Run:01 Epoch: 0883 loss_train: 0.7350 loss_val: 1.1967
Run:01 Epoch: 0884 loss_train: 0.7363 loss_val: 1.1968
Run:01 Epoch: 0885 loss_train: 0.7316 loss_val: 1.1967
Run:01 Epoch: 0886 loss_train: 0.7341 loss_val: 1.1947
Run:01 Epoch: 0887 loss_train: 0.7374 loss_val: 1.1918
Run:01 Epoch: 0888 loss_train: 0.7351 loss_val: 1.1892
Run:01 Epoch: 0889 loss_train: 0.7385 loss_val: 1.1873
Run:01 Epoch: 0890 loss_train: 0.7368 loss_val: 1.1867
Run:01 Epoch: 0891 loss_train: 0.7356 loss_val: 1.1854
Run:01 Epoch: 0892 loss_train: 0.7336 loss_val: 1.1855
Run:01 Epoch: 0893 Run Train: 100%|██████████| 1/1 [31:23<00:00, 1883.11s/it]Run Train: 100%|██████████| 1/1 [31:23<00:00, 1883.11s/it]
loss_train: 0.7299 loss_val: 1.1853
Run:01 Epoch: 0894 loss_train: 0.7390 loss_val: 1.1845
Run:01 Epoch: 0895 loss_train: 0.7336 loss_val: 1.1838
Run:01 Epoch: 0896 loss_train: 0.7322 loss_val: 1.1828
Run:01 Epoch: 0897 loss_train: 0.7310 loss_val: 1.1826
Run:01 Epoch: 0898 loss_train: 0.7297 loss_val: 1.1815
Run:01 Epoch: 0899 loss_train: 0.7344 loss_val: 1.1813
Run:01 Epoch: 0900 loss_train: 0.7289 loss_val: 1.1813
Run:01 Epoch: 0901 loss_train: 0.7311 loss_val: 1.1825
Run:01 Epoch: 0902 loss_train: 0.7332 loss_val: 1.1830
Run:01 Epoch: 0903 loss_train: 0.7269 loss_val: 1.1840
Run:01 Epoch: 0904 loss_train: 0.7287 loss_val: 1.1848
Run:01 Epoch: 0905 loss_train: 0.7301 loss_val: 1.1859
Run:01 Epoch: 0906 loss_train: 0.7309 loss_val: 1.1878
Run:01 Epoch: 0907 loss_train: 0.7286 loss_val: 1.1898
Run:01 Epoch: 0908 loss_train: 0.7311 loss_val: 1.1919
Run:01 Epoch: 0909 loss_train: 0.7292 loss_val: 1.1934
Run:01 Epoch: 0910 loss_train: 0.7288 loss_val: 1.1942
Run:01 Epoch: 0911 loss_train: 0.7345 loss_val: 1.1928
Run:01 Epoch: 0912 loss_train: 0.7260 loss_val: 1.1910
Run:01 Epoch: 0913 loss_train: 0.7214 loss_val: 1.1890
Run:01 Epoch: 0914 loss_train: 0.7280 loss_val: 1.1871
Run:01 Epoch: 0915 loss_train: 0.7257 loss_val: 1.1875
Run:01 Epoch: 0916 loss_train: 0.7265 loss_val: 1.1884
Run:01 Epoch: 0917 loss_train: 0.7278 loss_val: 1.1920
Run:01 Epoch: 0918 loss_train: 0.7292 loss_val: 1.1965
Run:01 Epoch: 0919 loss_train: 0.7212 loss_val: 1.1996
Run:01 Epoch: 0920 loss_train: 0.7245 loss_val: 1.2012
Run:01 Epoch: 0921 loss_train: 0.7163 loss_val: 1.2011
Run:01 Epoch: 0922 loss_train: 0.7249 loss_val: 1.1994
Run:01 Epoch: 0923 loss_train: 0.7295 loss_val: 1.1984
Run:01 Epoch: 0924 loss_train: 0.7274 loss_val: 1.1968
Run:01 Epoch: 0925 loss_train: 0.7220 loss_val: 1.1958
Run:01 Epoch: 0926 loss_train: 0.7253 loss_val: 1.1953
Run:01 Epoch: 0927 loss_train: 0.7186 loss_val: 1.1950
Run:01 Epoch: 0928 loss_train: 0.7216 loss_val: 1.1946
Run:01 Epoch: 0929 loss_train: 0.7197 loss_val: 1.1938
Run:01 Epoch: 0930 loss_train: 0.7166 loss_val: 1.1939
Run:01 Epoch: 0931 loss_train: 0.7241 loss_val: 1.1932
Run:01 Epoch: 0932 loss_train: 0.7253 loss_val: 1.1954
Run:01 Epoch: 0933 loss_train: 0.7145 loss_val: 1.1964
Run:01 Epoch: 0934 loss_train: 0.7182 loss_val: 1.1964
Run:01 Epoch: 0935 loss_train: 0.7206 loss_val: 1.1957
Run:01 Epoch: 0936 loss_train: 0.7193 loss_val: 1.1950
Run:01 Epoch: 0937 loss_train: 0.7237 loss_val: 1.1949
Run:01 Epoch: 0938 loss_train: 0.7219 loss_val: 1.1948
Run:01 Epoch: 0939 loss_train: 0.7212 loss_val: 1.1943
Run:01 Epoch: 0940 loss_train: 0.7215 loss_val: 1.1935
Run:01 Epoch: 0941 loss_train: 0.7173 loss_val: 1.1940
Run:01 Epoch: 0942 loss_train: 0.7193 loss_val: 1.1937
Run:01 Epoch: 0943 loss_train: 0.7183 loss_val: 1.1939
Run:01 Epoch: 0944 loss_train: 0.7147 loss_val: 1.1942
Run:01 Epoch: 0945 loss_train: 0.7165 loss_val: 1.1946
Run:01 Epoch: 0946 loss_train: 0.7132 loss_val: 1.1937
Run:01 Epoch: 0947 loss_train: 0.7220 loss_val: 1.1917
Run:01 Epoch: 0948 loss_train: 0.7127 loss_val: 1.1903
Run:01 Epoch: 0949 loss_train: 0.7118 loss_val: 1.1891
Run:01 Epoch: 0950 loss_train: 0.7123 loss_val: 1.1875
Run:01 Epoch: 0951 loss_train: 0.7169 loss_val: 1.1852
Run:01 Epoch: 0952 loss_train: 0.7146 loss_val: 1.1826
Run:01 Epoch: 0953 loss_train: 0.7096 loss_val: 1.1797
Run:01 Epoch: 0954 loss_train: 0.7108 loss_val: 1.1770
Run:01 Epoch: 0955 loss_train: 0.7118 loss_val: 1.1763
Run:01 Epoch: 0956 loss_train: 0.7122 loss_val: 1.1776
Run:01 Epoch: 0957 loss_train: 0.7114 loss_val: 1.1800
Run:01 Epoch: 0958 loss_train: 0.7131 loss_val: 1.1826
Run:01 Epoch: 0959 loss_train: 0.7049 loss_val: 1.1850
Run:01 Epoch: 0960 loss_train: 0.7149 loss_val: 1.1862
Run:01 Epoch: 0961 loss_train: 0.7078 loss_val: 1.1860
Run:01 Epoch: 0962 loss_train: 0.7091 loss_val: 1.1855
Run:01 Epoch: 0963 loss_train: 0.7093 loss_val: 1.1856
Run:01 Epoch: 0964 loss_train: 0.7074 loss_val: 1.1857
Run:01 Epoch: 0965 loss_train: 0.7045 loss_val: 1.1858
Run:01 Epoch: 0966 loss_train: 0.7061 loss_val: 1.1862
Run:01 Epoch: 0967 loss_train: 0.7075 loss_val: 1.1869
Run:01 Epoch: 0968 loss_train: 0.7060 loss_val: 1.1875
Run:01 Epoch: 0969 loss_train: 0.7025 loss_val: 1.1886
Run:01 Epoch: 0970 loss_train: 0.7056 loss_val: 1.1899
Run:01 Epoch: 0971 loss_train: 0.7032 loss_val: 1.1908
Run:01 Epoch: 0972 loss_train: 0.7049 loss_val: 1.1913
Run:01 Epoch: 0973 loss_train: 0.7032 loss_val: 1.1920
Run:01 Epoch: 0974 loss_train: 0.7071 loss_val: 1.1919
Run:01 Epoch: 0975 loss_train: 0.7046 loss_val: 1.1914
Run:01 Epoch: 0976 loss_train: 0.7059 loss_val: 1.1905
Run:01 Epoch: 0977 loss_train: 0.7032 loss_val: 1.1910
Run:01 Epoch: 0978 loss_train: 0.7071 loss_val: 1.1914
Run:01 Epoch: 0979 loss_train: 0.6994 loss_val: 1.1920
Run:01 Epoch: 0980 loss_train: 0.7026 loss_val: 1.1927
Run:01 Epoch: 0981 loss_train: 0.7003 loss_val: 1.1919
Run:01 Epoch: 0982 loss_train: 0.7031 loss_val: 1.1908
Run:01 Epoch: 0983 loss_train: 0.7034 loss_val: 1.1910
Run:01 Epoch: 0984 loss_train: 0.7035 loss_val: 1.1918
Run:01 Epoch: 0985 loss_train: 0.7023 loss_val: 1.1930
Run:01 Epoch: 0986 loss_train: 0.6998 loss_val: 1.1950
Run:01 Epoch: 0987 loss_train: 0.6963 loss_val: 1.1961
Run:01 Epoch: 0988 loss_train: 0.6991 loss_val: 1.1969
Run:01 Epoch: 0989 loss_train: 0.7014 loss_val: 1.1977
Run:01 Epoch: 0990 loss_train: 0.7005 loss_val: 1.1978
Run:01 Epoch: 0991 loss_train: 0.7024 loss_val: 1.1955
Run:01 Epoch: 0992 loss_train: 0.6969 loss_val: 1.1937
Run:01 Epoch: 0993 loss_train: 0.6918 loss_val: 1.1927
Run:01 Epoch: 0994 loss_train: 0.7008 loss_val: 1.1927
Run:01 Epoch: 0995 loss_train: 0.6947 loss_val: 1.1928
Run:01 Epoch: 0996 loss_train: 0.6965 loss_val: 1.1920
Run:01 Epoch: 0997 loss_train: 0.6941 loss_val: 1.1917
Run:01 Epoch: 0998 loss_train: 0.6865 loss_val: 1.1904
Run:01 Epoch: 0999 loss_train: 0.6984 loss_val: 1.1880
Run:01 Epoch: 1000 loss_train: 0.7000 loss_val: 1.1894
test acc: 0.6884057971014492 test acc std 0.0


test micro f1: 0.6884057971014492 test macro f1 0.6332683266816385
