args
 Namespace(samples=4, concat=10, runs=1, latent_size=10, dataset='cocitationciteseer', seed=42, epochs=1000, lr=0.001, weight_decay=0.0005, hidden=64, dropout=0.5, batch_size=128, tem=0.5, lam=1.0, pretrain_epochs=8, pretrain_lr=0.05, conditional=True, update_epochs=20, num_models=100, warmup=200, cuda=False)
This is cocitation_citeseer dataset:
  ->  num_classes
  ->  num_vertices
  ->  num_edges
  ->  dim_features
  ->  features
  ->  edge_list
  ->  labels
  ->  train_mask
  ->  val_mask
  ->  test_mask
Please try `data['name']` to get the specified data.
Run Train:   0%|          | 0/1 [00:00<?, ?it/s]/users/Min/miniconda/envs/hy/lib/python3.9/site-packages/torch/nn/functional.py:1967: UserWarning: nn.functional.sigmoid is deprecated. Use torch.sigmoid instead.
  warnings.warn("nn.functional.sigmoid is deprecated. Use torch.sigmoid instead.")
Run:01 Epoch: 0001 loss_train: 1.7801 loss_val: 1.7581
Run:01 Epoch: 0002 loss_train: 1.7724 loss_val: 1.7561
Run:01 Epoch: 0003 loss_train: 1.7708 loss_val: 1.7565
Run:01 Epoch: 0004 loss_train: 1.7682 loss_val: 1.7565
Run:01 Epoch: 0005 loss_train: 1.7653 loss_val: 1.7560
Run:01 Epoch: 0006 loss_train: 1.7612 loss_val: 1.7554
Run:01 Epoch: 0007 loss_train: 1.7614 loss_val: 1.7548
Run:01 Epoch: 0008 loss_train: 1.7584 loss_val: 1.7541
Run:01 Epoch: 0009 loss_train: 1.7564 loss_val: 1.7532
Run:01 Epoch: 0010 loss_train: 1.7543 loss_val: 1.7518
Run:01 Epoch: 0011 loss_train: 1.7541 loss_val: 1.7505
Run:01 Epoch: 0012 loss_train: 1.7522 loss_val: 1.7489
Run:01 Epoch: 0013 loss_train: 1.7544 loss_val: 1.7466
Run:01 Epoch: 0014 loss_train: 1.7505 loss_val: 1.7439
Run:01 Epoch: 0015 loss_train: 1.7467 loss_val: 1.7408
Run:01 Epoch: 0016 loss_train: 1.7470 loss_val: 1.7372
Run:01 Epoch: 0017 loss_train: 1.7422 loss_val: 1.7336
Run:01 Epoch: 0018 loss_train: 1.7397 loss_val: 1.7304
Run:01 Epoch: 0019 loss_train: 1.7357 loss_val: 1.7270
Run:01 Epoch: 0020 loss_train: 1.7324 loss_val: 1.7240
Run:01 Epoch: 0021 loss_train: 1.7307 loss_val: 1.7213
Run:01 Epoch: 0022 loss_train: 1.7290 loss_val: 1.7186
Run:01 Epoch: 0023 loss_train: 1.7256 loss_val: 1.7161
Run:01 Epoch: 0024 loss_train: 1.7255 loss_val: 1.7137
Run:01 Epoch: 0025 loss_train: 1.7205 loss_val: 1.7116
Run:01 Epoch: 0026 loss_train: 1.7177 loss_val: 1.7096
Run:01 Epoch: 0027 loss_train: 1.7143 loss_val: 1.7077
Run:01 Epoch: 0028 loss_train: 1.7125 loss_val: 1.7057
Run:01 Epoch: 0029 loss_train: 1.7094 loss_val: 1.7038
Run:01 Epoch: 0030 loss_train: 1.7067 loss_val: 1.7020
Run:01 Epoch: 0031 loss_train: 1.7052 loss_val: 1.7002
Run:01 Epoch: 0032 loss_train: 1.7029 loss_val: 1.6978
Run:01 Epoch: 0033 loss_train: 1.6989 loss_val: 1.6951
Run:01 Epoch: 0034 loss_train: 1.6951 loss_val: 1.6920
Run:01 Epoch: 0035 loss_train: 1.6921 loss_val: 1.6888
Run:01 Epoch: 0036 loss_train: 1.6859 loss_val: 1.6856
Run:01 Epoch: 0037 loss_train: 1.6844 loss_val: 1.6821
Run:01 Epoch: 0038 loss_train: 1.6801 loss_val: 1.6784
Run:01 Epoch: 0039 loss_train: 1.6768 loss_val: 1.6749
Run:01 Epoch: 0040 loss_train: 1.6736 loss_val: 1.6718
Run:01 Epoch: 0041 loss_train: 1.6694 loss_val: 1.6687
Run:01 Epoch: 0042 loss_train: 1.6648 loss_val: 1.6660
Run:01 Epoch: 0043 loss_train: 1.6603 loss_val: 1.6632
Run:01 Epoch: 0044 loss_train: 1.6566 loss_val: 1.6600
Run:01 Epoch: 0045 loss_train: 1.6534 loss_val: 1.6567
Run:01 Epoch: 0046 loss_train: 1.6508 loss_val: 1.6536
Run:01 Epoch: 0047 loss_train: 1.6463 loss_val: 1.6505
Run:01 Epoch: 0048 loss_train: 1.6406 loss_val: 1.6475
Run:01 Epoch: 0049 loss_train: 1.6383 loss_val: 1.6438
Run:01 Epoch: 0050 loss_train: 1.6342 loss_val: 1.6405
Run:01 Epoch: 0051 loss_train: 1.6303 loss_val: 1.6372
Run:01 Epoch: 0052 loss_train: 1.6255 loss_val: 1.6337
Run:01 Epoch: 0053 loss_train: 1.6213 loss_val: 1.6302
Run:01 Epoch: 0054 loss_train: 1.6161 loss_val: 1.6272
Run:01 Epoch: 0055 loss_train: 1.6125 loss_val: 1.6240
Run:01 Epoch: 0056 loss_train: 1.6092 loss_val: 1.6211
Run:01 Epoch: 0057 loss_train: 1.6055 loss_val: 1.6184
Run:01 Epoch: 0058 loss_train: 1.6035 loss_val: 1.6151
Run:01 Epoch: 0059 loss_train: 1.5974 loss_val: 1.6117
Run:01 Epoch: 0060 loss_train: 1.5953 loss_val: 1.6093
Run:01 Epoch: 0061 loss_train: 1.5910 loss_val: 1.6081
Run:01 Epoch: 0062 loss_train: 1.5888 loss_val: 1.6050
Run:01 Epoch: 0063 loss_train: 1.5856 loss_val: 1.6000
Run:01 Epoch: 0064 loss_train: 1.5763 loss_val: 1.5973
Run:01 Epoch: 0065 loss_train: 1.5746 loss_val: 1.5969
Run:01 Epoch: 0066 loss_train: 1.5688 loss_val: 1.5969
Run:01 Epoch: 0067 loss_train: 1.5660 loss_val: 1.5923
Run:01 Epoch: 0068 loss_train: 1.5611 loss_val: 1.5858
Run:01 Epoch: 0069 loss_train: 1.5599 loss_val: 1.5821
Run:01 Epoch: 0070 loss_train: 1.5566 loss_val: 1.5817
Run:01 Epoch: 0071 loss_train: 1.5517 loss_val: 1.5793
Run:01 Epoch: 0072 loss_train: 1.5503 loss_val: 1.5751
Run:01 Epoch: 0073 loss_train: 1.5457 loss_val: 1.5742
Run:01 Epoch: 0074 loss_train: 1.5388 loss_val: 1.5764
Run:01 Epoch: 0075 loss_train: 1.5398 loss_val: 1.5722
Run:01 Epoch: 0076 loss_train: 1.5312 loss_val: 1.5662
Run:01 Epoch: 0077 loss_train: 1.5353 loss_val: 1.5610
Run:01 Epoch: 0078 loss_train: 1.5270 loss_val: 1.5609
Run:01 Epoch: 0079 loss_train: 1.5279 loss_val: 1.5601
Run:01 Epoch: 0080 loss_train: 1.5247 loss_val: 1.5557
Run:01 Epoch: 0081 loss_train: 1.5193 loss_val: 1.5510
Run:01 Epoch: 0082 loss_train: 1.5169 loss_val: 1.5486
Run:01 Epoch: 0083 loss_train: 1.5083 loss_val: 1.5478
Run:01 Epoch: 0084 loss_train: 1.5027 loss_val: 1.5488
Run:01 Epoch: 0085 loss_train: 1.5018 loss_val: 1.5473
Run:01 Epoch: 0086 loss_train: 1.5014 loss_val: 1.5442
Run:01 Epoch: 0087 loss_train: 1.4950 loss_val: 1.5403
Run:01 Epoch: 0088 loss_train: 1.4922 loss_val: 1.5369
Run:01 Epoch: 0089 loss_train: 1.4878 loss_val: 1.5324
Run:01 Epoch: 0090 loss_train: 1.4875 loss_val: 1.5293
Run:01 Epoch: 0091 loss_train: 1.4858 loss_val: 1.5258
Run:01 Epoch: 0092 loss_train: 1.4823 loss_val: 1.5232
Run:01 Epoch: 0093 loss_train: 1.4761 loss_val: 1.5218
Run:01 Epoch: 0094 loss_train: 1.4764 loss_val: 1.5172
Run:01 Epoch: 0095 loss_train: 1.4688 loss_val: 1.5147
Run:01 Epoch: 0096 loss_train: 1.4694 loss_val: 1.5143
Run:01 Epoch: 0097 loss_train: 1.4670 loss_val: 1.5151
Run:01 Epoch: 0098 loss_train: 1.4636 loss_val: 1.5144
Run:01 Epoch: 0099 loss_train: 1.4571 loss_val: 1.5121
Run:01 Epoch: 0100 loss_train: 1.4540 loss_val: 1.5099
Run:01 Epoch: 0101 loss_train: 1.4534 loss_val: 1.5070
Run:01 Epoch: 0102 loss_train: 1.4488 loss_val: 1.5046
Run:01 Epoch: 0103 loss_train: 1.4467 loss_val: 1.5012
Run:01 Epoch: 0104 loss_train: 1.4478 loss_val: 1.4980
Run:01 Epoch: 0105 loss_train: 1.4437 loss_val: 1.4973
Run:01 Epoch: 0106 loss_train: 1.4393 loss_val: 1.4972
Run:01 Epoch: 0107 loss_train: 1.4380 loss_val: 1.4958
Run:01 Epoch: 0108 loss_train: 1.4305 loss_val: 1.4928
Run:01 Epoch: 0109 loss_train: 1.4312 loss_val: 1.4891
Run:01 Epoch: 0110 loss_train: 1.4293 loss_val: 1.4841
Run:01 Epoch: 0111 loss_train: 1.4239 loss_val: 1.4811
Run:01 Epoch: 0112 loss_train: 1.4176 loss_val: 1.4798
Run:01 Epoch: 0113 loss_train: 1.4221 loss_val: 1.4798
Run:01 Epoch: 0114 loss_train: 1.4257 loss_val: 1.4778
Run:01 Epoch: 0115 loss_train: 1.4200 loss_val: 1.4760
Run:01 Epoch: 0116 loss_train: 1.4136 loss_val: 1.4741
Run:01 Epoch: 0117 loss_train: 1.4116 loss_val: 1.4733
Run:01 Epoch: 0118 loss_train: 1.4084 loss_val: 1.4721
Run:01 Epoch: 0119 loss_train: 1.4058 loss_val: 1.4689
Run:01 Epoch: 0120 loss_train: 1.3993 loss_val: 1.4654
Run:01 Epoch: 0121 loss_train: 1.3995 loss_val: 1.4628
Run:01 Epoch: 0122 loss_train: 1.3926 loss_val: 1.4614
Run:01 Epoch: 0123 loss_train: 1.3924 loss_val: 1.4598
Run:01 Epoch: 0124 loss_train: 1.3933 loss_val: 1.4588
Run:01 Epoch: 0125 loss_train: 1.3904 loss_val: 1.4574
Run:01 Epoch: 0126 loss_train: 1.3883 loss_val: 1.4577
Run:01 Epoch: 0127 loss_train: 1.3851 loss_val: 1.4554
Run:01 Epoch: 0128 loss_train: 1.3800 loss_val: 1.4549
Run:01 Epoch: 0129 loss_train: 1.3813 loss_val: 1.4535
Run:01 Epoch: 0130 loss_train: 1.3773 loss_val: 1.4513
Run:01 Epoch: 0131 loss_train: 1.3783 loss_val: 1.4489
Run:01 Epoch: 0132 loss_train: 1.3764 loss_val: 1.4469
Run:01 Epoch: 0133 loss_train: 1.3710 loss_val: 1.4437
Run:01 Epoch: 0134 loss_train: 1.3709 loss_val: 1.4422
Run:01 Epoch: 0135 loss_train: 1.3630 loss_val: 1.4415
Run:01 Epoch: 0136 loss_train: 1.3656 loss_val: 1.4403
Run:01 Epoch: 0137 loss_train: 1.3590 loss_val: 1.4367
Run:01 Epoch: 0138 loss_train: 1.3573 loss_val: 1.4344
Run:01 Epoch: 0139 loss_train: 1.3560 loss_val: 1.4322
Run:01 Epoch: 0140 loss_train: 1.3544 loss_val: 1.4286
Run:01 Epoch: 0141 loss_train: 1.3520 loss_val: 1.4273
Run:01 Epoch: 0142 loss_train: 1.3504 loss_val: 1.4276
Run:01 Epoch: 0143 loss_train: 1.3496 loss_val: 1.4288
Run:01 Epoch: 0144 loss_train: 1.3452 loss_val: 1.4290
Run:01 Epoch: 0145 loss_train: 1.3405 loss_val: 1.4263
Run:01 Epoch: 0146 loss_train: 1.3450 loss_val: 1.4211
Run:01 Epoch: 0147 loss_train: 1.3387 loss_val: 1.4191
Run:01 Epoch: 0148 loss_train: 1.3452 loss_val: 1.4169
Run:01 Epoch: 0149 loss_train: 1.3420 loss_val: 1.4153
Run:01 Epoch: 0150 loss_train: 1.3344 loss_val: 1.4181
Run:01 Epoch: 0151 loss_train: 1.3283 loss_val: 1.4214
Run:01 Epoch: 0152 loss_train: 1.3261 loss_val: 1.4187
Run:01 Epoch: 0153 loss_train: 1.3258 loss_val: 1.4140
Run:01 Epoch: 0154 loss_train: 1.3213 loss_val: 1.4096
Run:01 Epoch: 0155 loss_train: 1.3271 loss_val: 1.4049
Run:01 Epoch: 0156 loss_train: 1.3240 loss_val: 1.4035
Run:01 Epoch: 0157 loss_train: 1.3274 loss_val: 1.4004
Run:01 Epoch: 0158 loss_train: 1.3324 loss_val: 1.3985
Run:01 Epoch: 0159 loss_train: 1.3209 loss_val: 1.4011
Run:01 Epoch: 0160 loss_train: 1.3181 loss_val: 1.4095
Run:01 Epoch: 0161 loss_train: 1.3195 loss_val: 1.4115
Run:01 Epoch: 0162 loss_train: 1.3136 loss_val: 1.4067
Run:01 Epoch: 0163 loss_train: 1.3100 loss_val: 1.4007
Run:01 Epoch: 0164 loss_train: 1.3076 loss_val: 1.3964
Run:01 Epoch: 0165 loss_train: 1.3069 loss_val: 1.3957
Run:01 Epoch: 0166 loss_train: 1.3041 loss_val: 1.3944
Run:01 Epoch: 0167 loss_train: 1.3033 loss_val: 1.3927
Run:01 Epoch: 0168 loss_train: 1.3074 loss_val: 1.3952
Run:01 Epoch: 0169 loss_train: 1.2993 loss_val: 1.3990
Run:01 Epoch: 0170 loss_train: 1.2972 loss_val: 1.4034
Run:01 Epoch: 0171 loss_train: 1.3018 loss_val: 1.4005
Run:01 Epoch: 0172 loss_train: 1.2929 loss_val: 1.3951
Run:01 Epoch: 0173 loss_train: 1.2912 loss_val: 1.3899
Run:01 Epoch: 0174 loss_train: 1.2874 loss_val: 1.3851
Run:01 Epoch: 0175 loss_train: 1.2842 loss_val: 1.3817
Run:01 Epoch: 0176 loss_train: 1.2835 loss_val: 1.3794
Run:01 Epoch: 0177 loss_train: 1.2822 loss_val: 1.3798
Run:01 Epoch: 0178 loss_train: 1.2807 loss_val: 1.3790
Run:01 Epoch: 0179 loss_train: 1.2815 loss_val: 1.3785
Run:01 Epoch: 0180 loss_train: 1.2749 loss_val: 1.3770
Run:01 Epoch: 0181 loss_train: 1.2810 loss_val: 1.3730
Run:01 Epoch: 0182 loss_train: 1.2771 loss_val: 1.3716
Run:01 Epoch: 0183 loss_train: 1.2747 loss_val: 1.3718
Run:01 Epoch: 0184 loss_train: 1.2739 loss_val: 1.3732
Run:01 Epoch: 0185 loss_train: 1.2662 loss_val: 1.3750
Run:01 Epoch: 0186 loss_train: 1.2694 loss_val: 1.3765
Run:01 Epoch: 0187 loss_train: 1.2673 loss_val: 1.3774
Run:01 Epoch: 0188 loss_train: 1.2641 loss_val: 1.3751
Run:01 Epoch: 0189 loss_train: 1.2705 loss_val: 1.3656
Run:01 Epoch: 0190 loss_train: 1.2644 loss_val: 1.3605
Run:01 Epoch: 0191 loss_train: 1.2604 loss_val: 1.3588
Run:01 Epoch: 0192 loss_train: 1.2597 loss_val: 1.3590
Run:01 Epoch: 0193 loss_train: 1.2542 loss_val: 1.3601
Run:01 Epoch: 0194 loss_train: 1.2587 loss_val: 1.3626
Run:01 Epoch: 0195 loss_train: 1.2530 loss_val: 1.3636
Run:01 Epoch: 0196 loss_train: 1.2565 loss_val: 1.3630
Run:01 Epoch: 0197 loss_train: 1.2518 loss_val: 1.3625
Run:01 Epoch: 0198 loss_train: 1.2619 loss_val: 1.3552
Run:01 Epoch: 0199 loss_train: 1.2424 loss_val: 1.3519
Run:01 Epoch: 0200 loss_train: 1.2456 loss_val: 1.3522
Run:01 Epoch: 0201 loss_train: 1.2460 loss_val: 1.3523
Run:01 Epoch: 0202 loss_train: 1.2516 loss_val: 1.3529
Run:01 Epoch: 0203 loss_train: 1.2419 loss_val: 1.3551
Run:01 Epoch: 0204 loss_train: 1.2431 loss_val: 1.3598
Run:01 Epoch: 0205 loss_train: 1.2422 loss_val: 1.3623
Run:01 Epoch: 0206 loss_train: 1.2343 loss_val: 1.3626
Run:01 Epoch: 0207 loss_train: 1.2397 loss_val: 1.3579
Run:01 Epoch: 0208 loss_train: 1.2367 loss_val: 1.3491
Run:01 Epoch: 0209 loss_train: 1.2350 loss_val: 1.3410
Run:01 Epoch: 0210 loss_train: 1.2338 loss_val: 1.3362
Run:01 Epoch: 0211 loss_train: 1.2322 loss_val: 1.3347
Run:01 Epoch: 0212 loss_train: 1.2264 loss_val: 1.3346
Run:01 Epoch: 0213 loss_train: 1.2294 loss_val: 1.3359
Run:01 Epoch: 0214 loss_train: 1.2331 loss_val: 1.3377
Run:01 Epoch: 0215 loss_train: 1.2232 loss_val: 1.3408
Run:01 Epoch: 0216 loss_train: 1.2227 loss_val: 1.3461
Run:01 Epoch: 0217 loss_train: 1.2196 loss_val: 1.3478
Run:01 Epoch: 0218 loss_train: 1.2160 loss_val: 1.3452
Run:01 Epoch: 0219 loss_train: 1.2185 loss_val: 1.3390
Run:01 Epoch: 0220 loss_train: 1.2156 loss_val: 1.3313
Run:01 Epoch: 0221 loss_train: 1.2172 loss_val: 1.3265
Run:01 Epoch: 0222 loss_train: 1.2158 loss_val: 1.3235
Run:01 Epoch: 0223 loss_train: 1.2117 loss_val: 1.3228
Run:01 Epoch: 0224 loss_train: 1.2091 loss_val: 1.3246
Run:01 Epoch: 0225 loss_train: 1.2093 loss_val: 1.3273
Run:01 Epoch: 0226 loss_train: 1.2086 loss_val: 1.3299
Run:01 Epoch: 0227 loss_train: 1.2066 loss_val: 1.3311
Run:01 Epoch: 0228 loss_train: 1.2051 loss_val: 1.3292
Run:01 Epoch: 0229 loss_train: 1.2039 loss_val: 1.3272
Run:01 Epoch: 0230 loss_train: 1.2058 loss_val: 1.3250
Run:01 Epoch: 0231 loss_train: 1.2031 loss_val: 1.3253
Run:01 Epoch: 0232 loss_train: 1.2006 loss_val: 1.3234
Run:01 Epoch: 0233 loss_train: 1.2039 loss_val: 1.3240
Run:01 Epoch: 0234 loss_train: 1.1972 loss_val: 1.3227
Run:01 Epoch: 0235 loss_train: 1.1963 loss_val: 1.3210
Run:01 Epoch: 0236 loss_train: 1.1964 loss_val: 1.3195
Run:01 Epoch: 0237 loss_train: 1.1927 loss_val: 1.3176
Run:01 Epoch: 0238 loss_train: 1.1986 loss_val: 1.3156
Run:01 Epoch: 0239 loss_train: 1.1898 loss_val: 1.3130
Run:01 Epoch: 0240 loss_train: 1.1912 loss_val: 1.3107
Run:01 Epoch: 0241 loss_train: 1.1920 loss_val: 1.3098
Run:01 Epoch: 0242 loss_train: 1.1857 loss_val: 1.3111
Run:01 Epoch: 0243 loss_train: 1.1845 loss_val: 1.3120
Run:01 Epoch: 0244 loss_train: 1.1812 loss_val: 1.3117
Run:01 Epoch: 0245 loss_train: 1.1804 loss_val: 1.3100
Run:01 Epoch: 0246 loss_train: 1.1832 loss_val: 1.3097
Run:01 Epoch: 0247 loss_train: 1.1814 loss_val: 1.3099
Run:01 Epoch: 0248 loss_train: 1.1807 loss_val: 1.3099
Run:01 Epoch: 0249 loss_train: 1.1773 loss_val: 1.3091
Run:01 Epoch: 0250 loss_train: 1.1777 loss_val: 1.3078
Run:01 Epoch: 0251 loss_train: 1.1764 loss_val: 1.3058
Run:01 Epoch: 0252 loss_train: 1.1729 loss_val: 1.3049
Run:01 Epoch: 0253 loss_train: 1.1717 loss_val: 1.3037
Run:01 Epoch: 0254 loss_train: 1.1656 loss_val: 1.3026
Run:01 Epoch: 0255 loss_train: 1.1786 loss_val: 1.3001
Run:01 Epoch: 0256 loss_train: 1.1716 loss_val: 1.3005
Run:01 Epoch: 0257 loss_train: 1.1698 loss_val: 1.3008
Run:01 Epoch: 0258 loss_train: 1.1745 loss_val: 1.3024
Run:01 Epoch: 0259 loss_train: 1.1686 loss_val: 1.3070
Run:01 Epoch: 0260 loss_train: 1.1693 loss_val: 1.3135
Run:01 Epoch: 0261 loss_train: 1.1645 loss_val: 1.3196
Run:01 Epoch: 0262 loss_train: 1.1629 loss_val: 1.3213
Run:01 Epoch: 0263 loss_train: 1.1792 loss_val: 1.3138
Run:01 Epoch: 0264 loss_train: 1.1637 loss_val: 1.3097
Run:01 Epoch: 0265 loss_train: 1.1655 loss_val: 1.3083
Run:01 Epoch: 0266 loss_train: 1.1652 loss_val: 1.3072
Run:01 Epoch: 0267 loss_train: 1.1663 loss_val: 1.3042
Run:01 Epoch: 0268 loss_train: 1.1660 loss_val: 1.3029
Run:01 Epoch: 0269 loss_train: 1.1554 loss_val: 1.3072
Run:01 Epoch: 0270 loss_train: 1.1501 loss_val: 1.3153
Run:01 Epoch: 0271 loss_train: 1.1576 loss_val: 1.3207
Run:01 Epoch: 0272 loss_train: 1.1618 loss_val: 1.3192
Run:01 Epoch: 0273 loss_train: 1.1495 loss_val: 1.3120
Run:01 Epoch: 0274 loss_train: 1.1554 loss_val: 1.2982
Run:01 Epoch: 0275 loss_train: 1.1524 loss_val: 1.2904
Run:01 Epoch: 0276 loss_train: 1.1558 loss_val: 1.2879
Run:01 Epoch: 0277 loss_train: 1.1518 loss_val: 1.2863
Run:01 Epoch: 0278 loss_train: 1.1541 loss_val: 1.2849
Run:01 Epoch: 0279 loss_train: 1.1494 loss_val: 1.2872
Run:01 Epoch: 0280 loss_train: 1.1518 loss_val: 1.2959
Run:01 Epoch: 0281 loss_train: 1.1435 loss_val: 1.3054
Run:01 Epoch: 0282 loss_train: 1.1453 loss_val: 1.3095
Run:01 Epoch: 0283 loss_train: 1.1404 loss_val: 1.3064
Run:01 Epoch: 0284 loss_train: 1.1450 loss_val: 1.2991
Run:01 Epoch: 0285 loss_train: 1.1333 loss_val: 1.2917
Run:01 Epoch: 0286 loss_train: 1.1359 loss_val: 1.2873
Run:01 Epoch: 0287 loss_train: 1.1370 loss_val: 1.2847
Run:01 Epoch: 0288 loss_train: 1.1376 loss_val: 1.2832
Run:01 Epoch: 0289 loss_train: 1.1362 loss_val: 1.2832
Run:01 Epoch: 0290 loss_train: 1.1366 loss_val: 1.2840
Run:01 Epoch: 0291 loss_train: 1.1371 loss_val: 1.2848
Run:01 Epoch: 0292 loss_train: 1.1302 loss_val: 1.2850
Run:01 Epoch: 0293 loss_train: 1.1384 loss_val: 1.2829
Run:01 Epoch: 0294 loss_train: 1.1289 loss_val: 1.2807
Run:01 Epoch: 0295 loss_train: 1.1269 loss_val: 1.2780
Run:01 Epoch: 0296 loss_train: 1.1258 loss_val: 1.2751
Run:01 Epoch: 0297 loss_train: 1.1255 loss_val: 1.2739
Run:01 Epoch: 0298 loss_train: 1.1222 loss_val: 1.2742
Run:01 Epoch: 0299 loss_train: 1.1218 loss_val: 1.2745
Run:01 Epoch: 0300 loss_train: 1.1178 loss_val: 1.2747
Run:01 Epoch: 0301 loss_train: 1.1182 loss_val: 1.2752
Run:01 Epoch: 0302 loss_train: 1.1181 loss_val: 1.2749
Run:01 Epoch: 0303 loss_train: 1.1145 loss_val: 1.2747
Run:01 Epoch: 0304 loss_train: 1.1137 loss_val: 1.2743
Run:01 Epoch: 0305 loss_train: 1.1146 loss_val: 1.2740
Run:01 Epoch: 0306 loss_train: 1.1140 loss_val: 1.2731
Run:01 Epoch: 0307 loss_train: 1.1143 loss_val: 1.2701
Run:01 Epoch: 0308 loss_train: 1.1063 loss_val: 1.2678
Run:01 Epoch: 0309 loss_train: 1.1085 loss_val: 1.2654
Run:01 Epoch: 0310 loss_train: 1.1099 loss_val: 1.2646
Run:01 Epoch: 0311 loss_train: 1.1133 loss_val: 1.2652
Run:01 Epoch: 0312 loss_train: 1.1062 loss_val: 1.2657
Run:01 Epoch: 0313 loss_train: 1.1168 loss_val: 1.2648
Run:01 Epoch: 0314 loss_train: 1.1108 loss_val: 1.2658
Run:01 Epoch: 0315 loss_train: 1.1093 loss_val: 1.2651
Run:01 Epoch: 0316 loss_train: 1.1052 loss_val: 1.2650
Run:01 Epoch: 0317 loss_train: 1.1093 loss_val: 1.2661
Run:01 Epoch: 0318 loss_train: 1.1081 loss_val: 1.2700
Run:01 Epoch: 0319 loss_train: 1.1031 loss_val: 1.2737
Run:01 Epoch: 0320 loss_train: 1.0977 loss_val: 1.2751
Run:01 Epoch: 0321 loss_train: 1.1082 loss_val: 1.2708
Run:01 Epoch: 0322 loss_train: 1.0998 loss_val: 1.2672
Run:01 Epoch: 0323 loss_train: 1.1115 loss_val: 1.2605
Run:01 Epoch: 0324 loss_train: 1.0970 loss_val: 1.2584
Run:01 Epoch: 0325 loss_train: 1.0908 loss_val: 1.2582
Run:01 Epoch: 0326 loss_train: 1.0967 loss_val: 1.2603
Run:01 Epoch: 0327 loss_train: 1.0962 loss_val: 1.2648
Run:01 Epoch: 0328 loss_train: 1.0952 loss_val: 1.2702
Run:01 Epoch: 0329 loss_train: 1.0949 loss_val: 1.2728
Run:01 Epoch: 0330 loss_train: 1.0907 loss_val: 1.2722
Run:01 Epoch: 0331 loss_train: 1.0965 loss_val: 1.2713
Run:01 Epoch: 0332 loss_train: 1.0879 loss_val: 1.2681
Run:01 Epoch: 0333 loss_train: 1.0853 loss_val: 1.2653
Run:01 Epoch: 0334 loss_train: 1.0919 loss_val: 1.2635
Run:01 Epoch: 0335 loss_train: 1.0902 loss_val: 1.2631
Run:01 Epoch: 0336 loss_train: 1.0883 loss_val: 1.2630
Run:01 Epoch: 0337 loss_train: 1.0854 loss_val: 1.2645
Run:01 Epoch: 0338 loss_train: 1.0828 loss_val: 1.2652
Run:01 Epoch: 0339 loss_train: 1.0854 loss_val: 1.2637
Run:01 Epoch: 0340 loss_train: 1.0824 loss_val: 1.2622
Run:01 Epoch: 0341 loss_train: 1.0781 loss_val: 1.2598
Run:01 Epoch: 0342 loss_train: 1.0784 loss_val: 1.2564
Run:01 Epoch: 0343 loss_train: 1.0788 loss_val: 1.2559
Run:01 Epoch: 0344 loss_train: 1.0733 loss_val: 1.2554
Run:01 Epoch: 0345 loss_train: 1.0819 loss_val: 1.2589
Run:01 Epoch: 0346 loss_train: 1.0768 loss_val: 1.2622
Run:01 Epoch: 0347 loss_train: 1.0739 loss_val: 1.2644
Run:01 Epoch: 0348 loss_train: 1.0803 loss_val: 1.2656
Run:01 Epoch: 0349 loss_train: 1.0755 loss_val: 1.2674
Run:01 Epoch: 0350 loss_train: 1.0739 loss_val: 1.2687
Run:01 Epoch: 0351 loss_train: 1.0755 loss_val: 1.2692
Run:01 Epoch: 0352 loss_train: 1.0733 loss_val: 1.2682
Run:01 Epoch: 0353 loss_train: 1.0697 loss_val: 1.2656
Run:01 Epoch: 0354 loss_train: 1.0686 loss_val: 1.2630
Run:01 Epoch: 0355 loss_train: 1.0698 loss_val: 1.2601
Run:01 Epoch: 0356 loss_train: 1.0671 loss_val: 1.2576
Run:01 Epoch: 0357 loss_train: 1.0649 loss_val: 1.2541
Run:01 Epoch: 0358 loss_train: 1.0615 loss_val: 1.2512
Run:01 Epoch: 0359 loss_train: 1.0656 loss_val: 1.2507
Run:01 Epoch: 0360 loss_train: 1.0676 loss_val: 1.2514
Run:01 Epoch: 0361 loss_train: 1.0642 loss_val: 1.2520
Run:01 Epoch: 0362 loss_train: 1.0616 loss_val: 1.2521
Run:01 Epoch: 0363 loss_train: 1.0605 loss_val: 1.2541
Run:01 Epoch: 0364 loss_train: 1.0631 loss_val: 1.2554
Run:01 Epoch: 0365 loss_train: 1.0624 loss_val: 1.2568
Run:01 Epoch: 0366 loss_train: 1.0587 loss_val: 1.2574
Run:01 Epoch: 0367 loss_train: 1.0621 loss_val: 1.2567
Run:01 Epoch: 0368 loss_train: 1.0669 loss_val: 1.2589
Run:01 Epoch: 0369 loss_train: 1.0604 loss_val: 1.2591
Run:01 Epoch: 0370 loss_train: 1.0549 loss_val: 1.2592
Run:01 Epoch: 0371 loss_train: 1.0565 loss_val: 1.2585
Run:01 Epoch: 0372 loss_train: 1.0514 loss_val: 1.2580
Run:01 Epoch: 0373 loss_train: 1.0529 loss_val: 1.2573
Run:01 Epoch: 0374 loss_train: 1.0550 loss_val: 1.2564
Run:01 Epoch: 0375 loss_train: 1.0537 loss_val: 1.2556
Run:01 Epoch: 0376 loss_train: 1.0460 loss_val: 1.2518
Run:01 Epoch: 0377 loss_train: 1.0503 loss_val: 1.2496
Run:01 Epoch: 0378 loss_train: 1.0519 loss_val: 1.2471
Run:01 Epoch: 0379 loss_train: 1.0472 loss_val: 1.2451
Run:01 Epoch: 0380 loss_train: 1.0511 loss_val: 1.2433
Run:01 Epoch: 0381 loss_train: 1.0422 loss_val: 1.2420
Run:01 Epoch: 0382 loss_train: 1.0424 loss_val: 1.2411
Run:01 Epoch: 0383 loss_train: 1.0452 loss_val: 1.2411
Run:01 Epoch: 0384 loss_train: 1.0434 loss_val: 1.2402
Run:01 Epoch: 0385 loss_train: 1.0389 loss_val: 1.2400
Run:01 Epoch: 0386 loss_train: 1.0520 loss_val: 1.2433
Run:01 Epoch: 0387 loss_train: 1.0410 loss_val: 1.2472
Run:01 Epoch: 0388 loss_train: 1.0416 loss_val: 1.2525
Run:01 Epoch: 0389 loss_train: 1.0374 loss_val: 1.2576
Run:01 Epoch: 0390 loss_train: 1.0411 loss_val: 1.2587
Run:01 Epoch: 0391 loss_train: 1.0452 loss_val: 1.2586
Run:01 Epoch: 0392 loss_train: 1.0493 loss_val: 1.2514
Run:01 Epoch: 0393 loss_train: 1.0348 loss_val: 1.2475
Run:01 Epoch: 0394 loss_train: 1.0381 loss_val: 1.2449
Run:01 Epoch: 0395 loss_train: 1.0481 loss_val: 1.2404
Run:01 Epoch: 0396 loss_train: 1.0380 loss_val: 1.2371
Run:01 Epoch: 0397 loss_train: 1.0323 loss_val: 1.2379
Run:01 Epoch: 0398 loss_train: 1.0338 loss_val: 1.2400
Run:01 Epoch: 0399 loss_train: 1.0314 loss_val: 1.2423
Run:01 Epoch: 0400 loss_train: 1.0281 loss_val: 1.2440
Run:01 Epoch: 0401 loss_train: 1.0299 loss_val: 1.2425
Run:01 Epoch: 0402 loss_train: 1.0268 loss_val: 1.2398
Run:01 Epoch: 0403 loss_train: 1.0269 loss_val: 1.2371
Run:01 Epoch: 0404 loss_train: 1.0307 loss_val: 1.2342
Run:01 Epoch: 0405 loss_train: 1.0275 loss_val: 1.2334
Run:01 Epoch: 0406 loss_train: 1.0279 loss_val: 1.2350
Run:01 Epoch: 0407 loss_train: 1.0273 loss_val: 1.2372
Run:01 Epoch: 0408 loss_train: 1.0262 loss_val: 1.2408
Run:01 Epoch: 0409 loss_train: 1.0288 loss_val: 1.2438
Run:01 Epoch: 0410 loss_train: 1.0239 loss_val: 1.2462
Run:01 Epoch: 0411 loss_train: 1.0210 loss_val: 1.2460
Run:01 Epoch: 0412 loss_train: 1.0222 loss_val: 1.2425
Run:01 Epoch: 0413 loss_train: 1.0190 loss_val: 1.2371
Run:01 Epoch: 0414 loss_train: 1.0184 loss_val: 1.2322
Run:01 Epoch: 0415 loss_train: 1.0206 loss_val: 1.2274
Run:01 Epoch: 0416 loss_train: 1.0151 loss_val: 1.2242
Run:01 Epoch: 0417 loss_train: 1.0193 loss_val: 1.2226
Run:01 Epoch: 0418 loss_train: 1.0206 loss_val: 1.2246
Run:01 Epoch: 0419 loss_train: 1.0111 loss_val: 1.2277
Run:01 Epoch: 0420 loss_train: 1.0105 loss_val: 1.2317
Run:01 Epoch: 0421 loss_train: 1.0212 loss_val: 1.2307
Run:01 Epoch: 0422 loss_train: 1.0119 loss_val: 1.2316
Run:01 Epoch: 0423 loss_train: 1.0158 loss_val: 1.2346
Run:01 Epoch: 0424 loss_train: 1.0150 loss_val: 1.2373
Run:01 Epoch: 0425 loss_train: 1.0150 loss_val: 1.2394
Run:01 Epoch: 0426 loss_train: 1.0166 loss_val: 1.2406
Run:01 Epoch: 0427 loss_train: 1.0147 loss_val: 1.2411
Run:01 Epoch: 0428 loss_train: 1.0107 loss_val: 1.2402
Run:01 Epoch: 0429 loss_train: 1.0081 loss_val: 1.2378
Run:01 Epoch: 0430 loss_train: 1.0051 loss_val: 1.2321
Run:01 Epoch: 0431 loss_train: 1.0128 loss_val: 1.2280
Run:01 Epoch: 0432 loss_train: 1.0051 loss_val: 1.2249
Run:01 Epoch: 0433 loss_train: 1.0086 loss_val: 1.2236
Run:01 Epoch: 0434 loss_train: 1.0024 loss_val: 1.2231
Run:01 Epoch: 0435 loss_train: 1.0031 loss_val: 1.2245
Run:01 Epoch: 0436 loss_train: 1.0023 loss_val: 1.2262
Run:01 Epoch: 0437 loss_train: 0.9996 loss_val: 1.2278
Run:01 Epoch: 0438 loss_train: 1.0027 loss_val: 1.2285
Run:01 Epoch: 0439 loss_train: 1.0024 loss_val: 1.2278
Run:01 Epoch: 0440 loss_train: 1.0000 loss_val: 1.2270
Run:01 Epoch: 0441 loss_train: 0.9995 loss_val: 1.2250
Run:01 Epoch: 0442 loss_train: 0.9972 loss_val: 1.2230
Run:01 Epoch: 0443 loss_train: 1.0011 loss_val: 1.2240
Run:01 Epoch: 0444 loss_train: 0.9977 loss_val: 1.2253
Run:01 Epoch: 0445 loss_train: 0.9986 loss_val: 1.2263
Run:01 Epoch: 0446 loss_train: 0.9956 loss_val: 1.2269
Run:01 Epoch: 0447 loss_train: 1.0047 loss_val: 1.2193
Run:01 Epoch: 0448 loss_train: 0.9966 loss_val: 1.2151
Run:01 Epoch: 0449 loss_train: 0.9958 loss_val: 1.2131
Run:01 Epoch: 0450 loss_train: 1.0042 loss_val: 1.2120
Run:01 Epoch: 0451 loss_train: 0.9970 loss_val: 1.2109
Run:01 Epoch: 0452 loss_train: 0.9940 loss_val: 1.2112
Run:01 Epoch: 0453 loss_train: 0.9868 loss_val: 1.2137
Run:01 Epoch: 0454 loss_train: 0.9823 loss_val: 1.2186
Run:01 Epoch: 0455 loss_train: 0.9888 loss_val: 1.2246
Run:01 Epoch: 0456 loss_train: 0.9975 loss_val: 1.2286
Run:01 Epoch: 0457 loss_train: 0.9915 loss_val: 1.2264
Run:01 Epoch: 0458 loss_train: 0.9906 loss_val: 1.2217
Run:01 Epoch: 0459 loss_train: 0.9921 loss_val: 1.2153
Run:01 Epoch: 0460 loss_train: 0.9893 loss_val: 1.2125
Run:01 Epoch: 0461 loss_train: 0.9833 loss_val: 1.2131
Run:01 Epoch: 0462 loss_train: 0.9818 loss_val: 1.2139
Run:01 Epoch: 0463 loss_train: 0.9910 loss_val: 1.2131
Run:01 Epoch: 0464 loss_train: 0.9849 loss_val: 1.2116
Run:01 Epoch: 0465 loss_train: 0.9819 loss_val: 1.2111
Run:01 Epoch: 0466 loss_train: 0.9796 loss_val: 1.2121
Run:01 Epoch: 0467 loss_train: 0.9873 loss_val: 1.2160
Run:01 Epoch: 0468 loss_train: 0.9849 loss_val: 1.2191
Run:01 Epoch: 0469 loss_train: 0.9786 loss_val: 1.2218
Run:01 Epoch: 0470 loss_train: 0.9844 loss_val: 1.2229
Run:01 Epoch: 0471 loss_train: 0.9830 loss_val: 1.2230
Run:01 Epoch: 0472 loss_train: 0.9822 loss_val: 1.2220
Run:01 Epoch: 0473 loss_train: 0.9789 loss_val: 1.2177
Run:01 Epoch: 0474 loss_train: 0.9749 loss_val: 1.2119
Run:01 Epoch: 0475 loss_train: 0.9735 loss_val: 1.2079
Run:01 Epoch: 0476 loss_train: 0.9777 loss_val: 1.2058
Run:01 Epoch: 0477 loss_train: 0.9778 loss_val: 1.2063
Run:01 Epoch: 0478 loss_train: 0.9741 loss_val: 1.2082
Run:01 Epoch: 0479 loss_train: 0.9734 loss_val: 1.2109
Run:01 Epoch: 0480 loss_train: 0.9724 loss_val: 1.2170
Run:01 Epoch: 0481 loss_train: 0.9769 loss_val: 1.2213
Run:01 Epoch: 0482 loss_train: 0.9686 loss_val: 1.2244
Run:01 Epoch: 0483 loss_train: 0.9699 loss_val: 1.2255
Run:01 Epoch: 0484 loss_train: 0.9715 loss_val: 1.2259
Run:01 Epoch: 0485 loss_train: 0.9688 loss_val: 1.2245
Run:01 Epoch: 0486 loss_train: 0.9699 loss_val: 1.2208
Run:01 Epoch: 0487 loss_train: 0.9755 loss_val: 1.2120
Run:01 Epoch: 0488 loss_train: 0.9626 loss_val: 1.2098
Run:01 Epoch: 0489 loss_train: 0.9733 loss_val: 1.2103
Run:01 Epoch: 0490 loss_train: 0.9776 loss_val: 1.2107
Run:01 Epoch: 0491 loss_train: 0.9689 loss_val: 1.2115
Run:01 Epoch: 0492 loss_train: 0.9711 loss_val: 1.2155
Run:01 Epoch: 0493 loss_train: 0.9636 loss_val: 1.2212
Run:01 Epoch: 0494 loss_train: 0.9618 loss_val: 1.2272
Run:01 Epoch: 0495 loss_train: 0.9620 loss_val: 1.2280
Run:01 Epoch: 0496 loss_train: 0.9606 loss_val: 1.2223
Run:01 Epoch: 0497 loss_train: 0.9657 loss_val: 1.2136
Run:01 Epoch: 0498 loss_train: 0.9581 loss_val: 1.2077
Run:01 Epoch: 0499 loss_train: 0.9615 loss_val: 1.2050
Run:01 Epoch: 0500 loss_train: 0.9622 loss_val: 1.2040
Run:01 Epoch: 0501 loss_train: 0.9618 loss_val: 1.2048
Run:01 Epoch: 0502 loss_train: 0.9646 loss_val: 1.2077
Run:01 Epoch: 0503 loss_train: 0.9598 loss_val: 1.2132
Run:01 Epoch: 0504 loss_train: 0.9564 loss_val: 1.2203
Run:01 Epoch: 0505 loss_train: 0.9512 loss_val: 1.2258
Run:01 Epoch: 0506 loss_train: 0.9628 loss_val: 1.2262
Run:01 Epoch: 0507 loss_train: 0.9564 loss_val: 1.2202
Run:01 Epoch: 0508 loss_train: 0.9521 loss_val: 1.2139
Run:01 Epoch: 0509 loss_train: 0.9497 loss_val: 1.2088
Run:01 Epoch: 0510 loss_train: 0.9508 loss_val: 1.2046
Run:01 Epoch: 0511 loss_train: 0.9549 loss_val: 1.2020
Run:01 Epoch: 0512 loss_train: 0.9583 loss_val: 1.2015
Run:01 Epoch: 0513 loss_train: 0.9504 loss_val: 1.2012
Run:01 Epoch: 0514 loss_train: 0.9445 loss_val: 1.2020
Run:01 Epoch: 0515 loss_train: 0.9467 loss_val: 1.2028
Run:01 Epoch: 0516 loss_train: 0.9474 loss_val: 1.2050
Run:01 Epoch: 0517 loss_train: 0.9631 loss_val: 1.2098
Run:01 Epoch: 0518 loss_train: 0.9453 loss_val: 1.2149
Run:01 Epoch: 0519 loss_train: 0.9510 loss_val: 1.2184
Run:01 Epoch: 0520 loss_train: 0.9504 loss_val: 1.2205
Run:01 Epoch: 0521 loss_train: 0.9474 loss_val: 1.2212
Run:01 Epoch: 0522 loss_train: 0.9499 loss_val: 1.2219
Run:01 Epoch: 0523 loss_train: 0.9493 loss_val: 1.2220
Run:01 Epoch: 0524 loss_train: 0.9469 loss_val: 1.2222
Run:01 Epoch: 0525 loss_train: 0.9468 loss_val: 1.2222
Run:01 Epoch: 0526 loss_train: 0.9446 loss_val: 1.2207
Run:01 Epoch: 0527 loss_train: 0.9426 loss_val: 1.2172
Run:01 Epoch: 0528 loss_train: 0.9412 loss_val: 1.2123
Run:01 Epoch: 0529 loss_train: 0.9362 loss_val: 1.2082
Run:01 Epoch: 0530 loss_train: 0.9398 loss_val: 1.2040
Run:01 Epoch: 0531 loss_train: 0.9421 loss_val: 1.2006
Run:01 Epoch: 0532 loss_train: 0.9433 loss_val: 1.1992
Run:01 Epoch: 0533 loss_train: 0.9359 loss_val: 1.1994
Run:01 Epoch: 0534 loss_train: 0.9386 loss_val: 1.2013
Run:01 Epoch: 0535 loss_train: 0.9394 loss_val: 1.2036
Run:01 Epoch: 0536 loss_train: 0.9354 loss_val: 1.2061
Run:01 Epoch: 0537 loss_train: 0.9372 loss_val: 1.2081
Run:01 Epoch: 0538 loss_train: 0.9420 loss_val: 1.2083
Run:01 Epoch: 0539 loss_train: 0.9481 loss_val: 1.2102
Run:01 Epoch: 0540 loss_train: 0.9378 loss_val: 1.2118
Run:01 Epoch: 0541 loss_train: 0.9402 loss_val: 1.2127
Run:01 Epoch: 0542 loss_train: 0.9352 loss_val: 1.2139
Run:01 Epoch: 0543 loss_train: 0.9451 loss_val: 1.2162
Run:01 Epoch: 0544 loss_train: 0.9359 loss_val: 1.2189
Run:01 Epoch: 0545 loss_train: 0.9386 loss_val: 1.2208
Run:01 Epoch: 0546 loss_train: 0.9304 loss_val: 1.2225
Run:01 Epoch: 0547 loss_train: 0.9353 loss_val: 1.2228
Run:01 Epoch: 0548 loss_train: 0.9294 loss_val: 1.2203
Run:01 Epoch: 0549 loss_train: 0.9249 loss_val: 1.2140
Run:01 Epoch: 0550 loss_train: 0.9278 loss_val: 1.2073
Run:01 Epoch: 0551 loss_train: 0.9319 loss_val: 1.2009
Run:01 Epoch: 0552 loss_train: 0.9275 loss_val: 1.1970
Run:01 Epoch: 0553 loss_train: 0.9276 loss_val: 1.1930
Run:01 Epoch: 0554 loss_train: 0.9280 loss_val: 1.1911
Run:01 Epoch: 0555 loss_train: 0.9340 loss_val: 1.1935
Run:01 Epoch: 0556 loss_train: 0.9248 loss_val: 1.1978
Run:01 Epoch: 0557 loss_train: 0.9283 loss_val: 1.2024
Run:01 Epoch: 0558 loss_train: 0.9225 loss_val: 1.2072
Run:01 Epoch: 0559 loss_train: 0.9248 loss_val: 1.2080
Run:01 Epoch: 0560 loss_train: 0.9181 loss_val: 1.2068
Run:01 Epoch: 0561 loss_train: 0.9262 loss_val: 1.2047
Run:01 Epoch: 0562 loss_train: 0.9230 loss_val: 1.2034
Run:01 Epoch: 0563 loss_train: 0.9240 loss_val: 1.2027
Run:01 Epoch: 0564 loss_train: 0.9210 loss_val: 1.2021
Run:01 Epoch: 0565 loss_train: 0.9167 loss_val: 1.2016
Run:01 Epoch: 0566 loss_train: 0.9221 loss_val: 1.2018
Run:01 Epoch: 0567 loss_train: 0.9210 loss_val: 1.2006
Run:01 Epoch: 0568 loss_train: 0.9202 loss_val: 1.1995
Run:01 Epoch: 0569 loss_train: 0.9155 loss_val: 1.1985
Run:01 Epoch: 0570 loss_train: 0.9116 loss_val: 1.1975
Run:01 Epoch: 0571 loss_train: 0.9116 loss_val: 1.1975
Run:01 Epoch: 0572 loss_train: 0.9151 loss_val: 1.1979
Run:01 Epoch: 0573 loss_train: 0.9204 loss_val: 1.2006
Run:01 Epoch: 0574 loss_train: 0.9168 loss_val: 1.2035
Run:01 Epoch: 0575 loss_train: 0.9160 loss_val: 1.2064
Run:01 Epoch: 0576 loss_train: 0.9196 loss_val: 1.2097
Run:01 Epoch: 0577 loss_train: 0.9143 loss_val: 1.2115
Run:01 Epoch: 0578 loss_train: 0.9173 loss_val: 1.2129
Run:01 Epoch: 0579 loss_train: 0.9106 loss_val: 1.2138
Run:01 Epoch: 0580 loss_train: 0.9191 loss_val: 1.2132
Run:01 Epoch: 0581 loss_train: 0.9110 loss_val: 1.2113
Run:01 Epoch: 0582 loss_train: 0.9162 loss_val: 1.2061
Run:01 Epoch: 0583 loss_train: 0.9075 loss_val: 1.2030
Run:01 Epoch: 0584 loss_train: 0.9134 loss_val: 1.2015
Run:01 Epoch: 0585 loss_train: 0.9143 loss_val: 1.2011
Run:01 Epoch: 0586 loss_train: 0.9105 loss_val: 1.2024
Run:01 Epoch: 0587 loss_train: 0.9094 loss_val: 1.2038
Run:01 Epoch: 0588 loss_train: 0.9058 loss_val: 1.2045
Run:01 Epoch: 0589 loss_train: 0.9048 loss_val: 1.2044
Run:01 Epoch: 0590 loss_train: 0.9046 loss_val: 1.2024
Run:01 Epoch: 0591 loss_train: 0.9102 loss_val: 1.1976
Run:01 Epoch: 0592 loss_train: 0.9001 loss_val: 1.1933
Run:01 Epoch: 0593 loss_train: 0.9011 loss_val: 1.1922
Run:01 Epoch: 0594 loss_train: 0.9004 loss_val: 1.1933
Run:01 Epoch: 0595 loss_train: 0.9030 loss_val: 1.1952
Run:01 Epoch: 0596 loss_train: 0.9064 loss_val: 1.1976
Run:01 Epoch: 0597 loss_train: 0.8964 loss_val: 1.1992
Run:01 Epoch: 0598 loss_train: 0.9081 loss_val: 1.1992
Run:01 Epoch: 0599 loss_train: 0.8997 loss_val: 1.1978
Run:01 Epoch: 0600 loss_train: 0.9032 loss_val: 1.1962
Run:01 Epoch: 0601 loss_train: 0.8996 loss_val: 1.1955
Run:01 Epoch: 0602 loss_train: 0.8989 loss_val: 1.1950
Run:01 Epoch: 0603 loss_train: 0.8933 loss_val: 1.1947
Run:01 Epoch: 0604 loss_train: 0.8995 loss_val: 1.1950
Run:01 Epoch: 0605 loss_train: 0.8976 loss_val: 1.1948
Run:01 Epoch: 0606 loss_train: 0.8940 loss_val: 1.1951
Run:01 Epoch: 0607 loss_train: 0.8902 loss_val: 1.1956
Run:01 Epoch: 0608 loss_train: 0.8985 loss_val: 1.1959
Run:01 Epoch: 0609 loss_train: 0.8982 loss_val: 1.1960
Run:01 Epoch: 0610 loss_train: 0.8931 loss_val: 1.1940
Run:01 Epoch: 0611 loss_train: 0.8917 loss_val: 1.1915
Run:01 Epoch: 0612 loss_train: 0.8939 loss_val: 1.1917
Run:01 Epoch: 0613 loss_train: 0.8905 loss_val: 1.1924
Run:01 Epoch: 0614 loss_train: 0.8924 loss_val: 1.1957
Run:01 Epoch: 0615 loss_train: 0.8853 loss_val: 1.1998
Run:01 Epoch: 0616 loss_train: 0.8897 loss_val: 1.2042
Run:01 Epoch: 0617 loss_train: 0.8939 loss_val: 1.2053
Run:01 Epoch: 0618 loss_train: 0.8911 loss_val: 1.2049
Run:01 Epoch: 0619 loss_train: 0.8829 loss_val: 1.2038
Run:01 Epoch: 0620 loss_train: 0.8909 loss_val: 1.1994
Run:01 Epoch: 0621 loss_train: 0.8834 loss_val: 1.1956
Run:01 Epoch: 0622 loss_train: 0.8856 loss_val: 1.1939
Run:01 Epoch: 0623 loss_train: 0.8907 loss_val: 1.1929
Run:01 Epoch: 0624 loss_train: 0.8925 loss_val: 1.1941
Run:01 Epoch: 0625 loss_train: 0.8911 loss_val: 1.1952
Run:01 Epoch: 0626 loss_train: 0.8867 loss_val: 1.1961
Run:01 Epoch: 0627 loss_train: 0.8889 loss_val: 1.1957
Run:01 Epoch: 0628 loss_train: 0.8848 loss_val: 1.1933
Run:01 Epoch: 0629 loss_train: 0.8780 loss_val: 1.1913
Run:01 Epoch: 0630 loss_train: 0.8807 loss_val: 1.1909
Run:01 Epoch: 0631 loss_train: 0.8798 loss_val: 1.1919
Run:01 Epoch: 0632 loss_train: 0.8896 loss_val: 1.1946
Run:01 Epoch: 0633 loss_train: 0.8813 loss_val: 1.1979
Run:01 Epoch: 0634 loss_train: 0.8853 loss_val: 1.1992
Run:01 Epoch: 0635 loss_train: 0.8790 loss_val: 1.1986
Run:01 Epoch: 0636 loss_train: 0.8846 loss_val: 1.1949
Run:01 Epoch: 0637 loss_train: 0.8822 loss_val: 1.1921
Run:01 Epoch: 0638 loss_train: 0.8779 loss_val: 1.1905
Run:01 Epoch: 0639 loss_train: 0.8800 loss_val: 1.1895
Run:01 Epoch: 0640 loss_train: 0.8776 loss_val: 1.1899
Run:01 Epoch: 0641 loss_train: 0.8796 loss_val: 1.1908
Run:01 Epoch: 0642 loss_train: 0.8753 loss_val: 1.1919
Run:01 Epoch: 0643 loss_train: 0.8806 loss_val: 1.1925
Run:01 Epoch: 0644 loss_train: 0.8758 loss_val: 1.1966
Run:01 Epoch: 0645 loss_train: 0.8754 loss_val: 1.2003
Run:01 Epoch: 0646 loss_train: 0.8803 loss_val: 1.2017
Run:01 Epoch: 0647 loss_train: 0.8753 loss_val: 1.2033
Run:01 Epoch: 0648 loss_train: 0.8782 loss_val: 1.2039
Run:01 Epoch: 0649 loss_train: 0.8759 loss_val: 1.2042
Run:01 Epoch: 0650 loss_train: 0.8768 loss_val: 1.2017
Run:01 Epoch: 0651 loss_train: 0.8757 loss_val: 1.2006
Run:01 Epoch: 0652 loss_train: 0.8727 loss_val: 1.1997
Run:01 Epoch: 0653 loss_train: 0.8685 loss_val: 1.2007
Run:01 Epoch: 0654 loss_train: 0.8738 loss_val: 1.2012
Run:01 Epoch: 0655 loss_train: 0.8678 loss_val: 1.2001
Run:01 Epoch: 0656 loss_train: 0.8702 loss_val: 1.1982
Run:01 Epoch: 0657 loss_train: 0.8712 loss_val: 1.1952
Run:01 Epoch: 0658 loss_train: 0.8666 loss_val: 1.1921
Run:01 Epoch: 0659 loss_train: 0.8675 loss_val: 1.1893
Run:01 Epoch: 0660 loss_train: 0.8654 loss_val: 1.1867
Run:01 Epoch: 0661 loss_train: 0.8707 loss_val: 1.1866
Run:01 Epoch: 0662 loss_train: 0.8687 loss_val: 1.1880
Run:01 Epoch: 0663 loss_train: 0.8646 loss_val: 1.1921
Run:01 Epoch: 0664 loss_train: 0.8651 loss_val: 1.1962
Run:01 Epoch: 0665 loss_train: 0.8616 loss_val: 1.1977
Run:01 Epoch: 0666 loss_train: 0.8623 loss_val: 1.1969
Run:01 Epoch: 0667 loss_train: 0.8657 loss_val: 1.1951
Run:01 Epoch: 0668 loss_train: 0.8656 loss_val: 1.1918
Run:01 Epoch: 0669 loss_train: 0.8613 loss_val: 1.1881
Run:01 Epoch: 0670 loss_train: 0.8581 loss_val: 1.1871
Run:01 Epoch: 0671 loss_train: 0.8621 loss_val: 1.1887
Run:01 Epoch: 0672 loss_train: 0.8619 loss_val: 1.1913
Run:01 Epoch: 0673 loss_train: 0.8626 loss_val: 1.1931
Run:01 Epoch: 0674 loss_train: 0.8623 loss_val: 1.1931
Run:01 Epoch: 0675 loss_train: 0.8645 loss_val: 1.1920
Run:01 Epoch: 0676 loss_train: 0.8649 loss_val: 1.1926
Run:01 Epoch: 0677 loss_train: 0.8605 loss_val: 1.1919
Run:01 Epoch: 0678 loss_train: 0.8584 loss_val: 1.1906
Run:01 Epoch: 0679 loss_train: 0.8624 loss_val: 1.1899
Run:01 Epoch: 0680 loss_train: 0.8574 loss_val: 1.1889
Run:01 Epoch: 0681 loss_train: 0.8533 loss_val: 1.1886
Run:01 Epoch: 0682 loss_train: 0.8563 loss_val: 1.1890
Run:01 Epoch: 0683 loss_train: 0.8532 loss_val: 1.1904
Run:01 Epoch: 0684 loss_train: 0.8512 loss_val: 1.1909
Run:01 Epoch: 0685 loss_train: 0.8542 loss_val: 1.1909
Run:01 Epoch: 0686 loss_train: 0.8528 loss_val: 1.1908
Run:01 Epoch: 0687 loss_train: 0.8504 loss_val: 1.1899
Run:01 Epoch: 0688 loss_train: 0.8521 loss_val: 1.1891
Run:01 Epoch: 0689 loss_train: 0.8717 loss_val: 1.1938
Run:01 Epoch: 0690 loss_train: 0.8579 loss_val: 1.1977
Run:01 Epoch: 0691 loss_train: 0.8509 loss_val: 1.1997
Run:01 Epoch: 0692 loss_train: 0.8547 loss_val: 1.2021
Run:01 Epoch: 0693 loss_train: 0.8572 loss_val: 1.2043
Run:01 Epoch: 0694 loss_train: 0.8507 loss_val: 1.2043
Run:01 Epoch: 0695 loss_train: 0.8573 loss_val: 1.1953
Run:01 Epoch: 0696 loss_train: 0.8507 loss_val: 1.1898
Run:01 Epoch: 0697 loss_train: 0.8507 loss_val: 1.1872
Run:01 Epoch: 0698 loss_train: 0.8572 loss_val: 1.1854
Run:01 Epoch: 0699 loss_train: 0.8615 loss_val: 1.1875
Run:01 Epoch: 0700 loss_train: 0.8463 loss_val: 1.1918
Run:01 Epoch: 0701 loss_train: 0.8507 loss_val: 1.1958
Run:01 Epoch: 0702 loss_train: 0.8581 loss_val: 1.1868
Run:01 Epoch: 0703 loss_train: 0.8491 loss_val: 1.1829
Run:01 Epoch: 0704 loss_train: 0.8515 loss_val: 1.1831
Run:01 Epoch: 0705 loss_train: 0.8539 loss_val: 1.1824
Run:01 Epoch: 0706 loss_train: 0.8481 loss_val: 1.1842
Run:01 Epoch: 0707 loss_train: 0.8411 loss_val: 1.1903
Run:01 Epoch: 0708 loss_train: 0.8398 loss_val: 1.1960
Run:01 Epoch: 0709 loss_train: 0.8494 loss_val: 1.1987
Run:01 Epoch: 0710 loss_train: 0.8453 loss_val: 1.1979
Run:01 Epoch: 0711 loss_train: 0.8487 loss_val: 1.1934
Run:01 Epoch: 0712 loss_train: 0.8442 loss_val: 1.1877
Run:01 Epoch: 0713 loss_train: 0.8458 loss_val: 1.1852
Run:01 Epoch: 0714 loss_train: 0.8476 loss_val: 1.1849
Run:01 Epoch: 0715 loss_train: 0.8516 loss_val: 1.1851
Run:01 Epoch: 0716 loss_train: 0.8486 loss_val: 1.1870
Run:01 Epoch: 0717 loss_train: 0.8413 loss_val: 1.1889
Run:01 Epoch: 0718 loss_train: 0.8457 loss_val: 1.1906
Run:01 Epoch: 0719 loss_train: 0.8352 loss_val: 1.1896
Run:01 Epoch: 0720 loss_train: 0.8387 loss_val: 1.1858
Run:01 Epoch: 0721 loss_train: 0.8427 loss_val: 1.1816
Run:01 Epoch: 0722 loss_train: 0.8358 loss_val: 1.1810
Run:01 Epoch: 0723 loss_train: 0.8391 loss_val: 1.1826
Run:01 Epoch: 0724 loss_train: 0.8404 loss_val: 1.1850
Run:01 Epoch: 0725 loss_train: 0.8346 loss_val: 1.1875
Run:01 Epoch: 0726 loss_train: 0.8363 loss_val: 1.1905
Run:01 Epoch: 0727 loss_train: 0.8341 loss_val: 1.1951
Run:01 Epoch: 0728 loss_train: 0.8318 loss_val: 1.1968
Run:01 Epoch: 0729 loss_train: 0.8286 loss_val: 1.1964
Run:01 Epoch: 0730 loss_train: 0.8371 loss_val: 1.1944
Run:01 Epoch: 0731 loss_train: 0.8245 loss_val: 1.1927
Run:01 Epoch: 0732 loss_train: 0.8303 loss_val: 1.1910
Run:01 Epoch: 0733 loss_train: 0.8300 loss_val: 1.1900
Run:01 Epoch: 0734 loss_train: 0.8347 loss_val: 1.1900
Run:01 Epoch: 0735 loss_train: 0.8339 loss_val: 1.1904
Run:01 Epoch: 0736 loss_train: 0.8343 loss_val: 1.1896
Run:01 Epoch: 0737 loss_train: 0.8310 loss_val: 1.1894
Run:01 Epoch: 0738 loss_train: 0.8341 loss_val: 1.1900
Run:01 Epoch: 0739 loss_train: 0.8296 loss_val: 1.1899
Run:01 Epoch: 0740 loss_train: 0.8284 loss_val: 1.1897
Run:01 Epoch: 0741 loss_train: 0.8294 loss_val: 1.1908
Run:01 Epoch: 0742 loss_train: 0.8313 loss_val: 1.1900
Run:01 Epoch: 0743 loss_train: 0.8334 loss_val: 1.1888
Run:01 Epoch: 0744 loss_train: 0.8268 loss_val: 1.1876
Run:01 Epoch: 0745 loss_train: 0.8311 loss_val: 1.1877
Run:01 Epoch: 0746 loss_train: 0.8237 loss_val: 1.1892
Run:01 Epoch: 0747 loss_train: 0.8286 loss_val: 1.1916
Run:01 Epoch: 0748 loss_train: 0.8301 loss_val: 1.1928
Run:01 Epoch: 0749 loss_train: 0.8302 loss_val: 1.1924
Run:01 Epoch: 0750 loss_train: 0.8248 loss_val: 1.1907
Run:01 Epoch: 0751 loss_train: 0.8228 loss_val: 1.1903
Run:01 Epoch: 0752 loss_train: 0.8235 loss_val: 1.1897
Run:01 Epoch: 0753 loss_train: 0.8224 loss_val: 1.1893
Run:01 Epoch: 0754 loss_train: 0.8212 loss_val: 1.1880
Run:01 Epoch: 0755 loss_train: 0.8249 loss_val: 1.1861
Run:01 Epoch: 0756 loss_train: 0.8201 loss_val: 1.1851
Run:01 Epoch: 0757 loss_train: 0.8260 loss_val: 1.1851
Run:01 Epoch: 0758 loss_train: 0.8158 loss_val: 1.1841
Run:01 Epoch: 0759 loss_train: 0.8189 loss_val: 1.1833
Run:01 Epoch: 0760 loss_train: 0.8154 loss_val: 1.1811
Run:01 Epoch: 0761 loss_train: 0.8210 loss_val: 1.1821
Run:01 Epoch: 0762 loss_train: 0.8201 loss_val: 1.1829
Run:01 Epoch: 0763 loss_train: 0.8195 loss_val: 1.1838
Run:01 Epoch: 0764 loss_train: 0.8141 loss_val: 1.1859
Run:01 Epoch: 0765 loss_train: 0.8210 loss_val: 1.1871
Run:01 Epoch: 0766 loss_train: 0.8178 loss_val: 1.1869
Run:01 Epoch: 0767 loss_train: 0.8140 loss_val: 1.1863
Run:01 Epoch: 0768 loss_train: 0.8171 loss_val: 1.1869
Run:01 Epoch: 0769 loss_train: 0.8133 loss_val: 1.1885
Run:01 Epoch: 0770 loss_train: 0.8164 loss_val: 1.1892
Run:01 Epoch: 0771 loss_train: 0.8179 loss_val: 1.1877
Run:01 Epoch: 0772 loss_train: 0.8117 loss_val: 1.1855
Run:01 Epoch: 0773 loss_train: 0.8132 loss_val: 1.1847
Run:01 Epoch: 0774 loss_train: 0.8135 loss_val: 1.1843
Run:01 Epoch: 0775 loss_train: 0.8095 loss_val: 1.1848
Run:01 Epoch: 0776 loss_train: 0.8125 loss_val: 1.1856
Run:01 Epoch: 0777 loss_train: 0.8150 loss_val: 1.1860
Run:01 Epoch: 0778 loss_train: 0.8113 loss_val: 1.1869
Run:01 Epoch: 0779 loss_train: 0.8075 loss_val: 1.1872
Run:01 Epoch: 0780 loss_train: 0.8104 loss_val: 1.1874
Run:01 Epoch: 0781 loss_train: 0.8096 loss_val: 1.1857
Run:01 Epoch: 0782 loss_train: 0.8118 loss_val: 1.1836
Run:01 Epoch: 0783 loss_train: 0.8091 loss_val: 1.1842
Run:01 Epoch: 0784 loss_train: 0.8090 loss_val: 1.1845
Run:01 Epoch: 0785 loss_train: 0.8135 loss_val: 1.1859
Run:01 Epoch: 0786 loss_train: 0.8152 loss_val: 1.1871
Run:01 Epoch: 0787 loss_train: 0.8080 loss_val: 1.1869
Run:01 Epoch: 0788 loss_train: 0.8017 loss_val: 1.1855
Run:01 Epoch: 0789 loss_train: 0.8079 loss_val: 1.1841
Run:01 Epoch: 0790 loss_train: 0.8045 loss_val: 1.1839
Run:01 Epoch: 0791 loss_train: 0.8097 loss_val: 1.1865
Run:01 Epoch: 0792 loss_train: 0.8067 loss_val: 1.1882
Run:01 Epoch: 0793 loss_train: 0.8025 loss_val: 1.1895
Run:01 Epoch: 0794 loss_train: 0.8081 loss_val: 1.1889
Run:01 Epoch: 0795 loss_train: 0.8038 loss_val: 1.1881
Run:01 Epoch: 0796 loss_train: 0.7995 loss_val: 1.1869
Run:01 Epoch: 0797 loss_train: 0.8014 loss_val: 1.1859
Run:01 Epoch: 0798 loss_train: 0.8045 loss_val: 1.1861
Run:01 Epoch: 0799 loss_train: 0.7974 loss_val: 1.1849
Run:01 Epoch: 0800 loss_train: 0.8012 loss_val: 1.1823
Run:01 Epoch: 0801 loss_train: 0.8040 loss_val: 1.1813
Run:01 Epoch: 0802 loss_train: 0.7983 loss_val: 1.1805
Run:01 Epoch: 0803 loss_train: 0.8045 loss_val: 1.1816
Run:01 Epoch: 0804 loss_train: 0.8007 loss_val: 1.1826
Run:01 Epoch: 0805 loss_train: 0.7949 loss_val: 1.1856
Run:01 Epoch: 0806 loss_train: 0.8099 loss_val: 1.1930
Run:01 Epoch: 0807 loss_train: 0.8004 loss_val: 1.1989
Run:01 Epoch: 0808 loss_train: 0.8017 loss_val: 1.2044
Run:01 Epoch: 0809 loss_train: 0.8000 loss_val: 1.2063
Run:01 Epoch: 0810 loss_train: 0.8008 loss_val: 1.2066
Run:01 Epoch: 0811 loss_train: 0.8017 loss_val: 1.2058
Run:01 Epoch: 0812 loss_train: 0.8006 loss_val: 1.2016
Run:01 Epoch: 0813 loss_train: 0.7991 loss_val: 1.1978
Run:01 Epoch: 0814 loss_train: 0.8060 loss_val: 1.1935
Run:01 Epoch: 0815 loss_train: 0.7998 loss_val: 1.1917
Run:01 Epoch: 0816 loss_train: 0.8061 loss_val: 1.1910
Run:01 Epoch: 0817 loss_train: 0.7957 loss_val: 1.1911
Run:01 Epoch: 0818 loss_train: 0.7975 loss_val: 1.1914
Run:01 Epoch: 0819 loss_train: 0.7955 loss_val: 1.1914
Run:01 Epoch: 0820 loss_train: 0.7941 loss_val: 1.1909
Run:01 Epoch: 0821 loss_train: 0.7929 loss_val: 1.1899
Run:01 Epoch: 0822 loss_train: 0.7946 loss_val: 1.1875
Run:01 Epoch: 0823 loss_train: 0.7935 loss_val: 1.1871
Run:01 Epoch: 0824 loss_train: 0.7913 loss_val: 1.1857
Run:01 Epoch: 0825 loss_train: 0.7934 loss_val: 1.1841
Run:01 Epoch: 0826 loss_train: 0.7896 loss_val: 1.1839
Run:01 Epoch: 0827 loss_train: 0.7884 loss_val: 1.1852
Run:01 Epoch: 0828 loss_train: 0.7923 loss_val: 1.1866
Run:01 Epoch: 0829 loss_train: 0.7862 loss_val: 1.1870
Run:01 Epoch: 0830 loss_train: 0.7918 loss_val: 1.1869
Run:01 Epoch: 0831 loss_train: 0.7916 loss_val: 1.1868
Run:01 Epoch: 0832 loss_train: 0.7896 loss_val: 1.1864
Run:01 Epoch: 0833 loss_train: 0.7919 loss_val: 1.1853
Run:01 Epoch: 0834 loss_train: 0.7918 loss_val: 1.1851
Run:01 Epoch: 0835 loss_train: 0.7865 loss_val: 1.1849
Run:01 Epoch: 0836 loss_train: 0.7880 loss_val: 1.1827
Run:01 Epoch: 0837 loss_train: 0.7901 loss_val: 1.1788
Run:01 Epoch: 0838 loss_train: 0.7929 loss_val: 1.1787
Run:01 Epoch: 0839 loss_train: 0.7900 loss_val: 1.1810
Run:01 Epoch: 0840 loss_train: 0.7934 loss_val: 1.1863
Run:01 Epoch: 0841 loss_train: 0.7858 loss_val: 1.1918
Run:01 Epoch: 0842 loss_train: 0.7842 loss_val: 1.1975
Run:01 Epoch: 0843 loss_train: 0.7811 loss_val: 1.2011
Run:01 Epoch: 0844 loss_train: 0.7839 loss_val: 1.2005
Run:01 Epoch: 0845 loss_train: 0.7850 loss_val: 1.1979
Run:01 Epoch: 0846 loss_train: 0.7860 loss_val: 1.1950
Run:01 Epoch: 0847 loss_train: 0.7776 loss_val: 1.1928
Run:01 Epoch: 0848 loss_train: 0.7812 loss_val: 1.1905
Run:01 Epoch: 0849 loss_train: 0.7836 loss_val: 1.1884
Run:01 Epoch: 0850 loss_train: 0.7860 loss_val: 1.1865
Run:01 Epoch: 0851 loss_train: 0.7825 loss_val: 1.1867
Run:01 Epoch: 0852 loss_train: 0.7826 loss_val: 1.1891
Run:01 Epoch: 0853 loss_train: 0.7837 loss_val: 1.1907
Run:01 Epoch: 0854 loss_train: 0.7783 loss_val: 1.1897
Run:01 Epoch: 0855 loss_train: 0.7778 loss_val: 1.1879
Run:01 Epoch: 0856 loss_train: 0.7798 loss_val: 1.1857
Run:01 Epoch: 0857 loss_train: 0.7765 loss_val: 1.1838
Run:01 Epoch: 0858 loss_train: 0.7744 loss_val: 1.1826
Run:01 Epoch: 0859 loss_train: 0.7720 loss_val: 1.1825
Run:01 Epoch: 0860 loss_train: 0.7764 loss_val: 1.1830
Run:01 Epoch: 0861 loss_train: 0.7774 loss_val: 1.1854
Run:01 Epoch: 0862 loss_train: 0.7747 loss_val: 1.1866
Run:01 Epoch: 0863 loss_train: 0.7853 loss_val: 1.1879
Run:01 Epoch: 0864 loss_train: 0.7749 loss_val: 1.1875
Run:01 Epoch: 0865 loss_train: 0.7768 loss_val: 1.1866
Run:01 Epoch: 0866 loss_train: 0.7755 loss_val: 1.1857
Run:01 Epoch: 0867 loss_train: 0.7929 loss_val: 1.1847
Run:01 Epoch: 0868 loss_train: 0.7745 loss_val: 1.1842
Run:01 Epoch: 0869 loss_train: 0.7769 loss_val: 1.1842
Run:01 Epoch: 0870 loss_train: 0.7740 loss_val: 1.1845
Run:01 Epoch: 0871 loss_train: 0.7757 loss_val: 1.1863
Run:01 Epoch: 0872 loss_train: 0.7742 loss_val: 1.1885
Run:01 Epoch: 0873 loss_train: 0.7709 loss_val: 1.1910
Run:01 Epoch: 0874 loss_train: 0.7697 loss_val: 1.1930
Run:01 Epoch: 0875 loss_train: 0.7784 loss_val: 1.1929
Run:01 Epoch: 0876 loss_train: 0.7720 loss_val: 1.1923
Run:01 Epoch: 0877 loss_train: 0.7671 loss_val: 1.1915
Run:01 Epoch: 0878 loss_train: 0.7680 loss_val: 1.1898
Run:01 Epoch: 0879 loss_train: 0.7726 loss_val: 1.1873
Run:01 Epoch: 0880 loss_train: 0.7738 loss_val: 1.1836
Run:01 Epoch: 0881 loss_train: 0.7679 loss_val: 1.1818
Run:01 Epoch: 0882 loss_train: 0.7692 loss_val: 1.1813
Run:01 Epoch: 0883 loss_train: 0.7701 loss_val: 1.1825
Run:01 Epoch: 0884 loss_train: 0.7694 loss_val: 1.1832
Run:01 Epoch: 0885 loss_train: 0.7670 loss_val: 1.1831
Run:01 Epoch: 0886 loss_train: 0.7643 loss_val: 1.1834
Run:01 Epoch: 0887 loss_train: 0.7687 loss_val: 1.1838
Run:01 Epoch: 0888 loss_train: 0.7661 loss_val: 1.1835
Run:01 Epoch: 0889 loss_train: 0.7702 loss_val: 1.1830
Run:01 Epoch: 0890 loss_train: 0.7656 loss_val: 1.1837
Run:01 Epoch: 0891 loss_train: 0.7629 loss_val: 1.1854
Run:01 Epoch: 0892 loss_train: 0.7674 loss_val: 1.1890
Run:01 Epoch: 0893 Run Train: 100%|██████████| 1/1 [2:10:56<00:00, 7856.53s/it]Run Train: 100%|██████████| 1/1 [2:10:56<00:00, 7856.53s/it]
loss_train: 0.7667 loss_val: 1.1906
Run:01 Epoch: 0894 loss_train: 0.7664 loss_val: 1.1889
Run:01 Epoch: 0895 loss_train: 0.7627 loss_val: 1.1847
Run:01 Epoch: 0896 loss_train: 0.7643 loss_val: 1.1809
Run:01 Epoch: 0897 loss_train: 0.7605 loss_val: 1.1779
Run:01 Epoch: 0898 loss_train: 0.7600 loss_val: 1.1776
Run:01 Epoch: 0899 loss_train: 0.7594 loss_val: 1.1787
Run:01 Epoch: 0900 loss_train: 0.7592 loss_val: 1.1816
Run:01 Epoch: 0901 loss_train: 0.7555 loss_val: 1.1845
Run:01 Epoch: 0902 loss_train: 0.7651 loss_val: 1.1854
Run:01 Epoch: 0903 loss_train: 0.7593 loss_val: 1.1848
Run:01 Epoch: 0904 loss_train: 0.7584 loss_val: 1.1830
Run:01 Epoch: 0905 loss_train: 0.7612 loss_val: 1.1810
Run:01 Epoch: 0906 loss_train: 0.7539 loss_val: 1.1806
Run:01 Epoch: 0907 loss_train: 0.7555 loss_val: 1.1808
Run:01 Epoch: 0908 loss_train: 0.7575 loss_val: 1.1822
Run:01 Epoch: 0909 loss_train: 0.7598 loss_val: 1.1864
Run:01 Epoch: 0910 loss_train: 0.7607 loss_val: 1.1903
Run:01 Epoch: 0911 loss_train: 0.7621 loss_val: 1.1934
Run:01 Epoch: 0912 loss_train: 0.7566 loss_val: 1.1964
Run:01 Epoch: 0913 loss_train: 0.7572 loss_val: 1.1994
Run:01 Epoch: 0914 loss_train: 0.7542 loss_val: 1.2018
Run:01 Epoch: 0915 loss_train: 0.7616 loss_val: 1.2012
Run:01 Epoch: 0916 loss_train: 0.7581 loss_val: 1.1981
Run:01 Epoch: 0917 loss_train: 0.7670 loss_val: 1.1902
Run:01 Epoch: 0918 loss_train: 0.7541 loss_val: 1.1834
Run:01 Epoch: 0919 loss_train: 0.7596 loss_val: 1.1786
Run:01 Epoch: 0920 loss_train: 0.7528 loss_val: 1.1766
Run:01 Epoch: 0921 loss_train: 0.7583 loss_val: 1.1772
Run:01 Epoch: 0922 loss_train: 0.7502 loss_val: 1.1786
Run:01 Epoch: 0923 loss_train: 0.7570 loss_val: 1.1803
Run:01 Epoch: 0924 loss_train: 0.7558 loss_val: 1.1834
Run:01 Epoch: 0925 loss_train: 0.7527 loss_val: 1.1872
Run:01 Epoch: 0926 loss_train: 0.7594 loss_val: 1.1891
Run:01 Epoch: 0927 loss_train: 0.7486 loss_val: 1.1896
Run:01 Epoch: 0928 loss_train: 0.7560 loss_val: 1.1866
Run:01 Epoch: 0929 loss_train: 0.7513 loss_val: 1.1844
Run:01 Epoch: 0930 loss_train: 0.7561 loss_val: 1.1824
Run:01 Epoch: 0931 loss_train: 0.7519 loss_val: 1.1810
Run:01 Epoch: 0932 loss_train: 0.7461 loss_val: 1.1806
Run:01 Epoch: 0933 loss_train: 0.7538 loss_val: 1.1826
Run:01 Epoch: 0934 loss_train: 0.7532 loss_val: 1.1835
Run:01 Epoch: 0935 loss_train: 0.7514 loss_val: 1.1839
Run:01 Epoch: 0936 loss_train: 0.7481 loss_val: 1.1823
Run:01 Epoch: 0937 loss_train: 0.7503 loss_val: 1.1789
Run:01 Epoch: 0938 loss_train: 0.7434 loss_val: 1.1778
Run:01 Epoch: 0939 loss_train: 0.7641 loss_val: 1.1830
Run:01 Epoch: 0940 loss_train: 0.7508 loss_val: 1.1889
Run:01 Epoch: 0941 loss_train: 0.7506 loss_val: 1.1956
Run:01 Epoch: 0942 loss_train: 0.7450 loss_val: 1.2022
Run:01 Epoch: 0943 loss_train: 0.7487 loss_val: 1.2043
Run:01 Epoch: 0944 loss_train: 0.7535 loss_val: 1.2022
Run:01 Epoch: 0945 loss_train: 0.7528 loss_val: 1.1985
Run:01 Epoch: 0946 loss_train: 0.7475 loss_val: 1.1935
Run:01 Epoch: 0947 loss_train: 0.7405 loss_val: 1.1875
Run:01 Epoch: 0948 loss_train: 0.7457 loss_val: 1.1833
Run:01 Epoch: 0949 loss_train: 0.7448 loss_val: 1.1811
Run:01 Epoch: 0950 loss_train: 0.7458 loss_val: 1.1821
Run:01 Epoch: 0951 loss_train: 0.7444 loss_val: 1.1860
Run:01 Epoch: 0952 loss_train: 0.7410 loss_val: 1.1897
Run:01 Epoch: 0953 loss_train: 0.7438 loss_val: 1.1910
Run:01 Epoch: 0954 loss_train: 0.7427 loss_val: 1.1904
Run:01 Epoch: 0955 loss_train: 0.7391 loss_val: 1.1893
Run:01 Epoch: 0956 loss_train: 0.7413 loss_val: 1.1863
Run:01 Epoch: 0957 loss_train: 0.7413 loss_val: 1.1839
Run:01 Epoch: 0958 loss_train: 0.7384 loss_val: 1.1839
Run:01 Epoch: 0959 loss_train: 0.7426 loss_val: 1.1855
Run:01 Epoch: 0960 loss_train: 0.7436 loss_val: 1.1881
Run:01 Epoch: 0961 loss_train: 0.7376 loss_val: 1.1895
Run:01 Epoch: 0962 loss_train: 0.7374 loss_val: 1.1856
Run:01 Epoch: 0963 loss_train: 0.7403 loss_val: 1.1810
Run:01 Epoch: 0964 loss_train: 0.7381 loss_val: 1.1765
Run:01 Epoch: 0965 loss_train: 0.7385 loss_val: 1.1716
Run:01 Epoch: 0966 loss_train: 0.7425 loss_val: 1.1700
Run:01 Epoch: 0967 loss_train: 0.7389 loss_val: 1.1708
Run:01 Epoch: 0968 loss_train: 0.7457 loss_val: 1.1773
Run:01 Epoch: 0969 loss_train: 0.7374 loss_val: 1.1854
Run:01 Epoch: 0970 loss_train: 0.7338 loss_val: 1.1907
Run:01 Epoch: 0971 loss_train: 0.7368 loss_val: 1.1937
Run:01 Epoch: 0972 loss_train: 0.7438 loss_val: 1.1937
Run:01 Epoch: 0973 loss_train: 0.7391 loss_val: 1.1934
Run:01 Epoch: 0974 loss_train: 0.7423 loss_val: 1.1911
Run:01 Epoch: 0975 loss_train: 0.7409 loss_val: 1.1895
Run:01 Epoch: 0976 loss_train: 0.7409 loss_val: 1.1892
Run:01 Epoch: 0977 loss_train: 0.7377 loss_val: 1.1892
Run:01 Epoch: 0978 loss_train: 0.7330 loss_val: 1.1895
Run:01 Epoch: 0979 loss_train: 0.7416 loss_val: 1.1891
Run:01 Epoch: 0980 loss_train: 0.7383 loss_val: 1.1901
Run:01 Epoch: 0981 loss_train: 0.7309 loss_val: 1.1927
Run:01 Epoch: 0982 loss_train: 0.7341 loss_val: 1.1958
Run:01 Epoch: 0983 loss_train: 0.7365 loss_val: 1.1970
Run:01 Epoch: 0984 loss_train: 0.7404 loss_val: 1.1959
Run:01 Epoch: 0985 loss_train: 0.7307 loss_val: 1.1945
Run:01 Epoch: 0986 loss_train: 0.7317 loss_val: 1.1914
Run:01 Epoch: 0987 loss_train: 0.7268 loss_val: 1.1894
Run:01 Epoch: 0988 loss_train: 0.7326 loss_val: 1.1863
Run:01 Epoch: 0989 loss_train: 0.7344 loss_val: 1.1853
Run:01 Epoch: 0990 loss_train: 0.7308 loss_val: 1.1879
Run:01 Epoch: 0991 loss_train: 0.7265 loss_val: 1.1915
Run:01 Epoch: 0992 loss_train: 0.7277 loss_val: 1.1915
Run:01 Epoch: 0993 loss_train: 0.7313 loss_val: 1.1904
Run:01 Epoch: 0994 loss_train: 0.7231 loss_val: 1.1868
Run:01 Epoch: 0995 loss_train: 0.7235 loss_val: 1.1849
Run:01 Epoch: 0996 loss_train: 0.7274 loss_val: 1.1844
Run:01 Epoch: 0997 loss_train: 0.7206 loss_val: 1.1850
Run:01 Epoch: 0998 loss_train: 0.7293 loss_val: 1.1876
Run:01 Epoch: 0999 loss_train: 0.7257 loss_val: 1.1903
Run:01 Epoch: 1000 loss_train: 0.7250 loss_val: 1.1928
test acc: 0.6884057971014492 test acc std 0.0


test micro f1: 0.6884057971014492 test macro f1 0.6338442139209554
