Hypergraph(num_v=2708, num_e=970)
X dim: torch.Size([2708, 1433])
labels: 7
net:HGNN(
  (layers): ModuleList(
    (0): HGNNConv(
      (bn): BatchNorm1d(64, eps=1e-05, momentum=0.1, affine=True, track_running_stats=True)
      (act): ReLU(inplace=True)
      (drop): Dropout(p=0.5, inplace=False)
      (theta): Linear(in_features=1433, out_features=64, bias=True)
    )
    (1): HGNNConv(
      (bn): BatchNorm1d(7, eps=1e-05, momentum=0.1, affine=True, track_running_stats=True)
      (act): ReLU(inplace=True)
      (drop): Dropout(p=0.5, inplace=False)
      (theta): Linear(in_features=64, out_features=7, bias=True)
    )
  )
)
Epoch: 0, LR: 0.001, Loss: 2.07189, Val Loss: 2.07189, Validation Accuracy: 0.2952029520295203
update best: 0.29520
update best: 0.37638
Epoch: 10, LR: 0.001, Loss: 0.97600, Val Loss: 0.97600, Validation Accuracy: 0.14022140221402213
Epoch: 20, LR: 0.001, Loss: 0.88046, Val Loss: 0.88046, Validation Accuracy: 0.2029520295202952
Epoch: 30, LR: 0.001, Loss: 0.83765, Val Loss: 0.83765, Validation Accuracy: 0.12546125461254612
Epoch: 40, LR: 0.001, Loss: 0.81248, Val Loss: 0.81248, Validation Accuracy: 0.18450184501845018
Epoch: 50, LR: 0.001, Loss: 0.79176, Val Loss: 0.79176, Validation Accuracy: 0.3173431734317343
update best: 0.38376
update best: 0.39114
update best: 0.40221
update best: 0.41697
update best: 0.43173
update best: 0.44649
Epoch: 60, LR: 0.001, Loss: 0.77401, Val Loss: 0.77401, Validation Accuracy: 0.46494464944649444
update best: 0.46494
update best: 0.48339
update best: 0.49077
update best: 0.50185
update best: 0.51661
update best: 0.53875
update best: 0.56827
update best: 0.60517
update best: 0.63100
update best: 0.64945
Epoch: 70, LR: 0.001, Loss: 0.76233, Val Loss: 0.76233, Validation Accuracy: 0.6752767527675276
update best: 0.67528
update best: 0.68635
update best: 0.69004
update best: 0.70111
update best: 0.70480
update best: 0.70849
Epoch: 80, LR: 0.001, Loss: 0.75299, Val Loss: 0.75299, Validation Accuracy: 0.7084870848708487
update best: 0.71587
update best: 0.71956
Epoch: 90, LR: 0.001, Loss: 0.74276, Val Loss: 0.74276, Validation Accuracy: 0.7195571955719557
update best: 0.72325
update best: 0.72694
update best: 0.73063
Epoch: 100, LR: 0.001, Loss: 0.73339, Val Loss: 0.73339, Validation Accuracy: 0.7306273062730627
update best: 0.73432
Epoch: 110, LR: 0.001, Loss: 0.72309, Val Loss: 0.72309, Validation Accuracy: 0.7453874538745388
update best: 0.74539
Epoch: 120, LR: 0.001, Loss: 0.71282, Val Loss: 0.71282, Validation Accuracy: 0.7380073800738007
Epoch: 130, LR: 0.001, Loss: 0.70555, Val Loss: 0.70555, Validation Accuracy: 0.7380073800738007
Epoch: 140, LR: 0.001, Loss: 0.70099, Val Loss: 0.70099, Validation Accuracy: 0.7416974169741697
update best: 0.74908
Epoch: 150, LR: 0.001, Loss: 0.69390, Val Loss: 0.69390, Validation Accuracy: 0.7490774907749077
Epoch: 160, LR: 0.001, Loss: 0.68412, Val Loss: 0.68412, Validation Accuracy: 0.7453874538745388
Epoch: 170, LR: 0.001, Loss: 0.68137, Val Loss: 0.68137, Validation Accuracy: 0.7416974169741697
Epoch: 180, LR: 0.001, Loss: 0.67439, Val Loss: 0.67439, Validation Accuracy: 0.7490774907749077
Epoch: 190, LR: 0.001, Loss: 0.66755, Val Loss: 0.66755, Validation Accuracy: 0.7380073800738007

train finished!
best val: 0.74908
test...
Test Accuracy: 0.7416974169741697
Micro F1: 0.7416974169741697
Macro F1: 0.7206138317609259
Epoch: 0, LR: 0.001, Loss: 0.69751, Val Loss: 0.69751, Validation Accuracy: 0.7490774907749077
Epoch: 10, LR: 0.001, Loss: 0.69299, Val Loss: 0.69299, Validation Accuracy: 0.7453874538745388
Epoch: 20, LR: 0.001, Loss: 0.68348, Val Loss: 0.68348, Validation Accuracy: 0.7453874538745388
Epoch: 30, LR: 0.001, Loss: 0.68028, Val Loss: 0.68028, Validation Accuracy: 0.7416974169741697
Epoch: 40, LR: 0.001, Loss: 0.67459, Val Loss: 0.67459, Validation Accuracy: 0.7453874538745388
Epoch: 50, LR: 0.001, Loss: 0.66591, Val Loss: 0.66591, Validation Accuracy: 0.7453874538745388
Epoch: 60, LR: 0.001, Loss: 0.66027, Val Loss: 0.66027, Validation Accuracy: 0.7490774907749077
Epoch: 70, LR: 0.001, Loss: 0.65448, Val Loss: 0.65448, Validation Accuracy: 0.7490774907749077
update best: 0.75277
Epoch: 80, LR: 0.001, Loss: 0.64959, Val Loss: 0.64959, Validation Accuracy: 0.7490774907749077
Epoch: 90, LR: 0.001, Loss: 0.64459, Val Loss: 0.64459, Validation Accuracy: 0.7380073800738007
Epoch: 100, LR: 0.001, Loss: 0.64083, Val Loss: 0.64083, Validation Accuracy: 0.7453874538745388
Epoch: 110, LR: 0.001, Loss: 0.63854, Val Loss: 0.63854, Validation Accuracy: 0.7416974169741697
Epoch: 120, LR: 0.001, Loss: 0.63348, Val Loss: 0.63348, Validation Accuracy: 0.7490774907749077
Epoch: 130, LR: 0.001, Loss: 0.62771, Val Loss: 0.62771, Validation Accuracy: 0.7453874538745388
Epoch: 140, LR: 0.001, Loss: 0.62185, Val Loss: 0.62185, Validation Accuracy: 0.7416974169741697
Epoch: 150, LR: 0.001, Loss: 0.62133, Val Loss: 0.62133, Validation Accuracy: 0.7453874538745388
Epoch: 160, LR: 0.001, Loss: 0.61575, Val Loss: 0.61575, Validation Accuracy: 0.7453874538745388
Epoch: 170, LR: 0.001, Loss: 0.60753, Val Loss: 0.60753, Validation Accuracy: 0.7453874538745388
Epoch: 180, LR: 0.001, Loss: 0.60720, Val Loss: 0.60720, Validation Accuracy: 0.7490774907749077
Epoch: 190, LR: 0.001, Loss: 0.60512, Val Loss: 0.60512, Validation Accuracy: 0.7453874538745388

train finished!
best val: 0.75277
test...
Test Accuracy: 0.7380073800738007
Micro F1: 0.7380073800738008
Macro F1: 0.7154594283714166
Epoch: 0, LR: 0.001, Loss: 0.65259, Val Loss: 0.65259, Validation Accuracy: 0.7527675276752768
Epoch: 10, LR: 0.001, Loss: 0.64750, Val Loss: 0.64750, Validation Accuracy: 0.7490774907749077
Epoch: 20, LR: 0.001, Loss: 0.64172, Val Loss: 0.64172, Validation Accuracy: 0.7453874538745388
Epoch: 30, LR: 0.001, Loss: 0.63730, Val Loss: 0.63730, Validation Accuracy: 0.7453874538745388
Epoch: 40, LR: 0.001, Loss: 0.63444, Val Loss: 0.63444, Validation Accuracy: 0.7453874538745388
Epoch: 50, LR: 0.001, Loss: 0.62673, Val Loss: 0.62673, Validation Accuracy: 0.7380073800738007
Epoch: 60, LR: 0.001, Loss: 0.62187, Val Loss: 0.62187, Validation Accuracy: 0.7453874538745388
Epoch: 70, LR: 0.001, Loss: 0.61624, Val Loss: 0.61624, Validation Accuracy: 0.7490774907749077
Epoch: 80, LR: 0.001, Loss: 0.61549, Val Loss: 0.61549, Validation Accuracy: 0.7416974169741697
Epoch: 90, LR: 0.001, Loss: 0.60886, Val Loss: 0.60886, Validation Accuracy: 0.7453874538745388
Epoch: 100, LR: 0.001, Loss: 0.60319, Val Loss: 0.60319, Validation Accuracy: 0.7490774907749077
Epoch: 110, LR: 0.001, Loss: 0.60328, Val Loss: 0.60328, Validation Accuracy: 0.7490774907749077
Epoch: 120, LR: 0.001, Loss: 0.59656, Val Loss: 0.59656, Validation Accuracy: 0.7416974169741697
Epoch: 130, LR: 0.001, Loss: 0.59464, Val Loss: 0.59464, Validation Accuracy: 0.7453874538745388
Epoch: 140, LR: 0.001, Loss: 0.58957, Val Loss: 0.58957, Validation Accuracy: 0.7453874538745388
Epoch: 150, LR: 0.001, Loss: 0.58887, Val Loss: 0.58887, Validation Accuracy: 0.7380073800738007
Epoch: 160, LR: 0.001, Loss: 0.58431, Val Loss: 0.58431, Validation Accuracy: 0.7416974169741697
Epoch: 170, LR: 0.001, Loss: 0.58384, Val Loss: 0.58384, Validation Accuracy: 0.7416974169741697
Epoch: 180, LR: 0.001, Loss: 0.57695, Val Loss: 0.57695, Validation Accuracy: 0.7453874538745388
Epoch: 190, LR: 0.001, Loss: 0.57477, Val Loss: 0.57477, Validation Accuracy: 0.7416974169741697

train finished!
best val: 0.75277
test...
Test Accuracy: 0.7380073800738007
Micro F1: 0.7380073800738008
Macro F1: 0.7154594283714166
Epoch: 0, LR: 0.001, Loss: 0.64919, Val Loss: 0.64919, Validation Accuracy: 0.7453874538745388
Epoch: 10, LR: 0.001, Loss: 0.64692, Val Loss: 0.64692, Validation Accuracy: 0.7380073800738007
Epoch: 20, LR: 0.001, Loss: 0.63969, Val Loss: 0.63969, Validation Accuracy: 0.7453874538745388
Epoch: 30, LR: 0.001, Loss: 0.63685, Val Loss: 0.63685, Validation Accuracy: 0.7490774907749077
Epoch: 40, LR: 0.001, Loss: 0.63285, Val Loss: 0.63285, Validation Accuracy: 0.7453874538745388
Epoch: 50, LR: 0.001, Loss: 0.62517, Val Loss: 0.62517, Validation Accuracy: 0.7490774907749077
Epoch: 60, LR: 0.001, Loss: 0.62005, Val Loss: 0.62005, Validation Accuracy: 0.7453874538745388
Epoch: 70, LR: 0.001, Loss: 0.61596, Val Loss: 0.61596, Validation Accuracy: 0.7416974169741697
Epoch: 80, LR: 0.001, Loss: 0.60975, Val Loss: 0.60975, Validation Accuracy: 0.7453874538745388
Epoch: 90, LR: 0.001, Loss: 0.60804, Val Loss: 0.60804, Validation Accuracy: 0.7490774907749077
Epoch: 100, LR: 0.001, Loss: 0.60460, Val Loss: 0.60460, Validation Accuracy: 0.7490774907749077
Epoch: 110, LR: 0.001, Loss: 0.59969, Val Loss: 0.59969, Validation Accuracy: 0.7490774907749077
Epoch: 120, LR: 0.001, Loss: 0.59441, Val Loss: 0.59441, Validation Accuracy: 0.7380073800738007
Epoch: 130, LR: 0.001, Loss: 0.58971, Val Loss: 0.58971, Validation Accuracy: 0.7453874538745388
Epoch: 140, LR: 0.001, Loss: 0.58783, Val Loss: 0.58783, Validation Accuracy: 0.7490774907749077
Epoch: 150, LR: 0.001, Loss: 0.58603, Val Loss: 0.58603, Validation Accuracy: 0.7490774907749077
Epoch: 160, LR: 0.001, Loss: 0.58103, Val Loss: 0.58103, Validation Accuracy: 0.7380073800738007
Epoch: 170, LR: 0.001, Loss: 0.58203, Val Loss: 0.58203, Validation Accuracy: 0.7380073800738007
Epoch: 180, LR: 0.001, Loss: 0.57456, Val Loss: 0.57456, Validation Accuracy: 0.7453874538745388
Epoch: 190, LR: 0.001, Loss: 0.57162, Val Loss: 0.57162, Validation Accuracy: 0.7343173431734318

train finished!
best val: 0.75277
test...
Test Accuracy: 0.7380073800738007
Micro F1: 0.7380073800738008
Macro F1: 0.7154594283714166
Epoch: 0, LR: 0.001, Loss: 0.65040, Val Loss: 0.65040, Validation Accuracy: 0.7527675276752768
Epoch: 10, LR: 0.001, Loss: 0.64675, Val Loss: 0.64675, Validation Accuracy: 0.7416974169741697
Epoch: 20, LR: 0.001, Loss: 0.64266, Val Loss: 0.64266, Validation Accuracy: 0.7416974169741697
Epoch: 30, LR: 0.001, Loss: 0.63493, Val Loss: 0.63493, Validation Accuracy: 0.7416974169741697
Epoch: 40, LR: 0.001, Loss: 0.63006, Val Loss: 0.63006, Validation Accuracy: 0.7527675276752768
Epoch: 50, LR: 0.001, Loss: 0.62243, Val Loss: 0.62243, Validation Accuracy: 0.7453874538745388
Epoch: 60, LR: 0.001, Loss: 0.61934, Val Loss: 0.61934, Validation Accuracy: 0.7453874538745388
Epoch: 70, LR: 0.001, Loss: 0.61401, Val Loss: 0.61401, Validation Accuracy: 0.7453874538745388
Epoch: 80, LR: 0.001, Loss: 0.61203, Val Loss: 0.61203, Validation Accuracy: 0.7380073800738007
Epoch: 90, LR: 0.001, Loss: 0.60573, Val Loss: 0.60573, Validation Accuracy: 0.7380073800738007
Epoch: 100, LR: 0.001, Loss: 0.60077, Val Loss: 0.60077, Validation Accuracy: 0.7416974169741697
Epoch: 110, LR: 0.001, Loss: 0.59873, Val Loss: 0.59873, Validation Accuracy: 0.7416974169741697
Epoch: 120, LR: 0.001, Loss: 0.59394, Val Loss: 0.59394, Validation Accuracy: 0.7416974169741697
Epoch: 130, LR: 0.001, Loss: 0.58978, Val Loss: 0.58978, Validation Accuracy: 0.7490774907749077
Epoch: 140, LR: 0.001, Loss: 0.58560, Val Loss: 0.58560, Validation Accuracy: 0.7453874538745388
Epoch: 150, LR: 0.001, Loss: 0.58243, Val Loss: 0.58243, Validation Accuracy: 0.7490774907749077
Epoch: 160, LR: 0.001, Loss: 0.57974, Val Loss: 0.57974, Validation Accuracy: 0.7453874538745388
Epoch: 170, LR: 0.001, Loss: 0.57631, Val Loss: 0.57631, Validation Accuracy: 0.7380073800738007
Epoch: 180, LR: 0.001, Loss: 0.57402, Val Loss: 0.57402, Validation Accuracy: 0.7527675276752768
Epoch: 190, LR: 0.001, Loss: 0.57047, Val Loss: 0.57047, Validation Accuracy: 0.7416974169741697

train finished!
best val: 0.75277
test...
Test Accuracy: 0.7380073800738007
Micro F1: 0.7380073800738008
Macro F1: 0.7154594283714166
Model HGNN Results:

test acc: 0.7387453874538744 test acc std: 0.0014760147601475815


test microf1: 0.7387453874538747 test macrof1: 0.7164903090493185
====================================================================================================
net:

HyperGCN(
  (layers): ModuleList(
    (0): HyperGCNConv(
      (act): ReLU(inplace=True)
      (drop): Dropout(p=0.5, inplace=False)
      (theta): Linear(in_features=1433, out_features=64, bias=True)
    )
    (1): HyperGCNConv(
      (act): ReLU(inplace=True)
      (drop): Dropout(p=0.5, inplace=False)
      (theta): Linear(in_features=64, out_features=7, bias=True)
    )
  )
)
Epoch: 0, LR: 0.001, Loss: 1.95708, Val Loss: 1.95708, Validation Accuracy: 0.07011070110701106
update best: 0.07011
update best: 0.08118
update best: 0.08487
update best: 0.08856
update best: 0.09963
update best: 0.10332
Epoch: 10, LR: 0.001, Loss: 1.94062, Val Loss: 1.94062, Validation Accuracy: 0.1033210332103321
update best: 0.11808
update best: 0.31734
update best: 0.35793
Epoch: 20, LR: 0.001, Loss: 1.92089, Val Loss: 1.92089, Validation Accuracy: 0.3025830258302583
Epoch: 30, LR: 0.001, Loss: 1.89688, Val Loss: 1.89688, Validation Accuracy: 0.3025830258302583
Epoch: 40, LR: 0.001, Loss: 1.86896, Val Loss: 1.86896, Validation Accuracy: 0.3025830258302583
Epoch: 50, LR: 0.001, Loss: 1.84182, Val Loss: 1.84182, Validation Accuracy: 0.3025830258302583
Epoch: 60, LR: 0.001, Loss: 1.81137, Val Loss: 1.81137, Validation Accuracy: 0.3025830258302583
Epoch: 70, LR: 0.001, Loss: 1.78077, Val Loss: 1.78077, Validation Accuracy: 0.3025830258302583
Epoch: 80, LR: 0.001, Loss: 1.75074, Val Loss: 1.75074, Validation Accuracy: 0.3025830258302583
Epoch: 90, LR: 0.001, Loss: 1.72179, Val Loss: 1.72179, Validation Accuracy: 0.3025830258302583
Epoch: 100, LR: 0.001, Loss: 1.70190, Val Loss: 1.70190, Validation Accuracy: 0.3025830258302583
Epoch: 110, LR: 0.001, Loss: 1.66841, Val Loss: 1.66841, Validation Accuracy: 0.3025830258302583
Epoch: 120, LR: 0.001, Loss: 1.63693, Val Loss: 1.63693, Validation Accuracy: 0.3025830258302583
Epoch: 130, LR: 0.001, Loss: 1.61176, Val Loss: 1.61176, Validation Accuracy: 0.3062730627306273
Epoch: 140, LR: 0.001, Loss: 1.57773, Val Loss: 1.57773, Validation Accuracy: 0.3173431734317343
Epoch: 150, LR: 0.001, Loss: 1.54318, Val Loss: 1.54318, Validation Accuracy: 0.3247232472324723
Epoch: 160, LR: 0.001, Loss: 1.50796, Val Loss: 1.50796, Validation Accuracy: 0.35424354243542433
update best: 0.36162
update best: 0.36900
update best: 0.37269
update best: 0.38007
Epoch: 170, LR: 0.001, Loss: 1.47839, Val Loss: 1.47839, Validation Accuracy: 0.3800738007380074
update best: 0.38376
update best: 0.39483
update best: 0.39852
update best: 0.40959
update best: 0.41328
update best: 0.42066
update best: 0.42435
Epoch: 180, LR: 0.001, Loss: 1.44076, Val Loss: 1.44076, Validation Accuracy: 0.4280442804428044
update best: 0.42804
update best: 0.43173
update best: 0.43542
update best: 0.44649
update best: 0.45018
update best: 0.46125
Epoch: 190, LR: 0.001, Loss: 1.40332, Val Loss: 1.40332, Validation Accuracy: 0.46863468634686345
update best: 0.46863
update best: 0.47970
update best: 0.48339
update best: 0.49077
update best: 0.50185
update best: 0.51292

train finished!
best val: 0.51292
test...
Test Accuracy: 0.5350553505535055
Micro F1: 0.5350553505535055
Macro F1: 0.3943081582259106
net:

HyperGCN(
  (layers): ModuleList(
    (0): HyperGCNConv(
      (act): ReLU(inplace=True)
      (drop): Dropout(p=0.5, inplace=False)
      (theta): Linear(in_features=1433, out_features=64, bias=True)
    )
    (1): HyperGCNConv(
      (act): ReLU(inplace=True)
      (drop): Dropout(p=0.5, inplace=False)
      (theta): Linear(in_features=64, out_features=7, bias=True)
    )
  )
)
Epoch: 0, LR: 0.001, Loss: 1.94671, Val Loss: 1.94671, Validation Accuracy: 0.12915129151291513
Epoch: 10, LR: 0.001, Loss: 1.93270, Val Loss: 1.93270, Validation Accuracy: 0.3025830258302583
Epoch: 20, LR: 0.001, Loss: 1.91748, Val Loss: 1.91748, Validation Accuracy: 0.3025830258302583
Epoch: 30, LR: 0.001, Loss: 1.89882, Val Loss: 1.89882, Validation Accuracy: 0.3025830258302583
Epoch: 40, LR: 0.001, Loss: 1.87370, Val Loss: 1.87370, Validation Accuracy: 0.3025830258302583
Epoch: 50, LR: 0.001, Loss: 1.84642, Val Loss: 1.84642, Validation Accuracy: 0.3025830258302583
Epoch: 60, LR: 0.001, Loss: 1.81833, Val Loss: 1.81833, Validation Accuracy: 0.3025830258302583
Epoch: 70, LR: 0.001, Loss: 1.78727, Val Loss: 1.78727, Validation Accuracy: 0.3025830258302583
Epoch: 80, LR: 0.001, Loss: 1.75669, Val Loss: 1.75669, Validation Accuracy: 0.3025830258302583
Epoch: 90, LR: 0.001, Loss: 1.72905, Val Loss: 1.72905, Validation Accuracy: 0.3025830258302583
Epoch: 100, LR: 0.001, Loss: 1.70382, Val Loss: 1.70382, Validation Accuracy: 0.3025830258302583
Epoch: 110, LR: 0.001, Loss: 1.67922, Val Loss: 1.67922, Validation Accuracy: 0.3025830258302583
Epoch: 120, LR: 0.001, Loss: 1.64665, Val Loss: 1.64665, Validation Accuracy: 0.3062730627306273
Epoch: 130, LR: 0.001, Loss: 1.61558, Val Loss: 1.61558, Validation Accuracy: 0.3062730627306273
Epoch: 140, LR: 0.001, Loss: 1.58740, Val Loss: 1.58740, Validation Accuracy: 0.30996309963099633
Epoch: 150, LR: 0.001, Loss: 1.54964, Val Loss: 1.54964, Validation Accuracy: 0.3284132841328413
Epoch: 160, LR: 0.001, Loss: 1.51352, Val Loss: 1.51352, Validation Accuracy: 0.35424354243542433
Epoch: 170, LR: 0.001, Loss: 1.47481, Val Loss: 1.47481, Validation Accuracy: 0.3837638376383764
Epoch: 180, LR: 0.001, Loss: 1.43896, Val Loss: 1.43896, Validation Accuracy: 0.4059040590405904
Epoch: 190, LR: 0.001, Loss: 1.40454, Val Loss: 1.40454, Validation Accuracy: 0.47601476014760147
update best: 0.51661

train finished!
best val: 0.51661
test...
Test Accuracy: 0.5424354243542435
Micro F1: 0.5424354243542435
Macro F1: 0.4077367937696624
net:

HyperGCN(
  (layers): ModuleList(
    (0): HyperGCNConv(
      (act): ReLU(inplace=True)
      (drop): Dropout(p=0.5, inplace=False)
      (theta): Linear(in_features=1433, out_features=64, bias=True)
    )
    (1): HyperGCNConv(
      (act): ReLU(inplace=True)
      (drop): Dropout(p=0.5, inplace=False)
      (theta): Linear(in_features=64, out_features=7, bias=True)
    )
  )
)
Epoch: 0, LR: 0.001, Loss: 1.91705, Val Loss: 1.91705, Validation Accuracy: 0.3025830258302583
Epoch: 10, LR: 0.001, Loss: 1.90045, Val Loss: 1.90045, Validation Accuracy: 0.3025830258302583
Epoch: 20, LR: 0.001, Loss: 1.88123, Val Loss: 1.88123, Validation Accuracy: 0.3025830258302583
Epoch: 30, LR: 0.001, Loss: 1.85880, Val Loss: 1.85880, Validation Accuracy: 0.3025830258302583
Epoch: 40, LR: 0.001, Loss: 1.83464, Val Loss: 1.83464, Validation Accuracy: 0.3025830258302583
Epoch: 50, LR: 0.001, Loss: 1.80793, Val Loss: 1.80793, Validation Accuracy: 0.3025830258302583
Epoch: 60, LR: 0.001, Loss: 1.77974, Val Loss: 1.77974, Validation Accuracy: 0.3025830258302583
Epoch: 70, LR: 0.001, Loss: 1.75557, Val Loss: 1.75557, Validation Accuracy: 0.3025830258302583
Epoch: 80, LR: 0.001, Loss: 1.73099, Val Loss: 1.73099, Validation Accuracy: 0.3025830258302583
Epoch: 90, LR: 0.001, Loss: 1.70298, Val Loss: 1.70298, Validation Accuracy: 0.3025830258302583
Epoch: 100, LR: 0.001, Loss: 1.67799, Val Loss: 1.67799, Validation Accuracy: 0.3025830258302583
Epoch: 110, LR: 0.001, Loss: 1.64733, Val Loss: 1.64733, Validation Accuracy: 0.3025830258302583
Epoch: 120, LR: 0.001, Loss: 1.61748, Val Loss: 1.61748, Validation Accuracy: 0.30996309963099633
Epoch: 130, LR: 0.001, Loss: 1.58355, Val Loss: 1.58355, Validation Accuracy: 0.3210332103321033
Epoch: 140, LR: 0.001, Loss: 1.54578, Val Loss: 1.54578, Validation Accuracy: 0.33210332103321033
Epoch: 150, LR: 0.001, Loss: 1.51025, Val Loss: 1.51025, Validation Accuracy: 0.36900369003690037
Epoch: 160, LR: 0.001, Loss: 1.47836, Val Loss: 1.47836, Validation Accuracy: 0.4095940959409594
Epoch: 170, LR: 0.001, Loss: 1.44165, Val Loss: 1.44165, Validation Accuracy: 0.46494464944649444
Epoch: 180, LR: 0.001, Loss: 1.40838, Val Loss: 1.40838, Validation Accuracy: 0.4870848708487085
update best: 0.52399
update best: 0.52768
Epoch: 190, LR: 0.001, Loss: 1.37670, Val Loss: 1.37670, Validation Accuracy: 0.5350553505535055
update best: 0.53506
update best: 0.53875
update best: 0.54244
update best: 0.54613
update best: 0.54982
update best: 0.55351

train finished!
best val: 0.55351
test...
Test Accuracy: 0.5756457564575646
Micro F1: 0.5756457564575646
Macro F1: 0.4341983111233824
net:

HyperGCN(
  (layers): ModuleList(
    (0): HyperGCNConv(
      (act): ReLU(inplace=True)
      (drop): Dropout(p=0.5, inplace=False)
      (theta): Linear(in_features=1433, out_features=64, bias=True)
    )
    (1): HyperGCNConv(
      (act): ReLU(inplace=True)
      (drop): Dropout(p=0.5, inplace=False)
      (theta): Linear(in_features=64, out_features=7, bias=True)
    )
  )
)
Epoch: 0, LR: 0.001, Loss: 1.93962, Val Loss: 1.93962, Validation Accuracy: 0.15498154981549817
Epoch: 10, LR: 0.001, Loss: 1.92936, Val Loss: 1.92936, Validation Accuracy: 0.15498154981549817
Epoch: 20, LR: 0.001, Loss: 1.91663, Val Loss: 1.91663, Validation Accuracy: 0.15498154981549817
Epoch: 30, LR: 0.001, Loss: 1.90016, Val Loss: 1.90016, Validation Accuracy: 0.4022140221402214
Epoch: 40, LR: 0.001, Loss: 1.87843, Val Loss: 1.87843, Validation Accuracy: 0.3062730627306273
Epoch: 50, LR: 0.001, Loss: 1.85186, Val Loss: 1.85186, Validation Accuracy: 0.3025830258302583
Epoch: 60, LR: 0.001, Loss: 1.82258, Val Loss: 1.82258, Validation Accuracy: 0.3025830258302583
Epoch: 70, LR: 0.001, Loss: 1.79135, Val Loss: 1.79135, Validation Accuracy: 0.3025830258302583
Epoch: 80, LR: 0.001, Loss: 1.76118, Val Loss: 1.76118, Validation Accuracy: 0.3025830258302583
Epoch: 90, LR: 0.001, Loss: 1.73242, Val Loss: 1.73242, Validation Accuracy: 0.3025830258302583
Epoch: 100, LR: 0.001, Loss: 1.70511, Val Loss: 1.70511, Validation Accuracy: 0.3025830258302583
Epoch: 110, LR: 0.001, Loss: 1.67430, Val Loss: 1.67430, Validation Accuracy: 0.3025830258302583
Epoch: 120, LR: 0.001, Loss: 1.64411, Val Loss: 1.64411, Validation Accuracy: 0.3062730627306273
Epoch: 130, LR: 0.001, Loss: 1.61715, Val Loss: 1.61715, Validation Accuracy: 0.3173431734317343
Epoch: 140, LR: 0.001, Loss: 1.57878, Val Loss: 1.57878, Validation Accuracy: 0.3284132841328413
Epoch: 150, LR: 0.001, Loss: 1.53996, Val Loss: 1.53996, Validation Accuracy: 0.34317343173431736
Epoch: 160, LR: 0.001, Loss: 1.51012, Val Loss: 1.51012, Validation Accuracy: 0.3837638376383764
Epoch: 170, LR: 0.001, Loss: 1.47821, Val Loss: 1.47821, Validation Accuracy: 0.41697416974169743
Epoch: 180, LR: 0.001, Loss: 1.44284, Val Loss: 1.44284, Validation Accuracy: 0.45018450184501846
Epoch: 190, LR: 0.001, Loss: 1.40313, Val Loss: 1.40313, Validation Accuracy: 0.47601476014760147

train finished!
best val: 0.55351
test...
Test Accuracy: 0.5756457564575646
Micro F1: 0.5756457564575646
Macro F1: 0.43069682930310105
net:

HyperGCN(
  (layers): ModuleList(
    (0): HyperGCNConv(
      (act): ReLU(inplace=True)
      (drop): Dropout(p=0.5, inplace=False)
      (theta): Linear(in_features=1433, out_features=64, bias=True)
    )
    (1): HyperGCNConv(
      (act): ReLU(inplace=True)
      (drop): Dropout(p=0.5, inplace=False)
      (theta): Linear(in_features=64, out_features=7, bias=True)
    )
  )
)
Epoch: 0, LR: 0.001, Loss: 1.93988, Val Loss: 1.93988, Validation Accuracy: 0.15498154981549817
Epoch: 10, LR: 0.001, Loss: 1.92527, Val Loss: 1.92527, Validation Accuracy: 0.3025830258302583
Epoch: 20, LR: 0.001, Loss: 1.90812, Val Loss: 1.90812, Validation Accuracy: 0.3025830258302583
Epoch: 30, LR: 0.001, Loss: 1.88652, Val Loss: 1.88652, Validation Accuracy: 0.3025830258302583
Epoch: 40, LR: 0.001, Loss: 1.85934, Val Loss: 1.85934, Validation Accuracy: 0.3025830258302583
Epoch: 50, LR: 0.001, Loss: 1.82974, Val Loss: 1.82974, Validation Accuracy: 0.3025830258302583
Epoch: 60, LR: 0.001, Loss: 1.79718, Val Loss: 1.79718, Validation Accuracy: 0.3025830258302583
Epoch: 70, LR: 0.001, Loss: 1.76693, Val Loss: 1.76693, Validation Accuracy: 0.3025830258302583
Epoch: 80, LR: 0.001, Loss: 1.74323, Val Loss: 1.74323, Validation Accuracy: 0.3025830258302583
Epoch: 90, LR: 0.001, Loss: 1.71536, Val Loss: 1.71536, Validation Accuracy: 0.3025830258302583
Epoch: 100, LR: 0.001, Loss: 1.68224, Val Loss: 1.68224, Validation Accuracy: 0.3025830258302583
Epoch: 110, LR: 0.001, Loss: 1.65042, Val Loss: 1.65042, Validation Accuracy: 0.3025830258302583
Epoch: 120, LR: 0.001, Loss: 1.61466, Val Loss: 1.61466, Validation Accuracy: 0.31365313653136534
Epoch: 130, LR: 0.001, Loss: 1.58328, Val Loss: 1.58328, Validation Accuracy: 0.33579335793357934
Epoch: 140, LR: 0.001, Loss: 1.54955, Val Loss: 1.54955, Validation Accuracy: 0.3505535055350554
Epoch: 150, LR: 0.001, Loss: 1.51251, Val Loss: 1.51251, Validation Accuracy: 0.3874538745387454
Epoch: 160, LR: 0.001, Loss: 1.47233, Val Loss: 1.47233, Validation Accuracy: 0.4059040590405904
Epoch: 170, LR: 0.001, Loss: 1.44739, Val Loss: 1.44739, Validation Accuracy: 0.4317343173431734
Epoch: 180, LR: 0.001, Loss: 1.41043, Val Loss: 1.41043, Validation Accuracy: 0.4612546125461255
Epoch: 190, LR: 0.001, Loss: 1.37754, Val Loss: 1.37754, Validation Accuracy: 0.4907749077490775

train finished!
best val: 0.55351
test...
Test Accuracy: 0.5756457564575646
Micro F1: 0.5756457564575646
Macro F1: 0.4345635098344457
Model HyperGCN Results:

test acc: 0.5608856088560886 test acc std: 0.01822743769037412


test microf1: 0.5608856088560886 test macrof1: 0.4203007204513004
======================================================================================================================================================
model: UniGIN(
  (layers): ModuleList(
    (0): UniGINConv(
      (bn): BatchNorm1d(64, eps=1e-05, momentum=0.1, affine=True, track_running_stats=True)
      (act): ReLU(inplace=True)
      (drop): Dropout(p=0.5, inplace=False)
      (theta): Linear(in_features=1433, out_features=64, bias=True)
    )
    (1): UniGINConv(
      (bn): BatchNorm1d(7, eps=1e-05, momentum=0.1, affine=True, track_running_stats=True)
      (act): ReLU(inplace=True)
      (drop): Dropout(p=0.5, inplace=False)
      (theta): Linear(in_features=64, out_features=7, bias=True)
    )
  )
)
Epoch: 0, LR: 0.001, Loss: 3.17653, Val Loss: 3.17653, Validation Accuracy: 0.3025830258302583
update best: 0.30258
Epoch: 10, LR: 0.001, Loss: 0.67008, Val Loss: 0.67008, Validation Accuracy: 0.15498154981549817
Epoch: 20, LR: 0.001, Loss: 0.50180, Val Loss: 0.50180, Validation Accuracy: 0.15498154981549817
Epoch: 30, LR: 0.001, Loss: 0.41150, Val Loss: 0.41150, Validation Accuracy: 0.15498154981549817
Epoch: 40, LR: 0.001, Loss: 0.36708, Val Loss: 0.36708, Validation Accuracy: 0.15867158671586715
update best: 0.33948
update best: 0.37269
update best: 0.40959
Epoch: 50, LR: 0.001, Loss: 0.32497, Val Loss: 0.32497, Validation Accuracy: 0.47232472324723246
update best: 0.47232
update best: 0.49815
update best: 0.52030
update best: 0.53506
update best: 0.55720
update best: 0.56827
update best: 0.58303
update best: 0.59779
update best: 0.60886
update best: 0.61624
Epoch: 60, LR: 0.001, Loss: 0.30122, Val Loss: 0.30122, Validation Accuracy: 0.6199261992619927
update best: 0.61993
update best: 0.63100
update best: 0.65683
update best: 0.66052
update best: 0.67159
update best: 0.67897
update best: 0.69004
update best: 0.70849
update best: 0.71587
Epoch: 70, LR: 0.001, Loss: 0.27471, Val Loss: 0.27471, Validation Accuracy: 0.7416974169741697
update best: 0.74170
update best: 0.76015
update best: 0.76753
update best: 0.78229
update best: 0.79705
update best: 0.80074
update best: 0.80812
update best: 0.81550
update best: 0.81919
Epoch: 80, LR: 0.001, Loss: 0.24557, Val Loss: 0.24557, Validation Accuracy: 0.8191881918819188
update best: 0.82288
Epoch: 90, LR: 0.001, Loss: 0.22680, Val Loss: 0.22680, Validation Accuracy: 0.8191881918819188
update best: 0.83395
update best: 0.83764
update best: 0.84871
Epoch: 100, LR: 0.001, Loss: 0.20912, Val Loss: 0.20912, Validation Accuracy: 0.8450184501845018
Epoch: 110, LR: 0.001, Loss: 0.19600, Val Loss: 0.19600, Validation Accuracy: 0.8376383763837638
Epoch: 120, LR: 0.001, Loss: 0.18451, Val Loss: 0.18451, Validation Accuracy: 0.8339483394833949
Epoch: 130, LR: 0.001, Loss: 0.16502, Val Loss: 0.16502, Validation Accuracy: 0.8302583025830258
Epoch: 140, LR: 0.001, Loss: 0.16250, Val Loss: 0.16250, Validation Accuracy: 0.8265682656826568
Epoch: 150, LR: 0.001, Loss: 0.15558, Val Loss: 0.15558, Validation Accuracy: 0.8228782287822878
Epoch: 160, LR: 0.001, Loss: 0.14066, Val Loss: 0.14066, Validation Accuracy: 0.8265682656826568
Epoch: 170, LR: 0.001, Loss: 0.14346, Val Loss: 0.14346, Validation Accuracy: 0.8081180811808119
Epoch: 180, LR: 0.001, Loss: 0.12478, Val Loss: 0.12478, Validation Accuracy: 0.8228782287822878
Epoch: 190, LR: 0.001, Loss: 0.12195, Val Loss: 0.12195, Validation Accuracy: 0.8191881918819188

train finished!
best val: 0.84871
test...
Test Accuracy: 0.7822878228782287
Micro F1: 0.7822878228782287
Macro F1: 0.7615358683035253
Epoch: 0, LR: 0.001, Loss: 0.22632, Val Loss: 0.22632, Validation Accuracy: 0.8450184501845018
Epoch: 10, LR: 0.001, Loss: 0.20843, Val Loss: 0.20843, Validation Accuracy: 0.8450184501845018
Epoch: 20, LR: 0.001, Loss: 0.19623, Val Loss: 0.19623, Validation Accuracy: 0.8376383763837638
Epoch: 30, LR: 0.001, Loss: 0.17531, Val Loss: 0.17531, Validation Accuracy: 0.8376383763837638
Epoch: 40, LR: 0.001, Loss: 0.16218, Val Loss: 0.16218, Validation Accuracy: 0.8302583025830258
Epoch: 50, LR: 0.001, Loss: 0.14873, Val Loss: 0.14873, Validation Accuracy: 0.8228782287822878
Epoch: 60, LR: 0.001, Loss: 0.13878, Val Loss: 0.13878, Validation Accuracy: 0.8191881918819188
Epoch: 70, LR: 0.001, Loss: 0.12575, Val Loss: 0.12575, Validation Accuracy: 0.8081180811808119
Epoch: 80, LR: 0.001, Loss: 0.12107, Val Loss: 0.12107, Validation Accuracy: 0.8191881918819188
Epoch: 90, LR: 0.001, Loss: 0.11947, Val Loss: 0.11947, Validation Accuracy: 0.8118081180811808
Epoch: 100, LR: 0.001, Loss: 0.10928, Val Loss: 0.10928, Validation Accuracy: 0.8228782287822878
Epoch: 110, LR: 0.001, Loss: 0.10410, Val Loss: 0.10410, Validation Accuracy: 0.8118081180811808
Epoch: 120, LR: 0.001, Loss: 0.09915, Val Loss: 0.09915, Validation Accuracy: 0.8081180811808119
Epoch: 130, LR: 0.001, Loss: 0.09326, Val Loss: 0.09326, Validation Accuracy: 0.8154981549815498
Epoch: 140, LR: 0.001, Loss: 0.09319, Val Loss: 0.09319, Validation Accuracy: 0.8007380073800738
Epoch: 150, LR: 0.001, Loss: 0.08680, Val Loss: 0.08680, Validation Accuracy: 0.8044280442804428
Epoch: 160, LR: 0.001, Loss: 0.08527, Val Loss: 0.08527, Validation Accuracy: 0.7970479704797048
Epoch: 170, LR: 0.001, Loss: 0.08094, Val Loss: 0.08094, Validation Accuracy: 0.7933579335793358
Epoch: 180, LR: 0.001, Loss: 0.07987, Val Loss: 0.07987, Validation Accuracy: 0.7970479704797048
Epoch: 190, LR: 0.001, Loss: 0.07980, Val Loss: 0.07980, Validation Accuracy: 0.7970479704797048

train finished!
best val: 0.84871
test...
Test Accuracy: 0.7822878228782287
Micro F1: 0.7822878228782287
Macro F1: 0.7615358683035253
Epoch: 0, LR: 0.001, Loss: 0.22689, Val Loss: 0.22689, Validation Accuracy: 0.8487084870848709
Epoch: 10, LR: 0.001, Loss: 0.21156, Val Loss: 0.21156, Validation Accuracy: 0.8376383763837638
Epoch: 20, LR: 0.001, Loss: 0.18447, Val Loss: 0.18447, Validation Accuracy: 0.8376383763837638
Epoch: 30, LR: 0.001, Loss: 0.17202, Val Loss: 0.17202, Validation Accuracy: 0.8339483394833949
Epoch: 40, LR: 0.001, Loss: 0.15558, Val Loss: 0.15558, Validation Accuracy: 0.8228782287822878
Epoch: 50, LR: 0.001, Loss: 0.14200, Val Loss: 0.14200, Validation Accuracy: 0.8191881918819188
Epoch: 60, LR: 0.001, Loss: 0.13456, Val Loss: 0.13456, Validation Accuracy: 0.8154981549815498
Epoch: 70, LR: 0.001, Loss: 0.11981, Val Loss: 0.11981, Validation Accuracy: 0.8154981549815498
Epoch: 80, LR: 0.001, Loss: 0.11368, Val Loss: 0.11368, Validation Accuracy: 0.8154981549815498
Epoch: 90, LR: 0.001, Loss: 0.10974, Val Loss: 0.10974, Validation Accuracy: 0.8044280442804428
Epoch: 100, LR: 0.001, Loss: 0.09944, Val Loss: 0.09944, Validation Accuracy: 0.8044280442804428
Epoch: 110, LR: 0.001, Loss: 0.09391, Val Loss: 0.09391, Validation Accuracy: 0.8044280442804428
Epoch: 120, LR: 0.001, Loss: 0.09190, Val Loss: 0.09190, Validation Accuracy: 0.7933579335793358
Epoch: 130, LR: 0.001, Loss: 0.08703, Val Loss: 0.08703, Validation Accuracy: 0.8007380073800738
Epoch: 140, LR: 0.001, Loss: 0.08422, Val Loss: 0.08422, Validation Accuracy: 0.7933579335793358
Epoch: 150, LR: 0.001, Loss: 0.08451, Val Loss: 0.08451, Validation Accuracy: 0.7933579335793358
Epoch: 160, LR: 0.001, Loss: 0.07642, Val Loss: 0.07642, Validation Accuracy: 0.7970479704797048
Epoch: 170, LR: 0.001, Loss: 0.07341, Val Loss: 0.07341, Validation Accuracy: 0.8044280442804428
Epoch: 180, LR: 0.001, Loss: 0.07328, Val Loss: 0.07328, Validation Accuracy: 0.7933579335793358
Epoch: 190, LR: 0.001, Loss: 0.07313, Val Loss: 0.07313, Validation Accuracy: 0.7933579335793358

train finished!
best val: 0.84871
test...
Test Accuracy: 0.7822878228782287
Micro F1: 0.7822878228782287
Macro F1: 0.7615358683035253
Epoch: 0, LR: 0.001, Loss: 0.22696, Val Loss: 0.22696, Validation Accuracy: 0.8487084870848709
update best: 0.85240
Epoch: 10, LR: 0.001, Loss: 0.21073, Val Loss: 0.21073, Validation Accuracy: 0.8450184501845018
Epoch: 20, LR: 0.001, Loss: 0.18598, Val Loss: 0.18598, Validation Accuracy: 0.8339483394833949
Epoch: 30, LR: 0.001, Loss: 0.16310, Val Loss: 0.16310, Validation Accuracy: 0.8302583025830258
Epoch: 40, LR: 0.001, Loss: 0.14560, Val Loss: 0.14560, Validation Accuracy: 0.8191881918819188
Epoch: 50, LR: 0.001, Loss: 0.13706, Val Loss: 0.13706, Validation Accuracy: 0.8228782287822878
Epoch: 60, LR: 0.001, Loss: 0.12457, Val Loss: 0.12457, Validation Accuracy: 0.8118081180811808
Epoch: 70, LR: 0.001, Loss: 0.11416, Val Loss: 0.11416, Validation Accuracy: 0.8044280442804428
Epoch: 80, LR: 0.001, Loss: 0.11017, Val Loss: 0.11017, Validation Accuracy: 0.8081180811808119
Epoch: 90, LR: 0.001, Loss: 0.10547, Val Loss: 0.10547, Validation Accuracy: 0.8154981549815498
Epoch: 100, LR: 0.001, Loss: 0.09549, Val Loss: 0.09549, Validation Accuracy: 0.8118081180811808
Epoch: 110, LR: 0.001, Loss: 0.09227, Val Loss: 0.09227, Validation Accuracy: 0.8118081180811808
Epoch: 120, LR: 0.001, Loss: 0.08327, Val Loss: 0.08327, Validation Accuracy: 0.8118081180811808
Epoch: 130, LR: 0.001, Loss: 0.07989, Val Loss: 0.07989, Validation Accuracy: 0.8081180811808119
Epoch: 140, LR: 0.001, Loss: 0.08032, Val Loss: 0.08032, Validation Accuracy: 0.8118081180811808
Epoch: 150, LR: 0.001, Loss: 0.07837, Val Loss: 0.07837, Validation Accuracy: 0.7970479704797048
Epoch: 160, LR: 0.001, Loss: 0.07557, Val Loss: 0.07557, Validation Accuracy: 0.8081180811808119
Epoch: 170, LR: 0.001, Loss: 0.07346, Val Loss: 0.07346, Validation Accuracy: 0.8118081180811808
Epoch: 180, LR: 0.001, Loss: 0.07838, Val Loss: 0.07838, Validation Accuracy: 0.8118081180811808
Epoch: 190, LR: 0.001, Loss: 0.07067, Val Loss: 0.07067, Validation Accuracy: 0.8228782287822878

train finished!
best val: 0.85240
test...
Test Accuracy: 0.7933579335793358
Micro F1: 0.7933579335793358
Macro F1: 0.7745006888880844
Epoch: 0, LR: 0.001, Loss: 0.21361, Val Loss: 0.21361, Validation Accuracy: 0.8523985239852399
Epoch: 10, LR: 0.001, Loss: 0.20551, Val Loss: 0.20551, Validation Accuracy: 0.8376383763837638
Epoch: 20, LR: 0.001, Loss: 0.17954, Val Loss: 0.17954, Validation Accuracy: 0.8302583025830258
Epoch: 30, LR: 0.001, Loss: 0.15958, Val Loss: 0.15958, Validation Accuracy: 0.8191881918819188
Epoch: 40, LR: 0.001, Loss: 0.13942, Val Loss: 0.13942, Validation Accuracy: 0.8265682656826568
Epoch: 50, LR: 0.001, Loss: 0.12436, Val Loss: 0.12436, Validation Accuracy: 0.8191881918819188
Epoch: 60, LR: 0.001, Loss: 0.11994, Val Loss: 0.11994, Validation Accuracy: 0.8081180811808119
Epoch: 70, LR: 0.001, Loss: 0.10822, Val Loss: 0.10822, Validation Accuracy: 0.8081180811808119
Epoch: 80, LR: 0.001, Loss: 0.10646, Val Loss: 0.10646, Validation Accuracy: 0.8081180811808119
Epoch: 90, LR: 0.001, Loss: 0.09747, Val Loss: 0.09747, Validation Accuracy: 0.8118081180811808
Epoch: 100, LR: 0.001, Loss: 0.08794, Val Loss: 0.08794, Validation Accuracy: 0.7933579335793358
Epoch: 110, LR: 0.001, Loss: 0.08523, Val Loss: 0.08523, Validation Accuracy: 0.8007380073800738
Epoch: 120, LR: 0.001, Loss: 0.08446, Val Loss: 0.08446, Validation Accuracy: 0.7933579335793358
Epoch: 130, LR: 0.001, Loss: 0.07939, Val Loss: 0.07939, Validation Accuracy: 0.7970479704797048
Epoch: 140, LR: 0.001, Loss: 0.07693, Val Loss: 0.07693, Validation Accuracy: 0.8007380073800738
Epoch: 150, LR: 0.001, Loss: 0.07441, Val Loss: 0.07441, Validation Accuracy: 0.7970479704797048
Epoch: 160, LR: 0.001, Loss: 0.06992, Val Loss: 0.06992, Validation Accuracy: 0.7970479704797048
Epoch: 170, LR: 0.001, Loss: 0.06821, Val Loss: 0.06821, Validation Accuracy: 0.8007380073800738
Epoch: 180, LR: 0.001, Loss: 0.06929, Val Loss: 0.06929, Validation Accuracy: 0.8007380073800738
Epoch: 190, LR: 0.001, Loss: 0.06373, Val Loss: 0.06373, Validation Accuracy: 0.8044280442804428

train finished!
best val: 0.85240
test...
Test Accuracy: 0.7933579335793358
Micro F1: 0.7933579335793358
Macro F1: 0.7745006888880844
Model UniGIN Results:

test acc: 0.7867158671586716 test acc std: 0.005423224522767219


test microf1: 0.7867158671586716 test macrof1: 0.766721796537349
========================================================================================================================================================================================================
model: UniSAGE(
  (layers): ModuleList(
    (0): UniSAGEConv(
      (bn): BatchNorm1d(64, eps=1e-05, momentum=0.1, affine=True, track_running_stats=True)
      (act): ReLU(inplace=True)
      (drop): Dropout(p=0.5, inplace=False)
      (theta): Linear(in_features=1433, out_features=64, bias=True)
    )
    (1): UniSAGEConv(
      (bn): BatchNorm1d(7, eps=1e-05, momentum=0.1, affine=True, track_running_stats=True)
      (act): ReLU(inplace=True)
      (drop): Dropout(p=0.5, inplace=False)
      (theta): Linear(in_features=64, out_features=7, bias=True)
    )
  )
)
Epoch: 0, LR: 0.001, Loss: 3.21808, Val Loss: 3.21808, Validation Accuracy: 0.06642066420664207
update best: 0.06642
update best: 0.07011
update best: 0.11070
update best: 0.14391
Epoch: 10, LR: 0.001, Loss: 0.67513, Val Loss: 0.67513, Validation Accuracy: 0.11070110701107011
Epoch: 20, LR: 0.001, Loss: 0.50517, Val Loss: 0.50517, Validation Accuracy: 0.08118081180811808
Epoch: 30, LR: 0.001, Loss: 0.42600, Val Loss: 0.42600, Validation Accuracy: 0.11439114391143912
Epoch: 40, LR: 0.001, Loss: 0.37392, Val Loss: 0.37392, Validation Accuracy: 0.12915129151291513
update best: 0.17343
update best: 0.18450
update best: 0.21033
Epoch: 50, LR: 0.001, Loss: 0.33481, Val Loss: 0.33481, Validation Accuracy: 0.24723247232472326
update best: 0.24723
update best: 0.29151
update best: 0.32841
update best: 0.36900
update best: 0.40959
update best: 0.45387
update best: 0.47970
update best: 0.48708
update best: 0.51661
update best: 0.54244
Epoch: 60, LR: 0.001, Loss: 0.29518, Val Loss: 0.29518, Validation Accuracy: 0.5830258302583026
update best: 0.58303
update best: 0.60517
update best: 0.64207
update best: 0.65683
update best: 0.68635
update best: 0.70849
update best: 0.73801
update best: 0.74908
update best: 0.75646
update best: 0.76384
Epoch: 70, LR: 0.001, Loss: 0.27780, Val Loss: 0.27780, Validation Accuracy: 0.7712177121771218
update best: 0.77122
update best: 0.77491
update best: 0.78229
update best: 0.79336
update best: 0.80443
update best: 0.80812
Epoch: 80, LR: 0.001, Loss: 0.25117, Val Loss: 0.25117, Validation Accuracy: 0.8154981549815498
update best: 0.81550
update best: 0.82288
update best: 0.83026
update best: 0.83395
Epoch: 90, LR: 0.001, Loss: 0.23477, Val Loss: 0.23477, Validation Accuracy: 0.8302583025830258
Epoch: 100, LR: 0.001, Loss: 0.21120, Val Loss: 0.21120, Validation Accuracy: 0.8302583025830258
Epoch: 110, LR: 0.001, Loss: 0.19561, Val Loss: 0.19561, Validation Accuracy: 0.8265682656826568
Epoch: 120, LR: 0.001, Loss: 0.18576, Val Loss: 0.18576, Validation Accuracy: 0.8228782287822878
Epoch: 130, LR: 0.001, Loss: 0.16950, Val Loss: 0.16950, Validation Accuracy: 0.8154981549815498
Epoch: 140, LR: 0.001, Loss: 0.16143, Val Loss: 0.16143, Validation Accuracy: 0.8228782287822878
Epoch: 150, LR: 0.001, Loss: 0.15126, Val Loss: 0.15126, Validation Accuracy: 0.8228782287822878
Epoch: 160, LR: 0.001, Loss: 0.14066, Val Loss: 0.14066, Validation Accuracy: 0.8228782287822878
Epoch: 170, LR: 0.001, Loss: 0.13765, Val Loss: 0.13765, Validation Accuracy: 0.8081180811808119
Epoch: 180, LR: 0.001, Loss: 0.12554, Val Loss: 0.12554, Validation Accuracy: 0.8191881918819188
Epoch: 190, LR: 0.001, Loss: 0.11955, Val Loss: 0.11955, Validation Accuracy: 0.8191881918819188

train finished!
best val: 0.83395
test...
Test Accuracy: 0.7712177121771218
Micro F1: 0.7712177121771218
Macro F1: 0.7533329375667629
model: UniSAGE(
  (layers): ModuleList(
    (0): UniSAGEConv(
      (bn): BatchNorm1d(64, eps=1e-05, momentum=0.1, affine=True, track_running_stats=True)
      (act): ReLU(inplace=True)
      (drop): Dropout(p=0.5, inplace=False)
      (theta): Linear(in_features=1433, out_features=64, bias=True)
    )
    (1): UniSAGEConv(
      (bn): BatchNorm1d(7, eps=1e-05, momentum=0.1, affine=True, track_running_stats=True)
      (act): ReLU(inplace=True)
      (drop): Dropout(p=0.5, inplace=False)
      (theta): Linear(in_features=64, out_features=7, bias=True)
    )
  )
)
Epoch: 0, LR: 0.001, Loss: 3.11954, Val Loss: 3.11954, Validation Accuracy: 0.15498154981549817
Epoch: 10, LR: 0.001, Loss: 0.64346, Val Loss: 0.64346, Validation Accuracy: 0.3763837638376384
Epoch: 20, LR: 0.001, Loss: 0.48575, Val Loss: 0.48575, Validation Accuracy: 0.3210332103321033
Epoch: 30, LR: 0.001, Loss: 0.40978, Val Loss: 0.40978, Validation Accuracy: 0.3062730627306273
Epoch: 40, LR: 0.001, Loss: 0.36076, Val Loss: 0.36076, Validation Accuracy: 0.3062730627306273
Epoch: 50, LR: 0.001, Loss: 0.32266, Val Loss: 0.32266, Validation Accuracy: 0.3062730627306273
Epoch: 60, LR: 0.001, Loss: 0.29413, Val Loss: 0.29413, Validation Accuracy: 0.33579335793357934
Epoch: 70, LR: 0.001, Loss: 0.26772, Val Loss: 0.26772, Validation Accuracy: 0.5682656826568265
Epoch: 80, LR: 0.001, Loss: 0.25036, Val Loss: 0.25036, Validation Accuracy: 0.8118081180811808
Epoch: 90, LR: 0.001, Loss: 0.22237, Val Loss: 0.22237, Validation Accuracy: 0.8228782287822878
Epoch: 100, LR: 0.001, Loss: 0.20937, Val Loss: 0.20937, Validation Accuracy: 0.8302583025830258
update best: 0.83764
Epoch: 110, LR: 0.001, Loss: 0.19128, Val Loss: 0.19128, Validation Accuracy: 0.8302583025830258
Epoch: 120, LR: 0.001, Loss: 0.17433, Val Loss: 0.17433, Validation Accuracy: 0.8265682656826568
Epoch: 130, LR: 0.001, Loss: 0.17048, Val Loss: 0.17048, Validation Accuracy: 0.8265682656826568
Epoch: 140, LR: 0.001, Loss: 0.15962, Val Loss: 0.15962, Validation Accuracy: 0.8191881918819188
Epoch: 150, LR: 0.001, Loss: 0.14910, Val Loss: 0.14910, Validation Accuracy: 0.8154981549815498
Epoch: 160, LR: 0.001, Loss: 0.14061, Val Loss: 0.14061, Validation Accuracy: 0.8118081180811808
Epoch: 170, LR: 0.001, Loss: 0.13261, Val Loss: 0.13261, Validation Accuracy: 0.8118081180811808
Epoch: 180, LR: 0.001, Loss: 0.12301, Val Loss: 0.12301, Validation Accuracy: 0.8118081180811808
Epoch: 190, LR: 0.001, Loss: 0.11659, Val Loss: 0.11659, Validation Accuracy: 0.8044280442804428

train finished!
best val: 0.83764
test...
Test Accuracy: 0.7638376383763837
Micro F1: 0.7638376383763837
Macro F1: 0.7411426667617176
model: UniSAGE(
  (layers): ModuleList(
    (0): UniSAGEConv(
      (bn): BatchNorm1d(64, eps=1e-05, momentum=0.1, affine=True, track_running_stats=True)
      (act): ReLU(inplace=True)
      (drop): Dropout(p=0.5, inplace=False)
      (theta): Linear(in_features=1433, out_features=64, bias=True)
    )
    (1): UniSAGEConv(
      (bn): BatchNorm1d(7, eps=1e-05, momentum=0.1, affine=True, track_running_stats=True)
      (act): ReLU(inplace=True)
      (drop): Dropout(p=0.5, inplace=False)
      (theta): Linear(in_features=64, out_features=7, bias=True)
    )
  )
)
Epoch: 0, LR: 0.001, Loss: 3.07602, Val Loss: 3.07602, Validation Accuracy: 0.15498154981549817
Epoch: 10, LR: 0.001, Loss: 0.68715, Val Loss: 0.68715, Validation Accuracy: 0.12177121771217712
Epoch: 20, LR: 0.001, Loss: 0.49790, Val Loss: 0.49790, Validation Accuracy: 0.08118081180811808
Epoch: 30, LR: 0.001, Loss: 0.42305, Val Loss: 0.42305, Validation Accuracy: 0.15129151291512916
Epoch: 40, LR: 0.001, Loss: 0.36626, Val Loss: 0.36626, Validation Accuracy: 0.5535055350553506
Epoch: 50, LR: 0.001, Loss: 0.33058, Val Loss: 0.33058, Validation Accuracy: 0.6383763837638377
Epoch: 60, LR: 0.001, Loss: 0.30510, Val Loss: 0.30510, Validation Accuracy: 0.7490774907749077
Epoch: 70, LR: 0.001, Loss: 0.27872, Val Loss: 0.27872, Validation Accuracy: 0.8081180811808119
Epoch: 80, LR: 0.001, Loss: 0.24466, Val Loss: 0.24466, Validation Accuracy: 0.8228782287822878
update best: 0.84133
Epoch: 90, LR: 0.001, Loss: 0.22826, Val Loss: 0.22826, Validation Accuracy: 0.8413284132841329
update best: 0.84502
update best: 0.84871
Epoch: 100, LR: 0.001, Loss: 0.21143, Val Loss: 0.21143, Validation Accuracy: 0.8339483394833949
Epoch: 110, LR: 0.001, Loss: 0.20535, Val Loss: 0.20535, Validation Accuracy: 0.8191881918819188
Epoch: 120, LR: 0.001, Loss: 0.18037, Val Loss: 0.18037, Validation Accuracy: 0.8228782287822878
Epoch: 130, LR: 0.001, Loss: 0.17204, Val Loss: 0.17204, Validation Accuracy: 0.8118081180811808
Epoch: 140, LR: 0.001, Loss: 0.16224, Val Loss: 0.16224, Validation Accuracy: 0.8154981549815498
Epoch: 150, LR: 0.001, Loss: 0.14436, Val Loss: 0.14436, Validation Accuracy: 0.8154981549815498
Epoch: 160, LR: 0.001, Loss: 0.14382, Val Loss: 0.14382, Validation Accuracy: 0.8081180811808119
Epoch: 170, LR: 0.001, Loss: 0.13470, Val Loss: 0.13470, Validation Accuracy: 0.8081180811808119
Epoch: 180, LR: 0.001, Loss: 0.12819, Val Loss: 0.12819, Validation Accuracy: 0.8154981549815498
Epoch: 190, LR: 0.001, Loss: 0.11604, Val Loss: 0.11604, Validation Accuracy: 0.8154981549815498

train finished!
best val: 0.84871
test...
Test Accuracy: 0.8007380073800738
Micro F1: 0.8007380073800738
Macro F1: 0.7823521270059121
model: UniSAGE(
  (layers): ModuleList(
    (0): UniSAGEConv(
      (bn): BatchNorm1d(64, eps=1e-05, momentum=0.1, affine=True, track_running_stats=True)
      (act): ReLU(inplace=True)
      (drop): Dropout(p=0.5, inplace=False)
      (theta): Linear(in_features=1433, out_features=64, bias=True)
    )
    (1): UniSAGEConv(
      (bn): BatchNorm1d(7, eps=1e-05, momentum=0.1, affine=True, track_running_stats=True)
      (act): ReLU(inplace=True)
      (drop): Dropout(p=0.5, inplace=False)
      (theta): Linear(in_features=64, out_features=7, bias=True)
    )
  )
)
Epoch: 0, LR: 0.001, Loss: 2.86598, Val Loss: 2.86598, Validation Accuracy: 0.15498154981549817
Epoch: 10, LR: 0.001, Loss: 0.65161, Val Loss: 0.65161, Validation Accuracy: 0.2730627306273063
Epoch: 20, LR: 0.001, Loss: 0.47932, Val Loss: 0.47932, Validation Accuracy: 0.26199261992619927
Epoch: 30, LR: 0.001, Loss: 0.40644, Val Loss: 0.40644, Validation Accuracy: 0.2988929889298893
Epoch: 40, LR: 0.001, Loss: 0.35754, Val Loss: 0.35754, Validation Accuracy: 0.2988929889298893
Epoch: 50, LR: 0.001, Loss: 0.32064, Val Loss: 0.32064, Validation Accuracy: 0.2952029520295203
Epoch: 60, LR: 0.001, Loss: 0.29266, Val Loss: 0.29266, Validation Accuracy: 0.4059040590405904
Epoch: 70, LR: 0.001, Loss: 0.25961, Val Loss: 0.25961, Validation Accuracy: 0.6715867158671587
Epoch: 80, LR: 0.001, Loss: 0.23158, Val Loss: 0.23158, Validation Accuracy: 0.8044280442804428
Epoch: 90, LR: 0.001, Loss: 0.22009, Val Loss: 0.22009, Validation Accuracy: 0.8191881918819188
Epoch: 100, LR: 0.001, Loss: 0.19861, Val Loss: 0.19861, Validation Accuracy: 0.8228782287822878
Epoch: 110, LR: 0.001, Loss: 0.18594, Val Loss: 0.18594, Validation Accuracy: 0.8191881918819188
Epoch: 120, LR: 0.001, Loss: 0.17636, Val Loss: 0.17636, Validation Accuracy: 0.8154981549815498
Epoch: 130, LR: 0.001, Loss: 0.16363, Val Loss: 0.16363, Validation Accuracy: 0.8154981549815498
Epoch: 140, LR: 0.001, Loss: 0.15042, Val Loss: 0.15042, Validation Accuracy: 0.8228782287822878
Epoch: 150, LR: 0.001, Loss: 0.13750, Val Loss: 0.13750, Validation Accuracy: 0.8118081180811808
Epoch: 160, LR: 0.001, Loss: 0.13902, Val Loss: 0.13902, Validation Accuracy: 0.8081180811808119
Epoch: 170, LR: 0.001, Loss: 0.12636, Val Loss: 0.12636, Validation Accuracy: 0.8007380073800738
Epoch: 180, LR: 0.001, Loss: 0.11628, Val Loss: 0.11628, Validation Accuracy: 0.8007380073800738
Epoch: 190, LR: 0.001, Loss: 0.11652, Val Loss: 0.11652, Validation Accuracy: 0.7970479704797048

train finished!
best val: 0.84871
test...
Test Accuracy: 0.8007380073800738
Micro F1: 0.8007380073800738
Macro F1: 0.7823521270059121
model: UniSAGE(
  (layers): ModuleList(
    (0): UniSAGEConv(
      (bn): BatchNorm1d(64, eps=1e-05, momentum=0.1, affine=True, track_running_stats=True)
      (act): ReLU(inplace=True)
      (drop): Dropout(p=0.5, inplace=False)
      (theta): Linear(in_features=1433, out_features=64, bias=True)
    )
    (1): UniSAGEConv(
      (bn): BatchNorm1d(7, eps=1e-05, momentum=0.1, affine=True, track_running_stats=True)
      (act): ReLU(inplace=True)
      (drop): Dropout(p=0.5, inplace=False)
      (theta): Linear(in_features=64, out_features=7, bias=True)
    )
  )
)
Epoch: 0, LR: 0.001, Loss: 3.08596, Val Loss: 3.08596, Validation Accuracy: 0.12546125461254612
Epoch: 10, LR: 0.001, Loss: 0.67783, Val Loss: 0.67783, Validation Accuracy: 0.12915129151291513
Epoch: 20, LR: 0.001, Loss: 0.49879, Val Loss: 0.49879, Validation Accuracy: 0.15867158671586715
Epoch: 30, LR: 0.001, Loss: 0.41338, Val Loss: 0.41338, Validation Accuracy: 0.3025830258302583
Epoch: 40, LR: 0.001, Loss: 0.37226, Val Loss: 0.37226, Validation Accuracy: 0.33948339483394835
Epoch: 50, LR: 0.001, Loss: 0.32474, Val Loss: 0.32474, Validation Accuracy: 0.4354243542435424
Epoch: 60, LR: 0.001, Loss: 0.29502, Val Loss: 0.29502, Validation Accuracy: 0.6494464944649446
Epoch: 70, LR: 0.001, Loss: 0.27441, Val Loss: 0.27441, Validation Accuracy: 0.7785977859778598
Epoch: 80, LR: 0.001, Loss: 0.24987, Val Loss: 0.24987, Validation Accuracy: 0.8044280442804428
Epoch: 90, LR: 0.001, Loss: 0.23137, Val Loss: 0.23137, Validation Accuracy: 0.8191881918819188
Epoch: 100, LR: 0.001, Loss: 0.20763, Val Loss: 0.20763, Validation Accuracy: 0.8191881918819188
Epoch: 110, LR: 0.001, Loss: 0.19825, Val Loss: 0.19825, Validation Accuracy: 0.8228782287822878
Epoch: 120, LR: 0.001, Loss: 0.18648, Val Loss: 0.18648, Validation Accuracy: 0.8118081180811808
Epoch: 130, LR: 0.001, Loss: 0.16746, Val Loss: 0.16746, Validation Accuracy: 0.8044280442804428
Epoch: 140, LR: 0.001, Loss: 0.16080, Val Loss: 0.16080, Validation Accuracy: 0.8044280442804428
Epoch: 150, LR: 0.001, Loss: 0.14723, Val Loss: 0.14723, Validation Accuracy: 0.7970479704797048
Epoch: 160, LR: 0.001, Loss: 0.14359, Val Loss: 0.14359, Validation Accuracy: 0.8007380073800738
Epoch: 170, LR: 0.001, Loss: 0.13155, Val Loss: 0.13155, Validation Accuracy: 0.7896678966789668
Epoch: 180, LR: 0.001, Loss: 0.12692, Val Loss: 0.12692, Validation Accuracy: 0.7896678966789668
Epoch: 190, LR: 0.001, Loss: 0.11830, Val Loss: 0.11830, Validation Accuracy: 0.7933579335793358

train finished!
best val: 0.84871
test...
Test Accuracy: 0.8007380073800738
Micro F1: 0.8007380073800738
Macro F1: 0.7823521270059121
Model UniSAGE Results:

test acc: 0.7874538745387454 test acc std: 0.01643620476112186


test microf1: 0.7874538745387454 test macrof1: 0.7683063970692433
