args
 Namespace(samples=4, concat=8, runs=1, latent_size=10, dataset='coauthorcora', seed=42, epochs=1000, lr=0.001, weight_decay=0.0005, hidden=64, dropout=0.5, batch_size=128, tem=0.5, lam=1.0, pretrain_epochs=8, pretrain_lr=0.05, conditional=True, update_epochs=20, num_models=100, warmup=200, use_mediator=False, cuda=False)
This is coauthorship_cora dataset:
  ->  num_classes
  ->  num_vertices
  ->  num_edges
  ->  dim_features
  ->  features
  ->  edge_list
  ->  labels
  ->  train_mask
  ->  val_mask
  ->  test_mask
Please try `data['name']` to get the specified data.
Run Train:   0%|          | 0/1 [00:00<?, ?it/s]/users/Min/HG/src_new/lahypergcn_coauthorshipcora_hid64_new.py:159: UserWarning: To copy construct from a tensor, it is recommended to use sourceTensor.clone().detach() or sourceTensor.clone().detach().requires_grad_(True), rather than torch.tensor(sourceTensor).
  cvae_features = torch.tensor(X, dtype=torch.float32).to(device)
/users/Min/miniconda/envs/hy/lib/python3.9/site-packages/torch/nn/functional.py:1967: UserWarning: nn.functional.sigmoid is deprecated. Use torch.sigmoid instead.
  warnings.warn("nn.functional.sigmoid is deprecated. Use torch.sigmoid instead.")
model: LAHyperGCN(
  (hygcn1): HyperGCNConv(
    (act): ReLU(inplace=True)
    (drop): Dropout(p=0.5, inplace=False)
    (theta): Linear(in_features=1433, out_features=64, bias=True)
  )
  (hygcn2): HyperGCNConv(
    (act): ReLU(inplace=True)
    (drop): Dropout(p=0.5, inplace=False)
    (theta): Linear(in_features=576, out_features=7, bias=True)
  )
)
Run:01 Epoch: 0001 loss_train: 1.9408 loss_val: 1.9379
Run:01 Epoch: 0002 loss_train: 1.9379 loss_val: 1.9351
Run:01 Epoch: 0003 loss_train: 1.9354 loss_val: 1.9323
Run:01 Epoch: 0004 loss_train: 1.9325 loss_val: 1.9292
Run:01 Epoch: 0005 loss_train: 1.9295 loss_val: 1.9259
Run:01 Epoch: 0006 loss_train: 1.9261 loss_val: 1.9223
Run:01 Epoch: 0007 loss_train: 1.9227 loss_val: 1.9185
Run:01 Epoch: 0008 loss_train: 1.9193 loss_val: 1.9144
Run:01 Epoch: 0009 loss_train: 1.9151 loss_val: 1.9102
Run:01 Epoch: 0010 loss_train: 1.9114 loss_val: 1.9058
Run:01 Epoch: 0011 loss_train: 1.9073 loss_val: 1.9010
Run:01 Epoch: 0012 loss_train: 1.9029 loss_val: 1.8961
Run:01 Epoch: 0013 loss_train: 1.8986 loss_val: 1.8911
Run:01 Epoch: 0014 loss_train: 1.8942 loss_val: 1.8859
Run:01 Epoch: 0015 loss_train: 1.8899 loss_val: 1.8808
Run:01 Epoch: 0016 loss_train: 1.8855 loss_val: 1.8756
Run:01 Epoch: 0017 loss_train: 1.8813 loss_val: 1.8703
Run:01 Epoch: 0018 loss_train: 1.8769 loss_val: 1.8652
Run:01 Epoch: 0019 loss_train: 1.8735 loss_val: 1.8598
Run:01 Epoch: 0020 loss_train: 1.8692 loss_val: 1.8543
Run:01 Epoch: 0021 loss_train: 1.8662 loss_val: 1.8496
Run:01 Epoch: 0022 loss_train: 1.8637 loss_val: 1.8449
Run:01 Epoch: 0023 loss_train: 1.8616 loss_val: 1.8398
Run:01 Epoch: 0024 loss_train: 1.8601 loss_val: 1.8356
Run:01 Epoch: 0025 loss_train: 1.8591 loss_val: 1.8313
Run:01 Epoch: 0026 loss_train: 1.8607 loss_val: 1.8282
Run:01 Epoch: 0027 loss_train: 1.8629 loss_val: 1.8257
Run:01 Epoch: 0028 loss_train: 1.8678 loss_val: 1.8239
Run:01 Epoch: 0029 loss_train: 1.8737 loss_val: 1.8228
Run:01 Epoch: 0030 loss_train: 1.8817 loss_val: 1.8221
Run:01 Epoch: 0031 loss_train: 1.8911 loss_val: 1.8239
Run:01 Epoch: 0032 loss_train: 1.9033 loss_val: 1.8254
Run:01 Epoch: 0033 loss_train: 1.9172 loss_val: 1.8308
Run:01 Epoch: 0034 loss_train: 1.9330 loss_val: 1.8367
Run:01 Epoch: 0035 loss_train: 1.9492 loss_val: 1.8452
Run:01 Epoch: 0036 loss_train: 1.9662 loss_val: 1.8548
Run:01 Epoch: 0037 loss_train: 1.9828 loss_val: 1.8670
Run:01 Epoch: 0038 loss_train: 1.9997 loss_val: 1.8777
Run:01 Epoch: 0039 loss_train: 2.0152 loss_val: 1.8917
Run:01 Epoch: 0040 loss_train: 2.0283 loss_val: 1.9028
Run:01 Epoch: 0041 loss_train: 2.0392 loss_val: 1.9144
Run:01 Epoch: 0042 loss_train: 2.0474 loss_val: 1.9206
Run:01 Epoch: 0043 loss_train: 2.0536 loss_val: 1.9234
Run:01 Epoch: 0044 loss_train: 2.0564 loss_val: 1.9219
Run:01 Epoch: 0045 loss_train: 2.0549 loss_val: 1.9185
Run:01 Epoch: 0046 loss_train: 2.0515 loss_val: 1.9109
Run:01 Epoch: 0047 loss_train: 2.0437 loss_val: 1.9033
Run:01 Epoch: 0048 loss_train: 2.0369 loss_val: 1.8932
Run:01 Epoch: 0049 loss_train: 2.0279 loss_val: 1.8832
Run:01 Epoch: 0050 loss_train: 2.0162 loss_val: 1.8724
Run:01 Epoch: 0051 loss_train: 2.0077 loss_val: 1.8624
Run:01 Epoch: 0052 loss_train: 1.9967 loss_val: 1.8550
Run:01 Epoch: 0053 loss_train: 1.9874 loss_val: 1.8458
Run:01 Epoch: 0054 loss_train: 1.9792 loss_val: 1.8384
Run:01 Epoch: 0055 loss_train: 1.9704 loss_val: 1.8327
Run:01 Epoch: 0056 loss_train: 1.9652 loss_val: 1.8295
Run:01 Epoch: 0057 loss_train: 1.9578 loss_val: 1.8246
Run:01 Epoch: 0058 loss_train: 1.9521 loss_val: 1.8207
Run:01 Epoch: 0059 loss_train: 1.9494 loss_val: 1.8188
Run:01 Epoch: 0060 loss_train: 1.9455 loss_val: 1.8163
Run:01 Epoch: 0061 loss_train: 1.9440 loss_val: 1.8146
Run:01 Epoch: 0062 loss_train: 1.9413 loss_val: 1.8140
Run:01 Epoch: 0063 loss_train: 1.9399 loss_val: 1.8125
Run:01 Epoch: 0064 loss_train: 1.9367 loss_val: 1.8110
Run:01 Epoch: 0065 loss_train: 1.9353 loss_val: 1.8076
Run:01 Epoch: 0066 loss_train: 1.9331 loss_val: 1.8055
Run:01 Epoch: 0067 loss_train: 1.9300 loss_val: 1.8026
Run:01 Epoch: 0068 loss_train: 1.9253 loss_val: 1.8001
Run:01 Epoch: 0069 loss_train: 1.9211 loss_val: 1.7932
Run:01 Epoch: 0070 loss_train: 1.9148 loss_val: 1.7889
Run:01 Epoch: 0071 loss_train: 1.9086 loss_val: 1.7843
Run:01 Epoch: 0072 loss_train: 1.9030 loss_val: 1.7789
Run:01 Epoch: 0073 loss_train: 1.8954 loss_val: 1.7705
Run:01 Epoch: 0074 loss_train: 1.8866 loss_val: 1.7633
Run:01 Epoch: 0075 loss_train: 1.8797 loss_val: 1.7568
Run:01 Epoch: 0076 loss_train: 1.8726 loss_val: 1.7513
Run:01 Epoch: 0077 loss_train: 1.8651 loss_val: 1.7442
Run:01 Epoch: 0078 loss_train: 1.8563 loss_val: 1.7388
Run:01 Epoch: 0079 loss_train: 1.8480 loss_val: 1.7316
Run:01 Epoch: 0080 loss_train: 1.8426 loss_val: 1.7274
Run:01 Epoch: 0081 loss_train: 1.8338 loss_val: 1.7211
Run:01 Epoch: 0082 loss_train: 1.8260 loss_val: 1.7140
Run:01 Epoch: 0083 loss_train: 1.8189 loss_val: 1.7061
Run:01 Epoch: 0084 loss_train: 1.8110 loss_val: 1.7001
Run:01 Epoch: 0085 loss_train: 1.8017 loss_val: 1.6940
Run:01 Epoch: 0086 loss_train: 1.7929 loss_val: 1.6834
Run:01 Epoch: 0087 loss_train: 1.7842 loss_val: 1.6763
Run:01 Epoch: 0088 loss_train: 1.7745 loss_val: 1.6710
Run:01 Epoch: 0089 loss_train: 1.7662 loss_val: 1.6628
Run:01 Epoch: 0090 loss_train: 1.7564 loss_val: 1.6539
Run:01 Epoch: 0091 loss_train: 1.7455 loss_val: 1.6462
Run:01 Epoch: 0092 loss_train: 1.7353 loss_val: 1.6372
Run:01 Epoch: 0093 loss_train: 1.7249 loss_val: 1.6299
Run:01 Epoch: 0094 loss_train: 1.7143 loss_val: 1.6211
Run:01 Epoch: 0095 loss_train: 1.7029 loss_val: 1.6139
Run:01 Epoch: 0096 loss_train: 1.6930 loss_val: 1.6033
Run:01 Epoch: 0097 loss_train: 1.6823 loss_val: 1.5960
Run:01 Epoch: 0098 loss_train: 1.6726 loss_val: 1.5851
Run:01 Epoch: 0099 loss_train: 1.6628 loss_val: 1.5769
Run:01 Epoch: 0100 loss_train: 1.6516 loss_val: 1.5726
Run:01 Epoch: 0101 loss_train: 1.6425 loss_val: 1.5613
Run:01 Epoch: 0102 loss_train: 1.6314 loss_val: 1.5550
Run:01 Epoch: 0103 loss_train: 1.6207 loss_val: 1.5450
Run:01 Epoch: 0104 loss_train: 1.6099 loss_val: 1.5379
Run:01 Epoch: 0105 loss_train: 1.6026 loss_val: 1.5304
Run:01 Epoch: 0106 loss_train: 1.5910 loss_val: 1.5204
Run:01 Epoch: 0107 loss_train: 1.5799 loss_val: 1.5108
Run:01 Epoch: 0108 loss_train: 1.5707 loss_val: 1.5013
Run:01 Epoch: 0109 loss_train: 1.5589 loss_val: 1.4957
Run:01 Epoch: 0110 loss_train: 1.5482 loss_val: 1.4829
Run:01 Epoch: 0111 loss_train: 1.5385 loss_val: 1.4727
Run:01 Epoch: 0112 loss_train: 1.5290 loss_val: 1.4681
Run:01 Epoch: 0113 loss_train: 1.5172 loss_val: 1.4540
Run:01 Epoch: 0114 loss_train: 1.5082 loss_val: 1.4513
Run:01 Epoch: 0115 loss_train: 1.4992 loss_val: 1.4434
Run:01 Epoch: 0116 loss_train: 1.4911 loss_val: 1.4318
Run:01 Epoch: 0117 loss_train: 1.4808 loss_val: 1.4260
Run:01 Epoch: 0118 loss_train: 1.4720 loss_val: 1.4175
Run:01 Epoch: 0119 loss_train: 1.4631 loss_val: 1.4061
Run:01 Epoch: 0120 loss_train: 1.4550 loss_val: 1.4003
Run:01 Epoch: 0121 loss_train: 1.4459 loss_val: 1.3987
Run:01 Epoch: 0122 loss_train: 1.4372 loss_val: 1.3892
Run:01 Epoch: 0123 loss_train: 1.4294 loss_val: 1.3813
Run:01 Epoch: 0124 loss_train: 1.4198 loss_val: 1.3720
Run:01 Epoch: 0125 loss_train: 1.4115 loss_val: 1.3642
Run:01 Epoch: 0126 loss_train: 1.4026 loss_val: 1.3565
Run:01 Epoch: 0127 loss_train: 1.3964 loss_val: 1.3496
Run:01 Epoch: 0128 loss_train: 1.3884 loss_val: 1.3453
Run:01 Epoch: 0129 loss_train: 1.3799 loss_val: 1.3387
Run:01 Epoch: 0130 loss_train: 1.3724 loss_val: 1.3290
Run:01 Epoch: 0131 loss_train: 1.3643 loss_val: 1.3300
Run:01 Epoch: 0132 loss_train: 1.3588 loss_val: 1.3164
Run:01 Epoch: 0133 loss_train: 1.3526 loss_val: 1.3078
Run:01 Epoch: 0134 loss_train: 1.3436 loss_val: 1.3042
Run:01 Epoch: 0135 loss_train: 1.3361 loss_val: 1.2957
Run:01 Epoch: 0136 loss_train: 1.3301 loss_val: 1.2912
Run:01 Epoch: 0137 loss_train: 1.3198 loss_val: 1.2837
Run:01 Epoch: 0138 loss_train: 1.3117 loss_val: 1.2749
Run:01 Epoch: 0139 loss_train: 1.3079 loss_val: 1.2720
Run:01 Epoch: 0140 loss_train: 1.3018 loss_val: 1.2641
Run:01 Epoch: 0141 loss_train: 1.2933 loss_val: 1.2595
Run:01 Epoch: 0142 loss_train: 1.2875 loss_val: 1.2568
Run:01 Epoch: 0143 loss_train: 1.2813 loss_val: 1.2459
Run:01 Epoch: 0144 loss_train: 1.2766 loss_val: 1.2382
Run:01 Epoch: 0145 loss_train: 1.2708 loss_val: 1.2312
Run:01 Epoch: 0146 loss_train: 1.2668 loss_val: 1.2276
Run:01 Epoch: 0147 loss_train: 1.2588 loss_val: 1.2269
Run:01 Epoch: 0148 loss_train: 1.2506 loss_val: 1.2176
Run:01 Epoch: 0149 loss_train: 1.2465 loss_val: 1.2121
Run:01 Epoch: 0150 loss_train: 1.2402 loss_val: 1.2095
Run:01 Epoch: 0151 loss_train: 1.2339 loss_val: 1.1998
Run:01 Epoch: 0152 loss_train: 1.2271 loss_val: 1.1938
Run:01 Epoch: 0153 loss_train: 1.2206 loss_val: 1.2054
Run:01 Epoch: 0154 loss_train: 1.2160 loss_val: 1.1855
Run:01 Epoch: 0155 loss_train: 1.2078 loss_val: 1.1805
Run:01 Epoch: 0156 loss_train: 1.2053 loss_val: 1.1804
Run:01 Epoch: 0157 loss_train: 1.1988 loss_val: 1.1740
Run:01 Epoch: 0158 loss_train: 1.1951 loss_val: 1.1693
Run:01 Epoch: 0159 loss_train: 1.1887 loss_val: 1.1634
Run:01 Epoch: 0160 loss_train: 1.1846 loss_val: 1.1538
Run:01 Epoch: 0161 loss_train: 1.1784 loss_val: 1.1569
Run:01 Epoch: 0162 loss_train: 1.1713 loss_val: 1.1466
Run:01 Epoch: 0163 loss_train: 1.1673 loss_val: 1.1493
Run:01 Epoch: 0164 loss_train: 1.1617 loss_val: 1.1407
Run:01 Epoch: 0165 loss_train: 1.1559 loss_val: 1.1366
Run:01 Epoch: 0166 loss_train: 1.1556 loss_val: 1.1290
Run:01 Epoch: 0167 loss_train: 1.1513 loss_val: 1.1248
Run:01 Epoch: 0168 loss_train: 1.1419 loss_val: 1.1227
Run:01 Epoch: 0169 loss_train: 1.1381 loss_val: 1.1107
Run:01 Epoch: 0170 loss_train: 1.1320 loss_val: 1.1094
Run:01 Epoch: 0171 loss_train: 1.1285 loss_val: 1.1098
Run:01 Epoch: 0172 loss_train: 1.1244 loss_val: 1.1057
Run:01 Epoch: 0173 loss_train: 1.1183 loss_val: 1.1053
Run:01 Epoch: 0174 loss_train: 1.1162 loss_val: 1.0966
Run:01 Epoch: 0175 loss_train: 1.1105 loss_val: 1.0988
Run:01 Epoch: 0176 loss_train: 1.1062 loss_val: 1.0910
Run:01 Epoch: 0177 loss_train: 1.1011 loss_val: 1.0850
Run:01 Epoch: 0178 loss_train: 1.1010 loss_val: 1.0794
Run:01 Epoch: 0179 loss_train: 1.0919 loss_val: 1.0838
Run:01 Epoch: 0180 loss_train: 1.0900 loss_val: 1.0754
Run:01 Epoch: 0181 loss_train: 1.0875 loss_val: 1.0764
Run:01 Epoch: 0182 loss_train: 1.0842 loss_val: 1.0696
Run:01 Epoch: 0183 loss_train: 1.0813 loss_val: 1.0666
Run:01 Epoch: 0184 loss_train: 1.0749 loss_val: 1.0699
Run:01 Epoch: 0185 loss_train: 1.0716 loss_val: 1.0614
Run:01 Epoch: 0186 loss_train: 1.0658 loss_val: 1.0545
Run:01 Epoch: 0187 loss_train: 1.0683 loss_val: 1.0480
Run:01 Epoch: 0188 loss_train: 1.0595 loss_val: 1.0505
Run:01 Epoch: 0189 loss_train: 1.0587 loss_val: 1.0477
Run:01 Epoch: 0190 loss_train: 1.0524 loss_val: 1.0477
Run:01 Epoch: 0191 loss_train: 1.0476 loss_val: 1.0499
Run:01 Epoch: 0192 loss_train: 1.0512 loss_val: 1.0340
Run:01 Epoch: 0193 loss_train: 1.0444 loss_val: 1.0324
Run:01 Epoch: 0194 loss_train: 1.0439 loss_val: 1.0334
Run:01 Epoch: 0195 loss_train: 1.0393 loss_val: 1.0283
Run:01 Epoch: 0196 loss_train: 1.0366 loss_val: 1.0303
Run:01 Epoch: 0197 loss_train: 1.0345 loss_val: 1.0302
Run:01 Epoch: 0198 loss_train: 1.0298 loss_val: 1.0245
Run:01 Epoch: 0199 loss_train: 1.0255 loss_val: 1.0187
Run:01 Epoch: 0200 loss_train: 1.0253 loss_val: 1.0124
Run:01 Epoch: 0201 loss_train: 1.0236 loss_val: 1.0046
Run:01 Epoch: 0202 loss_train: 1.0176 loss_val: 1.0106
Run:01 Epoch: 0203 loss_train: 1.0148 loss_val: 1.0156
Run:01 Epoch: 0204 loss_train: 1.0118 loss_val: 1.0133
Run:01 Epoch: 0205 loss_train: 1.0105 loss_val: 1.0149
Run:01 Epoch: 0206 loss_train: 1.0048 loss_val: 1.0151
Run:01 Epoch: 0207 loss_train: 1.0026 loss_val: 1.0036
Run:01 Epoch: 0208 loss_train: 1.0028 loss_val: 1.0084
Run:01 Epoch: 0209 loss_train: 0.9994 loss_val: 0.9947
Run:01 Epoch: 0210 loss_train: 0.9968 loss_val: 0.9967
Run:01 Epoch: 0211 loss_train: 0.9917 loss_val: 0.9973
Run:01 Epoch: 0212 loss_train: 0.9910 loss_val: 0.9980
Run:01 Epoch: 0213 loss_train: 0.9873 loss_val: 0.9869
Run:01 Epoch: 0214 loss_train: 0.9855 loss_val: 0.9893
Run:01 Epoch: 0215 loss_train: 0.9818 loss_val: 0.9824
Run:01 Epoch: 0216 loss_train: 0.9813 loss_val: 0.9919
Run:01 Epoch: 0217 loss_train: 0.9781 loss_val: 0.9806
Run:01 Epoch: 0218 loss_train: 0.9767 loss_val: 0.9796
Run:01 Epoch: 0219 loss_train: 0.9705 loss_val: 0.9825
Run:01 Epoch: 0220 loss_train: 0.9713 loss_val: 0.9835
Run:01 Epoch: 0221 loss_train: 0.9682 loss_val: 0.9753
Run:01 Epoch: 0222 loss_train: 0.9677 loss_val: 0.9859
Run:01 Epoch: 0223 loss_train: 0.9646 loss_val: 0.9755
Run:01 Epoch: 0224 loss_train: 0.9657 loss_val: 0.9706
Run:01 Epoch: 0225 loss_train: 0.9604 loss_val: 0.9704
Run:01 Epoch: 0226 loss_train: 0.9602 loss_val: 0.9716
Run:01 Epoch: 0227 loss_train: 0.9580 loss_val: 0.9627
Run:01 Epoch: 0228 loss_train: 0.9531 loss_val: 0.9634
Run:01 Epoch: 0229 loss_train: 0.9530 loss_val: 0.9538
Run:01 Epoch: 0230 loss_train: 0.9477 loss_val: 0.9611
Run:01 Epoch: 0231 loss_train: 0.9504 loss_val: 0.9679
Run:01 Epoch: 0232 loss_train: 0.9491 loss_val: 0.9635
Run:01 Epoch: 0233 loss_train: 0.9459 loss_val: 0.9512
Run:01 Epoch: 0234 loss_train: 0.9380 loss_val: 0.9561
Run:01 Epoch: 0235 loss_train: 0.9397 loss_val: 0.9449
Run:01 Epoch: 0236 loss_train: 0.9360 loss_val: 0.9595
Run:01 Epoch: 0237 loss_train: 0.9385 loss_val: 0.9464
Run:01 Epoch: 0238 loss_train: 0.9372 loss_val: 0.9485
Run:01 Epoch: 0239 loss_train: 0.9328 loss_val: 0.9531
Run:01 Epoch: 0240 loss_train: 0.9309 loss_val: 0.9421
Run:01 Epoch: 0241 loss_train: 0.9295 loss_val: 0.9405
Run:01 Epoch: 0242 loss_train: 0.9297 loss_val: 0.9436
Run:01 Epoch: 0243 loss_train: 0.9226 loss_val: 0.9381
Run:01 Epoch: 0244 loss_train: 0.9224 loss_val: 0.9380
Run:01 Epoch: 0245 loss_train: 0.9216 loss_val: 0.9419
Run:01 Epoch: 0246 loss_train: 0.9179 loss_val: 0.9339
Run:01 Epoch: 0247 loss_train: 0.9159 loss_val: 0.9293
Run:01 Epoch: 0248 loss_train: 0.9149 loss_val: 0.9291
Run:01 Epoch: 0249 loss_train: 0.9145 loss_val: 0.9316
Run:01 Epoch: 0250 loss_train: 0.9126 loss_val: 0.9338
Run:01 Epoch: 0251 loss_train: 0.9080 loss_val: 0.9289
Run:01 Epoch: 0252 loss_train: 0.9085 loss_val: 0.9175
Run:01 Epoch: 0253 loss_train: 0.9082 loss_val: 0.9199
Run:01 Epoch: 0254 loss_train: 0.9051 loss_val: 0.9258
Run:01 Epoch: 0255 loss_train: 0.8999 loss_val: 0.9258
Run:01 Epoch: 0256 loss_train: 0.9045 loss_val: 0.9365
Run:01 Epoch: 0257 loss_train: 0.8998 loss_val: 0.9270
Run:01 Epoch: 0258 loss_train: 0.8976 loss_val: 0.9074
Run:01 Epoch: 0259 loss_train: 0.8965 loss_val: 0.9226
Run:01 Epoch: 0260 loss_train: 0.8925 loss_val: 0.9133
Run:01 Epoch: 0261 loss_train: 0.8851 loss_val: 0.9165
Run:01 Epoch: 0262 loss_train: 0.8943 loss_val: 0.9053
Run:01 Epoch: 0263 loss_train: 0.8910 loss_val: 0.9100
Run:01 Epoch: 0264 loss_train: 0.8935 loss_val: 0.9082
Run:01 Epoch: 0265 loss_train: 0.8903 loss_val: 0.9077
Run:01 Epoch: 0266 loss_train: 0.8846 loss_val: 0.9041
Run:01 Epoch: 0267 loss_train: 0.8824 loss_val: 0.8970
Run:01 Epoch: 0268 loss_train: 0.8783 loss_val: 0.9003
Run:01 Epoch: 0269 loss_train: 0.8781 loss_val: 0.9206
Run:01 Epoch: 0270 loss_train: 0.8753 loss_val: 0.9046
Run:01 Epoch: 0271 loss_train: 0.8744 loss_val: 0.9052
Run:01 Epoch: 0272 loss_train: 0.8769 loss_val: 0.9093
Run:01 Epoch: 0273 loss_train: 0.8758 loss_val: 0.9006
Run:01 Epoch: 0274 loss_train: 0.8696 loss_val: 0.8989
Run:01 Epoch: 0275 loss_train: 0.8710 loss_val: 0.8824
Run:01 Epoch: 0276 loss_train: 0.8686 loss_val: 0.8889
Run:01 Epoch: 0277 loss_train: 0.8628 loss_val: 0.8838
Run:01 Epoch: 0278 loss_train: 0.8661 loss_val: 0.8917
Run:01 Epoch: 0279 loss_train: 0.8653 loss_val: 0.8929
Run:01 Epoch: 0280 loss_train: 0.8632 loss_val: 0.8845
Run:01 Epoch: 0281 loss_train: 0.8616 loss_val: 0.8935
Run:01 Epoch: 0282 loss_train: 0.8604 loss_val: 0.8877
Run:01 Epoch: 0283 loss_train: 0.8607 loss_val: 0.8939
Run:01 Epoch: 0284 loss_train: 0.8576 loss_val: 0.8919
Run:01 Epoch: 0285 loss_train: 0.8557 loss_val: 0.8778
Run:01 Epoch: 0286 loss_train: 0.8551 loss_val: 0.8804
Run:01 Epoch: 0287 loss_train: 0.8548 loss_val: 0.8894
Run:01 Epoch: 0288 loss_train: 0.8509 loss_val: 0.8770
Run:01 Epoch: 0289 loss_train: 0.8469 loss_val: 0.8828
Run:01 Epoch: 0290 loss_train: 0.8485 loss_val: 0.8802
Run:01 Epoch: 0291 loss_train: 0.8474 loss_val: 0.8813
Run:01 Epoch: 0292 loss_train: 0.8464 loss_val: 0.8864
Run:01 Epoch: 0293 loss_train: 0.8466 loss_val: 0.8784
Run:01 Epoch: 0294 loss_train: 0.8448 loss_val: 0.8779
Run:01 Epoch: 0295 loss_train: 0.8404 loss_val: 0.8647
Run:01 Epoch: 0296 loss_train: 0.8428 loss_val: 0.8711
Run:01 Epoch: 0297 loss_train: 0.8391 loss_val: 0.8833
Run:01 Epoch: 0298 loss_train: 0.8400 loss_val: 0.8630
Run:01 Epoch: 0299 loss_train: 0.8363 loss_val: 0.8701
Run:01 Epoch: 0300 loss_train: 0.8357 loss_val: 0.8735
Run:01 Epoch: 0301 loss_train: 0.8390 loss_val: 0.8701
Run:01 Epoch: 0302 loss_train: 0.8321 loss_val: 0.8801
Run:01 Epoch: 0303 loss_train: 0.8320 loss_val: 0.8564
Run:01 Epoch: 0304 loss_train: 0.8301 loss_val: 0.8511
Run:01 Epoch: 0305 loss_train: 0.8293 loss_val: 0.8610
Run:01 Epoch: 0306 loss_train: 0.8331 loss_val: 0.8765
Run:01 Epoch: 0307 loss_train: 0.8262 loss_val: 0.8608
Run:01 Epoch: 0308 loss_train: 0.8277 loss_val: 0.8569
Run:01 Epoch: 0309 loss_train: 0.8196 loss_val: 0.8739
Run:01 Epoch: 0310 loss_train: 0.8213 loss_val: 0.8568
Run:01 Epoch: 0311 loss_train: 0.8254 loss_val: 0.8619
Run:01 Epoch: 0312 loss_train: 0.8240 loss_val: 0.8519
Run:01 Epoch: 0313 loss_train: 0.8205 loss_val: 0.8587
Run:01 Epoch: 0314 loss_train: 0.8209 loss_val: 0.8484
Run:01 Epoch: 0315 loss_train: 0.8182 loss_val: 0.8584
Run:01 Epoch: 0316 loss_train: 0.8154 loss_val: 0.8505
Run:01 Epoch: 0317 loss_train: 0.8182 loss_val: 0.8725
Run:01 Epoch: 0318 loss_train: 0.8133 loss_val: 0.8423
Run:01 Epoch: 0319 loss_train: 0.8152 loss_val: 0.8482
Run:01 Epoch: 0320 loss_train: 0.8105 loss_val: 0.8489
Run:01 Epoch: 0321 loss_train: 0.8118 loss_val: 0.8445
Run:01 Epoch: 0322 loss_train: 0.8096 loss_val: 0.8583
Run:01 Epoch: 0323 loss_train: 0.8049 loss_val: 0.8517
Run:01 Epoch: 0324 loss_train: 0.8064 loss_val: 0.8443
Run:01 Epoch: 0325 loss_train: 0.8017 loss_val: 0.8468
Run:01 Epoch: 0326 loss_train: 0.8046 loss_val: 0.8492
Run:01 Epoch: 0327 loss_train: 0.8062 loss_val: 0.8511
Run:01 Epoch: 0328 loss_train: 0.8044 loss_val: 0.8319
Run:01 Epoch: 0329 loss_train: 0.8020 loss_val: 0.8549
Run:01 Epoch: 0330 loss_train: 0.8046 loss_val: 0.8411
Run:01 Epoch: 0331 loss_train: 0.7966 loss_val: 0.8411
Run:01 Epoch: 0332 loss_train: 0.7989 loss_val: 0.8426
Run:01 Epoch: 0333 loss_train: 0.7976 loss_val: 0.8398
Run:01 Epoch: 0334 loss_train: 0.7969 loss_val: 0.8449
Run:01 Epoch: 0335 loss_train: 0.7938 loss_val: 0.8345
Run:01 Epoch: 0336 loss_train: 0.7964 loss_val: 0.8337
Run:01 Epoch: 0337 loss_train: 0.7929 loss_val: 0.8383
Run:01 Epoch: 0338 loss_train: 0.7917 loss_val: 0.8293
Run:01 Epoch: 0339 loss_train: 0.7948 loss_val: 0.8285
Run:01 Epoch: 0340 loss_train: 0.7918 loss_val: 0.8317
Run:01 Epoch: 0341 loss_train: 0.7888 loss_val: 0.8247
Run:01 Epoch: 0342 loss_train: 0.7894 loss_val: 0.8279
Run:01 Epoch: 0343 loss_train: 0.7884 loss_val: 0.8368
Run:01 Epoch: 0344 loss_train: 0.7831 loss_val: 0.8432
Run:01 Epoch: 0345 loss_train: 0.7868 loss_val: 0.8322
Run:01 Epoch: 0346 loss_train: 0.7844 loss_val: 0.8347
Run:01 Epoch: 0347 loss_train: 0.7830 loss_val: 0.8393
Run:01 Epoch: 0348 loss_train: 0.7837 loss_val: 0.8294
Run:01 Epoch: 0349 loss_train: 0.7827 loss_val: 0.8219
Run:01 Epoch: 0350 loss_train: 0.7795 loss_val: 0.8340
Run:01 Epoch: 0351 loss_train: 0.7801 loss_val: 0.8149
Run:01 Epoch: 0352 loss_train: 0.7776 loss_val: 0.8251
Run:01 Epoch: 0353 loss_train: 0.7776 loss_val: 0.8172
Run:01 Epoch: 0354 loss_train: 0.7763 loss_val: 0.8199
Run:01 Epoch: 0355 loss_train: 0.7718 loss_val: 0.8311
Run:01 Epoch: 0356 loss_train: 0.7741 loss_val: 0.8355
Run:01 Epoch: 0357 loss_train: 0.7706 loss_val: 0.8181
Run:01 Epoch: 0358 loss_train: 0.7710 loss_val: 0.8119
Run:01 Epoch: 0359 loss_train: 0.7703 loss_val: 0.8333
Run:01 Epoch: 0360 loss_train: 0.7706 loss_val: 0.8092
Run:01 Epoch: 0361 loss_train: 0.7710 loss_val: 0.8135
Run:01 Epoch: 0362 loss_train: 0.7688 loss_val: 0.8153
Run:01 Epoch: 0363 loss_train: 0.7700 loss_val: 0.8206
Run:01 Epoch: 0364 loss_train: 0.7652 loss_val: 0.8267
Run:01 Epoch: 0365 loss_train: 0.7664 loss_val: 0.8042
Run:01 Epoch: 0366 loss_train: 0.7645 loss_val: 0.8180
Run:01 Epoch: 0367 loss_train: 0.7680 loss_val: 0.8231
Run:01 Epoch: 0368 loss_train: 0.7642 loss_val: 0.8115
Run:01 Epoch: 0369 loss_train: 0.7629 loss_val: 0.8137
Run:01 Epoch: 0370 loss_train: 0.7644 loss_val: 0.8260
Run:01 Epoch: 0371 loss_train: 0.7610 loss_val: 0.8187
Run:01 Epoch: 0372 loss_train: 0.7633 loss_val: 0.8137
Run:01 Epoch: 0373 loss_train: 0.7568 loss_val: 0.8306
Run:01 Epoch: 0374 loss_train: 0.7608 loss_val: 0.8105
Run:01 Epoch: 0375 loss_train: 0.7583 loss_val: 0.8124
Run:01 Epoch: 0376 loss_train: 0.7554 loss_val: 0.8009
Run:01 Epoch: 0377 loss_train: 0.7575 loss_val: 0.8137
Run:01 Epoch: 0378 loss_train: 0.7539 loss_val: 0.7915
Run:01 Epoch: 0379 loss_train: 0.7517 loss_val: 0.8102
Run:01 Epoch: 0380 loss_train: 0.7568 loss_val: 0.8176
Run:01 Epoch: 0381 loss_train: 0.7485 loss_val: 0.8150
Run:01 Epoch: 0382 loss_train: 0.7550 loss_val: 0.8104
Run:01 Epoch: 0383 loss_train: 0.7469 loss_val: 0.8097
Run:01 Epoch: 0384 loss_train: 0.7516 loss_val: 0.8151
Run:01 Epoch: 0385 loss_train: 0.7488 loss_val: 0.8023
Run:01 Epoch: 0386 loss_train: 0.7461 loss_val: 0.8111
Run:01 Epoch: 0387 loss_train: 0.7475 loss_val: 0.7974
Run:01 Epoch: 0388 loss_train: 0.7498 loss_val: 0.8018
Run:01 Epoch: 0389 loss_train: 0.7478 loss_val: 0.7876
Run:01 Epoch: 0390 loss_train: 0.7429 loss_val: 0.7846
Run:01 Epoch: 0391 loss_train: 0.7463 loss_val: 0.8176
Run:01 Epoch: 0392 loss_train: 0.7410 loss_val: 0.8070
Run:01 Epoch: 0393 loss_train: 0.7444 loss_val: 0.7947
Run:01 Epoch: 0394 loss_train: 0.7408 loss_val: 0.7961
Run:01 Epoch: 0395 loss_train: 0.7425 loss_val: 0.7992
Run:01 Epoch: 0396 loss_train: 0.7411 loss_val: 0.7964
Run:01 Epoch: 0397 loss_train: 0.7369 loss_val: 0.7863
Run:01 Epoch: 0398 loss_train: 0.7402 loss_val: 0.8037
Run:01 Epoch: 0399 loss_train: 0.7344 loss_val: 0.8000
Run:01 Epoch: 0400 loss_train: 0.7345 loss_val: 0.8080
Run:01 Epoch: 0401 loss_train: 0.7352 loss_val: 0.7916
Run:01 Epoch: 0402 loss_train: 0.7355 loss_val: 0.7881
Run:01 Epoch: 0403 loss_train: 0.7364 loss_val: 0.7962
Run:01 Epoch: 0404 loss_train: 0.7357 loss_val: 0.7883
Run:01 Epoch: 0405 loss_train: 0.7338 loss_val: 0.7957
Run:01 Epoch: 0406 loss_train: 0.7326 loss_val: 0.7926
Run:01 Epoch: 0407 loss_train: 0.7308 loss_val: 0.7917
Run:01 Epoch: 0408 loss_train: 0.7301 loss_val: 0.8003
Run:01 Epoch: 0409 loss_train: 0.7314 loss_val: 0.8073
Run:01 Epoch: 0410 loss_train: 0.7294 loss_val: 0.7844
Run:01 Epoch: 0411 loss_train: 0.7229 loss_val: 0.7857
Run:01 Epoch: 0412 loss_train: 0.7260 loss_val: 0.7982
Run:01 Epoch: 0413 loss_train: 0.7282 loss_val: 0.7922
Run:01 Epoch: 0414 loss_train: 0.7256 loss_val: 0.7874
Run:01 Epoch: 0415 loss_train: 0.7259 loss_val: 0.7775
Run:01 Epoch: 0416 loss_train: 0.7246 loss_val: 0.7808
Run:01 Epoch: 0417 loss_train: 0.7211 loss_val: 0.7829
Run:01 Epoch: 0418 loss_train: 0.7238 loss_val: 0.7864
Run:01 Epoch: 0419 loss_train: 0.7224 loss_val: 0.7846
Run:01 Epoch: 0420 loss_train: 0.7214 loss_val: 0.8012
Run:01 Epoch: 0421 loss_train: 0.7191 loss_val: 0.7713
Run:01 Epoch: 0422 loss_train: 0.7209 loss_val: 0.7769
Run:01 Epoch: 0423 loss_train: 0.7163 loss_val: 0.7877
Run:01 Epoch: 0424 loss_train: 0.7164 loss_val: 0.7774
Run:01 Epoch: 0425 loss_train: 0.7128 loss_val: 0.7665
Run:01 Epoch: 0426 loss_train: 0.7132 loss_val: 0.7696
Run:01 Epoch: 0427 loss_train: 0.7182 loss_val: 0.7719
Run:01 Epoch: 0428 loss_train: 0.7157 loss_val: 0.7804
Run:01 Epoch: 0429 loss_train: 0.7147 loss_val: 0.7759
Run:01 Epoch: 0430 loss_train: 0.7141 loss_val: 0.7815
Run:01 Epoch: 0431 loss_train: 0.7165 loss_val: 0.7670
Run:01 Epoch: 0432 loss_train: 0.7176 loss_val: 0.7730
Run:01 Epoch: 0433 loss_train: 0.7133 loss_val: 0.7810
Run:01 Epoch: 0434 loss_train: 0.7134 loss_val: 0.7807
Run:01 Epoch: 0435 loss_train: 0.7153 loss_val: 0.7739
Run:01 Epoch: 0436 loss_train: 0.7097 loss_val: 0.7758
Run:01 Epoch: 0437 loss_train: 0.7111 loss_val: 0.7753
Run:01 Epoch: 0438 loss_train: 0.7082 loss_val: 0.7830
Run:01 Epoch: 0439 loss_train: 0.7059 loss_val: 0.7654
Run:01 Epoch: 0440 loss_train: 0.7058 loss_val: 0.7717
Run:01 Epoch: 0441 loss_train: 0.7051 loss_val: 0.7743
Run:01 Epoch: 0442 loss_train: 0.7026 loss_val: 0.7761
Run:01 Epoch: 0443 loss_train: 0.7078 loss_val: 0.7725
Run:01 Epoch: 0444 loss_train: 0.6998 loss_val: 0.7781
Run:01 Epoch: 0445 loss_train: 0.7010 loss_val: 0.7754
Run:01 Epoch: 0446 loss_train: 0.7035 loss_val: 0.7729
Run:01 Epoch: 0447 loss_train: 0.6997 loss_val: 0.7626
Run:01 Epoch: 0448 loss_train: 0.7052 loss_val: 0.7643
Run:01 Epoch: 0449 loss_train: 0.7038 loss_val: 0.7671
Run:01 Epoch: 0450 loss_train: 0.6975 loss_val: 0.7777
Run:01 Epoch: 0451 loss_train: 0.6994 loss_val: 0.7683
Run:01 Epoch: 0452 loss_train: 0.6971 loss_val: 0.7794
Run:01 Epoch: 0453 loss_train: 0.6981 loss_val: 0.7740
Run:01 Epoch: 0454 loss_train: 0.6930 loss_val: 0.7756
Run:01 Epoch: 0455 loss_train: 0.6907 loss_val: 0.7713
Run:01 Epoch: 0456 loss_train: 0.6954 loss_val: 0.7646
Run:01 Epoch: 0457 loss_train: 0.6970 loss_val: 0.7647
Run:01 Epoch: 0458 loss_train: 0.6931 loss_val: 0.7626
Run:01 Epoch: 0459 loss_train: 0.6925 loss_val: 0.7719
Run:01 Epoch: 0460 loss_train: 0.6921 loss_val: 0.7530
Run:01 Epoch: 0461 loss_train: 0.6891 loss_val: 0.7712
Run:01 Epoch: 0462 loss_train: 0.6881 loss_val: 0.7689
Run:01 Epoch: 0463 loss_train: 0.6863 loss_val: 0.7701
Run:01 Epoch: 0464 loss_train: 0.6936 loss_val: 0.7688
Run:01 Epoch: 0465 loss_train: 0.6890 loss_val: 0.7691
Run:01 Epoch: 0466 loss_train: 0.6889 loss_val: 0.7759
Run:01 Epoch: 0467 loss_train: 0.6892 loss_val: 0.7598
Run:01 Epoch: 0468 loss_train: 0.6876 loss_val: 0.7776
Run:01 Epoch: 0469 loss_train: 0.6878 loss_val: 0.7593
Run:01 Epoch: 0470 loss_train: 0.6884 loss_val: 0.7537
Run:01 Epoch: 0471 loss_train: 0.6831 loss_val: 0.7665
Run:01 Epoch: 0472 loss_train: 0.6839 loss_val: 0.7549
Run:01 Epoch: 0473 loss_train: 0.6851 loss_val: 0.7610
Run:01 Epoch: 0474 loss_train: 0.6826 loss_val: 0.7665
Run:01 Epoch: 0475 loss_train: 0.6828 loss_val: 0.7494
Run:01 Epoch: 0476 loss_train: 0.6829 loss_val: 0.7654
Run:01 Epoch: 0477 loss_train: 0.6816 loss_val: 0.7435
Run:01 Epoch: 0478 loss_train: 0.6809 loss_val: 0.7588
Run:01 Epoch: 0479 loss_train: 0.6779 loss_val: 0.7632
Run:01 Epoch: 0480 loss_train: 0.6814 loss_val: 0.7593
Run:01 Epoch: 0481 loss_train: 0.6826 loss_val: 0.7490
Run:01 Epoch: 0482 loss_train: 0.6777 loss_val: 0.7637
Run:01 Epoch: 0483 loss_train: 0.6767 loss_val: 0.7558
Run:01 Epoch: 0484 loss_train: 0.6771 loss_val: 0.7437
Run:01 Epoch: 0485 loss_train: 0.6792 loss_val: 0.7584
Run:01 Epoch: 0486 loss_train: 0.6750 loss_val: 0.7683
Run:01 Epoch: 0487 loss_train: 0.6720 loss_val: 0.7602
Run:01 Epoch: 0488 loss_train: 0.6764 loss_val: 0.7701
Run:01 Epoch: 0489 loss_train: 0.6733 loss_val: 0.7474
Run:01 Epoch: 0490 loss_train: 0.6727 loss_val: 0.7571
Run:01 Epoch: 0491 loss_train: 0.6747 loss_val: 0.7542
Run:01 Epoch: 0492 loss_train: 0.6697 loss_val: 0.7561
Run:01 Epoch: 0493 loss_train: 0.6713 loss_val: 0.7396
Run:01 Epoch: 0494 loss_train: 0.6751 loss_val: 0.7667
Run:01 Epoch: 0495 loss_train: 0.6674 loss_val: 0.7527
Run:01 Epoch: 0496 loss_train: 0.6679 loss_val: 0.7537
Run:01 Epoch: 0497 loss_train: 0.6727 loss_val: 0.7533
Run:01 Epoch: 0498 loss_train: 0.6704 loss_val: 0.7440
Run:01 Epoch: 0499 loss_train: 0.6666 loss_val: 0.7471
Run:01 Epoch: 0500 loss_train: 0.6651 loss_val: 0.7619
Run:01 Epoch: 0501 loss_train: 0.6665 loss_val: 0.7444
Run:01 Epoch: 0502 loss_train: 0.6704 loss_val: 0.7565
Run:01 Epoch: 0503 loss_train: 0.6683 loss_val: 0.7426
Run:01 Epoch: 0504 loss_train: 0.6652 loss_val: 0.7520
Run:01 Epoch: 0505 loss_train: 0.6642 loss_val: 0.7388
Run:01 Epoch: 0506 loss_train: 0.6621 loss_val: 0.7517
Run:01 Epoch: 0507 loss_train: 0.6639 loss_val: 0.7382
Run:01 Epoch: 0508 loss_train: 0.6597 loss_val: 0.7379
Run:01 Epoch: 0509 loss_train: 0.6600 loss_val: 0.7406
Run:01 Epoch: 0510 loss_train: 0.6593 loss_val: 0.7607
Run:01 Epoch: 0511 loss_train: 0.6573 loss_val: 0.7573
Run:01 Epoch: 0512 loss_train: 0.6558 loss_val: 0.7422
Run:01 Epoch: 0513 loss_train: 0.6629 loss_val: 0.7491
Run:01 Epoch: 0514 loss_train: 0.6586 loss_val: 0.7398
Run:01 Epoch: 0515 loss_train: 0.6589 loss_val: 0.7419
Run:01 Epoch: 0516 loss_train: 0.6569 loss_val: 0.7404
Run:01 Epoch: 0517 loss_train: 0.6573 loss_val: 0.7421
Run:01 Epoch: 0518 loss_train: 0.6562 loss_val: 0.7506
Run:01 Epoch: 0519 loss_train: 0.6553 loss_val: 0.7444
Run:01 Epoch: 0520 loss_train: 0.6563 loss_val: 0.7426
Run:01 Epoch: 0521 loss_train: 0.6514 loss_val: 0.7422
Run:01 Epoch: 0522 loss_train: 0.6491 loss_val: 0.7413
Run:01 Epoch: 0523 loss_train: 0.6563 loss_val: 0.7380
Run:01 Epoch: 0524 loss_train: 0.6521 loss_val: 0.7439
Run:01 Epoch: 0525 loss_train: 0.6500 loss_val: 0.7363
Run:01 Epoch: 0526 loss_train: 0.6551 loss_val: 0.7311
Run:01 Epoch: 0527 loss_train: 0.6516 loss_val: 0.7385
Run:01 Epoch: 0528 loss_train: 0.6481 loss_val: 0.7332
Run:01 Epoch: 0529 loss_train: 0.6504 loss_val: 0.7435
Run:01 Epoch: 0530 loss_train: 0.6475 loss_val: 0.7382
Run:01 Epoch: 0531 loss_train: 0.6485 loss_val: 0.7373
Run:01 Epoch: 0532 loss_train: 0.6463 loss_val: 0.7290
Run:01 Epoch: 0533 loss_train: 0.6448 loss_val: 0.7370
Run:01 Epoch: 0534 loss_train: 0.6499 loss_val: 0.7432
Run:01 Epoch: 0535 loss_train: 0.6511 loss_val: 0.7332
Run:01 Epoch: 0536 loss_train: 0.6429 loss_val: 0.7243
Run:01 Epoch: 0537 loss_train: 0.6471 loss_val: 0.7405
Run:01 Epoch: 0538 loss_train: 0.6440 loss_val: 0.7342
Run:01 Epoch: 0539 loss_train: 0.6423 loss_val: 0.7381
Run:01 Epoch: 0540 loss_train: 0.6417 loss_val: 0.7452
Run:01 Epoch: 0541 loss_train: 0.6466 loss_val: 0.7465
Run:01 Epoch: 0542 loss_train: 0.6428 loss_val: 0.7196
Run:01 Epoch: 0543 loss_train: 0.6434 loss_val: 0.7185
Run:01 Epoch: 0544 loss_train: 0.6428 loss_val: 0.7366
Run:01 Epoch: 0545 loss_train: 0.6405 loss_val: 0.7358
Run:01 Epoch: 0546 loss_train: 0.6410 loss_val: 0.7303
Run:01 Epoch: 0547 loss_train: 0.6403 loss_val: 0.7216
Run:01 Epoch: 0548 loss_train: 0.6410 loss_val: 0.7253
Run:01 Epoch: 0549 loss_train: 0.6371 loss_val: 0.7391
Run:01 Epoch: 0550 loss_train: 0.6374 loss_val: 0.7272
Run:01 Epoch: 0551 loss_train: 0.6388 loss_val: 0.7483
Run:01 Epoch: 0552 loss_train: 0.6385 loss_val: 0.7424
Run:01 Epoch: 0553 loss_train: 0.6349 loss_val: 0.7284
Run:01 Epoch: 0554 loss_train: 0.6356 loss_val: 0.7208
Run:01 Epoch: 0555 loss_train: 0.6369 loss_val: 0.7270
Run:01 Epoch: 0556 loss_train: 0.6359 loss_val: 0.7333
Run:01 Epoch: 0557 loss_train: 0.6321 loss_val: 0.7267
Run:01 Epoch: 0558 loss_train: 0.6351 loss_val: 0.7198
Run:01 Epoch: 0559 loss_train: 0.6342 loss_val: 0.7214
Run:01 Epoch: 0560 loss_train: 0.6321 loss_val: 0.7212
Run:01 Epoch: 0561 loss_train: 0.6344 loss_val: 0.7335
Run:01 Epoch: 0562 loss_train: 0.6307 loss_val: 0.7329
Run:01 Epoch: 0563 loss_train: 0.6291 loss_val: 0.7310
Run:01 Epoch: 0564 loss_train: 0.6262 loss_val: 0.7192
Run:01 Epoch: 0565 loss_train: 0.6259 loss_val: 0.7288
Run:01 Epoch: 0566 loss_train: 0.6278 loss_val: 0.7097
Run:01 Epoch: 0567 loss_train: 0.6303 loss_val: 0.7045
Run:01 Epoch: 0568 loss_train: 0.6290 loss_val: 0.7249
Run:01 Epoch: 0569 loss_train: 0.6265 loss_val: 0.7155
Run:01 Epoch: 0570 loss_train: 0.6259 loss_val: 0.7300
Run:01 Epoch: 0571 loss_train: 0.6289 loss_val: 0.7300
Run:01 Epoch: 0572 loss_train: 0.6272 loss_val: 0.7195
Run:01 Epoch: 0573 loss_train: 0.6255 loss_val: 0.7362
Run:01 Epoch: 0574 loss_train: 0.6213 loss_val: 0.7108
Run:01 Epoch: 0575 loss_train: 0.6264 loss_val: 0.7408
Run:01 Epoch: 0576 loss_train: 0.6212 loss_val: 0.7094
Run:01 Epoch: 0577 loss_train: 0.6246 loss_val: 0.7164
Run:01 Epoch: 0578 loss_train: 0.6217 loss_val: 0.7075
Run:01 Epoch: 0579 loss_train: 0.6258 loss_val: 0.7193
Run:01 Epoch: 0580 loss_train: 0.6253 loss_val: 0.7126
Run:01 Epoch: 0581 loss_train: 0.6202 loss_val: 0.7121
Run:01 Epoch: 0582 loss_train: 0.6236 loss_val: 0.7088
Run:01 Epoch: 0583 loss_train: 0.6255 loss_val: 0.7013
Run:01 Epoch: 0584 loss_train: 0.6173 loss_val: 0.7173
Run:01 Epoch: 0585 loss_train: 0.6173 loss_val: 0.7049
Run:01 Epoch: 0586 loss_train: 0.6237 loss_val: 0.7134
Run:01 Epoch: 0587 loss_train: 0.6193 loss_val: 0.7173
Run:01 Epoch: 0588 loss_train: 0.6162 loss_val: 0.7263
Run:01 Epoch: 0589 loss_train: 0.6174 loss_val: 0.7195
Run:01 Epoch: 0590 loss_train: 0.6162 loss_val: 0.7161
Run:01 Epoch: 0591 loss_train: 0.6177 loss_val: 0.7084
Run:01 Epoch: 0592 loss_train: 0.6149 loss_val: 0.7099
Run:01 Epoch: 0593 loss_train: 0.6168 loss_val: 0.7174
Run:01 Epoch: 0594 loss_train: 0.6131 loss_val: 0.7137
Run:01 Epoch: 0595 loss_train: 0.6147 loss_val: 0.7169
Run:01 Epoch: 0596 loss_train: 0.6147 loss_val: 0.7115
Run:01 Epoch: 0597 loss_train: 0.6111 loss_val: 0.7199
Run:01 Epoch: 0598 loss_train: 0.6096 loss_val: 0.6956
Run:01 Epoch: 0599 loss_train: 0.6096 loss_val: 0.7104
Run:01 Epoch: 0600 loss_train: 0.6128 loss_val: 0.7119
Run:01 Epoch: 0601 loss_train: 0.6127 loss_val: 0.7086
Run:01 Epoch: 0602 loss_train: 0.6156 loss_val: 0.6995
Run:01 Epoch: 0603 loss_train: 0.6118 loss_val: 0.7102
Run:01 Epoch: 0604 loss_train: 0.6100 loss_val: 0.6968
Run:01 Epoch: 0605 loss_train: 0.6112 loss_val: 0.7168
Run:01 Epoch: 0606 loss_train: 0.6082 loss_val: 0.7039
Run:01 Epoch: 0607 loss_train: 0.6053 loss_val: 0.7101
Run:01 Epoch: 0608 loss_train: 0.6081 loss_val: 0.7051
Run:01 Epoch: 0609 loss_train: 0.6085 loss_val: 0.7156
Run:01 Epoch: 0610 loss_train: 0.6046 loss_val: 0.7063
Run:01 Epoch: 0611 loss_train: 0.6075 loss_val: 0.7027
Run:01 Epoch: 0612 loss_train: 0.6077 loss_val: 0.7145
Run:01 Epoch: 0613 loss_train: 0.6078 loss_val: 0.7001
Run:01 Epoch: 0614 loss_train: 0.6053 loss_val: 0.6967
Run:01 Epoch: 0615 loss_train: 0.6046 loss_val: 0.6954
Run:01 Epoch: 0616 loss_train: 0.6025 loss_val: 0.6978
Run:01 Epoch: 0617 loss_train: 0.6029 loss_val: 0.7006
Run:01 Epoch: 0618 loss_train: 0.6059 loss_val: 0.7156
Run:01 Epoch: 0619 loss_train: 0.6010 loss_val: 0.7119
Run:01 Epoch: 0620 loss_train: 0.5996 loss_val: 0.7074
Run:01 Epoch: 0621 loss_train: 0.6001 loss_val: 0.7186
Run:01 Epoch: 0622 loss_train: 0.6025 loss_val: 0.6985
Run:01 Epoch: 0623 loss_train: 0.5986 loss_val: 0.7012
Run:01 Epoch: 0624 loss_train: 0.6018 loss_val: 0.7029
Run:01 Epoch: 0625 loss_train: 0.6029 loss_val: 0.7068
Run:01 Epoch: 0626 loss_train: 0.6030 loss_val: 0.7008
Run:01 Epoch: 0627 loss_train: 0.5962 loss_val: 0.7158
Run:01 Epoch: 0628 loss_train: 0.5981 loss_val: 0.7027
Run:01 Epoch: 0629 loss_train: 0.5978 loss_val: 0.7066
Run:01 Epoch: 0630 loss_train: 0.5985 loss_val: 0.6996
Run:01 Epoch: 0631 loss_train: 0.5974 loss_val: 0.6996
Run:01 Epoch: 0632 loss_train: 0.5989 loss_val: 0.6988
Run:01 Epoch: 0633 loss_train: 0.5956 loss_val: 0.7005
Run:01 Epoch: 0634 loss_train: 0.5978 loss_val: 0.6948
Run:01 Epoch: 0635 loss_train: 0.5937 loss_val: 0.6983
Run:01 Epoch: 0636 loss_train: 0.5905 loss_val: 0.6991
Run:01 Epoch: 0637 loss_train: 0.5952 loss_val: 0.7036
Run:01 Epoch: 0638 loss_train: 0.5926 loss_val: 0.7115
Run:01 Epoch: 0639 loss_train: 0.5921 loss_val: 0.6967
Run:01 Epoch: 0640 loss_train: 0.5908 loss_val: 0.7000
Run:01 Epoch: 0641 loss_train: 0.5899 loss_val: 0.7152
Run:01 Epoch: 0642 loss_train: 0.5917 loss_val: 0.6955
Run:01 Epoch: 0643 loss_train: 0.5904 loss_val: 0.6963
Run:01 Epoch: 0644 loss_train: 0.5869 loss_val: 0.7008
Run:01 Epoch: 0645 loss_train: 0.5904 loss_val: 0.7034
Run:01 Epoch: 0646 loss_train: 0.5891 loss_val: 0.6859
Run:01 Epoch: 0647 loss_train: 0.5914 loss_val: 0.6881
Run:01 Epoch: 0648 loss_train: 0.5876 loss_val: 0.6957
Run:01 Epoch: 0649 loss_train: 0.5907 loss_val: 0.6907
Run:01 Epoch: 0650 loss_train: 0.5877 loss_val: 0.7000
Run:01 Epoch: 0651 loss_train: 0.5873 loss_val: 0.7003
Run:01 Epoch: 0652 loss_train: 0.5861 loss_val: 0.7045
Run:01 Epoch: 0653 loss_train: 0.5880 loss_val: 0.7025
Run:01 Epoch: 0654 loss_train: 0.5831 loss_val: 0.6850
Run:01 Epoch: 0655 loss_train: 0.5858 loss_val: 0.6963
Run:01 Epoch: 0656 loss_train: 0.5854 loss_val: 0.6864
Run:01 Epoch: 0657 loss_train: 0.5840 loss_val: 0.7088
Run:01 Epoch: 0658 loss_train: 0.5836 loss_val: 0.7062
Run:01 Epoch: 0659 loss_train: 0.5819 loss_val: 0.6910
Run:01 Epoch: 0660 loss_train: 0.5870 loss_val: 0.7016
Run:01 Epoch: 0661 loss_train: 0.5835 loss_val: 0.7035
Run:01 Epoch: 0662 loss_train: 0.5831 loss_val: 0.7044
Run:01 Epoch: 0663 loss_train: 0.5833 loss_val: 0.6802
Run:01 Epoch: 0664 loss_train: 0.5788 loss_val: 0.6947
Run:01 Epoch: 0665 loss_train: 0.5798 loss_val: 0.6835
Run:01 Epoch: 0666 loss_train: 0.5824 loss_val: 0.6913
Run:01 Epoch: 0667 loss_train: 0.5848 loss_val: 0.6968
Run:01 Epoch: 0668 loss_train: 0.5818 loss_val: 0.6863
Run:01 Epoch: 0669 loss_train: 0.5800 loss_val: 0.6893
Run:01 Epoch: 0670 loss_train: 0.5805 loss_val: 0.6969
Run:01 Epoch: 0671 loss_train: 0.5779 loss_val: 0.6983
Run:01 Epoch: 0672 loss_train: 0.5796 loss_val: 0.7004
Run:01 Epoch: 0673 loss_train: 0.5780 loss_val: 0.6814
Run:01 Epoch: 0674 loss_train: 0.5796 loss_val: 0.6836
Run:01 Epoch: 0675 loss_train: 0.5770 loss_val: 0.6839
Run:01 Epoch: 0676 loss_train: 0.5751 loss_val: 0.6843
Run:01 Epoch: 0677 loss_train: 0.5774 loss_val: 0.6947
Run:01 Epoch: 0678 loss_train: 0.5753 loss_val: 0.6871
Run:01 Epoch: 0679 loss_train: 0.5736 loss_val: 0.6866
Run:01 Epoch: 0680 loss_train: 0.5744 loss_val: 0.6790
Run:01 Epoch: 0681 loss_train: 0.5735 loss_val: 0.6896
Run:01 Epoch: 0682 loss_train: 0.5736 loss_val: 0.6933
Run:01 Epoch: 0683 loss_train: 0.5715 loss_val: 0.6802
Run:01 Epoch: 0684 loss_train: 0.5779 loss_val: 0.6829
Run:01 Epoch: 0685 loss_train: 0.5701 loss_val: 0.6793
Run:01 Epoch: 0686 loss_train: 0.5721 loss_val: 0.6893
Run:01 Epoch: 0687 loss_train: 0.5736 loss_val: 0.6756
Run:01 Epoch: 0688 loss_train: 0.5736 loss_val: 0.6783
Run:01 Epoch: 0689 loss_train: 0.5728 loss_val: 0.6791
Run:01 Epoch: 0690 loss_train: 0.5710 loss_val: 0.6812
Run:01 Epoch: 0691 loss_train: 0.5703 loss_val: 0.6740
Run:01 Epoch: 0692 loss_train: 0.5723 loss_val: 0.6817
Run:01 Epoch: 0693 loss_train: 0.5700 loss_val: 0.6913
Run:01 Epoch: 0694 loss_train: 0.5668 loss_val: 0.6854
Run:01 Epoch: 0695 loss_train: 0.5657 loss_val: 0.6900
Run:01 Epoch: 0696 loss_train: 0.5715 loss_val: 0.6948
Run:01 Epoch: 0697 loss_train: 0.5681 loss_val: 0.6922
Run:01 Epoch: 0698 loss_train: 0.5654 loss_val: 0.6958
Run:01 Epoch: 0699 loss_train: 0.5686 loss_val: 0.6728
Run:01 Epoch: 0700 loss_train: 0.5654 loss_val: 0.6825
Run:01 Epoch: 0701 loss_train: 0.5676 loss_val: 0.6769
Run:01 Epoch: 0702 loss_train: 0.5649 loss_val: 0.6899
Run:01 Epoch: 0703 loss_train: 0.5638 loss_val: 0.6913
Run:01 Epoch: 0704 loss_train: 0.5608 loss_val: 0.6732
Run:01 Epoch: 0705 loss_train: 0.5629 loss_val: 0.6659
Run:01 Epoch: 0706 loss_train: 0.5597 loss_val: 0.6858
Run:01 Epoch: 0707 loss_train: 0.5643 loss_val: 0.6941
Run:01 Epoch: 0708 loss_train: 0.5652 loss_val: 0.6759
Run:01 Epoch: 0709 loss_train: 0.5603 loss_val: 0.6830
Run:01 Epoch: 0710 loss_train: 0.5650 loss_val: 0.6863
Run:01 Epoch: 0711 loss_train: 0.5608 loss_val: 0.6764
Run:01 Epoch: 0712 loss_train: 0.5606 loss_val: 0.6789
Run:01 Epoch: 0713 loss_train: 0.5568 loss_val: 0.6870
Run:01 Epoch: 0714 loss_train: 0.5606 loss_val: 0.6810
Run:01 Epoch: 0715 loss_train: 0.5599 loss_val: 0.6744
Run:01 Epoch: 0716 loss_train: 0.5601 loss_val: 0.6856
Run:01 Epoch: 0717 loss_train: 0.5591 loss_val: 0.6821
Run:01 Epoch: 0718 loss_train: 0.5602 loss_val: 0.6666
Run:01 Epoch: 0719 loss_train: 0.5579 loss_val: 0.6797
Run:01 Epoch: 0720 loss_train: 0.5582 loss_val: 0.6986
Run:01 Epoch: 0721 loss_train: 0.5653 loss_val: 0.6757
Run:01 Epoch: 0722 loss_train: 0.5630 loss_val: 0.6749
Run:01 Epoch: 0723 loss_train: 0.5595 loss_val: 0.6807
Run:01 Epoch: 0724 loss_train: 0.5630 loss_val: 0.6719
Run:01 Epoch: 0725 loss_train: 0.5596 loss_val: 0.6633
Run:01 Epoch: 0726 loss_train: 0.5548 loss_val: 0.6594
Run:01 Epoch: 0727 loss_train: 0.5516 loss_val: 0.6778
Run:01 Epoch: 0728 loss_train: 0.5561 loss_val: 0.6671
Run:01 Epoch: 0729 loss_train: 0.5586 loss_val: 0.6706
Run:01 Epoch: 0730 loss_train: 0.5597 loss_val: 0.6743
Run:01 Epoch: 0731 loss_train: 0.5541 loss_val: 0.6770
Run:01 Epoch: 0732 loss_train: 0.5591 loss_val: 0.6811
Run:01 Epoch: 0733 loss_train: 0.5594 loss_val: 0.6705
Run:01 Epoch: 0734 loss_train: 0.5557 loss_val: 0.6791
Run:01 Epoch: 0735 loss_train: 0.5551 loss_val: 0.6653
Run:01 Epoch: 0736 loss_train: 0.5558 loss_val: 0.6687
Run:01 Epoch: 0737 loss_train: 0.5559 loss_val: 0.6767
Run:01 Epoch: 0738 loss_train: 0.5541 loss_val: 0.6823
Run:01 Epoch: 0739 loss_train: 0.5507 loss_val: 0.6870
Run:01 Epoch: 0740 loss_train: 0.5489 loss_val: 0.6791
Run:01 Epoch: 0741 loss_train: 0.5549 loss_val: 0.6681
Run:01 Epoch: 0742 loss_train: 0.5470 loss_val: 0.6781
Run:01 Epoch: 0743 loss_train: 0.5498 loss_val: 0.6574
Run:01 Epoch: 0744 loss_train: 0.5486 loss_val: 0.6501
Run:01 Epoch: 0745 loss_train: 0.5506 loss_val: 0.6682
Run:01 Epoch: 0746 loss_train: 0.5528 loss_val: 0.6650
Run:01 Epoch: 0747 loss_train: 0.5471 loss_val: 0.6673
Run:01 Epoch: 0748 loss_train: 0.5508 loss_val: 0.6737
Run:01 Epoch: 0749 loss_train: 0.5462 loss_val: 0.6758
Run:01 Epoch: 0750 loss_train: 0.5476 loss_val: 0.6693
Run:01 Epoch: 0751 loss_train: 0.5487 loss_val: 0.6734
Run:01 Epoch: 0752 loss_train: 0.5483 loss_val: 0.6841
Run:01 Epoch: 0753 loss_train: 0.5450 loss_val: 0.6834
Run:01 Epoch: 0754 loss_train: 0.5446 loss_val: 0.6642
Run:01 Epoch: 0755 loss_train: 0.5480 loss_val: 0.6743
Run:01 Epoch: 0756 loss_train: 0.5438 loss_val: 0.6538
Run:01 Epoch: 0757 loss_train: 0.5436 loss_val: 0.6809
Run:01 Epoch: 0758 loss_train: 0.5419 loss_val: 0.6671
Run:01 Epoch: 0759 loss_train: 0.5454 loss_val: 0.6618
Run:01 Epoch: 0760 loss_train: 0.5426 loss_val: 0.6706
Run:01 Epoch: 0761 loss_train: 0.5447 loss_val: 0.6770
Run:01 Epoch: 0762 loss_train: 0.5441 loss_val: 0.6522
Run:01 Epoch: 0763 loss_train: 0.5453 loss_val: 0.6491
Run:01 Epoch: 0764 loss_train: 0.5408 loss_val: 0.6647
Run:01 Epoch: 0765 loss_train: 0.5428 loss_val: 0.6723
Run:01 Epoch: 0766 loss_train: 0.5433 loss_val: 0.6603
Run:01 Epoch: 0767 loss_train: 0.5410 loss_val: 0.6552
Run:01 Epoch: 0768 loss_train: 0.5433 loss_val: 0.6608
Run:01 Epoch: 0769 loss_train: 0.5417 loss_val: 0.6678
Run:01 Epoch: 0770 loss_train: 0.5353 loss_val: 0.6690
Run:01 Epoch: 0771 loss_train: 0.5424 loss_val: 0.6680
Run:01 Epoch: 0772 loss_train: 0.5408 loss_val: 0.6558
Run:01 Epoch: 0773 loss_train: 0.5412 loss_val: 0.6569
Run:01 Epoch: 0774 loss_train: 0.5410 loss_val: 0.6670
Run:01 Epoch: 0775 loss_train: 0.5425 loss_val: 0.6632
Run:01 Epoch: 0776 loss_train: 0.5397 loss_val: 0.6742
Run:01 Epoch: 0777 loss_train: 0.5448 loss_val: 0.6575
Run:01 Epoch: 0778 loss_train: 0.5369 loss_val: 0.6663
Run:01 Epoch: 0779 loss_train: 0.5424 loss_val: 0.6543
Run:01 Epoch: 0780 loss_train: 0.5351 loss_val: 0.6556
Run:01 Epoch: 0781 loss_train: 0.5362 loss_val: 0.6571
Run:01 Epoch: 0782 loss_train: 0.5333 loss_val: 0.6671
Run:01 Epoch: 0783 loss_train: 0.5335 loss_val: 0.6732
Run:01 Epoch: 0784 loss_train: 0.5359 loss_val: 0.6689
Run:01 Epoch: 0785 loss_train: 0.5318 loss_val: 0.6540
Run:01 Epoch: 0786 loss_train: 0.5343 loss_val: 0.6481
Run:01 Epoch: 0787 loss_train: 0.5321 loss_val: 0.6521
Run:01 Epoch: 0788 loss_train: 0.5374 loss_val: 0.6459
Run:01 Epoch: 0789 loss_train: 0.5346 loss_val: 0.6664
Run:01 Epoch: 0790 loss_train: 0.5307 loss_val: 0.6659
Run:01 Epoch: 0791 loss_train: 0.5373 loss_val: 0.6673
Run:01 Epoch: 0792 loss_train: 0.5333 loss_val: 0.6712
Run:01 Epoch: 0793 loss_train: 0.5307 loss_val: 0.6619
Run:01 Epoch: 0794 loss_train: 0.5337 loss_val: 0.6567
Run:01 Epoch: 0795 loss_train: 0.5337 loss_val: 0.6633
Run:01 Epoch: 0796 loss_train: 0.5305 loss_val: 0.6475
Run:01 Epoch: 0797 loss_train: 0.5307 loss_val: 0.6665
Run:01 Epoch: 0798 loss_train: 0.5330 loss_val: 0.6585
Run:01 Epoch: 0799 loss_train: 0.5346 loss_val: 0.6604
Run:01 Epoch: 0800 loss_train: 0.5296 loss_val: 0.6534
Run:01 Epoch: 0801 loss_train: 0.5302 loss_val: 0.6502
Run:01 Epoch: 0802 loss_train: 0.5280 loss_val: 0.6499
Run:01 Epoch: 0803 loss_train: 0.5306 loss_val: 0.6569
Run:01 Epoch: 0804 loss_train: 0.5279 loss_val: 0.6515
Run:01 Epoch: 0805 loss_train: 0.5258 loss_val: 0.6711
Run:01 Epoch: 0806 loss_train: 0.5261 loss_val: 0.6517
Run:01 Epoch: 0807 loss_train: 0.5274 loss_val: 0.6554
Run:01 Epoch: 0808 loss_train: 0.5330 loss_val: 0.6580
Run:01 Epoch: 0809 loss_train: 0.5309 loss_val: 0.6544
Run:01 Epoch: 0810 loss_train: 0.5324 loss_val: 0.6520
Run:01 Epoch: 0811 loss_train: 0.5288 loss_val: 0.6464
Run:01 Epoch: 0812 loss_train: 0.5245 loss_val: 0.6471
Run:01 Epoch: 0813 loss_train: 0.5246 loss_val: 0.6560
Run:01 Epoch: 0814 loss_train: 0.5237 loss_val: 0.6495
Run:01 Epoch: 0815 loss_train: 0.5275 loss_val: 0.6584
Run:01 Epoch: 0816 loss_train: 0.5237 loss_val: 0.6473
Run:01 Epoch: 0817 loss_train: 0.5277 loss_val: 0.6545
Run:01 Epoch: 0818 loss_train: 0.5242 loss_val: 0.6662
Run:01 Epoch: 0819 loss_train: 0.5226 loss_val: 0.6714
Run:01 Epoch: 0820 loss_train: 0.5230 loss_val: 0.6483
Run:01 Epoch: 0821 loss_train: 0.5243 loss_val: 0.6518
Run:01 Epoch: 0822 loss_train: 0.5214 loss_val: 0.6531
Run:01 Epoch: 0823 loss_train: 0.5242 loss_val: 0.6504
Run:01 Epoch: 0824 loss_train: 0.5227 loss_val: 0.6623
Run:01 Epoch: 0825 loss_train: 0.5180 loss_val: 0.6516
Run:01 Epoch: 0826 loss_train: 0.5230 loss_val: 0.6643
Run:01 Epoch: 0827 loss_train: 0.5257 loss_val: 0.6321
Run:01 Epoch: 0828 loss_train: 0.5203 loss_val: 0.6424
Run:01 Epoch: 0829 loss_train: 0.5228 loss_val: 0.6422
Run:01 Epoch: 0830 loss_train: 0.5226 loss_val: 0.6531
Run:01 Epoch: 0831 loss_train: 0.5178 loss_val: 0.6560
Run:01 Epoch: 0832 loss_train: 0.5192 loss_val: 0.6492
Run:01 Epoch: 0833 loss_train: 0.5186 loss_val: 0.6406
Run:01 Epoch: 0834 loss_train: 0.5209 loss_val: 0.6371
Run:01 Epoch: 0835 loss_train: 0.5141 loss_val: 0.6536
Run:01 Epoch: 0836 loss_train: 0.5182 loss_val: 0.6521
Run:01 Epoch: 0837 loss_train: 0.5193 loss_val: 0.6508
Run:01 Epoch: 0838 loss_train: 0.5182 loss_val: 0.6513
Run:01 Epoch: 0839 loss_train: 0.5222 loss_val: 0.6655
Run:01 Epoch: 0840 loss_train: 0.5188 loss_val: 0.6411
Run:01 Epoch: 0841 loss_train: 0.5148 loss_val: 0.6407
Run:01 Epoch: 0842 loss_train: 0.5164 loss_val: 0.6456
Run:01 Epoch: 0843 loss_train: 0.5170 loss_val: 0.6616
Run:01 Epoch: 0844 loss_train: 0.5160 loss_val: 0.6416
Run:01 Epoch: 0845 loss_train: 0.5193 loss_val: 0.6553
Run:01 Epoch: 0846 loss_train: 0.5134 loss_val: 0.6533
Run:01 Epoch: 0847 loss_train: 0.5151 loss_val: 0.6526
Run:01 Epoch: 0848 loss_train: 0.5110 loss_val: 0.6385
Run:01 Epoch: 0849 loss_train: 0.5122 loss_val: 0.6550
Run:01 Epoch: 0850 loss_train: 0.5195 loss_val: 0.6458
Run:01 Epoch: 0851 loss_train: 0.5128 loss_val: 0.6595
Run:01 Epoch: 0852 loss_train: 0.5117 loss_val: 0.6627
Run:01 Epoch: 0853 loss_train: 0.5123 loss_val: 0.6454
Run:01 Epoch: 0854 loss_train: 0.5164 loss_val: 0.6546
Run:01 Epoch: 0855 loss_train: 0.5130 loss_val: 0.6387
Run:01 Epoch: 0856 loss_train: 0.5119 loss_val: 0.6407
Run:01 Epoch: 0857 loss_train: 0.5091 loss_val: 0.6587
Run:01 Epoch: 0858 loss_train: 0.5080 loss_val: 0.6353
Run:01 Epoch: 0859 loss_train: 0.5143 loss_val: 0.6445
Run:01 Epoch: 0860 loss_train: 0.5131 loss_val: 0.6376
Run:01 Epoch: 0861 loss_train: 0.5125 loss_val: 0.6347
Run:01 Epoch: 0862 loss_train: 0.5154 loss_val: 0.6462
Run:01 Epoch: 0863 loss_train: 0.5144 loss_val: 0.6555
Run:01 Epoch: 0864 loss_train: 0.5143 loss_val: 0.6473
Run:01 Epoch: 0865 loss_train: 0.5096 loss_val: 0.6654
Run:01 Epoch: 0866 loss_train: 0.5080 loss_val: 0.6441
Run:01 Epoch: 0867 loss_train: 0.5101 loss_val: 0.6461
Run:01 Epoch: 0868 loss_train: 0.5109 loss_val: 0.6371
Run:01 Epoch: 0869 loss_train: 0.5092 loss_val: 0.6382
Run:01 Epoch: 0870 loss_train: 0.5080 loss_val: 0.6435
Run:01 Epoch: 0871 loss_train: 0.5089 loss_val: 0.6384
Run:01 Epoch: 0872 loss_train: 0.5075 loss_val: 0.6430
Run:01 Epoch: 0873 loss_train: 0.5063 loss_val: 0.6513
Run:01 Epoch: 0874 loss_train: 0.5090 loss_val: 0.6304
Run:01 Epoch: 0875 loss_train: 0.5084 loss_val: 0.6412
Run:01 Epoch: 0876 loss_train: 0.5064 loss_val: 0.6556
Run:01 Epoch: 0877 loss_train: 0.5053 loss_val: 0.6536
Run:01 Epoch: 0878 loss_train: 0.5071 loss_val: 0.6391
Run:01 Epoch: 0879 loss_train: 0.5100 loss_val: 0.6435
Run:01 Epoch: 0880 loss_train: 0.5084 loss_val: 0.6390
Run:01 Epoch: 0881 loss_train: 0.5069 loss_val: 0.6373
Run:01 Epoch: 0882 loss_train: 0.5099 loss_val: 0.6403
Run:01 Epoch: 0883 loss_train: 0.5073 loss_val: 0.6364
Run:01 Epoch: 0884 loss_train: 0.5054 loss_val: 0.6298
Run:01 Epoch: 0885 loss_train: 0.5037 loss_val: 0.6425
Run:01 Epoch: 0886 loss_train: 0.5077 loss_val: 0.6358
Run:01 Run Train: 100%|| 1/1 [1:41:59<00:00, 6119.27s/it]Run Train: 100%|| 1/1 [1:41:59<00:00, 6119.27s/it]
Epoch: 0887 loss_train: 0.5116 loss_val: 0.6417
Run:01 Epoch: 0888 loss_train: 0.5013 loss_val: 0.6384
Run:01 Epoch: 0889 loss_train: 0.5023 loss_val: 0.6464
Run:01 Epoch: 0890 loss_train: 0.5058 loss_val: 0.6467
Run:01 Epoch: 0891 loss_train: 0.4982 loss_val: 0.6220
Run:01 Epoch: 0892 loss_train: 0.5065 loss_val: 0.6457
Run:01 Epoch: 0893 loss_train: 0.5080 loss_val: 0.6439
Run:01 Epoch: 0894 loss_train: 0.4973 loss_val: 0.6292
Run:01 Epoch: 0895 loss_train: 0.4964 loss_val: 0.6547
Run:01 Epoch: 0896 loss_train: 0.5032 loss_val: 0.6469
Run:01 Epoch: 0897 loss_train: 0.5018 loss_val: 0.6386
Run:01 Epoch: 0898 loss_train: 0.5028 loss_val: 0.6337
Run:01 Epoch: 0899 loss_train: 0.4997 loss_val: 0.6394
Run:01 Epoch: 0900 loss_train: 0.5018 loss_val: 0.6451
Run:01 Epoch: 0901 loss_train: 0.4982 loss_val: 0.6417
Run:01 Epoch: 0902 loss_train: 0.5039 loss_val: 0.6365
Run:01 Epoch: 0903 loss_train: 0.5032 loss_val: 0.6493
Run:01 Epoch: 0904 loss_train: 0.5032 loss_val: 0.6544
Run:01 Epoch: 0905 loss_train: 0.5034 loss_val: 0.6295
Run:01 Epoch: 0906 loss_train: 0.4997 loss_val: 0.6425
Run:01 Epoch: 0907 loss_train: 0.4994 loss_val: 0.6434
Run:01 Epoch: 0908 loss_train: 0.4975 loss_val: 0.6209
Run:01 Epoch: 0909 loss_train: 0.5010 loss_val: 0.6426
Run:01 Epoch: 0910 loss_train: 0.4972 loss_val: 0.6227
Run:01 Epoch: 0911 loss_train: 0.4958 loss_val: 0.6281
Run:01 Epoch: 0912 loss_train: 0.4970 loss_val: 0.6435
Run:01 Epoch: 0913 loss_train: 0.4960 loss_val: 0.6445
Run:01 Epoch: 0914 loss_train: 0.4972 loss_val: 0.6340
Run:01 Epoch: 0915 loss_train: 0.4991 loss_val: 0.6304
Run:01 Epoch: 0916 loss_train: 0.4964 loss_val: 0.6331
Run:01 Epoch: 0917 loss_train: 0.4933 loss_val: 0.6192
Run:01 Epoch: 0918 loss_train: 0.4995 loss_val: 0.6333
Run:01 Epoch: 0919 loss_train: 0.4957 loss_val: 0.6297
Run:01 Epoch: 0920 loss_train: 0.4955 loss_val: 0.6308
Run:01 Epoch: 0921 loss_train: 0.4969 loss_val: 0.6509
Run:01 Epoch: 0922 loss_train: 0.4955 loss_val: 0.6373
Run:01 Epoch: 0923 loss_train: 0.4939 loss_val: 0.6267
Run:01 Epoch: 0924 loss_train: 0.4933 loss_val: 0.6377
Run:01 Epoch: 0925 loss_train: 0.4939 loss_val: 0.6332
Run:01 Epoch: 0926 loss_train: 0.4928 loss_val: 0.6167
Run:01 Epoch: 0927 loss_train: 0.4952 loss_val: 0.6363
Run:01 Epoch: 0928 loss_train: 0.4928 loss_val: 0.6296
Run:01 Epoch: 0929 loss_train: 0.4894 loss_val: 0.6413
Run:01 Epoch: 0930 loss_train: 0.4980 loss_val: 0.6406
Run:01 Epoch: 0931 loss_train: 0.4927 loss_val: 0.6336
Run:01 Epoch: 0932 loss_train: 0.4895 loss_val: 0.6295
Run:01 Epoch: 0933 loss_train: 0.4916 loss_val: 0.6416
Run:01 Epoch: 0934 loss_train: 0.4936 loss_val: 0.6538
Run:01 Epoch: 0935 loss_train: 0.4904 loss_val: 0.6311
Run:01 Epoch: 0936 loss_train: 0.4902 loss_val: 0.6289
Run:01 Epoch: 0937 loss_train: 0.4917 loss_val: 0.6105
Run:01 Epoch: 0938 loss_train: 0.4949 loss_val: 0.6404
Run:01 Epoch: 0939 loss_train: 0.4899 loss_val: 0.6328
Run:01 Epoch: 0940 loss_train: 0.4918 loss_val: 0.6237
Run:01 Epoch: 0941 loss_train: 0.4915 loss_val: 0.6302
Run:01 Epoch: 0942 loss_train: 0.4890 loss_val: 0.6175
Run:01 Epoch: 0943 loss_train: 0.4887 loss_val: 0.6330
Run:01 Epoch: 0944 loss_train: 0.4889 loss_val: 0.6383
Run:01 Epoch: 0945 loss_train: 0.4873 loss_val: 0.6220
Run:01 Epoch: 0946 loss_train: 0.4919 loss_val: 0.6169
Run:01 Epoch: 0947 loss_train: 0.4857 loss_val: 0.6349
Run:01 Epoch: 0948 loss_train: 0.4836 loss_val: 0.6273
Run:01 Epoch: 0949 loss_train: 0.4859 loss_val: 0.6256
Run:01 Epoch: 0950 loss_train: 0.4847 loss_val: 0.6228
Run:01 Epoch: 0951 loss_train: 0.4887 loss_val: 0.6331
Run:01 Epoch: 0952 loss_train: 0.4911 loss_val: 0.6261
Run:01 Epoch: 0953 loss_train: 0.4846 loss_val: 0.6183
Run:01 Epoch: 0954 loss_train: 0.4907 loss_val: 0.6383
Run:01 Epoch: 0955 loss_train: 0.4861 loss_val: 0.6384
Run:01 Epoch: 0956 loss_train: 0.4873 loss_val: 0.6285
Run:01 Epoch: 0957 loss_train: 0.4817 loss_val: 0.6300
Run:01 Epoch: 0958 loss_train: 0.4860 loss_val: 0.6317
Run:01 Epoch: 0959 loss_train: 0.4846 loss_val: 0.6355
Run:01 Epoch: 0960 loss_train: 0.4842 loss_val: 0.6298
Run:01 Epoch: 0961 loss_train: 0.4830 loss_val: 0.6237
Run:01 Epoch: 0962 loss_train: 0.4828 loss_val: 0.6226
Run:01 Epoch: 0963 loss_train: 0.4866 loss_val: 0.6192
Run:01 Epoch: 0964 loss_train: 0.4831 loss_val: 0.6327
Run:01 Epoch: 0965 loss_train: 0.4864 loss_val: 0.6232
Run:01 Epoch: 0966 loss_train: 0.4802 loss_val: 0.6375
Run:01 Epoch: 0967 loss_train: 0.4866 loss_val: 0.6321
Run:01 Epoch: 0968 loss_train: 0.4812 loss_val: 0.6259
Run:01 Epoch: 0969 loss_train: 0.4834 loss_val: 0.6400
Run:01 Epoch: 0970 loss_train: 0.4841 loss_val: 0.6281
Run:01 Epoch: 0971 loss_train: 0.4844 loss_val: 0.6333
Run:01 Epoch: 0972 loss_train: 0.4817 loss_val: 0.6281
Run:01 Epoch: 0973 loss_train: 0.4806 loss_val: 0.6309
Run:01 Epoch: 0974 loss_train: 0.4875 loss_val: 0.6269
Run:01 Epoch: 0975 loss_train: 0.4822 loss_val: 0.6269
Run:01 Epoch: 0976 loss_train: 0.4818 loss_val: 0.6132
Run:01 Epoch: 0977 loss_train: 0.4878 loss_val: 0.6185
Run:01 Epoch: 0978 loss_train: 0.4841 loss_val: 0.6363
Run:01 Epoch: 0979 loss_train: 0.4827 loss_val: 0.6297
Run:01 Epoch: 0980 loss_train: 0.4788 loss_val: 0.6312
Run:01 Epoch: 0981 loss_train: 0.4826 loss_val: 0.6342
Run:01 Epoch: 0982 loss_train: 0.4859 loss_val: 0.6193
Run:01 Epoch: 0983 loss_train: 0.4787 loss_val: 0.6205
Run:01 Epoch: 0984 loss_train: 0.4824 loss_val: 0.6409
Run:01 Epoch: 0985 loss_train: 0.4757 loss_val: 0.6240
Run:01 Epoch: 0986 loss_train: 0.4820 loss_val: 0.6139
Run:01 Epoch: 0987 loss_train: 0.4772 loss_val: 0.6213
Run:01 Epoch: 0988 loss_train: 0.4760 loss_val: 0.6231
Run:01 Epoch: 0989 loss_train: 0.4804 loss_val: 0.6126
Run:01 Epoch: 0990 loss_train: 0.4790 loss_val: 0.6143
Run:01 Epoch: 0991 loss_train: 0.4736 loss_val: 0.6148
Run:01 Epoch: 0992 loss_train: 0.4753 loss_val: 0.6256
Run:01 Epoch: 0993 loss_train: 0.4791 loss_val: 0.6132
Run:01 Epoch: 0994 loss_train: 0.4795 loss_val: 0.6234
Run:01 Epoch: 0995 loss_train: 0.4800 loss_val: 0.6186
Run:01 Epoch: 0996 loss_train: 0.4777 loss_val: 0.6231
Run:01 Epoch: 0997 loss_train: 0.4816 loss_val: 0.6285
Run:01 Epoch: 0998 loss_train: 0.4753 loss_val: 0.6281
Run:01 Epoch: 0999 loss_train: 0.4774 loss_val: 0.6217
Run:01 Epoch: 1000 loss_train: 0.4733 loss_val: 0.6095
test acc: 0.8007380073800738 test acc std 0.0


test micro f1: 0.8007380073800738 test macro f1 0.779581704345537
