/users/Min/miniconda/envs/hy/lib/python3.9/site-packages/torch_geometric/data/in_memory_dataset.py:284: UserWarning: It is not recommended to directly access the internal storage format `data` of an 'InMemoryDataset'. If you are absolutely certain what you are doing, access the internal storage via `InMemoryDataset._data` instead to suppress this warning. Alternatively, you can access stacked individual attributes of every graph via `dataset.{attr_name}`.
  warnings.warn(msg)
args
 Namespace(samples=4, concat=4, latent_size=10, dataset='contact-high-school', seed=3407, lr=0.001, weight_decay=0.0005, hidden=64, dropout=0.5, batch_size=128, tem=0.5, lam=1.0, pretrain_epochs=50, pretrain_lr=0.01, conditional=True, update_epochs=20, num_models=100, warmup=200, train_prop=0.5, valid_prop=0.25, dname='contact-high-school', method='AllDeepSets', epochs=500, runs=3, cuda=0, wd=0.0, All_num_layers=2, MLP_num_layers=2, MLP_hidden=8, Classifier_num_layers=2, Classifier_hidden=64, display_step=-1, aggregate='mean', normtype='all_one', add_self_loop=True, normalization='ln', deepset_input_norm=True, GPR=False, LearnMask=False, num_features=0, num_classes=9, feature_noise='1', exclude_self=False, PMA=True, HyperGCN_mediators=True, HyperGCN_fast=True, heads=1, output_heads=1, HNHN_alpha=-1.5, HNHN_beta=-0.5, HNHN_nonlinear_inbetween=True, HCHA_symdegnorm=False, UniGNN_use_norm=False, UniGNN_degV=0, UniGNN_degE=0)
data info: Data(x=[327, 9], edge_index=[2, 18519], y=[327], n_x=327, train_percent=0.01, num_hyperedges=7818, totedges=8145, num_ori_edge=18192, norm=[18519])
model:
 LASetGNN(
  (V2EConvs): ModuleList(
    (0): HalfNLHconv()
    (1): HalfNLHconv()
  )
  (E2VConvs): ModuleList(
    (0): HalfNLHconv()
    (1): HalfNLHconv()
  )
  (bnV2Es): ModuleList(
    (0): BatchNorm1d(8, eps=1e-05, momentum=0.1, affine=True, track_running_stats=True)
    (1): BatchNorm1d(8, eps=1e-05, momentum=0.1, affine=True, track_running_stats=True)
  )
  (bnE2Vs): ModuleList(
    (0): BatchNorm1d(8, eps=1e-05, momentum=0.1, affine=True, track_running_stats=True)
    (1): BatchNorm1d(8, eps=1e-05, momentum=0.1, affine=True, track_running_stats=True)
  )
  (classifier): MLP(
    (lins): ModuleList(
      (0): Linear(in_features=80, out_features=64, bias=True)
      (1): Linear(in_features=64, out_features=9, bias=True)
    )
    (normalizations): ModuleList(
      (0): Identity()
      (1): LayerNorm((64,), eps=1e-05, elementwise_affine=True)
    )
  )
)
Run Train:   0%|          | 0/3 [00:00<?, ?it/s]/users/Min/HG/src_new/latrain_allset_highschool.py:226: UserWarning: To copy construct from a tensor, it is recommended to use sourceTensor.clone().detach() or sourceTensor.clone().detach().requires_grad_(True), rather than torch.tensor(sourceTensor).
  cvae_features = torch.tensor(features, dtype=torch.float32).to(device)
/users/Min/miniconda/envs/hy/lib/python3.9/site-packages/torch/nn/functional.py:1967: UserWarning: nn.functional.sigmoid is deprecated. Use torch.sigmoid instead.
  warnings.warn("nn.functional.sigmoid is deprecated. Use torch.sigmoid instead.")
Epoch: 0001 loss_train: 2.4759 loss_val: 2.1800
Epoch: 0002 loss_train: 2.4904 loss_val: 2.1989
Epoch: 0003 loss_train: 2.5408 loss_val: 2.2165
Epoch: 0004 loss_train: 2.4233 loss_val: 2.2024
Epoch: 0005 loss_train: 2.4372 loss_val: 2.2124
Epoch: 0006 loss_train: 2.4476 loss_val: 2.2112
Epoch: 0007 loss_train: 2.4422 loss_val: 2.2071
Epoch: 0008 loss_train: 2.4412 loss_val: 2.2279
Epoch: 0009 loss_train: 2.3863 loss_val: 2.2487
Epoch: 0010 loss_train: 2.4286 loss_val: 2.2439
Epoch: 0011 loss_train: 2.4317 loss_val: 2.2485
Epoch: 0012 loss_train: 2.4186 loss_val: 2.2396
Epoch: 0013 loss_train: 2.3888 loss_val: 2.2565
Epoch: 0014 loss_train: 2.3700 loss_val: 2.2518
Epoch: 0015 loss_train: 2.3387 loss_val: 2.2460
Epoch: 0016 loss_train: 2.3875 loss_val: 2.2422
Epoch: 0017 loss_train: 2.4257 loss_val: 2.2418
Epoch: 0018 loss_train: 2.3737 loss_val: 2.2577
Epoch: 0019 loss_train: 2.3444 loss_val: 2.2563
Epoch: 0020 loss_train: 2.3413 loss_val: 2.2550
Epoch: 0021 loss_train: 2.3764 loss_val: 2.2443
Epoch: 0022 loss_train: 2.3356 loss_val: 2.2444
Epoch: 0023 loss_train: 2.3293 loss_val: 2.2397
Epoch: 0024 loss_train: 2.3130 loss_val: 2.2326
Epoch: 0025 loss_train: 2.3330 loss_val: 2.2433
Epoch: 0026 loss_train: 2.3168 loss_val: 2.2288
Epoch: 0027 loss_train: 2.3251 loss_val: 2.2255
Epoch: 0028 loss_train: 2.3183 loss_val: 2.2369
Epoch: 0029 loss_train: 2.3183 loss_val: 2.2253
Epoch: 0030 loss_train: 2.3091 loss_val: 2.2202
Epoch: 0031 loss_train: 2.2830 loss_val: 2.2233
Epoch: 0032 loss_train: 2.2665 loss_val: 2.2240
Epoch: 0033 loss_train: 2.3177 loss_val: 2.2229
Epoch: 0034 loss_train: 2.2937 loss_val: 2.2275
Epoch: 0035 loss_train: 2.2769 loss_val: 2.2260
Epoch: 0036 loss_train: 2.2875 loss_val: 2.2274
Epoch: 0037 loss_train: 2.2788 loss_val: 2.2254
Epoch: 0038 loss_train: 2.2896 loss_val: 2.2191
Epoch: 0039 loss_train: 2.2786 loss_val: 2.2220
Epoch: 0040 loss_train: 2.2745 loss_val: 2.2208
Epoch: 0041 loss_train: 2.2636 loss_val: 2.2265
Epoch: 0042 loss_train: 2.2665 loss_val: 2.2136
Epoch: 0043 loss_train: 2.2793 loss_val: 2.2268
Epoch: 0044 loss_train: 2.2697 loss_val: 2.2203
Epoch: 0045 loss_train: 2.2586 loss_val: 2.2183
Epoch: 0046 loss_train: 2.2640 loss_val: 2.2187
Epoch: 0047 loss_train: 2.2431 loss_val: 2.2183
Epoch: 0048 loss_train: 2.2487 loss_val: 2.2174
Epoch: 0049 loss_train: 2.2326 loss_val: 2.2181
Epoch: 0050 loss_train: 2.2586 loss_val: 2.2232
Epoch: 0051 loss_train: 2.2622 loss_val: 2.2186
Epoch: 0052 loss_train: 2.2637 loss_val: 2.2219
Epoch: 0053 loss_train: 2.2324 loss_val: 2.2236
Epoch: 0054 loss_train: 2.2359 loss_val: 2.2144
Epoch: 0055 loss_train: 2.1999 loss_val: 2.2152
Epoch: 0056 loss_train: 2.2463 loss_val: 2.2171
Epoch: 0057 loss_train: 2.2453 loss_val: 2.2196
Epoch: 0058 loss_train: 2.2512 loss_val: 2.2147
Epoch: 0059 loss_train: 2.2063 loss_val: 2.2158
Epoch: 0060 loss_train: 2.2236 loss_val: 2.2095
Epoch: 0061 loss_train: 2.1970 loss_val: 2.2137
Epoch: 0062 loss_train: 2.2448 loss_val: 2.2239
Epoch: 0063 loss_train: 2.2212 loss_val: 2.2203
Epoch: 0064 loss_train: 2.2201 loss_val: 2.2124
Epoch: 0065 loss_train: 2.2262 loss_val: 2.2191
Epoch: 0066 loss_train: 2.2276 loss_val: 2.2154
Epoch: 0067 loss_train: 2.2193 loss_val: 2.2186
Epoch: 0068 loss_train: 2.2204 loss_val: 2.2130
Epoch: 0069 loss_train: 2.2198 loss_val: 2.2114
Epoch: 0070 loss_train: 2.2186 loss_val: 2.2150
Epoch: 0071 loss_train: 2.2136 loss_val: 2.2123
Epoch: 0072 loss_train: 2.2078 loss_val: 2.2180
Epoch: 0073 loss_train: 2.2287 loss_val: 2.2085
Epoch: 0074 loss_train: 2.2040 loss_val: 2.2165
Epoch: 0075 loss_train: 2.1867 loss_val: 2.2081
Epoch: 0076 loss_train: 2.2263 loss_val: 2.2163
Epoch: 0077 loss_train: 2.1797 loss_val: 2.2139
Epoch: 0078 loss_train: 2.2211 loss_val: 2.2105
Epoch: 0079 loss_train: 2.1909 loss_val: 2.2172
Epoch: 0080 loss_train: 2.2042 loss_val: 2.2180
Epoch: 0081 loss_train: 2.2053 loss_val: 2.2150
Epoch: 0082 loss_train: 2.1990 loss_val: 2.2134
Epoch: 0083 loss_train: 2.2206 loss_val: 2.2197
Epoch: 0084 loss_train: 2.2265 loss_val: 2.2157
Epoch: 0085 loss_train: 2.2156 loss_val: 2.2129
Epoch: 0086 loss_train: 2.2137 loss_val: 2.2128
Epoch: 0087 loss_train: 2.2261 loss_val: 2.2160
Epoch: 0088 loss_train: 2.2039 loss_val: 2.2142
Epoch: 0089 loss_train: 2.1990 loss_val: 2.2150
Epoch: 0090 loss_train: 2.2024 loss_val: 2.2174
Epoch: 0091 loss_train: 2.2084 loss_val: 2.2221
Epoch: 0092 loss_train: 2.1954 loss_val: 2.2187
Epoch: 0093 loss_train: 2.2056 loss_val: 2.2162
Epoch: 0094 loss_train: 2.1963 loss_val: 2.2183
Epoch: 0095 loss_train: 2.1955 loss_val: 2.2164
Epoch: 0096 loss_train: 2.1922 loss_val: 2.2172
Epoch: 0097 loss_train: 2.2047 loss_val: 2.2174
Epoch: 0098 loss_train: 2.2086 loss_val: 2.2199
Epoch: 0099 loss_train: 2.1968 loss_val: 2.2203
Epoch: 0100 loss_train: 2.2108 loss_val: 2.2166
Epoch: 0101 loss_train: 2.1912 loss_val: 2.2198
Epoch: 0102 loss_train: 2.1907 loss_val: 2.2202
Epoch: 0103 loss_train: 2.1962 loss_val: 2.2171
Epoch: 0104 loss_train: 2.2068 loss_val: 2.2235
Epoch: 0105 loss_train: 2.1972 loss_val: 2.2209
Epoch: 0106 loss_train: 2.1868 loss_val: 2.2209
Epoch: 0107 loss_train: 2.1927 loss_val: 2.2204
Epoch: 0108 loss_train: 2.1974 loss_val: 2.2238
Epoch: 0109 loss_train: 2.1904 loss_val: 2.2235
Epoch: 0110 loss_train: 2.2131 loss_val: 2.2227
Epoch: 0111 loss_train: 2.1934 loss_val: 2.2214
Epoch: 0112 loss_train: 2.1941 loss_val: 2.2243
Epoch: 0113 loss_train: 2.1909 loss_val: 2.2230
Epoch: 0114 loss_train: 2.2007 loss_val: 2.2240
Epoch: 0115 loss_train: 2.1916 loss_val: 2.2258
Epoch: 0116 loss_train: 2.1959 loss_val: 2.2261
Epoch: 0117 loss_train: 2.1832 loss_val: 2.2240
Epoch: 0118 loss_train: 2.1944 loss_val: 2.2246
Epoch: 0119 loss_train: 2.1947 loss_val: 2.2240
Epoch: 0120 loss_train: 2.1925 loss_val: 2.2255
Epoch: 0121 loss_train: 2.1852 loss_val: 2.2285
Epoch: 0122 loss_train: 2.2022 loss_val: 2.2264
Epoch: 0123 loss_train: 2.1861 loss_val: 2.2261
Epoch: 0124 loss_train: 2.1922 loss_val: 2.2245
Epoch: 0125 loss_train: 2.1844 loss_val: 2.2271
Epoch: 0126 loss_train: 2.1723 loss_val: 2.2259
Epoch: 0127 loss_train: 2.1894 loss_val: 2.2274
Epoch: 0128 loss_train: 2.1951 loss_val: 2.2266
Epoch: 0129 loss_train: 2.2007 loss_val: 2.2233
Epoch: 0130 loss_train: 2.1893 loss_val: 2.2261
Epoch: 0131 loss_train: 2.1777 loss_val: 2.2274
Epoch: 0132 loss_train: 2.1835 loss_val: 2.2265
Epoch: 0133 loss_train: 2.1810 loss_val: 2.2265
Epoch: 0134 loss_train: 2.1820 loss_val: 2.2257
Epoch: 0135 loss_train: 2.1810 loss_val: 2.2302
Epoch: 0136 loss_train: 2.1865 loss_val: 2.2281
Epoch: 0137 loss_train: 2.1808 loss_val: 2.2260
Epoch: 0138 loss_train: 2.1933 loss_val: 2.2338
Epoch: 0139 loss_train: 2.1714 loss_val: 2.2271
Epoch: 0140 loss_train: 2.1882 loss_val: 2.2293
Epoch: 0141 loss_train: 2.1812 loss_val: 2.2300
Epoch: 0142 loss_train: 2.1908 loss_val: 2.2257
Epoch: 0143 loss_train: 2.1751 loss_val: 2.2274
Epoch: 0144 loss_train: 2.1737 loss_val: 2.2306
Epoch: 0145 loss_train: 2.1912 loss_val: 2.2294
Epoch: 0146 loss_train: 2.1995 loss_val: 2.2294
Epoch: 0147 loss_train: 2.1837 loss_val: 2.2346
Epoch: 0148 loss_train: 2.1679 loss_val: 2.2276
Epoch: 0149 loss_train: 2.1733 loss_val: 2.2315
Epoch: 0150 loss_train: 2.1704 loss_val: 2.2292
Epoch: 0151 loss_train: 2.1813 loss_val: 2.2305
Epoch: 0152 loss_train: 2.1761 loss_val: 2.2289
Epoch: 0153 loss_train: 2.1740 loss_val: 2.2303
Epoch: 0154 loss_train: 2.1790 loss_val: 2.2310
Epoch: 0155 loss_train: 2.1666 loss_val: 2.2305
Epoch: 0156 loss_train: 2.1750 loss_val: 2.2303
Epoch: 0157 loss_train: 2.1886 loss_val: 2.2293
Epoch: 0158 loss_train: 2.1720 loss_val: 2.2310
Epoch: 0159 loss_train: 2.1794 loss_val: 2.2296
Epoch: 0160 loss_train: 2.1606 loss_val: 2.2323
Epoch: 0161 loss_train: 2.1743 loss_val: 2.2324
Epoch: 0162 loss_train: 2.1766 loss_val: 2.2345
Epoch: 0163 loss_train: 2.1849 loss_val: 2.2341
Epoch: 0164 loss_train: 2.1658 loss_val: 2.2310
Epoch: 0165 loss_train: 2.1745 loss_val: 2.2311
Epoch: 0166 loss_train: 2.1744 loss_val: 2.2327
Epoch: 0167 loss_train: 2.1761 loss_val: 2.2309
Epoch: 0168 loss_train: 2.1802 loss_val: 2.2325
Epoch: 0169 loss_train: 2.1774 loss_val: 2.2332
Epoch: 0170 loss_train: 2.1591 loss_val: 2.2304
Epoch: 0171 loss_train: 2.1800 loss_val: 2.2308
Epoch: 0172 loss_train: 2.1738 loss_val: 2.2296
Epoch: 0173 loss_train: 2.1647 loss_val: 2.2320
Epoch: 0174 loss_train: 2.1729 loss_val: 2.2305
Epoch: 0175 loss_train: 2.1920 loss_val: 2.2314
Epoch: 0176 loss_train: 2.1978 loss_val: 2.2318
Epoch: 0177 loss_train: 2.1748 loss_val: 2.2321
Epoch: 0178 loss_train: 2.1681 loss_val: 2.2319
Epoch: 0179 loss_train: 2.1744 loss_val: 2.2325
Epoch: 0180 loss_train: 2.1782 loss_val: 2.2307
Epoch: 0181 loss_train: 2.1731 loss_val: 2.2313
Epoch: 0182 loss_train: 2.1839 loss_val: 2.2298
Epoch: 0183 loss_train: 2.1688 loss_val: 2.2307
Epoch: 0184 loss_train: 2.1764 loss_val: 2.2303
Epoch: 0185 loss_train: 2.1707 loss_val: 2.2297
Epoch: 0186 loss_train: 2.1701 loss_val: 2.2293
Epoch: 0187 loss_train: 2.1743 loss_val: 2.2318
Epoch: 0188 loss_train: 2.1754 loss_val: 2.2335
Epoch: 0189 loss_train: 2.1722 loss_val: 2.2321
Epoch: 0190 loss_train: 2.1696 loss_val: 2.2313
Epoch: 0191 loss_train: 2.1780 loss_val: 2.2325
Epoch: 0192 loss_train: 2.1610 loss_val: 2.2358
Epoch: 0193 loss_train: 2.1788 loss_val: 2.2349
Epoch: 0194 loss_train: 2.1800 loss_val: 2.2356
Epoch: 0195 loss_train: 2.1642 loss_val: 2.2343
Epoch: 0196 loss_train: 2.1753 loss_val: 2.2370
Epoch: 0197 loss_train: 2.1761 loss_val: 2.2367
Epoch: 0198 loss_train: 2.1689 loss_val: 2.2357
Epoch: 0199 loss_train: 2.1712 loss_val: 2.2328
Epoch: 0200 loss_train: 2.1603 loss_val: 2.2359
Epoch: 0201 loss_train: 2.1881 loss_val: 2.2363
Epoch: 0202 loss_train: 2.1737 loss_val: 2.2393
Epoch: 0203 loss_train: 2.1805 loss_val: 2.2355
Epoch: 0204 loss_train: 2.1633 loss_val: 2.2368
Epoch: 0205 loss_train: 2.1812 loss_val: 2.2366
Epoch: 0206 loss_train: 2.1788 loss_val: 2.2352
Epoch: 0207 loss_train: 2.1751 loss_val: 2.2354
Epoch: 0208 loss_train: 2.1710 loss_val: 2.2364
Epoch: 0209 loss_train: 2.1734 loss_val: 2.2352
Epoch: 0210 loss_train: 2.1738 loss_val: 2.2356
Epoch: 0211 loss_train: 2.1764 loss_val: 2.2374
Epoch: 0212 loss_train: 2.1727 loss_val: 2.2354
Epoch: 0213 loss_train: 2.1621 loss_val: 2.2359
Epoch: 0214 loss_train: 2.1665 loss_val: 2.2365
Epoch: 0215 loss_train: 2.1585 loss_val: 2.2350
Epoch: 0216 loss_train: 2.1747 loss_val: 2.2368
Epoch: 0217 loss_train: 2.1722 loss_val: 2.2375
Epoch: 0218 loss_train: 2.1693 loss_val: 2.2379
Epoch: 0219 loss_train: 2.1699 loss_val: 2.2379
Epoch: 0220 loss_train: 2.1744 loss_val: 2.2402
Epoch: 0221 loss_train: 2.1694 loss_val: 2.2402
Epoch: 0222 loss_train: 2.1773 loss_val: 2.2396
Epoch: 0223 loss_train: 2.1730 loss_val: 2.2397
Epoch: 0224 loss_train: 2.1771 loss_val: 2.2390
Epoch: 0225 loss_train: 2.1614 loss_val: 2.2390
Epoch: 0226 loss_train: 2.1749 loss_val: 2.2385
Epoch: 0227 loss_train: 2.1648 loss_val: 2.2364
Epoch: 0228 loss_train: 2.1739 loss_val: 2.2386
Epoch: 0229 loss_train: 2.1659 loss_val: 2.2408
Epoch: 0230 loss_train: 2.1622 loss_val: 2.2385
Epoch: 0231 loss_train: 2.1645 loss_val: 2.2381
Epoch: 0232 loss_train: 2.1543 loss_val: 2.2391
Epoch: 0233 loss_train: 2.1619 loss_val: 2.2383
Epoch: 0234 loss_train: 2.1724 loss_val: 2.2373
Epoch: 0235 loss_train: 2.1789 loss_val: 2.2409
Epoch: 0236 loss_train: 2.1684 loss_val: 2.2390
Epoch: 0237 loss_train: 2.1759 loss_val: 2.2381
Epoch: 0238 loss_train: 2.1632 loss_val: 2.2386
Epoch: 0239 loss_train: 2.1571 loss_val: 2.2394
Epoch: 0240 loss_train: 2.1636 loss_val: 2.2376
Epoch: 0241 loss_train: 2.1728 loss_val: 2.2387
Epoch: 0242 loss_train: 2.1597 loss_val: 2.2379
Epoch: 0243 loss_train: 2.1708 loss_val: 2.2372
Epoch: 0244 loss_train: 2.1647 loss_val: 2.2380
Epoch: 0245 loss_train: 2.1607 loss_val: 2.2372
Epoch: 0246 loss_train: 2.1666 loss_val: 2.2382
Epoch: 0247 loss_train: 2.1540 loss_val: 2.2355
Epoch: 0248 loss_train: 2.1698 loss_val: 2.2375
Epoch: 0249 loss_train: 2.1676 loss_val: 2.2371
Epoch: 0250 loss_train: 2.1668 loss_val: 2.2353
Epoch: 0251 loss_train: 2.1622 loss_val: 2.2362
Epoch: 0252 loss_train: 2.1555 loss_val: 2.2384
Epoch: 0253 loss_train: 2.1599 loss_val: 2.2349
Epoch: 0254 loss_train: 2.1586 loss_val: 2.2370
Epoch: 0255 loss_train: 2.1635 loss_val: 2.2378
Epoch: 0256 loss_train: 2.1635 loss_val: 2.2400
Epoch: 0257 loss_train: 2.1675 loss_val: 2.2386
Epoch: 0258 loss_train: 2.1692 loss_val: 2.2394
Epoch: 0259 loss_train: 2.1693 loss_val: 2.2385
Epoch: 0260 loss_train: 2.1606 loss_val: 2.2385
Epoch: 0261 loss_train: 2.1643 loss_val: 2.2412
Epoch: 0262 loss_train: 2.1599 loss_val: 2.2407
Epoch: 0263 loss_train: 2.1545 loss_val: 2.2401
Epoch: 0264 loss_train: 2.1606 loss_val: 2.2408
Epoch: 0265 loss_train: 2.1713 loss_val: 2.2414
Epoch: 0266 loss_train: 2.1611 loss_val: 2.2427
Epoch: 0267 loss_train: 2.1745 loss_val: 2.2433
Epoch: 0268 loss_train: 2.1727 loss_val: 2.2435
Epoch: 0269 loss_train: 2.1649 loss_val: 2.2431
Epoch: 0270 loss_train: 2.1505 loss_val: 2.2444
Epoch: 0271 loss_train: 2.1631 loss_val: 2.2440
Epoch: 0272 loss_train: 2.1652 loss_val: 2.2446
Epoch: 0273 loss_train: 2.1572 loss_val: 2.2452
Epoch: 0274 loss_train: 2.1535 loss_val: 2.2428
Epoch: 0275 loss_train: 2.1611 loss_val: 2.2440
Epoch: 0276 loss_train: 2.1753 loss_val: 2.2425
Epoch: 0277 loss_train: 2.1532 loss_val: 2.2412
Epoch: 0278 loss_train: 2.1535 loss_val: 2.2375
Epoch: 0279 loss_train: 2.1675 loss_val: 2.2404
Epoch: 0280 loss_train: 2.1535 loss_val: 2.2427
Epoch: 0281 loss_train: 2.1691 loss_val: 2.2407
Epoch: 0282 loss_train: 2.1590 loss_val: 2.2408
Epoch: 0283 loss_train: 2.1628 loss_val: 2.2391
Epoch: 0284 loss_train: 2.1624 loss_val: 2.2407
Epoch: 0285 loss_train: 2.1494 loss_val: 2.2399
Epoch: 0286 loss_train: 2.1661 loss_val: 2.2392
Epoch: 0287 loss_train: 2.1740 loss_val: 2.2409
Epoch: 0288 loss_train: 2.1546 loss_val: 2.2438
Epoch: 0289 loss_train: 2.1465 loss_val: 2.2431
Epoch: 0290 loss_train: 2.1494 loss_val: 2.2423
Epoch: 0291 loss_train: 2.1661 loss_val: 2.2432
Epoch: 0292 loss_train: 2.1452 loss_val: 2.2436
Epoch: 0293 loss_train: 2.1464 loss_val: 2.2418
Epoch: 0294 loss_train: 2.1578 loss_val: 2.2426
Epoch: 0295 loss_train: 2.1434 loss_val: 2.2447
Epoch: 0296 loss_train: 2.1401 loss_val: 2.2453
Epoch: 0297 loss_train: 2.1466 loss_val: 2.2431
Epoch: 0298 loss_train: 2.1625 loss_val: 2.2448
Epoch: 0299 loss_train: 2.1506 loss_val: 2.2454
Epoch: 0300 loss_train: 2.1398 loss_val: 2.2447
Epoch: 0301 loss_train: 2.1563 loss_val: 2.2423
Epoch: 0302 loss_train: 2.1503 loss_val: 2.2439
Epoch: 0303 loss_train: 2.1679 loss_val: 2.2425
Epoch: 0304 loss_train: 2.1621 loss_val: 2.2430
Epoch: 0305 loss_train: 2.1518 loss_val: 2.2435
Epoch: 0306 loss_train: 2.1538 loss_val: 2.2430
Epoch: 0307 loss_train: 2.1569 loss_val: 2.2418
Epoch: 0308 loss_train: 2.1540 loss_val: 2.2419
Epoch: 0309 loss_train: 2.1540 loss_val: 2.2399
Epoch: 0310 loss_train: 2.1594 loss_val: 2.2433
Epoch: 0311 loss_train: 2.1522 loss_val: 2.2434
Epoch: 0312 loss_train: 2.1561 loss_val: 2.2431
Epoch: 0313 loss_train: 2.1493 loss_val: 2.2429
Epoch: 0314 loss_train: 2.1700 loss_val: 2.2431
Epoch: 0315 loss_train: 2.1594 loss_val: 2.2425
Epoch: 0316 loss_train: 2.1665 loss_val: 2.2453
Epoch: 0317 loss_train: 2.1244 loss_val: 2.2434
Epoch: 0318 loss_train: 2.1545 loss_val: 2.2419
Epoch: 0319 loss_train: 2.1544 loss_val: 2.2450
Epoch: 0320 loss_train: 2.1473 loss_val: 2.2401
Epoch: 0321 loss_train: 2.1429 loss_val: 2.2428
Epoch: 0322 loss_train: 2.1518 loss_val: 2.2437
Epoch: 0323 loss_train: 2.1635 loss_val: 2.2451
Epoch: 0324 loss_train: 2.1577 loss_val: 2.2444
Epoch: 0325 loss_train: 2.1551 loss_val: 2.2470
Epoch: 0326 loss_train: 2.1409 loss_val: 2.2451
Epoch: 0327 loss_train: 2.1446 loss_val: 2.2470
Epoch: 0328 loss_train: 2.1652 loss_val: 2.2465
Epoch: 0329 loss_train: 2.1516 loss_val: 2.2466
Epoch: 0330 loss_train: 2.1643 loss_val: 2.2471
Epoch: 0331 loss_train: 2.1720 loss_val: 2.2437
Epoch: 0332 loss_train: 2.1540 loss_val: 2.2427
Epoch: 0333 loss_train: 2.1551 loss_val: 2.2405
Epoch: 0334 loss_train: 2.1550 loss_val: 2.2396
Epoch: 0335 loss_train: 2.1389 loss_val: 2.2414
Epoch: 0336 loss_train: 2.1620 loss_val: 2.2389
Epoch: 0337 loss_train: 2.1502 loss_val: 2.2323
Epoch: 0338 loss_train: 2.1558 loss_val: 2.2357
Epoch: 0339 loss_train: 2.1473 loss_val: 2.2281
Epoch: 0340 loss_train: 2.1567 loss_val: 2.2308
Epoch: 0341 loss_train: 2.1639 loss_val: 2.2328
Epoch: 0342 Run Train:  33%|███▎      | 1/3 [30:50<1:01:40, 1850.23s/it]loss_train: 2.1579 loss_val: 2.2316
Epoch: 0343 loss_train: 2.1626 loss_val: 2.2330
Epoch: 0344 loss_train: 2.1335 loss_val: 2.2298
Epoch: 0345 loss_train: 2.1476 loss_val: 2.2277
Epoch: 0346 loss_train: 2.1596 loss_val: 2.2194
Epoch: 0347 loss_train: 2.1628 loss_val: 2.2258
Epoch: 0348 loss_train: 2.1473 loss_val: 2.2307
Epoch: 0349 loss_train: 2.1606 loss_val: 2.2289
Epoch: 0350 loss_train: 2.1430 loss_val: 2.2399
Epoch: 0351 loss_train: 2.1552 loss_val: 2.2334
Epoch: 0352 loss_train: 2.1382 loss_val: 2.2339
Epoch: 0353 loss_train: 2.1479 loss_val: 2.2324
Epoch: 0354 loss_train: 2.1438 loss_val: 2.2328
Epoch: 0355 loss_train: 2.1518 loss_val: 2.2336
Epoch: 0356 loss_train: 2.1689 loss_val: 2.2413
Epoch: 0357 loss_train: 2.1402 loss_val: 2.2392
Epoch: 0358 loss_train: 2.1613 loss_val: 2.2377
Epoch: 0359 loss_train: 2.1506 loss_val: 2.2405
Epoch: 0360 loss_train: 2.1491 loss_val: 2.2341
Epoch: 0361 loss_train: 2.1743 loss_val: 2.2344
Epoch: 0362 loss_train: 2.1477 loss_val: 2.2376
Epoch: 0363 loss_train: 2.1428 loss_val: 2.2383
Epoch: 0364 loss_train: 2.1563 loss_val: 2.2346
Epoch: 0365 loss_train: 2.1579 loss_val: 2.2301
Epoch: 0366 loss_train: 2.1397 loss_val: 2.2371
Epoch: 0367 loss_train: 2.1603 loss_val: 2.2286
Epoch: 0368 loss_train: 2.1319 loss_val: 2.2367
Epoch: 0369 loss_train: 2.1466 loss_val: 2.2382
Epoch: 0370 loss_train: 2.1617 loss_val: 2.2305
Epoch: 0371 loss_train: 2.1580 loss_val: 2.2408
Epoch: 0372 loss_train: 2.1553 loss_val: 2.2377
Epoch: 0373 loss_train: 2.1403 loss_val: 2.2456
Epoch: 0374 loss_train: 2.1526 loss_val: 2.2311
Epoch: 0375 loss_train: 2.1564 loss_val: 2.2399
Epoch: 0376 loss_train: 2.1464 loss_val: 2.2287
Epoch: 0377 loss_train: 2.1603 loss_val: 2.2410
Epoch: 0378 loss_train: 2.1619 loss_val: 2.2375
Epoch: 0379 loss_train: 2.1380 loss_val: 2.2401
Epoch: 0380 loss_train: 2.1645 loss_val: 2.2494
Epoch: 0381 loss_train: 2.1587 loss_val: 2.2452
Epoch: 0382 loss_train: 2.1682 loss_val: 2.2491
Epoch: 0383 loss_train: 2.1493 loss_val: 2.2442
Epoch: 0384 loss_train: 2.1569 loss_val: 2.2405
Epoch: 0385 loss_train: 2.1521 loss_val: 2.2395
Epoch: 0386 loss_train: 2.1462 loss_val: 2.2405
Epoch: 0387 loss_train: 2.1620 loss_val: 2.2367
Epoch: 0388 loss_train: 2.1397 loss_val: 2.2262
Epoch: 0389 loss_train: 2.1386 loss_val: 2.2297
Epoch: 0390 loss_train: 2.1537 loss_val: 2.2289
Epoch: 0391 loss_train: 2.1612 loss_val: 2.2316
Epoch: 0392 loss_train: 2.1332 loss_val: 2.2217
Epoch: 0393 loss_train: 2.1569 loss_val: 2.2254
Epoch: 0394 loss_train: 2.1371 loss_val: 2.2303
Epoch: 0395 loss_train: 2.1555 loss_val: 2.2215
Epoch: 0396 loss_train: 2.1497 loss_val: 2.2162
Epoch: 0397 loss_train: 2.1763 loss_val: 2.2226
Epoch: 0398 loss_train: 2.1421 loss_val: 2.2294
Epoch: 0399 loss_train: 2.1425 loss_val: 2.2157
Epoch: 0400 loss_train: 2.1492 loss_val: 2.2182
Epoch: 0401 loss_train: 2.1434 loss_val: 2.2458
Epoch: 0402 loss_train: 2.1466 loss_val: 2.2260
Epoch: 0403 loss_train: 2.1550 loss_val: 2.2301
Epoch: 0404 loss_train: 2.1460 loss_val: 2.2437
Epoch: 0405 loss_train: 2.1472 loss_val: 2.2240
Epoch: 0406 loss_train: 2.1573 loss_val: 2.2271
Epoch: 0407 loss_train: 2.1248 loss_val: 2.2261
Epoch: 0408 loss_train: 2.1443 loss_val: 2.2375
Epoch: 0409 loss_train: 2.1466 loss_val: 2.2171
Epoch: 0410 loss_train: 2.1320 loss_val: 2.2460
Epoch: 0411 loss_train: 2.1643 loss_val: 2.2270
Epoch: 0412 loss_train: 2.1436 loss_val: 2.2213
Epoch: 0413 loss_train: 2.1494 loss_val: 2.2251
Epoch: 0414 loss_train: 2.1508 loss_val: 2.2153
Epoch: 0415 loss_train: 2.1493 loss_val: 2.2356
Epoch: 0416 loss_train: 2.1364 loss_val: 2.2311
Epoch: 0417 loss_train: 2.1659 loss_val: 2.2052
Epoch: 0418 loss_train: 2.1461 loss_val: 2.2322
Epoch: 0419 loss_train: 2.1441 loss_val: 2.2313
Epoch: 0420 loss_train: 2.1394 loss_val: 2.2291
Epoch: 0421 loss_train: 2.1419 loss_val: 2.2033
Epoch: 0422 loss_train: 2.1301 loss_val: 2.2150
Epoch: 0423 loss_train: 2.1563 loss_val: 2.2270
Epoch: 0424 loss_train: 2.1514 loss_val: 2.2145
Epoch: 0425 loss_train: 2.1403 loss_val: 2.2246
Epoch: 0426 loss_train: 2.1451 loss_val: 2.2338
Epoch: 0427 loss_train: 2.1659 loss_val: 2.2357
Epoch: 0428 loss_train: 2.1394 loss_val: 2.2145
Epoch: 0429 loss_train: 2.1505 loss_val: 2.2353
Epoch: 0430 loss_train: 2.1542 loss_val: 2.2239
Epoch: 0431 loss_train: 2.1473 loss_val: 2.2169
Epoch: 0432 loss_train: 2.1528 loss_val: 2.2314
Epoch: 0433 loss_train: 2.1299 loss_val: 2.2303
Epoch: 0434 loss_train: 2.1472 loss_val: 2.2335
Epoch: 0435 loss_train: 2.1526 loss_val: 2.2345
Epoch: 0436 loss_train: 2.1450 loss_val: 2.2301
Epoch: 0437 loss_train: 2.1433 loss_val: 2.2425
Epoch: 0438 loss_train: 2.1496 loss_val: 2.2451
Epoch: 0439 loss_train: 2.1482 loss_val: 2.2373
Epoch: 0440 loss_train: 2.1587 loss_val: 2.2276
Epoch: 0441 loss_train: 2.1458 loss_val: 2.2345
Epoch: 0442 loss_train: 2.1489 loss_val: 2.2280
Epoch: 0443 loss_train: 2.1369 loss_val: 2.2223
Epoch: 0444 loss_train: 2.1431 loss_val: 2.2290
Epoch: 0445 loss_train: 2.1307 loss_val: 2.2348
Epoch: 0446 loss_train: 2.1653 loss_val: 2.2567
Epoch: 0447 loss_train: 2.1309 loss_val: 2.2363
Epoch: 0448 loss_train: 2.1395 loss_val: 2.2362
Epoch: 0449 loss_train: 2.1525 loss_val: 2.2577
Epoch: 0450 loss_train: 2.1510 loss_val: 2.2253
Epoch: 0451 loss_train: 2.1604 loss_val: 2.2494
Epoch: 0452 loss_train: 2.1283 loss_val: 2.2337
Epoch: 0453 loss_train: 2.1475 loss_val: 2.2473
Epoch: 0454 loss_train: 2.1365 loss_val: 2.2590
Epoch: 0455 loss_train: 2.1348 loss_val: 2.2263
Epoch: 0456 loss_train: 2.1438 loss_val: 2.2609
Epoch: 0457 loss_train: 2.1585 loss_val: 2.2403
Epoch: 0458 loss_train: 2.1249 loss_val: 2.2495
Epoch: 0459 loss_train: 2.1364 loss_val: 2.2599
Epoch: 0460 loss_train: 2.1416 loss_val: 2.2799
Epoch: 0461 loss_train: 2.1338 loss_val: 2.2748
Epoch: 0462 loss_train: 2.1512 loss_val: 2.2609
Epoch: 0463 loss_train: 2.1550 loss_val: 2.2665
Epoch: 0464 loss_train: 2.1102 loss_val: 2.2642
Epoch: 0465 loss_train: 2.1415 loss_val: 2.2620
Epoch: 0466 loss_train: 2.1579 loss_val: 2.2785
Epoch: 0467 loss_train: 2.1396 loss_val: 2.2683
Epoch: 0468 loss_train: 2.1325 loss_val: 2.2689
Epoch: 0469 loss_train: 2.1339 loss_val: 2.2668
Epoch: 0470 loss_train: 2.1493 loss_val: 2.2583
Epoch: 0471 loss_train: 2.1558 loss_val: 2.2707
Epoch: 0472 loss_train: 2.1425 loss_val: 2.2659
Epoch: 0473 loss_train: 2.1348 loss_val: 2.2784
Epoch: 0474 loss_train: 2.1564 loss_val: 2.2674
Epoch: 0475 loss_train: 2.1279 loss_val: 2.2691
Epoch: 0476 loss_train: 2.1572 loss_val: 2.2470
Epoch: 0477 loss_train: 2.1500 loss_val: 2.2671
Epoch: 0478 loss_train: 2.1280 loss_val: 2.2568
Epoch: 0479 loss_train: 2.1474 loss_val: 2.2821
Epoch: 0480 loss_train: 2.1368 loss_val: 2.2819
Epoch: 0481 loss_train: 2.1498 loss_val: 2.2429
Epoch: 0482 loss_train: 2.1341 loss_val: 2.2825
Epoch: 0483 loss_train: 2.1520 loss_val: 2.2602
Epoch: 0484 loss_train: 2.1305 loss_val: 2.2490
Epoch: 0485 loss_train: 2.1336 loss_val: 2.2725
Epoch: 0486 loss_train: 2.1390 loss_val: 2.2619
Epoch: 0487 loss_train: 2.1224 loss_val: 2.2548
Epoch: 0488 loss_train: 2.1526 loss_val: 2.2653
Epoch: 0489 loss_train: 2.1335 loss_val: 2.2734
Epoch: 0490 loss_train: 2.1419 loss_val: 2.2821
Epoch: 0491 loss_train: 2.1351 loss_val: 2.2859
Epoch: 0492 loss_train: 2.1306 loss_val: 2.2762
Epoch: 0493 loss_train: 2.1360 loss_val: 2.2864
Epoch: 0494 loss_train: 2.1428 loss_val: 2.2843
Epoch: 0495 loss_train: 2.1311 loss_val: 2.2909
Epoch: 0496 loss_train: 2.1363 loss_val: 2.2864
Epoch: 0497 loss_train: 2.1449 loss_val: 2.2981
Epoch: 0498 loss_train: 2.1445 loss_val: 2.3238
Epoch: 0499 loss_train: 2.1484 loss_val: 2.3575
Epoch: 0500 loss_train: 2.1380 loss_val: 2.3506
Epoch: 0001 loss_train: 2.1301 loss_val: 2.3229
Epoch: 0002 loss_train: 2.1374 loss_val: 2.3580
Epoch: 0003 loss_train: 2.1477 loss_val: 2.3663
Epoch: 0004 loss_train: 2.1495 loss_val: 2.3592
Epoch: 0005 loss_train: 2.1427 loss_val: 2.3670
Epoch: 0006 loss_train: 2.1234 loss_val: 2.3686
Epoch: 0007 loss_train: 2.1332 loss_val: 2.3570
Epoch: 0008 loss_train: 2.1397 loss_val: 2.3445
Epoch: 0009 loss_train: 2.1405 loss_val: 2.3459
Epoch: 0010 loss_train: 2.1294 loss_val: 2.3306
Epoch: 0011 loss_train: 2.1330 loss_val: 2.3447
Epoch: 0012 loss_train: 2.1224 loss_val: 2.3277
Epoch: 0013 loss_train: 2.1456 loss_val: 2.3174
Epoch: 0014 loss_train: 2.1483 loss_val: 2.3031
Epoch: 0015 loss_train: 2.1458 loss_val: 2.3047
Epoch: 0016 loss_train: 2.1550 loss_val: 2.2754
Epoch: 0017 loss_train: 2.1172 loss_val: 2.2699
Epoch: 0018 loss_train: 2.1441 loss_val: 2.2586
Epoch: 0019 loss_train: 2.1477 loss_val: 2.2463
Epoch: 0020 loss_train: 2.1501 loss_val: 2.2474
Epoch: 0021 loss_train: 2.1398 loss_val: 2.2601
Epoch: 0022 loss_train: 2.1398 loss_val: 2.2331
Epoch: 0023 loss_train: 2.1419 loss_val: 2.2403
Epoch: 0024 loss_train: 2.1276 loss_val: 2.2280
Epoch: 0025 loss_train: 2.1160 loss_val: 2.2463
Epoch: 0026 loss_train: 2.1335 loss_val: 2.2345
Epoch: 0027 loss_train: 2.1201 loss_val: 2.2596
Epoch: 0028 loss_train: 2.1315 loss_val: 2.2413
Epoch: 0029 loss_train: 2.1284 loss_val: 2.2507
Epoch: 0030 loss_train: 2.1493 loss_val: 2.2545
Epoch: 0031 loss_train: 2.1423 loss_val: 2.2507
Epoch: 0032 loss_train: 2.1404 loss_val: 2.2579
Epoch: 0033 loss_train: 2.1522 loss_val: 2.2516
Epoch: 0034 loss_train: 2.1494 loss_val: 2.2471
Epoch: 0035 loss_train: 2.1378 loss_val: 2.2540
Epoch: 0036 loss_train: 2.1383 loss_val: 2.2551
Epoch: 0037 loss_train: 2.1371 loss_val: 2.2571
Epoch: 0038 loss_train: 2.1416 loss_val: 2.2750
Epoch: 0039 loss_train: 2.1447 loss_val: 2.2425
Epoch: 0040 loss_train: 2.1237 loss_val: 2.2495
Epoch: 0041 loss_train: 2.1492 loss_val: 2.2527
Epoch: 0042 loss_train: 2.1183 loss_val: 2.2492
Epoch: 0043 loss_train: 2.1332 loss_val: 2.2508
Epoch: 0044 loss_train: 2.1448 loss_val: 2.2609
Epoch: 0045 loss_train: 2.1352 loss_val: 2.2670
Epoch: 0046 loss_train: 2.1308 loss_val: 2.2668
Epoch: 0047 loss_train: 2.1501 loss_val: 2.2435
Epoch: 0048 loss_train: 2.1404 loss_val: 2.2618
Epoch: 0049 loss_train: 2.1469 loss_val: 2.2546
Epoch: 0050 loss_train: 2.1423 loss_val: 2.2410
Epoch: 0051 loss_train: 2.1434 loss_val: 2.2599
Epoch: 0052 loss_train: 2.1355 loss_val: 2.2481
Epoch: 0053 loss_train: 2.1428 loss_val: 2.2574
Epoch: 0054 loss_train: 2.1378 loss_val: 2.2488
Epoch: 0055 loss_train: 2.1302 loss_val: 2.2486
Epoch: 0056 loss_train: 2.1356 loss_val: 2.2424
Epoch: 0057 loss_train: 2.1375 loss_val: 2.2617
Epoch: 0058 loss_train: 2.1389 loss_val: 2.2788
Epoch: 0059 loss_train: 2.1369 loss_val: 2.2669
Epoch: 0060 loss_train: 2.1401 loss_val: 2.2551
Epoch: 0061 loss_train: 2.1596 loss_val: 2.2729
Epoch: 0062 loss_train: 2.1339 loss_val: 2.2670
Epoch: 0063 loss_train: 2.1357 loss_val: 2.2630
Epoch: 0064 loss_train: 2.1566 loss_val: 2.2579
Epoch: 0065 loss_train: 2.1483 loss_val: 2.2766
Epoch: 0066 loss_train: 2.1262 loss_val: 2.2784
Epoch: 0067 loss_train: 2.1455 loss_val: 2.2813
Epoch: 0068 loss_train: 2.1349 loss_val: 2.2748
Epoch: 0069 loss_train: 2.1372 loss_val: 2.2755
Epoch: 0070 loss_train: 2.1391 loss_val: 2.2782
Epoch: 0071 loss_train: 2.1582 loss_val: 2.2821
Epoch: 0072 loss_train: 2.1547 loss_val: 2.2802
Epoch: 0073 loss_train: 2.1426 loss_val: 2.2722
Epoch: 0074 loss_train: 2.1462 loss_val: 2.2762
Epoch: 0075 loss_train: 2.1434 loss_val: 2.2767
Epoch: 0076 loss_train: 2.1338 loss_val: 2.2698
Epoch: 0077 loss_train: 2.1139 loss_val: 2.2663
Epoch: 0078 loss_train: 2.1418 loss_val: 2.2699
Epoch: 0079 loss_train: 2.1306 loss_val: 2.2651
Epoch: 0080 loss_train: 2.1467 loss_val: 2.2724
Epoch: 0081 loss_train: 2.1413 loss_val: 2.2676
Epoch: 0082 loss_train: 2.1446 loss_val: 2.2733
Epoch: 0083 loss_train: 2.1413 loss_val: 2.2687
Epoch: 0084 loss_train: 2.1530 loss_val: 2.2696
Epoch: 0085 loss_train: 2.1194 loss_val: 2.2841
Epoch: 0086 loss_train: 2.1354 loss_val: 2.2775
Epoch: 0087 loss_train: 2.1485 loss_val: 2.2699
Epoch: 0088 loss_train: 2.1373 loss_val: 2.2575
Epoch: 0089 loss_train: 2.1290 loss_val: 2.2776
Epoch: 0090 loss_train: 2.1340 loss_val: 2.2671
Epoch: 0091 loss_train: 2.1334 loss_val: 2.2630
Epoch: 0092 loss_train: 2.1152 loss_val: 2.2658
Epoch: 0093 loss_train: 2.1373 loss_val: 2.2669
Epoch: 0094 loss_train: 2.1196 loss_val: 2.2746
Epoch: 0095 loss_train: 2.1563 loss_val: 2.2747
Epoch: 0096 loss_train: 2.1353 loss_val: 2.2719
Epoch: 0097 loss_train: 2.1404 loss_val: 2.2705
Epoch: 0098 loss_train: 2.1357 loss_val: 2.2741
Epoch: 0099 loss_train: 2.1336 loss_val: 2.2779
Epoch: 0100 loss_train: 2.1496 loss_val: 2.2690
Epoch: 0101 loss_train: 2.1190 loss_val: 2.2805
Epoch: 0102 loss_train: 2.1623 loss_val: 2.2775
Epoch: 0103 loss_train: 2.1528 loss_val: 2.2714
Epoch: 0104 loss_train: 2.1386 loss_val: 2.2725
Epoch: 0105 loss_train: 2.1395 loss_val: 2.2734
Epoch: 0106 loss_train: 2.1267 loss_val: 2.2855
Epoch: 0107 loss_train: 2.1529 loss_val: 2.2705
Epoch: 0108 loss_train: 2.1441 loss_val: 2.2768
Epoch: 0109 loss_train: 2.1231 loss_val: 2.2925
Epoch: 0110 loss_train: 2.1401 loss_val: 2.2775
Epoch: 0111 loss_train: 2.1212 loss_val: 2.2731
Epoch: 0112 loss_train: 2.1368 loss_val: 2.2835
Epoch: 0113 loss_train: 2.1408 loss_val: 2.3034
Epoch: 0114 loss_train: 2.1356 loss_val: 2.2794
Epoch: 0115 loss_train: 2.1319 loss_val: 2.2741
Epoch: 0116 loss_train: 2.1349 loss_val: 2.2687
Epoch: 0117 loss_train: 2.1362 loss_val: 2.2814
Epoch: 0118 loss_train: 2.1477 loss_val: 2.2622
Epoch: 0119 loss_train: 2.1279 loss_val: 2.2768
Epoch: 0120 loss_train: 2.1330 loss_val: 2.2679
Epoch: 0121 loss_train: 2.1204 loss_val: 2.2862
Epoch: 0122 loss_train: 2.1290 loss_val: 2.2768
Epoch: 0123 loss_train: 2.1272 loss_val: 2.2722
Epoch: 0124 loss_train: 2.1245 loss_val: 2.2815
Epoch: 0125 loss_train: 2.1283 loss_val: 2.2867
Epoch: 0126 loss_train: 2.1314 loss_val: 2.2748
Epoch: 0127 loss_train: 2.1262 loss_val: 2.2727
Epoch: 0128 loss_train: 2.1478 loss_val: 2.2862
Epoch: 0129 loss_train: 2.1330 loss_val: 2.2706
Epoch: 0130 loss_train: 2.1486 loss_val: 2.2943
Epoch: 0131 loss_train: 2.1289 loss_val: 2.2651
Epoch: 0132 loss_train: 2.1426 loss_val: 2.2720
Epoch: 0133 loss_train: 2.1242 loss_val: 2.2878
Epoch: 0134 loss_train: 2.1345 loss_val: 2.2870
Epoch: 0135 loss_train: 2.1366 loss_val: 2.2894
Epoch: 0136 loss_train: 2.1409 loss_val: 2.2834
Epoch: 0137 loss_train: 2.1321 loss_val: 2.2688
Epoch: 0138 loss_train: 2.1518 loss_val: 2.3014
Epoch: 0139 loss_train: 2.1508 loss_val: 2.2953
Epoch: 0140 loss_train: 2.1317 loss_val: 2.2801
Epoch: 0141 loss_train: 2.1279 loss_val: 2.2794
Epoch: 0142 loss_train: 2.1427 loss_val: 2.2833
Epoch: 0143 loss_train: 2.1344 loss_val: 2.2826
Epoch: 0144 loss_train: 2.1337 loss_val: 2.2979
Epoch: 0145 loss_train: 2.1276 loss_val: 2.2890
Epoch: 0146 loss_train: 2.1465 loss_val: 2.2964
Epoch: 0147 loss_train: 2.1516 loss_val: 2.2926
Epoch: 0148 loss_train: 2.1358 loss_val: 2.2880
Epoch: 0149 loss_train: 2.1282 loss_val: 2.3166
Epoch: 0150 loss_train: 2.1429 loss_val: 2.2943
Epoch: 0151 loss_train: 2.1161 loss_val: 2.2798
Epoch: 0152 loss_train: 2.1380 loss_val: 2.2789
Epoch: 0153 loss_train: 2.1513 loss_val: 2.2680
Epoch: 0154 loss_train: 2.1400 loss_val: 2.2881
Epoch: 0155 loss_train: 2.1306 loss_val: 2.2677
Epoch: 0156 loss_train: 2.1502 loss_val: 2.2872
Epoch: 0157 loss_train: 2.1269 loss_val: 2.2732
Epoch: 0158 loss_train: 2.1301 loss_val: 2.2598
Epoch: 0159 loss_train: 2.1262 loss_val: 2.2797
Epoch: 0160 loss_train: 2.1239 loss_val: 2.2797
Epoch: 0161 loss_train: 2.1482 loss_val: 2.2711
Epoch: 0162 loss_train: 2.1279 loss_val: 2.2908
Epoch: 0163 loss_train: 2.1466 loss_val: 2.2736
Epoch: 0164 loss_train: 2.1169 loss_val: 2.2731
Epoch: 0165 loss_train: 2.1705 loss_val: 2.2746
Epoch: 0166 loss_train: 2.1403 loss_val: 2.2786
Epoch: 0167 loss_train: 2.1313 loss_val: 2.2895
Epoch: 0168 loss_train: 2.1456 loss_val: 2.2999
Epoch: 0169 loss_train: 2.1307 loss_val: 2.2951
Epoch: 0170 loss_train: 2.1339 loss_val: 2.2940
Epoch: 0171 loss_train: 2.1205 loss_val: 2.2662
Epoch: 0172 loss_train: 2.1507 loss_val: 2.2896
Epoch: 0173 loss_train: 2.1270 loss_val: 2.3102
Epoch: 0174 loss_train: 2.1349 loss_val: 2.3050
Epoch: 0175 loss_train: 2.1345 loss_val: 2.2934
Epoch: 0176 loss_train: 2.1302 loss_val: 2.2964
Epoch: 0177 loss_train: 2.1364 loss_val: 2.2840
Epoch: 0178 loss_train: 2.1345 loss_val: 2.2993
Epoch: 0179 loss_train: 2.1324 loss_val: 2.2845
Epoch: 0180 loss_train: 2.1379 loss_val: 2.2760
Epoch: 0181 loss_train: 2.1522 loss_val: 2.2772
Epoch: 0182 loss_train: 2.1391 loss_val: 2.2914
Epoch: 0183 loss_train: 2.1209 loss_val: 2.2831
Epoch: 0184 loss_train: 2.1264 loss_val: 2.3127
Epoch: 0185 loss_train: 2.1430 loss_val: 2.2748
Epoch: 0186 loss_train: 2.1499 loss_val: 2.2898
Epoch: 0187 loss_train: 2.1106 loss_val: 2.2958
Epoch: 0188 loss_train: 2.1335 loss_val: 2.2969
Epoch: 0189 loss_train: 2.1239 loss_val: 2.2825
Epoch: 0190 loss_train: 2.1373 loss_val: 2.2910
Epoch: 0191 loss_train: 2.1310 loss_val: 2.3089
Epoch: 0192 loss_train: 2.1445 loss_val: 2.2771
Epoch: 0193 loss_train: 2.1367 loss_val: 2.2825
Epoch: 0194 loss_train: 2.1400 loss_val: 2.2915
Epoch: 0195 loss_train: 2.1496 loss_val: 2.2853
Epoch: 0196 loss_train: 2.1341 loss_val: 2.2256
Epoch: 0197 loss_train: 2.1495 loss_val: 2.2914
Epoch: 0198 loss_train: 2.1319 loss_val: 2.2286
Epoch: 0199 loss_train: 2.1374 loss_val: 2.2244
Epoch: 0200 loss_train: 2.1229 loss_val: 2.2658
Epoch: 0201 loss_train: 2.1496 loss_val: 2.2807
Epoch: 0202 loss_train: 2.1336 loss_val: 2.2446
Epoch: 0203 loss_train: 2.1443 loss_val: 2.2713
Epoch: 0204 loss_train: 2.1029 loss_val: 2.2645
Epoch: 0205 loss_train: 2.1465 loss_val: 2.2494
Epoch: 0206 loss_train: 2.1397 loss_val: 2.2759
Epoch: 0207 loss_train: 2.1315 loss_val: 2.2841
Epoch: 0208 loss_train: 2.1212 loss_val: 2.2320
Epoch: 0209 loss_train: 2.1334 loss_val: 2.2733
Epoch: 0210 loss_train: 2.1354 loss_val: 2.2317
Epoch: 0211 loss_train: 2.1497 loss_val: 2.2293
Epoch: 0212 loss_train: 2.1233 loss_val: 2.2383
Epoch: 0213 loss_train: 2.1305 loss_val: 2.2908
Epoch: 0214 loss_train: 2.1234 loss_val: 2.2723
Epoch: 0215 loss_train: 2.1406 loss_val: 2.2642
Epoch: 0216 loss_train: 2.1409 loss_val: 2.2570
Epoch: 0217 loss_train: 2.1274 loss_val: 2.2552
Epoch: 0218 loss_train: 2.1286 loss_val: 2.2607
Epoch: 0219 loss_train: 2.1118 loss_val: 2.2556
Epoch: 0220 loss_train: 2.1401 loss_val: 2.2598
Epoch: 0221 loss_train: 2.1246 loss_val: 2.2751
Epoch: 0222 loss_train: 2.1395 loss_val: 2.2797
Epoch: 0223 loss_train: 2.1329 loss_val: 2.2774
Epoch: 0224 loss_train: 2.1301 loss_val: 2.2705
Epoch: 0225 loss_train: 2.1259 loss_val: 2.2793
Epoch: 0226 loss_train: 2.1306 loss_val: 2.2647
Epoch: 0227 loss_train: 2.1295 loss_val: 2.2681
Epoch: 0228 loss_train: 2.1300 loss_val: 2.2587
Epoch: 0229 loss_train: 2.1466 loss_val: 2.2687
Epoch: 0230 loss_train: 2.1507 loss_val: 2.2957
Epoch: 0231 loss_train: 2.1424 loss_val: 2.2758
Epoch: 0232 loss_train: 2.1226 loss_val: 2.2795
Epoch: 0233 loss_train: 2.1550 loss_val: 2.2636
Epoch: 0234 loss_train: 2.1279 loss_val: 2.2771
Epoch: 0235 loss_train: 2.1409 loss_val: 2.2597
Epoch: 0236 loss_train: 2.1282 loss_val: 2.2688
Epoch: 0237 loss_train: 2.1236 loss_val: 2.2970
Epoch: 0238 loss_train: 2.1324 loss_val: 2.2642
Epoch: 0239 loss_train: 2.1255 loss_val: 2.2584
Epoch: 0240 loss_train: 2.1303 loss_val: 2.2449
Epoch: 0241 loss_train: 2.1338 loss_val: 2.2479
Epoch: 0242 loss_train: 2.1338 loss_val: 2.2591
Epoch: 0243 loss_train: 2.1199 loss_val: 2.2623
Epoch: 0244 loss_train: 2.1450 loss_val: 2.2877
Epoch: 0245 loss_train: 2.1298 loss_val: 2.2621
Epoch: 0246 loss_train: 2.1305 loss_val: 2.2643
Epoch: 0247 loss_train: 2.1284 loss_val: 2.2629
Epoch: 0248 loss_train: 2.1446 loss_val: 2.2540
Epoch: 0249 loss_train: 2.1412 loss_val: 2.2508
Epoch: 0250 loss_train: 2.1692 loss_val: 2.2918
Epoch: 0251 loss_train: 2.1270 loss_val: 2.2703
Epoch: 0252 loss_train: 2.1364 loss_val: 2.2512
Epoch: 0253 loss_train: 2.1212 loss_val: 2.2652
Epoch: 0254 loss_train: 2.1482 loss_val: 2.2495
Epoch: 0255 loss_train: 2.1344 loss_val: 2.2262
Epoch: 0256 loss_train: 2.1398 loss_val: 2.2547
Epoch: 0257 loss_train: 2.1327 loss_val: 2.2681
Epoch: 0258 loss_train: 2.1269 loss_val: 2.2527
Epoch: 0259 loss_train: 2.1296 loss_val: 2.2593
Epoch: 0260 loss_train: 2.1356 loss_val: 2.2549
Epoch: 0261 loss_train: 2.1312 loss_val: 2.2603
Epoch: 0262 loss_train: 2.1293 loss_val: 2.2552
Epoch: 0263 loss_train: 2.1348 loss_val: 2.2460
Epoch: 0264 loss_train: 2.1182 loss_val: 2.2402
Epoch: 0265 loss_train: 2.1226 loss_val: 2.2457
Epoch: 0266 loss_train: 2.1442 loss_val: 2.2429
Epoch: 0267 loss_train: 2.1406 loss_val: 2.2479
Epoch: 0268 loss_train: 2.1343 loss_val: 2.2380
Epoch: 0269 loss_train: 2.1091 loss_val: 2.2499
Epoch: 0270 loss_train: 2.1285 loss_val: 2.2687
Epoch: 0271 loss_train: 2.1284 loss_val: 2.2359
Epoch: 0272 loss_train: 2.1411 loss_val: 2.2075
Epoch: 0273 loss_train: 2.1046 loss_val: 2.2337
Epoch: 0274 loss_train: 2.1340 loss_val: 2.2364
Epoch: 0275 loss_train: 2.1267 loss_val: 2.2254
Epoch: 0276 loss_train: 2.1478 loss_val: 2.2334
Epoch: 0277 loss_train: 2.1412 loss_val: 2.2619
Epoch: 0278 loss_train: 2.1227 loss_val: 2.2554
Epoch: 0279 loss_train: 2.1434 loss_val: 2.2633
Epoch: 0280 loss_train: 2.1278 loss_val: 2.2584
Epoch: 0281 loss_train: 2.1421 loss_val: 2.2544
Epoch: 0282 loss_train: 2.1352 loss_val: 2.2668
Epoch: 0283 loss_train: 2.1229 loss_val: 2.2587
Epoch: 0284 loss_train: 2.1404 loss_val: 2.2621
Epoch: 0285 loss_train: 2.1423 loss_val: 2.2632
Epoch: 0286 loss_train: 2.1535 loss_val: 2.2516
Epoch: 0287 loss_train: 2.1351 loss_val: 2.2438
Epoch: 0288 loss_train: 2.1371 loss_val: 2.2322
Epoch: 0289 loss_train: 2.1222 loss_val: 2.2380
Epoch: 0290 loss_train: 2.1231 loss_val: 2.2553
Epoch: 0291 loss_train: 2.1539 loss_val: 2.2385
Epoch: 0292 loss_train: 2.1372 loss_val: 2.2584
Epoch: 0293 loss_train: 2.1350 loss_val: 2.2719
Epoch: 0294 loss_train: 2.1139 loss_val: 2.2673
Epoch: 0295 loss_train: 2.1215 loss_val: 2.2236
Epoch: 0296 loss_train: 2.1231 loss_val: 2.2401
Epoch: 0297 loss_train: 2.1261 loss_val: 2.2427
Epoch: 0298 loss_train: 2.1320 loss_val: 2.2410
Epoch: 0299 loss_train: 2.1359 loss_val: 2.2513
Epoch: 0300 loss_train: 2.1210 loss_val: 2.2673
Epoch: 0301 loss_train: 2.1216 loss_val: 2.2273
Epoch: 0302 loss_train: 2.1088 loss_val: 2.2514
Epoch: 0303 loss_train: 2.1201 loss_val: 2.2526
Epoch: 0304 loss_train: 2.1357 loss_val: 2.2675
Epoch: 0305 loss_train: 2.1311 loss_val: 2.2418
Epoch: 0306 loss_train: 2.1289 loss_val: 2.2831
Epoch: 0307 loss_train: 2.1151 loss_val: 2.2680
Epoch: 0308 loss_train: 2.1227 loss_val: 2.2760
Epoch: 0309 loss_train: 2.1319 loss_val: 2.2551
Epoch: 0310 loss_train: 2.1335 loss_val: 2.2646
Epoch: 0311 loss_train: 2.1336 loss_val: 2.2747
Epoch: 0312 loss_train: 2.1200 loss_val: 2.2791
Epoch: 0313 loss_train: 2.1369 loss_val: 2.2658
Epoch: 0314 loss_train: 2.1212 loss_val: 2.2492
Epoch: 0315 loss_train: 2.1332 loss_val: 2.2761
Epoch: 0316 loss_train: 2.1397 loss_val: 2.2603
Epoch: 0317 loss_train: 2.1442 loss_val: 2.2710
Epoch: 0318 loss_train: 2.1402 loss_val: 2.2388
Epoch: 0319 loss_train: 2.1401 loss_val: 2.2493
Epoch: 0320 loss_train: 2.1481 loss_val: 2.2457
Epoch: 0321 loss_train: 2.1341 loss_val: 2.2469
Epoch: 0322 loss_train: 2.1149 loss_val: 2.2386
Epoch: 0323 loss_train: 2.1402 loss_val: 2.2373
Epoch: 0324 loss_train: 2.1289 loss_val: 2.2333
Epoch: 0325 loss_train: 2.1261 loss_val: 2.2554
Epoch: 0326 loss_train: 2.1492 loss_val: 2.2674
Epoch: 0327 loss_train: 2.1065 loss_val: 2.2224
Epoch: 0328 loss_train: 2.1360 loss_val: 2.2451
Epoch: 0329 loss_train: 2.1207 loss_val: 2.2566
Epoch: 0330 loss_train: 2.1324 loss_val: 2.2464
Epoch: 0331 loss_train: 2.1414 loss_val: 2.2435
Epoch: 0332 loss_train: 2.1442 loss_val: 2.2405
Epoch: 0333 loss_train: 2.1414 loss_val: 2.2551
Epoch: 0334 loss_train: 2.1424 loss_val: 2.2512
Epoch: 0335 loss_train: 2.1221 loss_val: 2.2369
Epoch: 0336 loss_train: 2.1119 loss_val: 2.2381
Epoch: 0337 loss_train: 2.1329 loss_val: 2.2544
Epoch: 0338 loss_train: 2.1305 loss_val: 2.2634
Epoch: 0339 loss_train: 2.1294 loss_val: 2.2645
Epoch: 0340 loss_train: 2.1170 loss_val: 2.2420
Epoch: 0341 loss_train: 2.1283 loss_val: 2.2647
Epoch: 0342 loss_train: 2.1453 loss_val: 2.2590
Epoch: 0343 loss_train: 2.1133 loss_val: 2.2547
Epoch: 0344 loss_train: 2.1108 loss_val: 2.2647
Epoch: 0345 loss_train: 2.1378 loss_val: 2.2612
Epoch: 0346 loss_train: 2.1255 loss_val: 2.2623
Epoch: 0347 loss_train: 2.1185 loss_val: 2.2587
Epoch: 0348 loss_train: 2.1353 loss_val: 2.2731
Epoch: 0349 loss_train: 2.1424 loss_val: 2.2668
Epoch: 0350 loss_train: 2.1247 loss_val: 2.2354
Epoch: 0351 loss_train: 2.1157 loss_val: 2.2725
Epoch: 0352 loss_train: 2.1422 loss_val: 2.2713
Epoch: 0353 loss_train: 2.1167 Run Train:  67%|██████▋   | 2/3 [1:02:05<31:05, 1865.16s/it]loss_val: 2.2779
Epoch: 0354 loss_train: 2.1436 loss_val: 2.2505
Epoch: 0355 loss_train: 2.1197 loss_val: 2.2811
Epoch: 0356 loss_train: 2.1254 loss_val: 2.2717
Epoch: 0357 loss_train: 2.1448 loss_val: 2.2862
Epoch: 0358 loss_train: 2.1198 loss_val: 2.2770
Epoch: 0359 loss_train: 2.1165 loss_val: 2.2827
Epoch: 0360 loss_train: 2.1367 loss_val: 2.2764
Epoch: 0361 loss_train: 2.1432 loss_val: 2.2961
Epoch: 0362 loss_train: 2.1319 loss_val: 2.2795
Epoch: 0363 loss_train: 2.1306 loss_val: 2.2715
Epoch: 0364 loss_train: 2.1234 loss_val: 2.2848
Epoch: 0365 loss_train: 2.1199 loss_val: 2.2778
Epoch: 0366 loss_train: 2.1265 loss_val: 2.2837
Epoch: 0367 loss_train: 2.1173 loss_val: 2.2844
Epoch: 0368 loss_train: 2.1256 loss_val: 2.2519
Epoch: 0369 loss_train: 2.1341 loss_val: 2.2491
Epoch: 0370 loss_train: 2.1243 loss_val: 2.2737
Epoch: 0371 loss_train: 2.1269 loss_val: 2.2796
Epoch: 0372 loss_train: 2.1337 loss_val: 2.2812
Epoch: 0373 loss_train: 2.1335 loss_val: 2.2429
Epoch: 0374 loss_train: 2.1235 loss_val: 2.2621
Epoch: 0375 loss_train: 2.1339 loss_val: 2.2561
Epoch: 0376 loss_train: 2.1260 loss_val: 2.2455
Epoch: 0377 loss_train: 2.1240 loss_val: 2.2739
Epoch: 0378 loss_train: 2.1341 loss_val: 2.2581
Epoch: 0379 loss_train: 2.1544 loss_val: 2.2416
Epoch: 0380 loss_train: 2.1375 loss_val: 2.2347
Epoch: 0381 loss_train: 2.1390 loss_val: 2.2600
Epoch: 0382 loss_train: 2.1309 loss_val: 2.2054
Epoch: 0383 loss_train: 2.1288 loss_val: 2.2833
Epoch: 0384 loss_train: 2.1076 loss_val: 2.2196
Epoch: 0385 loss_train: 2.1315 loss_val: 2.2378
Epoch: 0386 loss_train: 2.1270 loss_val: 2.2727
Epoch: 0387 loss_train: 2.1383 loss_val: 2.2203
Epoch: 0388 loss_train: 2.1196 loss_val: 2.2483
Epoch: 0389 loss_train: 2.1054 loss_val: 2.2497
Epoch: 0390 loss_train: 2.1378 loss_val: 2.2382
Epoch: 0391 loss_train: 2.1258 loss_val: 2.2530
Epoch: 0392 loss_train: 2.1317 loss_val: 2.2287
Epoch: 0393 loss_train: 2.1405 loss_val: 2.2641
Epoch: 0394 loss_train: 2.1132 loss_val: 2.2587
Epoch: 0395 loss_train: 2.1196 loss_val: 2.2455
Epoch: 0396 loss_train: 2.1349 loss_val: 2.2335
Epoch: 0397 loss_train: 2.1177 loss_val: 2.1942
Epoch: 0398 loss_train: 2.1205 loss_val: 2.2515
Epoch: 0399 loss_train: 2.1381 loss_val: 2.2103
Epoch: 0400 loss_train: 2.1332 loss_val: 2.2434
Epoch: 0401 loss_train: 2.1369 loss_val: 2.2028
Epoch: 0402 loss_train: 2.1361 loss_val: 2.2304
Epoch: 0403 loss_train: 2.1186 loss_val: 2.2017
Epoch: 0404 loss_train: 2.1193 loss_val: 2.2263
Epoch: 0405 loss_train: 2.1364 loss_val: 2.2553
Epoch: 0406 loss_train: 2.1116 loss_val: 2.2462
Epoch: 0407 loss_train: 2.1239 loss_val: 2.2477
Epoch: 0408 loss_train: 2.1328 loss_val: 2.2634
Epoch: 0409 loss_train: 2.1299 loss_val: 2.2505
Epoch: 0410 loss_train: 2.1344 loss_val: 2.2464
Epoch: 0411 loss_train: 2.1310 loss_val: 2.2415
Epoch: 0412 loss_train: 2.1264 loss_val: 2.2427
Epoch: 0413 loss_train: 2.1065 loss_val: 2.2428
Epoch: 0414 loss_train: 2.1077 loss_val: 2.2690
Epoch: 0415 loss_train: 2.1352 loss_val: 2.2809
Epoch: 0416 loss_train: 2.1363 loss_val: 2.2745
Epoch: 0417 loss_train: 2.1314 loss_val: 2.2519
Epoch: 0418 loss_train: 2.1322 loss_val: 2.2832
Epoch: 0419 loss_train: 2.1142 loss_val: 2.2440
Epoch: 0420 loss_train: 2.1352 loss_val: 2.2757
Epoch: 0421 loss_train: 2.1261 loss_val: 2.2788
Epoch: 0422 loss_train: 2.1380 loss_val: 2.2679
Epoch: 0423 loss_train: 2.1322 loss_val: 2.2608
Epoch: 0424 loss_train: 2.1381 loss_val: 2.2797
Epoch: 0425 loss_train: 2.1308 loss_val: 2.2804
Epoch: 0426 loss_train: 2.1414 loss_val: 2.2768
Epoch: 0427 loss_train: 2.1556 loss_val: 2.2688
Epoch: 0428 loss_train: 2.1233 loss_val: 2.2551
Epoch: 0429 loss_train: 2.1360 loss_val: 2.2662
Epoch: 0430 loss_train: 2.1509 loss_val: 2.2867
Epoch: 0431 loss_train: 2.1336 loss_val: 2.2734
Epoch: 0432 loss_train: 2.1447 loss_val: 2.2605
Epoch: 0433 loss_train: 2.1366 loss_val: 2.2295
Epoch: 0434 loss_train: 2.1262 loss_val: 2.2534
Epoch: 0435 loss_train: 2.1267 loss_val: 2.2723
Epoch: 0436 loss_train: 2.1205 loss_val: 2.2519
Epoch: 0437 loss_train: 2.1073 loss_val: 2.2678
Epoch: 0438 loss_train: 2.1187 loss_val: 2.2590
Epoch: 0439 loss_train: 2.1004 loss_val: 2.2635
Epoch: 0440 loss_train: 2.1338 loss_val: 2.2613
Epoch: 0441 loss_train: 2.1384 loss_val: 2.2566
Epoch: 0442 loss_train: 2.1341 loss_val: 2.2513
Epoch: 0443 loss_train: 2.1378 loss_val: 2.2543
Epoch: 0444 loss_train: 2.1288 loss_val: 2.2444
Epoch: 0445 loss_train: 2.1224 loss_val: 2.2866
Epoch: 0446 loss_train: 2.1373 loss_val: 2.2730
Epoch: 0447 loss_train: 2.1139 loss_val: 2.2786
Epoch: 0448 loss_train: 2.1388 loss_val: 2.2917
Epoch: 0449 loss_train: 2.1101 loss_val: 2.2744
Epoch: 0450 loss_train: 2.1319 loss_val: 2.2807
Epoch: 0451 loss_train: 2.1163 loss_val: 2.2562
Epoch: 0452 loss_train: 2.1247 loss_val: 2.2637
Epoch: 0453 loss_train: 2.1239 loss_val: 2.2799
Epoch: 0454 loss_train: 2.1188 loss_val: 2.2753
Epoch: 0455 loss_train: 2.1413 loss_val: 2.2748
Epoch: 0456 loss_train: 2.1338 loss_val: 2.2703
Epoch: 0457 loss_train: 2.1301 loss_val: 2.2798
Epoch: 0458 loss_train: 2.1338 loss_val: 2.2825
Epoch: 0459 loss_train: 2.1427 loss_val: 2.2837
Epoch: 0460 loss_train: 2.1273 loss_val: 2.2963
Epoch: 0461 loss_train: 2.1276 loss_val: 2.2789
Epoch: 0462 loss_train: 2.1134 loss_val: 2.2792
Epoch: 0463 loss_train: 2.1232 loss_val: 2.2901
Epoch: 0464 loss_train: 2.1293 loss_val: 2.2733
Epoch: 0465 loss_train: 2.1280 loss_val: 2.2821
Epoch: 0466 loss_train: 2.1273 loss_val: 2.2882
Epoch: 0467 loss_train: 2.1244 loss_val: 2.2675
Epoch: 0468 loss_train: 2.1518 loss_val: 2.2639
Epoch: 0469 loss_train: 2.1346 loss_val: 2.2777
Epoch: 0470 loss_train: 2.1261 loss_val: 2.2385
Epoch: 0471 loss_train: 2.1367 loss_val: 2.2954
Epoch: 0472 loss_train: 2.1180 loss_val: 2.2777
Epoch: 0473 loss_train: 2.1291 loss_val: 2.2848
Epoch: 0474 loss_train: 2.1243 loss_val: 2.2746
Epoch: 0475 loss_train: 2.1473 loss_val: 2.2579
Epoch: 0476 loss_train: 2.1263 loss_val: 2.2661
Epoch: 0477 loss_train: 2.1273 loss_val: 2.2608
Epoch: 0478 loss_train: 2.1384 loss_val: 2.2775
Epoch: 0479 loss_train: 2.1439 loss_val: 2.2616
Epoch: 0480 loss_train: 2.1328 loss_val: 2.2756
Epoch: 0481 loss_train: 2.1425 loss_val: 2.2685
Epoch: 0482 loss_train: 2.1051 loss_val: 2.2388
Epoch: 0483 loss_train: 2.1074 loss_val: 2.2815
Epoch: 0484 loss_train: 2.1301 loss_val: 2.2847
Epoch: 0485 loss_train: 2.1399 loss_val: 2.2592
Epoch: 0486 loss_train: 2.1247 loss_val: 2.2536
Epoch: 0487 loss_train: 2.1233 loss_val: 2.2607
Epoch: 0488 loss_train: 2.1400 loss_val: 2.2687
Epoch: 0489 loss_train: 2.1307 loss_val: 2.2839
Epoch: 0490 loss_train: 2.1263 loss_val: 2.2560
Epoch: 0491 loss_train: 2.1323 loss_val: 2.2663
Epoch: 0492 loss_train: 2.1150 loss_val: 2.2604
Epoch: 0493 loss_train: 2.1382 loss_val: 2.2643
Epoch: 0494 loss_train: 2.1342 loss_val: 2.2693
Epoch: 0495 loss_train: 2.1428 loss_val: 2.2809
Epoch: 0496 loss_train: 2.1106 loss_val: 2.2399
Epoch: 0497 loss_train: 2.1198 loss_val: 2.2677
Epoch: 0498 loss_train: 2.1264 loss_val: 2.2931
Epoch: 0499 loss_train: 2.1211 loss_val: 2.2551
Epoch: 0500 loss_train: 2.1180 loss_val: 2.2756
Epoch: 0001 loss_train: 2.1328 loss_val: 2.2652
Epoch: 0002 loss_train: 2.1355 loss_val: 2.2618
Epoch: 0003 loss_train: 2.1170 loss_val: 2.2349
Epoch: 0004 loss_train: 2.1269 loss_val: 2.2857
Epoch: 0005 loss_train: 2.1271 loss_val: 2.2732
Epoch: 0006 loss_train: 2.1352 loss_val: 2.2738
Epoch: 0007 loss_train: 2.1257 loss_val: 2.2862
Epoch: 0008 loss_train: 2.1159 loss_val: 2.2706
Epoch: 0009 loss_train: 2.1179 loss_val: 2.2657
Epoch: 0010 loss_train: 2.1383 loss_val: 2.3024
Epoch: 0011 loss_train: 2.1261 loss_val: 2.3093
Epoch: 0012 loss_train: 2.1360 loss_val: 2.3083
Epoch: 0013 loss_train: 2.1244 loss_val: 2.2993
Epoch: 0014 loss_train: 2.1371 loss_val: 2.2926
Epoch: 0015 loss_train: 2.1229 loss_val: 2.3025
Epoch: 0016 loss_train: 2.1304 loss_val: 2.3292
Epoch: 0017 loss_train: 2.1358 loss_val: 2.3369
Epoch: 0018 loss_train: 2.1402 loss_val: 2.2753
Epoch: 0019 loss_train: 2.1269 loss_val: 2.3200
Epoch: 0020 loss_train: 2.1316 loss_val: 2.3208
Epoch: 0021 loss_train: 2.1185 loss_val: 2.3240
Epoch: 0022 loss_train: 2.1412 loss_val: 2.2941
Epoch: 0023 loss_train: 2.1343 loss_val: 2.3234
Epoch: 0024 loss_train: 2.1249 loss_val: 2.3035
Epoch: 0025 loss_train: 2.1245 loss_val: 2.3241
Epoch: 0026 loss_train: 2.1216 loss_val: 2.3039
Epoch: 0027 loss_train: 2.1292 loss_val: 2.3254
Epoch: 0028 loss_train: 2.1276 loss_val: 2.3200
Epoch: 0029 loss_train: 2.1316 loss_val: 2.3241
Epoch: 0030 loss_train: 2.1371 loss_val: 2.3014
Epoch: 0031 loss_train: 2.1222 loss_val: 2.3221
Epoch: 0032 loss_train: 2.1297 loss_val: 2.3152
Epoch: 0033 loss_train: 2.1281 loss_val: 2.3082
Epoch: 0034 loss_train: 2.1390 loss_val: 2.3103
Epoch: 0035 loss_train: 2.1279 loss_val: 2.3208
Epoch: 0036 loss_train: 2.1052 loss_val: 2.3170
Epoch: 0037 loss_train: 2.1293 loss_val: 2.2515
Epoch: 0038 loss_train: 2.1208 loss_val: 2.2868
Epoch: 0039 loss_train: 2.1398 loss_val: 2.3047
Epoch: 0040 loss_train: 2.1435 loss_val: 2.2711
Epoch: 0041 loss_train: 2.1551 loss_val: 2.2597
Epoch: 0042 loss_train: 2.1017 loss_val: 2.3038
Epoch: 0043 loss_train: 2.1306 loss_val: 2.2913
Epoch: 0044 loss_train: 2.1325 loss_val: 2.2678
Epoch: 0045 loss_train: 2.1267 loss_val: 2.2879
Epoch: 0046 loss_train: 2.1263 loss_val: 2.2862
Epoch: 0047 loss_train: 2.1296 loss_val: 2.2535
Epoch: 0048 loss_train: 2.1227 loss_val: 2.2890
Epoch: 0049 loss_train: 2.1170 loss_val: 2.2433
Epoch: 0050 loss_train: 2.1169 loss_val: 2.2148
Epoch: 0051 loss_train: 2.1406 loss_val: 2.3144
Epoch: 0052 loss_train: 2.1420 loss_val: 2.2142
Epoch: 0053 loss_train: 2.1274 loss_val: 2.2501
Epoch: 0054 loss_train: 2.1246 loss_val: 2.3040
Epoch: 0055 loss_train: 2.1384 loss_val: 2.2785
Epoch: 0056 loss_train: 2.1422 loss_val: 2.2903
Epoch: 0057 loss_train: 2.1317 loss_val: 2.2951
Epoch: 0058 loss_train: 2.1315 loss_val: 2.2842
Epoch: 0059 loss_train: 2.1296 loss_val: 2.2959
Epoch: 0060 loss_train: 2.1411 loss_val: 2.2262
Epoch: 0061 loss_train: 2.1234 loss_val: 2.2357
Epoch: 0062 loss_train: 2.1143 loss_val: 2.2286
Epoch: 0063 loss_train: 2.1355 loss_val: 2.2740
Epoch: 0064 loss_train: 2.1114 loss_val: 2.2530
Epoch: 0065 loss_train: 2.1162 loss_val: 2.2412
Epoch: 0066 loss_train: 2.1358 loss_val: 2.2752
Epoch: 0067 loss_train: 2.1328 loss_val: 2.2441
Epoch: 0068 loss_train: 2.1273 loss_val: 2.2453
Epoch: 0069 loss_train: 2.1286 loss_val: 2.1957
Epoch: 0070 loss_train: 2.1309 loss_val: 2.2175
Epoch: 0071 loss_train: 2.1259 loss_val: 2.2868
Epoch: 0072 loss_train: 2.1253 loss_val: 2.2146
Epoch: 0073 loss_train: 2.1237 loss_val: 2.2861
Epoch: 0074 loss_train: 2.1206 loss_val: 2.1952
Epoch: 0075 loss_train: 2.1087 loss_val: 2.2869
Epoch: 0076 loss_train: 2.1365 loss_val: 2.1987
Epoch: 0077 loss_train: 2.1187 loss_val: 2.3002
Epoch: 0078 loss_train: 2.1275 loss_val: 2.2899
Epoch: 0079 loss_train: 2.1317 loss_val: 2.2046
Epoch: 0080 loss_train: 2.1082 loss_val: 2.2719
Epoch: 0081 loss_train: 2.1313 loss_val: 2.2579
Epoch: 0082 loss_train: 2.1110 loss_val: 2.3331
Epoch: 0083 loss_train: 2.1466 loss_val: 2.2598
Epoch: 0084 loss_train: 2.1429 loss_val: 2.2720
Epoch: 0085 loss_train: 2.1238 loss_val: 2.2990
Epoch: 0086 loss_train: 2.1383 loss_val: 2.2704
Epoch: 0087 loss_train: 2.1168 loss_val: 2.3171
Epoch: 0088 loss_train: 2.1212 loss_val: 2.2360
Epoch: 0089 loss_train: 2.1466 loss_val: 2.2658
Epoch: 0090 loss_train: 2.1029 loss_val: 2.2808
Epoch: 0091 loss_train: 2.1151 loss_val: 2.2703
Epoch: 0092 loss_train: 2.1281 loss_val: 2.3330
Epoch: 0093 loss_train: 2.1154 loss_val: 2.3583
Epoch: 0094 loss_train: 2.0906 loss_val: 2.3113
Epoch: 0095 loss_train: 2.1248 loss_val: 2.2807
Epoch: 0096 loss_train: 2.1368 loss_val: 2.3237
Epoch: 0097 loss_train: 2.1261 loss_val: 2.3457
Epoch: 0098 loss_train: 2.1478 loss_val: 2.3442
Epoch: 0099 loss_train: 2.1186 loss_val: 2.2967
Epoch: 0100 loss_train: 2.1175 loss_val: 2.2823
Epoch: 0101 loss_train: 2.1242 loss_val: 2.2634
Epoch: 0102 loss_train: 2.1273 loss_val: 2.2256
Epoch: 0103 loss_train: 2.1293 loss_val: 2.2140
Epoch: 0104 loss_train: 2.1326 loss_val: 2.2817
Epoch: 0105 loss_train: 2.1233 loss_val: 2.2296
Epoch: 0106 loss_train: 2.1257 loss_val: 2.2587
Epoch: 0107 loss_train: 2.1343 loss_val: 2.3083
Epoch: 0108 loss_train: 2.1298 loss_val: 2.2188
Epoch: 0109 loss_train: 2.1164 loss_val: 2.2886
Epoch: 0110 loss_train: 2.1435 loss_val: 2.2470
Epoch: 0111 loss_train: 2.1254 loss_val: 2.2623
Epoch: 0112 loss_train: 2.1364 loss_val: 2.2806
Epoch: 0113 loss_train: 2.1284 loss_val: 2.3399
Epoch: 0114 loss_train: 2.1299 loss_val: 2.3057
Epoch: 0115 loss_train: 2.1197 loss_val: 2.3466
Epoch: 0116 loss_train: 2.1299 loss_val: 2.3795
Epoch: 0117 loss_train: 2.1317 loss_val: 2.2670
Epoch: 0118 loss_train: 2.1127 loss_val: 2.3142
Epoch: 0119 loss_train: 2.1336 loss_val: 2.2995
Epoch: 0120 loss_train: 2.1172 loss_val: 2.2963
Epoch: 0121 loss_train: 2.1363 loss_val: 2.2431
Epoch: 0122 loss_train: 2.1251 loss_val: 2.2969
Epoch: 0123 loss_train: 2.1276 loss_val: 2.3174
Epoch: 0124 loss_train: 2.1521 loss_val: 2.2363
Epoch: 0125 loss_train: 2.1324 loss_val: 2.2410
Epoch: 0126 loss_train: 2.1313 loss_val: 2.3088
Epoch: 0127 loss_train: 2.1517 loss_val: 2.2710
Epoch: 0128 loss_train: 2.1378 loss_val: 2.3044
Epoch: 0129 loss_train: 2.1230 loss_val: 2.2813
Epoch: 0130 loss_train: 2.1431 loss_val: 2.2404
Epoch: 0131 loss_train: 2.1171 loss_val: 2.3023
Epoch: 0132 loss_train: 2.1451 loss_val: 2.2861
Epoch: 0133 loss_train: 2.1489 loss_val: 2.2703
Epoch: 0134 loss_train: 2.1170 loss_val: 2.2290
Epoch: 0135 loss_train: 2.1115 loss_val: 2.1869
Epoch: 0136 loss_train: 2.1250 loss_val: 2.2801
Epoch: 0137 loss_train: 2.1132 loss_val: 2.3098
Epoch: 0138 loss_train: 2.1291 loss_val: 2.3112
Epoch: 0139 loss_train: 2.1180 loss_val: 2.2418
Epoch: 0140 loss_train: 2.1158 loss_val: 2.2409
Epoch: 0141 loss_train: 2.1276 loss_val: 2.3011
Epoch: 0142 loss_train: 2.1548 loss_val: 2.2250
Epoch: 0143 loss_train: 2.1095 loss_val: 2.2165
Epoch: 0144 loss_train: 2.1293 loss_val: 2.2191
Epoch: 0145 loss_train: 2.1157 loss_val: 2.3249
Epoch: 0146 loss_train: 2.1300 loss_val: 2.2976
Epoch: 0147 loss_train: 2.1224 loss_val: 2.2702
Epoch: 0148 loss_train: 2.1266 loss_val: 2.2637
Epoch: 0149 loss_train: 2.1131 loss_val: 2.2661
Epoch: 0150 loss_train: 2.1303 loss_val: 2.3221
Epoch: 0151 loss_train: 2.1281 loss_val: 2.2184
Epoch: 0152 loss_train: 2.1206 loss_val: 2.2484
Epoch: 0153 loss_train: 2.1329 loss_val: 2.2452
Epoch: 0154 loss_train: 2.1290 loss_val: 2.2164
Epoch: 0155 loss_train: 2.1483 loss_val: 2.3496
Epoch: 0156 loss_train: 2.1428 loss_val: 2.2785
Epoch: 0157 loss_train: 2.1212 loss_val: 2.2877
Epoch: 0158 loss_train: 2.1187 loss_val: 2.2919
Epoch: 0159 loss_train: 2.1334 loss_val: 2.2656
Epoch: 0160 loss_train: 2.1314 loss_val: 2.2885
Epoch: 0161 loss_train: 2.1338 loss_val: 2.2951
Epoch: 0162 loss_train: 2.1255 loss_val: 2.2704
Epoch: 0163 loss_train: 2.1243 loss_val: 2.3098
Epoch: 0164 loss_train: 2.1215 loss_val: 2.3203
Epoch: 0165 loss_train: 2.1319 loss_val: 2.2464
Epoch: 0166 loss_train: 2.1227 loss_val: 2.2913
Epoch: 0167 loss_train: 2.1361 loss_val: 2.3035
Epoch: 0168 loss_train: 2.1295 loss_val: 2.2824
Epoch: 0169 loss_train: 2.1405 loss_val: 2.2954
Epoch: 0170 loss_train: 2.1264 loss_val: 2.3289
Epoch: 0171 loss_train: 2.1405 loss_val: 2.3000
Epoch: 0172 loss_train: 2.1119 loss_val: 2.3260
Epoch: 0173 loss_train: 2.1180 loss_val: 2.2733
Epoch: 0174 loss_train: 2.1422 loss_val: 2.3021
Epoch: 0175 loss_train: 2.1277 loss_val: 2.1990
Epoch: 0176 loss_train: 2.1308 loss_val: 2.2554
Epoch: 0177 loss_train: 2.1118 loss_val: 2.2753
Epoch: 0178 loss_train: 2.1427 loss_val: 2.2507
Epoch: 0179 loss_train: 2.1116 loss_val: 2.2346
Epoch: 0180 loss_train: 2.1206 loss_val: 2.2688
Epoch: 0181 loss_train: 2.1341 loss_val: 2.3333
Epoch: 0182 loss_train: 2.1369 loss_val: 2.3143
Epoch: 0183 loss_train: 2.1139 loss_val: 2.2712
Epoch: 0184 loss_train: 2.1318 loss_val: 2.2527
Epoch: 0185 loss_train: 2.1547 loss_val: 2.2661
Epoch: 0186 loss_train: 2.1331 loss_val: 2.2671
Epoch: 0187 loss_train: 2.1169 loss_val: 2.2857
Epoch: 0188 loss_train: 2.1125 loss_val: 2.3596
Epoch: 0189 loss_train: 2.1324 loss_val: 2.2994
Epoch: 0190 loss_train: 2.1279 loss_val: 2.3155
Epoch: 0191 loss_train: 2.1067 loss_val: 2.2776
Epoch: 0192 loss_train: 2.1198 loss_val: 2.3490
Epoch: 0193 loss_train: 2.1346 loss_val: 2.2955
Epoch: 0194 loss_train: 2.1370 loss_val: 2.3217
Epoch: 0195 loss_train: 2.1135 loss_val: 2.3167
Epoch: 0196 loss_train: 2.0977 loss_val: 2.3146
Epoch: 0197 loss_train: 2.1340 loss_val: 2.3545
Epoch: 0198 loss_train: 2.1212 loss_val: 2.3027
Epoch: 0199 loss_train: 2.1277 loss_val: 2.3387
Epoch: 0200 loss_train: 2.1038 loss_val: 2.3957
Epoch: 0201 loss_train: 2.1235 loss_val: 2.3540
Epoch: 0202 loss_train: 2.1114 loss_val: 2.3413
Epoch: 0203 loss_train: 2.1354 loss_val: 2.4140
Epoch: 0204 loss_train: 2.1392 loss_val: 2.4179
Epoch: 0205 loss_train: 2.1280 loss_val: 2.3750
Epoch: 0206 loss_train: 2.1333 loss_val: 2.3998
Epoch: 0207 loss_train: 2.1289 loss_val: 2.3824
Epoch: 0208 loss_train: 2.1335 loss_val: 2.4196
Epoch: 0209 loss_train: 2.1306 loss_val: 2.4106
Epoch: 0210 loss_train: 2.1310 loss_val: 2.4038
Epoch: 0211 loss_train: 2.1319 loss_val: 2.4218
Epoch: 0212 loss_train: 2.1201 loss_val: 2.3955
Epoch: 0213 loss_train: 2.1309 loss_val: 2.3828
Epoch: 0214 loss_train: 2.1317 loss_val: 2.4222
Epoch: 0215 loss_train: 2.1406 loss_val: 2.4108
Epoch: 0216 loss_train: 2.1314 loss_val: 2.4068
Epoch: 0217 loss_train: 2.1263 loss_val: 2.4203
Epoch: 0218 loss_train: 2.1262 loss_val: 2.4161
Epoch: 0219 loss_train: 2.1351 loss_val: 2.3839
Epoch: 0220 loss_train: 2.1257 loss_val: 2.3903
Epoch: 0221 loss_train: 2.1270 loss_val: 2.3844
Epoch: 0222 loss_train: 2.1254 loss_val: 2.3830
Epoch: 0223 loss_train: 2.1357 loss_val: 2.3481
Epoch: 0224 loss_train: 2.1207 loss_val: 2.4402
Epoch: 0225 loss_train: 2.1286 loss_val: 2.3888
Epoch: 0226 loss_train: 2.1134 loss_val: 2.4066
Epoch: 0227 loss_train: 2.1118 loss_val: 2.4212
Epoch: 0228 loss_train: 2.1228 loss_val: 2.3942
Epoch: 0229 loss_train: 2.1197 loss_val: 2.3848
Epoch: 0230 loss_train: 2.1248 loss_val: 2.3939
Epoch: 0231 loss_train: 2.1350 loss_val: 2.3797
Epoch: 0232 loss_train: 2.1344 loss_val: 2.4104
Epoch: 0233 loss_train: 2.1023 loss_val: 2.3874
Epoch: 0234 loss_train: 2.1195 loss_val: 2.3853
Epoch: 0235 loss_train: 2.1171 loss_val: 2.4013
Epoch: 0236 loss_train: 2.1143 loss_val: 2.4053
Epoch: 0237 loss_train: 2.0970 loss_val: 2.4285
Epoch: 0238 loss_train: 2.1169 loss_val: 2.4049
Epoch: 0239 loss_train: 2.1252 loss_val: 2.4505
Epoch: 0240 loss_train: 2.1254 loss_val: 2.4274
Epoch: 0241 loss_train: 2.1424 loss_val: 2.4060
Epoch: 0242 loss_train: 2.1079 loss_val: 2.4308
Epoch: 0243 loss_train: 2.1047 loss_val: 2.4225
Epoch: 0244 loss_train: 2.1174 loss_val: 2.4372
Epoch: 0245 loss_train: 2.1172 loss_val: 2.4318
Epoch: 0246 loss_train: 2.1244 loss_val: 2.4471
Epoch: 0247 loss_train: 2.1544 loss_val: 2.4348
Epoch: 0248 loss_train: 2.1169 loss_val: 2.4140
Epoch: 0249 loss_train: 2.1048 loss_val: 2.4296
Epoch: 0250 loss_train: 2.1257 loss_val: 2.4531
Epoch: 0251 loss_train: 2.1334 loss_val: 2.4493
Epoch: 0252 loss_train: 2.1367 loss_val: 2.4483
Epoch: 0253 loss_train: 2.1330 loss_val: 2.4571
Epoch: 0254 loss_train: 2.1418 loss_val: 2.4412
Epoch: 0255 loss_train: 2.1190 loss_val: 2.4412
Epoch: 0256 loss_train: 2.1351 loss_val: 2.4559
Epoch: 0257 loss_train: 2.1368 loss_val: 2.4335
Epoch: 0258 loss_train: 2.1312 loss_val: 2.4262
Epoch: 0259 loss_train: 2.1194 loss_val: 2.4332
Epoch: 0260 loss_train: 2.1244 loss_val: 2.4319
Epoch: 0261 loss_train: 2.1132 loss_val: 2.3965
Epoch: 0262 loss_train: 2.1226 loss_val: 2.4307
Epoch: 0263 loss_train: 2.1143 loss_val: 2.4538
Epoch: 0264 loss_train: 2.1140 loss_val: 2.4601
Epoch: 0265 loss_train: 2.1306 loss_val: 2.4425
Epoch: 0266 loss_train: 2.1098 loss_val: 2.4445
Epoch: 0267 loss_train: 2.1241 loss_val: 2.4395
Epoch: 0268 loss_train: 2.1237 loss_val: 2.4449
Epoch: 0269 loss_train: 2.1190 loss_val: 2.4429
Epoch: 0270 loss_train: 2.1443 loss_val: 2.4433
Epoch: 0271 loss_train: 2.1097 loss_val: 2.4569
Epoch: 0272 loss_train: 2.1210 loss_val: 2.4447
Epoch: 0273 loss_train: 2.1273 loss_val: 2.4437
Epoch: 0274 loss_train: 2.0992 loss_val: 2.4310
Epoch: 0275 loss_train: 2.1187 loss_val: 2.4587
Epoch: 0276 loss_train: 2.1218 loss_val: 2.4457
Epoch: 0277 loss_train: 2.1255 loss_val: 2.4553
Epoch: 0278 loss_train: 2.1387 loss_val: 2.4342
Epoch: 0279 loss_train: 2.1359 loss_val: 2.4613
Epoch: 0280 loss_train: 2.1345 loss_val: 2.4450
Epoch: 0281 loss_train: 2.1192 loss_val: 2.4537
Epoch: 0282 loss_train: 2.1515 loss_val: 2.4404
Epoch: 0283 loss_train: 2.1210 loss_val: 2.4555
Epoch: 0284 loss_train: 2.1167 loss_val: 2.4735
Epoch: 0285 loss_train: 2.1184 loss_val: 2.4449
Epoch: 0286 loss_train: 2.1310 loss_val: 2.4633
Epoch: 0287 loss_train: 2.1414 loss_val: 2.4540
Epoch: 0288 loss_train: 2.1258 loss_val: 2.4499
Epoch: 0289 loss_train: 2.1256 loss_val: 2.4641
Epoch: 0290 loss_train: 2.1462 loss_val: 2.4574
Epoch: 0291 loss_train: 2.1121 loss_val: 2.4673
Epoch: 0292 loss_train: 2.1354 loss_val: 2.4479
Epoch: 0293 loss_train: 2.1093 loss_val: 2.4556
Epoch: 0294 loss_train: 2.1327 loss_val: 2.4414
Epoch: 0295 loss_train: 2.1298 loss_val: 2.4768
Epoch: 0296 loss_train: 2.1095 loss_val: 2.4620
Epoch: 0297 loss_train: 2.1007 loss_val: 2.4494
Epoch: 0298 loss_train: 2.1195 loss_val: 2.4400
Epoch: 0299 loss_train: 2.1119 loss_val: 2.4571
Epoch: 0300 loss_train: 2.1301 loss_val: 2.4730
Epoch: 0301 loss_train: 2.1279 loss_val: 2.4768
Epoch: 0302 loss_train: 2.1379 loss_val: 2.4848
Epoch: 0303 loss_train: 2.1197 loss_val: 2.4478
Epoch: 0304 loss_train: 2.1359 loss_val: 2.4721
Epoch: 0305 loss_train: 2.1194 loss_val: 2.4552
Epoch: 0306 loss_train: 2.1296 loss_val: 2.4553
Epoch: 0307 loss_train: 2.1198 loss_val: 2.4633
Epoch: 0308 loss_train: 2.1162 loss_val: 2.4471
Epoch: 0309 loss_train: 2.1221 loss_val: 2.4738
Epoch: 0310 loss_train: 2.1058 loss_val: 2.4615
Epoch: 0311 loss_train: 2.1086 loss_val: 2.4917
Epoch: 0312 loss_train: 2.1173 loss_val: 2.4659
Epoch: 0313 loss_train: 2.1318 loss_val: 2.4996
Epoch: 0314 loss_train: 2.1365 loss_val: 2.4524
Epoch: 0315 loss_train: 2.1237 loss_val: 2.4611
Epoch: 0316 loss_train: 2.1527 loss_val: 2.4744
Epoch: 0317 loss_train: 2.1377 loss_val: 2.4591
Epoch: 0318 loss_train: 2.1395 loss_val: 2.4738
Epoch: 0319 loss_train: 2.1226 loss_val: 2.4808
Epoch: 0320 loss_train: 2.1260 loss_val: 2.4707
Epoch: 0321 loss_train: 2.1203 loss_val: 2.4936
Epoch: 0322 loss_train: 2.1220 loss_val: 2.4592
Epoch: 0323 loss_train: 2.1061 loss_val: 2.4706
Epoch: 0324 loss_train: 2.1130 loss_val: 2.4529
Epoch: 0325 loss_train: 2.1359 loss_val: 2.4884
Epoch: 0326 loss_train: 2.1149 loss_val: 2.4502
Epoch: 0327 loss_train: 2.1179 loss_val: 2.4601
Epoch: 0328 loss_train: 2.1224 loss_val: 2.4704
Epoch: 0329 loss_train: 2.1263 loss_val: 2.4664
Epoch: 0330 loss_train: 2.1244 loss_val: 2.4624
Epoch: 0331 loss_train: 2.1323 loss_val: 2.4513
Epoch: 0332 loss_train: 2.1210 loss_val: 2.4480
Epoch: 0333 loss_train: 2.1203 loss_val: 2.4495
Epoch: 0334 loss_train: 2.1274 loss_val: 2.4532
Epoch: 0335 loss_train: 2.1235 loss_val: 2.4470
Epoch: 0336 loss_train: 2.1162 loss_val: 2.4472
Epoch: 0337 loss_train: 2.1219 loss_val: 2.4551
Epoch: 0338 loss_train: 2.1022 loss_val: 2.4599
Epoch: 0339 loss_train: 2.1172 loss_val: 2.4336
Epoch: 0340 loss_train: 2.1073 loss_val: 2.4547
Epoch: 0341 loss_train: 2.1072 loss_val: 2.4591
Epoch: 0342 loss_train: 2.1242 loss_val: 2.4425
Epoch: 0343 loss_train: 2.1416 loss_val: 2.4410
Epoch: 0344 loss_train: 2.1462 loss_val: 2.4542
Epoch: 0345 loss_train: 2.1359 loss_val: 2.4420
Epoch: 0346 loss_train: 2.1257 loss_val: 2.4335
Epoch: 0347 loss_train: 2.1273 loss_val: 2.4551
Epoch: 0348 loss_train: 2.1408 loss_val: 2.4618
Epoch: 0349 loss_train: 2.1182 loss_val: 2.4572
Epoch: 0350 loss_train: 2.1137 loss_val: 2.4569
Epoch: 0351 loss_train: 2.1396 loss_val: 2.4435
Epoch: 0352 loss_train: 2.1186 loss_val: 2.4680
Epoch: 0353 loss_train: 2.1397 loss_val: 2.4493
Epoch: 0354 loss_train: 2.1335 loss_val: 2.4512
Epoch: 0355 loss_train: 2.1209 loss_val: 2.4290
Epoch: 0356 loss_train: 2.1083 loss_val: 2.4598
Epoch: 0357 loss_train: 2.1288 loss_val: 2.4438
Epoch: 0358 loss_train: 2.1169 loss_val: 2.4656
Epoch: 0359 loss_train: 2.1276 loss_val: 2.4613
Epoch: 0360 loss_train: 2.1437 loss_val: 2.4399
Epoch: 0361 loss_train: 2.1344 loss_val: 2.4458
Epoch: 0362 loss_train: 2.1244 loss_val: 2.4397
Epoch: 0363 loss_train: 2.1358 loss_val: 2.4363
Epoch: 0364 loss_train: 2.1063 loss_val: 2.4394
Epoch: 0365 Run Train: 100%|██████████| 3/3 [1:33:31<00:00, 1874.60s/it]Run Train: 100%|██████████| 3/3 [1:33:31<00:00, 1870.56s/it]
loss_train: 2.1277 loss_val: 2.4447
Epoch: 0366 loss_train: 2.1147 loss_val: 2.3844
Epoch: 0367 loss_train: 2.1186 loss_val: 2.3733
Epoch: 0368 loss_train: 2.1381 loss_val: 2.3955
Epoch: 0369 loss_train: 2.1303 loss_val: 2.3882
Epoch: 0370 loss_train: 2.1228 loss_val: 2.3723
Epoch: 0371 loss_train: 2.1184 loss_val: 2.4153
Epoch: 0372 loss_train: 2.1104 loss_val: 2.4097
Epoch: 0373 loss_train: 2.1253 loss_val: 2.3844
Epoch: 0374 loss_train: 2.1135 loss_val: 2.3653
Epoch: 0375 loss_train: 2.1021 loss_val: 2.3911
Epoch: 0376 loss_train: 2.1263 loss_val: 2.3843
Epoch: 0377 loss_train: 2.1213 loss_val: 2.4124
Epoch: 0378 loss_train: 2.1201 loss_val: 2.4019
Epoch: 0379 loss_train: 2.1343 loss_val: 2.3943
Epoch: 0380 loss_train: 2.1437 loss_val: 2.3388
Epoch: 0381 loss_train: 2.1313 loss_val: 2.3079
Epoch: 0382 loss_train: 2.1199 loss_val: 2.3336
Epoch: 0383 loss_train: 2.1282 loss_val: 2.3789
Epoch: 0384 loss_train: 2.1141 loss_val: 2.2632
Epoch: 0385 loss_train: 2.1140 loss_val: 2.3259
Epoch: 0386 loss_train: 2.0934 loss_val: 2.3446
Epoch: 0387 loss_train: 2.1211 loss_val: 2.3878
Epoch: 0388 loss_train: 2.1037 loss_val: 2.4005
Epoch: 0389 loss_train: 2.1279 loss_val: 2.3562
Epoch: 0390 loss_train: 2.1252 loss_val: 2.4023
Epoch: 0391 loss_train: 2.1252 loss_val: 2.4244
Epoch: 0392 loss_train: 2.1265 loss_val: 2.4600
Epoch: 0393 loss_train: 2.1240 loss_val: 2.3591
Epoch: 0394 loss_train: 2.1124 loss_val: 2.4124
Epoch: 0395 loss_train: 2.1169 loss_val: 2.3501
Epoch: 0396 loss_train: 2.1281 loss_val: 2.3376
Epoch: 0397 loss_train: 2.1197 loss_val: 2.4119
Epoch: 0398 loss_train: 2.1362 loss_val: 2.3499
Epoch: 0399 loss_train: 2.1234 loss_val: 2.3885
Epoch: 0400 loss_train: 2.1270 loss_val: 2.3571
Epoch: 0401 loss_train: 2.1096 loss_val: 2.3321
Epoch: 0402 loss_train: 2.1291 loss_val: 2.3442
Epoch: 0403 loss_train: 2.1236 loss_val: 2.3464
Epoch: 0404 loss_train: 2.1327 loss_val: 2.3529
Epoch: 0405 loss_train: 2.1314 loss_val: 2.3515
Epoch: 0406 loss_train: 2.1097 loss_val: 2.3244
Epoch: 0407 loss_train: 2.1488 loss_val: 2.3221
Epoch: 0408 loss_train: 2.1150 loss_val: 2.3197
Epoch: 0409 loss_train: 2.1193 loss_val: 2.3591
Epoch: 0410 loss_train: 2.0983 loss_val: 2.3602
Epoch: 0411 loss_train: 2.1114 loss_val: 2.3419
Epoch: 0412 loss_train: 2.1231 loss_val: 2.3276
Epoch: 0413 loss_train: 2.1241 loss_val: 2.2956
Epoch: 0414 loss_train: 2.1166 loss_val: 2.3292
Epoch: 0415 loss_train: 2.1367 loss_val: 2.3305
Epoch: 0416 loss_train: 2.1142 loss_val: 2.3749
Epoch: 0417 loss_train: 2.1478 loss_val: 2.3497
Epoch: 0418 loss_train: 2.1344 loss_val: 2.4055
Epoch: 0419 loss_train: 2.1195 loss_val: 2.3117
Epoch: 0420 loss_train: 2.1346 loss_val: 2.2826
Epoch: 0421 loss_train: 2.1291 loss_val: 2.3230
Epoch: 0422 loss_train: 2.1267 loss_val: 2.3338
Epoch: 0423 loss_train: 2.1113 loss_val: 2.3447
Epoch: 0424 loss_train: 2.1249 loss_val: 2.3424
Epoch: 0425 loss_train: 2.1304 loss_val: 2.2764
Epoch: 0426 loss_train: 2.1395 loss_val: 2.3152
Epoch: 0427 loss_train: 2.1427 loss_val: 2.2770
Epoch: 0428 loss_train: 2.1166 loss_val: 2.2940
Epoch: 0429 loss_train: 2.1232 loss_val: 2.3532
Epoch: 0430 loss_train: 2.1401 loss_val: 2.2829
Epoch: 0431 loss_train: 2.1166 loss_val: 2.3487
Epoch: 0432 loss_train: 2.1323 loss_val: 2.2810
Epoch: 0433 loss_train: 2.1354 loss_val: 2.3914
Epoch: 0434 loss_train: 2.1281 loss_val: 2.2765
Epoch: 0435 loss_train: 2.1064 loss_val: 2.3378
Epoch: 0436 loss_train: 2.1046 loss_val: 2.3876
Epoch: 0437 loss_train: 2.1315 loss_val: 2.3340
Epoch: 0438 loss_train: 2.1260 loss_val: 2.3201
Epoch: 0439 loss_train: 2.1325 loss_val: 2.2988
Epoch: 0440 loss_train: 2.1249 loss_val: 2.3601
Epoch: 0441 loss_train: 2.1260 loss_val: 2.3884
Epoch: 0442 loss_train: 2.1317 loss_val: 2.3023
Epoch: 0443 loss_train: 2.1132 loss_val: 2.3243
Epoch: 0444 loss_train: 2.1196 loss_val: 2.3030
Epoch: 0445 loss_train: 2.1344 loss_val: 2.2938
Epoch: 0446 loss_train: 2.1233 loss_val: 2.3913
Epoch: 0447 loss_train: 2.1329 loss_val: 2.3630
Epoch: 0448 loss_train: 2.1289 loss_val: 2.3442
Epoch: 0449 loss_train: 2.1120 loss_val: 2.3556
Epoch: 0450 loss_train: 2.1270 loss_val: 2.3708
Epoch: 0451 loss_train: 2.1046 loss_val: 2.4161
Epoch: 0452 loss_train: 2.1179 loss_val: 2.4381
Epoch: 0453 loss_train: 2.1299 loss_val: 2.4024
Epoch: 0454 loss_train: 2.1136 loss_val: 2.4202
Epoch: 0455 loss_train: 2.1226 loss_val: 2.3558
Epoch: 0456 loss_train: 2.1150 loss_val: 2.4239
Epoch: 0457 loss_train: 2.1307 loss_val: 2.3927
Epoch: 0458 loss_train: 2.1090 loss_val: 2.4660
Epoch: 0459 loss_train: 2.1311 loss_val: 2.4483
Epoch: 0460 loss_train: 2.1245 loss_val: 2.4454
Epoch: 0461 loss_train: 2.1266 loss_val: 2.4643
Epoch: 0462 loss_train: 2.1193 loss_val: 2.4601
Epoch: 0463 loss_train: 2.0988 loss_val: 2.4613
Epoch: 0464 loss_train: 2.1361 loss_val: 2.4128
Epoch: 0465 loss_train: 2.1410 loss_val: 2.4465
Epoch: 0466 loss_train: 2.1173 loss_val: 2.4595
Epoch: 0467 loss_train: 2.1388 loss_val: 2.4543
Epoch: 0468 loss_train: 2.1053 loss_val: 2.4735
Epoch: 0469 loss_train: 2.1260 loss_val: 2.4093
Epoch: 0470 loss_train: 2.1169 loss_val: 2.4474
Epoch: 0471 loss_train: 2.1059 loss_val: 2.4592
Epoch: 0472 loss_train: 2.1280 loss_val: 2.4252
Epoch: 0473 loss_train: 2.1180 loss_val: 2.4654
Epoch: 0474 loss_train: 2.0950 loss_val: 2.4636
Epoch: 0475 loss_train: 2.1397 loss_val: 2.4561
Epoch: 0476 loss_train: 2.1266 loss_val: 2.4788
Epoch: 0477 loss_train: 2.1191 loss_val: 2.4868
Epoch: 0478 loss_train: 2.1427 loss_val: 2.4719
Epoch: 0479 loss_train: 2.1242 loss_val: 2.5001
Epoch: 0480 loss_train: 2.1087 loss_val: 2.4818
Epoch: 0481 loss_train: 2.1172 loss_val: 2.4594
Epoch: 0482 loss_train: 2.1273 loss_val: 2.4690
Epoch: 0483 loss_train: 2.1282 loss_val: 2.4589
Epoch: 0484 loss_train: 2.1106 loss_val: 2.4057
Epoch: 0485 loss_train: 2.1264 loss_val: 2.4187
Epoch: 0486 loss_train: 2.1242 loss_val: 2.3767
Epoch: 0487 loss_train: 2.1221 loss_val: 2.4445
Epoch: 0488 loss_train: 2.1162 loss_val: 2.3608
Epoch: 0489 loss_train: 2.1218 loss_val: 2.3830
Epoch: 0490 loss_train: 2.1202 loss_val: 2.4088
Epoch: 0491 loss_train: 2.1051 loss_val: 2.3649
Epoch: 0492 loss_train: 2.1321 loss_val: 2.4249
Epoch: 0493 loss_train: 2.1180 loss_val: 2.3937
Epoch: 0494 loss_train: 2.1247 loss_val: 2.3992
Epoch: 0495 loss_train: 2.1310 loss_val: 2.4368
Epoch: 0496 loss_train: 2.1049 loss_val: 2.4029
Epoch: 0497 loss_train: 2.0995 loss_val: 2.4232
Epoch: 0498 loss_train: 2.1216 loss_val: 2.4446
Epoch: 0499 loss_train: 2.1206 loss_val: 2.4192
Epoch: 0500 loss_train: 2.1267 loss_val: 2.4423
0.15151515151515152 0.024742320634173517 0.089058524173028 0.012974604360286981
