/users/Min/HG/src_new/models.py:116: SyntaxWarning: "is not" with a literal. Did you mean "!="?
  if not (normalization.__class__.__name__ is 'Identity'):
/users/Min/HG/src_new/models.py:181: SyntaxWarning: "is not" with a literal. Did you mean "!="?
  if not (normalization.__class__.__name__ is 'Identity'):
/users/Min/HG/src_new/models.py:1253: SyntaxWarning: "is not" with a literal. Did you mean "!="?
  if not (normalization.__class__.__name__ is 'Identity'):
/users/Min/miniconda/envs/hy/lib/python3.9/site-packages/torch_geometric/data/in_memory_dataset.py:284: UserWarning: It is not recommended to directly access the internal storage format `data` of an 'InMemoryDataset'. If you are absolutely certain what you are doing, access the internal storage via `InMemoryDataset._data` instead to suppress this warning. Alternatively, you can access stacked individual attributes of every graph via `dataset.{attr_name}`.
  warnings.warn(msg)
args
 Namespace(samples=4, concat=4, latent_size=10, dataset='contact-high-school', seed=3407, lr=0.001, weight_decay=0.0005, hidden=64, dropout=0.5, batch_size=128, tem=0.5, lam=1.0, pretrain_epochs=50, pretrain_lr=0.01, conditional=True, update_epochs=20, num_models=100, warmup=200, train_prop=0.5, valid_prop=0.25, dname='contact-high-school', method='AllDeepSets', epochs=500, runs=3, cuda=0, wd=0.0, All_num_layers=2, MLP_num_layers=2, MLP_hidden=8, Classifier_num_layers=2, Classifier_hidden=64, display_step=-1, aggregate='mean', normtype='all_one', add_self_loop=True, normalization='ln', deepset_input_norm=True, GPR=False, LearnMask=False, num_features=0, num_classes=9, feature_noise='1', exclude_self=False, PMA=True, HyperGCN_mediators=True, HyperGCN_fast=True, heads=1, output_heads=1, HNHN_alpha=-1.5, HNHN_beta=-0.5, HNHN_nonlinear_inbetween=True, HCHA_symdegnorm=False, UniGNN_use_norm=False, UniGNN_degV=0, UniGNN_degE=0)
data info: Data(x=[327, 9], edge_index=[2, 18519], y=[327], n_x=327, train_percent=0.01, num_hyperedges=7818, totedges=8145, num_ori_edge=18192, norm=[18519])
model:
 LASetGNN(
  (V2EConvs): ModuleList(
    (0): HalfNLHconv()
    (1): HalfNLHconv()
  )
  (E2VConvs): ModuleList(
    (0): HalfNLHconv()
    (1): HalfNLHconv()
  )
  (bnV2Es): ModuleList(
    (0): BatchNorm1d(8, eps=1e-05, momentum=0.1, affine=True, track_running_stats=True)
    (1): BatchNorm1d(8, eps=1e-05, momentum=0.1, affine=True, track_running_stats=True)
  )
  (bnE2Vs): ModuleList(
    (0): BatchNorm1d(8, eps=1e-05, momentum=0.1, affine=True, track_running_stats=True)
    (1): BatchNorm1d(8, eps=1e-05, momentum=0.1, affine=True, track_running_stats=True)
  )
  (classifier): MLP(
    (lins): ModuleList(
      (0): Linear(in_features=80, out_features=64, bias=True)
      (1): Linear(in_features=64, out_features=9, bias=True)
    )
    (normalizations): ModuleList(
      (0): Identity()
      (1): LayerNorm((64,), eps=1e-05, elementwise_affine=True)
    )
  )
)
Run Train:   0%|          | 0/3 [00:00<?, ?it/s]/users/Min/HG/src_new/latrain_allset_highschool.py:226: UserWarning: To copy construct from a tensor, it is recommended to use sourceTensor.clone().detach() or sourceTensor.clone().detach().requires_grad_(True), rather than torch.tensor(sourceTensor).
  cvae_features = torch.tensor(features, dtype=torch.float32).to(device)
/users/Min/miniconda/envs/hy/lib/python3.9/site-packages/torch/nn/functional.py:1967: UserWarning: nn.functional.sigmoid is deprecated. Use torch.sigmoid instead.
  warnings.warn("nn.functional.sigmoid is deprecated. Use torch.sigmoid instead.")
Epoch: 0001 loss_train: 2.4661 loss_val: 2.1746
Epoch: 0002 loss_train: 2.4914 loss_val: 2.2010
Epoch: 0003 loss_train: 2.5396 loss_val: 2.2168
Epoch: 0004 loss_train: 2.4385 loss_val: 2.2067
Epoch: 0005 loss_train: 2.4384 loss_val: 2.2116
Epoch: 0006 loss_train: 2.4515 loss_val: 2.2055
Epoch: 0007 loss_train: 2.4472 loss_val: 2.2068
Epoch: 0008 loss_train: 2.4471 loss_val: 2.2230
Epoch: 0009 loss_train: 2.3917 loss_val: 2.2444
Epoch: 0010 loss_train: 2.4276 loss_val: 2.2427
Epoch: 0011 loss_train: 2.4395 loss_val: 2.2368
Epoch: 0012 loss_train: 2.4240 loss_val: 2.2269
Epoch: 0013 loss_train: 2.3957 loss_val: 2.2471
Epoch: 0014 loss_train: 2.3631 loss_val: 2.2416
Epoch: 0015 loss_train: 2.3463 loss_val: 2.2357
Epoch: 0016 loss_train: 2.3913 loss_val: 2.2334
Epoch: 0017 loss_train: 2.4307 loss_val: 2.2327
Epoch: 0018 loss_train: 2.3815 loss_val: 2.2465
Epoch: 0019 loss_train: 2.3516 loss_val: 2.2507
Epoch: 0020 loss_train: 2.3363 loss_val: 2.2498
Epoch: 0021 loss_train: 2.3765 loss_val: 2.2356
Epoch: 0022 loss_train: 2.3407 loss_val: 2.2371
Epoch: 0023 loss_train: 2.3319 loss_val: 2.2383
Epoch: 0024 loss_train: 2.3168 loss_val: 2.2276
Epoch: 0025 loss_train: 2.3336 loss_val: 2.2381
Epoch: 0026 loss_train: 2.3187 loss_val: 2.2264
Epoch: 0027 loss_train: 2.3253 loss_val: 2.2246
Epoch: 0028 loss_train: 2.3163 loss_val: 2.2379
Epoch: 0029 loss_train: 2.3129 loss_val: 2.2241
Epoch: 0030 loss_train: 2.3094 loss_val: 2.2196
Epoch: 0031 loss_train: 2.2847 loss_val: 2.2219
Epoch: 0032 loss_train: 2.2775 loss_val: 2.2189
Epoch: 0033 loss_train: 2.3249 loss_val: 2.2246
Epoch: 0034 loss_train: 2.2943 loss_val: 2.2260
Epoch: 0035 loss_train: 2.2717 loss_val: 2.2219
Epoch: 0036 loss_train: 2.2910 loss_val: 2.2249
Epoch: 0037 loss_train: 2.2835 loss_val: 2.2235
Epoch: 0038 loss_train: 2.2944 loss_val: 2.2129
Epoch: 0039 loss_train: 2.2782 loss_val: 2.2209
Epoch: 0040 loss_train: 2.2681 loss_val: 2.2204
Epoch: 0041 loss_train: 2.2552 loss_val: 2.2252
Epoch: 0042 loss_train: 2.2634 loss_val: 2.2110
Epoch: 0043 loss_train: 2.2804 loss_val: 2.2266
Epoch: 0044 loss_train: 2.2703 loss_val: 2.2192
Epoch: 0045 loss_train: 2.2595 loss_val: 2.2177
Epoch: 0046 loss_train: 2.2642 loss_val: 2.2188
Epoch: 0047 loss_train: 2.2429 loss_val: 2.2170
Epoch: 0048 loss_train: 2.2533 loss_val: 2.2175
Epoch: 0049 loss_train: 2.2320 loss_val: 2.2193
Epoch: 0050 loss_train: 2.2617 loss_val: 2.2211
Epoch: 0051 loss_train: 2.2583 loss_val: 2.2182
Epoch: 0052 loss_train: 2.2590 loss_val: 2.2236
Epoch: 0053 loss_train: 2.2316 loss_val: 2.2256
Epoch: 0054 loss_train: 2.2310 loss_val: 2.2155
Epoch: 0055 loss_train: 2.1989 loss_val: 2.2170
Epoch: 0056 loss_train: 2.2508 loss_val: 2.2229
Epoch: 0057 loss_train: 2.2401 loss_val: 2.2207
Epoch: 0058 loss_train: 2.2558 loss_val: 2.2143
Epoch: 0059 loss_train: 2.2115 loss_val: 2.2162
Epoch: 0060 loss_train: 2.2245 loss_val: 2.2122
Epoch: 0061 loss_train: 2.1984 loss_val: 2.2147
Epoch: 0062 loss_train: 2.2403 loss_val: 2.2219
Epoch: 0063 loss_train: 2.2211 loss_val: 2.2235
Epoch: 0064 loss_train: 2.2247 loss_val: 2.2148
Epoch: 0065 loss_train: 2.2355 loss_val: 2.2216
Epoch: 0066 loss_train: 2.2227 loss_val: 2.2178
Epoch: 0067 loss_train: 2.2243 loss_val: 2.2197
Epoch: 0068 loss_train: 2.2197 loss_val: 2.2165
Epoch: 0069 loss_train: 2.2142 loss_val: 2.2135
Epoch: 0070 loss_train: 2.2139 loss_val: 2.2174
Epoch: 0071 loss_train: 2.2148 loss_val: 2.2158
Epoch: 0072 loss_train: 2.2081 loss_val: 2.2172
Epoch: 0073 loss_train: 2.2339 loss_val: 2.2122
Epoch: 0074 loss_train: 2.2056 loss_val: 2.2195
Epoch: 0075 loss_train: 2.1848 loss_val: 2.2116
Epoch: 0076 loss_train: 2.2293 loss_val: 2.2191
Epoch: 0077 loss_train: 2.1776 loss_val: 2.2170
Epoch: 0078 loss_train: 2.2187 loss_val: 2.2129
Epoch: 0079 loss_train: 2.1889 loss_val: 2.2204
Epoch: 0080 loss_train: 2.2052 loss_val: 2.2154
Epoch: 0081 loss_train: 2.2032 loss_val: 2.2184
Epoch: 0082 loss_train: 2.1996 loss_val: 2.2182
Epoch: 0083 loss_train: 2.2191 loss_val: 2.2220
Epoch: 0084 loss_train: 2.2273 loss_val: 2.2172
Epoch: 0085 loss_train: 2.2166 loss_val: 2.2168
Epoch: 0086 loss_train: 2.2068 loss_val: 2.2150
Epoch: 0087 loss_train: 2.2193 loss_val: 2.2190
Epoch: 0088 loss_train: 2.2045 loss_val: 2.2171
Epoch: 0089 loss_train: 2.2001 loss_val: 2.2176
Epoch: 0090 loss_train: 2.2018 loss_val: 2.2209
Epoch: 0091 loss_train: 2.2060 loss_val: 2.2246
Epoch: 0092 loss_train: 2.1930 loss_val: 2.2227
Epoch: 0093 loss_train: 2.2056 loss_val: 2.2213
Epoch: 0094 loss_train: 2.1960 loss_val: 2.2223
Epoch: 0095 loss_train: 2.1981 loss_val: 2.2223
Epoch: 0096 loss_train: 2.1985 loss_val: 2.2217
Epoch: 0097 loss_train: 2.2004 loss_val: 2.2199
Epoch: 0098 loss_train: 2.2079 loss_val: 2.2232
Epoch: 0099 loss_train: 2.1968 loss_val: 2.2229
Epoch: 0100 loss_train: 2.2108 loss_val: 2.2207
Epoch: 0101 loss_train: 2.1953 loss_val: 2.2223
Epoch: 0102 loss_train: 2.1902 loss_val: 2.2233
Epoch: 0103 loss_train: 2.1959 loss_val: 2.2188
Epoch: 0104 loss_train: 2.2021 loss_val: 2.2229
Epoch: 0105 loss_train: 2.1993 loss_val: 2.2215
Epoch: 0106 loss_train: 2.1874 loss_val: 2.2233
Epoch: 0107 loss_train: 2.1946 loss_val: 2.2214
Epoch: 0108 loss_train: 2.1972 loss_val: 2.2239
Epoch: 0109 loss_train: 2.1933 loss_val: 2.2259
Epoch: 0110 loss_train: 2.2131 loss_val: 2.2243
Epoch: 0111 loss_train: 2.1960 loss_val: 2.2237
Epoch: 0112 loss_train: 2.1947 loss_val: 2.2267
Epoch: 0113 loss_train: 2.1934 loss_val: 2.2247
Epoch: 0114 loss_train: 2.2014 loss_val: 2.2251
Epoch: 0115 loss_train: 2.1895 loss_val: 2.2274
Epoch: 0116 loss_train: 2.1930 loss_val: 2.2291
Epoch: 0117 loss_train: 2.1868 loss_val: 2.2295
Epoch: 0118 loss_train: 2.1957 loss_val: 2.2280
Epoch: 0119 loss_train: 2.1931 loss_val: 2.2269
Epoch: 0120 loss_train: 2.1899 loss_val: 2.2281
Epoch: 0121 loss_train: 2.1851 loss_val: 2.2291
Epoch: 0122 loss_train: 2.2033 loss_val: 2.2278
Epoch: 0123 loss_train: 2.1890 loss_val: 2.2292
Epoch: 0124 loss_train: 2.1894 loss_val: 2.2281
Epoch: 0125 loss_train: 2.1867 loss_val: 2.2303
Epoch: 0126 loss_train: 2.1718 loss_val: 2.2287
Epoch: 0127 loss_train: 2.1903 loss_val: 2.2300
Epoch: 0128 loss_train: 2.1943 loss_val: 2.2301
Epoch: 0129 loss_train: 2.2007 loss_val: 2.2263
Epoch: 0130 loss_train: 2.1906 loss_val: 2.2273
Epoch: 0131 loss_train: 2.1744 loss_val: 2.2295
Epoch: 0132 loss_train: 2.1856 loss_val: 2.2275
Epoch: 0133 loss_train: 2.1802 loss_val: 2.2287
Epoch: 0134 loss_train: 2.1791 loss_val: 2.2282
Epoch: 0135 loss_train: 2.1807 loss_val: 2.2322
Epoch: 0136 loss_train: 2.1833 loss_val: 2.2300
Epoch: 0137 loss_train: 2.1814 loss_val: 2.2276
Epoch: 0138 loss_train: 2.1932 loss_val: 2.2320
Epoch: 0139 loss_train: 2.1714 loss_val: 2.2294
Epoch: 0140 loss_train: 2.1862 loss_val: 2.2302
Epoch: 0141 loss_train: 2.1795 loss_val: 2.2312
Epoch: 0142 loss_train: 2.1908 loss_val: 2.2275
Epoch: 0143 loss_train: 2.1753 loss_val: 2.2296
Epoch: 0144 loss_train: 2.1765 loss_val: 2.2347
Epoch: 0145 loss_train: 2.1897 loss_val: 2.2317
Epoch: 0146 loss_train: 2.1991 loss_val: 2.2303
Epoch: 0147 loss_train: 2.1834 loss_val: 2.2323
Epoch: 0148 loss_train: 2.1703 loss_val: 2.2295
Epoch: 0149 loss_train: 2.1742 loss_val: 2.2324
Epoch: 0150 loss_train: 2.1681 loss_val: 2.2302
Epoch: 0151 loss_train: 2.1806 loss_val: 2.2318
Epoch: 0152 loss_train: 2.1750 loss_val: 2.2306
Epoch: 0153 loss_train: 2.1733 loss_val: 2.2320
Epoch: 0154 loss_train: 2.1811 loss_val: 2.2330
Epoch: 0155 loss_train: 2.1651 loss_val: 2.2326
Epoch: 0156 loss_train: 2.1747 loss_val: 2.2327
Epoch: 0157 loss_train: 2.1878 loss_val: 2.2314
Epoch: 0158 loss_train: 2.1743 loss_val: 2.2340
Epoch: 0159 loss_train: 2.1767 loss_val: 2.2318
Epoch: 0160 loss_train: 2.1622 loss_val: 2.2330
Epoch: 0161 loss_train: 2.1768 loss_val: 2.2347
Epoch: 0162 loss_train: 2.1733 loss_val: 2.2360
Epoch: 0163 loss_train: 2.1833 loss_val: 2.2370
Epoch: 0164 loss_train: 2.1669 loss_val: 2.2335
Epoch: 0165 loss_train: 2.1736 loss_val: 2.2328
Epoch: 0166 loss_train: 2.1743 loss_val: 2.2344
Epoch: 0167 loss_train: 2.1754 loss_val: 2.2337
Epoch: 0168 loss_train: 2.1801 loss_val: 2.2338
Epoch: 0169 loss_train: 2.1755 loss_val: 2.2347
Epoch: 0170 loss_train: 2.1594 loss_val: 2.2325
Epoch: 0171 loss_train: 2.1793 loss_val: 2.2330
Epoch: 0172 loss_train: 2.1705 loss_val: 2.2329
Epoch: 0173 loss_train: 2.1614 loss_val: 2.2338
Epoch: 0174 loss_train: 2.1720 loss_val: 2.2346
Epoch: 0175 loss_train: 2.1914 loss_val: 2.2339
Epoch: 0176 loss_train: 2.1982 loss_val: 2.2347
Epoch: 0177 loss_train: 2.1717 loss_val: 2.2346
Epoch: 0178 loss_train: 2.1684 loss_val: 2.2311
Epoch: 0179 loss_train: 2.1748 loss_val: 2.2345
Epoch: 0180 loss_train: 2.1785 loss_val: 2.2337
Epoch: 0181 loss_train: 2.1768 loss_val: 2.2328
Epoch: 0182 loss_train: 2.1819 loss_val: 2.2323
Epoch: 0183 loss_train: 2.1674 loss_val: 2.2330
Epoch: 0184 loss_train: 2.1790 loss_val: 2.2328
Epoch: 0185 loss_train: 2.1724 loss_val: 2.2322
Epoch: 0186 loss_train: 2.1698 loss_val: 2.2296
Epoch: 0187 loss_train: 2.1762 loss_val: 2.2337
Epoch: 0188 loss_train: 2.1752 loss_val: 2.2345
Epoch: 0189 loss_train: 2.1714 loss_val: 2.2353
Epoch: 0190 loss_train: 2.1717 loss_val: 2.2331
Epoch: 0191 loss_train: 2.1762 loss_val: 2.2345
Epoch: 0192 loss_train: 2.1629 loss_val: 2.2376
Epoch: 0193 loss_train: 2.1814 loss_val: 2.2348
Epoch: 0194 loss_train: 2.1821 loss_val: 2.2370
Epoch: 0195 loss_train: 2.1623 loss_val: 2.2359
Epoch: 0196 loss_train: 2.1744 loss_val: 2.2370
Epoch: 0197 loss_train: 2.1738 loss_val: 2.2379
Epoch: 0198 loss_train: 2.1676 loss_val: 2.2350
Epoch: 0199 loss_train: 2.1689 loss_val: 2.2346
Epoch: 0200 loss_train: 2.1622 loss_val: 2.2372
Epoch: 0201 loss_train: 2.1873 loss_val: 2.2358
Epoch: 0202 loss_train: 2.1731 loss_val: 2.2399
Epoch: 0203 loss_train: 2.1804 loss_val: 2.2369
Epoch: 0204 loss_train: 2.1624 loss_val: 2.2384
Epoch: 0205 loss_train: 2.1852 loss_val: 2.2371
Epoch: 0206 loss_train: 2.1768 loss_val: 2.2369
Epoch: 0207 loss_train: 2.1780 loss_val: 2.2355
Epoch: 0208 loss_train: 2.1706 loss_val: 2.2366
Epoch: 0209 loss_train: 2.1716 loss_val: 2.2360
Epoch: 0210 loss_train: 2.1736 loss_val: 2.2361
Epoch: 0211 loss_train: 2.1740 loss_val: 2.2397
Epoch: 0212 loss_train: 2.1729 loss_val: 2.2379
Epoch: 0213 loss_train: 2.1582 loss_val: 2.2368
Epoch: 0214 loss_train: 2.1650 loss_val: 2.2381
Epoch: 0215 loss_train: 2.1601 loss_val: 2.2356
Epoch: 0216 loss_train: 2.1741 loss_val: 2.2389
Epoch: 0217 loss_train: 2.1703 loss_val: 2.2401
Epoch: 0218 loss_train: 2.1688 loss_val: 2.2420
Epoch: 0219 loss_train: 2.1703 loss_val: 2.2393
Epoch: 0220 loss_train: 2.1752 loss_val: 2.2424
Epoch: 0221 loss_train: 2.1661 loss_val: 2.2419
Epoch: 0222 loss_train: 2.1768 loss_val: 2.2414
Epoch: 0223 loss_train: 2.1753 loss_val: 2.2431
Epoch: 0224 loss_train: 2.1728 loss_val: 2.2429
Epoch: 0225 loss_train: 2.1595 loss_val: 2.2438
Epoch: 0226 loss_train: 2.1734 loss_val: 2.2408
Epoch: 0227 loss_train: 2.1667 loss_val: 2.2393
Epoch: 0228 loss_train: 2.1776 loss_val: 2.2416
Epoch: 0229 loss_train: 2.1651 loss_val: 2.2437
Epoch: 0230 loss_train: 2.1654 loss_val: 2.2384
Epoch: 0231 loss_train: 2.1662 loss_val: 2.2420
Epoch: 0232 loss_train: 2.1504 loss_val: 2.2406
Epoch: 0233 loss_train: 2.1594 loss_val: 2.2406
Epoch: 0234 loss_train: 2.1737 loss_val: 2.2394
Epoch: 0235 loss_train: 2.1826 loss_val: 2.2425
Epoch: 0236 loss_train: 2.1724 loss_val: 2.2419
Epoch: 0237 loss_train: 2.1720 loss_val: 2.2411
Epoch: 0238 loss_train: 2.1603 loss_val: 2.2422
Epoch: 0239 loss_train: 2.1581 loss_val: 2.2399
Epoch: 0240 loss_train: 2.1663 loss_val: 2.2391
Epoch: 0241 loss_train: 2.1731 loss_val: 2.2373
Epoch: 0242 loss_train: 2.1589 loss_val: 2.2391
Epoch: 0243 loss_train: 2.1704 loss_val: 2.2353
Epoch: 0244 loss_train: 2.1674 loss_val: 2.2379
Epoch: 0245 loss_train: 2.1611 loss_val: 2.2370
Epoch: 0246 loss_train: 2.1655 loss_val: 2.2375
Epoch: 0247 loss_train: 2.1536 loss_val: 2.2348
Epoch: 0248 loss_train: 2.1681 loss_val: 2.2362
Epoch: 0249 loss_train: 2.1668 loss_val: 2.2367
Epoch: 0250 loss_train: 2.1637 loss_val: 2.2370
Epoch: 0251 loss_train: 2.1630 loss_val: 2.2374
Epoch: 0252 loss_train: 2.1598 loss_val: 2.2398
Epoch: 0253 loss_train: 2.1631 loss_val: 2.2355
Epoch: 0254 loss_train: 2.1605 loss_val: 2.2365
Epoch: 0255 loss_train: 2.1645 loss_val: 2.2367
Epoch: 0256 loss_train: 2.1645 loss_val: 2.2392
Epoch: 0257 loss_train: 2.1690 loss_val: 2.2381
Epoch: 0258 loss_train: 2.1695 loss_val: 2.2371
Epoch: 0259 loss_train: 2.1696 loss_val: 2.2376
Epoch: 0260 loss_train: 2.1664 loss_val: 2.2361
Epoch: 0261 loss_train: 2.1632 loss_val: 2.2392
Epoch: 0262 loss_train: 2.1647 loss_val: 2.2399
Epoch: 0263 loss_train: 2.1516 loss_val: 2.2387
Epoch: 0264 loss_train: 2.1628 loss_val: 2.2404
Epoch: 0265 loss_train: 2.1708 loss_val: 2.2416
Epoch: 0266 loss_train: 2.1600 loss_val: 2.2404
Epoch: 0267 loss_train: 2.1726 loss_val: 2.2407
Epoch: 0268 loss_train: 2.1719 loss_val: 2.2401
Epoch: 0269 loss_train: 2.1643 loss_val: 2.2417
Epoch: 0270 loss_train: 2.1484 loss_val: 2.2422
Epoch: 0271 loss_train: 2.1629 loss_val: 2.2420
Epoch: 0272 loss_train: 2.1624 loss_val: 2.2414
Epoch: 0273 loss_train: 2.1549 loss_val: 2.2424
Epoch: 0274 loss_train: 2.1533 loss_val: 2.2442
Epoch: 0275 loss_train: 2.1628 loss_val: 2.2409
Epoch: 0276 loss_train: 2.1739 loss_val: 2.2406
Epoch: 0277 loss_train: 2.1548 loss_val: 2.2412
Epoch: 0278 loss_train: 2.1578 loss_val: 2.2374
Epoch: 0279 loss_train: 2.1629 loss_val: 2.2401
Epoch: 0280 loss_train: 2.1509 loss_val: 2.2411
Epoch: 0281 loss_train: 2.1696 loss_val: 2.2386
Epoch: 0282 loss_train: 2.1568 loss_val: 2.2397
Epoch: 0283 loss_train: 2.1588 loss_val: 2.2390
Epoch: 0284 loss_train: 2.1627 loss_val: 2.2386
Epoch: 0285 loss_train: 2.1510 loss_val: 2.2379
Epoch: 0286 loss_train: 2.1666 loss_val: 2.2375
Epoch: 0287 loss_train: 2.1725 loss_val: 2.2390
Epoch: 0288 loss_train: 2.1583 loss_val: 2.2422
Epoch: 0289 loss_train: 2.1471 loss_val: 2.2422
Epoch: 0290 loss_train: 2.1465 loss_val: 2.2410
Epoch: 0291 loss_train: 2.1649 loss_val: 2.2418
Epoch: 0292 loss_train: 2.1444 loss_val: 2.2423
Epoch: 0293 loss_train: 2.1413 loss_val: 2.2405
Epoch: 0294 loss_train: 2.1582 loss_val: 2.2412
Epoch: 0295 loss_train: 2.1416 loss_val: 2.2436
Epoch: 0296 loss_train: 2.1399 loss_val: 2.2448
Epoch: 0297 loss_train: 2.1506 loss_val: 2.2427
Epoch: 0298 loss_train: 2.1608 loss_val: 2.2448
Epoch: 0299 loss_train: 2.1506 loss_val: 2.2458
Epoch: 0300 loss_train: 2.1367 loss_val: 2.2458
Epoch: 0301 loss_train: 2.1540 loss_val: 2.2441
Epoch: 0302 loss_train: 2.1489 loss_val: 2.2434
Epoch: 0303 loss_train: 2.1690 loss_val: 2.2445
Epoch: 0304 loss_train: 2.1553 loss_val: 2.2413
Epoch: 0305 loss_train: 2.1504 loss_val: 2.2428
Epoch: 0306 loss_train: 2.1577 loss_val: 2.2441
Epoch: 0307 loss_train: 2.1532 loss_val: 2.2427
Epoch: 0308 loss_train: 2.1472 loss_val: 2.2434
Epoch: 0309 loss_train: 2.1526 loss_val: 2.2415
Epoch: 0310 loss_train: 2.1624 loss_val: 2.2444
Epoch: 0311 loss_train: 2.1550 loss_val: 2.2447
Epoch: 0312 loss_train: 2.1572 loss_val: 2.2453
Epoch: 0313 loss_train: 2.1559 loss_val: 2.2453
Epoch: 0314 loss_train: 2.1692 loss_val: 2.2380
Epoch: 0315 loss_train: 2.1592 loss_val: 2.2419
Epoch: 0316 loss_train: 2.1622 loss_val: 2.2444
Epoch: 0317 loss_train: 2.1288 loss_val: 2.2429
Epoch: 0318 loss_train: 2.1624 loss_val: 2.2404
Epoch: 0319 loss_train: 2.1556 loss_val: 2.2448
Epoch: 0320 loss_train: 2.1467 loss_val: 2.2411
Epoch: 0321 loss_train: 2.1436 loss_val: 2.2409
Epoch: 0322 loss_train: 2.1552 loss_val: 2.2405
Epoch: 0323 loss_train: 2.1623 loss_val: 2.2420
Epoch: 0324 loss_train: 2.1592 loss_val: 2.2443
Epoch: 0325 loss_train: 2.1511 loss_val: 2.2411
Epoch: 0326 loss_train: 2.1421 loss_val: 2.2367
Epoch: 0327 loss_train: 2.1474 loss_val: 2.2382
Epoch: 0328 loss_train: 2.1665 loss_val: 2.2382
Epoch: 0329 loss_train: 2.1513 loss_val: 2.2342
Epoch: 0330 loss_train: 2.1706 loss_val: 2.2398
Epoch: 0331 loss_train: 2.1728 loss_val: 2.2353
Epoch: 0332 loss_train: 2.1568 loss_val: 2.2329
Epoch: 0333 loss_train: 2.1534 loss_val: 2.2270
Epoch: 0334 loss_train: 2.1602 loss_val: 2.2300
Epoch: 0335 loss_train: 2.1370 loss_val: 2.2339
Epoch: 0336 loss_train: 2.1570 loss_val: 2.2329
Epoch: 0337 loss_train: 2.1520 loss_val: 2.2306
Epoch: 0338 loss_train: 2.1511 loss_val: 2.2275
Epoch: 0339 loss_train: 2.1459 loss_val: 2.2222
Epoch: 0340 loss_train: 2.1561 loss_val: 2.2286
Epoch: 0341 loss_train: 2.1618 loss_val: 2.2361
Epoch: 0342 Run Train:  33%|███▎      | 1/3 [34:41<1:09:23, 2081.65s/it]loss_train: 2.1575 loss_val: 2.2336
Epoch: 0343 loss_train: 2.1638 loss_val: 2.2354
Epoch: 0344 loss_train: 2.1364 loss_val: 2.2280
Epoch: 0345 loss_train: 2.1466 loss_val: 2.2264
Epoch: 0346 loss_train: 2.1623 loss_val: 2.2259
Epoch: 0347 loss_train: 2.1643 loss_val: 2.2253
Epoch: 0348 loss_train: 2.1451 loss_val: 2.2295
Epoch: 0349 loss_train: 2.1611 loss_val: 2.2304
Epoch: 0350 loss_train: 2.1399 loss_val: 2.2449
Epoch: 0351 loss_train: 2.1560 loss_val: 2.2285
Epoch: 0352 loss_train: 2.1409 loss_val: 2.2361
Epoch: 0353 loss_train: 2.1457 loss_val: 2.2355
Epoch: 0354 loss_train: 2.1444 loss_val: 2.2387
Epoch: 0355 loss_train: 2.1540 loss_val: 2.2426
Epoch: 0356 loss_train: 2.1706 loss_val: 2.2523
Epoch: 0357 loss_train: 2.1392 loss_val: 2.2393
Epoch: 0358 loss_train: 2.1604 loss_val: 2.2305
Epoch: 0359 loss_train: 2.1433 loss_val: 2.2424
Epoch: 0360 loss_train: 2.1480 loss_val: 2.2306
Epoch: 0361 loss_train: 2.1782 loss_val: 2.2298
Epoch: 0362 loss_train: 2.1441 loss_val: 2.2446
Epoch: 0363 loss_train: 2.1459 loss_val: 2.2325
Epoch: 0364 loss_train: 2.1554 loss_val: 2.2295
Epoch: 0365 loss_train: 2.1589 loss_val: 2.2166
Epoch: 0366 loss_train: 2.1434 loss_val: 2.2399
Epoch: 0367 loss_train: 2.1641 loss_val: 2.2247
Epoch: 0368 loss_train: 2.1326 loss_val: 2.2348
Epoch: 0369 loss_train: 2.1496 loss_val: 2.2352
Epoch: 0370 loss_train: 2.1706 loss_val: 2.2163
Epoch: 0371 loss_train: 2.1608 loss_val: 2.2317
Epoch: 0372 loss_train: 2.1565 loss_val: 2.2264
Epoch: 0373 loss_train: 2.1418 loss_val: 2.2399
Epoch: 0374 loss_train: 2.1400 loss_val: 2.2201
Epoch: 0375 loss_train: 2.1545 loss_val: 2.2351
Epoch: 0376 loss_train: 2.1409 loss_val: 2.2128
Epoch: 0377 loss_train: 2.1575 loss_val: 2.2176
Epoch: 0378 loss_train: 2.1540 loss_val: 2.2244
Epoch: 0379 loss_train: 2.1368 loss_val: 2.2280
Epoch: 0380 loss_train: 2.1652 loss_val: 2.2146
Epoch: 0381 loss_train: 2.1629 loss_val: 2.2248
Epoch: 0382 loss_train: 2.1733 loss_val: 2.2354
Epoch: 0383 loss_train: 2.1481 loss_val: 2.2214
Epoch: 0384 loss_train: 2.1568 loss_val: 2.2237
Epoch: 0385 loss_train: 2.1521 loss_val: 2.2259
Epoch: 0386 loss_train: 2.1506 loss_val: 2.2267
Epoch: 0387 loss_train: 2.1595 loss_val: 2.2265
Epoch: 0388 loss_train: 2.1363 loss_val: 2.2140
Epoch: 0389 loss_train: 2.1449 loss_val: 2.2261
Epoch: 0390 loss_train: 2.1521 loss_val: 2.2405
Epoch: 0391 loss_train: 2.1638 loss_val: 2.2350
Epoch: 0392 loss_train: 2.1331 loss_val: 2.2102
Epoch: 0393 loss_train: 2.1546 loss_val: 2.2129
Epoch: 0394 loss_train: 2.1391 loss_val: 2.2383
Epoch: 0395 loss_train: 2.1588 loss_val: 2.2351
Epoch: 0396 loss_train: 2.1500 loss_val: 2.2391
Epoch: 0397 loss_train: 2.1776 loss_val: 2.2437
Epoch: 0398 loss_train: 2.1398 loss_val: 2.2471
Epoch: 0399 loss_train: 2.1450 loss_val: 2.2232
Epoch: 0400 loss_train: 2.1518 loss_val: 2.2346
Epoch: 0401 loss_train: 2.1416 loss_val: 2.2632
Epoch: 0402 loss_train: 2.1468 loss_val: 2.2394
Epoch: 0403 loss_train: 2.1583 loss_val: 2.2541
Epoch: 0404 loss_train: 2.1487 loss_val: 2.2600
Epoch: 0405 loss_train: 2.1456 loss_val: 2.2338
Epoch: 0406 loss_train: 2.1519 loss_val: 2.2519
Epoch: 0407 loss_train: 2.1256 loss_val: 2.2527
Epoch: 0408 loss_train: 2.1415 loss_val: 2.2524
Epoch: 0409 loss_train: 2.1403 loss_val: 2.2288
Epoch: 0410 loss_train: 2.1367 loss_val: 2.2591
Epoch: 0411 loss_train: 2.1623 loss_val: 2.2485
Epoch: 0412 loss_train: 2.1417 loss_val: 2.2642
Epoch: 0413 loss_train: 2.1491 loss_val: 2.2446
Epoch: 0414 loss_train: 2.1450 loss_val: 2.2271
Epoch: 0415 loss_train: 2.1537 loss_val: 2.2457
Epoch: 0416 loss_train: 2.1419 loss_val: 2.2500
Epoch: 0417 loss_train: 2.1655 loss_val: 2.2311
Epoch: 0418 loss_train: 2.1494 loss_val: 2.2497
Epoch: 0419 loss_train: 2.1510 loss_val: 2.2455
Epoch: 0420 loss_train: 2.1389 loss_val: 2.2498
Epoch: 0421 loss_train: 2.1404 loss_val: 2.2243
Epoch: 0422 loss_train: 2.1313 loss_val: 2.2405
Epoch: 0423 loss_train: 2.1595 loss_val: 2.2410
Epoch: 0424 loss_train: 2.1540 loss_val: 2.2409
Epoch: 0425 loss_train: 2.1375 loss_val: 2.2291
Epoch: 0426 loss_train: 2.1512 loss_val: 2.2334
Epoch: 0427 loss_train: 2.1657 loss_val: 2.2521
Epoch: 0428 loss_train: 2.1405 loss_val: 2.2323
Epoch: 0429 loss_train: 2.1454 loss_val: 2.2504
Epoch: 0430 loss_train: 2.1488 loss_val: 2.2442
Epoch: 0431 loss_train: 2.1449 loss_val: 2.2423
Epoch: 0432 loss_train: 2.1561 loss_val: 2.2461
Epoch: 0433 loss_train: 2.1319 loss_val: 2.2624
Epoch: 0434 loss_train: 2.1494 loss_val: 2.2459
Epoch: 0435 loss_train: 2.1504 loss_val: 2.2369
Epoch: 0436 loss_train: 2.1401 loss_val: 2.2487
Epoch: 0437 loss_train: 2.1440 loss_val: 2.2575
Epoch: 0438 loss_train: 2.1571 loss_val: 2.2602
Epoch: 0439 loss_train: 2.1478 loss_val: 2.2622
Epoch: 0440 loss_train: 2.1546 loss_val: 2.2469
Epoch: 0441 loss_train: 2.1446 loss_val: 2.2470
Epoch: 0442 loss_train: 2.1491 loss_val: 2.2545
Epoch: 0443 loss_train: 2.1457 loss_val: 2.2451
Epoch: 0444 loss_train: 2.1443 loss_val: 2.2433
Epoch: 0445 loss_train: 2.1355 loss_val: 2.2442
Epoch: 0446 loss_train: 2.1636 loss_val: 2.2662
Epoch: 0447 loss_train: 2.1314 loss_val: 2.2473
Epoch: 0448 loss_train: 2.1457 loss_val: 2.2624
Epoch: 0449 loss_train: 2.1452 loss_val: 2.2639
Epoch: 0450 loss_train: 2.1495 loss_val: 2.2307
Epoch: 0451 loss_train: 2.1570 loss_val: 2.2743
Epoch: 0452 loss_train: 2.1305 loss_val: 2.2437
Epoch: 0453 loss_train: 2.1550 loss_val: 2.2679
Epoch: 0454 loss_train: 2.1316 loss_val: 2.2826
Epoch: 0455 loss_train: 2.1403 loss_val: 2.2753
Epoch: 0456 loss_train: 2.1434 loss_val: 2.3094
Epoch: 0457 loss_train: 2.1579 loss_val: 2.2825
Epoch: 0458 loss_train: 2.1212 loss_val: 2.3107
Epoch: 0459 loss_train: 2.1374 loss_val: 2.3266
Epoch: 0460 loss_train: 2.1408 loss_val: 2.3205
Epoch: 0461 loss_train: 2.1351 loss_val: 2.3271
Epoch: 0462 loss_train: 2.1434 loss_val: 2.3325
Epoch: 0463 loss_train: 2.1504 loss_val: 2.3460
Epoch: 0464 loss_train: 2.1145 loss_val: 2.3332
Epoch: 0465 loss_train: 2.1382 loss_val: 2.3373
Epoch: 0466 loss_train: 2.1648 loss_val: 2.3532
Epoch: 0467 loss_train: 2.1427 loss_val: 2.3323
Epoch: 0468 loss_train: 2.1352 loss_val: 2.3504
Epoch: 0469 loss_train: 2.1300 loss_val: 2.3505
Epoch: 0470 loss_train: 2.1492 loss_val: 2.3301
Epoch: 0471 loss_train: 2.1487 loss_val: 2.3335
Epoch: 0472 loss_train: 2.1433 loss_val: 2.3484
Epoch: 0473 loss_train: 2.1273 loss_val: 2.3477
Epoch: 0474 loss_train: 2.1554 loss_val: 2.3283
Epoch: 0475 loss_train: 2.1304 loss_val: 2.3223
Epoch: 0476 loss_train: 2.1545 loss_val: 2.2899
Epoch: 0477 loss_train: 2.1498 loss_val: 2.3010
Epoch: 0478 loss_train: 2.1332 loss_val: 2.2788
Epoch: 0479 loss_train: 2.1445 loss_val: 2.2942
Epoch: 0480 loss_train: 2.1404 loss_val: 2.3012
Epoch: 0481 loss_train: 2.1475 loss_val: 2.2597
Epoch: 0482 loss_train: 2.1326 loss_val: 2.3188
Epoch: 0483 loss_train: 2.1514 loss_val: 2.2546
Epoch: 0484 loss_train: 2.1250 loss_val: 2.2405
Epoch: 0485 loss_train: 2.1359 loss_val: 2.2558
Epoch: 0486 loss_train: 2.1312 loss_val: 2.2267
Epoch: 0487 loss_train: 2.1252 loss_val: 2.2330
Epoch: 0488 loss_train: 2.1552 loss_val: 2.2304
Epoch: 0489 loss_train: 2.1403 loss_val: 2.2391
Epoch: 0490 loss_train: 2.1468 loss_val: 2.2484
Epoch: 0491 loss_train: 2.1382 loss_val: 2.2488
Epoch: 0492 loss_train: 2.1339 loss_val: 2.2351
Epoch: 0493 loss_train: 2.1409 loss_val: 2.2433
Epoch: 0494 loss_train: 2.1398 loss_val: 2.2374
Epoch: 0495 loss_train: 2.1369 loss_val: 2.2536
Epoch: 0496 loss_train: 2.1379 loss_val: 2.2604
Epoch: 0497 loss_train: 2.1415 loss_val: 2.2384
Epoch: 0498 loss_train: 2.1389 loss_val: 2.2621
Epoch: 0499 loss_train: 2.1491 loss_val: 2.2662
Epoch: 0500 loss_train: 2.1395 loss_val: 2.2486
Epoch: 0001 loss_train: 2.1358 loss_val: 2.2447
Epoch: 0002 loss_train: 2.1332 loss_val: 2.2513
Epoch: 0003 loss_train: 2.1503 loss_val: 2.2693
Epoch: 0004 loss_train: 2.1527 loss_val: 2.2629
Epoch: 0005 loss_train: 2.1432 loss_val: 2.2613
Epoch: 0006 loss_train: 2.1240 loss_val: 2.2363
Epoch: 0007 loss_train: 2.1311 loss_val: 2.2312
Epoch: 0008 loss_train: 2.1401 loss_val: 2.2375
Epoch: 0009 loss_train: 2.1428 loss_val: 2.2474
Epoch: 0010 loss_train: 2.1295 loss_val: 2.2381
Epoch: 0011 loss_train: 2.1394 loss_val: 2.2513
Epoch: 0012 loss_train: 2.1283 loss_val: 2.2514
Epoch: 0013 loss_train: 2.1372 loss_val: 2.2356
Epoch: 0014 loss_train: 2.1523 loss_val: 2.2351
Epoch: 0015 loss_train: 2.1462 loss_val: 2.2700
Epoch: 0016 loss_train: 2.1566 loss_val: 2.2565
Epoch: 0017 loss_train: 2.1218 loss_val: 2.2481
Epoch: 0018 loss_train: 2.1421 loss_val: 2.2285
Epoch: 0019 loss_train: 2.1569 loss_val: 2.2408
Epoch: 0020 loss_train: 2.1531 loss_val: 2.2339
Epoch: 0021 loss_train: 2.1356 loss_val: 2.2589
Epoch: 0022 loss_train: 2.1409 loss_val: 2.2271
Epoch: 0023 loss_train: 2.1373 loss_val: 2.2428
Epoch: 0024 loss_train: 2.1372 loss_val: 2.2269
Epoch: 0025 loss_train: 2.1126 loss_val: 2.2465
Epoch: 0026 loss_train: 2.1339 loss_val: 2.2303
Epoch: 0027 loss_train: 2.1213 loss_val: 2.2658
Epoch: 0028 loss_train: 2.1309 loss_val: 2.2370
Epoch: 0029 loss_train: 2.1239 loss_val: 2.2522
Epoch: 0030 loss_train: 2.1500 loss_val: 2.2439
Epoch: 0031 loss_train: 2.1414 loss_val: 2.2442
Epoch: 0032 loss_train: 2.1462 loss_val: 2.2528
Epoch: 0033 loss_train: 2.1432 loss_val: 2.2423
Epoch: 0034 loss_train: 2.1387 loss_val: 2.2357
Epoch: 0035 loss_train: 2.1412 loss_val: 2.2368
Epoch: 0036 loss_train: 2.1348 loss_val: 2.2333
Epoch: 0037 loss_train: 2.1388 loss_val: 2.2489
Epoch: 0038 loss_train: 2.1424 loss_val: 2.2722
Epoch: 0039 loss_train: 2.1515 loss_val: 2.2501
Epoch: 0040 loss_train: 2.1215 loss_val: 2.2502
Epoch: 0041 loss_train: 2.1474 loss_val: 2.2356
Epoch: 0042 loss_train: 2.1241 loss_val: 2.2586
Epoch: 0043 loss_train: 2.1279 loss_val: 2.2459
Epoch: 0044 loss_train: 2.1486 loss_val: 2.2600
Epoch: 0045 loss_train: 2.1337 loss_val: 2.2616
Epoch: 0046 loss_train: 2.1276 loss_val: 2.2671
Epoch: 0047 loss_train: 2.1546 loss_val: 2.2473
Epoch: 0048 loss_train: 2.1410 loss_val: 2.2587
Epoch: 0049 loss_train: 2.1377 loss_val: 2.2465
Epoch: 0050 loss_train: 2.1464 loss_val: 2.2476
Epoch: 0051 loss_train: 2.1460 loss_val: 2.2531
Epoch: 0052 loss_train: 2.1436 loss_val: 2.2491
Epoch: 0053 loss_train: 2.1453 loss_val: 2.2654
Epoch: 0054 loss_train: 2.1343 loss_val: 2.2421
Epoch: 0055 loss_train: 2.1258 loss_val: 2.2535
Epoch: 0056 loss_train: 2.1403 loss_val: 2.2375
Epoch: 0057 loss_train: 2.1366 loss_val: 2.2542
Epoch: 0058 loss_train: 2.1418 loss_val: 2.2769
Epoch: 0059 loss_train: 2.1336 loss_val: 2.2727
Epoch: 0060 loss_train: 2.1381 loss_val: 2.2578
Epoch: 0061 loss_train: 2.1648 loss_val: 2.2614
Epoch: 0062 loss_train: 2.1435 loss_val: 2.2726
Epoch: 0063 loss_train: 2.1275 loss_val: 2.2599
Epoch: 0064 loss_train: 2.1557 loss_val: 2.2503
Epoch: 0065 loss_train: 2.1455 loss_val: 2.2711
Epoch: 0066 loss_train: 2.1309 loss_val: 2.2626
Epoch: 0067 loss_train: 2.1438 loss_val: 2.2671
Epoch: 0068 loss_train: 2.1441 loss_val: 2.2622
Epoch: 0069 loss_train: 2.1465 loss_val: 2.2607
Epoch: 0070 loss_train: 2.1372 loss_val: 2.2723
Epoch: 0071 loss_train: 2.1530 loss_val: 2.2684
Epoch: 0072 loss_train: 2.1542 loss_val: 2.2706
Epoch: 0073 loss_train: 2.1480 loss_val: 2.2558
Epoch: 0074 loss_train: 2.1437 loss_val: 2.2652
Epoch: 0075 loss_train: 2.1388 loss_val: 2.2718
Epoch: 0076 loss_train: 2.1316 loss_val: 2.2509
Epoch: 0077 loss_train: 2.1185 loss_val: 2.2562
Epoch: 0078 loss_train: 2.1409 loss_val: 2.2654
Epoch: 0079 loss_train: 2.1336 loss_val: 2.2596
Epoch: 0080 loss_train: 2.1510 loss_val: 2.2572
Epoch: 0081 loss_train: 2.1370 loss_val: 2.2596
Epoch: 0082 loss_train: 2.1390 loss_val: 2.2585
Epoch: 0083 loss_train: 2.1382 loss_val: 2.2491
Epoch: 0084 loss_train: 2.1503 loss_val: 2.2494
Epoch: 0085 loss_train: 2.1207 loss_val: 2.2570
Epoch: 0086 loss_train: 2.1398 loss_val: 2.2651
Epoch: 0087 loss_train: 2.1523 loss_val: 2.2511
Epoch: 0088 loss_train: 2.1455 loss_val: 2.2413
Epoch: 0089 loss_train: 2.1341 loss_val: 2.2649
Epoch: 0090 loss_train: 2.1371 loss_val: 2.2643
Epoch: 0091 loss_train: 2.1401 loss_val: 2.2483
Epoch: 0092 loss_train: 2.1212 loss_val: 2.2526
Epoch: 0093 loss_train: 2.1433 loss_val: 2.2509
Epoch: 0094 loss_train: 2.1193 loss_val: 2.2655
Epoch: 0095 loss_train: 2.1598 loss_val: 2.2521
Epoch: 0096 loss_train: 2.1314 loss_val: 2.2496
Epoch: 0097 loss_train: 2.1406 loss_val: 2.2493
Epoch: 0098 loss_train: 2.1376 loss_val: 2.2435
Epoch: 0099 loss_train: 2.1348 loss_val: 2.2559
Epoch: 0100 loss_train: 2.1533 loss_val: 2.2478
Epoch: 0101 loss_train: 2.1260 loss_val: 2.2485
Epoch: 0102 loss_train: 2.1587 loss_val: 2.2555
Epoch: 0103 loss_train: 2.1514 loss_val: 2.2430
Epoch: 0104 loss_train: 2.1373 loss_val: 2.2459
Epoch: 0105 loss_train: 2.1414 loss_val: 2.2422
Epoch: 0106 loss_train: 2.1379 loss_val: 2.2492
Epoch: 0107 loss_train: 2.1465 loss_val: 2.2328
Epoch: 0108 loss_train: 2.1425 loss_val: 2.2540
Epoch: 0109 loss_train: 2.1251 loss_val: 2.2643
Epoch: 0110 loss_train: 2.1420 loss_val: 2.2453
Epoch: 0111 loss_train: 2.1187 loss_val: 2.2477
Epoch: 0112 loss_train: 2.1302 loss_val: 2.2567
Epoch: 0113 loss_train: 2.1428 loss_val: 2.2733
Epoch: 0114 loss_train: 2.1244 loss_val: 2.2520
Epoch: 0115 loss_train: 2.1312 loss_val: 2.2438
Epoch: 0116 loss_train: 2.1323 loss_val: 2.2465
Epoch: 0117 loss_train: 2.1392 loss_val: 2.2520
Epoch: 0118 loss_train: 2.1465 loss_val: 2.2432
Epoch: 0119 loss_train: 2.1313 loss_val: 2.2424
Epoch: 0120 loss_train: 2.1302 loss_val: 2.2285
Epoch: 0121 loss_train: 2.1275 loss_val: 2.2553
Epoch: 0122 loss_train: 2.1335 loss_val: 2.2426
Epoch: 0123 loss_train: 2.1296 loss_val: 2.2433
Epoch: 0124 loss_train: 2.1227 loss_val: 2.2533
Epoch: 0125 loss_train: 2.1313 loss_val: 2.2508
Epoch: 0126 loss_train: 2.1262 loss_val: 2.2566
Epoch: 0127 loss_train: 2.1260 loss_val: 2.2499
Epoch: 0128 loss_train: 2.1502 loss_val: 2.2527
Epoch: 0129 loss_train: 2.1370 loss_val: 2.2289
Epoch: 0130 loss_train: 2.1451 loss_val: 2.2604
Epoch: 0131 loss_train: 2.1220 loss_val: 2.2391
Epoch: 0132 loss_train: 2.1518 loss_val: 2.2321
Epoch: 0133 loss_train: 2.1218 loss_val: 2.2392
Epoch: 0134 loss_train: 2.1254 loss_val: 2.2450
Epoch: 0135 loss_train: 2.1340 loss_val: 2.2436
Epoch: 0136 loss_train: 2.1421 loss_val: 2.2405
Epoch: 0137 loss_train: 2.1345 loss_val: 2.2346
Epoch: 0138 loss_train: 2.1506 loss_val: 2.2533
Epoch: 0139 loss_train: 2.1490 loss_val: 2.2496
Epoch: 0140 loss_train: 2.1343 loss_val: 2.2287
Epoch: 0141 loss_train: 2.1312 loss_val: 2.2361
Epoch: 0142 loss_train: 2.1404 loss_val: 2.2218
Epoch: 0143 loss_train: 2.1337 loss_val: 2.2465
Epoch: 0144 loss_train: 2.1340 loss_val: 2.2519
Epoch: 0145 loss_train: 2.1268 loss_val: 2.2547
Epoch: 0146 loss_train: 2.1477 loss_val: 2.2522
Epoch: 0147 loss_train: 2.1469 loss_val: 2.2457
Epoch: 0148 loss_train: 2.1325 loss_val: 2.2388
Epoch: 0149 loss_train: 2.1282 loss_val: 2.2867
Epoch: 0150 loss_train: 2.1434 loss_val: 2.2586
Epoch: 0151 loss_train: 2.1227 loss_val: 2.2331
Epoch: 0152 loss_train: 2.1404 loss_val: 2.2483
Epoch: 0153 loss_train: 2.1497 loss_val: 2.2559
Epoch: 0154 loss_train: 2.1369 loss_val: 2.2471
Epoch: 0155 loss_train: 2.1263 loss_val: 2.2273
Epoch: 0156 loss_train: 2.1466 loss_val: 2.2488
Epoch: 0157 loss_train: 2.1344 loss_val: 2.2328
Epoch: 0158 loss_train: 2.1281 loss_val: 2.2356
Epoch: 0159 loss_train: 2.1327 loss_val: 2.2538
Epoch: 0160 loss_train: 2.1243 loss_val: 2.2528
Epoch: 0161 loss_train: 2.1487 loss_val: 2.2396
Epoch: 0162 loss_train: 2.1182 loss_val: 2.2633
Epoch: 0163 loss_train: 2.1399 loss_val: 2.2526
Epoch: 0164 loss_train: 2.1215 loss_val: 2.2426
Epoch: 0165 loss_train: 2.1627 loss_val: 2.2441
Epoch: 0166 loss_train: 2.1360 loss_val: 2.2442
Epoch: 0167 loss_train: 2.1421 loss_val: 2.2695
Epoch: 0168 loss_train: 2.1440 loss_val: 2.2698
Epoch: 0169 loss_train: 2.1309 loss_val: 2.2605
Epoch: 0170 loss_train: 2.1301 loss_val: 2.2681
Epoch: 0171 loss_train: 2.1234 loss_val: 2.2501
Epoch: 0172 loss_train: 2.1525 loss_val: 2.2483
Epoch: 0173 loss_train: 2.1279 loss_val: 2.2813
Epoch: 0174 loss_train: 2.1420 loss_val: 2.2766
Epoch: 0175 loss_train: 2.1373 loss_val: 2.2765
Epoch: 0176 loss_train: 2.1327 loss_val: 2.2635
Epoch: 0177 loss_train: 2.1449 loss_val: 2.2483
Epoch: 0178 loss_train: 2.1371 loss_val: 2.2535
Epoch: 0179 loss_train: 2.1314 loss_val: 2.2495
Epoch: 0180 loss_train: 2.1427 loss_val: 2.2447
Epoch: 0181 loss_train: 2.1562 loss_val: 2.2502
Epoch: 0182 loss_train: 2.1429 loss_val: 2.2703
Epoch: 0183 loss_train: 2.1249 loss_val: 2.2545
Epoch: 0184 loss_train: 2.1301 loss_val: 2.2924
Epoch: 0185 loss_train: 2.1504 loss_val: 2.2473
Epoch: 0186 loss_train: 2.1508 loss_val: 2.2545
Epoch: 0187 loss_train: 2.1177 loss_val: 2.2635
Epoch: 0188 loss_train: 2.1310 loss_val: 2.2592
Epoch: 0189 loss_train: 2.1198 loss_val: 2.2449
Epoch: 0190 loss_train: 2.1413 loss_val: 2.2508
Epoch: 0191 loss_train: 2.1334 loss_val: 2.2616
Epoch: 0192 loss_train: 2.1401 loss_val: 2.2500
Epoch: 0193 loss_train: 2.1410 loss_val: 2.2470
Epoch: 0194 loss_train: 2.1437 loss_val: 2.2529
Epoch: 0195 loss_train: 2.1394 loss_val: 2.2832
Epoch: 0196 loss_train: 2.1330 loss_val: 2.2187
Epoch: 0197 loss_train: 2.1404 loss_val: 2.2667
Epoch: 0198 loss_train: 2.1254 loss_val: 2.2458
Epoch: 0199 loss_train: 2.1258 loss_val: 2.2383
Epoch: 0200 loss_train: 2.1244 loss_val: 2.2614
Epoch: 0201 loss_train: 2.1425 loss_val: 2.2466
Epoch: 0202 loss_train: 2.1312 loss_val: 2.2375
Epoch: 0203 loss_train: 2.1498 loss_val: 2.2512
Epoch: 0204 loss_train: 2.1098 loss_val: 2.2508
Epoch: 0205 loss_train: 2.1416 loss_val: 2.2350
Epoch: 0206 loss_train: 2.1355 loss_val: 2.2325
Epoch: 0207 loss_train: 2.1268 loss_val: 2.2510
Epoch: 0208 loss_train: 2.1103 loss_val: 2.2406
Epoch: 0209 loss_train: 2.1356 loss_val: 2.2619
Epoch: 0210 loss_train: 2.1312 loss_val: 2.2684
Epoch: 0211 loss_train: 2.1426 loss_val: 2.2434
Epoch: 0212 loss_train: 2.1309 loss_val: 2.2458
Epoch: 0213 loss_train: 2.1335 loss_val: 2.2352
Epoch: 0214 loss_train: 2.1278 loss_val: 2.2343
Epoch: 0215 loss_train: 2.1373 loss_val: 2.2624
Epoch: 0216 loss_train: 2.1462 loss_val: 2.2502
Epoch: 0217 loss_train: 2.1343 loss_val: 2.2315
Epoch: 0218 loss_train: 2.1326 loss_val: 2.2581
Epoch: 0219 loss_train: 2.1118 loss_val: 2.2323
Epoch: 0220 loss_train: 2.1459 loss_val: 2.2503
Epoch: 0221 loss_train: 2.1201 loss_val: 2.2498
Epoch: 0222 loss_train: 2.1448 loss_val: 2.2514
Epoch: 0223 loss_train: 2.1339 loss_val: 2.2498
Epoch: 0224 loss_train: 2.1279 loss_val: 2.2196
Epoch: 0225 loss_train: 2.1287 loss_val: 2.2499
Epoch: 0226 loss_train: 2.1315 loss_val: 2.2433
Epoch: 0227 loss_train: 2.1329 loss_val: 2.2450
Epoch: 0228 loss_train: 2.1321 loss_val: 2.2461
Epoch: 0229 loss_train: 2.1454 loss_val: 2.2292
Epoch: 0230 loss_train: 2.1491 loss_val: 2.2734
Epoch: 0231 loss_train: 2.1301 loss_val: 2.2388
Epoch: 0232 loss_train: 2.1062 loss_val: 2.2413
Epoch: 0233 loss_train: 2.1606 loss_val: 2.2249
Epoch: 0234 loss_train: 2.1310 loss_val: 2.2501
Epoch: 0235 loss_train: 2.1395 loss_val: 2.2274
Epoch: 0236 loss_train: 2.1344 loss_val: 2.2334
Epoch: 0237 loss_train: 2.1292 loss_val: 2.2560
Epoch: 0238 loss_train: 2.1323 loss_val: 2.2325
Epoch: 0239 loss_train: 2.1295 loss_val: 2.2475
Epoch: 0240 loss_train: 2.1289 loss_val: 2.2427
Epoch: 0241 loss_train: 2.1335 loss_val: 2.2328
Epoch: 0242 loss_train: 2.1317 loss_val: 2.2412
Epoch: 0243 loss_train: 2.1274 loss_val: 2.2387
Epoch: 0244 loss_train: 2.1414 loss_val: 2.2687
Epoch: 0245 loss_train: 2.1326 loss_val: 2.2424
Epoch: 0246 loss_train: 2.1272 loss_val: 2.2269
Epoch: 0247 loss_train: 2.1335 loss_val: 2.2190
Epoch: 0248 loss_train: 2.1388 loss_val: 2.2246
Epoch: 0249 loss_train: 2.1471 loss_val: 2.2533
Epoch: 0250 loss_train: 2.1696 loss_val: 2.2503
Epoch: 0251 loss_train: 2.1369 loss_val: 2.2120
Epoch: 0252 loss_train: 2.1268 loss_val: 2.2393
Epoch: 0253 loss_train: 2.1237 loss_val: 2.2706
Epoch: 0254 loss_train: 2.1354 loss_val: 2.2032
Epoch: 0255 loss_train: 2.1343 loss_val: 2.2495
Epoch: 0256 loss_train: 2.1327 loss_val: 2.2290
Epoch: 0257 loss_train: 2.1321 loss_val: 2.2471
Epoch: 0258 loss_train: 2.1204 loss_val: 2.2233
Epoch: 0259 loss_train: 2.1239 loss_val: 2.2261
Epoch: 0260 loss_train: 2.1381 loss_val: 2.2324
Epoch: 0261 loss_train: 2.1200 loss_val: 2.2509
Epoch: 0262 loss_train: 2.1363 loss_val: 2.2082
Epoch: 0263 loss_train: 2.1410 loss_val: 2.2049
Epoch: 0264 loss_train: 2.1253 loss_val: 2.2409
Epoch: 0265 loss_train: 2.1238 loss_val: 2.2253
Epoch: 0266 loss_train: 2.1414 loss_val: 2.2186
Epoch: 0267 loss_train: 2.1363 loss_val: 2.2225
Epoch: 0268 loss_train: 2.1348 loss_val: 2.2114
Epoch: 0269 loss_train: 2.1153 loss_val: 2.2388
Epoch: 0270 loss_train: 2.1301 loss_val: 2.2346
Epoch: 0271 loss_train: 2.1337 loss_val: 2.2343
Epoch: 0272 loss_train: 2.1379 loss_val: 2.2266
Epoch: 0273 loss_train: 2.1152 loss_val: 2.1917
Epoch: 0274 loss_train: 2.1284 loss_val: 2.2005
Epoch: 0275 loss_train: 2.1393 loss_val: 2.2177
Epoch: 0276 loss_train: 2.1370 loss_val: 2.1718
Epoch: 0277 loss_train: 2.1409 loss_val: 2.2646
Epoch: 0278 loss_train: 2.1210 loss_val: 2.2663
Epoch: 0279 loss_train: 2.1421 loss_val: 2.2592
Epoch: 0280 loss_train: 2.1205 loss_val: 2.2641
Epoch: 0281 loss_train: 2.1296 loss_val: 2.2073
Epoch: 0282 loss_train: 2.1345 loss_val: 2.2187
Epoch: 0283 loss_train: 2.1273 loss_val: 2.2008
Epoch: 0284 loss_train: 2.1332 loss_val: 2.2084
Epoch: 0285 loss_train: 2.1354 loss_val: 2.2496
Epoch: 0286 loss_train: 2.1497 loss_val: 2.2644
Epoch: 0287 loss_train: 2.1348 loss_val: 2.2689
Epoch: 0288 loss_train: 2.1453 loss_val: 2.2398
Epoch: 0289 loss_train: 2.1225 loss_val: 2.2285
Epoch: 0290 loss_train: 2.1238 loss_val: 2.2767
Epoch: 0291 loss_train: 2.1555 loss_val: 2.2806
Epoch: 0292 loss_train: 2.1288 loss_val: 2.2529
Epoch: 0293 loss_train: 2.1384 loss_val: 2.2640
Epoch: 0294 loss_train: 2.1122 loss_val: 2.2447
Epoch: 0295 loss_train: 2.1193 loss_val: 2.2240
Epoch: 0296 loss_train: 2.1164 loss_val: 2.2311
Epoch: 0297 loss_train: 2.1304 loss_val: 2.2345
Epoch: 0298 loss_train: 2.1367 loss_val: 2.2163
Epoch: 0299 loss_train: 2.1379 loss_val: 2.2070
Epoch: 0300 loss_train: 2.1320 loss_val: 2.2354
Epoch: 0301 loss_train: 2.1165 loss_val: 2.1862
Epoch: 0302 loss_train: 2.1058 loss_val: 2.2132
Epoch: 0303 loss_train: 2.1296 loss_val: 2.2194
Epoch: 0304 loss_train: 2.1361 loss_val: 2.2115
Epoch: 0305 loss_train: 2.1252 loss_val: 2.1986
Epoch: 0306 loss_train: 2.1308 loss_val: 2.2244
Epoch: 0307 loss_train: 2.1140 loss_val: 2.2627
Epoch: 0308 loss_train: 2.1331 loss_val: 2.2419
Epoch: 0309 loss_train: 2.1258 loss_val: 2.2305
Epoch: 0310 loss_train: 2.1382 loss_val: 2.2434
Epoch: 0311 loss_train: 2.1365 loss_val: 2.1904
Epoch: 0312 loss_train: 2.1168 loss_val: 2.2035
Epoch: 0313 loss_train: 2.1445 loss_val: 2.2154
Epoch: 0314 loss_train: 2.1159 loss_val: 2.2395
Epoch: 0315 loss_train: 2.1409 loss_val: 2.2533
Epoch: 0316 loss_train: 2.1421 loss_val: 2.2270
Epoch: 0317 loss_train: 2.1401 loss_val: 2.2845
Epoch: 0318 loss_train: 2.1402 loss_val: 2.2392
Epoch: 0319 loss_train: 2.1346 loss_val: 2.2503
Epoch: 0320 loss_train: 2.1492 loss_val: 2.2519
Epoch: 0321 loss_train: 2.1446 loss_val: 2.2448
Epoch: 0322 loss_train: 2.1224 loss_val: 2.2180
Epoch: 0323 loss_train: 2.1350 loss_val: 2.2667
Epoch: 0324 loss_train: 2.1420 loss_val: 2.2550
Epoch: 0325 loss_train: 2.1191 loss_val: 2.2839
Epoch: 0326 loss_train: 2.1533 loss_val: 2.2423
Epoch: 0327 loss_train: 2.1089 loss_val: 2.2895
Epoch: 0328 loss_train: 2.1322 loss_val: 2.2627
Epoch: 0329 loss_train: 2.1236 loss_val: 2.2936
Epoch: 0330 loss_train: 2.1376 loss_val: 2.2734
Epoch: 0331 loss_train: 2.1445 loss_val: 2.2831
Epoch: 0332 loss_train: 2.1447 loss_val: 2.3051
Epoch: 0333 loss_train: 2.1476 loss_val: 2.2634
Epoch: 0334 loss_train: 2.1397 loss_val: 2.3214
Epoch: 0335 loss_train: 2.1259 loss_val: 2.2348
Epoch: 0336 loss_train: 2.1180 loss_val: 2.2589
Epoch: 0337 loss_train: 2.1274 loss_val: 2.2734
Epoch: 0338 loss_train: 2.1327 loss_val: 2.2999
Epoch: 0339 loss_train: 2.1362 loss_val: 2.2725
Epoch: 0340 loss_train: 2.1205 loss_val: 2.2482
Epoch: 0341 loss_train: 2.1335 loss_val: 2.2628
Epoch: 0342 loss_train: 2.1485 loss_val: 2.2963
Epoch: 0343 loss_train: 2.1098 loss_val: 2.2670
Epoch: 0344 loss_train: 2.1065 loss_val: 2.2543
Epoch: 0345 loss_train: 2.1431 loss_val: 2.2924
Epoch: 0346 loss_train: 2.1312 loss_val: 2.2522
Epoch: 0347 loss_train: 2.1184 loss_val: 2.2755
Epoch: 0348 loss_train: 2.1454 loss_val: 2.3063
Epoch: 0349 loss_train: 2.1352 loss_val: 2.2828
Epoch: 0350 loss_train: 2.1193 loss_val: 2.2908
Epoch: 0351 loss_train: 2.1133 loss_val: 2.2548
Epoch: 0352 loss_train: 2.1415 loss_val: 2.2770
Epoch: 0353 loss_train: 2.1138 Run Train:  67%|██████▋   | 2/3 [1:10:42<35:28, 2128.38s/it]loss_val: 2.3165
Epoch: 0354 loss_train: 2.1501 loss_val: 2.2963
Epoch: 0355 loss_train: 2.1156 loss_val: 2.2967
Epoch: 0356 loss_train: 2.1375 loss_val: 2.2388
Epoch: 0357 loss_train: 2.1414 loss_val: 2.3026
Epoch: 0358 loss_train: 2.1165 loss_val: 2.2853
Epoch: 0359 loss_train: 2.1183 loss_val: 2.2893
Epoch: 0360 loss_train: 2.1483 loss_val: 2.3105
Epoch: 0361 loss_train: 2.1446 loss_val: 2.2972
Epoch: 0362 loss_train: 2.1333 loss_val: 2.2632
Epoch: 0363 loss_train: 2.1409 loss_val: 2.3072
Epoch: 0364 loss_train: 2.1228 loss_val: 2.2855
Epoch: 0365 loss_train: 2.1230 loss_val: 2.2557
Epoch: 0366 loss_train: 2.1377 loss_val: 2.3190
Epoch: 0367 loss_train: 2.1260 loss_val: 2.2692
Epoch: 0368 loss_train: 2.1391 loss_val: 2.2885
Epoch: 0369 loss_train: 2.1248 loss_val: 2.2492
Epoch: 0370 loss_train: 2.1187 loss_val: 2.3187
Epoch: 0371 loss_train: 2.1214 loss_val: 2.2887
Epoch: 0372 loss_train: 2.1357 loss_val: 2.3243
Epoch: 0373 loss_train: 2.1344 loss_val: 2.3158
Epoch: 0374 loss_train: 2.1217 loss_val: 2.2983
Epoch: 0375 loss_train: 2.1340 loss_val: 2.3146
Epoch: 0376 loss_train: 2.1362 loss_val: 2.3021
Epoch: 0377 loss_train: 2.1234 loss_val: 2.3085
Epoch: 0378 loss_train: 2.1258 loss_val: 2.3080
Epoch: 0379 loss_train: 2.1548 loss_val: 2.2739
Epoch: 0380 loss_train: 2.1311 loss_val: 2.2854
Epoch: 0381 loss_train: 2.1401 loss_val: 2.3280
Epoch: 0382 loss_train: 2.1231 loss_val: 2.2588
Epoch: 0383 loss_train: 2.1307 loss_val: 2.3152
Epoch: 0384 loss_train: 2.1100 loss_val: 2.2974
Epoch: 0385 loss_train: 2.1245 loss_val: 2.3085
Epoch: 0386 loss_train: 2.1204 loss_val: 2.3324
Epoch: 0387 loss_train: 2.1259 loss_val: 2.3294
Epoch: 0388 loss_train: 2.1238 loss_val: 2.3257
Epoch: 0389 loss_train: 2.1104 loss_val: 2.3206
Epoch: 0390 loss_train: 2.1418 loss_val: 2.2884
Epoch: 0391 loss_train: 2.1248 loss_val: 2.3018
Epoch: 0392 loss_train: 2.1316 loss_val: 2.3209
Epoch: 0393 loss_train: 2.1313 loss_val: 2.2720
Epoch: 0394 loss_train: 2.1208 loss_val: 2.3230
Epoch: 0395 loss_train: 2.1297 loss_val: 2.2909
Epoch: 0396 loss_train: 2.1422 loss_val: 2.3221
Epoch: 0397 loss_train: 2.1210 loss_val: 2.2912
Epoch: 0398 loss_train: 2.1205 loss_val: 2.2953
Epoch: 0399 loss_train: 2.1242 loss_val: 2.3015
Epoch: 0400 loss_train: 2.1345 loss_val: 2.3293
Epoch: 0401 loss_train: 2.1423 loss_val: 2.3226
Epoch: 0402 loss_train: 2.1338 loss_val: 2.2957
Epoch: 0403 loss_train: 2.1200 loss_val: 2.3139
Epoch: 0404 loss_train: 2.1146 loss_val: 2.3196
Epoch: 0405 loss_train: 2.1357 loss_val: 2.3356
Epoch: 0406 loss_train: 2.1162 loss_val: 2.2736
Epoch: 0407 loss_train: 2.1171 loss_val: 2.3141
Epoch: 0408 loss_train: 2.1325 loss_val: 2.3273
Epoch: 0409 loss_train: 2.1169 loss_val: 2.2965
Epoch: 0410 loss_train: 2.1295 loss_val: 2.3069
Epoch: 0411 loss_train: 2.1376 loss_val: 2.3048
Epoch: 0412 loss_train: 2.1259 loss_val: 2.2829
Epoch: 0413 loss_train: 2.1179 loss_val: 2.2780
Epoch: 0414 loss_train: 2.1158 loss_val: 2.3262
Epoch: 0415 loss_train: 2.1262 loss_val: 2.3170
Epoch: 0416 loss_train: 2.1394 loss_val: 2.2968
Epoch: 0417 loss_train: 2.1366 loss_val: 2.2507
Epoch: 0418 loss_train: 2.1376 loss_val: 2.3085
Epoch: 0419 loss_train: 2.1233 loss_val: 2.2596
Epoch: 0420 loss_train: 2.1469 loss_val: 2.2951
Epoch: 0421 loss_train: 2.1323 loss_val: 2.2831
Epoch: 0422 loss_train: 2.1346 loss_val: 2.2681
Epoch: 0423 loss_train: 2.1394 loss_val: 2.2596
Epoch: 0424 loss_train: 2.1361 loss_val: 2.2690
Epoch: 0425 loss_train: 2.1323 loss_val: 2.2812
Epoch: 0426 loss_train: 2.1424 loss_val: 2.2826
Epoch: 0427 loss_train: 2.1627 loss_val: 2.2754
Epoch: 0428 loss_train: 2.1220 loss_val: 2.2742
Epoch: 0429 loss_train: 2.1344 loss_val: 2.2670
Epoch: 0430 loss_train: 2.1484 loss_val: 2.3081
Epoch: 0431 loss_train: 2.1341 loss_val: 2.2947
Epoch: 0432 loss_train: 2.1374 loss_val: 2.2676
Epoch: 0433 loss_train: 2.1353 loss_val: 2.2639
Epoch: 0434 loss_train: 2.1195 loss_val: 2.2614
Epoch: 0435 loss_train: 2.1366 loss_val: 2.2930
Epoch: 0436 loss_train: 2.1233 loss_val: 2.2640
Epoch: 0437 loss_train: 2.1074 loss_val: 2.2920
Epoch: 0438 loss_train: 2.1252 loss_val: 2.2830
Epoch: 0439 loss_train: 2.1068 loss_val: 2.2818
Epoch: 0440 loss_train: 2.1321 loss_val: 2.2796
Epoch: 0441 loss_train: 2.1338 loss_val: 2.2812
Epoch: 0442 loss_train: 2.1354 loss_val: 2.2738
Epoch: 0443 loss_train: 2.1403 loss_val: 2.2837
Epoch: 0444 loss_train: 2.1320 loss_val: 2.2675
Epoch: 0445 loss_train: 2.1183 loss_val: 2.2941
Epoch: 0446 loss_train: 2.1369 loss_val: 2.2826
Epoch: 0447 loss_train: 2.1101 loss_val: 2.2882
Epoch: 0448 loss_train: 2.1386 loss_val: 2.3041
Epoch: 0449 loss_train: 2.1118 loss_val: 2.2759
Epoch: 0450 loss_train: 2.1366 loss_val: 2.3011
Epoch: 0451 loss_train: 2.1194 loss_val: 2.2792
Epoch: 0452 loss_train: 2.1166 loss_val: 2.2928
Epoch: 0453 loss_train: 2.1209 loss_val: 2.2824
Epoch: 0454 loss_train: 2.1288 loss_val: 2.2778
Epoch: 0455 loss_train: 2.1427 loss_val: 2.2891
Epoch: 0456 loss_train: 2.1312 loss_val: 2.2877
Epoch: 0457 loss_train: 2.1292 loss_val: 2.3022
Epoch: 0458 loss_train: 2.1414 loss_val: 2.3016
Epoch: 0459 loss_train: 2.1460 loss_val: 2.3060
Epoch: 0460 loss_train: 2.1219 loss_val: 2.2925
Epoch: 0461 loss_train: 2.1305 loss_val: 2.3116
Epoch: 0462 loss_train: 2.1136 loss_val: 2.2907
Epoch: 0463 loss_train: 2.1256 loss_val: 2.3068
Epoch: 0464 loss_train: 2.1395 loss_val: 2.2876
Epoch: 0465 loss_train: 2.1299 loss_val: 2.3105
Epoch: 0466 loss_train: 2.1315 loss_val: 2.3092
Epoch: 0467 loss_train: 2.1258 loss_val: 2.2847
Epoch: 0468 loss_train: 2.1452 loss_val: 2.2814
Epoch: 0469 loss_train: 2.1409 loss_val: 2.2820
Epoch: 0470 loss_train: 2.1388 loss_val: 2.2966
Epoch: 0471 loss_train: 2.1400 loss_val: 2.2771
Epoch: 0472 loss_train: 2.1133 loss_val: 2.2729
Epoch: 0473 loss_train: 2.1278 loss_val: 2.3172
Epoch: 0474 loss_train: 2.1308 loss_val: 2.2620
Epoch: 0475 loss_train: 2.1370 loss_val: 2.2484
Epoch: 0476 loss_train: 2.1238 loss_val: 2.2726
Epoch: 0477 loss_train: 2.1264 loss_val: 2.2775
Epoch: 0478 loss_train: 2.1318 loss_val: 2.2768
Epoch: 0479 loss_train: 2.1398 loss_val: 2.2832
Epoch: 0480 loss_train: 2.1305 loss_val: 2.2785
Epoch: 0481 loss_train: 2.1373 loss_val: 2.2669
Epoch: 0482 loss_train: 2.1128 loss_val: 2.2471
Epoch: 0483 loss_train: 2.1082 loss_val: 2.3030
Epoch: 0484 loss_train: 2.1292 loss_val: 2.2690
Epoch: 0485 loss_train: 2.1382 loss_val: 2.2976
Epoch: 0486 loss_train: 2.1082 loss_val: 2.2711
Epoch: 0487 loss_train: 2.1351 loss_val: 2.2901
Epoch: 0488 loss_train: 2.1410 loss_val: 2.2918
Epoch: 0489 loss_train: 2.1305 loss_val: 2.2908
Epoch: 0490 loss_train: 2.1230 loss_val: 2.2714
Epoch: 0491 loss_train: 2.1302 loss_val: 2.2916
Epoch: 0492 loss_train: 2.1220 loss_val: 2.2779
Epoch: 0493 loss_train: 2.1326 loss_val: 2.2986
Epoch: 0494 loss_train: 2.1365 loss_val: 2.3111
Epoch: 0495 loss_train: 2.1456 loss_val: 2.3134
Epoch: 0496 loss_train: 2.1036 loss_val: 2.3257
Epoch: 0497 loss_train: 2.1137 loss_val: 2.3132
Epoch: 0498 loss_train: 2.1131 loss_val: 2.3243
Epoch: 0499 loss_train: 2.1264 loss_val: 2.2957
Epoch: 0500 loss_train: 2.1146 loss_val: 2.3220
Epoch: 0001 loss_train: 2.1342 loss_val: 2.3086
Epoch: 0002 loss_train: 2.1356 loss_val: 2.2814
Epoch: 0003 loss_train: 2.1246 loss_val: 2.2912
Epoch: 0004 loss_train: 2.1323 loss_val: 2.3305
Epoch: 0005 loss_train: 2.1357 loss_val: 2.3248
Epoch: 0006 loss_train: 2.1318 loss_val: 2.3196
Epoch: 0007 loss_train: 2.1200 loss_val: 2.3135
Epoch: 0008 loss_train: 2.1239 loss_val: 2.3068
Epoch: 0009 loss_train: 2.1179 loss_val: 2.2859
Epoch: 0010 loss_train: 2.1498 loss_val: 2.3072
Epoch: 0011 loss_train: 2.1211 loss_val: 2.3004
Epoch: 0012 loss_train: 2.1353 loss_val: 2.3270
Epoch: 0013 loss_train: 2.1261 loss_val: 2.2890
Epoch: 0014 loss_train: 2.1274 loss_val: 2.3071
Epoch: 0015 loss_train: 2.1165 loss_val: 2.3019
Epoch: 0016 loss_train: 2.1311 loss_val: 2.3241
Epoch: 0017 loss_train: 2.1315 loss_val: 2.3581
Epoch: 0018 loss_train: 2.1323 loss_val: 2.3016
Epoch: 0019 loss_train: 2.1303 loss_val: 2.3349
Epoch: 0020 loss_train: 2.1309 loss_val: 2.3359
Epoch: 0021 loss_train: 2.1200 loss_val: 2.3074
Epoch: 0022 loss_train: 2.1386 loss_val: 2.3161
Epoch: 0023 loss_train: 2.1517 loss_val: 2.3205
Epoch: 0024 loss_train: 2.1263 loss_val: 2.3157
Epoch: 0025 loss_train: 2.1219 loss_val: 2.3317
Epoch: 0026 loss_train: 2.1226 loss_val: 2.3085
Epoch: 0027 loss_train: 2.1209 loss_val: 2.3320
Epoch: 0028 loss_train: 2.1347 loss_val: 2.3238
Epoch: 0029 loss_train: 2.1250 loss_val: 2.3277
Epoch: 0030 loss_train: 2.1376 loss_val: 2.3087
Epoch: 0031 loss_train: 2.1243 loss_val: 2.3265
Epoch: 0032 loss_train: 2.1321 loss_val: 2.3462
Epoch: 0033 loss_train: 2.1272 loss_val: 2.3133
Epoch: 0034 loss_train: 2.1372 loss_val: 2.3086
Epoch: 0035 loss_train: 2.1306 loss_val: 2.3182
Epoch: 0036 loss_train: 2.1126 loss_val: 2.3194
Epoch: 0037 loss_train: 2.1331 loss_val: 2.2949
Epoch: 0038 loss_train: 2.1170 loss_val: 2.3053
Epoch: 0039 loss_train: 2.1340 loss_val: 2.3504
Epoch: 0040 loss_train: 2.1318 loss_val: 2.3448
Epoch: 0041 loss_train: 2.1495 loss_val: 2.3461
Epoch: 0042 loss_train: 2.1009 loss_val: 2.3186
Epoch: 0043 loss_train: 2.1319 loss_val: 2.3291
Epoch: 0044 loss_train: 2.1332 loss_val: 2.3086
Epoch: 0045 loss_train: 2.1308 loss_val: 2.3019
Epoch: 0046 loss_train: 2.1355 loss_val: 2.3236
Epoch: 0047 loss_train: 2.1269 loss_val: 2.3599
Epoch: 0048 loss_train: 2.1237 loss_val: 2.3342
Epoch: 0049 loss_train: 2.1285 loss_val: 2.2995
Epoch: 0050 loss_train: 2.1166 loss_val: 2.3375
Epoch: 0051 loss_train: 2.1372 loss_val: 2.3194
Epoch: 0052 loss_train: 2.1368 loss_val: 2.3404
Epoch: 0053 loss_train: 2.1180 loss_val: 2.3086
Epoch: 0054 loss_train: 2.1343 loss_val: 2.3077
Epoch: 0055 loss_train: 2.1410 loss_val: 2.3219
Epoch: 0056 loss_train: 2.1523 loss_val: 2.3219
Epoch: 0057 loss_train: 2.1399 loss_val: 2.3410
Epoch: 0058 loss_train: 2.1349 loss_val: 2.3184
Epoch: 0059 loss_train: 2.1407 loss_val: 2.3233
Epoch: 0060 loss_train: 2.1425 loss_val: 2.3100
Epoch: 0061 loss_train: 2.1297 loss_val: 2.3235
Epoch: 0062 loss_train: 2.1213 loss_val: 2.3379
Epoch: 0063 loss_train: 2.1341 loss_val: 2.3378
Epoch: 0064 loss_train: 2.1087 loss_val: 2.2893
Epoch: 0065 loss_train: 2.1174 loss_val: 2.3037
Epoch: 0066 loss_train: 2.1338 loss_val: 2.2806
Epoch: 0067 loss_train: 2.1390 loss_val: 2.2924
Epoch: 0068 loss_train: 2.1373 loss_val: 2.3209
Epoch: 0069 loss_train: 2.1346 loss_val: 2.3590
Epoch: 0070 loss_train: 2.1260 loss_val: 2.2949
Epoch: 0071 loss_train: 2.1186 loss_val: 2.3385
Epoch: 0072 loss_train: 2.1243 loss_val: 2.3303
Epoch: 0073 loss_train: 2.1305 loss_val: 2.2975
Epoch: 0074 loss_train: 2.1228 loss_val: 2.3059
Epoch: 0075 loss_train: 2.1119 loss_val: 2.3105
Epoch: 0076 loss_train: 2.1280 loss_val: 2.3157
Epoch: 0077 loss_train: 2.1233 loss_val: 2.3262
Epoch: 0078 loss_train: 2.1222 loss_val: 2.3255
Epoch: 0079 loss_train: 2.1282 loss_val: 2.3310
Epoch: 0080 loss_train: 2.1053 loss_val: 2.3129
Epoch: 0081 loss_train: 2.1337 loss_val: 2.3171
Epoch: 0082 loss_train: 2.1167 loss_val: 2.3379
Epoch: 0083 loss_train: 2.1356 loss_val: 2.3491
Epoch: 0084 loss_train: 2.1298 loss_val: 2.3400
Epoch: 0085 loss_train: 2.1228 loss_val: 2.3471
Epoch: 0086 loss_train: 2.1238 loss_val: 2.3495
Epoch: 0087 loss_train: 2.1300 loss_val: 2.3517
Epoch: 0088 loss_train: 2.1288 loss_val: 2.3582
Epoch: 0089 loss_train: 2.1472 loss_val: 2.3342
Epoch: 0090 loss_train: 2.0941 loss_val: 2.3599
Epoch: 0091 loss_train: 2.1188 loss_val: 2.3569
Epoch: 0092 loss_train: 2.1339 loss_val: 2.3595
Epoch: 0093 loss_train: 2.1116 loss_val: 2.3621
Epoch: 0094 loss_train: 2.1061 loss_val: 2.3722
Epoch: 0095 loss_train: 2.1239 loss_val: 2.3584
Epoch: 0096 loss_train: 2.1481 loss_val: 2.3326
Epoch: 0097 loss_train: 2.1283 loss_val: 2.3240
Epoch: 0098 loss_train: 2.1521 loss_val: 2.3487
Epoch: 0099 loss_train: 2.1137 loss_val: 2.3463
Epoch: 0100 loss_train: 2.1151 loss_val: 2.3281
Epoch: 0101 loss_train: 2.1236 loss_val: 2.3161
Epoch: 0102 loss_train: 2.1211 loss_val: 2.3491
Epoch: 0103 loss_train: 2.1347 loss_val: 2.3048
Epoch: 0104 loss_train: 2.1396 loss_val: 2.3120
Epoch: 0105 loss_train: 2.1273 loss_val: 2.3415
Epoch: 0106 loss_train: 2.1179 loss_val: 2.3151
Epoch: 0107 loss_train: 2.1353 loss_val: 2.3487
Epoch: 0108 loss_train: 2.1249 loss_val: 2.3520
Epoch: 0109 loss_train: 2.1157 loss_val: 2.3837
Epoch: 0110 loss_train: 2.1373 loss_val: 2.3441
Epoch: 0111 loss_train: 2.1154 loss_val: 2.3322
Epoch: 0112 loss_train: 2.1367 loss_val: 2.3485
Epoch: 0113 loss_train: 2.1251 loss_val: 2.3599
Epoch: 0114 loss_train: 2.1281 loss_val: 2.3524
Epoch: 0115 loss_train: 2.1282 loss_val: 2.3327
Epoch: 0116 loss_train: 2.1319 loss_val: 2.3528
Epoch: 0117 loss_train: 2.1353 loss_val: 2.3360
Epoch: 0118 loss_train: 2.1115 loss_val: 2.3809
Epoch: 0119 loss_train: 2.1324 loss_val: 2.3379
Epoch: 0120 loss_train: 2.1113 loss_val: 2.3489
Epoch: 0121 loss_train: 2.1364 loss_val: 2.3288
Epoch: 0122 loss_train: 2.1174 loss_val: 2.3473
Epoch: 0123 loss_train: 2.1298 loss_val: 2.3453
Epoch: 0124 loss_train: 2.1636 loss_val: 2.3448
Epoch: 0125 loss_train: 2.1370 loss_val: 2.3327
Epoch: 0126 loss_train: 2.1316 loss_val: 2.3539
Epoch: 0127 loss_train: 2.1435 loss_val: 2.3102
Epoch: 0128 loss_train: 2.1408 loss_val: 2.3210
Epoch: 0129 loss_train: 2.1256 loss_val: 2.3517
Epoch: 0130 loss_train: 2.1330 loss_val: 2.2900
Epoch: 0131 loss_train: 2.1116 loss_val: 2.2906
Epoch: 0132 loss_train: 2.1355 loss_val: 2.3333
Epoch: 0133 loss_train: 2.1347 loss_val: 2.3276
Epoch: 0134 loss_train: 2.1167 loss_val: 2.3060
Epoch: 0135 loss_train: 2.1130 loss_val: 2.2753
Epoch: 0136 loss_train: 2.1183 loss_val: 2.2853
Epoch: 0137 loss_train: 2.1241 loss_val: 2.2781
Epoch: 0138 loss_train: 2.1328 loss_val: 2.2826
Epoch: 0139 loss_train: 2.1200 loss_val: 2.3244
Epoch: 0140 loss_train: 2.1148 loss_val: 2.2852
Epoch: 0141 loss_train: 2.1263 loss_val: 2.2628
Epoch: 0142 loss_train: 2.1543 loss_val: 2.2717
Epoch: 0143 loss_train: 2.1126 loss_val: 2.3175
Epoch: 0144 loss_train: 2.1333 loss_val: 2.3201
Epoch: 0145 loss_train: 2.1169 loss_val: 2.3325
Epoch: 0146 loss_train: 2.1320 loss_val: 2.3249
Epoch: 0147 loss_train: 2.1134 loss_val: 2.3019
Epoch: 0148 loss_train: 2.1254 loss_val: 2.3070
Epoch: 0149 loss_train: 2.1110 loss_val: 2.3230
Epoch: 0150 loss_train: 2.1324 loss_val: 2.3023
Epoch: 0151 loss_train: 2.1311 loss_val: 2.2701
Epoch: 0152 loss_train: 2.1226 loss_val: 2.3164
Epoch: 0153 loss_train: 2.1340 loss_val: 2.3028
Epoch: 0154 loss_train: 2.1246 loss_val: 2.2743
Epoch: 0155 loss_train: 2.1434 loss_val: 2.3682
Epoch: 0156 loss_train: 2.1471 loss_val: 2.3215
Epoch: 0157 loss_train: 2.1256 loss_val: 2.2902
Epoch: 0158 loss_train: 2.1248 loss_val: 2.3014
Epoch: 0159 loss_train: 2.1308 loss_val: 2.3108
Epoch: 0160 loss_train: 2.1256 loss_val: 2.2943
Epoch: 0161 loss_train: 2.1302 loss_val: 2.3269
Epoch: 0162 loss_train: 2.1219 loss_val: 2.3502
Epoch: 0163 loss_train: 2.1170 loss_val: 2.3206
Epoch: 0164 loss_train: 2.1213 loss_val: 2.3350
Epoch: 0165 loss_train: 2.1357 loss_val: 2.3280
Epoch: 0166 loss_train: 2.1309 loss_val: 2.3111
Epoch: 0167 loss_train: 2.1294 loss_val: 2.3179
Epoch: 0168 loss_train: 2.1402 loss_val: 2.3304
Epoch: 0169 loss_train: 2.1368 loss_val: 2.2984
Epoch: 0170 loss_train: 2.1315 loss_val: 2.3268
Epoch: 0171 loss_train: 2.1392 loss_val: 2.3234
Epoch: 0172 loss_train: 2.1095 loss_val: 2.3315
Epoch: 0173 loss_train: 2.1163 loss_val: 2.3773
Epoch: 0174 loss_train: 2.1379 loss_val: 2.3190
Epoch: 0175 loss_train: 2.1265 loss_val: 2.3237
Epoch: 0176 loss_train: 2.1247 loss_val: 2.2880
Epoch: 0177 loss_train: 2.1163 loss_val: 2.3235
Epoch: 0178 loss_train: 2.1360 loss_val: 2.3746
Epoch: 0179 loss_train: 2.1218 loss_val: 2.3313
Epoch: 0180 loss_train: 2.1224 loss_val: 2.3103
Epoch: 0181 loss_train: 2.1372 loss_val: 2.3209
Epoch: 0182 loss_train: 2.1372 loss_val: 2.2606
Epoch: 0183 loss_train: 2.1129 loss_val: 2.3320
Epoch: 0184 loss_train: 2.1374 loss_val: 2.3427
Epoch: 0185 loss_train: 2.1368 loss_val: 2.3397
Epoch: 0186 loss_train: 2.1328 loss_val: 2.3361
Epoch: 0187 loss_train: 2.1172 loss_val: 2.3129
Epoch: 0188 loss_train: 2.1092 loss_val: 2.3235
Epoch: 0189 loss_train: 2.1278 loss_val: 2.2976
Epoch: 0190 loss_train: 2.1268 loss_val: 2.3259
Epoch: 0191 loss_train: 2.1077 loss_val: 2.3404
Epoch: 0192 loss_train: 2.1206 loss_val: 2.3746
Epoch: 0193 loss_train: 2.1320 loss_val: 2.3300
Epoch: 0194 loss_train: 2.1299 loss_val: 2.3340
Epoch: 0195 loss_train: 2.1069 loss_val: 2.3503
Epoch: 0196 loss_train: 2.1050 loss_val: 2.3714
Epoch: 0197 loss_train: 2.1284 loss_val: 2.3915
Epoch: 0198 loss_train: 2.1266 loss_val: 2.3293
Epoch: 0199 loss_train: 2.1277 loss_val: 2.3793
Epoch: 0200 loss_train: 2.1151 loss_val: 2.4082
Epoch: 0201 loss_train: 2.1181 loss_val: 2.3913
Epoch: 0202 loss_train: 2.1211 loss_val: 2.3486
Epoch: 0203 loss_train: 2.1327 loss_val: 2.4025
Epoch: 0204 loss_train: 2.1416 loss_val: 2.3653
Epoch: 0205 loss_train: 2.1320 loss_val: 2.3538
Epoch: 0206 loss_train: 2.1204 loss_val: 2.3760
Epoch: 0207 loss_train: 2.1325 loss_val: 2.3403
Epoch: 0208 loss_train: 2.1426 loss_val: 2.3803
Epoch: 0209 loss_train: 2.1308 loss_val: 2.3565
Epoch: 0210 loss_train: 2.1276 loss_val: 2.3400
Epoch: 0211 loss_train: 2.1329 loss_val: 2.3986
Epoch: 0212 loss_train: 2.1081 loss_val: 2.3499
Epoch: 0213 loss_train: 2.1240 loss_val: 2.3403
Epoch: 0214 loss_train: 2.1361 loss_val: 2.3810
Epoch: 0215 loss_train: 2.1385 loss_val: 2.3606
Epoch: 0216 loss_train: 2.1317 loss_val: 2.3841
Epoch: 0217 loss_train: 2.1359 loss_val: 2.3804
Epoch: 0218 loss_train: 2.1365 loss_val: 2.3786
Epoch: 0219 loss_train: 2.1301 loss_val: 2.3393
Epoch: 0220 loss_train: 2.1210 loss_val: 2.3596
Epoch: 0221 loss_train: 2.1260 loss_val: 2.3578
Epoch: 0222 loss_train: 2.1276 loss_val: 2.3630
Epoch: 0223 loss_train: 2.1323 loss_val: 2.3436
Epoch: 0224 loss_train: 2.1155 loss_val: 2.3946
Epoch: 0225 loss_train: 2.1198 loss_val: 2.3779
Epoch: 0226 loss_train: 2.1183 loss_val: 2.3716
Epoch: 0227 loss_train: 2.1160 loss_val: 2.3769
Epoch: 0228 loss_train: 2.1295 loss_val: 2.3774
Epoch: 0229 loss_train: 2.1129 loss_val: 2.3791
Epoch: 0230 loss_train: 2.1287 loss_val: 2.3674
Epoch: 0231 loss_train: 2.1260 loss_val: 2.3649
Epoch: 0232 loss_train: 2.1347 loss_val: 2.3861
Epoch: 0233 loss_train: 2.1053 loss_val: 2.3693
Epoch: 0234 loss_train: 2.1128 loss_val: 2.4030
Epoch: 0235 loss_train: 2.1244 loss_val: 2.3645
Epoch: 0236 loss_train: 2.1129 loss_val: 2.3791
Epoch: 0237 loss_train: 2.1034 loss_val: 2.3920
Epoch: 0238 loss_train: 2.1195 loss_val: 2.3208
Epoch: 0239 loss_train: 2.1181 loss_val: 2.4222
Epoch: 0240 loss_train: 2.1182 loss_val: 2.3934
Epoch: 0241 loss_train: 2.1317 loss_val: 2.3471
Epoch: 0242 loss_train: 2.1085 loss_val: 2.3544
Epoch: 0243 loss_train: 2.0987 loss_val: 2.3158
Epoch: 0244 loss_train: 2.1154 loss_val: 2.3802
Epoch: 0245 loss_train: 2.1115 loss_val: 2.3483
Epoch: 0246 loss_train: 2.1225 loss_val: 2.3637
Epoch: 0247 loss_train: 2.1492 loss_val: 2.3587
Epoch: 0248 loss_train: 2.1143 loss_val: 2.3268
Epoch: 0249 loss_train: 2.1053 loss_val: 2.3885
Epoch: 0250 loss_train: 2.1346 loss_val: 2.3852
Epoch: 0251 loss_train: 2.1373 loss_val: 2.3846
Epoch: 0252 loss_train: 2.1396 loss_val: 2.3566
Epoch: 0253 loss_train: 2.1408 loss_val: 2.3253
Epoch: 0254 loss_train: 2.1371 loss_val: 2.3622
Epoch: 0255 loss_train: 2.1200 loss_val: 2.3854
Epoch: 0256 loss_train: 2.1321 loss_val: 2.4056
Epoch: 0257 loss_train: 2.1258 loss_val: 2.3196
Epoch: 0258 loss_train: 2.1193 loss_val: 2.3271
Epoch: 0259 loss_train: 2.1233 loss_val: 2.3485
Epoch: 0260 loss_train: 2.1290 loss_val: 2.3051
Epoch: 0261 loss_train: 2.1153 loss_val: 2.3141
Epoch: 0262 loss_train: 2.1178 loss_val: 2.3398
Epoch: 0263 loss_train: 2.1055 loss_val: 2.3265
Epoch: 0264 loss_train: 2.1190 loss_val: 2.3272
Epoch: 0265 loss_train: 2.1308 loss_val: 2.2953
Epoch: 0266 loss_train: 2.1095 loss_val: 2.3298
Epoch: 0267 loss_train: 2.1315 loss_val: 2.3011
Epoch: 0268 loss_train: 2.1258 loss_val: 2.2711
Epoch: 0269 loss_train: 2.1104 loss_val: 2.2195
Epoch: 0270 loss_train: 2.1362 loss_val: 2.2695
Epoch: 0271 loss_train: 2.1128 loss_val: 2.2314
Epoch: 0272 loss_train: 2.1201 loss_val: 2.2579
Epoch: 0273 loss_train: 2.1337 loss_val: 2.3039
Epoch: 0274 loss_train: 2.1003 loss_val: 2.2485
Epoch: 0275 loss_train: 2.1200 loss_val: 2.2819
Epoch: 0276 loss_train: 2.1174 loss_val: 2.2631
Epoch: 0277 loss_train: 2.1322 loss_val: 2.3468
Epoch: 0278 loss_train: 2.1361 loss_val: 2.2548
Epoch: 0279 loss_train: 2.1403 loss_val: 2.4355
Epoch: 0280 loss_train: 2.1302 loss_val: 2.2997
Epoch: 0281 loss_train: 2.1206 loss_val: 2.3327
Epoch: 0282 loss_train: 2.1431 loss_val: 2.3012
Epoch: 0283 loss_train: 2.1197 loss_val: 2.3129
Epoch: 0284 loss_train: 2.1144 loss_val: 2.4112
Epoch: 0285 loss_train: 2.1217 loss_val: 2.2725
Epoch: 0286 loss_train: 2.1233 loss_val: 2.3462
Epoch: 0287 loss_train: 2.1434 loss_val: 2.3577
Epoch: 0288 loss_train: 2.1275 loss_val: 2.3431
Epoch: 0289 loss_train: 2.1184 loss_val: 2.3776
Epoch: 0290 loss_train: 2.1509 loss_val: 2.3900
Epoch: 0291 loss_train: 2.1197 loss_val: 2.3426
Epoch: 0292 loss_train: 2.1257 loss_val: 2.3150
Epoch: 0293 loss_train: 2.1161 loss_val: 2.3130
Epoch: 0294 loss_train: 2.1286 loss_val: 2.2987
Epoch: 0295 loss_train: 2.1354 loss_val: 2.3377
Epoch: 0296 loss_train: 2.1136 loss_val: 2.3336
Epoch: 0297 loss_train: 2.1039 loss_val: 2.4049
Epoch: 0298 loss_train: 2.1170 loss_val: 2.3903
Epoch: 0299 loss_train: 2.1081 loss_val: 2.3732
Epoch: 0300 loss_train: 2.1260 loss_val: 2.3803
Epoch: 0301 loss_train: 2.1293 loss_val: 2.3943
Epoch: 0302 loss_train: 2.1410 loss_val: 2.4065
Epoch: 0303 loss_train: 2.1218 loss_val: 2.4093
Epoch: 0304 loss_train: 2.1260 loss_val: 2.3922
Epoch: 0305 loss_train: 2.1169 loss_val: 2.3514
Epoch: 0306 loss_train: 2.1233 loss_val: 2.4400
Epoch: 0307 loss_train: 2.1245 loss_val: 2.4068
Epoch: 0308 loss_train: 2.1137 loss_val: 2.3733
Epoch: 0309 loss_train: 2.1154 loss_val: 2.4507
Epoch: 0310 loss_train: 2.1115 loss_val: 2.4359
Epoch: 0311 loss_train: 2.1163 loss_val: 2.4524
Epoch: 0312 loss_train: 2.1190 loss_val: 2.4273
Epoch: 0313 loss_train: 2.1375 loss_val: 2.4750
Epoch: 0314 loss_train: 2.1366 loss_val: 2.4350
Epoch: 0315 loss_train: 2.1338 loss_val: 2.4832
Epoch: 0316 loss_train: 2.1499 loss_val: 2.4516
Epoch: 0317 loss_train: 2.1508 loss_val: 2.4530
Epoch: 0318 loss_train: 2.1329 loss_val: 2.4471
Epoch: 0319 loss_train: 2.1309 loss_val: 2.4589
Epoch: 0320 loss_train: 2.1329 loss_val: 2.4178
Epoch: 0321 loss_train: 2.1145 loss_val: 2.4588
Epoch: 0322 loss_train: 2.1097 loss_val: 2.4338
Epoch: 0323 loss_train: 2.1115 loss_val: 2.3983
Epoch: 0324 loss_train: 2.1148 loss_val: 2.4074
Epoch: 0325 loss_train: 2.1381 loss_val: 2.4449
Epoch: 0326 loss_train: 2.1118 loss_val: 2.4257
Epoch: 0327 loss_train: 2.1278 loss_val: 2.4310
Epoch: 0328 loss_train: 2.1309 loss_val: 2.3939
Epoch: 0329 loss_train: 2.1322 loss_val: 2.4296
Epoch: 0330 loss_train: 2.1186 loss_val: 2.4202
Epoch: 0331 loss_train: 2.1258 loss_val: 2.4222
Epoch: 0332 loss_train: 2.1287 loss_val: 2.3684
Epoch: 0333 loss_train: 2.1227 loss_val: 2.4303
Epoch: 0334 loss_train: 2.1240 loss_val: 2.3790
Epoch: 0335 loss_train: 2.1398 loss_val: 2.3612
Epoch: 0336 loss_train: 2.1232 loss_val: 2.4026
Epoch: 0337 loss_train: 2.1268 loss_val: 2.3472
Epoch: 0338 loss_train: 2.1080 loss_val: 2.3978
Epoch: 0339 loss_train: 2.1181 loss_val: 2.3404
Epoch: 0340 loss_train: 2.1110 loss_val: 2.3853
Epoch: 0341 loss_train: 2.1112 loss_val: 2.3841
Epoch: 0342 loss_train: 2.1231 loss_val: 2.4097
Epoch: 0343 loss_train: 2.1328 loss_val: 2.3719
Epoch: 0344 loss_train: 2.1358 loss_val: 2.4289
Epoch: 0345 loss_train: 2.1424 loss_val: 2.3928
Epoch: 0346 loss_train: 2.1359 loss_val: 2.4016
Epoch: 0347 loss_train: 2.1235 loss_val: 2.4159
Epoch: 0348 loss_train: 2.1401 loss_val: 2.3926
Epoch: 0349 loss_train: 2.1113 loss_val: 2.4080
Epoch: 0350 loss_train: 2.1167 loss_val: 2.3954
Epoch: 0351 loss_train: 2.1316 loss_val: 2.3843
Epoch: 0352 loss_train: 2.1244 loss_val: 2.3930
Epoch: 0353 loss_train: 2.1283 loss_val: 2.4015
Epoch: 0354 loss_train: 2.1258 loss_val: 2.4019
Epoch: 0355 loss_train: 2.1187 loss_val: 2.3444
Epoch: 0356 loss_train: 2.1004 loss_val: 2.3617
Epoch: 0357 loss_train: 2.1298 loss_val: 2.3613
Epoch: 0358 loss_train: 2.1074 loss_val: 2.4477
Epoch: 0359 loss_train: 2.1174 loss_val: 2.4211
Epoch: 0360 loss_train: 2.1468 loss_val: 2.3744
Epoch: 0361 loss_train: 2.1317 loss_val: 2.3886
Epoch: 0362 loss_train: 2.1302 loss_val: 2.4232
Epoch: 0363 loss_train: 2.1323 loss_val: 2.3941
Epoch: 0364 loss_train: 2.0998 loss_val: 2.4192
Epoch: 0365 Run Train: 100%|██████████| 3/3 [1:46:23<00:00, 2134.08s/it]Run Train: 100%|██████████| 3/3 [1:46:23<00:00, 2127.87s/it]
loss_train: 2.1311 loss_val: 2.4010
Epoch: 0366 loss_train: 2.1215 loss_val: 2.3753
Epoch: 0367 loss_train: 2.1250 loss_val: 2.3408
Epoch: 0368 loss_train: 2.1328 loss_val: 2.3245
Epoch: 0369 loss_train: 2.1244 loss_val: 2.3912
Epoch: 0370 loss_train: 2.1205 loss_val: 2.3718
Epoch: 0371 loss_train: 2.1198 loss_val: 2.3711
Epoch: 0372 loss_train: 2.1259 loss_val: 2.4209
Epoch: 0373 loss_train: 2.1308 loss_val: 2.3487
Epoch: 0374 loss_train: 2.1164 loss_val: 2.3021
Epoch: 0375 loss_train: 2.0972 loss_val: 2.4133
Epoch: 0376 loss_train: 2.1287 loss_val: 2.3376
Epoch: 0377 loss_train: 2.1219 loss_val: 2.3672
Epoch: 0378 loss_train: 2.1183 loss_val: 2.4348
Epoch: 0379 loss_train: 2.1331 loss_val: 2.3765
Epoch: 0380 loss_train: 2.1342 loss_val: 2.3745
Epoch: 0381 loss_train: 2.1343 loss_val: 2.3016
Epoch: 0382 loss_train: 2.1202 loss_val: 2.3660
Epoch: 0383 loss_train: 2.1181 loss_val: 2.3842
Epoch: 0384 loss_train: 2.1210 loss_val: 2.2862
Epoch: 0385 loss_train: 2.1186 loss_val: 2.2931
Epoch: 0386 loss_train: 2.1002 loss_val: 2.3986
Epoch: 0387 loss_train: 2.1157 loss_val: 2.3850
Epoch: 0388 loss_train: 2.1056 loss_val: 2.4046
Epoch: 0389 loss_train: 2.1277 loss_val: 2.3779
Epoch: 0390 loss_train: 2.1172 loss_val: 2.3987
Epoch: 0391 loss_train: 2.1155 loss_val: 2.4579
Epoch: 0392 loss_train: 2.1314 loss_val: 2.4527
Epoch: 0393 loss_train: 2.1235 loss_val: 2.3988
Epoch: 0394 loss_train: 2.1102 loss_val: 2.3810
Epoch: 0395 loss_train: 2.1188 loss_val: 2.3762
Epoch: 0396 loss_train: 2.1234 loss_val: 2.3126
Epoch: 0397 loss_train: 2.1192 loss_val: 2.3919
Epoch: 0398 loss_train: 2.1305 loss_val: 2.3584
Epoch: 0399 loss_train: 2.1199 loss_val: 2.3997
Epoch: 0400 loss_train: 2.1191 loss_val: 2.3743
Epoch: 0401 loss_train: 2.1100 loss_val: 2.3048
Epoch: 0402 loss_train: 2.1224 loss_val: 2.4245
Epoch: 0403 loss_train: 2.1193 loss_val: 2.3629
Epoch: 0404 loss_train: 2.1322 loss_val: 2.3561
Epoch: 0405 loss_train: 2.1368 loss_val: 2.4061
Epoch: 0406 loss_train: 2.1177 loss_val: 2.3590
Epoch: 0407 loss_train: 2.1461 loss_val: 2.3519
Epoch: 0408 loss_train: 2.1221 loss_val: 2.3600
Epoch: 0409 loss_train: 2.1185 loss_val: 2.3596
Epoch: 0410 loss_train: 2.0996 loss_val: 2.3499
Epoch: 0411 loss_train: 2.1181 loss_val: 2.3463
Epoch: 0412 loss_train: 2.1151 loss_val: 2.3324
Epoch: 0413 loss_train: 2.1292 loss_val: 2.3096
Epoch: 0414 loss_train: 2.1235 loss_val: 2.3772
Epoch: 0415 loss_train: 2.1384 loss_val: 2.3367
Epoch: 0416 loss_train: 2.1180 loss_val: 2.3973
Epoch: 0417 loss_train: 2.1415 loss_val: 2.3957
Epoch: 0418 loss_train: 2.1461 loss_val: 2.3588
Epoch: 0419 loss_train: 2.1247 loss_val: 2.3313
Epoch: 0420 loss_train: 2.1293 loss_val: 2.2724
Epoch: 0421 loss_train: 2.1208 loss_val: 2.3226
Epoch: 0422 loss_train: 2.1215 loss_val: 2.3898
Epoch: 0423 loss_train: 2.1109 loss_val: 2.3967
Epoch: 0424 loss_train: 2.1182 loss_val: 2.3525
Epoch: 0425 loss_train: 2.1337 loss_val: 2.3173
Epoch: 0426 loss_train: 2.1317 loss_val: 2.3020
Epoch: 0427 loss_train: 2.1398 loss_val: 2.3111
Epoch: 0428 loss_train: 2.1239 loss_val: 2.2829
Epoch: 0429 loss_train: 2.1234 loss_val: 2.3458
Epoch: 0430 loss_train: 2.1424 loss_val: 2.2869
Epoch: 0431 loss_train: 2.1144 loss_val: 2.3054
Epoch: 0432 loss_train: 2.1264 loss_val: 2.2890
Epoch: 0433 loss_train: 2.1408 loss_val: 2.3471
Epoch: 0434 loss_train: 2.1166 loss_val: 2.3036
Epoch: 0435 loss_train: 2.1029 loss_val: 2.3307
Epoch: 0436 loss_train: 2.1037 loss_val: 2.3232
Epoch: 0437 loss_train: 2.1235 loss_val: 2.3356
Epoch: 0438 loss_train: 2.1289 loss_val: 2.2895
Epoch: 0439 loss_train: 2.1322 loss_val: 2.2900
Epoch: 0440 loss_train: 2.1248 loss_val: 2.3330
Epoch: 0441 loss_train: 2.1255 loss_val: 2.3295
Epoch: 0442 loss_train: 2.1329 loss_val: 2.2473
Epoch: 0443 loss_train: 2.1123 loss_val: 2.2833
Epoch: 0444 loss_train: 2.1132 loss_val: 2.2125
Epoch: 0445 loss_train: 2.1266 loss_val: 2.2644
Epoch: 0446 loss_train: 2.1328 loss_val: 2.2837
Epoch: 0447 loss_train: 2.1228 loss_val: 2.2800
Epoch: 0448 loss_train: 2.1321 loss_val: 2.3186
Epoch: 0449 loss_train: 2.1084 loss_val: 2.3249
Epoch: 0450 loss_train: 2.1231 loss_val: 2.3146
Epoch: 0451 loss_train: 2.1080 loss_val: 2.3932
Epoch: 0452 loss_train: 2.1147 loss_val: 2.4132
Epoch: 0453 loss_train: 2.1288 loss_val: 2.3346
Epoch: 0454 loss_train: 2.1231 loss_val: 2.4046
Epoch: 0455 loss_train: 2.1304 loss_val: 2.3304
Epoch: 0456 loss_train: 2.1100 loss_val: 2.3273
Epoch: 0457 loss_train: 2.1322 loss_val: 2.3515
Epoch: 0458 loss_train: 2.1043 loss_val: 2.3983
Epoch: 0459 loss_train: 2.1362 loss_val: 2.3743
Epoch: 0460 loss_train: 2.1277 loss_val: 2.3889
Epoch: 0461 loss_train: 2.1273 loss_val: 2.4270
Epoch: 0462 loss_train: 2.1197 loss_val: 2.4234
Epoch: 0463 loss_train: 2.1040 loss_val: 2.4181
Epoch: 0464 loss_train: 2.1285 loss_val: 2.3630
Epoch: 0465 loss_train: 2.1420 loss_val: 2.4112
Epoch: 0466 loss_train: 2.1200 loss_val: 2.4047
Epoch: 0467 loss_train: 2.1482 loss_val: 2.3987
Epoch: 0468 loss_train: 2.1076 loss_val: 2.4451
Epoch: 0469 loss_train: 2.1158 loss_val: 2.3601
Epoch: 0470 loss_train: 2.1222 loss_val: 2.4033
Epoch: 0471 loss_train: 2.1140 loss_val: 2.4644
Epoch: 0472 loss_train: 2.1280 loss_val: 2.4133
Epoch: 0473 loss_train: 2.1198 loss_val: 2.4748
Epoch: 0474 loss_train: 2.1038 loss_val: 2.4102
Epoch: 0475 loss_train: 2.1450 loss_val: 2.4321
Epoch: 0476 loss_train: 2.1326 loss_val: 2.4458
Epoch: 0477 loss_train: 2.1159 loss_val: 2.4914
Epoch: 0478 loss_train: 2.1422 loss_val: 2.4421
Epoch: 0479 loss_train: 2.1292 loss_val: 2.4694
Epoch: 0480 loss_train: 2.1144 loss_val: 2.4612
Epoch: 0481 loss_train: 2.1114 loss_val: 2.4165
Epoch: 0482 loss_train: 2.1229 loss_val: 2.4764
Epoch: 0483 loss_train: 2.1346 loss_val: 2.3756
Epoch: 0484 loss_train: 2.1066 loss_val: 2.3964
Epoch: 0485 loss_train: 2.1207 loss_val: 2.4022
Epoch: 0486 loss_train: 2.1217 loss_val: 2.3244
Epoch: 0487 loss_train: 2.1229 loss_val: 2.3940
Epoch: 0488 loss_train: 2.1280 loss_val: 2.3315
Epoch: 0489 loss_train: 2.1175 loss_val: 2.3611
Epoch: 0490 loss_train: 2.1122 loss_val: 2.4471
Epoch: 0491 loss_train: 2.1068 loss_val: 2.3326
Epoch: 0492 loss_train: 2.1269 loss_val: 2.4862
Epoch: 0493 loss_train: 2.1128 loss_val: 2.3419
Epoch: 0494 loss_train: 2.1276 loss_val: 2.3491
Epoch: 0495 loss_train: 2.1243 loss_val: 2.4322
Epoch: 0496 loss_train: 2.1042 loss_val: 2.3620
Epoch: 0497 loss_train: 2.1013 loss_val: 2.3642
Epoch: 0498 loss_train: 2.1203 loss_val: 2.3930
Epoch: 0499 loss_train: 2.1201 loss_val: 2.3758
Epoch: 0500 loss_train: 2.1193 loss_val: 2.3283
0.1313131313131313 0.028569970957032224 0.13740458015267176 0.06010693033596803
