args
 Namespace(samples=4, concat=10, runs=1, latent_size=20, dataset='cocitationciteseer', seed=42, epochs=1500, lr=0.001, weight_decay=0.0005, hidden=128, dropout=0.5, batch_size=64, tem=0.5, lam=1.0, pretrain_epochs=6, pretrain_lr=0.01, conditional=True, update_epochs=10, num_models=100, warmup=200, cuda=False)
This is cocitation_citeseer dataset:
  ->  num_classes
  ->  num_vertices
  ->  num_edges
  ->  dim_features
  ->  features
  ->  edge_list
  ->  labels
  ->  train_mask
  ->  val_mask
  ->  test_mask
Please try `data['name']` to get the specified data.
Run Train:   0%|          | 0/1 [00:00<?, ?it/s]/users/Min/miniconda/envs/hy/lib/python3.9/site-packages/torch/nn/functional.py:1967: UserWarning: nn.functional.sigmoid is deprecated. Use torch.sigmoid instead.
  warnings.warn("nn.functional.sigmoid is deprecated. Use torch.sigmoid instead.")
Run:01 Epoch: 0001 loss_train: 1.8164 loss_val: 1.7744
Run:01 Epoch: 0002 loss_train: 1.7832 loss_val: 1.7648
Run:01 Epoch: 0003 loss_train: 1.7780 loss_val: 1.7696
Run:01 Epoch: 0004 loss_train: 1.7779 loss_val: 1.7737
Run:01 Epoch: 0005 loss_train: 1.7779 loss_val: 1.7742
Run:01 Epoch: 0006 loss_train: 1.7751 loss_val: 1.7709
Run:01 Epoch: 0007 loss_train: 1.7691 loss_val: 1.7659
Run:01 Epoch: 0008 loss_train: 1.7625 loss_val: 1.7607
Run:01 Epoch: 0009 loss_train: 1.7553 loss_val: 1.7558
Run:01 Epoch: 0010 loss_train: 1.7527 loss_val: 1.7512
Run:01 Epoch: 0011 loss_train: 1.7502 loss_val: 1.7476
Run:01 Epoch: 0012 loss_train: 1.7481 loss_val: 1.7447
Run:01 Epoch: 0013 loss_train: 1.7473 loss_val: 1.7426
Run:01 Epoch: 0014 loss_train: 1.7467 loss_val: 1.7419
Run:01 Epoch: 0015 loss_train: 1.7450 loss_val: 1.7421
Run:01 Epoch: 0016 loss_train: 1.7454 loss_val: 1.7421
Run:01 Epoch: 0017 loss_train: 1.7437 loss_val: 1.7410
Run:01 Epoch: 0018 loss_train: 1.7414 loss_val: 1.7381
Run:01 Epoch: 0019 loss_train: 1.7377 loss_val: 1.7335
Run:01 Epoch: 0020 loss_train: 1.7346 loss_val: 1.7279
Run:01 Epoch: 0021 loss_train: 1.7303 loss_val: 1.7225
Run:01 Epoch: 0022 loss_train: 1.7267 loss_val: 1.7182
Run:01 Epoch: 0023 loss_train: 1.7229 loss_val: 1.7147
Run:01 Epoch: 0024 loss_train: 1.7218 loss_val: 1.7124
Run:01 Epoch: 0025 loss_train: 1.7192 loss_val: 1.7107
Run:01 Epoch: 0026 loss_train: 1.7166 loss_val: 1.7091
Run:01 Epoch: 0027 loss_train: 1.7118 loss_val: 1.7076
Run:01 Epoch: 0028 loss_train: 1.7085 loss_val: 1.7057
Run:01 Epoch: 0029 loss_train: 1.7048 loss_val: 1.7030
Run:01 Epoch: 0030 loss_train: 1.7009 loss_val: 1.6995
Run:01 Epoch: 0031 loss_train: 1.6968 loss_val: 1.6955
Run:01 Epoch: 0032 loss_train: 1.6921 loss_val: 1.6910
Run:01 Epoch: 0033 loss_train: 1.6872 loss_val: 1.6865
Run:01 Epoch: 0034 loss_train: 1.6841 loss_val: 1.6826
Run:01 Epoch: 0035 loss_train: 1.6799 loss_val: 1.6785
Run:01 Epoch: 0036 loss_train: 1.6759 loss_val: 1.6745
Run:01 Epoch: 0037 loss_train: 1.6707 loss_val: 1.6709
Run:01 Epoch: 0038 loss_train: 1.6655 loss_val: 1.6672
Run:01 Epoch: 0039 loss_train: 1.6613 loss_val: 1.6631
Run:01 Epoch: 0040 loss_train: 1.6547 loss_val: 1.6590
Run:01 Epoch: 0041 loss_train: 1.6516 loss_val: 1.6546
Run:01 Epoch: 0042 loss_train: 1.6447 loss_val: 1.6503
Run:01 Epoch: 0043 loss_train: 1.6400 loss_val: 1.6461
Run:01 Epoch: 0044 loss_train: 1.6351 loss_val: 1.6422
Run:01 Epoch: 0045 loss_train: 1.6308 loss_val: 1.6381
Run:01 Epoch: 0046 loss_train: 1.6264 loss_val: 1.6342
Run:01 Epoch: 0047 loss_train: 1.6192 loss_val: 1.6302
Run:01 Epoch: 0048 loss_train: 1.6149 loss_val: 1.6256
Run:01 Epoch: 0049 loss_train: 1.6079 loss_val: 1.6203
Run:01 Epoch: 0050 loss_train: 1.6026 loss_val: 1.6156
Run:01 Epoch: 0051 loss_train: 1.5981 loss_val: 1.6111
Run:01 Epoch: 0052 loss_train: 1.5925 loss_val: 1.6075
Run:01 Epoch: 0053 loss_train: 1.5874 loss_val: 1.6040
Run:01 Epoch: 0054 loss_train: 1.5821 loss_val: 1.6010
Run:01 Epoch: 0055 loss_train: 1.5779 loss_val: 1.5965
Run:01 Epoch: 0056 loss_train: 1.5735 loss_val: 1.5927
Run:01 Epoch: 0057 loss_train: 1.5658 loss_val: 1.5894
Run:01 Epoch: 0058 loss_train: 1.5622 loss_val: 1.5859
Run:01 Epoch: 0059 loss_train: 1.5572 loss_val: 1.5818
Run:01 Epoch: 0060 loss_train: 1.5535 loss_val: 1.5788
Run:01 Epoch: 0061 loss_train: 1.5474 loss_val: 1.5758
Run:01 Epoch: 0062 loss_train: 1.5423 loss_val: 1.5733
Run:01 Epoch: 0063 loss_train: 1.5366 loss_val: 1.5656
Run:01 Epoch: 0064 loss_train: 1.5331 loss_val: 1.5612
Run:01 Epoch: 0065 loss_train: 1.5252 loss_val: 1.5577
Run:01 Epoch: 0066 loss_train: 1.5194 loss_val: 1.5556
Run:01 Epoch: 0067 loss_train: 1.5168 loss_val: 1.5544
Run:01 Epoch: 0068 loss_train: 1.5108 loss_val: 1.5524
Run:01 Epoch: 0069 loss_train: 1.5069 loss_val: 1.5474
Run:01 Epoch: 0070 loss_train: 1.5018 loss_val: 1.5413
Run:01 Epoch: 0071 loss_train: 1.5002 loss_val: 1.5382
Run:01 Epoch: 0072 loss_train: 1.4925 loss_val: 1.5387
Run:01 Epoch: 0073 loss_train: 1.4901 loss_val: 1.5355
Run:01 Epoch: 0074 loss_train: 1.4835 loss_val: 1.5295
Run:01 Epoch: 0075 loss_train: 1.4811 loss_val: 1.5247
Run:01 Epoch: 0076 loss_train: 1.4780 loss_val: 1.5228
Run:01 Epoch: 0077 loss_train: 1.4699 loss_val: 1.5228
Run:01 Epoch: 0078 loss_train: 1.4652 loss_val: 1.5243
Run:01 Epoch: 0079 loss_train: 1.4608 loss_val: 1.5184
Run:01 Epoch: 0080 loss_train: 1.4565 loss_val: 1.5106
Run:01 Epoch: 0081 loss_train: 1.4516 loss_val: 1.5053
Run:01 Epoch: 0082 loss_train: 1.4519 loss_val: 1.5027
Run:01 Epoch: 0083 loss_train: 1.4446 loss_val: 1.5051
Run:01 Epoch: 0084 loss_train: 1.4407 loss_val: 1.5062
Run:01 Epoch: 0085 loss_train: 1.4353 loss_val: 1.5012
Run:01 Epoch: 0086 loss_train: 1.4309 loss_val: 1.4948
Run:01 Epoch: 0087 loss_train: 1.4299 loss_val: 1.4882
Run:01 Epoch: 0088 loss_train: 1.4261 loss_val: 1.4846
Run:01 Epoch: 0089 loss_train: 1.4190 loss_val: 1.4844
Run:01 Epoch: 0090 loss_train: 1.4179 loss_val: 1.4854
Run:01 Epoch: 0091 loss_train: 1.4112 loss_val: 1.4848
Run:01 Epoch: 0092 loss_train: 1.4075 loss_val: 1.4806
Run:01 Epoch: 0093 loss_train: 1.3996 loss_val: 1.4726
Run:01 Epoch: 0094 loss_train: 1.4019 loss_val: 1.4666
Run:01 Epoch: 0095 loss_train: 1.3983 loss_val: 1.4627
Run:01 Epoch: 0096 loss_train: 1.3933 loss_val: 1.4647
Run:01 Epoch: 0097 loss_train: 1.3911 loss_val: 1.4663
Run:01 Epoch: 0098 loss_train: 1.3874 loss_val: 1.4608
Run:01 Epoch: 0099 loss_train: 1.3817 loss_val: 1.4555
Run:01 Epoch: 0100 loss_train: 1.3827 loss_val: 1.4524
Run:01 Epoch: 0101 loss_train: 1.3762 loss_val: 1.4483
Run:01 Epoch: 0102 loss_train: 1.3724 loss_val: 1.4460
Run:01 Epoch: 0103 loss_train: 1.3683 loss_val: 1.4516
Run:01 Epoch: 0104 loss_train: 1.3660 loss_val: 1.4507
Run:01 Epoch: 0105 loss_train: 1.3624 loss_val: 1.4403
Run:01 Epoch: 0106 loss_train: 1.3566 loss_val: 1.4376
Run:01 Epoch: 0107 loss_train: 1.3594 loss_val: 1.4364
Run:01 Epoch: 0108 loss_train: 1.3551 loss_val: 1.4345
Run:01 Epoch: 0109 loss_train: 1.3492 loss_val: 1.4376
Run:01 Epoch: 0110 loss_train: 1.3431 loss_val: 1.4443
Run:01 Epoch: 0111 loss_train: 1.3478 loss_val: 1.4353
Run:01 Epoch: 0112 loss_train: 1.3407 loss_val: 1.4262
Run:01 Epoch: 0113 loss_train: 1.3324 loss_val: 1.4216
Run:01 Epoch: 0114 loss_train: 1.3347 loss_val: 1.4205
Run:01 Epoch: 0115 loss_train: 1.3319 loss_val: 1.4207
Run:01 Epoch: 0116 loss_train: 1.3300 loss_val: 1.4210
Run:01 Epoch: 0117 loss_train: 1.3236 loss_val: 1.4215
Run:01 Epoch: 0118 loss_train: 1.3218 loss_val: 1.4132
Run:01 Epoch: 0119 loss_train: 1.3148 loss_val: 1.4066
Run:01 Epoch: 0120 loss_train: 1.3165 loss_val: 1.4051
Run:01 Epoch: 0121 loss_train: 1.3156 loss_val: 1.4057
Run:01 Epoch: 0122 loss_train: 1.3116 loss_val: 1.4049
Run:01 Epoch: 0123 loss_train: 1.3052 loss_val: 1.4066
Run:01 Epoch: 0124 loss_train: 1.3037 loss_val: 1.4059
Run:01 Epoch: 0125 loss_train: 1.3034 loss_val: 1.4059
Run:01 Epoch: 0126 loss_train: 1.3001 loss_val: 1.4008
Run:01 Epoch: 0127 loss_train: 1.2978 loss_val: 1.3952
Run:01 Epoch: 0128 loss_train: 1.2945 loss_val: 1.3913
Run:01 Epoch: 0129 loss_train: 1.2918 loss_val: 1.3892
Run:01 Epoch: 0130 loss_train: 1.2901 loss_val: 1.3875
Run:01 Epoch: 0131 loss_train: 1.2825 loss_val: 1.3882
Run:01 Epoch: 0132 loss_train: 1.2799 loss_val: 1.3870
Run:01 Epoch: 0133 loss_train: 1.2776 loss_val: 1.3835
Run:01 Epoch: 0134 loss_train: 1.2755 loss_val: 1.3793
Run:01 Epoch: 0135 loss_train: 1.2775 loss_val: 1.3768
Run:01 Epoch: 0136 loss_train: 1.2772 loss_val: 1.3768
Run:01 Epoch: 0137 loss_train: 1.2687 loss_val: 1.3762
Run:01 Epoch: 0138 loss_train: 1.2631 loss_val: 1.3749
Run:01 Epoch: 0139 loss_train: 1.2614 loss_val: 1.3743
Run:01 Epoch: 0140 loss_train: 1.2658 loss_val: 1.3716
Run:01 Epoch: 0141 loss_train: 1.2592 loss_val: 1.3679
Run:01 Epoch: 0142 loss_train: 1.2557 loss_val: 1.3698
Run:01 Epoch: 0143 loss_train: 1.2557 loss_val: 1.3688
Run:01 Epoch: 0144 loss_train: 1.2524 loss_val: 1.3642
Run:01 Epoch: 0145 loss_train: 1.2484 loss_val: 1.3577
Run:01 Epoch: 0146 loss_train: 1.2522 loss_val: 1.3555
Run:01 Epoch: 0147 loss_train: 1.2519 loss_val: 1.3566
Run:01 Epoch: 0148 loss_train: 1.2398 loss_val: 1.3586
Run:01 Epoch: 0149 loss_train: 1.2504 loss_val: 1.3562
Run:01 Epoch: 0150 loss_train: 1.2457 loss_val: 1.3603
Run:01 Epoch: 0151 loss_train: 1.2392 loss_val: 1.3602
Run:01 Epoch: 0152 loss_train: 1.2413 loss_val: 1.3602
Run:01 Epoch: 0153 loss_train: 1.2366 loss_val: 1.3641
Run:01 Epoch: 0154 loss_train: 1.2329 loss_val: 1.3626
Run:01 Epoch: 0155 loss_train: 1.2344 loss_val: 1.3458
Run:01 Epoch: 0156 loss_train: 1.2244 loss_val: 1.3416
Run:01 Epoch: 0157 loss_train: 1.2305 loss_val: 1.3429
Run:01 Epoch: 0158 loss_train: 1.2270 loss_val: 1.3456
Run:01 Epoch: 0159 loss_train: 1.2189 loss_val: 1.3519
Run:01 Epoch: 0160 loss_train: 1.2202 loss_val: 1.3614
Run:01 Epoch: 0161 loss_train: 1.2200 loss_val: 1.3550
Run:01 Epoch: 0162 loss_train: 1.2138 loss_val: 1.3426
Run:01 Epoch: 0163 loss_train: 1.2138 loss_val: 1.3349
Run:01 Epoch: 0164 loss_train: 1.2101 loss_val: 1.3331
Run:01 Epoch: 0165 loss_train: 1.2206 loss_val: 1.3342
Run:01 Epoch: 0166 loss_train: 1.2128 loss_val: 1.3395
Run:01 Epoch: 0167 loss_train: 1.2070 loss_val: 1.3458
Run:01 Epoch: 0168 loss_train: 1.2003 loss_val: 1.3483
Run:01 Epoch: 0169 loss_train: 1.2008 loss_val: 1.3443
Run:01 Epoch: 0170 loss_train: 1.2007 loss_val: 1.3384
Run:01 Epoch: 0171 loss_train: 1.2026 loss_val: 1.3319
Run:01 Epoch: 0172 loss_train: 1.1965 loss_val: 1.3292
Run:01 Epoch: 0173 loss_train: 1.1965 loss_val: 1.3288
Run:01 Epoch: 0174 loss_train: 1.1977 loss_val: 1.3230
Run:01 Epoch: 0175 loss_train: 1.1906 loss_val: 1.3254
Run:01 Epoch: 0176 loss_train: 1.1939 loss_val: 1.3275
Run:01 Epoch: 0177 loss_train: 1.1907 loss_val: 1.3274
Run:01 Epoch: 0178 loss_train: 1.1896 loss_val: 1.3281
Run:01 Epoch: 0179 loss_train: 1.1859 loss_val: 1.3314
Run:01 Epoch: 0180 loss_train: 1.1872 loss_val: 1.3239
Run:01 Epoch: 0181 loss_train: 1.1771 loss_val: 1.3184
Run:01 Epoch: 0182 loss_train: 1.1770 loss_val: 1.3163
Run:01 Epoch: 0183 loss_train: 1.1802 loss_val: 1.3164
Run:01 Epoch: 0184 loss_train: 1.1731 loss_val: 1.3181
Run:01 Epoch: 0185 loss_train: 1.1701 loss_val: 1.3211
Run:01 Epoch: 0186 loss_train: 1.1766 loss_val: 1.3098
Run:01 Epoch: 0187 loss_train: 1.1693 loss_val: 1.3058
Run:01 Epoch: 0188 loss_train: 1.1820 loss_val: 1.3050
Run:01 Epoch: 0189 loss_train: 1.1719 loss_val: 1.3073
Run:01 Epoch: 0190 loss_train: 1.1663 loss_val: 1.3124
Run:01 Epoch: 0191 loss_train: 1.1599 loss_val: 1.3196
Run:01 Epoch: 0192 loss_train: 1.1612 loss_val: 1.3252
Run:01 Epoch: 0193 loss_train: 1.1853 loss_val: 1.3313
Run:01 Epoch: 0194 loss_train: 1.1638 loss_val: 1.3327
Run:01 Epoch: 0195 loss_train: 1.1654 loss_val: 1.3296
Run:01 Epoch: 0196 loss_train: 1.1582 loss_val: 1.3238
Run:01 Epoch: 0197 loss_train: 1.1610 loss_val: 1.3191
Run:01 Epoch: 0198 loss_train: 1.1593 loss_val: 1.3146
Run:01 Epoch: 0199 loss_train: 1.1572 loss_val: 1.3106
Run:01 Epoch: 0200 loss_train: 1.1573 loss_val: 1.3051
Run:01 Epoch: 0201 loss_train: 1.1498 loss_val: 1.3040
Run:01 Epoch: 0202 loss_train: 1.1453 loss_val: 1.3038
Run:01 Epoch: 0203 loss_train: 1.1461 loss_val: 1.3029
Run:01 Epoch: 0204 loss_train: 1.1447 loss_val: 1.3009
Run:01 Epoch: 0205 loss_train: 1.1435 loss_val: 1.2983
Run:01 Epoch: 0206 loss_train: 1.1400 loss_val: 1.2976
Run:01 Epoch: 0207 loss_train: 1.1382 loss_val: 1.2956
Run:01 Epoch: 0208 loss_train: 1.1373 loss_val: 1.2935
Run:01 Epoch: 0209 loss_train: 1.1337 loss_val: 1.2923
Run:01 Epoch: 0210 loss_train: 1.1341 loss_val: 1.2922
Run:01 Epoch: 0211 loss_train: 1.1445 loss_val: 1.2935
Run:01 Epoch: 0212 loss_train: 1.1302 loss_val: 1.2973
Run:01 Epoch: 0213 loss_train: 1.1337 loss_val: 1.2987
Run:01 Epoch: 0214 loss_train: 1.1382 loss_val: 1.3015
Run:01 Epoch: 0215 loss_train: 1.1438 loss_val: 1.2968
Run:01 Epoch: 0216 loss_train: 1.1238 loss_val: 1.2968
Run:01 Epoch: 0217 loss_train: 1.1283 loss_val: 1.2880
Run:01 Epoch: 0218 loss_train: 1.1283 loss_val: 1.2784
Run:01 Epoch: 0219 loss_train: 1.1235 loss_val: 1.2742
Run:01 Epoch: 0220 loss_train: 1.1256 loss_val: 1.2758
Run:01 Epoch: 0221 loss_train: 1.1236 loss_val: 1.2810
Run:01 Epoch: 0222 loss_train: 1.1226 loss_val: 1.2894
Run:01 Epoch: 0223 loss_train: 1.1186 loss_val: 1.2993
Run:01 Epoch: 0224 loss_train: 1.1158 loss_val: 1.3070
Run:01 Epoch: 0225 loss_train: 1.1293 loss_val: 1.3084
Run:01 Epoch: 0226 loss_train: 1.1122 loss_val: 1.3047
Run:01 Epoch: 0227 loss_train: 1.1125 loss_val: 1.3002
Run:01 Epoch: 0228 loss_train: 1.1073 loss_val: 1.2981
Run:01 Epoch: 0229 loss_train: 1.1151 loss_val: 1.2970
Run:01 Epoch: 0230 loss_train: 1.1136 loss_val: 1.2970
Run:01 Epoch: 0231 loss_train: 1.1091 loss_val: 1.2974
Run:01 Epoch: 0232 loss_train: 1.1072 loss_val: 1.2973
Run:01 Epoch: 0233 loss_train: 1.1031 loss_val: 1.2896
Run:01 Epoch: 0234 loss_train: 1.1063 loss_val: 1.2841
Run:01 Epoch: 0235 loss_train: 1.1004 loss_val: 1.2793
Run:01 Epoch: 0236 loss_train: 1.1030 loss_val: 1.2745
Run:01 Epoch: 0237 loss_train: 1.1004 loss_val: 1.2721
Run:01 Epoch: 0238 loss_train: 1.0963 loss_val: 1.2716
Run:01 Epoch: 0239 loss_train: 1.0962 loss_val: 1.2710
Run:01 Epoch: 0240 loss_train: 1.0889 loss_val: 1.2715
Run:01 Epoch: 0241 loss_train: 1.0953 loss_val: 1.2757
Run:01 Epoch: 0242 loss_train: 1.0978 loss_val: 1.2751
Run:01 Epoch: 0243 loss_train: 1.0955 loss_val: 1.2816
Run:01 Epoch: 0244 loss_train: 1.1008 loss_val: 1.2874
Run:01 Epoch: 0245 loss_train: 1.0946 loss_val: 1.2914
Run:01 Epoch: 0246 loss_train: 1.0928 loss_val: 1.2976
Run:01 Epoch: 0247 loss_train: 1.0886 loss_val: 1.3037
Run:01 Epoch: 0248 loss_train: 1.0856 loss_val: 1.3078
Run:01 Epoch: 0249 loss_train: 1.0883 loss_val: 1.3025
Run:01 Epoch: 0250 loss_train: 1.0858 loss_val: 1.2903
Run:01 Epoch: 0251 loss_train: 1.0822 loss_val: 1.2752
Run:01 Epoch: 0252 loss_train: 1.0734 loss_val: 1.2643
Run:01 Epoch: 0253 loss_train: 1.0787 loss_val: 1.2590
Run:01 Epoch: 0254 loss_train: 1.0765 loss_val: 1.2562
Run:01 Epoch: 0255 loss_train: 1.0787 loss_val: 1.2566
Run:01 Epoch: 0256 loss_train: 1.0707 loss_val: 1.2597
Run:01 Epoch: 0257 loss_train: 1.0687 loss_val: 1.2659
Run:01 Epoch: 0258 loss_train: 1.0698 loss_val: 1.2697
Run:01 Epoch: 0259 loss_train: 1.0677 loss_val: 1.2716
Run:01 Epoch: 0260 loss_train: 1.0644 loss_val: 1.2700
Run:01 Epoch: 0261 loss_train: 1.0681 loss_val: 1.2696
Run:01 Epoch: 0262 loss_train: 1.0807 loss_val: 1.2668
Run:01 Epoch: 0263 loss_train: 1.0684 loss_val: 1.2690
Run:01 Epoch: 0264 loss_train: 1.0723 loss_val: 1.2675
Run:01 Epoch: 0265 loss_train: 1.0717 loss_val: 1.2643
Run:01 Epoch: 0266 loss_train: 1.0735 loss_val: 1.2659
Run:01 Epoch: 0267 loss_train: 1.0587 loss_val: 1.2717
Run:01 Epoch: 0268 loss_train: 1.0590 loss_val: 1.2734
Run:01 Epoch: 0269 loss_train: 1.0571 loss_val: 1.2706
Run:01 Epoch: 0270 loss_train: 1.0838 loss_val: 1.2489
Run:01 Epoch: 0271 loss_train: 1.0561 loss_val: 1.2491
Run:01 Epoch: 0272 loss_train: 1.0691 loss_val: 1.2560
Run:01 Epoch: 0273 loss_train: 1.0822 loss_val: 1.2545
Run:01 Epoch: 0274 loss_train: 1.0796 loss_val: 1.2495
Run:01 Epoch: 0275 loss_train: 1.0761 loss_val: 1.2509
Run:01 Epoch: 0276 loss_train: 1.0557 loss_val: 1.2630
Run:01 Epoch: 0277 loss_train: 1.0537 loss_val: 1.2805
Run:01 Epoch: 0278 loss_train: 1.0565 loss_val: 1.2935
Run:01 Epoch: 0279 loss_train: 1.0582 loss_val: 1.2950
Run:01 Epoch: 0280 loss_train: 1.0620 loss_val: 1.2865
Run:01 Epoch: 0281 loss_train: 1.0557 loss_val: 1.2750
Run:01 Epoch: 0282 loss_train: 1.0466 loss_val: 1.2647
Run:01 Epoch: 0283 loss_train: 1.0469 loss_val: 1.2592
Run:01 Epoch: 0284 loss_train: 1.0465 loss_val: 1.2574
Run:01 Epoch: 0285 loss_train: 1.0491 loss_val: 1.2571
Run:01 Epoch: 0286 loss_train: 1.0495 loss_val: 1.2564
Run:01 Epoch: 0287 loss_train: 1.0456 loss_val: 1.2574
Run:01 Epoch: 0288 loss_train: 1.0351 loss_val: 1.2598
Run:01 Epoch: 0289 loss_train: 1.0367 loss_val: 1.2631
Run:01 Epoch: 0290 loss_train: 1.0371 loss_val: 1.2648
Run:01 Epoch: 0291 loss_train: 1.0315 loss_val: 1.2646
Run:01 Epoch: 0292 loss_train: 1.0337 loss_val: 1.2613
Run:01 Epoch: 0293 loss_train: 1.0359 loss_val: 1.2548
Run:01 Epoch: 0294 loss_train: 1.0347 loss_val: 1.2485
Run:01 Epoch: 0295 loss_train: 1.0301 loss_val: 1.2459
Run:01 Epoch: 0296 loss_train: 1.0283 loss_val: 1.2456
Run:01 Epoch: 0297 loss_train: 1.0322 loss_val: 1.2453
Run:01 Epoch: 0298 loss_train: 1.0287 loss_val: 1.2427
Run:01 Epoch: 0299 loss_train: 1.0394 loss_val: 1.2375
Run:01 Epoch: 0300 loss_train: 1.0212 loss_val: 1.2367
Run:01 Epoch: 0301 loss_train: 1.0328 loss_val: 1.2398
Run:01 Epoch: 0302 loss_train: 1.0272 loss_val: 1.2434
Run:01 Epoch: 0303 loss_train: 1.0266 loss_val: 1.2464
Run:01 Epoch: 0304 loss_train: 1.0200 loss_val: 1.2486
Run:01 Epoch: 0305 loss_train: 1.0210 loss_val: 1.2503
Run:01 Epoch: 0306 loss_train: 1.0174 loss_val: 1.2524
Run:01 Epoch: 0307 loss_train: 1.0352 loss_val: 1.2492
Run:01 Epoch: 0308 loss_train: 1.0220 loss_val: 1.2495
Run:01 Epoch: 0309 loss_train: 1.0231 loss_val: 1.2455
Run:01 Epoch: 0310 loss_train: 1.0162 loss_val: 1.2402
Run:01 Epoch: 0311 loss_train: 1.0147 loss_val: 1.2358
Run:01 Epoch: 0312 loss_train: 1.0105 loss_val: 1.2378
Run:01 Epoch: 0313 loss_train: 1.0104 loss_val: 1.2455
Run:01 Epoch: 0314 loss_train: 1.0173 loss_val: 1.2421
Run:01 Epoch: 0315 loss_train: 1.0101 loss_val: 1.2378
Run:01 Epoch: 0316 loss_train: 1.0083 loss_val: 1.2357
Run:01 Epoch: 0317 loss_train: 1.0086 loss_val: 1.2360
Run:01 Epoch: 0318 loss_train: 1.0071 loss_val: 1.2382
Run:01 Epoch: 0319 loss_train: 1.0048 loss_val: 1.2401
Run:01 Epoch: 0320 loss_train: 1.0024 loss_val: 1.2402
Run:01 Epoch: 0321 loss_train: 1.0064 loss_val: 1.2378
Run:01 Epoch: 0322 loss_train: 1.0027 loss_val: 1.2370
Run:01 Epoch: 0323 loss_train: 0.9987 loss_val: 1.2373
Run:01 Epoch: 0324 loss_train: 0.9981 loss_val: 1.2362
Run:01 Epoch: 0325 loss_train: 0.9974 loss_val: 1.2337
Run:01 Epoch: 0326 loss_train: 1.0160 loss_val: 1.2255
Run:01 Epoch: 0327 loss_train: 0.9994 loss_val: 1.2220
Run:01 Epoch: 0328 loss_train: 0.9979 loss_val: 1.2230
Run:01 Epoch: 0329 loss_train: 0.9989 loss_val: 1.2260
Run:01 Epoch: 0330 loss_train: 0.9969 loss_val: 1.2300
Run:01 Epoch: 0331 loss_train: 1.0036 loss_val: 1.2390
Run:01 Epoch: 0332 loss_train: 0.9928 loss_val: 1.2462
Run:01 Epoch: 0333 loss_train: 0.9919 loss_val: 1.2499
Run:01 Epoch: 0334 loss_train: 0.9964 loss_val: 1.2515
Run:01 Epoch: 0335 loss_train: 0.9942 loss_val: 1.2478
Run:01 Epoch: 0336 loss_train: 0.9901 loss_val: 1.2431
Run:01 Epoch: 0337 loss_train: 0.9918 loss_val: 1.2374
Run:01 Epoch: 0338 loss_train: 0.9897 loss_val: 1.2314
Run:01 Epoch: 0339 loss_train: 0.9880 loss_val: 1.2281
Run:01 Epoch: 0340 loss_train: 0.9816 loss_val: 1.2260
Run:01 Epoch: 0341 loss_train: 0.9865 loss_val: 1.2246
Run:01 Epoch: 0342 loss_train: 0.9822 loss_val: 1.2242
Run:01 Epoch: 0343 loss_train: 0.9829 loss_val: 1.2229
Run:01 Epoch: 0344 loss_train: 0.9812 loss_val: 1.2197
Run:01 Epoch: 0345 loss_train: 0.9780 loss_val: 1.2190
Run:01 Epoch: 0346 loss_train: 0.9792 loss_val: 1.2171
Run:01 Epoch: 0347 loss_train: 0.9812 loss_val: 1.2167
Run:01 Epoch: 0348 loss_train: 0.9768 loss_val: 1.2172
Run:01 Epoch: 0349 loss_train: 0.9805 loss_val: 1.2183
Run:01 Epoch: 0350 loss_train: 0.9778 loss_val: 1.2201
Run:01 Epoch: 0351 loss_train: 0.9722 loss_val: 1.2225
Run:01 Epoch: 0352 loss_train: 0.9848 loss_val: 1.2265
Run:01 Epoch: 0353 loss_train: 0.9710 loss_val: 1.2326
Run:01 Epoch: 0354 loss_train: 0.9752 loss_val: 1.2345
Run:01 Epoch: 0355 loss_train: 0.9701 loss_val: 1.2303
Run:01 Epoch: 0356 loss_train: 0.9669 loss_val: 1.2231
Run:01 Epoch: 0357 loss_train: 0.9704 loss_val: 1.2171
Run:01 Epoch: 0358 loss_train: 0.9665 loss_val: 1.2186
Run:01 Epoch: 0359 loss_train: 0.9657 loss_val: 1.2207
Run:01 Epoch: 0360 loss_train: 0.9722 loss_val: 1.2237
Run:01 Epoch: 0361 loss_train: 0.9609 loss_val: 1.2279
Run:01 Epoch: 0362 loss_train: 0.9688 loss_val: 1.2318
Run:01 Epoch: 0363 loss_train: 0.9632 loss_val: 1.2322
Run:01 Epoch: 0364 loss_train: 0.9616 loss_val: 1.2316
Run:01 Epoch: 0365 loss_train: 0.9604 loss_val: 1.2287
Run:01 Epoch: 0366 loss_train: 0.9587 loss_val: 1.2259
Run:01 Epoch: 0367 loss_train: 0.9579 loss_val: 1.2192
Run:01 Epoch: 0368 loss_train: 0.9530 loss_val: 1.2151
Run:01 Epoch: 0369 loss_train: 0.9582 loss_val: 1.2124
Run:01 Epoch: 0370 loss_train: 0.9654 loss_val: 1.2117
Run:01 Epoch: 0371 loss_train: 0.9610 loss_val: 1.2141
Run:01 Epoch: 0372 loss_train: 0.9538 loss_val: 1.2195
Run:01 Epoch: 0373 loss_train: 0.9588 loss_val: 1.2238
Run:01 Epoch: 0374 loss_train: 0.9594 loss_val: 1.2223
Run:01 Epoch: 0375 loss_train: 0.9496 loss_val: 1.2193
Run:01 Epoch: 0376 loss_train: 0.9495 loss_val: 1.2149
Run:01 Epoch: 0377 loss_train: 0.9475 loss_val: 1.2127
Run:01 Epoch: 0378 loss_train: 0.9433 loss_val: 1.2126
Run:01 Epoch: 0379 loss_train: 0.9494 loss_val: 1.2148
Run:01 Epoch: 0380 loss_train: 0.9492 loss_val: 1.2162
Run:01 Epoch: 0381 loss_train: 0.9520 loss_val: 1.2174
Run:01 Epoch: 0382 loss_train: 0.9475 loss_val: 1.2169
Run:01 Epoch: 0383 loss_train: 0.9499 loss_val: 1.2162
Run:01 Epoch: 0384 loss_train: 0.9436 loss_val: 1.2127
Run:01 Epoch: 0385 loss_train: 0.9448 loss_val: 1.2092
Run:01 Epoch: 0386 loss_train: 0.9419 loss_val: 1.2053
Run:01 Epoch: 0387 loss_train: 0.9447 loss_val: 1.2067
Run:01 Epoch: 0388 loss_train: 0.9437 loss_val: 1.2105
Run:01 Epoch: 0389 loss_train: 0.9423 loss_val: 1.2152
Run:01 Epoch: 0390 loss_train: 0.9386 loss_val: 1.2185
Run:01 Epoch: 0391 loss_train: 0.9397 loss_val: 1.2158
Run:01 Epoch: 0392 loss_train: 0.9367 loss_val: 1.2098
Run:01 Epoch: 0393 loss_train: 0.9362 loss_val: 1.2059
Run:01 Epoch: 0394 loss_train: 0.9327 loss_val: 1.2031
Run:01 Epoch: 0395 loss_train: 0.9385 loss_val: 1.2018
Run:01 Epoch: 0396 loss_train: 0.9393 loss_val: 1.1982
Run:01 Epoch: 0397 loss_train: 0.9359 loss_val: 1.1986
Run:01 Epoch: 0398 loss_train: 0.9389 loss_val: 1.2011
Run:01 Epoch: 0399 loss_train: 0.9333 loss_val: 1.2044
Run:01 Epoch: 0400 loss_train: 0.9311 loss_val: 1.2121
Run:01 Epoch: 0401 loss_train: 0.9289 loss_val: 1.2230
Run:01 Epoch: 0402 loss_train: 0.9294 loss_val: 1.2273
Run:01 Epoch: 0403 loss_train: 0.9290 loss_val: 1.2250
Run:01 Epoch: 0404 loss_train: 0.9368 loss_val: 1.2103
Run:01 Epoch: 0405 loss_train: 0.9393 loss_val: 1.2089
Run:01 Epoch: 0406 loss_train: 0.9316 loss_val: 1.2143
Run:01 Epoch: 0407 loss_train: 0.9405 loss_val: 1.2177
Run:01 Epoch: 0408 loss_train: 0.9435 loss_val: 1.2193
Run:01 Epoch: 0409 loss_train: 0.9340 loss_val: 1.2273
Run:01 Epoch: 0410 loss_train: 0.9297 loss_val: 1.2426
Run:01 Epoch: 0411 loss_train: 0.9249 loss_val: 1.2537
Run:01 Epoch: 0412 loss_train: 0.9390 loss_val: 1.2558
Run:01 Epoch: 0413 loss_train: 0.9477 loss_val: 1.2375
Run:01 Epoch: 0414 loss_train: 0.9281 loss_val: 1.2153
Run:01 Epoch: 0415 loss_train: 0.9296 loss_val: 1.2058
Run:01 Epoch: 0416 loss_train: 0.9271 loss_val: 1.2034
Run:01 Epoch: 0417 loss_train: 0.9398 loss_val: 1.2005
Run:01 Epoch: 0418 loss_train: 0.9323 loss_val: 1.2004
Run:01 Epoch: 0419 loss_train: 0.9291 loss_val: 1.2125
Run:01 Epoch: 0420 loss_train: 0.9189 loss_val: 1.2293
Run:01 Epoch: 0421 loss_train: 0.9191 loss_val: 1.2466
Run:01 Epoch: 0422 loss_train: 0.9222 loss_val: 1.2576
Run:01 Epoch: 0423 loss_train: 0.9334 loss_val: 1.2582
Run:01 Epoch: 0424 loss_train: 0.9265 loss_val: 1.2521
Run:01 Epoch: 0425 loss_train: 0.9443 loss_val: 1.2367
Run:01 Epoch: 0426 loss_train: 0.9186 loss_val: 1.2249
Run:01 Epoch: 0427 loss_train: 0.9207 loss_val: 1.2176
Run:01 Epoch: 0428 loss_train: 0.9232 loss_val: 1.2105
Run:01 Epoch: 0429 loss_train: 0.9163 loss_val: 1.2053
Run:01 Epoch: 0430 loss_train: 0.9182 loss_val: 1.2052
Run:01 Epoch: 0431 loss_train: 0.9173 loss_val: 1.2115
Run:01 Epoch: 0432 loss_train: 0.9083 loss_val: 1.2190
Run:01 Epoch: 0433 loss_train: 0.9144 loss_val: 1.2252
Run:01 Epoch: 0434 loss_train: 0.9160 loss_val: 1.2278
Run:01 Epoch: 0435 loss_train: 0.9226 loss_val: 1.2178
Run:01 Epoch: 0436 loss_train: 0.9149 loss_val: 1.2123
Run:01 Epoch: 0437 loss_train: 0.9164 loss_val: 1.2120
Run:01 Epoch: 0438 loss_train: 0.9038 loss_val: 1.2128
Run:01 Epoch: 0439 loss_train: 0.9161 loss_val: 1.2143
Run:01 Epoch: 0440 loss_train: 0.9068 loss_val: 1.2188
Run:01 Epoch: 0441 loss_train: 0.9087 loss_val: 1.2240
Run:01 Epoch: 0442 loss_train: 0.9078 loss_val: 1.2291
Run:01 Epoch: 0443 loss_train: 0.9023 loss_val: 1.2304
Run:01 Epoch: 0444 loss_train: 0.9073 loss_val: 1.2287
Run:01 Epoch: 0445 loss_train: 0.9056 loss_val: 1.2243
Run:01 Epoch: 0446 loss_train: 0.9036 loss_val: 1.2193
Run:01 Epoch: 0447 loss_train: 0.9027 loss_val: 1.2121
Run:01 Epoch: 0448 loss_train: 0.9015 loss_val: 1.2067
Run:01 Epoch: 0449 loss_train: 0.8961 loss_val: 1.2032
Run:01 Epoch: 0450 loss_train: 0.8932 loss_val: 1.2019
Run:01 Epoch: 0451 loss_train: 0.8943 loss_val: 1.2003
Run:01 Epoch: 0452 loss_train: 0.8963 loss_val: 1.1986
Run:01 Epoch: 0453 loss_train: 0.8941 loss_val: 1.1970
Run:01 Epoch: 0454 loss_train: 0.8926 loss_val: 1.1968
Run:01 Epoch: 0455 loss_train: 0.8896 loss_val: 1.1970
Run:01 Epoch: 0456 loss_train: 0.8887 loss_val: 1.1973
Run:01 Epoch: 0457 loss_train: 0.8887 loss_val: 1.1996
Run:01 Epoch: 0458 loss_train: 0.8889 loss_val: 1.2024
Run:01 Epoch: 0459 loss_train: 0.8846 loss_val: 1.2041
Run:01 Epoch: 0460 loss_train: 0.8870 loss_val: 1.2036
Run:01 Epoch: 0461 loss_train: 0.8903 loss_val: 1.1993
Run:01 Epoch: 0462 loss_train: 0.8887 loss_val: 1.1940
Run:01 Epoch: 0463 loss_train: 0.8839 loss_val: 1.1884
Run:01 Epoch: 0464 loss_train: 0.8921 loss_val: 1.1853
Run:01 Epoch: 0465 loss_train: 0.8850 loss_val: 1.1858
Run:01 Epoch: 0466 loss_train: 0.8903 loss_val: 1.1902
Run:01 Epoch: 0467 loss_train: 0.8835 loss_val: 1.1949
Run:01 Epoch: 0468 loss_train: 0.8851 loss_val: 1.1966
Run:01 Epoch: 0469 loss_train: 0.8786 loss_val: 1.1960
Run:01 Epoch: 0470 loss_train: 0.8834 loss_val: 1.1949
Run:01 Epoch: 0471 loss_train: 0.8828 loss_val: 1.1938
Run:01 Epoch: 0472 loss_train: 0.8825 loss_val: 1.1922
Run:01 Epoch: 0473 loss_train: 0.8854 loss_val: 1.1911
Run:01 Epoch: 0474 loss_train: 0.8760 loss_val: 1.1910
Run:01 Epoch: 0475 loss_train: 0.8800 loss_val: 1.1926
Run:01 Epoch: 0476 loss_train: 0.8732 loss_val: 1.1956
Run:01 Epoch: 0477 loss_train: 0.8725 loss_val: 1.1978
Run:01 Epoch: 0478 loss_train: 0.8819 loss_val: 1.1994
Run:01 Epoch: 0479 loss_train: 0.8748 loss_val: 1.1982
Run:01 Epoch: 0480 loss_train: 0.8711 loss_val: 1.1949
Run:01 Epoch: 0481 loss_train: 0.8679 loss_val: 1.1911
Run:01 Epoch: 0482 loss_train: 0.8731 loss_val: 1.1906
Run:01 Epoch: 0483 loss_train: 0.8728 loss_val: 1.1898
Run:01 Epoch: 0484 loss_train: 0.8868 loss_val: 1.1955
Run:01 Epoch: 0485 loss_train: 0.8743 loss_val: 1.2015
Run:01 Epoch: 0486 loss_train: 0.8721 loss_val: 1.2080
Run:01 Epoch: 0487 loss_train: 0.8694 loss_val: 1.2133
Run:01 Epoch: 0488 loss_train: 0.8703 loss_val: 1.2147
Run:01 Epoch: 0489 loss_train: 0.8739 loss_val: 1.2101
Run:01 Epoch: 0490 loss_train: 0.8668 loss_val: 1.2037
Run:01 Epoch: 0491 loss_train: 0.8674 loss_val: 1.1966
Run:01 Epoch: 0492 loss_train: 0.8683 loss_val: 1.1933
Run:01 Epoch: 0493 loss_train: 0.8666 loss_val: 1.1916
Run:01 Epoch: 0494 loss_train: 0.8663 loss_val: 1.1910
Run:01 Epoch: 0495 loss_train: 0.8666 loss_val: 1.1937
Run:01 Epoch: 0496 loss_train: 0.8613 loss_val: 1.2000
Run:01 Epoch: 0497 loss_train: 0.8609 loss_val: 1.2052
Run:01 Epoch: 0498 loss_train: 0.8743 loss_val: 1.1979
Run:01 Epoch: 0499 loss_train: 0.8738 loss_val: 1.1894
Run:01 Epoch: 0500 loss_train: 0.8682 loss_val: 1.1884
Run:01 Epoch: 0501 loss_train: 0.8605 loss_val: 1.1883
Run:01 Epoch: 0502 loss_train: 0.8688 loss_val: 1.1862
Run:01 Epoch: 0503 loss_train: 0.8661 loss_val: 1.1881
Run:01 Epoch: 0504 loss_train: 0.8625 loss_val: 1.1969
Run:01 Epoch: 0505 loss_train: 0.8626 loss_val: 1.2068
Run:01 Epoch: 0506 loss_train: 0.8607 loss_val: 1.2118
Run:01 Epoch: 0507 loss_train: 0.8581 loss_val: 1.2122
Run:01 Epoch: 0508 loss_train: 0.8706 loss_val: 1.2019
Run:01 Epoch: 0509 loss_train: 0.8600 loss_val: 1.1958
Run:01 Epoch: 0510 loss_train: 0.8561 loss_val: 1.1933
Run:01 Epoch: 0511 loss_train: 0.8640 loss_val: 1.1899
Run:01 Epoch: 0512 loss_train: 0.8652 loss_val: 1.1859
Run:01 Epoch: 0513 loss_train: 0.8572 loss_val: 1.1857
Run:01 Epoch: 0514 loss_train: 0.8529 loss_val: 1.1909
Run:01 Epoch: 0515 loss_train: 0.8521 loss_val: 1.1977
Run:01 Epoch: 0516 loss_train: 0.8541 loss_val: 1.2029
Run:01 Epoch: 0517 loss_train: 0.8558 loss_val: 1.2030
Run:01 Epoch: 0518 loss_train: 0.8514 loss_val: 1.2014
Run:01 Epoch: 0519 loss_train: 0.8469 loss_val: 1.1990
Run:01 Epoch: 0520 loss_train: 0.8434 loss_val: 1.1977
Run:01 Epoch: 0521 loss_train: 0.8466 loss_val: 1.1958
Run:01 Epoch: 0522 loss_train: 0.8484 loss_val: 1.1901
Run:01 Epoch: 0523 loss_train: 0.8446 loss_val: 1.1862
Run:01 Epoch: 0524 loss_train: 0.8459 loss_val: 1.1852
Run:01 Epoch: 0525 loss_train: 0.8440 loss_val: 1.1878
Run:01 Epoch: 0526 loss_train: 0.8395 loss_val: 1.1903
Run:01 Epoch: 0527 loss_train: 0.8424 loss_val: 1.1917
Run:01 Epoch: 0528 loss_train: 0.8400 loss_val: 1.1931
Run:01 Epoch: 0529 loss_train: 0.8407 loss_val: 1.1937
Run:01 Epoch: 0530 loss_train: 0.8409 loss_val: 1.1915
Run:01 Epoch: 0531 loss_train: 0.8422 loss_val: 1.1902
Run:01 Epoch: 0532 loss_train: 0.8379 loss_val: 1.1892
Run:01 Epoch: 0533 loss_train: 0.8406 loss_val: 1.1890
Run:01 Epoch: 0534 loss_train: 0.8401 loss_val: 1.1886
Run:01 Epoch: 0535 loss_train: 0.8388 loss_val: 1.1884
Run:01 Epoch: 0536 loss_train: 0.8356 loss_val: 1.1912
Run:01 Epoch: 0537 loss_train: 0.8357 loss_val: 1.1942
Run:01 Epoch: 0538 loss_train: 0.8361 loss_val: 1.1977
Run:01 Epoch: 0539 loss_train: 0.8349 loss_val: 1.1995
Run:01 Epoch: 0540 loss_train: 0.8481 loss_val: 1.1952
Run:01 Epoch: 0541 loss_train: 0.8356 loss_val: 1.1921
Run:01 Epoch: 0542 loss_train: 0.8379 loss_val: 1.1900
Run:01 Epoch: 0543 loss_train: 0.8333 loss_val: 1.1893
Run:01 Epoch: 0544 loss_train: 0.8405 loss_val: 1.1921
Run:01 Epoch: 0545 loss_train: 0.8307 loss_val: 1.1964
Run:01 Epoch: 0546 loss_train: 0.8362 loss_val: 1.2005
Run:01 Epoch: 0547 loss_train: 0.8326 loss_val: 1.2011
Run:01 Epoch: 0548 loss_train: 0.8272 loss_val: 1.1992
Run:01 Epoch: 0549 loss_train: 0.8310 loss_val: 1.1954
Run:01 Epoch: 0550 loss_train: 0.8291 loss_val: 1.1922
Run:01 Epoch: 0551 loss_train: 0.8216 loss_val: 1.1903
Run:01 Epoch: 0552 loss_train: 0.8242 loss_val: 1.1886
Run:01 Epoch: 0553 loss_train: 0.8284 loss_val: 1.1864
Run:01 Epoch: 0554 loss_train: 0.8283 loss_val: 1.1866
Run:01 Epoch: 0555 loss_train: 0.8298 loss_val: 1.1857
Run:01 Epoch: 0556 loss_train: 0.8215 loss_val: 1.1872
Run:01 Epoch: 0557 loss_train: 0.8226 loss_val: 1.1879
Run:01 Epoch: 0558 loss_train: 0.8194 loss_val: 1.1851
Run:01 Epoch: 0559 loss_train: 0.8220 loss_val: 1.1811
Run:01 Epoch: 0560 loss_train: 0.8185 loss_val: 1.1787
Run:01 Epoch: 0561 loss_train: 0.8198 loss_val: 1.1789
Run:01 Epoch: 0562 loss_train: 0.8232 loss_val: 1.1790
Run:01 Epoch: 0563 loss_train: 0.8128 loss_val: 1.1789
Run:01 Epoch: 0564 loss_train: 0.8216 loss_val: 1.1799
Run:01 Epoch: 0565 loss_train: 0.8213 loss_val: 1.1828
Run:01 Epoch: 0566 loss_train: 0.8140 loss_val: 1.1860
Run:01 Epoch: 0567 loss_train: 0.8163 loss_val: 1.1874
Run:01 Epoch: 0568 loss_train: 0.8188 loss_val: 1.1873
Run:01 Epoch: 0569 loss_train: 0.8124 loss_val: 1.1872
Run:01 Epoch: 0570 loss_train: 0.8410 loss_val: 1.1907
Run:01 Epoch: 0571 loss_train: 0.8150 loss_val: 1.1947
Run:01 Epoch: 0572 loss_train: 0.8188 loss_val: 1.2003
Run:01 Epoch: 0573 loss_train: 0.8207 loss_val: 1.2045
Run:01 Epoch: 0574 loss_train: 0.8202 loss_val: 1.2021
Run:01 Epoch: 0575 loss_train: 0.8155 loss_val: 1.2021
Run:01 Epoch: 0576 loss_train: 0.8189 loss_val: 1.2032
Run:01 Epoch: 0577 loss_train: 0.8190 loss_val: 1.2036
Run:01 Epoch: 0578 loss_train: 0.8191 loss_val: 1.2042
Run:01 Epoch: 0579 loss_train: 0.8147 loss_val: 1.2055
Run:01 Epoch: 0580 loss_train: 0.8080 loss_val: 1.2058
Run:01 Epoch: 0581 loss_train: 0.8135 loss_val: 1.2024
Run:01 Epoch: 0582 loss_train: 0.8129 loss_val: 1.1968
Run:01 Epoch: 0583 loss_train: 0.8090 loss_val: 1.1907
Run:01 Epoch: 0584 loss_train: 0.8075 loss_val: 1.1863
Run:01 Epoch: 0585 loss_train: 0.8058 loss_val: 1.1835
Run:01 Epoch: 0586 loss_train: 0.8052 loss_val: 1.1821
Run:01 Epoch: 0587 loss_train: 0.8050 loss_val: 1.1826
Run:01 Epoch: 0588 loss_train: 0.8073 loss_val: 1.1849
Run:01 Epoch: 0589 loss_train: 0.8082 loss_val: 1.1874
Run:01 Epoch: 0590 loss_train: 0.8069 loss_val: 1.1875
Run:01 Epoch: 0591 loss_train: 0.8019 loss_val: 1.1885
Run:01 Epoch: 0592 loss_train: 0.8016 loss_val: 1.1895
Run:01 Epoch: 0593 loss_train: 0.8008 loss_val: 1.1901
Run:01 Epoch: 0594 loss_train: 0.7985 loss_val: 1.1893
Run:01 Epoch: 0595 loss_train: 0.8026 loss_val: 1.1884
Run:01 Epoch: 0596 loss_train: 0.8040 loss_val: 1.1867
Run:01 Epoch: 0597 loss_train: 0.8007 loss_val: 1.1849
Run:01 Epoch: 0598 loss_train: 0.8014 loss_val: 1.1854
Run:01 Epoch: 0599 loss_train: 0.7972 loss_val: 1.1875
Run:01 Epoch: 0600 loss_train: 0.7953 loss_val: 1.1889
Run:01 Epoch: 0601 loss_train: 0.8162 loss_val: 1.1797
Run:01 Epoch: 0602 loss_train: 0.8044 loss_val: 1.1805
Run:01 Epoch: 0603 loss_train: 0.7980 loss_val: 1.1825
Run:01 Epoch: 0604 loss_train: 0.8015 loss_val: 1.1872
Run:01 Epoch: 0605 loss_train: 0.7996 loss_val: 1.1928
Run:01 Epoch: 0606 loss_train: 0.7978 loss_val: 1.2018
Run:01 Epoch: 0607 loss_train: 0.7940 loss_val: 1.2088
Run:01 Epoch: 0608 loss_train: 0.7937 loss_val: 1.2124
Run:01 Epoch: 0609 loss_train: 0.7922 loss_val: 1.2116
Run:01 Epoch: 0610 loss_train: 0.7934 loss_val: 1.2072
Run:01 Epoch: 0611 loss_train: 0.7932 loss_val: 1.2024
Run:01 Epoch: 0612 loss_train: 0.7923 loss_val: 1.1981
Run:01 Epoch: 0613 loss_train: 0.7955 loss_val: 1.1924
Run:01 Epoch: 0614 loss_train: 0.7937 loss_val: 1.1854
Run:01 Epoch: 0615 loss_train: 0.7866 loss_val: 1.1821
Run:01 Epoch: 0616 loss_train: 0.7881 loss_val: 1.1816
Run:01 Epoch: 0617 loss_train: 0.7930 loss_val: 1.1823
Run:01 Epoch: 0618 loss_train: 0.7905 loss_val: 1.1829
Run:01 Epoch: 0619 loss_train: 0.7914 loss_val: 1.1829
Run:01 Epoch: 0620 loss_train: 0.7850 loss_val: 1.1847
Run:01 Epoch: 0621 loss_train: 0.7845 loss_val: 1.1874
Run:01 Epoch: 0622 loss_train: 0.7846 loss_val: 1.1887
Run:01 Epoch: 0623 loss_train: 0.7862 loss_val: 1.1892
Run:01 Epoch: 0624 loss_train: 0.7858 loss_val: 1.1873
Run:01 Epoch: 0625 loss_train: 0.7810 loss_val: 1.1843
Run:01 Epoch: 0626 loss_train: 0.7840 loss_val: 1.1817
Run:01 Epoch: 0627 loss_train: 0.7845 loss_val: 1.1801
Run:01 Epoch: 0628 loss_train: 0.7795 loss_val: 1.1805
Run:01 Epoch: 0629 loss_train: 0.7780 loss_val: 1.1817
Run:01 Epoch: 0630 loss_train: 0.7812 loss_val: 1.1814
Run:01 Epoch: 0631 loss_train: 0.7815 loss_val: 1.1782
Run:01 Epoch: 0632 loss_train: 0.7841 loss_val: 1.1749
Run:01 Epoch: 0633 loss_train: 0.7778 loss_val: 1.1727
Run:01 Epoch: 0634 loss_train: 0.7783 loss_val: 1.1737
Run:01 Epoch: 0635 loss_train: 0.7783 loss_val: 1.1786
Run:01 Epoch: 0636 loss_train: 0.7788 loss_val: 1.1869
Run:01 Epoch: 0637 loss_train: 0.7757 loss_val: 1.1954
Run:01 Epoch: 0638 loss_train: 0.7774 loss_val: 1.2004
Run:01 Epoch: 0639 loss_train: 0.8016 loss_val: 1.1907
Run:01 Epoch: 0640 loss_train: 0.7799 loss_val: 1.1869
Run:01 Epoch: 0641 loss_train: 0.7925 loss_val: 1.1846
Run:01 Epoch: 0642 loss_train: 0.7918 loss_val: 1.1810
Run:01 Epoch: 0643 loss_train: 0.7805 loss_val: 1.1825
Run:01 Epoch: 0644 loss_train: 0.7815 loss_val: 1.1941
Run:01 Epoch: 0645 loss_train: 0.7758 loss_val: 1.2104
Run:01 Epoch: 0646 loss_train: 0.7737 loss_val: 1.2226
Run:01 Epoch: 0647 loss_train: 0.7856 loss_val: 1.2211
Run:01 Epoch: 0648 loss_train: 0.7919 loss_val: 1.2090
Run:01 Epoch: 0649 loss_train: 0.7751 loss_val: 1.2002
Run:01 Epoch: 0650 loss_train: 0.7713 loss_val: 1.1961
Run:01 Epoch: 0651 loss_train: 0.7791 loss_val: 1.1926
Run:01 Epoch: 0652 loss_train: 0.7777 loss_val: 1.1882
Run:01 Epoch: 0653 loss_train: 0.7762 loss_val: 1.1852
Run:01 Epoch: 0654 loss_train: 0.7770 loss_val: 1.1871
Run:01 Epoch: 0655 loss_train: 0.7754 loss_val: 1.1945
Run:01 Epoch: 0656 loss_train: 0.7702 loss_val: 1.2023
Run:01 Epoch: 0657 loss_train: 0.7750 loss_val: 1.2045
Run:01 Epoch: 0658 loss_train: 0.7714 loss_val: 1.2029
Run:01 Epoch: 0659 loss_train: 0.7680 loss_val: 1.1985
Run:01 Epoch: 0660 loss_train: 0.7674 loss_val: 1.1930
Run:01 Epoch: 0661 loss_train: 0.7667 loss_val: 1.1887
Run:01 Epoch: 0662 loss_train: 0.7657 loss_val: 1.1852
Run:01 Epoch: 0663 loss_train: 0.7627 loss_val: 1.1829
Run:01 Epoch: 0664 loss_train: 0.7656 loss_val: 1.1806
Run:01 Epoch: 0665 loss_train: 0.7602 loss_val: 1.1807
Run:01 Epoch: 0666 loss_train: 0.7611 loss_val: 1.1833
Run:01 Epoch: 0667 loss_train: 0.7630 loss_val: 1.1856
Run:01 Epoch: 0668 loss_train: 0.7622 loss_val: 1.1839
Run:01 Epoch: 0669 loss_train: 0.7598 loss_val: 1.1817
Run:01 Epoch: 0670 loss_train: 0.7606 loss_val: 1.1790
Run:01 Epoch: 0671 loss_train: 0.7562 loss_val: 1.1764
Run:01 Epoch: 0672 loss_train: 0.7641 loss_val: 1.1767
Run:01 Epoch: 0673 loss_train: 0.7638 loss_val: 1.1786
Run:01 Epoch: 0674 loss_train: 0.7580 loss_val: 1.1822
Run:01 Epoch: 0675 loss_train: 0.7582 loss_val: 1.1845
Run:01 Epoch: 0676 loss_train: 0.7611 loss_val: 1.1842
Run:01 Epoch: 0677 loss_train: 0.7572 loss_val: 1.1837
Run:01 Epoch: 0678 loss_train: 0.7561 loss_val: 1.1820
Run:01 Epoch: 0679 loss_train: 0.7528 loss_val: 1.1810
Run:01 Epoch: 0680 loss_train: 0.7569 loss_val: 1.1802
Run:01 Epoch: 0681 loss_train: 0.7553 loss_val: 1.1804
Run:01 Epoch: 0682 loss_train: 0.7520 loss_val: 1.1812
Run:01 Epoch: 0683 loss_train: 0.7555 loss_val: 1.1831
Run:01 Epoch: 0684 loss_train: 0.7538 loss_val: 1.1849
Run:01 Epoch: 0685 loss_train: 0.7521 loss_val: 1.1876
Run:01 Epoch: 0686 loss_train: 0.7524 loss_val: 1.1904
Run:01 Epoch: 0687 loss_train: 0.7535 loss_val: 1.1923
Run:01 Epoch: 0688 loss_train: 0.7545 loss_val: 1.1894
Run:01 Epoch: 0689 loss_train: 0.7501 loss_val: 1.1863
Run:01 Epoch: 0690 loss_train: 0.7463 loss_val: 1.1830
Run:01 Epoch: 0691 loss_train: 0.7450 loss_val: 1.1808
Run:01 Epoch: 0692 loss_train: 0.7525 loss_val: 1.1872
Run:01 Epoch: 0693 loss_train: 0.7447 loss_val: 1.1936
Run:01 Epoch: 0694 loss_train: 0.7547 loss_val: 1.1963
Run:01 Epoch: 0695 loss_train: 0.7601 loss_val: 1.2022
Run:01 Epoch: 0696 loss_train: 0.7522 loss_val: 1.2090
Run:01 Epoch: 0697 loss_train: 0.7550 loss_val: 1.2150
Run:01 Epoch: 0698 loss_train: 0.7548 loss_val: 1.2184
Run:01 Epoch: 0699 loss_train: 0.7504 loss_val: 1.2189
Run:01 Epoch: 0700 loss_train: 0.7511 loss_val: 1.2134
Run:01 Epoch: 0701 loss_train: 0.7477 loss_val: 1.2073
Run:01 Epoch: 0702 loss_train: 0.7467 loss_val: 1.2017
Run:01 Epoch: 0703 loss_train: 0.7472 loss_val: 1.1964
Run:01 Epoch: 0704 loss_train: 0.7430 loss_val: 1.1934
Run:01 Epoch: 0705 loss_train: 0.7462 loss_val: 1.1912
Run:01 Epoch: 0706 loss_train: 0.7479 loss_val: 1.1923
Run:01 Epoch: 0707 loss_train: 0.7389 loss_val: 1.1946
Run:01 Epoch: 0708 loss_train: 0.7422 loss_val: 1.1973
Run:01 Epoch: 0709 loss_train: 0.7370 loss_val: 1.2019
Run:01 Epoch: 0710 loss_train: 0.7397 loss_val: 1.2071
Run:01 Epoch: 0711 loss_train: 0.7466 loss_val: 1.2114
Run:01 Epoch: 0712 loss_train: 0.7433 loss_val: 1.2127
Run:01 Epoch: 0713 loss_train: 0.7390 loss_val: 1.2100
Run:01 Epoch: 0714 loss_train: 0.7374 loss_val: 1.2056
Run:01 Epoch: 0715 loss_train: 0.7410 loss_val: 1.2011
Run:01 Epoch: 0716 loss_train: 0.7445 loss_val: 1.1980
Run:01 Epoch: 0717 loss_train: 0.7377 loss_val: 1.1963
Run:01 Epoch: 0718 loss_train: 0.7336 loss_val: 1.1955
Run:01 Epoch: 0719 loss_train: 0.7362 loss_val: 1.1940
Run:01 Epoch: 0720 loss_train: 0.7320 loss_val: 1.1933
Run:01 Epoch: 0721 loss_train: 0.7330 loss_val: 1.1890
Run:01 Epoch: 0722 loss_train: 0.7331 loss_val: 1.1847
Run:01 Epoch: 0723 loss_train: 0.7366 loss_val: 1.1801
Run:01 Epoch: 0724 loss_train: 0.7288 loss_val: 1.1772
Run:01 Epoch: 0725 loss_train: 0.7300 loss_val: 1.1755
Run:01 Epoch: 0726 loss_train: 0.7344 loss_val: 1.1769
Run:01 Epoch: 0727 loss_train: 0.7341 loss_val: 1.1816
Run:01 Epoch: 0728 loss_train: 0.7295 loss_val: 1.1865
Run:01 Epoch: 0729 loss_train: 0.7349 loss_val: 1.1897
Run:01 Epoch: 0730 loss_train: 0.7337 loss_val: 1.1908
Run:01 Epoch: 0731 loss_train: 0.7266 loss_val: 1.1914
Run:01 Epoch: 0732 loss_train: 0.7297 loss_val: 1.1906
Run:01 Epoch: 0733 loss_train: 0.7312 loss_val: 1.1887
Run:01 Epoch: 0734 loss_train: 0.7252 loss_val: 1.1853
Run:01 Epoch: 0735 loss_train: 0.7259 loss_val: 1.1826
Run:01 Epoch: 0736 loss_train: 0.7312 loss_val: 1.1799
Run:01 Epoch: 0737 loss_train: 0.7324 loss_val: 1.1764
Run:01 Epoch: 0738 loss_train: 0.7319 loss_val: 1.1736
Run:01 Epoch: 0739 loss_train: 0.7285 loss_val: 1.1728
Run:01 Epoch: 0740 loss_train: 0.7385 loss_val: 1.1796
Run:01 Epoch: 0741 loss_train: 0.7300 loss_val: 1.1900
Run:01 Epoch: 0742 loss_train: 0.7213 loss_val: 1.2007
Run:01 Epoch: 0743 loss_train: 0.7258 loss_val: 1.2100
Run:01 Epoch: 0744 loss_train: 0.7298 loss_val: 1.2151
Run:01 Epoch: 0745 loss_train: 0.7266 loss_val: 1.2171
Run:01 Epoch: 0746 loss_train: 0.7252 loss_val: 1.2159
Run:01 Epoch: 0747 loss_train: 0.7231 loss_val: 1.2127
Run:01 Epoch: 0748 loss_train: 0.7252 loss_val: 1.2067
Run:01 Epoch: 0749 loss_train: 0.7203 loss_val: 1.2002
Run:01 Epoch: 0750 loss_train: 0.7227 loss_val: 1.1951
Run:01 Epoch: 0751 loss_train: 0.7191 loss_val: 1.1922
Run:01 Epoch: 0752 loss_train: 0.7248 loss_val: 1.1891
Run:01 Epoch: 0753 loss_train: 0.7292 loss_val: 1.1856
Run:01 Epoch: 0754 loss_train: 0.7199 loss_val: 1.1834
Run:01 Epoch: 0755 loss_train: 0.7184 loss_val: 1.1831
Run:01 Epoch: 0756 loss_train: 0.7224 loss_val: 1.1859
Run:01 Epoch: 0757 loss_train: 0.7156 loss_val: 1.1894
Run:01 Epoch: 0758 loss_train: 0.7159 loss_val: 1.1941
Run:01 Epoch: 0759 loss_train: 0.7185 loss_val: 1.1976
Run:01 Epoch: 0760 loss_train: 0.7185 loss_val: 1.1975
Run:01 Epoch: 0761 loss_train: 0.7114 loss_val: 1.1978
Run:01 Epoch: 0762 loss_train: 0.7161 loss_val: 1.1971
Run:01 Epoch: 0763 loss_train: 0.7135 loss_val: 1.1950
Run:01 Epoch: 0764 loss_train: 0.7153 loss_val: 1.1904
Run:01 Epoch: 0765 loss_train: 0.7129 loss_val: 1.1843
Run:01 Epoch: 0766 loss_train: 0.7123 loss_val: 1.1808
Run:01 Epoch: 0767 loss_train: 0.7092 loss_val: 1.1778
Run:01 Epoch: 0768 loss_train: 0.7083 loss_val: 1.1764
Run:01 Epoch: 0769 loss_train: 0.7106 loss_val: 1.1774
Run:01 Epoch: 0770 loss_train: 0.7097 loss_val: 1.1813
Run:01 Epoch: 0771 loss_train: 0.7131 loss_val: 1.1850
Run:01 Epoch: 0772 loss_train: 0.7067 loss_val: 1.1879
Run:01 Epoch: 0773 loss_train: 0.7045 loss_val: 1.1900
Run:01 Epoch: 0774 loss_train: 0.7103 loss_val: 1.1914
Run:01 Epoch: 0775 loss_train: 0.7101 loss_val: 1.1900
Run:01 Epoch: 0776 loss_train: 0.7062 loss_val: 1.1878
Run:01 Epoch: 0777 loss_train: 0.7043 loss_val: 1.1825
Run:01 Epoch: 0778 loss_train: 0.7094 loss_val: 1.1801
Run:01 Epoch: 0779 loss_train: 0.7084 loss_val: 1.1807
Run:01 Epoch: 0780 loss_train: 0.7137 loss_val: 1.1745
Run:01 Epoch: 0781 loss_train: 0.7055 loss_val: 1.1744
Run:01 Epoch: 0782 loss_train: 0.7077 loss_val: 1.1755
Run:01 Epoch: 0783 loss_train: 0.7057 loss_val: 1.1785
Run:01 Epoch: 0784 loss_train: 0.7054 loss_val: 1.1862
Run:01 Epoch: 0785 loss_train: 0.7037 loss_val: 1.1943
Run:01 Epoch: 0786 loss_train: 0.7061 loss_val: 1.2017
Run:01 Epoch: 0787 loss_train: 0.7035 loss_val: 1.2059
Run:01 Epoch: 0788 loss_train: 0.7067 loss_val: 1.2051
Run:01 Epoch: 0789 loss_train: 0.7063 loss_val: 1.1994
Run:01 Epoch: 0790 loss_train: 0.7069 loss_val: 1.1940
Run:01 Epoch: 0791 loss_train: 0.6987 loss_val: 1.1898
Run:01 Epoch: 0792 loss_train: 0.7010 loss_val: 1.1899
Run:01 Epoch: 0793 loss_train: 0.7069 loss_val: 1.1923
Run:01 Epoch: 0794 loss_train: 0.7062 loss_val: 1.1953
Run:01 Epoch: 0795 loss_train: 0.7035 loss_val: 1.1990
Run:01 Epoch: 0796 loss_train: 0.7037 loss_val: 1.2025
Run:01 Epoch: 0797 loss_train: 0.6992 loss_val: 1.2026
Run:01 Epoch: 0798 loss_train: 0.6977 loss_val: 1.2018
Run:01 Epoch: 0799 loss_train: 0.7161 loss_val: 1.2045
Run:01 Epoch: 0800 loss_train: 0.7033 loss_val: 1.2072
Run:01 Epoch: 0801 loss_train: 0.6999 loss_val: 1.2111
Run:01 Epoch: 0802 loss_train: 0.7002 loss_val: 1.2167
Run:01 Epoch: 0803 loss_train: 0.7153 loss_val: 1.2167
Run:01 Epoch: 0804 loss_train: 0.7058 loss_val: 1.2125
Run:01 Epoch: 0805 loss_train: 0.7022 loss_val: 1.2080
Run:01 Epoch: 0806 loss_train: 0.6998 loss_val: 1.2057
Run:01 Epoch: 0807 loss_train: 0.7007 loss_val: 1.2051
Run:01 Epoch: 0808 loss_train: 0.6996 loss_val: 1.2049
Run:01 Epoch: 0809 loss_train: 0.6953 loss_val: 1.2064
Run:01 Epoch: 0810 loss_train: 0.6937 loss_val: 1.2079
Run:01 Epoch: 0811 loss_train: 0.6928 loss_val: 1.2090
Run:01 Epoch: 0812 loss_train: 0.6978 loss_val: 1.2073
Run:01 Epoch: 0813 loss_train: 0.6946 loss_val: 1.2035
Run:01 Epoch: 0814 loss_train: 0.6971 loss_val: 1.1986
Run:01 Epoch: 0815 loss_train: 0.6912 loss_val: 1.1962
Run:01 Epoch: 0816 loss_train: 0.6928 loss_val: 1.1945
Run:01 Epoch: 0817 loss_train: 0.6927 loss_val: 1.1940
Run:01 Epoch: 0818 loss_train: 0.6947 loss_val: 1.1944
Run:01 Epoch: 0819 loss_train: 0.6884 loss_val: 1.1967
Run:01 Epoch: 0820 loss_train: 0.6906 loss_val: 1.2001
Run:01 Epoch: 0821 loss_train: 0.6892 loss_val: 1.2025
Run:01 Epoch: 0822 loss_train: 0.6949 loss_val: 1.2002
Run:01 Epoch: 0823 loss_train: 0.6857 loss_val: 1.1988
Run:01 Epoch: 0824 loss_train: 0.6893 loss_val: 1.1971
Run:01 Epoch: 0825 loss_train: 0.6868 loss_val: 1.1944
Run:01 Epoch: 0826 loss_train: 0.6846 loss_val: 1.1930
Run:01 Epoch: 0827 loss_train: 0.6850 loss_val: 1.1925
Run:01 Epoch: 0828 loss_train: 0.6854 loss_val: 1.1859
Run:01 Epoch: 0829 loss_train: 0.6847 loss_val: 1.1819
Run:01 Epoch: 0830 loss_train: 0.6859 loss_val: 1.1831
Run:01 Epoch: 0831 loss_train: 0.6899 loss_val: 1.1881
Run:01 Epoch: 0832 loss_train: 0.6839 loss_val: 1.1946
Run:01 Epoch: 0833 loss_train: 0.6754 loss_val: 1.2011
Run:01 Epoch: 0834 loss_train: 0.6875 loss_val: 1.2035
Run:01 Epoch: 0835 loss_train: 0.6845 loss_val: 1.2030
Run:01 Epoch: 0836 loss_train: 0.6801 loss_val: 1.2011
Run:01 Epoch: 0837 loss_train: 0.6830 loss_val: 1.2000
Run:01 Epoch: 0838 loss_train: 0.6845 loss_val: 1.1986
Run:01 Epoch: 0839 loss_train: 0.6867 loss_val: 1.1971
Run:01 Epoch: 0840 loss_train: 0.6822 loss_val: 1.1971
Run:01 Epoch: 0841 loss_train: 0.6767 loss_val: 1.1964
Run:01 Epoch: 0842 loss_train: 0.6804 loss_val: 1.1974
Run:01 Epoch: 0843 loss_train: 0.6741 loss_val: 1.1949
Run:01 Epoch: 0844 loss_train: 0.6773 loss_val: 1.1919
Run:01 Epoch: 0845 loss_train: 0.6797 loss_val: 1.1885
Run:01 Epoch: 0846 loss_train: 0.6849 loss_val: 1.1853
Run:01 Epoch: 0847 loss_train: 0.6816 loss_val: 1.1851
Run:01 Epoch: 0848 loss_train: 0.6793 loss_val: 1.1865
Run:01 Epoch: 0849 loss_train: 0.6774 loss_val: 1.1903
Run:01 Epoch: 0850 loss_train: 0.6771 loss_val: 1.1943
Run:01 Epoch: 0851 loss_train: 0.6821 loss_val: 1.1958
Run:01 Epoch: 0852 loss_train: 0.6757 loss_val: 1.1950
Run:01 Epoch: 0853 loss_train: 0.6739 loss_val: 1.1928
Run:01 Epoch: 0854 loss_train: 0.6746 loss_val: 1.1925
Run:01 Epoch: 0855 loss_train: 0.6791 loss_val: 1.1918
Run:01 Epoch: 0856 loss_train: 0.6768 loss_val: 1.1919
Run:01 Epoch: 0857 loss_train: 0.6796 loss_val: 1.1911
Run:01 Epoch: 0858 loss_train: 0.6686 loss_val: 1.1902
Run:01 Epoch: 0859 loss_train: 0.6756 loss_val: 1.1888
Run:01 Epoch: 0860 loss_train: 0.6742 loss_val: 1.1859
Run:01 Epoch: 0861 loss_train: 0.6691 loss_val: 1.1846
Run:01 Epoch: 0862 loss_train: 0.6725 loss_val: 1.1852
Run:01 Epoch: 0863 loss_train: 0.6722 loss_val: 1.1891
Run:01 Epoch: 0864 loss_train: 0.6714 loss_val: 1.1935
Run:01 Epoch: 0865 loss_train: 0.6685 loss_val: 1.1978
Run:01 Epoch: 0866 loss_train: 0.6717 loss_val: 1.2010
Run:01 Epoch: 0867 loss_train: 0.6735 loss_val: 1.2014
Run:01 Epoch: 0868 loss_train: 0.6639 loss_val: 1.1995
Run:01 Epoch: 0869 loss_train: 0.6707 loss_val: 1.1956
Run:01 Epoch: 0870 loss_train: 0.6710 loss_val: 1.1914
Run:01 Epoch: 0871 loss_train: 0.6657 loss_val: 1.1894
Run:01 Epoch: 0872 loss_train: 0.6632 loss_val: 1.1884
Run:01 Epoch: 0873 loss_train: 0.6682 loss_val: 1.1907
Run:01 Epoch: 0874 loss_train: 0.6700 loss_val: 1.1925
Run:01 Epoch: 0875 loss_train: 0.6719 loss_val: 1.1962
Run:01 Epoch: 0876 loss_train: 0.6625 loss_val: 1.1946
Run:01 Epoch: 0877 loss_train: 0.6633 loss_val: 1.1924
Run:01 Epoch: 0878 loss_train: 0.6633 loss_val: 1.1904
Run:01 Epoch: 0879 loss_train: 0.6625 loss_val: 1.1879
Run:01 Epoch: 0880 loss_train: 0.6681 loss_val: 1.1867
Run:01 Epoch: 0881 loss_train: 0.6657 loss_val: 1.1864
Run:01 Epoch: 0882 loss_train: 0.6625 loss_val: 1.1871
Run:01 Epoch: 0883 loss_train: 0.6609 loss_val: 1.1900
Run:01 Epoch: 0884 loss_train: 0.6596 loss_val: 1.1941
Run:01 Epoch: 0885 loss_train: 0.6587 loss_val: 1.1933
Run:01 Epoch: 0886 loss_train: 0.6585 loss_val: 1.1896
Run:01 Epoch: 0887 loss_train: 0.6631 loss_val: 1.1873
Run:01 Epoch: 0888 loss_train: 0.6585 loss_val: 1.1848
Run:01 Epoch: 0889 loss_train: 0.6608 loss_val: 1.1835
Run:01 Epoch: 0890 loss_train: 0.6610 loss_val: 1.1845
Run:01 Epoch: 0891 loss_train: 0.6595 loss_val: 1.1875
Run:01 Epoch: 0892 loss_train: 0.6492 loss_val: 1.1895
Run:01 Epoch: 0893 loss_train: 0.6628 loss_val: 1.1896
Run:01 Epoch: 0894 loss_train: 0.6622 loss_val: 1.1879
Run:01 Epoch: 0895 loss_train: 0.6555 loss_val: 1.1858
Run:01 Epoch: 0896 loss_train: 0.6621 loss_val: 1.1822
Run:01 Epoch: 0897 loss_train: 0.6601 loss_val: 1.1806
Run:01 Epoch: 0898 loss_train: 0.6548 loss_val: 1.1845
Run:01 Epoch: 0899 loss_train: 0.6600 loss_val: 1.1847
Run:01 Epoch: 0900 loss_train: 0.6536 loss_val: 1.1851
Run:01 Epoch: 0901 loss_train: 0.6568 loss_val: 1.1874
Run:01 Epoch: 0902 loss_train: 0.6591 loss_val: 1.1901
Run:01 Epoch: 0903 loss_train: 0.6583 loss_val: 1.1932
Run:01 Epoch: 0904 loss_train: 0.6628 loss_val: 1.1958
Run:01 Epoch: 0905 loss_train: 0.6534 loss_val: 1.1992
Run:01 Epoch: 0906 loss_train: 0.6505 loss_val: 1.2049
Run:01 Epoch: 0907 loss_train: 0.6534 loss_val: 1.2102
Run:01 Epoch: 0908 loss_train: 0.6570 loss_val: 1.2103
Run:01 Epoch: 0909 loss_train: 0.6542 loss_val: 1.2047
Run:01 Epoch: 0910 loss_train: 0.6491 loss_val: 1.2023
Run:01 Epoch: 0911 loss_train: 0.6537 loss_val: 1.1992
Run:01 Epoch: 0912 loss_train: 0.6512 loss_val: 1.1969
Run:01 Epoch: 0913 loss_train: 0.6594 loss_val: 1.1938
Run:01 Epoch: 0914 loss_train: 0.6577 loss_val: 1.1915
Run:01 Epoch: 0915 loss_train: 0.6506 loss_val: 1.1918
Run:01 Epoch: 0916 loss_train: 0.6481 loss_val: 1.1926
Run:01 Epoch: 0917 loss_train: 0.6513 loss_val: 1.1908
Run:01 Epoch: 0918 loss_train: 0.6488 loss_val: 1.1882
Run:01 Epoch: 0919 loss_train: 0.6512 loss_val: 1.1874
Run:01 Epoch: 0920 loss_train: 0.6473 loss_val: 1.1900
Run:01 Epoch: 0921 loss_train: 0.6507 loss_val: 1.1957
Run:01 Epoch: 0922 loss_train: 0.6521 loss_val: 1.1999
Run:01 Epoch: 0923 loss_train: 0.6486 loss_val: 1.2023
Run:01 Epoch: 0924 loss_train: 0.6469 loss_val: 1.2004
Run:01 Epoch: 0925 loss_train: 0.6481 loss_val: 1.1937
Run:01 Epoch: 0926 loss_train: 0.6414 loss_val: 1.1855
Run:01 Epoch: 0927 loss_train: 0.6477 loss_val: 1.1791
Run:01 Epoch: 0928 loss_train: 0.6520 loss_val: 1.1772
Run:01 Epoch: 0929 loss_train: 0.6446 loss_val: 1.1792
Run:01 Epoch: 0930 loss_train: 0.6486 loss_val: 1.1856
Run:01 Epoch: 0931 loss_train: 0.6492 loss_val: 1.1961
Run:01 Epoch: 0932 loss_train: 0.6409 loss_val: 1.2059
Run:01 Epoch: 0933 loss_train: 0.6463 loss_val: 1.2116
Run:01 Epoch: 0934 loss_train: 0.6438 loss_val: 1.2128
Run:01 Epoch: 0935 loss_train: 0.6473 loss_val: 1.2091
Run:01 Epoch: 0936 loss_train: 0.6486 loss_val: 1.2038
Run:01 Epoch: 0937 loss_train: 0.6426 loss_val: 1.1996
Run:01 Epoch: 0938 loss_train: 0.6401 loss_val: 1.1962
Run:01 Epoch: 0939 loss_train: 0.6432 loss_val: 1.1936
Run:01 Epoch: 0940 loss_train: 0.6407 loss_val: 1.1918
Run:01 Epoch: 0941 loss_train: 0.6428 loss_val: 1.1940
Run:01 Epoch: 0942 loss_train: 0.6427 loss_val: 1.1969
Run:01 Epoch: 0943 loss_train: 0.6388 loss_val: 1.2005
Run:01 Epoch: 0944 loss_train: 0.6389 loss_val: 1.2013
Run:01 Epoch: 0945 loss_train: 0.6407 loss_val: 1.1982
Run:01 Epoch: 0946 loss_train: 0.6430 loss_val: 1.1871
Run:01 Epoch: 0947 loss_train: 0.6393 loss_val: 1.1837
Run:01 Epoch: 0948 loss_train: 0.6413 loss_val: 1.1848
Run:01 Epoch: 0949 loss_train: 0.6429 loss_val: 1.1875
Run:01 Epoch: 0950 loss_train: 0.6386 loss_val: 1.1960
Run:01 Epoch: 0951 loss_train: 0.6401 loss_val: 1.2041
Run:01 Epoch: 0952 loss_train: 0.6390 loss_val: 1.2072
Run:01 Epoch: 0953 loss_train: 0.6347 loss_val: 1.2046
Run:01 Epoch: 0954 loss_train: 0.6387 loss_val: 1.1964
Run:01 Epoch: 0955 loss_train: 0.6400 loss_val: 1.1876
Run:01 Epoch: 0956 loss_train: 0.6358 loss_val: 1.1878
Run:01 Epoch: 0957 loss_train: 0.6378 loss_val: 1.1927
Run:01 Epoch: 0958 loss_train: 0.6474 loss_val: 1.1994
Run:01 Epoch: 0959 loss_train: 0.6354 loss_val: 1.2091
Run:01 Epoch: 0960 loss_train: 0.6431 loss_val: 1.2183
Run:01 Epoch: 0961 loss_train: 0.6332 loss_val: 1.2213
Run:01 Epoch: 0962 loss_train: 0.6355 loss_val: 1.2193
Run:01 Epoch: 0963 loss_train: 0.6368 loss_val: 1.2155
Run:01 Epoch: 0964 loss_train: 0.6309 loss_val: 1.2117
Run:01 Epoch: 0965 loss_train: 0.6377 loss_val: 1.2091
Run:01 Epoch: 0966 loss_train: 0.6368 loss_val: 1.2067
Run:01 Epoch: 0967 loss_train: 0.6341 loss_val: 1.2046
Run:01 Epoch: 0968 loss_train: 0.6347 loss_val: 1.2052
Run:01 Epoch: 0969 loss_train: 0.6338 loss_val: 1.2058
Run:01 Epoch: 0970 loss_train: 0.6335 loss_val: 1.2042
Run:01 Epoch: 0971 loss_train: 0.6311 loss_val: 1.2039
Run:01 Epoch: 0972 loss_train: 0.6284 loss_val: 1.2042
Run:01 Epoch: 0973 loss_train: 0.6321 loss_val: 1.2062
Run:01 Epoch: 0974 loss_train: 0.6373 loss_val: 1.2140
Run:01 Epoch: 0975 loss_train: 0.6317 loss_val: 1.2214
Run:01 Epoch: 0976 loss_train: 0.6324 loss_val: 1.2284
Run:01 Epoch: 0977 loss_train: 0.6346 loss_val: 1.2313
Run:01 Epoch: 0978 loss_train: 0.6347 loss_val: 1.2287
Run:01 Epoch: 0979 loss_train: 0.6319 loss_val: 1.2230
Run:01 Epoch: 0980 loss_train: 0.6327 loss_val: 1.2166
Run:01 Epoch: 0981 loss_train: 0.6318 loss_val: 1.2102
Run:01 Epoch: 0982 loss_train: 0.6308 loss_val: 1.2037
Run:01 Epoch: 0983 loss_train: 0.6218 loss_val: 1.1985
Run:01 Epoch: 0984 loss_train: 0.6224 loss_val: 1.1963
Run:01 Epoch: 0985 loss_train: 0.6241 loss_val: 1.1950
Run:01 Epoch: 0986 loss_train: 0.6289 loss_val: 1.1935
Run:01 Epoch: 0987 loss_train: 0.6218 loss_val: 1.1943
Run:01 Epoch: 0988 loss_train: 0.6259 loss_val: 1.1947
Run:01 Epoch: 0989 loss_train: 0.6259 loss_val: 1.1957
Run:01 Epoch: 0990 loss_train: 0.6215 loss_val: 1.1983
Run:01 Epoch: 0991 loss_train: 0.6205 loss_val: 1.1999
Run:01 Epoch: 0992 loss_train: 0.6218 loss_val: 1.2017
Run:01 Epoch: 0993 loss_train: 0.6238 loss_val: 1.2029
Run:01 Epoch: 0994 loss_train: 0.6179 loss_val: 1.2036
Run:01 Epoch: 0995 loss_train: 0.6252 loss_val: 1.2038
Run:01 Epoch: 0996 loss_train: 0.6215 loss_val: 1.2013
Run:01 Epoch: 0997 loss_train: 0.6252 loss_val: 1.1991
Run:01 Epoch: 0998 loss_train: 0.6189 loss_val: 1.1964
Run:01 Epoch: 0999 loss_train: 0.6190 loss_val: 1.1943
Run:01 Epoch: 1000 loss_train: 0.6155 loss_val: 1.1928
Run:01 Epoch: 1001 loss_train: 0.6187 loss_val: 1.1919
Run:01 Epoch: 1002 loss_train: 0.6151 loss_val: 1.1893
Run:01 Epoch: 1003 loss_train: 0.6144 loss_val: 1.1872
Run:01 Epoch: 1004 loss_train: 0.6153 loss_val: 1.1893
Run:01 Epoch: 1005 loss_train: 0.6167 loss_val: 1.1935
Run:01 Epoch: 1006 loss_train: 0.6182 loss_val: 1.1996
Run:01 Epoch: 1007 loss_train: 0.6170 loss_val: 1.2052
Run:01 Epoch: 1008 loss_train: 0.6153 loss_val: 1.2038
Run:01 Epoch: 1009 loss_train: 0.6181 loss_val: 1.2013
Run:01 Epoch: 1010 loss_train: 0.6167 loss_val: 1.1978
Run:01 Epoch: 1011 loss_train: 0.6161 loss_val: 1.1953
Run:01 Epoch: 1012 loss_train: 0.6170 loss_val: 1.1947
Run:01 Epoch: 1013 loss_train: 0.6191 loss_val: 1.1983
Run:01 Epoch: 1014 loss_train: 0.6212 loss_val: 1.2048
Run:01 Epoch: 1015 loss_train: 0.6141 loss_val: 1.2112
Run:01 Epoch: 1016 loss_train: 0.6143 loss_val: 1.2130
Run:01 Epoch: 1017 loss_train: 0.6111 loss_val: 1.2132
Run:01 Epoch: 1018 loss_train: 0.6151 loss_val: 1.2111
Run:01 Epoch: 1019 loss_train: 0.6081 loss_val: 1.2075
Run:01 Epoch: 1020 loss_train: 0.6093 loss_val: 1.2010
Run:01 Epoch: 1021 loss_train: 0.6143 loss_val: 1.1977
Run:01 Epoch: 1022 loss_train: 0.6135 loss_val: 1.1971
Run:01 Epoch: 1023 loss_train: 0.6134 loss_val: 1.1987
Run:01 Epoch: 1024 loss_train: 0.6119 loss_val: 1.2014
Run:01 Epoch: 1025 loss_train: 0.6094 loss_val: 1.2043
Run:01 Epoch: 1026 loss_train: 0.6077 loss_val: 1.2066
Run:01 Epoch: 1027 loss_train: 0.6054 loss_val: 1.2071
Run:01 Epoch: 1028 loss_train: 0.6069 loss_val: 1.2063
Run:01 Epoch: 1029 loss_train: 0.6111 loss_val: 1.2042
Run:01 Epoch: 1030 loss_train: 0.6104 loss_val: 1.2021
Run:01 Epoch: 1031 loss_train: 0.6106 loss_val: 1.1988
Run:01 Epoch: 1032 loss_train: 0.6126 loss_val: 1.1971
Run:01 Epoch: 1033 loss_train: 0.6091 loss_val: 1.1958
Run:01 Epoch: 1034 loss_train: 0.6082 loss_val: 1.1965
Run:01 Epoch: 1035 loss_train: 0.6085 loss_val: 1.1973
Run:01 Epoch: 1036 loss_train: 0.6013 loss_val: 1.1978
Run:01 Epoch: 1037 loss_train: 0.6065 loss_val: 1.2007
Run:01 Epoch: 1038 loss_train: 0.5999 loss_val: 1.2059
Run:01 Epoch: 1039 loss_train: 0.6078 loss_val: 1.2099
Run:01 Epoch: 1040 loss_train: 0.6044 loss_val: 1.2110
Run:01 Epoch: 1041 loss_train: 0.6051 loss_val: 1.2120
Run:01 Epoch: 1042 loss_train: 0.6013 loss_val: 1.2116
Run:01 Epoch: 1043 loss_train: 0.6031 loss_val: 1.2082
Run:01 Epoch: 1044 loss_train: 0.6059 loss_val: 1.2049
Run:01 Epoch: 1045 loss_train: 0.6039 loss_val: 1.2002
Run:01 Epoch: 1046 loss_train: 0.5998 loss_val: 1.1984
Run:01 Epoch: 1047 loss_train: 0.6058 loss_val: 1.1973
Run:01 Epoch: 1048 loss_train: 0.6040 loss_val: 1.1944
Run:01 Epoch: 1049 loss_train: 0.6047 loss_val: 1.1945
Run:01 Epoch: 1050 loss_train: 0.6100 loss_val: 1.1945
Run:01 Epoch: 1051 loss_train: 0.6031 loss_val: 1.2033
Run:01 Epoch: 1052 loss_train: 0.6044 loss_val: 1.2106
Run:01 Epoch: 1053 loss_train: 0.6084 loss_val: 1.2150
Run:01 Epoch: 1054 loss_train: 0.6101 loss_val: 1.2175
Run:01 Epoch: 1055 loss_train: 0.6025 loss_val: 1.2167
Run:01 Epoch: 1056 loss_train: 0.6054 loss_val: 1.2140
Run:01 Epoch: 1057 loss_train: 0.6028 loss_val: 1.2117
Run:01 Epoch: 1058 loss_train: 0.6065 loss_val: 1.2114
Run:01 Epoch: 1059 loss_train: 0.6003 loss_val: 1.2114
Run:01 Epoch: 1060 loss_train: 0.6015 loss_val: 1.2116
Run:01 Epoch: 1061 loss_train: 0.5997 loss_val: 1.2111
Run:01 Epoch: 1062 loss_train: 0.6009 loss_val: 1.2040
Run:01 Epoch: 1063 loss_train: 0.5987 loss_val: 1.2003
Run:01 Epoch: 1064 loss_train: 0.6055 loss_val: 1.1979
Run:01 Epoch: 1065 loss_train: 0.6069 loss_val: 1.2002
Run:01 Epoch: 1066 loss_train: 0.5996 loss_val: 1.2059
Run:01 Epoch: 1067 loss_train: 0.5979 loss_val: 1.2149
Run:01 Epoch: 1068 loss_train: 0.6014 loss_val: 1.2189
Run:01 Epoch: 1069 loss_train: 0.6052 loss_val: 1.2161
Run:01 Epoch: 1070 loss_train: 0.5983 loss_val: 1.2094
Run:01 Epoch: 1071 loss_train: 0.5946 loss_val: 1.2045
Run:01 Epoch: 1072 loss_train: 0.5966 loss_val: 1.2026
Run:01 Epoch: 1073 loss_train: 0.6058 loss_val: 1.2030
Run:01 Epoch: 1074 loss_train: 0.5950 loss_val: 1.2071
Run:01 Epoch: 1075 loss_train: 0.5957 loss_val: 1.2146
Run:01 Epoch: 1076 loss_train: 0.5943 loss_val: 1.2206
Run:01 Epoch: 1077 loss_train: 0.5991 loss_val: 1.2180
Run:01 Epoch: 1078 loss_train: 0.5966 loss_val: 1.2102
Run:01 Epoch: 1079 loss_train: 0.5928 loss_val: 1.2008
Run:01 Epoch: 1080 loss_train: 0.5913 loss_val: 1.1914
Run:01 Epoch: 1081 loss_train: 0.5973 loss_val: 1.1890
Run:01 Epoch: 1082 loss_train: 0.5962 loss_val: 1.1914
Run:01 Epoch: 1083 loss_train: 0.5982 loss_val: 1.1962
Run:01 Epoch: 1084 loss_train: 0.5923 loss_val: 1.2024
Run:01 Epoch: 1085 loss_train: 0.5918 loss_val: 1.2057
Run:01 Epoch: 1086 loss_train: 0.5946 loss_val: 1.2051
Run:01 Epoch: 1087 loss_train: 0.5955 loss_val: 1.2009
Run:01 Epoch: 1088 loss_train: 0.5877 loss_val: 1.1947
Run:01 Epoch: 1089 loss_train: 0.5923 loss_val: 1.1900
Run:01 Epoch: 1090 loss_train: 0.5864 loss_val: 1.1884
Run:01 Epoch: 1091 loss_train: 0.5918 loss_val: 1.1900
Run:01 Epoch: 1092 loss_train: 0.5883 loss_val: 1.1938
Run:01 Epoch: 1093 loss_train: 0.5909 loss_val: 1.2010
Run:01 Epoch: 1094 loss_train: 0.5913 loss_val: 1.2108
Run:01 Epoch: 1095 loss_train: 0.5862 loss_val: 1.2154
Run:01 Epoch: 1096 loss_train: 0.5861 loss_val: 1.2141
Run:01 Epoch: 1097 loss_train: 0.5868 loss_val: 1.2081
Run:01 Epoch: 1098 loss_train: 0.5859 loss_val: 1.2014
Run:01 Epoch: 1099 loss_train: 0.5906 loss_val: 1.1988
Run:01 Epoch: 1100 loss_train: 0.5873 loss_val: 1.1992
Run:01 Epoch: 1101 loss_train: 0.5902 loss_val: 1.2030
Run:01 Epoch: 1102 loss_train: 0.5813 loss_val: 1.2065
Run:01 Epoch: 1103 loss_train: 0.5868 loss_val: 1.2086
Run:01 Epoch: 1104 loss_train: 0.5847 loss_val: 1.2079
Run:01 Epoch: 1105 loss_train: 0.5812 loss_val: 1.2074
Run:01 Epoch: 1106 loss_train: 0.5838 loss_val: 1.2064
Run:01 Epoch: 1107 loss_train: 0.5883 loss_val: 1.2054
Run:01 Epoch: 1108 loss_train: 0.5847 loss_val: 1.2049
Run:01 Epoch: 1109 loss_train: 0.5786 loss_val: 1.2068
Run:01 Epoch: 1110 loss_train: 0.5824 loss_val: 1.2081
Run:01 Epoch: 1111 loss_train: 0.5836 loss_val: 1.2087
Run:01 Epoch: 1112 loss_train: 0.5987 loss_val: 1.2041
Run:01 Epoch: 1113 loss_train: 0.5823 loss_val: 1.2004
Run:01 Epoch: 1114 loss_train: 0.5802 loss_val: 1.1986
Run:01 Epoch: 1115 loss_train: 0.5839 loss_val: 1.2007
Run:01 Epoch: 1116 loss_train: 0.5801 loss_val: 1.2050
Run:01 Epoch: 1117 loss_train: 0.5915 loss_val: 1.2166
Run:01 Epoch: 1118 loss_train: 0.5842 loss_val: 1.2263
Run:01 Epoch: 1119 loss_train: 0.5850 loss_val: 1.2296
Run:01 Epoch: 1120 loss_train: 0.5837 loss_val: 1.2301
Run:01 Epoch: 1121 loss_train: 0.5827 loss_val: 1.2293
Run:01 Epoch: 1122 loss_train: 0.5845 loss_val: 1.2269
Run:01 Epoch: 1123 loss_train: 0.5854 loss_val: 1.2229
Run:01 Epoch: 1124 loss_train: 0.5808 loss_val: 1.2181
Run:01 Epoch: 1125 loss_train: 0.5828 loss_val: 1.2154
Run:01 Epoch: 1126 loss_train: 0.5810 loss_val: 1.2135
Run:01 Epoch: 1127 loss_train: 0.5767 loss_val: 1.2126
Run:01 Epoch: 1128 loss_train: 0.5820 loss_val: 1.2115
Run:01 Epoch: 1129 loss_train: 0.5816 loss_val: 1.2125
Run:01 Epoch: 1130 loss_train: 0.5795 loss_val: 1.2129
Run:01 Epoch: 1131 loss_train: 0.5757 loss_val: 1.2130
Run:01 Epoch: 1132 loss_train: 0.5743 loss_val: 1.2119
Run:01 Epoch: 1133 loss_train: 0.5745 loss_val: 1.2108
Run:01 Epoch: 1134 loss_train: 0.5750 loss_val: 1.2104
Run:01 Epoch: 1135 loss_train: 0.5831 loss_val: 1.2098
Run:01 Epoch: 1136 loss_train: 0.5751 loss_val: 1.2093
Run:01 Epoch: 1137 loss_train: 0.5756 loss_val: 1.2076
Run:01 Epoch: 1138 loss_train: 0.5723 loss_val: 1.2084
Run:01 Epoch: 1139 loss_train: 0.5740 loss_val: 1.2109
Run:01 Epoch: 1140 loss_train: 0.5760 loss_val: 1.2119
Run:01 Epoch: 1141 loss_train: 0.5740 loss_val: 1.2141
Run:01 Epoch: 1142 loss_train: 0.5766 loss_val: 1.2131
Run:01 Epoch: 1143 loss_train: 0.5765 loss_val: 1.2094
Run:01 Epoch: 1144 loss_train: 0.5742 loss_val: 1.2033
Run:01 Epoch: 1145 loss_train: 0.5738 loss_val: 1.1989
Run:01 Epoch: 1146 loss_train: 0.5796 loss_val: 1.1974
Run:01 Epoch: 1147 loss_train: 0.5707 loss_val: 1.1994
Run:01 Epoch: 1148 loss_train: 0.5663 loss_val: 1.2036
Run:01 Epoch: 1149 loss_train: 0.5711 loss_val: 1.2074
Run:01 Epoch: 1150 loss_train: 0.5646 loss_val: 1.2098
Run:01 Epoch: 1151 loss_train: 0.5716 loss_val: 1.2084
Run:01 Epoch: 1152 loss_train: 0.5669 loss_val: 1.2051
Run:01 Epoch: 1153 loss_train: 0.5614 loss_val: 1.2044
Run:01 Epoch: 1154 loss_train: 0.5699 loss_val: 1.2023
Run:01 Epoch: 1155 loss_train: 0.5700 loss_val: 1.2000
Run:01 Epoch: 1156 loss_train: 0.5639 loss_val: 1.2005
Run:01 Epoch: 1157 loss_train: 0.5702 loss_val: 1.2042
Run:01 Epoch: 1158 loss_train: 0.5730 loss_val: 1.2144
Run:01 Epoch: 1159 loss_train: 0.5690 loss_val: 1.2249
Run:01 Epoch: 1160 loss_train: 0.5680 loss_val: 1.2331
Run:01 Epoch: 1161 loss_train: 0.5723 loss_val: 1.2410
Run:01 Epoch: 1162 loss_train: 0.5736 loss_val: 1.2434
Run:01 Epoch: 1163 loss_train: 0.5645 loss_val: 1.2400
Run:01 Epoch: 1164 loss_train: 0.5763 loss_val: 1.2332
Run:01 Epoch: 1165 loss_train: 0.5661 loss_val: 1.2261
Run:01 Epoch: 1166 loss_train: 0.5632 loss_val: 1.2214
Run:01 Epoch: 1167 loss_train: 0.5699 loss_val: 1.2183
Run:01 Epoch: 1168 loss_train: 0.5736 loss_val: 1.2175
Run:01 Epoch: 1169 loss_train: 0.5710 loss_val: 1.2195
Run:01 Epoch: 1170 loss_train: 0.5669 loss_val: 1.2236
Run:01 Epoch: 1171 loss_train: 0.5660 loss_val: 1.2265
Run:01 Epoch: 1172 loss_train: 0.5646 loss_val: 1.2291
Run:01 Epoch: 1173 loss_train: 0.5683 loss_val: 1.2292
Run:01 Epoch: 1174 loss_train: 0.5790 loss_val: 1.2215
Run:01 Epoch: 1175 loss_train: 0.5619 loss_val: 1.2179
Run:01 Epoch: 1176 loss_train: 0.5677 loss_val: 1.2180
Run:01 Epoch: 1177 loss_train: 0.5627 loss_val: 1.2222
Run:01 Epoch: 1178 loss_train: 0.5648 loss_val: 1.2260
Run:01 Epoch: 1179 loss_train: 0.5632 loss_val: 1.2271
Run:01 Epoch: 1180 loss_train: 0.5671 loss_val: 1.2249
Run:01 Epoch: 1181 loss_train: 0.5679 loss_val: 1.2192
Run:01 Epoch: 1182 loss_train: 0.5633 loss_val: 1.2163
Run:01 Epoch: 1183 loss_train: 0.5669 loss_val: 1.2133
Run:01 Epoch: 1184 loss_train: 0.5677 loss_val: 1.2105
Run:01 Epoch: 1185 loss_train: 0.5570 loss_val: 1.2108
Run:01 Epoch: 1186 loss_train: 0.5612 loss_val: 1.2128
Run:01 Epoch: 1187 loss_train: 0.5608 loss_val: 1.2140
Run:01 Epoch: 1188 loss_train: 0.5610 loss_val: 1.2151
Run:01 Epoch: 1189 loss_train: 0.5598 loss_val: 1.2161
Run:01 Epoch: 1190 loss_train: 0.5536 loss_val: 1.2163
Run:01 Epoch: 1191 loss_train: 0.5592 loss_val: 1.2172
Run:01 Epoch: 1192 loss_train: 0.5605 loss_val: 1.2159
Run:01 Epoch: 1193 loss_train: 0.5599 loss_val: 1.2164
Run:01 Epoch: 1194 loss_train: 0.5591 loss_val: 1.2196
Run:01 Epoch: 1195 loss_train: 0.5551 loss_val: 1.2223
Run:01 Epoch: 1196 loss_train: 0.5556 loss_val: 1.2233
Run:01 Epoch: 1197 loss_train: 0.5546 loss_val: 1.2230
Run:01 Epoch: 1198 loss_train: 0.5579 loss_val: 1.2193
Run:01 Epoch: 1199 loss_train: 0.5589 loss_val: 1.2152
Run:01 Epoch: 1200 loss_train: 0.5572 loss_val: 1.2118
Run:01 Epoch: 1201 loss_train: 0.5603 loss_val: 1.2108
Run:01 Epoch: 1202 loss_train: 0.5485 loss_val: 1.2113
Run:01 Epoch: 1203 loss_train: 0.5552 loss_val: 1.2124
Run:01 Epoch: 1204 loss_train: 0.5529 loss_val: 1.2149
Run:01 Epoch: 1205 loss_train: 0.5521 loss_val: 1.2166
Run:01 Epoch: 1206 loss_train: 0.5522 loss_val: 1.2183
Run:01 Epoch: 1207 loss_train: 0.5572 loss_val: 1.2205
Run:01 Epoch: 1208 loss_train: 0.5555 loss_val: 1.2198
Run:01 Epoch: 1209 loss_train: 0.5535 loss_val: 1.2174
Run:01 Epoch: 1210 loss_train: 0.5526 loss_val: 1.2133
Run:01 Epoch: 1211 loss_train: 0.5420 loss_val: 1.2097
Run:01 Epoch: 1212 loss_train: 0.5512 loss_val: 1.2072
Run:01 Epoch: 1213 loss_train: 0.5446 loss_val: 1.2057
Run:01 Epoch: 1214 loss_train: 0.5520 loss_val: 1.2074
Run:01 Epoch: 1215 loss_train: 0.5520 loss_val: 1.2098
Run:01 Epoch: 1216 loss_train: 0.5569 loss_val: 1.2164
Run:01 Epoch: 1217 loss_train: 0.5578 loss_val: 1.2250
Run:01 Epoch: 1218 loss_train: 0.5578 loss_val: 1.2332
Run:01 Epoch: 1219 loss_train: 0.5523 loss_val: 1.2411
Run:01 Epoch: 1220 loss_train: 0.5568 loss_val: 1.2457
Run:01 Epoch: 1221 loss_train: 0.5573 loss_val: 1.2454
Run:01 Epoch: 1222 loss_train: 0.5511 loss_val: 1.2442
Run:01 Epoch: 1223 loss_train: 0.5492 loss_val: 1.2386
Run:01 Epoch: 1224 loss_train: 0.5539 loss_val: 1.2310
Run:01 Epoch: 1225 loss_train: 0.5495 loss_val: 1.2248
Run:01 Epoch: 1226 loss_train: 0.5475 loss_val: 1.2198
Run:01 Epoch: 1227 loss_train: 0.5564 loss_val: 1.2190
Run:01 Epoch: 1228 loss_train: 0.5531 loss_val: 1.2191
Run:01 Epoch: 1229 loss_train: 0.5582 loss_val: 1.2199
Run:01 Epoch: 1230 loss_train: 0.5497 loss_val: 1.2227
Run:01 Epoch: 1231 loss_train: 0.5520 loss_val: 1.2268
Run:01 Epoch: 1232 loss_train: 0.5434 loss_val: 1.2326
Run:01 Epoch: 1233 loss_train: 0.5501 loss_val: 1.2390
Run:01 Epoch: 1234 loss_train: 0.5549 loss_val: 1.2407
Run:01 Epoch: 1235 loss_train: 0.5492 loss_val: 1.2408
Run:01 Epoch: 1236 loss_train: 0.5497 loss_val: 1.2361
Run:01 Epoch: 1237 loss_train: 0.5445 loss_val: 1.2277
Run:01 Epoch: 1238 loss_train: 0.5467 loss_val: 1.2188
Run:01 Epoch: 1239 loss_train: 0.5514 loss_val: 1.2143
Run:01 Epoch: 1240 loss_train: 0.5488 loss_val: 1.2124
Run:01 Epoch: 1241 loss_train: 0.5439 loss_val: 1.2145
Run:01 Epoch: 1242 loss_train: 0.5435 loss_val: 1.2174
Run:01 Epoch: 1243 loss_train: 0.5460 loss_val: 1.2138
Run:01 Epoch: 1244 loss_train: 0.5464 loss_val: 1.2088
Run:01 Epoch: 1245 loss_train: 0.5437 loss_val: 1.2074
Run:01 Epoch: 1246 loss_train: 0.5435 loss_val: 1.2090
Run:01 Epoch: 1247 loss_train: 0.5424 loss_val: 1.2127
Run:01 Epoch: 1248 loss_train: 0.5475 loss_val: 1.2165
Run:01 Epoch: 1249 loss_train: 0.5421 loss_val: 1.2210
Run:01 Epoch: 1250 loss_train: 0.5428 loss_val: 1.2237
Run:01 Epoch: 1251 loss_train: 0.5431 loss_val: 1.2235
Run:01 Epoch: 1252 loss_train: 0.5441 loss_val: 1.2206
Run:01 Epoch: 1253 loss_train: 0.5412 loss_val: 1.2185
Run:01 Epoch: 1254 loss_train: 0.5433 loss_val: 1.2176
Run:01 Epoch: 1255 loss_train: 0.5411 loss_val: 1.2171
Run:01 Epoch: 1256 loss_train: 0.5403 loss_val: 1.2168
Run:01 Epoch: 1257 loss_train: 0.5412 loss_val: 1.2164
Run:01 Epoch: 1258 loss_train: 0.5443 loss_val: 1.2152
Run:01 Epoch: 1259 loss_train: 0.5430 loss_val: 1.2132
Run:01 Epoch: 1260 loss_train: 0.5602 loss_val: 1.2129
Run:01 Epoch: 1261 loss_train: 0.5393 loss_val: 1.2139
Run:01 Epoch: 1262 loss_train: 0.5409 loss_val: 1.2179
Run:01 Epoch: 1263 loss_train: 0.5457 loss_val: 1.2251
Run:01 Epoch: 1264 loss_train: 0.5453 loss_val: 1.2335
Run:01 Epoch: 1265 loss_train: 0.5461 loss_val: 1.2371
Run:01 Epoch: 1266 loss_train: 0.5433 loss_val: 1.2365
Run:01 Epoch: 1267 loss_train: 0.5421 loss_val: 1.2333
Run:01 Epoch: 1268 loss_train: 0.5391 loss_val: 1.2269
Run:01 Epoch: 1269 loss_train: 0.5410 loss_val: 1.2193
Run:01 Epoch: 1270 loss_train: 0.5402 loss_val: 1.2148
Run:01 Epoch: 1271 loss_train: 0.5397 loss_val: 1.2161
Run:01 Epoch: 1272 loss_train: 0.5404 loss_val: 1.2227
Run:01 Epoch: 1273 loss_train: 0.5420 loss_val: 1.2271
Run:01 Epoch: 1274 loss_train: 0.5360 loss_val: 1.2285
Run:01 Epoch: 1275 loss_train: 0.5360 loss_val: 1.2293
Run:01 Epoch: 1276 loss_train: 0.5328 loss_val: 1.2304
Run:01 Epoch: 1277 loss_train: 0.5321 loss_val: 1.2312
Run:01 Epoch: 1278 loss_train: 0.5314 loss_val: 1.2326
Run:01 Epoch: 1279 loss_train: 0.5329 loss_val: 1.2344
Run:01 Epoch: 1280 loss_train: 0.5419 loss_val: 1.2350
Run:01 Epoch: 1281 loss_train: 0.5390 loss_val: 1.2308
Run:01 Epoch: 1282 loss_train: 0.5381 loss_val: 1.2276
Run:01 Epoch: 1283 loss_train: 0.5351 loss_val: 1.2234
Run:01 Epoch: 1284 loss_train: 0.5362 loss_val: 1.2178
Run:01 Epoch: 1285 loss_train: 0.5341 loss_val: 1.2144
Run:01 Epoch: 1286 loss_train: 0.5390 loss_val: 1.2149
Run:01 Epoch: 1287 loss_train: 0.5307 loss_val: 1.2173
Run:01 Epoch: 1288 loss_train: 0.5346 loss_val: 1.2218
Run:01 Epoch: 1289 loss_train: 0.5300 loss_val: 1.2254
Run:01 Epoch: 1290 loss_train: 0.5328 loss_val: 1.2276
Run:01 Epoch: 1291 loss_train: 0.5253 loss_val: 1.2290
Run:01 Epoch: 1292 loss_train: 0.5372 loss_val: 1.2277
Run:01 Epoch: 1293 loss_train: 0.5340 loss_val: 1.2242
Run:01 Epoch: 1294 loss_train: 0.5336 loss_val: 1.2212
Run:01 Epoch: 1295 loss_train: 0.5335 loss_val: 1.2192
Run:01 Epoch: 1296 loss_train: 0.5318 loss_val: 1.2178
Run:01 Epoch: 1297 loss_train: 0.5352 loss_val: 1.2203
Run:01 Epoch: 1298 loss_train: 0.5302 loss_val: 1.2292
Run:01 Epoch: 1299 loss_train: 0.5258 loss_val: 1.2414
Run:01 Epoch: 1300 loss_train: 0.5305 loss_val: 1.2506
Run:01 Epoch: 1301 loss_train: 0.5378 loss_val: 1.2466
Run:01 Epoch: 1302 loss_train: 0.5333 loss_val: 1.2408
Run:01 Epoch: 1303 loss_train: 0.5263 loss_val: 1.2332
Run:01 Epoch: 1304 loss_train: 0.5335 loss_val: 1.2276
Run:01 Epoch: 1305 loss_train: 0.5285 loss_val: 1.2248
Run:01 Epoch: 1306 loss_train: 0.5341 loss_val: 1.2265
Run:01 Epoch: 1307 loss_train: 0.5316 loss_val: 1.2291
Run:01 Epoch: 1308 loss_train: 0.5400 loss_val: 1.2287
Run:01 Epoch: 1309 loss_train: 0.5272 loss_val: 1.2293
Run:01 Epoch: 1310 loss_train: 0.5294 loss_val: 1.2287
Run:01 Epoch: 1311 loss_train: 0.5269 loss_val: 1.2231
Run:01 Epoch: 1312 loss_train: 0.5300 loss_val: 1.2196
Run:01 Epoch: 1313 loss_train: 0.5264 loss_val: 1.2169
Run:01 Epoch: 1314 loss_train: 0.5256 loss_val: 1.2146
Run:01 Epoch: 1315 loss_train: 0.5377 loss_val: 1.2176
Run:01 Epoch: 1316 loss_train: 0.5286 loss_val: 1.2220
Run:01 Epoch: 1317 loss_train: 0.5267 loss_val: 1.2288
Run:01 Epoch: 1318 loss_train: 0.5340 loss_val: 1.2387
Run:01 Epoch: 1319 loss_train: 0.5291 loss_val: 1.2462
Run:01 Epoch: 1320 loss_train: 0.5302 loss_val: 1.2503
Run:01 Epoch: 1321 loss_train: 0.5322 loss_val: 1.2501
Run:01 Epoch: 1322 loss_train: 0.5249 loss_val: 1.2468
Run:01 Epoch: 1323 loss_train: 0.5303 loss_val: 1.2427
Run:01 Epoch: 1324 loss_train: 0.5244 loss_val: 1.2389
Run:01 Epoch: 1325 loss_train: 0.5216 loss_val: 1.2365
Run:01 Epoch: 1326 loss_train: 0.5300 loss_val: 1.2337
Run:01 Epoch: 1327 loss_train: 0.5268 loss_val: 1.2304
Run:01 Epoch: 1328 loss_train: 0.5250 loss_val: 1.2274
Run:01 Epoch: 1329 loss_train: 0.5223 loss_val: 1.2263
Run:01 Epoch: 1330 loss_train: 0.5248 loss_val: 1.2249
Run:01 Epoch: 1331 loss_train: 0.5287 loss_val: 1.2234
Run:01 Epoch: 1332 loss_train: 0.5250 loss_val: 1.2246
Run:01 Epoch: 1333 loss_train: 0.5200 loss_val: 1.2259
Run:01 Epoch: 1334 loss_train: 0.5210 loss_val: 1.2279
Run:01 Epoch: 1335 loss_train: 0.5240 loss_val: 1.2301
Run:01 Epoch: 1336 loss_train: 0.5252 loss_val: 1.2310
Run:01 Epoch: 1337 loss_train: 0.5270 loss_val: 1.2312
Run:01 Epoch: 1338 loss_train: 0.5236 loss_val: 1.2269
Run:01 Epoch: 1339 loss_train: 0.5225 loss_val: 1.2231
Run:01 Epoch: 1340 loss_train: 0.5194 loss_val: 1.2181
Run:01 Epoch: 1341 loss_train: 0.5238 loss_val: 1.2149
Run:01 Epoch: 1342 loss_train: 0.5196 loss_val: 1.2121
Run:01 Epoch: 1343 loss_train: 0.5205 loss_val: 1.2097
Run:01 Epoch: 1344 loss_train: 0.5162 loss_val: 1.2112
Run:01 Epoch: 1345 loss_train: 0.5182 loss_val: 1.2135
Run:01 Epoch: 1346 loss_train: 0.5206 loss_val: 1.2160
Run:01 Epoch: 1347 loss_train: 0.5215 loss_val: 1.2200
Run:01 Epoch: 1348 loss_train: 0.5209 loss_val: 1.2257
Run:01 Epoch: 1349 loss_train: 0.5147 loss_val: 1.2325
Run:01 Epoch: 1350 loss_train: 0.5270 loss_val: 1.2420
Run:01 Epoch: 1351 loss_train: 0.5164 loss_val: 1.2490
Run:01 Epoch: 1352 loss_train: 0.5214 loss_val: 1.2526
Run:01 Epoch: 1353 loss_train: 0.5218 loss_val: 1.2546
Run:01 Epoch: 1354 loss_train: 0.5276 loss_val: 1.2584
Run:01 Epoch: 1355 loss_train: 0.5222 loss_val: 1.2555
Run:01 Epoch: 1356 loss_train: 0.5220 loss_val: 1.2480
Run:01 Epoch: 1357 loss_train: 0.5209 loss_val: 1.2410
Run:01 Epoch: 1358 loss_train: 0.5248 loss_val: 1.2384
Run:01 Epoch: 1359 loss_train: 0.5150 loss_val: 1.2382
Run:01 Epoch: 1360 loss_train: 0.5211 loss_val: 1.2424
Run:01 Epoch: 1361 loss_train: 0.5165 loss_val: 1.2443
Run:01 Epoch: 1362 loss_train: 0.5089 loss_val: 1.2453
Run:01 Epoch: 1363 loss_train: 0.5165 loss_val: 1.2423
Run:01 Epoch: 1364 loss_train: 0.5148 loss_val: 1.2394
Run:01 Epoch: 1365 loss_train: 0.5189 loss_val: 1.2381
Run:01 Epoch: 1366 loss_train: 0.5151 loss_val: 1.2399
Run:01 Epoch: 1367 loss_train: 0.5146 loss_val: 1.2427
Run:01 Epoch: 1368 loss_train: 0.5147 loss_val: 1.2445
Run:01 Epoch: 1369 loss_train: 0.5120 loss_val: 1.2416
Run:01 Epoch: 1370 loss_train: 0.5139 loss_val: 1.2352
Run:01 Epoch: 1371 loss_train: 0.5134 loss_val: 1.2283
Run:01 Epoch: 1372 loss_train: 0.5140 loss_val: 1.2243
Run:01 Epoch: 1373 loss_train: 0.5097 loss_val: 1.2242
Run:01 Epoch: 1374 loss_train: 0.5142 loss_val: 1.2269
Run:01 Epoch: 1375 loss_train: 0.5094 loss_val: 1.2292
Run:01 Epoch: 1376 loss_train: 0.5092 loss_val: 1.2300
Run:01 Epoch: 1377 loss_train: 0.5112 loss_val: 1.2303
Run:01 Epoch: 1378 loss_train: 0.5137 loss_val: 1.2323
Run:01 Epoch: 1379 loss_train: 0.5101 loss_val: 1.2341
Run:01 Epoch: 1380 loss_train: 0.5118 loss_val: 1.2348
Run:01 Epoch: 1381 loss_train: 0.5061 loss_val: 1.2333
Run:01 Epoch: 1382 loss_train: 0.5092 loss_val: 1.2323
Run:01 Epoch: 1383 loss_train: 0.5081 loss_val: 1.2300
Run:01 Epoch: 1384 loss_train: 0.5100 loss_val: 1.2282
Run:01 Epoch: 1385 loss_train: 0.5128 loss_val: 1.2252
Run:01 Epoch: 1386 loss_train: 0.5106 loss_val: 1.2246
Run:01 Epoch: 1387 loss_train: 0.5075 loss_val: 1.2243
Run:01 Epoch: 1388 loss_train: 0.5138 loss_val: 1.2262
Run:01 Epoch: 1389 loss_train: 0.5095 loss_val: 1.2295
Run:01 Epoch: 1390 loss_train: 0.5095 loss_val: 1.2310
Run:01 Epoch: 1391 loss_train: 0.5094 loss_val: 1.2312
Run:01 Epoch: 1392 loss_train: 0.5089 loss_val: 1.2306
Run:01 Epoch: 1393 loss_train: 0.5102 loss_val: 1.2301
Run:01 Epoch: 1394 loss_train: 0.5065 loss_val: 1.2320
Run:01 Epoch: 1395 loss_train: 0.5024 loss_val: 1.2343
Run:01 Epoch: 1396 loss_train: 0.5076 loss_val: 1.2351
Run:01 Epoch: 1397 loss_train: 0.5091 loss_val: 1.2331
Run:01 Epoch: 1398 loss_train: 0.5034 loss_val: 1.2335
Run:01 Epoch: 1399 loss_train: 0.5080 loss_val: 1.2347
Run:01 Epoch: 1400 loss_train: 0.5070 loss_val: 1.2353
Run:01 Epoch: 1401 loss_train: 0.5030 loss_val: 1.2361
Run:01 Epoch: 1402 loss_train: 0.5032 loss_val: 1.2358
Run:01 Epoch: 1403 loss_train: 0.5053 loss_val: 1.2353
Run:01 Epoch: 1404 loss_train: 0.5095 loss_val: 1.2346
Run:01 Epoch: 1405 loss_train: 0.5062 loss_val: 1.2352
Run:01 Epoch: 1406 loss_train: 0.5045 loss_val: 1.2348
Run:01 Epoch: 1407 loss_train: 0.5017 loss_val: 1.2339
Run:01 Epoch: 1408 loss_train: 0.5029 loss_val: 1.2312
Run:01 Epoch: 1409 loss_train: 0.5099 loss_val: 1.2313
Run:01 Epoch: 1410 loss_train: 0.5052 loss_val: 1.2321
Run:01 Epoch: 1411 loss_train: 0.5038 loss_val: 1.2299
Run:01 Epoch: 1412 loss_train: 0.5046 loss_val: 1.2299
Run:01 Epoch: 1413 loss_train: 0.5010 loss_val: 1.2317
Run:01 Epoch: 1414 loss_train: 0.4968 loss_val: 1.2353
Run:01 Epoch: 1415 loss_train: 0.5018 loss_val: 1.2334
Run:01 Epoch: 1416 loss_train: 0.5028 loss_val: 1.2311
Run:01 Epoch: 1417 loss_train: 0.5031 loss_val: 1.2293
Run:01 Epoch: 1418 loss_train: 0.5046 loss_val: 1.2265
Run:01 Epoch: 1419 loss_train: 0.5008 loss_val: 1.2226
Run:01 Epoch: 1420 loss_train: 0.5032 loss_val: 1.2209
Run:01 Epoch: 1421 loss_train: 0.5065 loss_val: 1.2208
Run:01 Epoch: 1422 loss_train: 0.5009 loss_val: 1.2198
Run:01 Epoch: 1423 loss_train: 0.5007 loss_val: 1.2218
Run:01 Epoch: 1424 loss_train: 0.5049 loss_val: 1.2242
Run:01 Epoch: 1425 loss_train: 0.5050 loss_val: 1.2275
Run:01 Epoch: 1426 loss_train: 0.4956 loss_val: 1.2295
Run:01 Epoch: 1427 loss_train: 0.5008 loss_val: 1.2317
Run:01 Epoch: 1428 loss_train: 0.4999 loss_val: 1.2335
Run:01 Epoch: 1429 loss_train: 0.5001 loss_val: 1.2365
Run:01 Epoch: 1430 loss_train: 0.4962 loss_val: 1.2390
Run:01 Epoch: 1431 loss_train: 0.5000 loss_val: 1.2386
Run:01 Epoch: 1432 loss_train: 0.4966 loss_val: 1.2381
Run:01 Epoch: 1433 loss_train: 0.5002 loss_val: 1.2362
Run:01 Epoch: 1434 loss_train: 0.4974 loss_val: 1.2325
Run:01 Epoch: 1435 loss_train: 0.4988 loss_val: 1.2294
Run:01 Epoch: 1436 loss_train: 0.4961 loss_val: 1.2278
Run:01 Epoch: 1437 loss_train: 0.4971 loss_val: 1.2299
Run:01 Epoch: 1438 loss_train: 0.4967 loss_val: 1.2361
Run:01 Epoch: 1439 loss_train: 0.4944 loss_val: 1.2412
Run:01 Epoch: 1440 loss_train: 0.4938 loss_val: 1.2429
Run:01 Epoch: 1441 loss_train: 0.4943 loss_val: 1.2420
Run:01 Epoch: 1442 loss_train: 0.4945 loss_val: 1.2390
Run:01 Epoch: 1443 loss_train: 0.4965 loss_val: 1.2385
Run:01 Epoch: 1444 loss_train: 0.4945 loss_val: 1.2380
Run:01 Epoch: 1445 loss_train: 0.4978 loss_val: 1.2369
Run:01 Epoch: 1446 loss_train: 0.4927 loss_val: 1.2337
Run:01 Epoch: 1447 loss_train: 0.4910 loss_val: 1.2310
Run:01 Epoch: 1448 loss_train: 0.4979 loss_val: 1.2287
Run:01 Epoch: 1449 loss_train: 0.4949 loss_val: 1.2298
Run:01 Epoch: 1450 loss_train: 0.4942 loss_val: 1.2320
Run:01 Epoch: 1451 loss_train: 0.4930 loss_val: 1.2314
Run:01 Epoch: 1452 loss_train: 0.4940 loss_val: 1.2307
Run:01 Epoch: 1453 loss_train: 0.4927 loss_val: 1.2320
Run:01 Epoch: 1454 loss_train: 0.4966 loss_val: 1.2325
Run:01 Epoch: 1455 loss_train: 0.4998 loss_val: 1.2322
Run:01 Epoch: 1456 loss_train: 0.4967 loss_val: 1.2327
Run:01 Epoch: 1457 loss_train: 0.4938 loss_val: 1.2315
Run:01 Epoch: 1458 loss_train: 0.4962 loss_val: 1.2292
Run:01 Epoch: 1459 loss_train: 0.4921 loss_val: 1.2301
Run:01 Epoch: 1460 loss_train: 0.4959 loss_val: 1.2314
Run:01 Epoch: 1461 loss_train: 0.4937 loss_val: 1.2325
Run:01 Epoch: 1462 loss_train: 0.4935 loss_val: 1.2340
Run:01 Epoch: 1463 loss_train: 0.4935 loss_val: 1.2351
Run:01 Epoch: 1464 loss_train: 0.5009 loss_val: 1.2310
Run:01 Epoch: 1465 loss_train: 0.4888 loss_val: 1.2270
Run:01 Epoch: 1466 loss_train: 0.4938 loss_val: 1.2240
Run:01 Epoch: 1467 loss_train: 0.4958 loss_val: 1.2244
Run:01 Epoch: 1468 loss_train: 0.4908 loss_val: 1.2269
Run:01 Epoch: 1469 loss_train: 0.4904 loss_val: 1.2269
Run:01 Epoch: 1470 loss_train: 0.4926 loss_val: 1.2224
Run:01 Epoch: 1471 loss_train: 0.4891 loss_val: 1.2189
Run:01 Epoch: 1472 loss_train: 0.4884 loss_val: 1.2190
Run:01 Epoch: 1473 loss_train: 0.4968 loss_val: 1.2228
Run:01 Epoch: 1474 loss_train: 0.4979 loss_val: 1.2312
Run:01 Epoch: 1475 loss_train: 0.4859 loss_val: 1.2409
Run:01 Epoch: 1476 loss_train: 0.4952 loss_val: 1.2442
Run:01 Epoch: 1477 loss_train: 0.4961 loss_val: 1.2401
Run:01 Epoch: 1478 loss_train: 0.4884 loss_val: 1.2367
Run:01 Epoch: 1479 loss_train: 0.4873 loss_val: 1.2349
Run:01 Epoch: 1480 loss_train: 0.4889 loss_val: 1.2331
Run:01 Epoch: 1481 loss_train: 0.4853 loss_val: 1.2326
Run:01 Epoch: 1482 loss_train: 0.4836 loss_val: 1.2344
Run:01 Epoch: 1483 loss_train: 0.4830 loss_val: 1.2387
Run:01 Epoch: 1484 loss_train: 0.4847 loss_val: 1.2421
Run:01 Epoch: 1485 loss_train: 0.4854 loss_val: 1.2434
Run:01 Epoch: 1486 loss_train: 0.4864 loss_val: 1.2378
Run:01 Epoch: 1487 loss_train: 0.4883 loss_val: 1.2356
Run:01 Epoch: 1488 Run Train: 100%|| 1/1 [3:11:18<00:00, 11478.97s/it]Run Train: 100%|| 1/1 [3:11:18<00:00, 11478.97s/it]
loss_train: 0.4995 loss_val: 1.2366
Run:01 Epoch: 1489 loss_train: 0.4966 loss_val: 1.2402
Run:01 Epoch: 1490 loss_train: 0.4887 loss_val: 1.2497
Run:01 Epoch: 1491 loss_train: 0.4941 loss_val: 1.2536
Run:01 Epoch: 1492 loss_train: 0.4901 loss_val: 1.2494
Run:01 Epoch: 1493 loss_train: 0.4931 loss_val: 1.2410
Run:01 Epoch: 1494 loss_train: 0.4879 loss_val: 1.2356
Run:01 Epoch: 1495 loss_train: 0.4884 loss_val: 1.2354
Run:01 Epoch: 1496 loss_train: 0.4855 loss_val: 1.2379
Run:01 Epoch: 1497 loss_train: 0.4816 loss_val: 1.2421
Run:01 Epoch: 1498 loss_train: 0.4909 loss_val: 1.2446
Run:01 Epoch: 1499 loss_train: 0.4844 loss_val: 1.2462
Run:01 Epoch: 1500 loss_train: 0.4902 loss_val: 1.2430
test acc: 0.6847826086956522 test acc std 0.0


test micro f1: 0.6847826086956522 test macro f1 0.6298590269989847
