args
 Namespace(samples=2, concat=10, runs=3, latent_size=10, dataset='house', seed=42, epochs=500, lr=0.01, weight_decay=0.0005, hidden=20, dropout=0.5, batch_size=128, tem=0.5, lam=1.0, pretrain_epochs=15, pretrain_lr=0.05, conditional=True, update_epochs=20, num_models=100, warmup=200, cuda=False)
This is house_committees dataset:
  ->  num_classes
  ->  num_vertices
  ->  num_edges
  ->  edge_list
  ->  labels
Please try `data['name']` to get the specified data.
Run Train:   0%|          | 0/3 [00:00<?, ?it/s]/users/Min/miniconda/envs/hy/lib/python3.9/site-packages/torch/nn/functional.py:1967: UserWarning: nn.functional.sigmoid is deprecated. Use torch.sigmoid instead.
  warnings.warn("nn.functional.sigmoid is deprecated. Use torch.sigmoid instead.")
Run:01 Epoch: 0001 loss_train: 1.2342 loss_val: 1.0421
Run:01 Epoch: 0002 loss_train: 1.0509 loss_val: 1.8107
Run:01 Epoch: 0003 loss_train: 1.9201 loss_val: 0.7126
Run:01 Epoch: 0004 loss_train: 0.7987 loss_val: 0.9309
Run:01 Epoch: 0005 loss_train: 0.9645 loss_val: 1.0293
Run:01 Epoch: 0006 loss_train: 1.0552 loss_val: 0.7103
Run:01 Epoch: 0007 loss_train: 0.7433 loss_val: 0.9335
Run:01 Epoch: 0008 loss_train: 0.9230 loss_val: 0.7508
Run:01 Epoch: 0009 loss_train: 0.7969 loss_val: 0.7785
Run:01 Epoch: 0010 loss_train: 0.8187 loss_val: 0.8384
Run:01 Epoch: 0011 loss_train: 0.8751 loss_val: 0.7147
Run:01 Epoch: 0012 loss_train: 0.7238 loss_val: 0.7152
Run:01 Epoch: 0013 loss_train: 0.7182 loss_val: 0.7503
Run:01 Epoch: 0014 loss_train: 0.7653 loss_val: 0.7442
Run:01 Epoch: 0015 loss_train: 0.7513 loss_val: 0.7132
Run:01 Epoch: 0016 loss_train: 0.7141 loss_val: 0.7077
Run:01 Epoch: 0017 loss_train: 0.7044 loss_val: 0.7300
Run:01 Epoch: 0018 loss_train: 0.7343 loss_val: 0.7470
Run:01 Epoch: 0019 loss_train: 0.7565 loss_val: 0.7442
Run:01 Epoch: 0020 loss_train: 0.7548 loss_val: 0.7219
Run:01 Epoch: 0021 loss_train: 0.7261 loss_val: 0.7114
Run:01 Epoch: 0022 loss_train: 0.7036 loss_val: 0.7096
Run:01 Epoch: 0023 loss_train: 0.6998 loss_val: 0.7082
Run:01 Epoch: 0024 loss_train: 0.6965 loss_val: 0.7091
Run:01 Epoch: 0025 loss_train: 0.6974 loss_val: 0.7076
Run:01 Epoch: 0026 loss_train: 0.6934 loss_val: 0.7096
Run:01 Epoch: 0027 loss_train: 0.6978 loss_val: 0.7169
Run:01 Epoch: 0028 loss_train: 0.7055 loss_val: 0.7292
Run:01 Epoch: 0029 loss_train: 0.7170 loss_val: 0.7331
Run:01 Epoch: 0030 loss_train: 0.7381 loss_val: 0.7074
Run:01 Epoch: 0031 loss_train: 0.6917 loss_val: 0.7103
Run:01 Epoch: 0032 loss_train: 0.6952 loss_val: 0.7242
Run:01 Epoch: 0033 loss_train: 0.7196 loss_val: 0.7169
Run:01 Epoch: 0034 loss_train: 0.7003 loss_val: 0.7114
Run:01 Epoch: 0035 loss_train: 0.6875 loss_val: 0.7121
Run:01 Epoch: 0036 loss_train: 0.6873 loss_val: 0.7125
Run:01 Epoch: 0037 loss_train: 0.6871 loss_val: 0.7160
Run:01 Epoch: 0038 loss_train: 0.6866 loss_val: 0.7233
Run:01 Epoch: 0039 loss_train: 0.6954 loss_val: 0.7234
Run:01 Epoch: 0040 loss_train: 0.6925 loss_val: 0.7248
Run:01 Epoch: 0041 loss_train: 0.6914 loss_val: 0.7310
Run:01 Epoch: 0042 loss_train: 0.6870 loss_val: 0.7372
Run:01 Epoch: 0043 loss_train: 0.6881 loss_val: 0.7412
Run:01 Epoch: 0044 loss_train: 0.6923 loss_val: 0.7500
Run:01 Epoch: 0045 loss_train: 0.6909 loss_val: 0.7425
Run:01 Epoch: 0046 loss_train: 0.6835 loss_val: 0.7458
Run:01 Epoch: 0047 loss_train: 0.6888 loss_val: 0.7485
Run:01 Epoch: 0048 loss_train: 0.6849 loss_val: 0.7509
Run:01 Epoch: 0049 loss_train: 0.6752 loss_val: 0.7584
Run:01 Epoch: 0050 loss_train: 0.6787 loss_val: 0.7607
Run:01 Epoch: 0051 loss_train: 0.6726 loss_val: 0.7679
Run:01 Epoch: 0052 loss_train: 0.6800 loss_val: 0.7746
Run:01 Epoch: 0053 loss_train: 0.6664 loss_val: 0.7843
Run:01 Epoch: 0054 loss_train: 0.6841 loss_val: 0.8374
Run:01 Epoch: 0055 loss_train: 0.7134 loss_val: 0.7863
Run:01 Epoch: 0056 loss_train: 0.6623 loss_val: 0.7981
Run:01 Epoch: 0057 loss_train: 0.6826 loss_val: 0.8204
Run:01 Epoch: 0058 loss_train: 0.7003 loss_val: 0.7890
Run:01 Epoch: 0059 loss_train: 0.6618 loss_val: 0.8180
Run:01 Epoch: 0060 loss_train: 0.6875 loss_val: 0.7820
Run:01 Epoch: 0061 loss_train: 0.6474 loss_val: 0.8224
Run:01 Epoch: 0062 loss_train: 0.6753 loss_val: 0.7895
Run:01 Epoch: 0063 loss_train: 0.6532 loss_val: 0.8023
Run:01 Epoch: 0064 loss_train: 0.6566 loss_val: 0.7919
Run:01 Epoch: 0065 loss_train: 0.6560 loss_val: 0.7997
Run:01 Epoch: 0066 loss_train: 0.6600 loss_val: 0.8021
Run:01 Epoch: 0067 loss_train: 0.6552 loss_val: 0.7884
Run:01 Epoch: 0068 loss_train: 0.6384 loss_val: 0.8074
Run:01 Epoch: 0069 loss_train: 0.6450 loss_val: 0.8034
Run:01 Epoch: 0070 loss_train: 0.6377 loss_val: 0.8198
Run:01 Epoch: 0071 loss_train: 0.6372 loss_val: 0.8076
Run:01 Epoch: 0072 loss_train: 0.6264 loss_val: 0.8125
Run:01 Epoch: 0073 loss_train: 0.6403 loss_val: 0.8283
Run:01 Epoch: 0074 loss_train: 0.6409 loss_val: 0.8223
Run:01 Epoch: 0075 loss_train: 0.6252 loss_val: 0.8340
Run:01 Epoch: 0076 loss_train: 0.6522 loss_val: 0.8179
Run:01 Epoch: 0077 loss_train: 0.6173 loss_val: 0.8903
Run:01 Epoch: 0078 loss_train: 0.6962 loss_val: 0.8202
Run:01 Epoch: 0079 loss_train: 0.6242 loss_val: 0.8476
Run:01 Epoch: 0080 loss_train: 0.6359 loss_val: 0.8056
Run:01 Epoch: 0081 loss_train: 0.6045 loss_val: 0.8534
Run:01 Epoch: 0082 loss_train: 0.6500 loss_val: 0.8233
Run:01 Epoch: 0083 loss_train: 0.6220 loss_val: 0.8187
Run:01 Epoch: 0084 loss_train: 0.6037 loss_val: 0.8337
Run:01 Epoch: 0085 loss_train: 0.6311 loss_val: 0.8155
Run:01 Epoch: 0086 loss_train: 0.5958 loss_val: 0.8791
Run:01 Epoch: 0087 loss_train: 0.6540 loss_val: 0.8289
Run:01 Epoch: 0088 loss_train: 0.6004 loss_val: 0.8414
Run:01 Epoch: 0089 loss_train: 0.5947 loss_val: 0.8652
Run:01 Epoch: 0090 loss_train: 0.6344 loss_val: 0.8446
Run:01 Epoch: 0091 loss_train: 0.5945 loss_val: 0.9071
Run:01 Epoch: 0092 loss_train: 0.6630 loss_val: 0.8323
Run:01 Epoch: 0093 loss_train: 0.5774 loss_val: 0.8701
Run:01 Epoch: 0094 loss_train: 0.6131 loss_val: 0.8417
Run:01 Epoch: 0095 loss_train: 0.5877 loss_val: 0.8501
Run:01 Epoch: 0096 loss_train: 0.5792 loss_val: 0.9031
Run:01 Epoch: 0097 loss_train: 0.6289 loss_val: 0.8392
Run:01 Epoch: 0098 loss_train: 0.5773 loss_val: 0.8781
Run:01 Epoch: 0099 loss_train: 0.6057 loss_val: 0.8503
Run:01 Epoch: 0100 loss_train: 0.5856 loss_val: 0.8951
Run:01 Epoch: 0101 loss_train: 0.6117 loss_val: 0.8975
Run:01 Epoch: 0102 loss_train: 0.6020 loss_val: 0.8408
Run:01 Epoch: 0103 loss_train: 0.5575 loss_val: 0.8916
Run:01 Epoch: 0104 loss_train: 0.6020 loss_val: 0.8527
Run:01 Epoch: 0105 loss_train: 0.5689 loss_val: 0.8820
Run:01 Epoch: 0106 loss_train: 0.5754 loss_val: 0.9018
Run:01 Epoch: 0107 loss_train: 0.5781 loss_val: 0.8610
Run:01 Epoch: 0108 loss_train: 0.5544 loss_val: 0.8941
Run:01 Epoch: 0109 loss_train: 0.5640 loss_val: 0.8878
Run:01 Epoch: 0110 loss_train: 0.5625 loss_val: 0.8734
Run:01 Epoch: 0111 loss_train: 0.5514 loss_val: 0.8910
Run:01 Epoch: 0112 loss_train: 0.5633 loss_val: 0.8509
Run:01 Epoch: 0113 loss_train: 0.5379 loss_val: 0.8748
Run:01 Epoch: 0114 loss_train: 0.5808 loss_val: 0.8506
Run:01 Epoch: 0115 loss_train: 0.5424 loss_val: 0.8955
Run:01 Epoch: 0116 loss_train: 0.5708 loss_val: 0.8607
Run:01 Epoch: 0117 loss_train: 0.5279 loss_val: 0.8823
Run:01 Epoch: 0118 loss_train: 0.5309 loss_val: 0.8955
Run:01 Epoch: 0119 loss_train: 0.5482 loss_val: 0.9135
Run:01 Epoch: 0120 loss_train: 0.5620 loss_val: 0.9134
Run:01 Epoch: 0121 loss_train: 0.5455 loss_val: 0.8964
Run:01 Epoch: 0122 loss_train: 0.5341 loss_val: 0.8883
Run:01 Epoch: 0123 loss_train: 0.5297 loss_val: 0.8957
Run:01 Epoch: 0124 loss_train: 0.5477 loss_val: 0.8691
Run:01 Epoch: 0125 loss_train: 0.5128 loss_val: 0.8665
Run:01 Epoch: 0126 loss_train: 0.5165 loss_val: 0.8739
Run:01 Epoch: 0127 loss_train: 0.5298 loss_val: 0.8732
Run:01 Epoch: 0128 loss_train: 0.5154 loss_val: 0.8970
Run:01 Epoch: 0129 loss_train: 0.5142 loss_val: 0.9002
Run:01 Epoch: 0130 loss_train: 0.4978 loss_val: 0.9132
Run:01 Epoch: 0131 loss_train: 0.4949 loss_val: 0.9381
Run:01 Epoch: 0132 loss_train: 0.5250 loss_val: 0.9278
Run:01 Epoch: 0133 loss_train: 0.5055 loss_val: 0.9466
Run:01 Epoch: 0134 loss_train: 0.5124 loss_val: 0.9297
Run:01 Epoch: 0135 loss_train: 0.5056 loss_val: 0.9197
Run:01 Epoch: 0136 loss_train: 0.5188 loss_val: 0.9223
Run:01 Epoch: 0137 loss_train: 0.5229 loss_val: 0.8877
Run:01 Epoch: 0138 loss_train: 0.4838 loss_val: 0.9566
Run:01 Epoch: 0139 loss_train: 0.5366 loss_val: 0.9116
Run:01 Epoch: 0140 loss_train: 0.4806 loss_val: 0.9307
Run:01 Epoch: 0141 loss_train: 0.4973 loss_val: 0.9348
Run:01 Epoch: 0142 loss_train: 0.4914 loss_val: 0.9476
Run:01 Epoch: 0143 loss_train: 0.5019 loss_val: 0.9409
Run:01 Epoch: 0144 loss_train: 0.4815 loss_val: 0.9232
Run:01 Epoch: 0145 loss_train: 0.4902 loss_val: 0.9226
Run:01 Epoch: 0146 loss_train: 0.4795 loss_val: 0.9466
Run:01 Epoch: 0147 loss_train: 0.4964 loss_val: 0.9206
Run:01 Epoch: 0148 loss_train: 0.4631 loss_val: 0.9564
Run:01 Epoch: 0149 loss_train: 0.5140 loss_val: 0.9833
Run:01 Epoch: 0150 loss_train: 0.5174 loss_val: 0.9108
Run:01 Epoch: 0151 loss_train: 0.4760 loss_val: 0.9093
Run:01 Epoch: 0152 loss_train: 0.4608 loss_val: 0.9132
Run:01 Epoch: 0153 loss_train: 0.4726 loss_val: 0.9183
Run:01 Epoch: 0154 loss_train: 0.4629 loss_val: 0.9514
Run:01 Epoch: 0155 loss_train: 0.4710 loss_val: 0.9479
Run:01 Epoch: 0156 loss_train: 0.4624 loss_val: 0.9944
Run:01 Epoch: 0157 loss_train: 0.5173 loss_val: 1.0163
Run:01 Epoch: 0158 loss_train: 0.5746 loss_val: 0.9123
Run:01 Epoch: 0159 loss_train: 0.4735 loss_val: 0.8941
Run:01 Epoch: 0160 loss_train: 0.4695 loss_val: 0.8767
Run:01 Epoch: 0161 loss_train: 0.4447 loss_val: 0.8981
Run:01 Epoch: 0162 loss_train: 0.4762 loss_val: 0.8801
Run:01 Epoch: 0163 loss_train: 0.4533 loss_val: 0.9122
Run:01 Epoch: 0164 loss_train: 0.4498 loss_val: 0.9102
Run:01 Epoch: 0165 loss_train: 0.4632 loss_val: 0.9695
Run:01 Epoch: 0166 loss_train: 0.4816 loss_val: 0.9423
Run:01 Epoch: 0167 loss_train: 0.4382 loss_val: 1.0000
Run:01 Epoch: 0168 loss_train: 0.5177 loss_val: 0.9630
Run:01 Epoch: 0169 loss_train: 0.4945 loss_val: 0.9259
Run:01 Epoch: 0170 loss_train: 0.4516 loss_val: 0.9479
Run:01 Epoch: 0171 loss_train: 0.4640 loss_val: 0.9246
Run:01 Epoch: 0172 loss_train: 0.4387 loss_val: 0.9199
Run:01 Epoch: 0173 loss_train: 0.4415 loss_val: 0.9179
Run:01 Epoch: 0174 loss_train: 0.4484 loss_val: 0.9076
Run:01 Epoch: 0175 loss_train: 0.4328 loss_val: 0.9082
Run:01 Epoch: 0176 loss_train: 0.4428 loss_val: 0.9103
Run:01 Epoch: 0177 loss_train: 0.4144 loss_val: 0.9828
Run:01 Epoch: 0178 loss_train: 0.4604 loss_val: 0.9480
Run:01 Epoch: 0179 loss_train: 0.4377 loss_val: 0.9569
Run:01 Epoch: 0180 loss_train: 0.4380 loss_val: 1.1070
Run:01 Epoch: 0181 loss_train: 0.5385 loss_val: 0.9697
Run:01 Epoch: 0182 loss_train: 0.4473 loss_val: 0.9272
Run:01 Epoch: 0183 loss_train: 0.4241 loss_val: 0.9343
Run:01 Epoch: 0184 loss_train: 0.4549 loss_val: 0.9004
Run:01 Epoch: 0185 loss_train: 0.4336 loss_val: 0.9032
Run:01 Epoch: 0186 loss_train: 0.4412 loss_val: 0.9170
Run:01 Epoch: 0187 loss_train: 0.4534 loss_val: 0.9149
Run:01 Epoch: 0188 loss_train: 0.4279 loss_val: 0.9445
Run:01 Epoch: 0189 loss_train: 0.4535 loss_val: 0.9603
Run:01 Epoch: 0190 loss_train: 0.4730 loss_val: 0.9578
Run:01 Epoch: 0191 loss_train: 0.4374 loss_val: 0.9608
Run:01 Epoch: 0192 loss_train: 0.4231 loss_val: 0.9708
Run:01 Epoch: 0193 loss_train: 0.4424 loss_val: 0.9460
Run:01 Epoch: 0194 loss_train: 0.4300 loss_val: 0.9421
Run:01 Epoch: 0195 loss_train: 0.4197 loss_val: 0.9342
Run:01 Epoch: 0196 loss_train: 0.4223 loss_val: 0.9438
Run:01 Epoch: 0197 loss_train: 0.4153 loss_val: 0.9521
Run:01 Epoch: 0198 loss_train: 0.4096 loss_val: 0.9570
Run:01 Epoch: 0199 loss_train: 0.4260 loss_val: 1.0247
Run:01 Epoch: 0200 loss_train: 0.4888 loss_val: 1.0259
Run:01 Epoch: 0201 loss_train: 0.4577 loss_val: 0.9941
Run:01 Epoch: 0202 loss_train: 0.4265 loss_val: 0.9838
Run:01 Epoch: 0203 loss_train: 0.4008 loss_val: 0.9934
Run:01 Epoch: 0204 loss_train: 0.4066 loss_val: 1.0044
Run:01 Epoch: 0205 loss_train: 0.4087 loss_val: 1.0044
Run:01 Epoch: 0206 loss_train: 0.3911 loss_val: 1.0057
Run:01 Epoch: 0207 loss_train: 0.4002 loss_val: 1.0050
Run:01 Epoch: 0208 loss_train: 0.3908 loss_val: 0.9978
Run:01 Epoch: 0209 loss_train: 0.4084 loss_val: 1.0238
Run:01 Epoch: 0210 loss_train: 0.4473 loss_val: 1.0573
Run:01 Epoch: 0211 loss_train: 0.5023 loss_val: 0.9520
Run:01 Epoch: 0212 loss_train: 0.3981 loss_val: 1.0171
Run:01 Epoch: 0213 loss_train: 0.4976 loss_val: 1.0870
Run:01 Epoch: 0214 loss_train: 0.5735 loss_val: 0.9186
Run:01 Epoch: 0215 loss_train: 0.3994 loss_val: 0.9818
Run:01 Epoch: 0216 loss_train: 0.4861 loss_val: 0.9047
Run:01 Epoch: 0217 loss_train: 0.4087 loss_val: 0.9755
Run:01 Epoch: 0218 loss_train: 0.4493 loss_val: 0.9737
Run:01 Epoch: 0219 loss_train: 0.4441 loss_val: 1.0076
Run:01 Epoch: 0220 loss_train: 0.4568 loss_val: 0.9905
Run:01 Epoch: 0221 loss_train: 0.4196 loss_val: 1.0547
Run:01 Epoch: 0222 loss_train: 0.4675 loss_val: 0.9906
Run:01 Epoch: 0223 loss_train: 0.4025 loss_val: 1.0268
Run:01 Epoch: 0224 loss_train: 0.4258 loss_val: 0.9658
Run:01 Epoch: 0225 loss_train: 0.4134 loss_val: 1.0047
Run:01 Epoch: 0226 loss_train: 0.4230 loss_val: 0.9486
Run:01 Epoch: 0227 loss_train: 0.4038 loss_val: 0.9602
Run:01 Epoch: 0228 loss_train: 0.4479 loss_val: 0.9467
Run:01 Epoch: 0229 loss_train: 0.4004 loss_val: 0.9855
Run:01 Epoch: 0230 loss_train: 0.4275 loss_val: 0.9769
Run:01 Epoch: 0231 loss_train: 0.3972 loss_val: 1.0222
Run:01 Epoch: 0232 loss_train: 0.4284 loss_val: 1.1154
Run:01 Epoch: 0233 loss_train: 0.4950 loss_val: 1.0179
Run:01 Epoch: 0234 loss_train: 0.3789 loss_val: 1.0504
Run:01 Epoch: 0235 loss_train: 0.4355 loss_val: 1.0263
Run:01 Epoch: 0236 loss_train: 0.3931 loss_val: 1.0437
Run:01 Epoch: 0237 loss_train: 0.4003 loss_val: 0.9880
Run:01 Epoch: 0238 loss_train: 0.3769 loss_val: 1.0326
Run:01 Epoch: 0239 loss_train: 0.4278 loss_val: 0.9640
Run:01 Epoch: 0240 loss_train: 0.3765 loss_val: 0.9957
Run:01 Epoch: 0241 loss_train: 0.4164 loss_val: 0.9861
Run:01 Epoch: 0242 loss_train: 0.4049 loss_val: 1.0158
Run:01 Epoch: 0243 loss_train: 0.4482 loss_val: 0.9637
Run:01 Epoch: 0244 loss_train: 0.3892 loss_val: 0.9708
Run:01 Epoch: 0245 loss_train: 0.3776 loss_val: 0.9852
Run:01 Epoch: 0246 loss_train: 0.3648 loss_val: 0.9940
Run:01 Epoch: 0247 loss_train: 0.3753 loss_val: 1.0151
Run:01 Epoch: 0248 loss_train: 0.3661 loss_val: 1.0348
Run:01 Epoch: 0249 loss_train: 0.3801 loss_val: 1.0530
Run:01 Epoch: 0250 loss_train: 0.3774 loss_val: 1.0660
Run:01 Epoch: 0251 loss_train: 0.3616 loss_val: 1.0894
Run:01 Epoch: 0252 loss_train: 0.3954 loss_val: 1.1240
Run:01 Epoch: 0253 loss_train: 0.4614 loss_val: 1.0499
Run:01 Epoch: 0254 loss_train: 0.3736 loss_val: 1.0489
Run:01 Epoch: 0255 loss_train: 0.4313 loss_val: 1.0418
Run:01 Epoch: 0256 loss_train: 0.4061 loss_val: 1.0133
Run:01 Epoch: 0257 loss_train: 0.4410 loss_val: 1.0462
Run:01 Epoch: 0258 loss_train: 0.4618 loss_val: 0.9928
Run:01 Epoch: 0259 loss_train: 0.3966 loss_val: 1.0097
Run:01 Epoch: 0260 loss_train: 0.4481 loss_val: 0.9680
Run:01 Epoch: 0261 loss_train: 0.3799 loss_val: 0.9836
Run:01 Epoch: 0262 loss_train: 0.3903 loss_val: 0.9765
Run:01 Epoch: 0263 loss_train: 0.4005 loss_val: 0.9934
Run:01 Epoch: 0264 loss_train: 0.3792 loss_val: 0.9893
Run:01 Epoch: 0265 loss_train: 0.3727 loss_val: 0.9915
Run:01 Epoch: 0266 loss_train: 0.3653 loss_val: 1.0666
Run:01 Epoch: 0267 loss_train: 0.4243 loss_val: 1.0175
Run:01 Epoch: 0268 loss_train: 0.3531 loss_val: 1.1173
Run:01 Epoch: 0269 loss_train: 0.4223 loss_val: 1.0617
Run:01 Epoch: 0270 loss_train: 0.3616 loss_val: 1.1776
Run:01 Epoch: 0271 loss_train: 0.4572 loss_val: 1.0872
Run:01 Epoch: 0272 loss_train: 0.3544 loss_val: 1.1767
Run:01 Epoch: 0273 loss_train: 0.4362 loss_val: 1.0843
Run:01 Epoch: 0274 loss_train: 0.3497 loss_val: 1.1312
Run:01 Epoch: 0275 loss_train: 0.4000 loss_val: 1.0495
Run:01 Epoch: 0276 loss_train: 0.3532 loss_val: 1.0360
Run:01 Epoch: 0277 loss_train: 0.3626 loss_val: 1.0230
Run:01 Epoch: 0278 loss_train: 0.3472 loss_val: 1.0321
Run:01 Epoch: 0279 loss_train: 0.3670 loss_val: 1.0176
Run:01 Epoch: 0280 loss_train: 0.3451 loss_val: 1.0360
Run:01 Epoch: 0281 loss_train: 0.3374 loss_val: 1.0965
Run:01 Epoch: 0282 loss_train: 0.4401 loss_val: 1.1934
Run:01 Epoch: 0283 loss_train: 0.5072 loss_val: 0.9976
Run:01 Epoch: 0284 loss_train: 0.3504 loss_val: 1.0548
Run:01 Epoch: 0285 loss_train: 0.4458 loss_val: 0.9749
Run:01 Epoch: 0286 loss_train: 0.3405 loss_val: 1.0347
Run:01 Epoch: 0287 loss_train: 0.4106 loss_val: 0.9878
Run:01 Epoch: 0288 loss_train: 0.3539 loss_val: 1.0230
Run:01 Epoch: 0289 loss_train: 0.3760 loss_val: 1.0340
Run:01 Epoch: 0290 loss_train: 0.3569 loss_val: 1.0322
Run:01 Epoch: 0291 loss_train: 0.3644 loss_val: 1.0277
Run:01 Epoch: 0292 loss_train: 0.3713 loss_val: 1.0198
Run:01 Epoch: 0293 loss_train: 0.3516 loss_val: 1.0179
Run:01 Epoch: 0294 loss_train: 0.3706 loss_val: 1.0411
Run:01 Epoch: 0295 loss_train: 0.3667 loss_val: 1.0301
Run:01 Epoch: 0296 loss_train: 0.3670 loss_val: 1.0420
Run:01 Epoch: 0297 loss_train: 0.3449 loss_val: 1.0700
Run:01 Epoch: 0298 loss_train: 0.3833 loss_val: 1.0612
Run:01 Epoch: 0299 loss_train: 0.3730 loss_val: 1.0778
Run:01 Epoch: 0300 loss_train: 0.3620 loss_val: 1.0930
Run:01 Epoch: 0301 loss_train: 0.3381 loss_val: 1.0906
Run:01 Epoch: 0302 loss_train: 0.3368 loss_val: 1.0740
Run:01 Epoch: 0303 loss_train: 0.3410 loss_val: 1.0646
Run:01 Epoch: 0304 loss_train: 0.3613 loss_val: 1.0340
Run:01 Epoch: 0305 loss_train: 0.3362 loss_val: 1.0572
Run:01 Epoch: 0306 loss_train: 0.3477 loss_val: 1.0474
Run:01 Epoch: 0307 loss_train: 0.3813 loss_val: 1.0331
Run:01 Epoch: 0308 loss_train: 0.3370 loss_val: 1.0547
Run:01 Epoch: 0309 loss_train: 0.3318 loss_val: 1.0686
Run:01 Epoch: 0310 loss_train: 0.3360 loss_val: 1.1013
Run:01 Epoch: 0311 loss_train: 0.3799 loss_val: 1.1043
Run:01 Epoch: 0312 loss_train: 0.3420 loss_val: 1.0866
Run:01 Epoch: 0313 loss_train: 0.3477 loss_val: 1.0766
Run:01 Epoch: 0314 loss_train: 0.3339 loss_val: 1.0915
Run:01 Epoch: 0315 loss_train: 0.3671 loss_val: 1.1397
Run:01 Epoch: 0316 loss_train: 0.4281 loss_val: 1.0733
Run:01 Epoch: 0317 loss_train: 0.3406 loss_val: 1.0839
Run:01 Epoch: 0318 loss_train: 0.3800 loss_val: 1.1060
Run:01 Epoch: 0319 loss_train: 0.4052 loss_val: 1.0172
Run:01 Epoch: 0320 loss_train: 0.3204 loss_val: 1.0407
Run:01 Epoch: 0321 loss_train: 0.3498 loss_val: 1.0330
Run:01 Epoch: 0322 loss_train: 0.3531 loss_val: 1.0411
Run:01 Epoch: 0323 loss_train: 0.3389 loss_val: 1.0895
Run:01 Epoch: 0324 loss_train: 0.3628 loss_val: 1.0645
Run:01 Epoch: 0325 loss_train: 0.3320 loss_val: 1.1303
Run:01 Epoch: 0326 loss_train: 0.3543 loss_val: 1.1076
Run:01 Epoch: 0327 loss_train: 0.3366 loss_val: 1.1072
Run:01 Epoch: 0328 loss_train: 0.3255 loss_val: 1.1037
Run:01 Epoch: 0329 loss_train: 0.3425 loss_val: 1.1097
Run:01 Epoch: 0330 loss_train: 0.3368 loss_val: 1.1333
Run:01 Epoch: 0331 loss_train: 0.3287 loss_val: 1.1316
Run:01 Epoch: 0332 loss_train: 0.3438 loss_val: 1.1490
Run:01 Epoch: 0333 loss_train: 0.3407 loss_val: 1.1815
Run:01 Epoch: 0334 loss_train: 0.3563 loss_val: 1.1430
Run:01 Epoch: 0335 loss_train: 0.3393 loss_val: 1.0951
Run:01 Epoch: 0336 loss_train: 0.3410 loss_val: 1.1982
Run:01 Epoch: 0337 loss_train: 0.4268 loss_val: 1.1143
Run:01 Epoch: 0338 loss_train: 0.3781 loss_val: 1.0519
Run:01 Epoch: 0339 loss_train: 0.3490 loss_val: 1.1366
Run:01 Epoch: 0340 loss_train: 0.4050 loss_val: 1.0383
Run:01 Epoch: 0341 loss_train: 0.3228 loss_val: 1.0681
Run:01 Epoch: 0342 loss_train: 0.3973 loss_val: 1.0394
Run:01 Epoch: 0343 loss_train: 0.3585 loss_val: 1.0042
Run:01 Epoch: 0344 loss_train: 0.3207 loss_val: 1.0028
Run:01 Epoch: 0345 loss_train: 0.3400 loss_val: 1.0031
Run:01 Epoch: 0346 loss_train: 0.3220 loss_val: 1.0239
Run:01 Epoch: 0347 loss_train: 0.3304 loss_val: 1.0367
Run:01 Epoch: 0348 loss_train: 0.3398 loss_val: 1.0856
Run:01 Epoch: 0349 loss_train: 0.3942 loss_val: 1.1900
Run:01 Epoch: 0350 loss_train: 0.4327 loss_val: 1.0681
Run:01 Epoch: 0351 loss_train: 0.3204 loss_val: 1.3148
Run:01 Epoch: 0352 loss_train: 0.5339 loss_val: 1.0761
Run:01 Epoch: 0353 loss_train: 0.3545 loss_val: 1.1529
Run:01 Epoch: 0354 loss_train: 0.3873 loss_val: 1.1209
Run:01 Epoch: 0355 loss_train: 0.3337 loss_val: 1.2533
Run:01 Epoch: 0356 loss_train: 0.4336 loss_val: 1.1049
Run:01 Epoch: 0357 loss_train: 0.3352 loss_val: 1.2302
Run:01 Epoch: 0358 loss_train: 0.4490 loss_val: 1.0847
Run:01 Epoch: 0359 loss_train: 0.3480 loss_val: 1.1760
Run:01 Epoch: 0360 loss_train: 0.3845 loss_val: 1.0561
Run:01 Epoch: 0361 loss_train: 0.3231 loss_val: 1.1457
Run:01 Epoch: 0362 loss_train: 0.4159 loss_val: 1.0678
Run:01 Epoch: 0363 loss_train: 0.3340 loss_val: 1.1774
Run:01 Epoch: 0364 loss_train: 0.3802 loss_val: 1.0841
Run:01 Epoch: 0365 loss_train: 0.3198 loss_val: 1.1711
Run:01 Epoch: 0366 loss_train: 0.3625 loss_val: 1.1144
Run:01 Epoch: 0367 loss_train: 0.3344 loss_val: 1.1615
Run:01 Epoch: 0368 loss_train: 0.3746 loss_val: 1.1103
Run:01 Epoch: 0369 loss_train: 0.3348 loss_val: 1.0971
Run:01 Epoch: 0370 loss_train: 0.3194 loss_val: 1.0646
Run:01 Epoch: 0371 loss_train: 0.3333 loss_val: 1.0996
Run:01 Epoch: 0372 loss_train: 0.3450 loss_val: 1.0908
Run:01 Epoch: 0373 loss_train: 0.3323 loss_val: 1.1167
Run:01 Epoch: 0374 loss_train: 0.3348 loss_val: 1.1508
Run:01 Epoch: 0375 loss_train: 0.3657 loss_val: 1.2106
Run:01 Epoch: 0376 loss_train: 0.3451 loss_val: 1.1661
Run:01 Epoch: 0377 loss_train: 0.3315 loss_val: 1.2469
Run:01 Epoch: 0378 loss_train: 0.4237 loss_val: 1.1470
Run:01 Epoch: 0379 loss_train: 0.3173 loss_val: 1.2333
Run:01 Epoch: 0380 loss_train: 0.4511 loss_val: 1.1046
Run:01 Epoch: 0381 loss_train: 0.3210 loss_val: 1.1674
Run:01 Epoch: 0382 loss_train: 0.4212 loss_val: 1.0660
Run:01 Epoch: 0383 loss_train: 0.3416 loss_val: 1.1221
Run:01 Epoch: 0384 loss_train: 0.3740 loss_val: 1.0388
Run:01 Epoch: 0385 loss_train: 0.3161 loss_val: 1.1215
Run:01 Epoch: 0386 loss_train: 0.4122 loss_val: 1.0487
Run:01 Epoch: 0387 loss_train: 0.3302 loss_val: 1.0994
Run:01 Epoch: 0388 loss_train: 0.3615 loss_val: 1.0700
Run:01 Epoch: 0389 loss_train: 0.2933 loss_val: 1.1935
Run:01 Epoch: 0390 loss_train: 0.3567 loss_val: 1.1503
Run:01 Epoch: 0391 loss_train: 0.3255 loss_val: 1.2283
Run:01 Epoch: 0392 loss_train: 0.4223 loss_val: 1.2336
Run:01 Epoch: 0393 loss_train: 0.3705 loss_val: 1.1809
Run:01 Epoch: 0394 loss_train: 0.3350 loss_val: 1.1813
Run:01 Epoch: 0395 loss_train: 0.3762 loss_val: 1.1032
Run:01 Epoch: 0396 loss_train: 0.3280 loss_val: 1.1011
Run:01 Epoch: 0397 loss_train: 0.3394 loss_val: 1.0601
Run:01 Epoch: 0398 loss_train: 0.3371 loss_val: 1.0540
Run:01 Epoch: 0399 loss_train: 0.3173 loss_val: 1.0529
Run:01 Epoch: 0400 loss_train: 0.3070 loss_val: 1.0694
Run:01 Epoch: 0401 loss_train: 0.3165 loss_val: 1.0893
Run:01 Epoch: 0402 loss_train: 0.3395 loss_val: 1.1030
Run:01 Epoch: 0403 loss_train: 0.3286 loss_val: 1.1032
Run:01 Epoch: 0404 loss_train: 0.3229 loss_val: 1.1455
Run:01 Epoch: 0405 loss_train: 0.3348 loss_val: 1.0977
Run:01 Epoch: 0406 loss_train: 0.3070 loss_val: 1.2375
Run:01 Epoch: 0407 loss_train: 0.4544 loss_val: 1.2885
Run:01 Epoch: 0408 loss_train: 0.4469 loss_val: 1.1359
Run:01 Epoch: 0409 loss_train: 0.3494 loss_val: 1.3393
Run:01 Epoch: 0410 loss_train: 0.5972 loss_val: 1.0906
Run:01 Epoch: 0411 loss_train: 0.3361 loss_val: 1.1333
Run:01 Epoch: 0412 loss_train: 0.3913 loss_val: 1.0799
Run:01 Epoch: 0413 loss_train: 0.3730 loss_val: 1.0949
Run:01 Epoch: 0414 loss_train: 0.3707 loss_val: 1.1042
Run:01 Epoch: 0415 loss_train: 0.4153 loss_val: 1.0755
Run:01 Epoch: 0416 loss_train: 0.4019 loss_val: 1.0520
Run:01 Epoch: 0417 loss_train: 0.3534 loss_val: 0.9943
Run:01 Epoch: 0418 loss_train: 0.3336 loss_val: 1.0080
Run:01 Epoch: 0419 loss_train: 0.3168 loss_val: 1.0161
Run:01 Epoch: 0420 loss_train: 0.3501 loss_val: 1.0838
Run:01 Epoch: 0421 loss_train: 0.3884 loss_val: 1.0536
Run:01 Epoch: 0422 loss_train: 0.3101 loss_val: 1.1513
Run:01 Epoch: 0423 loss_train: 0.3533 loss_val: 1.1004
Run:01 Epoch: 0424 loss_train: 0.2982 loss_val: 1.2119
Run:01 Epoch: 0425 loss_train: 0.4325 loss_val: 1.1480
Run:01 Epoch: 0426 loss_train: 0.3298 loss_val: 1.1423
Run:01 Epoch: 0427 loss_train: 0.3150 loss_val: 1.1351
Run:01 Epoch: 0428 loss_train: 0.2966 loss_val: 1.1406
Run:01 Epoch: 0429 loss_train: 0.3182 loss_val: 1.1227
Run:01 Epoch: 0430 loss_train: 0.2915 loss_val: 1.1358
Run:01 Epoch: 0431 loss_train: 0.3298 loss_val: 1.1360
Run:01 Epoch: 0432 loss_train: 0.3140 loss_val: 1.1187
Run:01 Epoch: 0433 loss_train: 0.3081 loss_val: 1.2152
Run:01 Epoch: 0434 loss_train: 0.3706 loss_val: 1.1232
Run:01 Epoch: 0435 loss_train: 0.3072 loss_val: 1.2294
Run:01 Epoch: 0436 loss_train: 0.4120 loss_val: 1.1996
Run:01 Epoch: 0437 loss_train: 0.3989 loss_val: 1.0986
Run:01 Epoch: 0438 loss_train: 0.2947 loss_val: 1.1552
Run:01 Epoch: 0439 loss_train: 0.3178 loss_val: 1.1305
Run:01 Epoch: 0440 loss_train: 0.3367 loss_val: 1.0918
Run:01 Epoch: 0441 loss_train: 0.3110 loss_val: 1.1287
Run:01 Epoch: 0442 loss_train: 0.3273 loss_val: 1.1450
Run:01 Epoch: 0443 loss_train: 0.3247 loss_val: 1.1599
Run:01 Epoch: 0444 loss_train: 0.3258 loss_val: 1.1264
Run:01 Epoch: 0445 loss_train: 0.3085 loss_val: 1.1532
Run:01 Epoch: 0446 loss_train: 0.3382 loss_val: 1.1147
Run:01 Run Train:  33%|███▎      | 1/3 [04:37<09:14, 277.06s/it]/users/Min/miniconda/envs/hy/lib/python3.9/site-packages/torch/nn/functional.py:1967: UserWarning: nn.functional.sigmoid is deprecated. Use torch.sigmoid instead.
  warnings.warn("nn.functional.sigmoid is deprecated. Use torch.sigmoid instead.")
Epoch: 0447 loss_train: 0.2951 loss_val: 1.1325
Run:01 Epoch: 0448 loss_train: 0.3492 loss_val: 1.1797
Run:01 Epoch: 0449 loss_train: 0.3441 loss_val: 1.1191
Run:01 Epoch: 0450 loss_train: 0.2831 loss_val: 1.1092
Run:01 Epoch: 0451 loss_train: 0.3143 loss_val: 1.1368
Run:01 Epoch: 0452 loss_train: 0.3224 loss_val: 1.1540
Run:01 Epoch: 0453 loss_train: 0.2597 loss_val: 1.3515
Run:01 Epoch: 0454 loss_train: 0.4308 loss_val: 1.2513
Run:01 Epoch: 0455 loss_train: 0.3882 loss_val: 1.1740
Run:01 Epoch: 0456 loss_train: 0.3080 loss_val: 1.1753
Run:01 Epoch: 0457 loss_train: 0.3347 loss_val: 1.1517
Run:01 Epoch: 0458 loss_train: 0.2990 loss_val: 1.1030
Run:01 Epoch: 0459 loss_train: 0.2962 loss_val: 1.1174
Run:01 Epoch: 0460 loss_train: 0.3231 loss_val: 1.1162
Run:01 Epoch: 0461 loss_train: 0.3165 loss_val: 1.0921
Run:01 Epoch: 0462 loss_train: 0.2983 loss_val: 1.1074
Run:01 Epoch: 0463 loss_train: 0.2873 loss_val: 1.0987
Run:01 Epoch: 0464 loss_train: 0.3012 loss_val: 1.1099
Run:01 Epoch: 0465 loss_train: 0.3087 loss_val: 1.1049
Run:01 Epoch: 0466 loss_train: 0.2950 loss_val: 1.1248
Run:01 Epoch: 0467 loss_train: 0.2903 loss_val: 1.1437
Run:01 Epoch: 0468 loss_train: 0.2906 loss_val: 1.1757
Run:01 Epoch: 0469 loss_train: 0.3020 loss_val: 1.1807
Run:01 Epoch: 0470 loss_train: 0.2895 loss_val: 1.1709
Run:01 Epoch: 0471 loss_train: 0.3107 loss_val: 1.2162
Run:01 Epoch: 0472 loss_train: 0.3211 loss_val: 1.2630
Run:01 Epoch: 0473 loss_train: 0.3292 loss_val: 1.1852
Run:01 Epoch: 0474 loss_train: 0.3030 loss_val: 1.3012
Run:01 Epoch: 0475 loss_train: 0.4507 loss_val: 1.1947
Run:01 Epoch: 0476 loss_train: 0.3058 loss_val: 1.1772
Run:01 Epoch: 0477 loss_train: 0.3446 loss_val: 1.1244
Run:01 Epoch: 0478 loss_train: 0.3303 loss_val: 1.1097
Run:01 Epoch: 0479 loss_train: 0.3895 loss_val: 1.1517
Run:01 Epoch: 0480 loss_train: 0.4073 loss_val: 1.0647
Run:01 Epoch: 0481 loss_train: 0.3329 loss_val: 1.1288
Run:01 Epoch: 0482 loss_train: 0.3721 loss_val: 1.0843
Run:01 Epoch: 0483 loss_train: 0.3361 loss_val: 1.1423
Run:01 Epoch: 0484 loss_train: 0.3975 loss_val: 1.0967
Run:01 Epoch: 0485 loss_train: 0.3518 loss_val: 1.1689
Run:01 Epoch: 0486 loss_train: 0.3401 loss_val: 1.1747
Run:01 Epoch: 0487 loss_train: 0.3239 loss_val: 1.2575
Run:01 Epoch: 0488 loss_train: 0.4194 loss_val: 1.1897
Run:01 Epoch: 0489 loss_train: 0.3163 loss_val: 1.1911
Run:01 Epoch: 0490 loss_train: 0.3397 loss_val: 1.2461
Run:01 Epoch: 0491 loss_train: 0.3936 loss_val: 1.1361
Run:01 Epoch: 0492 loss_train: 0.3139 loss_val: 1.1456
Run:01 Epoch: 0493 loss_train: 0.3054 loss_val: 1.1097
Run:01 Epoch: 0494 loss_train: 0.3073 loss_val: 1.1241
Run:01 Epoch: 0495 loss_train: 0.2932 loss_val: 1.1037
Run:01 Epoch: 0496 loss_train: 0.2870 loss_val: 1.1338
Run:01 Epoch: 0497 loss_train: 0.2988 loss_val: 1.1728
Run:01 Epoch: 0498 loss_train: 0.3381 loss_val: 1.1604
Run:01 Epoch: 0499 loss_train: 0.3538 loss_val: 1.1573
Run:01 Epoch: 0500 loss_train: 0.3136 loss_val: 1.1474
Run:02 Epoch: 0001 loss_train: 2.3640 loss_val: 1.1173
Run:02 Epoch: 0002 loss_train: 1.1437 loss_val: 0.9067
Run:02 Epoch: 0003 loss_train: 0.9004 loss_val: 0.8586
Run:02 Epoch: 0004 loss_train: 0.8434 loss_val: 1.3311
Run:02 Epoch: 0005 loss_train: 1.3937 loss_val: 0.7363
Run:02 Epoch: 0006 loss_train: 0.7364 loss_val: 1.0869
Run:02 Epoch: 0007 loss_train: 1.0753 loss_val: 0.7524
Run:02 Epoch: 0008 loss_train: 0.7600 loss_val: 0.8558
Run:02 Epoch: 0009 loss_train: 0.9070 loss_val: 0.8491
Run:02 Epoch: 0010 loss_train: 0.9023 loss_val: 0.7236
Run:02 Epoch: 0011 loss_train: 0.7245 loss_val: 0.8026
Run:02 Epoch: 0012 loss_train: 0.8160 loss_val: 0.8050
Run:02 Epoch: 0013 loss_train: 0.8053 loss_val: 0.7238
Run:02 Epoch: 0014 loss_train: 0.7278 loss_val: 0.7465
Run:02 Epoch: 0015 loss_train: 0.7701 loss_val: 0.8031
Run:02 Epoch: 0016 loss_train: 0.8281 loss_val: 0.7689
Run:02 Epoch: 0017 loss_train: 0.7909 loss_val: 0.7176
Run:02 Epoch: 0018 loss_train: 0.7227 loss_val: 0.7314
Run:02 Epoch: 0019 loss_train: 0.7213 loss_val: 0.7678
Run:02 Epoch: 0020 loss_train: 0.7712 loss_val: 0.7436
Run:02 Epoch: 0021 loss_train: 0.7628 loss_val: 0.7146
Run:02 Epoch: 0022 loss_train: 0.7104 loss_val: 0.7415
Run:02 Epoch: 0023 loss_train: 0.7496 loss_val: 0.7854
Run:02 Epoch: 0024 loss_train: 0.8168 loss_val: 0.7630
Run:02 Epoch: 0025 loss_train: 0.7801 loss_val: 0.7209
Run:02 Epoch: 0026 loss_train: 0.7235 loss_val: 0.7161
Run:02 Epoch: 0027 loss_train: 0.7090 loss_val: 0.7140
Run:02 Epoch: 0028 loss_train: 0.7054 loss_val: 0.7849
Run:02 Epoch: 0029 loss_train: 0.8051 loss_val: 0.7556
Run:02 Epoch: 0030 loss_train: 0.7457 loss_val: 0.8531
Run:02 Epoch: 0031 loss_train: 0.8359 loss_val: 0.7511
Run:02 Epoch: 0032 loss_train: 0.7446 loss_val: 0.7257
Run:02 Epoch: 0033 loss_train: 0.7225 loss_val: 0.8410
Run:02 Epoch: 0034 loss_train: 0.8596 loss_val: 0.7617
Run:02 Epoch: 0035 loss_train: 0.7624 loss_val: 0.7171
Run:02 Epoch: 0036 loss_train: 0.7065 loss_val: 0.7197
Run:02 Epoch: 0037 loss_train: 0.7021 loss_val: 0.7241
Run:02 Epoch: 0038 loss_train: 0.7109 loss_val: 0.7242
Run:02 Epoch: 0039 loss_train: 0.7081 loss_val: 0.7231
Run:02 Epoch: 0040 loss_train: 0.7034 loss_val: 0.7219
Run:02 Epoch: 0041 loss_train: 0.7075 loss_val: 0.7260
Run:02 Epoch: 0042 loss_train: 0.7108 loss_val: 0.7350
Run:02 Epoch: 0043 loss_train: 0.7217 loss_val: 0.7409
Run:02 Epoch: 0044 loss_train: 0.7213 loss_val: 0.7409
Run:02 Epoch: 0045 loss_train: 0.7242 loss_val: 0.7364
Run:02 Epoch: 0046 loss_train: 0.7093 loss_val: 0.7327
Run:02 Epoch: 0047 loss_train: 0.7030 loss_val: 0.7329
Run:02 Epoch: 0048 loss_train: 0.7017 loss_val: 0.7348
Run:02 Epoch: 0049 loss_train: 0.7014 loss_val: 0.7383
Run:02 Epoch: 0050 loss_train: 0.7008 loss_val: 0.7406
Run:02 Epoch: 0051 loss_train: 0.7019 loss_val: 0.7444
Run:02 Epoch: 0052 loss_train: 0.7038 loss_val: 0.7496
Run:02 Epoch: 0053 loss_train: 0.7044 loss_val: 0.7529
Run:02 Epoch: 0054 loss_train: 0.7015 loss_val: 0.7560
Run:02 Epoch: 0055 loss_train: 0.7059 loss_val: 0.7609
Run:02 Epoch: 0056 loss_train: 0.7060 loss_val: 0.7577
Run:02 Epoch: 0057 loss_train: 0.7092 loss_val: 0.7533
Run:02 Epoch: 0058 loss_train: 0.6970 loss_val: 0.7510
Run:02 Epoch: 0059 loss_train: 0.7009 loss_val: 0.7486
Run:02 Epoch: 0060 loss_train: 0.6994 loss_val: 0.7469
Run:02 Epoch: 0061 loss_train: 0.6963 loss_val: 0.7463
Run:02 Epoch: 0062 loss_train: 0.6943 loss_val: 0.7487
Run:02 Epoch: 0063 loss_train: 0.6964 loss_val: 0.7489
Run:02 Epoch: 0064 loss_train: 0.7003 loss_val: 0.7484
Run:02 Epoch: 0065 loss_train: 0.6898 loss_val: 0.7475
Run:02 Epoch: 0066 loss_train: 0.6940 loss_val: 0.7479
Run:02 Epoch: 0067 loss_train: 0.6961 loss_val: 0.7486
Run:02 Epoch: 0068 loss_train: 0.6930 loss_val: 0.7508
Run:02 Epoch: 0069 loss_train: 0.6871 loss_val: 0.7522
Run:02 Epoch: 0070 loss_train: 0.6893 loss_val: 0.7546
Run:02 Epoch: 0071 loss_train: 0.6916 loss_val: 0.7552
Run:02 Epoch: 0072 loss_train: 0.6855 loss_val: 0.7565
Run:02 Epoch: 0073 loss_train: 0.6888 loss_val: 0.7584
Run:02 Epoch: 0074 loss_train: 0.6875 loss_val: 0.7654
Run:02 Epoch: 0075 loss_train: 0.6905 loss_val: 0.7622
Run:02 Epoch: 0076 loss_train: 0.6865 loss_val: 0.7631
Run:02 Epoch: 0077 loss_train: 0.6933 loss_val: 0.7674
Run:02 Epoch: 0078 loss_train: 0.6849 loss_val: 0.7767
Run:02 Epoch: 0079 loss_train: 0.6844 loss_val: 0.7810
Run:02 Epoch: 0080 loss_train: 0.6880 loss_val: 0.7698
Run:02 Epoch: 0081 loss_train: 0.6893 loss_val: 0.7681
Run:02 Epoch: 0082 loss_train: 0.6827 loss_val: 0.7687
Run:02 Epoch: 0083 loss_train: 0.6884 loss_val: 0.7699
Run:02 Epoch: 0084 loss_train: 0.6757 loss_val: 0.7765
Run:02 Epoch: 0085 loss_train: 0.6839 loss_val: 0.7785
Run:02 Epoch: 0086 loss_train: 0.6794 loss_val: 0.7723
Run:02 Epoch: 0087 loss_train: 0.6643 loss_val: 0.7755
Run:02 Epoch: 0088 loss_train: 0.6770 loss_val: 0.7762
Run:02 Epoch: 0089 loss_train: 0.6725 loss_val: 0.7800
Run:02 Epoch: 0090 loss_train: 0.6719 loss_val: 0.7886
Run:02 Epoch: 0091 loss_train: 0.6750 loss_val: 0.7843
Run:02 Epoch: 0092 loss_train: 0.6756 loss_val: 0.7850
Run:02 Epoch: 0093 loss_train: 0.6715 loss_val: 0.7863
Run:02 Epoch: 0094 loss_train: 0.6669 loss_val: 0.7962
Run:02 Epoch: 0095 loss_train: 0.6706 loss_val: 0.7930
Run:02 Epoch: 0096 loss_train: 0.6696 loss_val: 0.8024
Run:02 Epoch: 0097 loss_train: 0.6816 loss_val: 0.7989
Run:02 Epoch: 0098 loss_train: 0.6746 loss_val: 0.8261
Run:02 Epoch: 0099 loss_train: 0.6803 loss_val: 0.8248
Run:02 Epoch: 0100 loss_train: 0.6829 loss_val: 0.7955
Run:02 Epoch: 0101 loss_train: 0.6662 loss_val: 0.8026
Run:02 Epoch: 0102 loss_train: 0.6705 loss_val: 0.7909
Run:02 Epoch: 0103 loss_train: 0.6500 loss_val: 0.8301
Run:02 Epoch: 0104 loss_train: 0.6963 loss_val: 0.7942
Run:02 Epoch: 0105 loss_train: 0.6584 loss_val: 0.7984
Run:02 Epoch: 0106 loss_train: 0.6620 loss_val: 0.8079
Run:02 Epoch: 0107 loss_train: 0.6832 loss_val: 0.7927
Run:02 Epoch: 0108 loss_train: 0.6494 loss_val: 0.8394
Run:02 Epoch: 0109 loss_train: 0.7054 loss_val: 0.7915
Run:02 Epoch: 0110 loss_train: 0.6513 loss_val: 0.8332
Run:02 Epoch: 0111 loss_train: 0.7014 loss_val: 0.7950
Run:02 Epoch: 0112 loss_train: 0.6455 loss_val: 0.8331
Run:02 Epoch: 0113 loss_train: 0.6728 loss_val: 0.8266
Run:02 Epoch: 0114 loss_train: 0.6544 loss_val: 0.7977
Run:02 Epoch: 0115 loss_train: 0.6397 loss_val: 0.8106
Run:02 Epoch: 0116 loss_train: 0.6568 loss_val: 0.8034
Run:02 Epoch: 0117 loss_train: 0.6384 loss_val: 0.8099
Run:02 Epoch: 0118 loss_train: 0.6427 loss_val: 0.8170
Run:02 Epoch: 0119 loss_train: 0.6447 loss_val: 0.8129
Run:02 Epoch: 0120 loss_train: 0.6425 loss_val: 0.8245
Run:02 Epoch: 0121 loss_train: 0.6620 loss_val: 0.8294
Run:02 Epoch: 0122 loss_train: 0.6478 loss_val: 0.8344
Run:02 Epoch: 0123 loss_train: 0.6402 loss_val: 0.8257
Run:02 Epoch: 0124 loss_train: 0.6412 loss_val: 0.8340
Run:02 Epoch: 0125 loss_train: 0.6683 loss_val: 0.8227
Run:02 Epoch: 0126 loss_train: 0.6383 loss_val: 0.8318
Run:02 Epoch: 0127 loss_train: 0.6375 loss_val: 0.8337
Run:02 Epoch: 0128 loss_train: 0.6381 loss_val: 0.8229
Run:02 Epoch: 0129 loss_train: 0.6299 loss_val: 0.8321
Run:02 Epoch: 0130 loss_train: 0.6522 loss_val: 0.8249
Run:02 Epoch: 0131 loss_train: 0.6253 loss_val: 0.8635
Run:02 Epoch: 0132 loss_train: 0.6587 loss_val: 0.8195
Run:02 Epoch: 0133 loss_train: 0.6243 loss_val: 0.8521
Run:02 Epoch: 0134 loss_train: 0.6610 loss_val: 0.8265
Run:02 Epoch: 0135 loss_train: 0.6393 loss_val: 0.8310
Run:02 Epoch: 0136 loss_train: 0.6315 loss_val: 0.8161
Run:02 Epoch: 0137 loss_train: 0.6200 loss_val: 0.8188
Run:02 Epoch: 0138 loss_train: 0.6321 loss_val: 0.8415
Run:02 Epoch: 0139 loss_train: 0.6446 loss_val: 0.8204
Run:02 Epoch: 0140 loss_train: 0.6286 loss_val: 0.8828
Run:02 Epoch: 0141 loss_train: 0.7086 loss_val: 0.8301
Run:02 Epoch: 0142 loss_train: 0.6154 loss_val: 0.9520
Run:02 Epoch: 0143 loss_train: 0.7267 loss_val: 0.8271
Run:02 Epoch: 0144 loss_train: 0.6115 loss_val: 0.8767
Run:02 Epoch: 0145 loss_train: 0.7190 loss_val: 0.8210
Run:02 Epoch: 0146 loss_train: 0.6150 loss_val: 0.8700
Run:02 Epoch: 0147 loss_train: 0.6652 loss_val: 0.8236
Run:02 Epoch: 0148 loss_train: 0.6146 loss_val: 0.8247
Run:02 Epoch: 0149 loss_train: 0.6397 loss_val: 0.8166
Run:02 Epoch: 0150 loss_train: 0.6130 loss_val: 0.8274
Run:02 Epoch: 0151 loss_train: 0.6194 loss_val: 0.8333
Run:02 Epoch: 0152 loss_train: 0.6202 loss_val: 0.8317
Run:02 Epoch: 0153 loss_train: 0.6167 loss_val: 0.8330
Run:02 Epoch: 0154 loss_train: 0.6189 loss_val: 0.8368
Run:02 Epoch: 0155 loss_train: 0.6148 loss_val: 0.8368
Run:02 Epoch: 0156 loss_train: 0.6243 loss_val: 0.8397
Run:02 Epoch: 0157 loss_train: 0.6197 loss_val: 0.8598
Run:02 Epoch: 0158 loss_train: 0.6325 loss_val: 0.8322
Run:02 Epoch: 0159 loss_train: 0.6072 loss_val: 0.8538
Run:02 Epoch: 0160 loss_train: 0.6519 loss_val: 0.8303
Run:02 Epoch: 0161 loss_train: 0.6106 loss_val: 0.8563
Run:02 Epoch: 0162 loss_train: 0.6111 loss_val: 0.8660
Run:02 Epoch: 0163 loss_train: 0.6350 loss_val: 0.8482
Run:02 Epoch: 0164 loss_train: 0.6054 loss_val: 0.8754
Run:02 Epoch: 0165 loss_train: 0.6255 loss_val: 0.8641
Run:02 Epoch: 0166 loss_train: 0.6255 loss_val: 0.8653
Run:02 Epoch: 0167 loss_train: 0.6086 loss_val: 0.8615
Run:02 Epoch: 0168 loss_train: 0.6071 loss_val: 0.8615
Run:02 Epoch: 0169 loss_train: 0.6187 loss_val: 0.8732
Run:02 Epoch: 0170 loss_train: 0.6291 loss_val: 0.8420
Run:02 Epoch: 0171 loss_train: 0.5960 loss_val: 0.8531
Run:02 Epoch: 0172 loss_train: 0.6019 loss_val: 0.8382
Run:02 Epoch: 0173 loss_train: 0.6036 loss_val: 0.9063
Run:02 Epoch: 0174 loss_train: 0.6666 loss_val: 0.8369
Run:02 Epoch: 0175 loss_train: 0.5982 loss_val: 0.8506
Run:02 Epoch: 0176 loss_train: 0.5996 loss_val: 0.8332
Run:02 Epoch: 0177 loss_train: 0.5864 loss_val: 0.8542
Run:02 Epoch: 0178 loss_train: 0.6046 loss_val: 0.8314
Run:02 Epoch: 0179 loss_train: 0.5793 loss_val: 0.8459
Run:02 Epoch: 0180 loss_train: 0.5963 loss_val: 0.8330
Run:02 Epoch: 0181 loss_train: 0.6071 loss_val: 0.9203
Run:02 Epoch: 0182 loss_train: 0.6589 loss_val: 0.8343
Run:02 Epoch: 0183 loss_train: 0.5780 loss_val: 0.8816
Run:02 Epoch: 0184 loss_train: 0.6598 loss_val: 0.8463
Run:02 Epoch: 0185 loss_train: 0.5827 loss_val: 0.8954
Run:02 Epoch: 0186 loss_train: 0.6371 loss_val: 0.8489
Run:02 Epoch: 0187 loss_train: 0.5785 loss_val: 0.8854
Run:02 Epoch: 0188 loss_train: 0.6275 loss_val: 0.8485
Run:02 Epoch: 0189 loss_train: 0.5999 loss_val: 0.8492
Run:02 Epoch: 0190 loss_train: 0.5797 loss_val: 0.8445
Run:02 Epoch: 0191 loss_train: 0.5776 loss_val: 0.8446
Run:02 Epoch: 0192 loss_train: 0.5954 loss_val: 0.8647
Run:02 Epoch: 0193 loss_train: 0.5925 loss_val: 0.8585
Run:02 Epoch: 0194 loss_train: 0.5748 loss_val: 0.8746
Run:02 Epoch: 0195 loss_train: 0.5896 loss_val: 0.8756
Run:02 Epoch: 0196 loss_train: 0.5960 loss_val: 0.9389
Run:02 Epoch: 0197 loss_train: 0.6489 loss_val: 0.8587
Run:02 Epoch: 0198 loss_train: 0.5936 loss_val: 0.8456
Run:02 Epoch: 0199 loss_train: 0.5718 loss_val: 0.8390
Run:02 Epoch: 0200 loss_train: 0.5639 loss_val: 0.8350
Run:02 Epoch: 0201 loss_train: 0.5733 loss_val: 0.8485
Run:02 Epoch: 0202 loss_train: 0.6017 loss_val: 0.8368
Run:02 Epoch: 0203 loss_train: 0.5714 loss_val: 0.8430
Run:02 Epoch: 0204 loss_train: 0.5771 loss_val: 0.8674
Run:02 Epoch: 0205 loss_train: 0.6054 loss_val: 0.8725
Run:02 Epoch: 0206 loss_train: 0.5895 loss_val: 0.8609
Run:02 Epoch: 0207 loss_train: 0.5747 loss_val: 0.9009
Run:02 Epoch: 0208 loss_train: 0.6065 loss_val: 0.8589
Run:02 Epoch: 0209 loss_train: 0.5806 loss_val: 0.8562
Run:02 Epoch: 0210 loss_train: 0.5563 loss_val: 0.8578
Run:02 Epoch: 0211 loss_train: 0.5886 loss_val: 0.8532
Run:02 Epoch: 0212 loss_train: 0.5685 loss_val: 0.8602
Run:02 Epoch: 0213 loss_train: 0.5740 loss_val: 0.8567
Run:02 Epoch: 0214 loss_train: 0.5528 loss_val: 0.8563
Run:02 Epoch: 0215 loss_train: 0.5580 loss_val: 0.8560
Run:02 Epoch: 0216 loss_train: 0.5722 loss_val: 0.8494
Run:02 Epoch: 0217 loss_train: 0.5680 loss_val: 0.8535
Run:02 Epoch: 0218 loss_train: 0.5587 loss_val: 0.8511
Run:02 Epoch: 0219 loss_train: 0.5711 loss_val: 0.8568
Run:02 Epoch: 0220 loss_train: 0.5603 loss_val: 0.8580
Run:02 Epoch: 0221 loss_train: 0.5514 loss_val: 0.8691
Run:02 Epoch: 0222 loss_train: 0.5586 loss_val: 0.9135
Run:02 Epoch: 0223 loss_train: 0.6028 loss_val: 0.9581
Run:02 Epoch: 0224 loss_train: 0.6382 loss_val: 0.9040
Run:02 Epoch: 0225 loss_train: 0.5619 loss_val: 0.9908
Run:02 Epoch: 0226 loss_train: 0.6406 loss_val: 0.8942
Run:02 Epoch: 0227 loss_train: 0.5590 loss_val: 0.9143
Run:02 Epoch: 0228 loss_train: 0.5823 loss_val: 0.8637
Run:02 Epoch: 0229 loss_train: 0.5428 loss_val: 0.8800
Run:02 Epoch: 0230 loss_train: 0.5927 loss_val: 0.8673
Run:02 Epoch: 0231 loss_train: 0.5757 loss_val: 0.8481
Run:02 Epoch: 0232 loss_train: 0.5425 loss_val: 0.8600
Run:02 Epoch: 0233 loss_train: 0.5593 loss_val: 0.8554
Run:02 Epoch: 0234 loss_train: 0.5526 loss_val: 0.8614
Run:02 Epoch: 0235 loss_train: 0.5621 loss_val: 0.8645
Run:02 Epoch: 0236 loss_train: 0.5446 loss_val: 0.8694
Run:02 Epoch: 0237 loss_train: 0.5464 loss_val: 0.8813
Run:02 Epoch: 0238 loss_train: 0.5476 loss_val: 0.8895
Run:02 Epoch: 0239 loss_train: 0.5542 loss_val: 0.9176
Run:02 Epoch: 0240 loss_train: 0.5832 loss_val: 0.8889
Run:02 Epoch: 0241 loss_train: 0.5487 loss_val: 0.9286
Run:02 Epoch: 0242 loss_train: 0.5921 loss_val: 0.8808
Run:02 Epoch: 0243 loss_train: 0.5369 loss_val: 0.9578
Run:02 Epoch: 0244 loss_train: 0.6168 loss_val: 0.8696
Run:02 Epoch: 0245 loss_train: 0.5372 loss_val: 0.9322
Run:02 Epoch: 0246 loss_train: 0.6028 loss_val: 0.8556
Run:02 Epoch: 0247 loss_train: 0.5263 loss_val: 0.9075
Run:02 Epoch: 0248 loss_train: 0.6003 loss_val: 0.8550
Run:02 Epoch: 0249 loss_train: 0.5381 loss_val: 0.9124
Run:02 Epoch: 0250 loss_train: 0.5858 loss_val: 0.8593
Run:02 Epoch: 0251 loss_train: 0.5408 loss_val: 0.8934
Run:02 Epoch: 0252 loss_train: 0.5911 loss_val: 0.8693
Run:02 Epoch: 0253 loss_train: 0.5409 loss_val: 0.8817
Run:02 Epoch: 0254 loss_train: 0.5481 loss_val: 0.8924
Run:02 Epoch: 0255 loss_train: 0.5607 loss_val: 0.8787
Run:02 Epoch: 0256 loss_train: 0.5341 loss_val: 0.9143
Run:02 Epoch: 0257 loss_train: 0.5673 loss_val: 0.8894
Run:02 Epoch: 0258 loss_train: 0.5360 loss_val: 0.9013
Run:02 Epoch: 0259 loss_train: 0.5420 loss_val: 0.8892
Run:02 Epoch: 0260 loss_train: 0.5378 loss_val: 0.9260
Run:02 Epoch: 0261 loss_train: 0.5842 loss_val: 0.8859
Run:02 Epoch: 0262 loss_train: 0.5236 loss_val: 0.9048
Run:02 Epoch: 0263 loss_train: 0.5559 loss_val: 0.8733
Run:02 Epoch: 0264 loss_train: 0.5190 loss_val: 0.9322
Run:02 Epoch: 0265 loss_train: 0.5986 loss_val: 0.8688
Run:02 Epoch: 0266 loss_train: 0.5255 loss_val: 0.9165
Run:02 Epoch: 0267 loss_train: 0.5612 loss_val: 0.8708
Run:02 Epoch: 0268 loss_train: 0.5371 loss_val: 0.9243
Run:02 Epoch: 0269 loss_train: 0.5701 loss_val: 0.8717
Run:02 Epoch: 0270 loss_train: 0.5170 loss_val: 0.9036
Run:02 Epoch: 0271 loss_train: 0.5665 loss_val: 0.8837
Run:02 Epoch: 0272 loss_train: 0.5129 loss_val: 0.9374
Run:02 Epoch: 0273 loss_train: 0.5649 loss_val: 0.8869
Run:02 Epoch: 0274 loss_train: 0.5114 loss_val: 0.9608
Run:02 Epoch: 0275 loss_train: 0.5889 loss_val: 0.8889
Run:02 Epoch: 0276 loss_train: 0.5204 loss_val: 0.9314
Run:02 Epoch: 0277 loss_train: 0.5634 loss_val: 0.8910
Run:02 Epoch: 0278 loss_train: 0.5230 loss_val: 0.9046
Run:02 Epoch: 0279 loss_train: 0.5405 loss_val: 0.8978
Run:02 Epoch: 0280 loss_train: 0.5548 loss_val: 0.9236
Run:02 Epoch: 0281 loss_train: 0.5435 loss_val: 0.9051
Run:02 Epoch: 0282 loss_train: 0.5338 loss_val: 0.9118
Run:02 Epoch: 0283 loss_train: 0.5640 loss_val: 0.8970
Run:02 Epoch: 0284 loss_train: 0.5231 loss_val: 0.8891
Run:02 Epoch: 0285 loss_train: 0.5150 loss_val: 0.9680
Run:02 Epoch: 0286 loss_train: 0.5882 loss_val: 0.8723
Run:02 Epoch: 0287 loss_train: 0.5102 loss_val: 0.9285
Run:02 Epoch: 0288 loss_train: 0.5838 loss_val: 0.8666
Run:02 Epoch: 0289 loss_train: 0.5419 loss_val: 0.9240
Run:02 Epoch: 0290 loss_train: 0.5923 loss_val: 0.8705
Run:02 Epoch: 0291 loss_train: 0.5146 loss_val: 0.8891
Run:02 Epoch: 0292 loss_train: 0.5555 loss_val: 0.8765
Run:02 Epoch: 0293 loss_train: 0.5281 loss_val: 0.8966
Run:02 Epoch: 0294 loss_train: 0.5437 loss_val: 0.8846
Run:02 Epoch: 0295 loss_train: 0.5086 loss_val: 0.9076
Run:02 Epoch: 0296 loss_train: 0.5025 loss_val: 0.9248
Run:02 Epoch: 0297 loss_train: 0.5108 loss_val: 0.9057
Run:02 Epoch: 0298 loss_train: 0.5063 loss_val: 0.9036
Run:02 Epoch: 0299 loss_train: 0.5101 loss_val: 0.9036
Run:02 Epoch: 0300 loss_train: 0.5241 loss_val: 0.9089
Run:02 Epoch: 0301 loss_train: 0.5025 loss_val: 0.9090
Run:02 Epoch: 0302 loss_train: 0.4905 loss_val: 0.9174
Run:02 Epoch: 0303 loss_train: 0.5245 loss_val: 0.9110
Run:02 Epoch: 0304 loss_train: 0.5044 loss_val: 0.9166
Run:02 Epoch: 0305 loss_train: 0.5004 loss_val: 0.9923
Run:02 Epoch: 0306 loss_train: 0.5911 loss_val: 0.9112
Run:02 Epoch: 0307 loss_train: 0.4946 loss_val: 0.9742
Run:02 Epoch: 0308 loss_train: 0.5549 loss_val: 0.9387
Run:02 Epoch: 0309 loss_train: 0.5374 loss_val: 0.9633
Run:02 Epoch: 0310 loss_train: 0.5296 loss_val: 0.8987
Run:02 Epoch: 0311 loss_train: 0.4954 loss_val: 0.9207
Run:02 Epoch: 0312 loss_train: 0.5343 loss_val: 0.9105
Run:02 Epoch: 0313 loss_train: 0.5657 loss_val: 0.8919
Run:02 Epoch: 0314 loss_train: 0.4932 loss_val: 0.9004
Run:02 Epoch: 0315 loss_train: 0.4856 loss_val: 0.8899
Run:02 Epoch: 0316 loss_train: 0.4959 loss_val: 0.8891
Run:02 Epoch: 0317 loss_train: 0.4886 loss_val: 0.8984
Run:02 Epoch: 0318 loss_train: 0.5087 loss_val: 0.8946
Run:02 Epoch: 0319 loss_train: 0.5011 loss_val: 0.9229
Run:02 Epoch: 0320 loss_train: 0.5073 loss_val: 0.9190
Run:02 Epoch: 0321 loss_train: 0.5341 loss_val: 0.9352
Run:02 Epoch: 0322 loss_train: 0.5465 loss_val: 0.9024
Run:02 Epoch: 0323 loss_train: 0.4900 loss_val: 0.8987
Run:02 Epoch: 0324 loss_train: 0.5064 loss_val: 0.9129
Run:02 Epoch: 0325 loss_train: 0.4974 loss_val: 0.9385
Run:02 Epoch: 0326 loss_train: 0.5163 loss_val: 0.9278
Run:02 Epoch: 0327 loss_train: 0.4895 loss_val: 0.9348
Run:02 Epoch: 0328 loss_train: 0.5089 loss_val: 0.9294
Run:02 Epoch: 0329 loss_train: 0.4976 loss_val: 0.9944
Run:02 Epoch: 0330 loss_train: 0.5408 loss_val: 0.9494
Run:02 Epoch: 0331 loss_train: 0.5144 loss_val: 0.9774
Run:02 Epoch: 0332 loss_train: 0.5261 loss_val: 0.9371
Run:02 Epoch: 0333 loss_train: 0.5200 loss_val: 0.9809
Run:02 Epoch: 0334 loss_train: 0.5435 loss_val: 0.9597
Run:02 Epoch: 0335 loss_train: 0.5379 loss_val: 0.9177
Run:02 Epoch: 0336 loss_train: 0.4934 loss_val: 0.9683
Run:02 Epoch: 0337 loss_train: 0.5602 loss_val: 0.8903
Run:02 Epoch: 0338 loss_train: 0.4923 loss_val: 0.9812
Run:02 Epoch: 0339 loss_train: 0.5632 loss_val: 0.8892
Run:02 Epoch: 0340 loss_train: 0.5104 loss_val: 0.9800
Run:02 Epoch: 0341 loss_train: 0.5945 loss_val: 0.9018
Run:02 Epoch: 0342 loss_train: 0.5040 loss_val: 0.9158
Run:02 Epoch: 0343 loss_train: 0.4975 loss_val: 0.9378
Run:02 Epoch: 0344 loss_train: 0.5330 loss_val: 0.9137
Run:02 Epoch: 0345 loss_train: 0.4806 loss_val: 0.9512
Run:02 Epoch: 0346 loss_train: 0.5118 loss_val: 0.9217
Run:02 Epoch: 0347 loss_train: 0.4766 loss_val: 0.9081
Run:02 Epoch: 0348 loss_train: 0.4949 loss_val: 0.9002
Run:02 Epoch: 0349 loss_train: 0.4827 loss_val: 0.8902
Run:02 Epoch: 0350 loss_train: 0.4765 loss_val: 0.8882
Run:02 Epoch: 0351 loss_train: 0.4876 loss_val: 0.8923
Run:02 Epoch: 0352 loss_train: 0.4803 loss_val: 0.8903
Run:02 Epoch: 0353 loss_train: 0.4796 loss_val: 0.9012
Run:02 Epoch: 0354 loss_train: 0.4755 loss_val: 0.9192
Run:02 Epoch: 0355 loss_train: 0.4871 loss_val: 0.9379
Run:02 Epoch: 0356 loss_train: 0.4949 loss_val: 0.9260
Run:02 Epoch: 0357 loss_train: 0.4636 loss_val: 0.9633
Run:02 Epoch: 0358 loss_train: 0.4716 loss_val: 0.9416
Run:02 Epoch: 0359 loss_train: 0.4758 loss_val: 1.0034
Run:02 Epoch: 0360 loss_train: 0.4909 loss_val: 0.9965
Run:02 Epoch: 0361 loss_train: 0.5463 loss_val: 1.0138
Run:02 Epoch: 0362 loss_train: 0.5352 loss_val: 0.9338
Run:02 Epoch: 0363 loss_train: 0.5103 loss_val: 1.0039
Run:02 Epoch: 0364 loss_train: 0.5596 loss_val: 0.9110
Run:02 Epoch: 0365 loss_train: 0.4790 loss_val: 1.0136
Run:02 Epoch: 0366 loss_train: 0.5670 loss_val: 0.8894
Run:02 Epoch: 0367 loss_train: 0.4715 loss_val: 0.9704
Run:02 Epoch: 0368 loss_train: 0.5098 loss_val: 0.9343
Run:02 Epoch: 0369 loss_train: 0.5159 loss_val: 0.8958
Run:02 Epoch: 0370 loss_train: 0.4921 loss_val: 0.9156
Run:02 Epoch: 0371 loss_train: 0.5188 loss_val: 0.9006
Run:02 Epoch: 0372 loss_train: 0.4718 loss_val: 0.9570
Run:02 Epoch: 0373 loss_train: 0.5556 loss_val: 0.9107
Run:02 Epoch: 0374 loss_train: 0.4725 loss_val: 0.9369
Run:02 Epoch: 0375 loss_train: 0.4861 loss_val: 0.9277
Run:02 Epoch: 0376 loss_train: 0.4779 loss_val: 0.9634
Run:02 Epoch: 0377 loss_train: 0.4849 loss_val: 0.9767
Run:02 Epoch: 0378 loss_train: 0.5199 loss_val: 0.9579
Run:02 Epoch: 0379 loss_train: 0.4903 loss_val: 0.9555
Run:02 Epoch: 0380 loss_train: 0.4822 loss_val: 0.9785
Run:02 Epoch: 0381 loss_train: 0.4659 loss_val: 0.9991
Run:02 Epoch: 0382 loss_train: 0.4965 loss_val: 0.9541
Run:02 Epoch: 0383 loss_train: 0.4760 loss_val: 0.9842
Run:02 Epoch: 0384 loss_train: 0.5164 loss_val: 0.9360
Run:02 Epoch: 0385 loss_train: 0.4611 loss_val: 1.0032
Run:02 Epoch: 0386 loss_train: 0.5334 loss_val: 0.9432
Run:02 Epoch: 0387 loss_train: 0.4441 loss_val: 0.9247
Run:02 Epoch: 0388 loss_train: 0.4646 loss_val: 0.9232
Run:02 Epoch: 0389 loss_train: 0.4719 loss_val: 0.9416
Run:02 Epoch: 0390 loss_train: 0.4610 loss_val: 0.9350
Run:02 Epoch: 0391 loss_train: 0.4763 loss_val: 0.9335
Run:02 Epoch: 0392 loss_train: 0.4637 loss_val: 0.9311
Run:02 Epoch: 0393 Run Train:  67%|██████▋   | 2/3 [09:14<04:37, 277.41s/it]/users/Min/miniconda/envs/hy/lib/python3.9/site-packages/torch/nn/functional.py:1967: UserWarning: nn.functional.sigmoid is deprecated. Use torch.sigmoid instead.
  warnings.warn("nn.functional.sigmoid is deprecated. Use torch.sigmoid instead.")
loss_train: 0.4852 loss_val: 0.9256
Run:02 Epoch: 0394 loss_train: 0.4539 loss_val: 0.9340
Run:02 Epoch: 0395 loss_train: 0.4647 loss_val: 0.9305
Run:02 Epoch: 0396 loss_train: 0.4741 loss_val: 0.9963
Run:02 Epoch: 0397 loss_train: 0.5276 loss_val: 0.9384
Run:02 Epoch: 0398 loss_train: 0.4622 loss_val: 0.9849
Run:02 Epoch: 0399 loss_train: 0.5226 loss_val: 0.9332
Run:02 Epoch: 0400 loss_train: 0.4643 loss_val: 0.9688
Run:02 Epoch: 0401 loss_train: 0.5043 loss_val: 0.9389
Run:02 Epoch: 0402 loss_train: 0.4520 loss_val: 0.9760
Run:02 Epoch: 0403 loss_train: 0.4867 loss_val: 0.9466
Run:02 Epoch: 0404 loss_train: 0.4498 loss_val: 0.9871
Run:02 Epoch: 0405 loss_train: 0.5385 loss_val: 0.9339
Run:02 Epoch: 0406 loss_train: 0.5123 loss_val: 0.9466
Run:02 Epoch: 0407 loss_train: 0.4903 loss_val: 0.9399
Run:02 Epoch: 0408 loss_train: 0.4496 loss_val: 0.9734
Run:02 Epoch: 0409 loss_train: 0.5521 loss_val: 0.9391
Run:02 Epoch: 0410 loss_train: 0.4575 loss_val: 0.9679
Run:02 Epoch: 0411 loss_train: 0.4707 loss_val: 0.9518
Run:02 Epoch: 0412 loss_train: 0.4587 loss_val: 1.0237
Run:02 Epoch: 0413 loss_train: 0.4963 loss_val: 0.9978
Run:02 Epoch: 0414 loss_train: 0.4849 loss_val: 0.9746
Run:02 Epoch: 0415 loss_train: 0.4806 loss_val: 0.9756
Run:02 Epoch: 0416 loss_train: 0.4733 loss_val: 0.9505
Run:02 Epoch: 0417 loss_train: 0.4317 loss_val: 1.0232
Run:02 Epoch: 0418 loss_train: 0.5060 loss_val: 0.9514
Run:02 Epoch: 0419 loss_train: 0.4764 loss_val: 0.9734
Run:02 Epoch: 0420 loss_train: 0.5058 loss_val: 0.9324
Run:02 Epoch: 0421 loss_train: 0.4589 loss_val: 1.0175
Run:02 Epoch: 0422 loss_train: 0.5125 loss_val: 0.9769
Run:02 Epoch: 0423 loss_train: 0.4551 loss_val: 0.9972
Run:02 Epoch: 0424 loss_train: 0.4823 loss_val: 0.9823
Run:02 Epoch: 0425 loss_train: 0.4666 loss_val: 1.0170
Run:02 Epoch: 0426 loss_train: 0.4926 loss_val: 1.0022
Run:02 Epoch: 0427 loss_train: 0.4647 loss_val: 0.9529
Run:02 Epoch: 0428 loss_train: 0.4689 loss_val: 0.9453
Run:02 Epoch: 0429 loss_train: 0.4660 loss_val: 1.0205
Run:02 Epoch: 0430 loss_train: 0.4972 loss_val: 0.9689
Run:02 Epoch: 0431 loss_train: 0.4575 loss_val: 0.9603
Run:02 Epoch: 0432 loss_train: 0.4613 loss_val: 0.9777
Run:02 Epoch: 0433 loss_train: 0.5041 loss_val: 0.9901
Run:02 Epoch: 0434 loss_train: 0.4850 loss_val: 0.9959
Run:02 Epoch: 0435 loss_train: 0.4828 loss_val: 0.9552
Run:02 Epoch: 0436 loss_train: 0.4565 loss_val: 0.9576
Run:02 Epoch: 0437 loss_train: 0.4515 loss_val: 0.9706
Run:02 Epoch: 0438 loss_train: 0.4474 loss_val: 0.9716
Run:02 Epoch: 0439 loss_train: 0.4388 loss_val: 0.9753
Run:02 Epoch: 0440 loss_train: 0.4338 loss_val: 0.9682
Run:02 Epoch: 0441 loss_train: 0.4415 loss_val: 0.9757
Run:02 Epoch: 0442 loss_train: 0.4711 loss_val: 0.9818
Run:02 Epoch: 0443 loss_train: 0.4352 loss_val: 0.9931
Run:02 Epoch: 0444 loss_train: 0.4392 loss_val: 0.9609
Run:02 Epoch: 0445 loss_train: 0.4427 loss_val: 0.9621
Run:02 Epoch: 0446 loss_train: 0.4775 loss_val: 0.9743
Run:02 Epoch: 0447 loss_train: 0.4463 loss_val: 1.0079
Run:02 Epoch: 0448 loss_train: 0.4405 loss_val: 0.9659
Run:02 Epoch: 0449 loss_train: 0.4685 loss_val: 1.0442
Run:02 Epoch: 0450 loss_train: 0.5304 loss_val: 0.9497
Run:02 Epoch: 0451 loss_train: 0.4320 loss_val: 1.1058
Run:02 Epoch: 0452 loss_train: 0.5622 loss_val: 0.9747
Run:02 Epoch: 0453 loss_train: 0.4334 loss_val: 1.0397
Run:02 Epoch: 0454 loss_train: 0.5972 loss_val: 0.9804
Run:02 Epoch: 0455 loss_train: 0.4473 loss_val: 1.1354
Run:02 Epoch: 0456 loss_train: 0.5980 loss_val: 0.9769
Run:02 Epoch: 0457 loss_train: 0.4480 loss_val: 1.0261
Run:02 Epoch: 0458 loss_train: 0.5395 loss_val: 0.9643
Run:02 Epoch: 0459 loss_train: 0.4545 loss_val: 0.9654
Run:02 Epoch: 0460 loss_train: 0.4472 loss_val: 0.9734
Run:02 Epoch: 0461 loss_train: 0.4503 loss_val: 0.9959
Run:02 Epoch: 0462 loss_train: 0.4520 loss_val: 1.0078
Run:02 Epoch: 0463 loss_train: 0.4804 loss_val: 1.0098
Run:02 Epoch: 0464 loss_train: 0.4740 loss_val: 1.0110
Run:02 Epoch: 0465 loss_train: 0.5212 loss_val: 0.9658
Run:02 Epoch: 0466 loss_train: 0.4623 loss_val: 1.0085
Run:02 Epoch: 0467 loss_train: 0.5302 loss_val: 0.9722
Run:02 Epoch: 0468 loss_train: 0.4363 loss_val: 1.1437
Run:02 Epoch: 0469 loss_train: 0.5859 loss_val: 1.0156
Run:02 Epoch: 0470 loss_train: 0.4860 loss_val: 1.0074
Run:02 Epoch: 0471 loss_train: 0.5371 loss_val: 0.9765
Run:02 Epoch: 0472 loss_train: 0.4582 loss_val: 0.9704
Run:02 Epoch: 0473 loss_train: 0.4717 loss_val: 0.9974
Run:02 Epoch: 0474 loss_train: 0.4480 loss_val: 0.9618
Run:02 Epoch: 0475 loss_train: 0.4527 loss_val: 1.0345
Run:02 Epoch: 0476 loss_train: 0.4618 loss_val: 1.0400
Run:02 Epoch: 0477 loss_train: 0.5110 loss_val: 1.0198
Run:02 Epoch: 0478 loss_train: 0.4601 loss_val: 1.1309
Run:02 Epoch: 0479 loss_train: 0.5443 loss_val: 0.9896
Run:02 Epoch: 0480 loss_train: 0.4326 loss_val: 1.0929
Run:02 Epoch: 0481 loss_train: 0.5434 loss_val: 0.9917
Run:02 Epoch: 0482 loss_train: 0.4604 loss_val: 1.0097
Run:02 Epoch: 0483 loss_train: 0.4705 loss_val: 0.9796
Run:02 Epoch: 0484 loss_train: 0.4339 loss_val: 0.9707
Run:02 Epoch: 0485 loss_train: 0.5012 loss_val: 0.9721
Run:02 Epoch: 0486 loss_train: 0.4774 loss_val: 0.9738
Run:02 Epoch: 0487 loss_train: 0.4386 loss_val: 0.9720
Run:02 Epoch: 0488 loss_train: 0.4139 loss_val: 0.9763
Run:02 Epoch: 0489 loss_train: 0.4292 loss_val: 0.9890
Run:02 Epoch: 0490 loss_train: 0.4275 loss_val: 1.0270
Run:02 Epoch: 0491 loss_train: 0.4489 loss_val: 1.0089
Run:02 Epoch: 0492 loss_train: 0.4349 loss_val: 1.0236
Run:02 Epoch: 0493 loss_train: 0.4412 loss_val: 1.0688
Run:02 Epoch: 0494 loss_train: 0.4459 loss_val: 1.0804
Run:02 Epoch: 0495 loss_train: 0.4872 loss_val: 1.0525
Run:02 Epoch: 0496 loss_train: 0.4621 loss_val: 1.0564
Run:02 Epoch: 0497 loss_train: 0.4794 loss_val: 1.0771
Run:02 Epoch: 0498 loss_train: 0.4557 loss_val: 1.1682
Run:02 Epoch: 0499 loss_train: 0.5344 loss_val: 0.9988
Run:02 Epoch: 0500 loss_train: 0.4633 loss_val: 1.2597
Run:03 Epoch: 0001 loss_train: 2.4037 loss_val: 0.8643
Run:03 Epoch: 0002 loss_train: 0.8757 loss_val: 0.7827
Run:03 Epoch: 0003 loss_train: 0.8097 loss_val: 0.7479
Run:03 Epoch: 0004 loss_train: 0.7905 loss_val: 1.1310
Run:03 Epoch: 0005 loss_train: 1.1854 loss_val: 1.0923
Run:03 Epoch: 0006 loss_train: 1.1733 loss_val: 0.9207
Run:03 Epoch: 0007 loss_train: 0.9322 loss_val: 0.7375
Run:03 Epoch: 0008 loss_train: 0.8229 loss_val: 0.9117
Run:03 Epoch: 0009 loss_train: 0.9725 loss_val: 0.7699
Run:03 Epoch: 0010 loss_train: 0.8195 loss_val: 0.7035
Run:03 Epoch: 0011 loss_train: 0.7360 loss_val: 0.8118
Run:03 Epoch: 0012 loss_train: 0.8476 loss_val: 0.8184
Run:03 Epoch: 0013 loss_train: 0.8643 loss_val: 0.7243
Run:03 Epoch: 0014 loss_train: 0.7870 loss_val: 0.7040
Run:03 Epoch: 0015 loss_train: 0.7288 loss_val: 0.7521
Run:03 Epoch: 0016 loss_train: 0.7876 loss_val: 0.7781
Run:03 Epoch: 0017 loss_train: 0.7895 loss_val: 0.7750
Run:03 Epoch: 0018 loss_train: 0.7967 loss_val: 0.7457
Run:03 Epoch: 0019 loss_train: 0.7612 loss_val: 0.7248
Run:03 Epoch: 0020 loss_train: 0.7368 loss_val: 0.7153
Run:03 Epoch: 0021 loss_train: 0.7271 loss_val: 0.7161
Run:03 Epoch: 0022 loss_train: 0.7301 loss_val: 0.7293
Run:03 Epoch: 0023 loss_train: 0.7468 loss_val: 0.7415
Run:03 Epoch: 0024 loss_train: 0.7656 loss_val: 0.7550
Run:03 Epoch: 0025 loss_train: 0.7830 loss_val: 0.7496
Run:03 Epoch: 0026 loss_train: 0.7569 loss_val: 0.7445
Run:03 Epoch: 0027 loss_train: 0.7706 loss_val: 0.7307
Run:03 Epoch: 0028 loss_train: 0.7441 loss_val: 0.7213
Run:03 Epoch: 0029 loss_train: 0.7357 loss_val: 0.7170
Run:03 Epoch: 0030 loss_train: 0.7211 loss_val: 0.7146
Run:03 Epoch: 0031 loss_train: 0.7168 loss_val: 0.7121
Run:03 Epoch: 0032 loss_train: 0.7189 loss_val: 0.7102
Run:03 Epoch: 0033 loss_train: 0.7131 loss_val: 0.7103
Run:03 Epoch: 0034 loss_train: 0.7247 loss_val: 0.7119
Run:03 Epoch: 0035 loss_train: 0.7188 loss_val: 0.7149
Run:03 Epoch: 0036 loss_train: 0.7266 loss_val: 0.7162
Run:03 Epoch: 0037 loss_train: 0.7230 loss_val: 0.7135
Run:03 Epoch: 0038 loss_train: 0.7200 loss_val: 0.7113
Run:03 Epoch: 0039 loss_train: 0.7105 loss_val: 0.7126
Run:03 Epoch: 0040 loss_train: 0.7092 loss_val: 0.7201
Run:03 Epoch: 0041 loss_train: 0.7229 loss_val: 0.7174
Run:03 Epoch: 0042 loss_train: 0.7196 loss_val: 0.7249
Run:03 Epoch: 0043 loss_train: 0.7168 loss_val: 0.7271
Run:03 Epoch: 0044 loss_train: 0.7121 loss_val: 0.7302
Run:03 Epoch: 0045 loss_train: 0.7306 loss_val: 0.7319
Run:03 Epoch: 0046 loss_train: 0.7291 loss_val: 0.7329
Run:03 Epoch: 0047 loss_train: 0.7200 loss_val: 0.7573
Run:03 Epoch: 0048 loss_train: 0.7537 loss_val: 0.7338
Run:03 Epoch: 0049 loss_train: 0.7147 loss_val: 0.7397
Run:03 Epoch: 0050 loss_train: 0.7095 loss_val: 0.7440
Run:03 Epoch: 0051 loss_train: 0.7070 loss_val: 0.7302
Run:03 Epoch: 0052 loss_train: 0.7021 loss_val: 0.7461
Run:03 Epoch: 0053 loss_train: 0.7333 loss_val: 0.7339
Run:03 Epoch: 0054 loss_train: 0.7158 loss_val: 0.7291
Run:03 Epoch: 0055 loss_train: 0.7024 loss_val: 0.7332
Run:03 Epoch: 0056 loss_train: 0.6946 loss_val: 0.7264
Run:03 Epoch: 0057 loss_train: 0.6925 loss_val: 0.7383
Run:03 Epoch: 0058 loss_train: 0.7034 loss_val: 0.7529
Run:03 Epoch: 0059 loss_train: 0.7243 loss_val: 0.7315
Run:03 Epoch: 0060 loss_train: 0.6940 loss_val: 0.7327
Run:03 Epoch: 0061 loss_train: 0.6949 loss_val: 0.7508
Run:03 Epoch: 0062 loss_train: 0.7065 loss_val: 0.7311
Run:03 Epoch: 0063 loss_train: 0.6906 loss_val: 0.7556
Run:03 Epoch: 0064 loss_train: 0.7262 loss_val: 0.7507
Run:03 Epoch: 0065 loss_train: 0.7101 loss_val: 0.7349
Run:03 Epoch: 0066 loss_train: 0.6894 loss_val: 0.7646
Run:03 Epoch: 0067 loss_train: 0.7061 loss_val: 0.7440
Run:03 Epoch: 0068 loss_train: 0.6925 loss_val: 0.7509
Run:03 Epoch: 0069 loss_train: 0.6971 loss_val: 0.7697
Run:03 Epoch: 0070 loss_train: 0.7368 loss_val: 0.7391
Run:03 Epoch: 0071 loss_train: 0.6938 loss_val: 0.7500
Run:03 Epoch: 0072 loss_train: 0.6884 loss_val: 0.7422
Run:03 Epoch: 0073 loss_train: 0.6806 loss_val: 0.7513
Run:03 Epoch: 0074 loss_train: 0.6847 loss_val: 0.7686
Run:03 Epoch: 0075 loss_train: 0.7097 loss_val: 0.7441
Run:03 Epoch: 0076 loss_train: 0.6931 loss_val: 0.7708
Run:03 Epoch: 0077 loss_train: 0.6942 loss_val: 0.7542
Run:03 Epoch: 0078 loss_train: 0.6947 loss_val: 0.7660
Run:03 Epoch: 0079 loss_train: 0.6959 loss_val: 0.7904
Run:03 Epoch: 0080 loss_train: 0.7450 loss_val: 0.7400
Run:03 Epoch: 0081 loss_train: 0.6699 loss_val: 0.7743
Run:03 Epoch: 0082 loss_train: 0.7014 loss_val: 0.7587
Run:03 Epoch: 0083 loss_train: 0.6795 loss_val: 0.7435
Run:03 Epoch: 0084 loss_train: 0.6681 loss_val: 0.7369
Run:03 Epoch: 0085 loss_train: 0.6688 loss_val: 0.7409
Run:03 Epoch: 0086 loss_train: 0.6678 loss_val: 0.7412
Run:03 Epoch: 0087 loss_train: 0.6782 loss_val: 0.7426
Run:03 Epoch: 0088 loss_train: 0.6715 loss_val: 0.7499
Run:03 Epoch: 0089 loss_train: 0.6645 loss_val: 0.7474
Run:03 Epoch: 0090 loss_train: 0.6682 loss_val: 0.7510
Run:03 Epoch: 0091 loss_train: 0.6593 loss_val: 0.7569
Run:03 Epoch: 0092 loss_train: 0.6700 loss_val: 0.7588
Run:03 Epoch: 0093 loss_train: 0.6714 loss_val: 0.7737
Run:03 Epoch: 0094 loss_train: 0.6721 loss_val: 0.7659
Run:03 Epoch: 0095 loss_train: 0.6697 loss_val: 0.7904
Run:03 Epoch: 0096 loss_train: 0.6767 loss_val: 0.7759
Run:03 Epoch: 0097 loss_train: 0.6743 loss_val: 0.7714
Run:03 Epoch: 0098 loss_train: 0.6642 loss_val: 0.7694
Run:03 Epoch: 0099 loss_train: 0.6579 loss_val: 0.7603
Run:03 Epoch: 0100 loss_train: 0.6491 loss_val: 0.7972
Run:03 Epoch: 0101 loss_train: 0.6841 loss_val: 0.7651
Run:03 Epoch: 0102 loss_train: 0.6595 loss_val: 0.7822
Run:03 Epoch: 0103 loss_train: 0.6711 loss_val: 0.7650
Run:03 Epoch: 0104 loss_train: 0.6421 loss_val: 0.7808
Run:03 Epoch: 0105 loss_train: 0.6574 loss_val: 0.7791
Run:03 Epoch: 0106 loss_train: 0.6461 loss_val: 0.7834
Run:03 Epoch: 0107 loss_train: 0.6364 loss_val: 0.7930
Run:03 Epoch: 0108 loss_train: 0.6436 loss_val: 0.8093
Run:03 Epoch: 0109 loss_train: 0.6606 loss_val: 0.7941
Run:03 Epoch: 0110 loss_train: 0.6426 loss_val: 0.7980
Run:03 Epoch: 0111 loss_train: 0.6427 loss_val: 0.7803
Run:03 Epoch: 0112 loss_train: 0.6359 loss_val: 0.7993
Run:03 Epoch: 0113 loss_train: 0.6632 loss_val: 0.7780
Run:03 Epoch: 0114 loss_train: 0.6264 loss_val: 0.8881
Run:03 Epoch: 0115 loss_train: 0.7356 loss_val: 0.8661
Run:03 Epoch: 0116 loss_train: 0.7134 loss_val: 0.8303
Run:03 Epoch: 0117 loss_train: 0.6801 loss_val: 0.7687
Run:03 Epoch: 0118 loss_train: 0.6151 loss_val: 0.8390
Run:03 Epoch: 0119 loss_train: 0.6853 loss_val: 0.7809
Run:03 Epoch: 0120 loss_train: 0.6324 loss_val: 0.7834
Run:03 Epoch: 0121 loss_train: 0.6335 loss_val: 0.8441
Run:03 Epoch: 0122 loss_train: 0.6832 loss_val: 0.8096
Run:03 Epoch: 0123 loss_train: 0.6481 loss_val: 0.7754
Run:03 Epoch: 0124 loss_train: 0.6069 loss_val: 0.7971
Run:03 Epoch: 0125 loss_train: 0.6343 loss_val: 0.8069
Run:03 Epoch: 0126 loss_train: 0.6312 loss_val: 0.8119
Run:03 Epoch: 0127 loss_train: 0.6266 loss_val: 0.8519
Run:03 Epoch: 0128 loss_train: 0.6590 loss_val: 0.8258
Run:03 Epoch: 0129 loss_train: 0.6229 loss_val: 0.8080
Run:03 Epoch: 0130 loss_train: 0.6105 loss_val: 0.8096
Run:03 Epoch: 0131 loss_train: 0.6050 loss_val: 0.8075
Run:03 Epoch: 0132 loss_train: 0.6083 loss_val: 0.8086
Run:03 Epoch: 0133 loss_train: 0.6018 loss_val: 0.8322
Run:03 Epoch: 0134 loss_train: 0.6097 loss_val: 0.8459
Run:03 Epoch: 0135 loss_train: 0.6101 loss_val: 0.8381
Run:03 Epoch: 0136 loss_train: 0.6084 loss_val: 0.8481
Run:03 Epoch: 0137 loss_train: 0.6110 loss_val: 0.8633
Run:03 Epoch: 0138 loss_train: 0.6318 loss_val: 0.8603
Run:03 Epoch: 0139 loss_train: 0.6094 loss_val: 0.8705
Run:03 Epoch: 0140 loss_train: 0.6163 loss_val: 0.8776
Run:03 Epoch: 0141 loss_train: 0.6258 loss_val: 0.8734
Run:03 Epoch: 0142 loss_train: 0.6122 loss_val: 0.8530
Run:03 Epoch: 0143 loss_train: 0.5952 loss_val: 0.8441
Run:03 Epoch: 0144 loss_train: 0.6007 loss_val: 0.8343
Run:03 Epoch: 0145 loss_train: 0.5953 loss_val: 0.8282
Run:03 Epoch: 0146 loss_train: 0.5889 loss_val: 0.8276
Run:03 Epoch: 0147 loss_train: 0.5915 loss_val: 0.8356
Run:03 Epoch: 0148 loss_train: 0.5975 loss_val: 0.8344
Run:03 Epoch: 0149 loss_train: 0.5794 loss_val: 0.8347
Run:03 Epoch: 0150 loss_train: 0.5853 loss_val: 0.8396
Run:03 Epoch: 0151 loss_train: 0.5810 loss_val: 0.8480
Run:03 Epoch: 0152 loss_train: 0.5877 loss_val: 0.8534
Run:03 Epoch: 0153 loss_train: 0.5938 loss_val: 0.8637
Run:03 Epoch: 0154 loss_train: 0.6089 loss_val: 0.8402
Run:03 Epoch: 0155 loss_train: 0.5812 loss_val: 0.8404
Run:03 Epoch: 0156 loss_train: 0.5903 loss_val: 0.8684
Run:03 Epoch: 0157 loss_train: 0.6076 loss_val: 0.8172
Run:03 Epoch: 0158 loss_train: 0.5746 loss_val: 0.8235
Run:03 Epoch: 0159 loss_train: 0.5967 loss_val: 0.8046
Run:03 Epoch: 0160 loss_train: 0.5833 loss_val: 0.8217
Run:03 Epoch: 0161 loss_train: 0.5890 loss_val: 0.8255
Run:03 Epoch: 0162 loss_train: 0.5788 loss_val: 0.8286
Run:03 Epoch: 0163 loss_train: 0.5744 loss_val: 0.8474
Run:03 Epoch: 0164 loss_train: 0.5819 loss_val: 0.8609
Run:03 Epoch: 0165 loss_train: 0.5792 loss_val: 0.8894
Run:03 Epoch: 0166 loss_train: 0.6033 loss_val: 0.8820
Run:03 Epoch: 0167 loss_train: 0.6040 loss_val: 0.8767
Run:03 Epoch: 0168 loss_train: 0.5921 loss_val: 0.8441
Run:03 Epoch: 0169 loss_train: 0.5782 loss_val: 0.8349
Run:03 Epoch: 0170 loss_train: 0.5660 loss_val: 0.8342
Run:03 Epoch: 0171 loss_train: 0.5669 loss_val: 0.8294
Run:03 Epoch: 0172 loss_train: 0.5690 loss_val: 0.8518
Run:03 Epoch: 0173 loss_train: 0.5736 loss_val: 0.8419
Run:03 Epoch: 0174 loss_train: 0.5738 loss_val: 0.8755
Run:03 Epoch: 0175 loss_train: 0.5918 loss_val: 0.8508
Run:03 Epoch: 0176 loss_train: 0.5497 loss_val: 0.8795
Run:03 Epoch: 0177 loss_train: 0.5785 loss_val: 0.8713
Run:03 Epoch: 0178 loss_train: 0.5641 loss_val: 0.8950
Run:03 Epoch: 0179 loss_train: 0.5853 loss_val: 0.8604
Run:03 Epoch: 0180 loss_train: 0.5619 loss_val: 0.8523
Run:03 Epoch: 0181 loss_train: 0.5693 loss_val: 0.8517
Run:03 Epoch: 0182 loss_train: 0.5652 loss_val: 0.8490
Run:03 Epoch: 0183 loss_train: 0.5784 loss_val: 0.8501
Run:03 Epoch: 0184 loss_train: 0.5649 loss_val: 0.8645
Run:03 Epoch: 0185 loss_train: 0.5729 loss_val: 0.8547
Run:03 Epoch: 0186 loss_train: 0.5599 loss_val: 0.8766
Run:03 Epoch: 0187 loss_train: 0.5651 loss_val: 0.8778
Run:03 Epoch: 0188 loss_train: 0.5675 loss_val: 0.8830
Run:03 Epoch: 0189 loss_train: 0.5588 loss_val: 0.8861
Run:03 Epoch: 0190 loss_train: 0.5481 loss_val: 1.0105
Run:03 Epoch: 0191 loss_train: 0.6455 loss_val: 0.9104
Run:03 Epoch: 0192 loss_train: 0.6132 loss_val: 0.8548
Run:03 Epoch: 0193 loss_train: 0.5685 loss_val: 0.8401
Run:03 Epoch: 0194 loss_train: 0.5640 loss_val: 0.8856
Run:03 Epoch: 0195 loss_train: 0.6553 loss_val: 0.7855
Run:03 Epoch: 0196 loss_train: 0.5603 loss_val: 0.8316
Run:03 Epoch: 0197 loss_train: 0.6318 loss_val: 0.7917
Run:03 Epoch: 0198 loss_train: 0.5690 loss_val: 0.8305
Run:03 Epoch: 0199 loss_train: 0.6003 loss_val: 0.8702
Run:03 Epoch: 0200 loss_train: 0.6349 loss_val: 0.8209
Run:03 Epoch: 0201 loss_train: 0.5652 loss_val: 0.8191
Run:03 Epoch: 0202 loss_train: 0.5684 loss_val: 0.8534
Run:03 Epoch: 0203 loss_train: 0.5724 loss_val: 0.8671
Run:03 Epoch: 0204 loss_train: 0.5679 loss_val: 0.8782
Run:03 Epoch: 0205 loss_train: 0.5652 loss_val: 0.9360
Run:03 Epoch: 0206 loss_train: 0.5903 loss_val: 0.9323
Run:03 Epoch: 0207 loss_train: 0.5789 loss_val: 0.9006
Run:03 Epoch: 0208 loss_train: 0.5549 loss_val: 0.8938
Run:03 Epoch: 0209 loss_train: 0.5508 loss_val: 0.8906
Run:03 Epoch: 0210 loss_train: 0.5400 loss_val: 0.8991
Run:03 Epoch: 0211 loss_train: 0.5423 loss_val: 0.9198
Run:03 Epoch: 0212 loss_train: 0.5556 loss_val: 0.8937
Run:03 Epoch: 0213 loss_train: 0.5416 loss_val: 0.8875
Run:03 Epoch: 0214 loss_train: 0.5562 loss_val: 0.8913
Run:03 Epoch: 0215 loss_train: 0.5549 loss_val: 0.9094
Run:03 Epoch: 0216 loss_train: 0.5712 loss_val: 0.8824
Run:03 Epoch: 0217 loss_train: 0.5446 loss_val: 0.8859
Run:03 Epoch: 0218 loss_train: 0.5521 loss_val: 0.9011
Run:03 Epoch: 0219 loss_train: 0.5340 loss_val: 0.9212
Run:03 Epoch: 0220 loss_train: 0.5816 loss_val: 0.9237
Run:03 Epoch: 0221 loss_train: 0.5426 loss_val: 0.9549
Run:03 Epoch: 0222 loss_train: 0.5948 loss_val: 0.9253
Run:03 Epoch: 0223 loss_train: 0.5812 loss_val: 0.9276
Run:03 Epoch: 0224 loss_train: 0.5804 loss_val: 0.8788
Run:03 Epoch: 0225 loss_train: 0.5420 loss_val: 0.9220
Run:03 Epoch: 0226 loss_train: 0.6083 loss_val: 0.8520
Run:03 Epoch: 0227 loss_train: 0.5221 loss_val: 0.8999
Run:03 Epoch: 0228 loss_train: 0.5834 loss_val: 0.8909
Run:03 Epoch: 0229 loss_train: 0.5668 loss_val: 0.8273
Run:03 Epoch: 0230 loss_train: 0.5332 loss_val: 0.8635
Run:03 Epoch: 0231 loss_train: 0.5619 loss_val: 0.8505
Run:03 Epoch: 0232 loss_train: 0.5598 loss_val: 0.8651
Run:03 Epoch: 0233 loss_train: 0.5513 loss_val: 0.9339
Run:03 Epoch: 0234 loss_train: 0.5976 loss_val: 0.8559
Run:03 Epoch: 0235 loss_train: 0.5225 loss_val: 0.8927
Run:03 Epoch: 0236 loss_train: 0.5687 loss_val: 0.8740
Run:03 Epoch: 0237 loss_train: 0.5438 loss_val: 0.9132
Run:03 Epoch: 0238 loss_train: 0.5499 loss_val: 0.9526
Run:03 Epoch: 0239 loss_train: 0.5838 loss_val: 0.8925
Run:03 Epoch: 0240 loss_train: 0.5309 loss_val: 0.9179
Run:03 Epoch: 0241 loss_train: 0.5499 loss_val: 0.9076
Run:03 Epoch: 0242 loss_train: 0.5525 loss_val: 0.8835
Run:03 Epoch: 0243 loss_train: 0.5315 loss_val: 0.9182
Run:03 Epoch: 0244 loss_train: 0.5667 loss_val: 0.8908
Run:03 Epoch: 0245 loss_train: 0.5457 loss_val: 0.8792
Run:03 Epoch: 0246 loss_train: 0.5402 loss_val: 0.8899
Run:03 Epoch: 0247 loss_train: 0.5335 loss_val: 0.8805
Run:03 Epoch: 0248 loss_train: 0.5343 loss_val: 0.8995
Run:03 Epoch: 0249 loss_train: 0.5309 loss_val: 0.8901
Run:03 Epoch: 0250 loss_train: 0.5165 loss_val: 0.8916
Run:03 Epoch: 0251 loss_train: 0.5197 loss_val: 0.8964
Run:03 Epoch: 0252 loss_train: 0.5032 loss_val: 0.9183
Run:03 Epoch: 0253 loss_train: 0.5216 loss_val: 0.9081
Run:03 Epoch: 0254 loss_train: 0.5175 loss_val: 0.9182
Run:03 Epoch: 0255 loss_train: 0.5147 loss_val: 0.9359
Run:03 Epoch: 0256 loss_train: 0.5324 loss_val: 0.9386
Run:03 Epoch: 0257 loss_train: 0.5208 loss_val: 0.9679
Run:03 Epoch: 0258 loss_train: 0.5589 loss_val: 0.9333
Run:03 Epoch: 0259 loss_train: 0.5267 loss_val: 0.9104
Run:03 Epoch: 0260 loss_train: 0.5124 loss_val: 0.9306
Run:03 Epoch: 0261 loss_train: 0.5196 loss_val: 0.9095
Run:03 Epoch: 0262 loss_train: 0.5255 loss_val: 0.8771
Run:03 Epoch: 0263 loss_train: 0.5066 loss_val: 0.9475
Run:03 Epoch: 0264 loss_train: 0.5697 loss_val: 0.8761
Run:03 Epoch: 0265 loss_train: 0.5097 loss_val: 0.9372
Run:03 Epoch: 0266 loss_train: 0.5461 loss_val: 0.9543
Run:03 Epoch: 0267 loss_train: 0.5600 loss_val: 0.8707
Run:03 Epoch: 0268 loss_train: 0.5192 loss_val: 0.9334
Run:03 Epoch: 0269 loss_train: 0.5780 loss_val: 0.8969
Run:03 Epoch: 0270 loss_train: 0.5301 loss_val: 0.9487
Run:03 Epoch: 0271 loss_train: 0.5701 loss_val: 0.9328
Run:03 Epoch: 0272 loss_train: 0.5343 loss_val: 0.8900
Run:03 Epoch: 0273 loss_train: 0.5095 loss_val: 0.9040
Run:03 Epoch: 0274 loss_train: 0.5449 loss_val: 0.8838
Run:03 Epoch: 0275 loss_train: 0.5183 loss_val: 0.9272
Run:03 Epoch: 0276 loss_train: 0.5394 loss_val: 0.9003
Run:03 Epoch: 0277 loss_train: 0.5235 loss_val: 0.8858
Run:03 Epoch: 0278 loss_train: 0.5190 loss_val: 0.9276
Run:03 Epoch: 0279 loss_train: 0.5466 loss_val: 0.8876
Run:03 Epoch: 0280 loss_train: 0.5184 loss_val: 0.9228
Run:03 Epoch: 0281 loss_train: 0.5388 loss_val: 0.8912
Run:03 Epoch: 0282 loss_train: 0.5042 loss_val: 0.8982
Run:03 Epoch: 0283 loss_train: 0.5327 loss_val: 0.9050
Run:03 Epoch: 0284 loss_train: 0.5067 loss_val: 0.9031
Run:03 Epoch: 0285 loss_train: 0.5059 loss_val: 0.9355
Run:03 Epoch: 0286 loss_train: 0.5330 loss_val: 0.9316
Run:03 Epoch: 0287 loss_train: 0.5338 loss_val: 0.9358
Run:03 Epoch: 0288 loss_train: 0.5170 loss_val: 0.9316
Run:03 Epoch: 0289 loss_train: 0.4893 loss_val: 0.9553
Run:03 Epoch: 0290 loss_train: 0.5182 loss_val: 0.9428
Run:03 Epoch: 0291 loss_train: 0.5180 loss_val: 0.9737
Run:03 Epoch: 0292 loss_train: 0.5258 loss_val: 0.9654
Run:03 Epoch: 0293 loss_train: 0.5302 loss_val: 0.9189
Run:03 Epoch: 0294 loss_train: 0.5038 loss_val: 0.9406
Run:03 Epoch: 0295 loss_train: 0.5402 loss_val: 0.9039
Run:03 Epoch: 0296 loss_train: 0.5283 loss_val: 0.9027
Run:03 Epoch: 0297 loss_train: 0.4963 loss_val: 0.9097
Run:03 Epoch: 0298 loss_train: 0.5307 loss_val: 0.9036
Run:03 Epoch: 0299 loss_train: 0.4917 loss_val: 0.9194
Run:03 Epoch: 0300 loss_train: 0.5055 loss_val: 0.9020
Run:03 Epoch: 0301 loss_train: 0.4809 loss_val: 0.9585
Run:03 Epoch: 0302 loss_train: 0.5006 loss_val: 0.9683
Run:03 Epoch: 0303 loss_train: 0.5463 loss_val: 0.9391
Run:03 Epoch: 0304 loss_train: 0.5265 loss_val: 0.9521
Run:03 Epoch: 0305 loss_train: 0.5422 loss_val: 0.8903
Run:03 Epoch: 0306 loss_train: 0.4903 loss_val: 0.9697
Run:03 Epoch: 0307 loss_train: 0.5807 loss_val: 0.9225
Run:03 Epoch: 0308 loss_train: 0.5180 loss_val: 0.9086
Run:03 Epoch: 0309 loss_train: 0.5030 loss_val: 0.9251
Run:03 Epoch: 0310 loss_train: 0.5043 loss_val: 0.9453
Run:03 Epoch: 0311 loss_train: 0.5034 loss_val: 0.9652
Run:03 Epoch: 0312 loss_train: 0.5082 loss_val: 0.9772
Run:03 Epoch: 0313 loss_train: 0.4851 loss_val: 0.9896
Run:03 Epoch: 0314 loss_train: 0.5047 loss_val: 1.0054
Run:03 Epoch: 0315 loss_train: 0.4861 loss_val: 1.0130
Run:03 Epoch: 0316 loss_train: 0.5408 loss_val: 0.9850
Run:03 Epoch: 0317 loss_train: 0.5238 loss_val: 0.9508
Run:03 Epoch: 0318 loss_train: 0.5290 loss_val: 1.0001
Run:03 Epoch: 0319 loss_train: 0.5582 loss_val: 0.9352
Run:03 Epoch: 0320 loss_train: 0.5571 loss_val: 0.9147
Run:03 Epoch: 0321 loss_train: 0.5363 loss_val: 0.9401
Run:03 Epoch: 0322 loss_train: 0.5682 loss_val: 0.8398
Run:03 Epoch: 0323 loss_train: 0.4933 loss_val: 0.9224
Run:03 Epoch: 0324 loss_train: 0.5620 loss_val: 0.9329
Run:03 Epoch: 0325 loss_train: 0.5728 loss_val: 0.8569
Run:03 Epoch: 0326 loss_train: 0.4914 loss_val: 0.9427
Run:03 Epoch: 0327 loss_train: 0.5717 loss_val: 0.9285
Run:03 Epoch: 0328 loss_train: 0.5597 loss_val: 0.9079
Run:03 Epoch: 0329 loss_train: 0.4969 loss_val: 0.9929
Run:03 Epoch: 0330 loss_train: 0.5761 loss_val: 0.9559
Run:03 Epoch: 0331 loss_train: 0.5361 loss_val: 0.8989
Run:03 Epoch: 0332 loss_train: 0.5177 loss_val: 0.9077
Run:03 Epoch: 0333 loss_train: 0.4995 loss_val: 0.9040
Run:03 Epoch: 0334 loss_train: 0.5082 loss_val: 0.8881
Run:03 Epoch: 0335 loss_train: 0.4759 loss_val: 0.9636
Run:03 Epoch: 0336 loss_train: 0.5658 loss_val: 0.9054
Run:03 Epoch: 0337 loss_train: 0.4890 loss_val: 0.9480
Run:03 Epoch: 0338 loss_train: 0.5023 loss_val: 0.9888
Run:03 Epoch: 0339 loss_train: 0.5739 loss_val: 0.9656
Run:03 Epoch: 0340 loss_train: 0.5262 loss_val: 1.0303
Run:03 Epoch: 0341 loss_train: 0.5564 loss_val: 0.9478
Run:03 Epoch: 0342 loss_train: 0.4937 loss_val: 1.0044
Run:03 Epoch: 0343 loss_train: 0.5605 loss_val: 0.9658
Run:03 Epoch: 0344 loss_train: 0.4934 loss_val: 0.9810
Run:03 Epoch: 0345 loss_train: 0.5086 loss_val: 0.9800
Run:03 Epoch: 0346 loss_train: 0.5245 loss_val: 0.9575
Run:03 Epoch: 0347 loss_train: 0.4892 loss_val: 0.9991
Run:03 Epoch: 0348 loss_train: 0.5641 loss_val: 0.9500
Run:03 Epoch: 0349 loss_train: 0.5279 loss_val: 0.9594
Run:03 Epoch: 0350 loss_train: 0.5009 loss_val: 0.9695
Run:03 Epoch: 0351 loss_train: 0.4888 loss_val: 0.9350
Run:03 Epoch: 0352 loss_train: 0.4895 loss_val: 0.9332
Run:03 Epoch: 0353 loss_train: 0.4766 loss_val: 0.9636
Run:03 Epoch: 0354 loss_train: 0.5404 loss_val: 0.9244
Run:03 Epoch: 0355 loss_train: 0.4785 loss_val: 0.9450
Run:03 Epoch: 0356 loss_train: 0.4960 loss_val: 0.9619
Run:03 Epoch: 0357 loss_train: 0.5063 loss_val: 0.9184
Run:03 Epoch: 0358 loss_train: 0.4845 loss_val: 0.9265
Run:03 Epoch: 0359 loss_train: 0.4905 loss_val: 0.9336
Run:03 Epoch: 0360 loss_train: 0.5002 loss_val: 0.9446
Run:03 Epoch: 0361 loss_train: 0.4899 loss_val: 0.9611
Run:03 Epoch: 0362 loss_train: 0.4915 loss_val: 0.9582
Run:03 Epoch: 0363 loss_train: 0.4690 loss_val: 0.9716
Run:03 Epoch: 0364 loss_train: 0.4902 loss_val: 0.9915
Run:03 Epoch: 0365 loss_train: 0.4851 loss_val: 0.9778
Run:03 Epoch: 0366 loss_train: 0.4627 loss_val: 1.0021
Run:03 Epoch: 0367 loss_train: 0.4968 loss_val: 0.9637
Run:03 Epoch: 0368 loss_train: 0.4577 loss_val: 1.0077
Run:03 Epoch: 0369 loss_train: 0.5127 loss_val: 0.9458
Run:03 Epoch: 0370 loss_train: 0.4950 loss_val: 0.9628
Run:03 Epoch: 0371 loss_train: 0.5180 loss_val: 0.9559
Run:03 Epoch: 0372 loss_train: 0.5154 loss_val: 0.9312
Run:03 Epoch: 0373 loss_train: 0.4726 loss_val: 0.9479
Run:03 Epoch: 0374 loss_train: 0.4583 loss_val: 0.9603
Run:03 Epoch: 0375 loss_train: 0.4622 loss_val: 0.9907
Run:03 Epoch: 0376 loss_train: 0.4802 loss_val: 1.0076
Run:03 Epoch: 0377 loss_train: 0.4742 loss_val: 1.0124
Run:03 Epoch: 0378 loss_train: 0.4952 loss_val: 1.0139
Run:03 Epoch: 0379 loss_train: 0.4983 loss_val: 0.9909
Run:03 Epoch: 0380 loss_train: 0.4644 loss_val: 1.0110
Run:03 Epoch: 0381 loss_train: 0.4652 loss_val: 0.9701
Run:03 Epoch: 0382 loss_train: 0.4646 loss_val: 0.9602
Run:03 Epoch: 0383 loss_train: 0.4631 loss_val: 0.9599
Run:03 Epoch: 0384 loss_train: 0.4720 loss_val: 0.9899
Run:03 Epoch: 0385 loss_train: 0.4989 loss_val: 0.9727
Run:03 Epoch: 0386 loss_train: 0.4748 loss_val: 1.0570
Run:03 Epoch: 0387 loss_train: 0.5382 loss_val: 0.9780
Run:03 Epoch: 0388 loss_train: 0.4875 loss_val: 1.0146
Run:03 Epoch: 0389 loss_train: 0.5119 loss_val: 0.9749
Run:03 Epoch: 0390 loss_train: 0.4768 loss_val: 0.9804
Run:03 Epoch: 0391 loss_train: 0.4634 loss_val: 1.0297
Run:03 Epoch: 0392 loss_train: 0.5782 loss_val: 0.9552
Run:03 Epoch: 0393 loss_train: 0.4653 loss_val: 1.0547
Run:03 Epoch: 0394 loss_train: 0.5064 loss_val: 0.9666
Run:03 Epoch: 0395 loss_train: 0.5298 loss_val: 0.9372
Run:03 Epoch: 0396 loss_train: 0.4683 loss_val: 0.9708
Run:03 Epoch: 0397 loss_train: 0.4992 loss_val: 0.9127
Run:03 Epoch: 0398 loss_train: 0.4666 loss_val: 0.9229
Run:03 Epoch: 0399 loss_train: 0.4675 loss_val: 0.9310
Run:03 Epoch: 0400 loss_train: 0.5011 loss_val: 0.9150
Run:03 Epoch: 0401 loss_train: 0.4613 loss_val: 0.9308
Run:03 Epoch: 0402 loss_train: 0.4557 loss_val: 0.9616
Run:03 Epoch: 0403 loss_train: 0.4751 loss_val: 0.9940
Run:03 Epoch: 0404 loss_train: 0.4737 loss_val: 1.0132
Run:03 Epoch: 0405 loss_train: 0.4484 loss_val: 1.0116
Run:03 Epoch: 0406 loss_train: 0.4668 loss_val: 1.0192
Run:03 Epoch: 0407 loss_train: 0.4576 loss_val: 1.0475
Run:03 Epoch: 0408 loss_train: 0.4593 loss_val: 1.0165
Run:03 Epoch: 0409 loss_train: 0.4697 loss_val: 1.0306
Run:03 Epoch: 0410 loss_train: 0.4606 loss_val: 1.0351
Run:03 Epoch: 0411 loss_train: 0.4741 loss_val: 1.0368
Run:03 Epoch: 0412 loss_train: 0.4588 loss_val: 1.0289
Run:03 Epoch: 0413 loss_train: 0.4471 loss_val: 1.0189
Run:03 Epoch: 0414 loss_train: 0.4592 loss_val: 1.0582
Run:03 Epoch: 0415 loss_train: 0.5532 loss_val: 1.1698
Run:03 Epoch: 0416 loss_train: 0.6310 loss_val: 0.9593
Run:03 Epoch: 0417 loss_train: 0.4567 loss_val: 1.1051
Run:03 Epoch: 0418 loss_train: 0.5728 loss_val: 0.9793
Run:03 Epoch: 0419 loss_train: 0.5023 loss_val: 0.9320
Run:03 Epoch: 0420 loss_train: 0.5071 loss_val: 0.9503
Run:03 Epoch: 0421 loss_train: 0.5233 loss_val: 0.9066
Run:03 Epoch: 0422 loss_train: 0.4657 loss_val: 0.9241
Run:03 Epoch: 0423 loss_train: 0.4935 loss_val: 0.9602
Run:03 Epoch: 0424 loss_train: 0.5123 loss_val: 0.9383
Run:03 Epoch: 0425 loss_train: 0.5300 loss_val: 0.9387
Run:03 Epoch: 0426 loss_train: 0.5041 loss_val: 0.9627
Run:03 Epoch: 0427 loss_train: 0.4842 loss_val: 0.9463
Run:03 Epoch: 0428 loss_train: 0.5011 loss_val: 0.9595
Run:03 Epoch: 0429 loss_train: 0.4770 loss_val: 1.0085
Run:03 Epoch: 0430 loss_train: 0.5236 loss_val: 0.9368
Run:03 Epoch: 0431 loss_train: 0.4608 loss_val: 1.0015
Run:03 Epoch: 0432 loss_train: 0.5301 loss_val: 0.9575
Run:03 Epoch: 0433 loss_train: 0.4631 loss_val: 0.9589
Run:03 Epoch: 0434 loss_train: 0.4662 loss_val: 1.0262
Run:03 Epoch: 0435 loss_train: 0.5481 loss_val: 0.9454
Run:03 Epoch: 0436 loss_train: 0.4686 loss_val: 1.0295
Run:03 Epoch: 0437 loss_train: 0.5264 loss_val: 0.9745
Run:03 Epoch: 0438 loss_train: 0.4565 loss_val: 0.9872
Run:03 Epoch: 0439 loss_train: 0.4961 loss_val: 0.9922
Run:03 Epoch: 0440 loss_train: 0.4727 loss_val: 0.9620
Run:03 Epoch: 0441 loss_train: 0.4606 loss_val: 0.9953
Run:03 Epoch: 0442 loss_train: 0.4713 loss_val: 0.9852
Run:03 Epoch: 0443 loss_train: 0.4482 loss_val: 0.9937
Run:03 Epoch: 0444 loss_train: 0.4455 loss_val: 1.0231
Run:03 Epoch: 0445 loss_train: 0.4758 loss_val: 0.9989
Run:03 Epoch: 0446 loss_train: 0.4415 loss_val: 1.0017
Run:03 Epoch: 0447 loss_train: 0.4582 loss_val: 1.0019
Run:03 Epoch: 0448 loss_train: 0.4486 loss_val: 1.0097
Run:03 Epoch: 0449 loss_train: 0.4436 loss_val: 1.0161
Run:03 Epoch: 0450 loss_train: 0.4493 loss_val: 1.0322
Run:03 Epoch: 0451 loss_train: 0.4489 loss_val: 1.0475
Run:03 Epoch: 0452 loss_train: 0.4516 loss_val: 1.0562
Run:03 Epoch: 0453 loss_train: 0.4611 loss_val: 1.0547
Run:03 Epoch: 0454 loss_train: 0.4791 loss_val: 1.0346
Run:03 Epoch: 0455 loss_train: 0.4671 loss_val: 1.0450
Run:03 Epoch: 0456 loss_train: 0.4573 loss_val: 1.0307
Run:03 Epoch: 0457 loss_train: 0.4443 loss_val: 1.0300
Run:03 Epoch: 0458 loss_train: 0.4491 loss_val: 1.0011
Run:03 Epoch: 0459 loss_train: 0.4249 loss_val: 0.9891
Run:03 Epoch: 0460 loss_train: 0.4525 loss_val: 1.0141
Run:03 Epoch: 0461 loss_train: 0.4944 loss_val: 0.9706
Run:03 Epoch: 0462 loss_train: 0.4399 loss_val: 0.9847
Run:03 Epoch: 0463 loss_train: 0.4425 loss_val: 0.9997
Run:03 Epoch: 0464 loss_train: 0.4580 loss_val: 1.0087
Run:03 Epoch: 0465 loss_train: 0.4500 loss_val: 1.0489
Run:03 Epoch: 0466 loss_train: 0.4752 loss_val: 1.0594
Run:03 Epoch: 0467 loss_train: 0.4410 loss_val: 1.0578
Run:03 Epoch: 0468 loss_train: 0.4339 loss_val: 1.0755
Run:03 Epoch: 0469 loss_train: 0.4890 loss_val: 1.0344
Run:03 Epoch: 0470 loss_train: 0.4509 loss_val: 1.0368
Run:03 Epoch: 0471 loss_train: 0.4702 loss_val: 0.9956
Run:03 Epoch: 0472 loss_train: 0.4288 loss_val: 1.0192
Run:03 Epoch: 0473 loss_train: 0.4959 loss_val: 1.0067
Run:03 Epoch: 0474 loss_train: 0.4709 loss_val: 1.0248
Run:03 Epoch: 0475 loss_train: 0.4608 loss_val: 0.9727
Run:03 Epoch: 0476 loss_train: 0.4406 loss_val: 1.0483
Run:03 Epoch: 0477 loss_train: 0.4963 loss_val: 0.9886
Run:03 Epoch: 0478 loss_train: 0.4258 loss_val: 0.9909
Run:03 Epoch: 0479 loss_train: 0.4449 loss_val: 1.0196
Run:03 Epoch: 0480 loss_train: 0.4427 loss_val: 1.0235
Run:03 Epoch: 0481 loss_train: 0.4339 loss_val: 1.0076
Run:03 Epoch: 0482 loss_train: 0.4245 loss_val: 1.0485
Run:03 Epoch: 0483 loss_train: 0.4931 loss_val: 1.0171
Run:03 Epoch: 0484 loss_train: 0.4356 loss_val: 1.1082
Run:03 Epoch: 0485 loss_train: 0.4799 loss_val: 1.0447
Run:03 Epoch: 0486 loss_train: 0.4529 loss_val: 1.0846
Run:03 Epoch: 0487 loss_train: 0.5063 loss_val: 1.0378
Run:03 Epoch: 0488 Run Train: 100%|██████████| 3/3 [13:52<00:00, 277.48s/it]Run Train: 100%|██████████| 3/3 [13:52<00:00, 277.43s/it]
loss_train: 0.4561 loss_val: 1.1088
Run:03 Epoch: 0489 loss_train: 0.4767 loss_val: 1.0354
Run:03 Epoch: 0490 loss_train: 0.4455 loss_val: 0.9935
Run:03 Epoch: 0491 loss_train: 0.4393 loss_val: 1.0843
Run:03 Epoch: 0492 loss_train: 0.5175 loss_val: 1.0113
Run:03 Epoch: 0493 loss_train: 0.4354 loss_val: 0.9984
Run:03 Epoch: 0494 loss_train: 0.4407 loss_val: 1.0234
Run:03 Epoch: 0495 loss_train: 0.4609 loss_val: 0.9991
Run:03 Epoch: 0496 loss_train: 0.4141 loss_val: 1.0169
Run:03 Epoch: 0497 loss_train: 0.4358 loss_val: 1.0233
Run:03 Epoch: 0498 loss_train: 0.4337 loss_val: 1.0499
Run:03 Epoch: 0499 loss_train: 0.4390 loss_val: 1.0473
Run:03 Epoch: 0500 loss_train: 0.4280 loss_val: 1.0521
test acc: 0.5397316821465429 test acc std 0.00887752865535876


test micro f1: 0.5397316821465429 test macro f1 0.49613813047201255
