args
 Namespace(batch_size=128, concat=10, conditional=True, cuda=True, dataset='cora', dropout=0.5, epochs=400, hidden=64, lam=1.0, latent_size=10, lr=0.05, num_models=100, pretrain_epochs=15, pretrain_lr=0.05, runs=3, samples=4, seed=42, tem=0.5, update_epochs=20, warmup=200, weight_decay=0.0005)
This is cocitation_cora dataset:
  ->  num_classes
  ->  num_vertices
  ->  num_edges
  ->  dim_features
  ->  features
  ->  edge_list
  ->  labels
  ->  train_mask
  ->  val_mask
  ->  test_mask
Please try `data['name']` to get the specified data.
Run Train:   0%|                                                                                                                                 | 0/3 [00:00<?, ?it/s]Run:01 Epoch: 0001 loss_train: 1.9486 loss_val: 2.0358
Run:01 Epoch: 0002 loss_train: 2.0154 loss_val: 1.9589
Run:01 Epoch: 0003 loss_train: 1.9661 loss_val: 1.9154
Run:01 Epoch: 0004 loss_train: 1.9274 loss_val: 1.8989
Run:01 Epoch: 0005 loss_train: 1.9366 loss_val: 1.9790
Run:01 Epoch: 0006 loss_train: 2.0505 loss_val: 1.9223
Run:01 Epoch: 0007 loss_train: 1.9844 loss_val: 1.8948
Run:01 Epoch: 0008 loss_train: 1.9237 loss_val: 1.8958
Run:01 Epoch: 0009 loss_train: 1.9147 loss_val: 1.8922
Run:01 Epoch: 0010 loss_train: 1.9207 loss_val: 1.8997
Run:01 Epoch: 0011 loss_train: 1.9465 loss_val: 1.9085
Run:01 Epoch: 0012 loss_train: 1.9674 loss_val: 1.8930
Run:01 Epoch: 0013 loss_train: 1.9507 loss_val: 1.8701
Run:01 Epoch: 0014 loss_train: 1.9195 loss_val: 1.8582
Run:01 Epoch: 0015 loss_train: 1.9056 loss_val: 1.8619
Run:01 Epoch: 0016 loss_train: 1.9110 loss_val: 1.8730
Run:01 Epoch: 0017 loss_train: 1.9251 loss_val: 1.8543
Run:01 Epoch: 0018 loss_train: 1.9021 loss_val: 1.8295
Run:01 Epoch: 0019 loss_train: 1.8699 loss_val: 1.8197
Run:01 Epoch: 0020 loss_train: 1.8616 loss_val: 1.8226
Run:01 Epoch: 0021 loss_train: 1.8657 loss_val: 1.8014
Run:01 Epoch: 0022 loss_train: 1.8446 loss_val: 1.7706
Run:01 Epoch: 0023 loss_train: 1.8064 loss_val: 1.7481
Run:01 Epoch: 0024 loss_train: 1.7814 loss_val: 1.7405
Run:01 Epoch: 0025 loss_train: 1.7712 loss_val: 1.7104
Run:01 Epoch: 0026 loss_train: 1.7419 loss_val: 1.6795
Run:01 Epoch: 0027 loss_train: 1.7062 loss_val: 1.6589
Run:01 Epoch: 0028 loss_train: 1.6845 loss_val: 1.6282
Run:01 Epoch: 0029 loss_train: 1.6588 loss_val: 1.6097
Run:01 Epoch: 0030 loss_train: 1.6351 loss_val: 1.5805
Run:01 Epoch: 0031 loss_train: 1.6156 loss_val: 1.5524
Run:01 Epoch: 0032 loss_train: 1.5887 loss_val: 1.5302
Run:01 Epoch: 0033 loss_train: 1.5703 loss_val: 1.5247
Run:01 Epoch: 0034 loss_train: 1.5473 loss_val: 1.5071
Run:01 Epoch: 0035 loss_train: 1.5457 loss_val: 1.5016
Run:01 Epoch: 0036 loss_train: 1.5379 loss_val: 1.4695
Run:01 Epoch: 0037 loss_train: 1.5097 loss_val: 1.4573
Run:01 Epoch: 0038 loss_train: 1.4859 loss_val: 1.4527
Run:01 Epoch: 0039 loss_train: 1.4854 loss_val: 1.4328
Run:01 Epoch: 0040 loss_train: 1.4699 loss_val: 1.4252
Run:01 Epoch: 0041 loss_train: 1.4581 loss_val: 1.4204
Run:01 Epoch: 0042 loss_train: 1.4594 loss_val: 1.4046
Run:01 Epoch: 0043 loss_train: 1.4371 loss_val: 1.3945
Run:01 Epoch: 0044 loss_train: 1.4282 loss_val: 1.3887
Run:01 Epoch: 0045 loss_train: 1.4232 loss_val: 1.3749
Run:01 Epoch: 0046 loss_train: 1.4177 loss_val: 1.3779
Run:01 Epoch: 0047 loss_train: 1.4133 loss_val: 1.3613
Run:01 Epoch: 0048 loss_train: 1.4100 loss_val: 1.3488
Run:01 Epoch: 0049 loss_train: 1.3996 loss_val: 1.3481
Run:01 Epoch: 0050 loss_train: 1.3925 loss_val: 1.3498
Run:01 Epoch: 0051 loss_train: 1.3875 loss_val: 1.3408
Run:01 Epoch: 0052 loss_train: 1.3854 loss_val: 1.3342
Run:01 Epoch: 0053 loss_train: 1.3703 loss_val: 1.3330
Run:01 Epoch: 0054 loss_train: 1.3770 loss_val: 1.3293
Run:01 Epoch: 0055 loss_train: 1.3731 loss_val: 1.3258
Run:01 Epoch: 0056 loss_train: 1.3634 loss_val: 1.3291
Run:01 Epoch: 0057 loss_train: 1.3573 loss_val: 1.3108
Run:01 Epoch: 0058 loss_train: 1.3509 loss_val: 1.3027
Run:01 Epoch: 0059 loss_train: 1.3465 loss_val: 1.3125
Run:01 Epoch: 0060 loss_train: 1.3538 loss_val: 1.3074
Run:01 Epoch: 0061 loss_train: 1.3489 loss_val: 1.2978
Run:01 Epoch: 0062 loss_train: 1.3324 loss_val: 1.2963
Run:01 Epoch: 0063 loss_train: 1.3368 loss_val: 1.2927
Run:01 Epoch: 0064 loss_train: 1.3261 loss_val: 1.2906
Run:01 Epoch: 0065 loss_train: 1.3309 loss_val: 1.2866
Run:01 Epoch: 0066 loss_train: 1.3263 loss_val: 1.2850
Run:01 Epoch: 0067 loss_train: 1.3166 loss_val: 1.2765
Run:01 Epoch: 0068 loss_train: 1.3172 loss_val: 1.2810
Run:01 Epoch: 0069 loss_train: 1.3207 loss_val: 1.2823
Run:01 Epoch: 0070 loss_train: 1.3204 loss_val: 1.2707
Run:01 Epoch: 0071 loss_train: 1.3094 loss_val: 1.2707
Run:01 Epoch: 0072 loss_train: 1.3057 loss_val: 1.2652
Run:01 Epoch: 0073 loss_train: 1.3058 loss_val: 1.2718
Run:01 Epoch: 0074 loss_train: 1.3038 loss_val: 1.2691
Run:01 Epoch: 0075 loss_train: 1.2952 loss_val: 1.2578
Run:01 Epoch: 0076 loss_train: 1.2993 loss_val: 1.2563
Run:01 Epoch: 0077 loss_train: 1.2998 loss_val: 1.2574
Run:01 Epoch: 0078 loss_train: 1.2879 loss_val: 1.2713
Run:01 Epoch: 0079 loss_train: 1.2957 loss_val: 1.2513
Run:01 Epoch: 0080 loss_train: 1.2885 loss_val: 1.2562
Run:01 Epoch: 0081 loss_train: 1.2835 loss_val: 1.2528
Run:01 Epoch: 0082 loss_train: 1.2847 loss_val: 1.2556
Run:01 Epoch: 0083 loss_train: 1.2909 loss_val: 1.2565
Run:01 Epoch: 0084 loss_train: 1.2847 loss_val: 1.2484
Run:01 Epoch: 0085 loss_train: 1.2863 loss_val: 1.2445
Run:01 Epoch: 0086 loss_train: 1.2796 loss_val: 1.2475
Run:01 Epoch: 0087 loss_train: 1.2866 loss_val: 1.2484
Run:01 Epoch: 0088 loss_train: 1.2720 loss_val: 1.2372
Run:01 Epoch: 0089 loss_train: 1.2781 loss_val: 1.2409
Run:01 Epoch: 0090 loss_train: 1.2805 loss_val: 1.2456
Run:01 Epoch: 0091 loss_train: 1.2741 loss_val: 1.2403
Run:01 Epoch: 0092 loss_train: 1.2719 loss_val: 1.2318
Run:01 Epoch: 0093 loss_train: 1.2738 loss_val: 1.2374
Run:01 Epoch: 0094 loss_train: 1.2746 loss_val: 1.2402
Run:01 Epoch: 0095 loss_train: 1.2699 loss_val: 1.2362
Run:01 Epoch: 0096 loss_train: 1.2730 loss_val: 1.2322
Run:01 Epoch: 0097 loss_train: 1.2717 loss_val: 1.2330
Run:01 Epoch: 0098 loss_train: 1.2691 loss_val: 1.2319
Run:01 Epoch: 0099 loss_train: 1.2633 loss_val: 1.2333
Run:01 Epoch: 0100 loss_train: 1.2686 loss_val: 1.2295
Run:01 Epoch: 0101 loss_train: 1.2656 loss_val: 1.2298
Run:01 Epoch: 0102 loss_train: 1.2668 loss_val: 1.2375
Run:01 Epoch: 0103 loss_train: 1.2602 loss_val: 1.2322
Run:01 Epoch: 0104 loss_train: 1.2649 loss_val: 1.2285
Run:01 Epoch: 0105 loss_train: 1.2611 loss_val: 1.2342
Run:01 Epoch: 0106 loss_train: 1.2653 loss_val: 1.2275
Run:01 Epoch: 0107 loss_train: 1.2592 loss_val: 1.2279
Run:01 Epoch: 0108 loss_train: 1.2610 loss_val: 1.2271
Run:01 Epoch: 0109 loss_train: 1.2586 loss_val: 1.2268
Run:01 Epoch: 0110 loss_train: 1.2650 loss_val: 1.2240
Run:01 Epoch: 0111 loss_train: 1.2642 loss_val: 1.2350
Run:01 Epoch: 0112 loss_train: 1.2581 loss_val: 1.2266
Run:01 Epoch: 0113 loss_train: 1.2607 loss_val: 1.2244
Run:01 Epoch: 0114 loss_train: 1.2611 loss_val: 1.2224
Run:01 Epoch: 0115 loss_train: 1.2545 loss_val: 1.2250
Run:01 Epoch: 0116 loss_train: 1.2637 loss_val: 1.2330
Run:01 Epoch: 0117 loss_train: 1.2593 loss_val: 1.2270
Run:01 Epoch: 0118 loss_train: 1.2604 loss_val: 1.2268
Run:01 Epoch: 0119 loss_train: 1.2570 loss_val: 1.2281
Run:01 Epoch: 0120 loss_train: 1.2616 loss_val: 1.2246
Run:01 Epoch: 0121 loss_train: 1.2544 loss_val: 1.2252
Run:01 Epoch: 0122 loss_train: 1.2617 loss_val: 1.2254
Run:01 Epoch: 0123 loss_train: 1.2603 loss_val: 1.2245
Run:01 Epoch: 0124 loss_train: 1.2578 loss_val: 1.2212
Run:01 Epoch: 0125 loss_train: 1.2478 loss_val: 1.2240
Run:01 Epoch: 0126 loss_train: 1.2542 loss_val: 1.2266
Run:01 Epoch: 0127 loss_train: 1.2565 loss_val: 1.2241
Run:01 Epoch: 0128 loss_train: 1.2578 loss_val: 1.2206
Run:01 Epoch: 0129 loss_train: 1.2563 loss_val: 1.2225
Run:01 Epoch: 0130 loss_train: 1.2566 loss_val: 1.2193
Run:01 Epoch: 0131 loss_train: 1.2516 loss_val: 1.2239
Run:01 Epoch: 0132 loss_train: 1.2449 loss_val: 1.2240
Run:01 Epoch: 0133 loss_train: 1.2558 loss_val: 1.2166
Run:01 Epoch: 0134 loss_train: 1.2464 loss_val: 1.2193
Run:01 Epoch: 0135 loss_train: 1.2541 loss_val: 1.2210
Run:01 Epoch: 0136 loss_train: 1.2458 loss_val: 1.2195
Run:01 Epoch: 0137 loss_train: 1.2526 loss_val: 1.2168
Run:01 Epoch: 0138 loss_train: 1.2512 loss_val: 1.2162
Run:01 Epoch: 0139 loss_train: 1.2452 loss_val: 1.2232
Run:01 Epoch: 0140 loss_train: 1.2439 loss_val: 1.2209
Run:01 Epoch: 0141 loss_train: 1.2483 loss_val: 1.2201
Run:01 Epoch: 0142 loss_train: 1.2460 loss_val: 1.2192
Run:01 Epoch: 0143 loss_train: 1.2461 loss_val: 1.2193
Run:01 Epoch: 0144 loss_train: 1.2526 loss_val: 1.2181
Run:01 Epoch: 0145 loss_train: 1.2516 loss_val: 1.2178
Run:01 Epoch: 0146 loss_train: 1.2530 loss_val: 1.2231
Run:01 Epoch: 0147 loss_train: 1.2499 loss_val: 1.2165
Run:01 Epoch: 0148 loss_train: 1.2480 loss_val: 1.2221
Run:01 Epoch: 0149 loss_train: 1.2490 loss_val: 1.2190
Run:01 Epoch: 0150 loss_train: 1.2524 loss_val: 1.2195
Run:01 Epoch: 0151 loss_train: 1.2487 loss_val: 1.2225
Run:01 Epoch: 0152 loss_train: 1.2426 loss_val: 1.2215
Run:01 Epoch: 0153 loss_train: 1.2430 loss_val: 1.2200
Run:01 Epoch: 0154 loss_train: 1.2471 loss_val: 1.2156
Run:01 Epoch: 0155 loss_train: 1.2547 loss_val: 1.2206
Run:01 Epoch: 0156 loss_train: 1.2421 loss_val: 1.2163
Run:01 Epoch: 0157 loss_train: 1.2464 loss_val: 1.2150
Run:01 Epoch: 0158 loss_train: 1.2452 loss_val: 1.2201
Run:01 Epoch: 0159 loss_train: 1.2491 loss_val: 1.2194
Run:01 Epoch: 0160 loss_train: 1.2536 loss_val: 1.2237
Run:01 Epoch: 0161 loss_train: 1.2520 loss_val: 1.2171
Run:01 Epoch: 0162 loss_train: 1.2535 loss_val: 1.2175
Run:01 Epoch: 0163 loss_train: 1.2439 loss_val: 1.2246
Run:01 Epoch: 0164 loss_train: 1.2476 loss_val: 1.2160
Run:01 Epoch: 0165 loss_train: 1.2543 loss_val: 1.2154
Run:01 Epoch: 0166 loss_train: 1.2514 loss_val: 1.2190
Run:01 Epoch: 0167 loss_train: 1.2479 loss_val: 1.2203
Run:01 Epoch: 0168 loss_train: 1.2472 loss_val: 1.2189
Run:01 Epoch: 0169 loss_train: 1.2499 loss_val: 1.2171
Run:01 Epoch: 0170 loss_train: 1.2469 loss_val: 1.2167
Run:01 Epoch: 0171 loss_train: 1.2492 loss_val: 1.2226
Run:01 Epoch: 0172 loss_train: 1.2548 loss_val: 1.2164
Run:01 Epoch: 0173 loss_train: 1.2431 loss_val: 1.2195
Run:01 Epoch: 0174 loss_train: 1.2473 loss_val: 1.2153
Run:01 Epoch: 0175 loss_train: 1.2501 loss_val: 1.2138
Run:01 Epoch: 0176 loss_train: 1.2494 loss_val: 1.2222
Run:01 Epoch: 0177 loss_train: 1.2436 loss_val: 1.2182
Run:01 Epoch: 0178 loss_train: 1.2430 loss_val: 1.2197
Run:01 Epoch: 0179 loss_train: 1.2490 loss_val: 1.2207
Run:01 Epoch: 0180 loss_train: 1.2457 loss_val: 1.2175
Run:01 Epoch: 0181 loss_train: 1.2463 loss_val: 1.2165
Run:01 Epoch: 0182 loss_train: 1.2448 loss_val: 1.2159
Run:01 Epoch: 0183 loss_train: 1.2466 loss_val: 1.2170
Run:01 Epoch: 0184 loss_train: 1.2466 loss_val: 1.2157
Run:01 Epoch: 0185 loss_train: 1.2480 loss_val: 1.2183
Run:01 Epoch: 0186 loss_train: 1.2479 loss_val: 1.2232
Run:01 Epoch: 0187 loss_train: 1.2508 loss_val: 1.2185
Run:01 Epoch: 0188 loss_train: 1.2516 loss_val: 1.2183
Run:01 Epoch: 0189 loss_train: 1.2432 loss_val: 1.2244
Run:01 Epoch: 0190 loss_train: 1.2486 loss_val: 1.2163
Run:01 Epoch: 0191 loss_train: 1.2450 loss_val: 1.2156
Run:01 Epoch: 0192 loss_train: 1.2495 loss_val: 1.2135
Run:01 Epoch: 0193 loss_train: 1.2447 loss_val: 1.2244
Run:01 Epoch: 0194 loss_train: 1.2457 loss_val: 1.2190
Run:01 Epoch: 0195 loss_train: 1.2472 loss_val: 1.2140
Run:01 Epoch: 0196 loss_train: 1.2534 loss_val: 1.2273
Run:01 Epoch: 0197 loss_train: 1.2443 loss_val: 1.2202
Run:01 Epoch: 0198 loss_train: 1.2428 loss_val: 1.2217
Run:01 Epoch: 0199 loss_train: 1.2506 loss_val: 1.2100
Run:01 Epoch: 0200 loss_train: 1.2443 loss_val: 1.2230
Run:01 Epoch: 0201 loss_train: 1.2477 loss_val: 1.2258
Run:01 Epoch: 0202 loss_train: 1.2430 loss_val: 1.2258
Run:01 Epoch: 0203 loss_train: 1.2426 loss_val: 1.2145
Run:01 Epoch: 0204 loss_train: 1.2425 loss_val: 1.2158
Run:01 Epoch: 0205 loss_train: 1.2439 loss_val: 1.2179
Run:01 Epoch: 0206 loss_train: 1.2472 loss_val: 1.2175
Run:01 Epoch: 0207 loss_train: 1.2420 loss_val: 1.2147
Run:01 Epoch: 0208 loss_train: 1.2468 loss_val: 1.2175
Run:01 Epoch: 0209 loss_train: 1.2449 loss_val: 1.2189
Run:01 Epoch: 0210 loss_train: 1.2479 loss_val: 1.2208
Run:01 Epoch: 0211 loss_train: 1.2495 loss_val: 1.2190
Run:01 Epoch: 0212 loss_train: 1.2419 loss_val: 1.2229
Run:01 Epoch: 0213 loss_train: 1.2472 loss_val: 1.2152
Run:01 Epoch: 0214 loss_train: 1.2499 loss_val: 1.2212
Run:01 Epoch: 0215 loss_train: 1.2485 loss_val: 1.2203
Run:01 Epoch: 0216 loss_train: 1.2480 loss_val: 1.2161
Run:01 Epoch: 0217 loss_train: 1.2407 loss_val: 1.2173
Run:01 Epoch: 0218 loss_train: 1.2429 loss_val: 1.2162
Run:01 Epoch: 0219 loss_train: 1.2519 loss_val: 1.2168
Run:01 Epoch: 0220 loss_train: 1.2431 loss_val: 1.2176
Run:01 Epoch: 0221 loss_train: 1.2417 loss_val: 1.2157
Run:01 Epoch: 0222 loss_train: 1.2440 loss_val: 1.2139
Run:01 Epoch: 0223 loss_train: 1.2463 loss_val: 1.2177
Run:01 Epoch: 0224 loss_train: 1.2460 loss_val: 1.2177
Run:01 Epoch: 0225 loss_train: 1.2405 loss_val: 1.2164
Run:01 Epoch: 0226 loss_train: 1.2417 loss_val: 1.2166
Run:01 Epoch: 0227 loss_train: 1.2395 loss_val: 1.2220
Run:01 Epoch: 0228 loss_train: 1.2467 loss_val: 1.2146
Run:01 Epoch: 0229 loss_train: 1.2456 loss_val: 1.2176
Run:01 Epoch: 0230 loss_train: 1.2399 loss_val: 1.2259
Run:01 Epoch: 0231 loss_train: 1.2480 loss_val: 1.2179
Run:01 Epoch: 0232 loss_train: 1.2429 loss_val: 1.2156
Run:01 Epoch: 0233 loss_train: 1.2449 loss_val: 1.2158
Run:01 Epoch: 0234 loss_train: 1.2429 loss_val: 1.2157
Run:01 Epoch: 0235 loss_train: 1.2396 loss_val: 1.2209
Run:01 Epoch: 0236 loss_train: 1.2481 loss_val: 1.2142
Run:01 Epoch: 0237 loss_train: 1.2394 loss_val: 1.2121
Run:01 Epoch: 0238 loss_train: 1.2453 loss_val: 1.2146
Run:01 Epoch: 0239 loss_train: 1.2457 loss_val: 1.2138
Run:01 Epoch: 0240 loss_train: 1.2426 loss_val: 1.2175
Run:01 Epoch: 0241 loss_train: 1.2431 loss_val: 1.2193
Run:01 Epoch: 0242 loss_train: 1.2420 loss_val: 1.2195
Run:01 Epoch: 0243 loss_train: 1.2479 loss_val: 1.2156
Run:01 Epoch: 0244 loss_train: 1.2401 loss_val: 1.2178
Run:01 Epoch: 0245 loss_train: 1.2379 loss_val: 1.2137
Run:01 Epoch: 0246 loss_train: 1.2454 loss_val: 1.2209
Run:01 Epoch: 0247 loss_train: 1.2412 loss_val: 1.2192
Run:01 Epoch: 0248 loss_train: 1.2385 loss_val: 1.2161
Run:01 Epoch: 0249 loss_train: 1.2360 loss_val: 1.2176
Run:01 Epoch: 0250 loss_train: 1.2481 loss_val: 1.2171
Run:01 Epoch: 0251 loss_train: 1.2436 loss_val: 1.2148
Run:01 Epoch: 0252 loss_train: 1.2430 loss_val: 1.2158
Run:01 Epoch: 0253 loss_train: 1.2446 loss_val: 1.2157
Run:01 Epoch: 0254 loss_train: 1.2398 loss_val: 1.2145
Run:01 Epoch: 0255 loss_train: 1.2443 loss_val: 1.2140
Run:01 Epoch: 0256 loss_train: 1.2403 loss_val: 1.2231
Run:01 Epoch: 0257 loss_train: 1.2408 loss_val: 1.2166
Run:01 Epoch: 0258 loss_train: 1.2465 loss_val: 1.2175
Run:01 Epoch: 0259 loss_train: 1.2406 loss_val: 1.2124
Run:01 Epoch: 0260 loss_train: 1.2407 loss_val: 1.2134
Run:01 Epoch: 0261 loss_train: 1.2457 loss_val: 1.2196
Run:01 Epoch: 0262 loss_train: 1.2419 loss_val: 1.2130
Run:01 Epoch: 0263 loss_train: 1.2433 loss_val: 1.2177
Run:01 Epoch: 0264 loss_train: 1.2389 loss_val: 1.2200
Run:01 Epoch: 0265 loss_train: 1.2417 loss_val: 1.2191
Run:01 Epoch: 0266 loss_train: 1.2383 loss_val: 1.2158
Run:01 Epoch: 0267 loss_train: 1.2375 loss_val: 1.2175
Run:01 Epoch: 0268 loss_train: 1.2424 loss_val: 1.2247
Run:01 Epoch: 0269 loss_train: 1.2444 loss_val: 1.2157
Run:01 Epoch: 0270 loss_train: 1.2512 loss_val: 1.2139
Run:01 Epoch: 0271 loss_train: 1.2421 loss_val: 1.2228
Run:01 Epoch: 0272 loss_train: 1.2433 loss_val: 1.2156
Run:01 Epoch: 0273 loss_train: 1.2444 loss_val: 1.2107
Run:01 Epoch: 0274 loss_train: 1.2408 loss_val: 1.2108
Run:01 Epoch: 0275 loss_train: 1.2416 loss_val: 1.2208
Run:01 Epoch: 0276 loss_train: 1.2423 loss_val: 1.2194
Run:01 Epoch: 0277 loss_train: 1.2418 loss_val: 1.2163
Run:01 Epoch: 0278 loss_train: 1.2481 loss_val: 1.2124
Run:01 Epoch: 0279 loss_train: 1.2433 loss_val: 1.2192
Run:01 Epoch: 0280 loss_train: 1.2390 loss_val: 1.2200
Run:01 Epoch: 0281 loss_train: 1.2395 loss_val: 1.2182
Run:01 Epoch: 0282 loss_train: 1.2430 loss_val: 1.2190
Run:01 Epoch: 0283 loss_train: 1.2444 loss_val: 1.2176
Run:01 Epoch: 0284 loss_train: 1.2415 loss_val: 1.2173
Run:01 Epoch: 0285 loss_train: 1.2369 loss_val: 1.2168
Run:01 Epoch: 0286 loss_train: 1.2433 loss_val: 1.2138
Run:01 Epoch: 0287 loss_train: 1.2396 loss_val: 1.2117
Run:01 Epoch: 0288 loss_train: 1.2413 loss_val: 1.2152
Run:01 Epoch: 0289 loss_train: 1.2431 loss_val: 1.2152
Run:01 Epoch: 0290 loss_train: 1.2371 loss_val: 1.2152
Run:01 Epoch: 0291 loss_train: 1.2409 loss_val: 1.2188
Run:01 Epoch: 0292 loss_train: 1.2431 loss_val: 1.2193
Run:01 Epoch: 0293 loss_train: 1.2417 loss_val: 1.2153
Run:01 Epoch: 0294 loss_train: 1.2377 loss_val: 1.2134
Run:01 Epoch: 0295 loss_train: 1.2416 loss_val: 1.2207
Run:01 Epoch: 0296 loss_train: 1.2441 loss_val: 1.2133
Run:01 Epoch: 0297 loss_train: 1.2437 loss_val: 1.2146
Run:01 Epoch: 0298 Run Train:  33%|████████████████████████████████████████                                                                                | 1/3 [01:41<03:23, 101.95s/it]loss_train: 1.2421 loss_val: 1.2183
Run:01 Epoch: 0299 loss_train: 1.2435 loss_val: 1.2171
Run:01 Epoch: 0300 loss_train: 1.2408 loss_val: 1.2128
Run:01 Epoch: 0301 loss_train: 1.2391 loss_val: 1.2140
Run:01 Epoch: 0302 loss_train: 1.2412 loss_val: 1.2190
Run:01 Epoch: 0303 loss_train: 1.2415 loss_val: 1.2176
Run:01 Epoch: 0304 loss_train: 1.2427 loss_val: 1.2197
Run:01 Epoch: 0305 loss_train: 1.2399 loss_val: 1.2135
Run:01 Epoch: 0306 loss_train: 1.2447 loss_val: 1.2197
Run:01 Epoch: 0307 loss_train: 1.2402 loss_val: 1.2178
Run:01 Epoch: 0308 loss_train: 1.2391 loss_val: 1.2142
Run:01 Epoch: 0309 loss_train: 1.2374 loss_val: 1.2114
Run:01 Epoch: 0310 loss_train: 1.2459 loss_val: 1.2121
Run:01 Epoch: 0311 loss_train: 1.2368 loss_val: 1.2161
Run:01 Epoch: 0312 loss_train: 1.2414 loss_val: 1.2185
Run:01 Epoch: 0313 loss_train: 1.2385 loss_val: 1.2145
Run:01 Epoch: 0314 loss_train: 1.2352 loss_val: 1.2096
Run:01 Epoch: 0315 loss_train: 1.2358 loss_val: 1.2192
Run:01 Epoch: 0316 loss_train: 1.2351 loss_val: 1.2177
Run:01 Epoch: 0317 loss_train: 1.2375 loss_val: 1.2147
Run:01 Epoch: 0318 loss_train: 1.2426 loss_val: 1.2150
Run:01 Epoch: 0319 loss_train: 1.2397 loss_val: 1.2217
Run:01 Epoch: 0320 loss_train: 1.2361 loss_val: 1.2175
Run:01 Epoch: 0321 loss_train: 1.2422 loss_val: 1.2126
Run:01 Epoch: 0322 loss_train: 1.2445 loss_val: 1.2196
Run:01 Epoch: 0323 loss_train: 1.2402 loss_val: 1.2179
Run:01 Epoch: 0324 loss_train: 1.2424 loss_val: 1.2156
Run:01 Epoch: 0325 loss_train: 1.2308 loss_val: 1.2198
Run:01 Epoch: 0326 loss_train: 1.2452 loss_val: 1.2164
Run:01 Epoch: 0327 loss_train: 1.2415 loss_val: 1.2201
Run:01 Epoch: 0328 loss_train: 1.2365 loss_val: 1.2148
Run:01 Epoch: 0329 loss_train: 1.2410 loss_val: 1.2184
Run:01 Epoch: 0330 loss_train: 1.2477 loss_val: 1.2193
Run:01 Epoch: 0331 loss_train: 1.2377 loss_val: 1.2139
Run:01 Epoch: 0332 loss_train: 1.2395 loss_val: 1.2139
Run:01 Epoch: 0333 loss_train: 1.2305 loss_val: 1.2182
Run:01 Epoch: 0334 loss_train: 1.2499 loss_val: 1.2089
Run:01 Epoch: 0335 loss_train: 1.2318 loss_val: 1.2130
Run:01 Epoch: 0336 loss_train: 1.2396 loss_val: 1.2188
Run:01 Epoch: 0337 loss_train: 1.2379 loss_val: 1.2171
Run:01 Epoch: 0338 loss_train: 1.2414 loss_val: 1.2106
Run:01 Epoch: 0339 loss_train: 1.2420 loss_val: 1.2180
Run:01 Epoch: 0340 loss_train: 1.2412 loss_val: 1.2166
Run:01 Epoch: 0341 loss_train: 1.2401 loss_val: 1.2142
Run:01 Epoch: 0342 loss_train: 1.2460 loss_val: 1.2178
Run:01 Epoch: 0343 loss_train: 1.2421 loss_val: 1.2152
Run:01 Epoch: 0344 loss_train: 1.2379 loss_val: 1.2216
Run:01 Epoch: 0345 loss_train: 1.2410 loss_val: 1.2151
Run:01 Epoch: 0346 loss_train: 1.2461 loss_val: 1.2183
Run:01 Epoch: 0347 loss_train: 1.2404 loss_val: 1.2189
Run:01 Epoch: 0348 loss_train: 1.2410 loss_val: 1.2195
Run:01 Epoch: 0349 loss_train: 1.2422 loss_val: 1.2217
Run:01 Epoch: 0350 loss_train: 1.2324 loss_val: 1.2224
Run:01 Epoch: 0351 loss_train: 1.2437 loss_val: 1.2104
Run:01 Epoch: 0352 loss_train: 1.2375 loss_val: 1.2157
Run:01 Epoch: 0353 loss_train: 1.2403 loss_val: 1.2196
Run:01 Epoch: 0354 loss_train: 1.2386 loss_val: 1.2084
Run:01 Epoch: 0355 loss_train: 1.2386 loss_val: 1.2163
Run:01 Epoch: 0356 loss_train: 1.2393 loss_val: 1.2197
Run:01 Epoch: 0357 loss_train: 1.2422 loss_val: 1.2168
Run:01 Epoch: 0358 loss_train: 1.2377 loss_val: 1.2183
Run:01 Epoch: 0359 loss_train: 1.2373 loss_val: 1.2128
Run:01 Epoch: 0360 loss_train: 1.2339 loss_val: 1.2140
Run:01 Epoch: 0361 loss_train: 1.2396 loss_val: 1.2182
Run:01 Epoch: 0362 loss_train: 1.2389 loss_val: 1.2159
Run:01 Epoch: 0363 loss_train: 1.2393 loss_val: 1.2142
Run:01 Epoch: 0364 loss_train: 1.2419 loss_val: 1.2132
Run:01 Epoch: 0365 loss_train: 1.2390 loss_val: 1.2201
Run:01 Epoch: 0366 loss_train: 1.2444 loss_val: 1.2127
Run:01 Epoch: 0367 loss_train: 1.2399 loss_val: 1.2116
Run:01 Epoch: 0368 loss_train: 1.2403 loss_val: 1.2132
Run:01 Epoch: 0369 loss_train: 1.2376 loss_val: 1.2134
Run:01 Epoch: 0370 loss_train: 1.2414 loss_val: 1.2188
Run:01 Epoch: 0371 loss_train: 1.2454 loss_val: 1.2115
Run:01 Epoch: 0372 loss_train: 1.2374 loss_val: 1.2117
Run:01 Epoch: 0373 loss_train: 1.2374 loss_val: 1.2236
Run:01 Epoch: 0374 loss_train: 1.2371 loss_val: 1.2164
Run:01 Epoch: 0375 loss_train: 1.2362 loss_val: 1.2064
Run:01 Epoch: 0376 loss_train: 1.2355 loss_val: 1.2122
Run:01 Epoch: 0377 loss_train: 1.2394 loss_val: 1.2151
Run:01 Epoch: 0378 loss_train: 1.2434 loss_val: 1.2120
Run:01 Epoch: 0379 loss_train: 1.2385 loss_val: 1.2134
Run:01 Epoch: 0380 loss_train: 1.2415 loss_val: 1.2164
Run:01 Epoch: 0381 loss_train: 1.2371 loss_val: 1.2136
Run:01 Epoch: 0382 loss_train: 1.2374 loss_val: 1.2135
Run:01 Epoch: 0383 loss_train: 1.2396 loss_val: 1.2224
Run:01 Epoch: 0384 loss_train: 1.2380 loss_val: 1.2197
Run:01 Epoch: 0385 loss_train: 1.2445 loss_val: 1.2200
Run:01 Epoch: 0386 loss_train: 1.2346 loss_val: 1.2180
Run:01 Epoch: 0387 loss_train: 1.2389 loss_val: 1.2224
Run:01 Epoch: 0388 loss_train: 1.2415 loss_val: 1.2176
Run:01 Epoch: 0389 loss_train: 1.2413 loss_val: 1.2158
Run:01 Epoch: 0390 loss_train: 1.2404 loss_val: 1.2189
Run:01 Epoch: 0391 loss_train: 1.2411 loss_val: 1.2192
Run:01 Epoch: 0392 loss_train: 1.2423 loss_val: 1.2230
Run:01 Epoch: 0393 loss_train: 1.2380 loss_val: 1.2141
Run:01 Epoch: 0394 loss_train: 1.2326 loss_val: 1.2174
Run:01 Epoch: 0395 loss_train: 1.2383 loss_val: 1.2124
Run:01 Epoch: 0396 loss_train: 1.2390 loss_val: 1.2189
Run:01 Epoch: 0397 loss_train: 1.2380 loss_val: 1.2145
Run:01 Epoch: 0398 loss_train: 1.2390 loss_val: 1.2172
Run:01 Epoch: 0399 loss_train: 1.2369 loss_val: 1.2153
Run:01 Epoch: 0400 loss_train: 1.2446 loss_val: 1.2125
Run:02 Epoch: 0001 loss_train: 1.9444 loss_val: 1.9719
Run:02 Epoch: 0002 loss_train: 1.9638 loss_val: 1.9733
Run:02 Epoch: 0003 loss_train: 2.0047 loss_val: 1.9155
Run:02 Epoch: 0004 loss_train: 1.9724 loss_val: 1.9618
Run:02 Epoch: 0005 loss_train: 2.0274 loss_val: 1.8906
Run:02 Epoch: 0006 loss_train: 1.9333 loss_val: 1.8848
Run:02 Epoch: 0007 loss_train: 1.9144 loss_val: 1.8959
Run:02 Epoch: 0008 loss_train: 1.9445 loss_val: 1.9154
Run:02 Epoch: 0009 loss_train: 1.9741 loss_val: 1.8729
Run:02 Epoch: 0010 loss_train: 1.9222 loss_val: 1.8526
Run:02 Epoch: 0011 loss_train: 1.8904 loss_val: 1.8538
Run:02 Epoch: 0012 loss_train: 1.9006 loss_val: 1.8796
Run:02 Epoch: 0013 loss_train: 1.9318 loss_val: 1.8320
Run:02 Epoch: 0014 loss_train: 1.8757 loss_val: 1.8104
Run:02 Epoch: 0015 loss_train: 1.8458 loss_val: 1.8047
Run:02 Epoch: 0016 loss_train: 1.8482 loss_val: 1.8051
Run:02 Epoch: 0017 loss_train: 1.8467 loss_val: 1.7720
Run:02 Epoch: 0018 loss_train: 1.8064 loss_val: 1.7529
Run:02 Epoch: 0019 loss_train: 1.7843 loss_val: 1.7364
Run:02 Epoch: 0020 loss_train: 1.7779 loss_val: 1.7098
Run:02 Epoch: 0021 loss_train: 1.7406 loss_val: 1.6864
Run:02 Epoch: 0022 loss_train: 1.7130 loss_val: 1.6577
Run:02 Epoch: 0023 loss_train: 1.6772 loss_val: 1.6165
Run:02 Epoch: 0024 loss_train: 1.6426 loss_val: 1.6025
Run:02 Epoch: 0025 loss_train: 1.6310 loss_val: 1.5902
Run:02 Epoch: 0026 loss_train: 1.6091 loss_val: 1.5321
Run:02 Epoch: 0027 loss_train: 1.5679 loss_val: 1.5285
Run:02 Epoch: 0028 loss_train: 1.5534 loss_val: 1.5211
Run:02 Epoch: 0029 loss_train: 1.5447 loss_val: 1.4859
Run:02 Epoch: 0030 loss_train: 1.5113 loss_val: 1.4718
Run:02 Epoch: 0031 loss_train: 1.5096 loss_val: 1.4698
Run:02 Epoch: 0032 loss_train: 1.4986 loss_val: 1.4403
Run:02 Epoch: 0033 loss_train: 1.4693 loss_val: 1.4339
Run:02 Epoch: 0034 loss_train: 1.4716 loss_val: 1.4219
Run:02 Epoch: 0035 loss_train: 1.4535 loss_val: 1.4143
Run:02 Epoch: 0036 loss_train: 1.4450 loss_val: 1.4033
Run:02 Epoch: 0037 loss_train: 1.4477 loss_val: 1.3955
Run:02 Epoch: 0038 loss_train: 1.4313 loss_val: 1.3933
Run:02 Epoch: 0039 loss_train: 1.4219 loss_val: 1.3844
Run:02 Epoch: 0040 loss_train: 1.4164 loss_val: 1.3759
Run:02 Epoch: 0041 loss_train: 1.4177 loss_val: 1.3620
Run:02 Epoch: 0042 loss_train: 1.3992 loss_val: 1.3577
Run:02 Epoch: 0043 loss_train: 1.3955 loss_val: 1.3500
Run:02 Epoch: 0044 loss_train: 1.3915 loss_val: 1.3491
Run:02 Epoch: 0045 loss_train: 1.3844 loss_val: 1.3507
Run:02 Epoch: 0046 loss_train: 1.3759 loss_val: 1.3392
Run:02 Epoch: 0047 loss_train: 1.3718 loss_val: 1.3378
Run:02 Epoch: 0048 loss_train: 1.3711 loss_val: 1.3216
Run:02 Epoch: 0049 loss_train: 1.3573 loss_val: 1.3241
Run:02 Epoch: 0050 loss_train: 1.3602 loss_val: 1.3105
Run:02 Epoch: 0051 loss_train: 1.3493 loss_val: 1.3173
Run:02 Epoch: 0052 loss_train: 1.3542 loss_val: 1.3149
Run:02 Epoch: 0053 loss_train: 1.3473 loss_val: 1.3056
Run:02 Epoch: 0054 loss_train: 1.3379 loss_val: 1.3014
Run:02 Epoch: 0055 loss_train: 1.3331 loss_val: 1.2985
Run:02 Epoch: 0056 loss_train: 1.3298 loss_val: 1.3011
Run:02 Epoch: 0057 loss_train: 1.3314 loss_val: 1.2968
Run:02 Epoch: 0058 loss_train: 1.3264 loss_val: 1.2867
Run:02 Epoch: 0059 loss_train: 1.3244 loss_val: 1.2867
Run:02 Epoch: 0060 loss_train: 1.3141 loss_val: 1.2768
Run:02 Epoch: 0061 loss_train: 1.3106 loss_val: 1.2799
Run:02 Epoch: 0062 loss_train: 1.3049 loss_val: 1.2758
Run:02 Epoch: 0063 loss_train: 1.3027 loss_val: 1.2694
Run:02 Epoch: 0064 loss_train: 1.3044 loss_val: 1.2679
Run:02 Epoch: 0065 loss_train: 1.2991 loss_val: 1.2684
Run:02 Epoch: 0066 loss_train: 1.2996 loss_val: 1.2657
Run:02 Epoch: 0067 loss_train: 1.2924 loss_val: 1.2627
Run:02 Epoch: 0068 loss_train: 1.2873 loss_val: 1.2582
Run:02 Epoch: 0069 loss_train: 1.2931 loss_val: 1.2670
Run:02 Epoch: 0070 loss_train: 1.2858 loss_val: 1.2589
Run:02 Epoch: 0071 loss_train: 1.2905 loss_val: 1.2564
Run:02 Epoch: 0072 loss_train: 1.2852 loss_val: 1.2515
Run:02 Epoch: 0073 loss_train: 1.2837 loss_val: 1.2485
Run:02 Epoch: 0074 loss_train: 1.2766 loss_val: 1.2577
Run:02 Epoch: 0075 loss_train: 1.2803 loss_val: 1.2479
Run:02 Epoch: 0076 loss_train: 1.2777 loss_val: 1.2449
Run:02 Epoch: 0077 loss_train: 1.2718 loss_val: 1.2482
Run:02 Epoch: 0078 loss_train: 1.2734 loss_val: 1.2459
Run:02 Epoch: 0079 loss_train: 1.2695 loss_val: 1.2368
Run:02 Epoch: 0080 loss_train: 1.2683 loss_val: 1.2416
Run:02 Epoch: 0081 loss_train: 1.2682 loss_val: 1.2378
Run:02 Epoch: 0082 loss_train: 1.2677 loss_val: 1.2492
Run:02 Epoch: 0083 loss_train: 1.2669 loss_val: 1.2386
Run:02 Epoch: 0084 loss_train: 1.2672 loss_val: 1.2358
Run:02 Epoch: 0085 loss_train: 1.2623 loss_val: 1.2397
Run:02 Epoch: 0086 loss_train: 1.2600 loss_val: 1.2378
Run:02 Epoch: 0087 loss_train: 1.2601 loss_val: 1.2356
Run:02 Epoch: 0088 loss_train: 1.2628 loss_val: 1.2414
Run:02 Epoch: 0089 loss_train: 1.2631 loss_val: 1.2301
Run:02 Epoch: 0090 loss_train: 1.2590 loss_val: 1.2322
Run:02 Epoch: 0091 loss_train: 1.2531 loss_val: 1.2304
Run:02 Epoch: 0092 loss_train: 1.2521 loss_val: 1.2290
Run:02 Epoch: 0093 loss_train: 1.2566 loss_val: 1.2291
Run:02 Epoch: 0094 loss_train: 1.2499 loss_val: 1.2366
Run:02 Epoch: 0095 loss_train: 1.2547 loss_val: 1.2215
Run:02 Epoch: 0096 loss_train: 1.2498 loss_val: 1.2275
Run:02 Epoch: 0097 loss_train: 1.2537 loss_val: 1.2363
Run:02 Epoch: 0098 loss_train: 1.2571 loss_val: 1.2319
Run:02 Epoch: 0099 loss_train: 1.2482 loss_val: 1.2250
Run:02 Epoch: 0100 loss_train: 1.2510 loss_val: 1.2305
Run:02 Epoch: 0101 loss_train: 1.2439 loss_val: 1.2310
Run:02 Epoch: 0102 loss_train: 1.2464 loss_val: 1.2273
Run:02 Epoch: 0103 loss_train: 1.2459 loss_val: 1.2256
Run:02 Epoch: 0104 loss_train: 1.2463 loss_val: 1.2232
Run:02 Epoch: 0105 loss_train: 1.2440 loss_val: 1.2217
Run:02 Epoch: 0106 loss_train: 1.2469 loss_val: 1.2270
Run:02 Epoch: 0107 loss_train: 1.2436 loss_val: 1.2252
Run:02 Epoch: 0108 loss_train: 1.2442 loss_val: 1.2209
Run:02 Epoch: 0109 loss_train: 1.2406 loss_val: 1.2140
Run:02 Epoch: 0110 loss_train: 1.2443 loss_val: 1.2273
Run:02 Epoch: 0111 loss_train: 1.2501 loss_val: 1.2254
Run:02 Epoch: 0112 loss_train: 1.2417 loss_val: 1.2205
Run:02 Epoch: 0113 loss_train: 1.2452 loss_val: 1.2229
Run:02 Epoch: 0114 loss_train: 1.2410 loss_val: 1.2235
Run:02 Epoch: 0115 loss_train: 1.2422 loss_val: 1.2219
Run:02 Epoch: 0116 loss_train: 1.2334 loss_val: 1.2187
Run:02 Epoch: 0117 loss_train: 1.2465 loss_val: 1.2206
Run:02 Epoch: 0118 loss_train: 1.2371 loss_val: 1.2248
Run:02 Epoch: 0119 loss_train: 1.2348 loss_val: 1.2197
Run:02 Epoch: 0120 loss_train: 1.2367 loss_val: 1.2160
Run:02 Epoch: 0121 loss_train: 1.2408 loss_val: 1.2216
Run:02 Epoch: 0122 loss_train: 1.2429 loss_val: 1.2220
Run:02 Epoch: 0123 loss_train: 1.2387 loss_val: 1.2169
Run:02 Epoch: 0124 loss_train: 1.2292 loss_val: 1.2191
Run:02 Epoch: 0125 loss_train: 1.2416 loss_val: 1.2250
Run:02 Epoch: 0126 loss_train: 1.2399 loss_val: 1.2208
Run:02 Epoch: 0127 loss_train: 1.2356 loss_val: 1.2195
Run:02 Epoch: 0128 loss_train: 1.2405 loss_val: 1.2184
Run:02 Epoch: 0129 loss_train: 1.2325 loss_val: 1.2199
Run:02 Epoch: 0130 loss_train: 1.2359 loss_val: 1.2118
Run:02 Epoch: 0131 loss_train: 1.2350 loss_val: 1.2148
Run:02 Epoch: 0132 loss_train: 1.2371 loss_val: 1.2203
Run:02 Epoch: 0133 loss_train: 1.2346 loss_val: 1.2180
Run:02 Epoch: 0134 loss_train: 1.2343 loss_val: 1.2185
Run:02 Epoch: 0135 loss_train: 1.2379 loss_val: 1.2170
Run:02 Epoch: 0136 loss_train: 1.2383 loss_val: 1.2223
Run:02 Epoch: 0137 loss_train: 1.2381 loss_val: 1.2193
Run:02 Epoch: 0138 loss_train: 1.2420 loss_val: 1.2154
Run:02 Epoch: 0139 loss_train: 1.2339 loss_val: 1.2125
Run:02 Epoch: 0140 loss_train: 1.2316 loss_val: 1.2157
Run:02 Epoch: 0141 loss_train: 1.2362 loss_val: 1.2201
Run:02 Epoch: 0142 loss_train: 1.2395 loss_val: 1.2193
Run:02 Epoch: 0143 loss_train: 1.2404 loss_val: 1.2227
Run:02 Epoch: 0144 loss_train: 1.2317 loss_val: 1.2143
Run:02 Epoch: 0145 loss_train: 1.2339 loss_val: 1.2145
Run:02 Epoch: 0146 loss_train: 1.2311 loss_val: 1.2158
Run:02 Epoch: 0147 loss_train: 1.2363 loss_val: 1.2156
Run:02 Epoch: 0148 loss_train: 1.2318 loss_val: 1.2102
Run:02 Epoch: 0149 loss_train: 1.2334 loss_val: 1.2161
Run:02 Epoch: 0150 loss_train: 1.2388 loss_val: 1.2170
Run:02 Epoch: 0151 loss_train: 1.2328 loss_val: 1.2171
Run:02 Epoch: 0152 loss_train: 1.2367 loss_val: 1.2167
Run:02 Epoch: 0153 loss_train: 1.2324 loss_val: 1.2176
Run:02 Epoch: 0154 loss_train: 1.2294 loss_val: 1.2123
Run:02 Epoch: 0155 loss_train: 1.2359 loss_val: 1.2176
Run:02 Epoch: 0156 loss_train: 1.2337 loss_val: 1.2171
Run:02 Epoch: 0157 loss_train: 1.2359 loss_val: 1.2146
Run:02 Epoch: 0158 loss_train: 1.2346 loss_val: 1.2127
Run:02 Epoch: 0159 loss_train: 1.2375 loss_val: 1.2162
Run:02 Epoch: 0160 loss_train: 1.2370 loss_val: 1.2192
Run:02 Epoch: 0161 loss_train: 1.2342 loss_val: 1.2161
Run:02 Epoch: 0162 loss_train: 1.2310 loss_val: 1.2182
Run:02 Epoch: 0163 loss_train: 1.2353 loss_val: 1.2135
Run:02 Epoch: 0164 loss_train: 1.2369 loss_val: 1.2150
Run:02 Epoch: 0165 loss_train: 1.2346 loss_val: 1.2180
Run:02 Epoch: 0166 loss_train: 1.2345 loss_val: 1.2091
Run:02 Epoch: 0167 loss_train: 1.2292 loss_val: 1.2165
Run:02 Epoch: 0168 loss_train: 1.2362 loss_val: 1.2161
Run:02 Epoch: 0169 loss_train: 1.2295 loss_val: 1.2194
Run:02 Epoch: 0170 loss_train: 1.2346 loss_val: 1.2135
Run:02 Epoch: 0171 loss_train: 1.2304 loss_val: 1.2193
Run:02 Epoch: 0172 loss_train: 1.2299 loss_val: 1.2094
Run:02 Epoch: 0173 loss_train: 1.2339 loss_val: 1.2134
Run:02 Epoch: 0174 loss_train: 1.2352 loss_val: 1.2196
Run:02 Epoch: 0175 loss_train: 1.2346 loss_val: 1.2156
Run:02 Epoch: 0176 loss_train: 1.2355 loss_val: 1.2225
Run:02 Epoch: 0177 loss_train: 1.2285 loss_val: 1.2134
Run:02 Epoch: 0178 loss_train: 1.2308 loss_val: 1.2145
Run:02 Epoch: 0179 loss_train: 1.2373 loss_val: 1.2148
Run:02 Epoch: 0180 loss_train: 1.2357 loss_val: 1.2105
Run:02 Epoch: 0181 loss_train: 1.2270 loss_val: 1.2172
Run:02 Epoch: 0182 loss_train: 1.2297 loss_val: 1.2160
Run:02 Epoch: 0183 loss_train: 1.2370 loss_val: 1.2184
Run:02 Epoch: 0184 loss_train: 1.2347 loss_val: 1.2138
Run:02 Epoch: 0185 loss_train: 1.2311 loss_val: 1.2128
Run:02 Epoch: 0186 loss_train: 1.2367 loss_val: 1.2157
Run:02 Epoch: 0187 loss_train: 1.2377 loss_val: 1.2125
Run:02 Epoch: 0188 loss_train: 1.2340 loss_val: 1.2140
Run:02 Epoch: 0189 loss_train: 1.2306 loss_val: 1.2173
Run:02 Epoch: 0190 loss_train: 1.2339 loss_val: 1.2155
Run:02 Epoch: 0191 loss_train: 1.2369 loss_val: 1.2160
Run:02 Epoch: 0192 loss_train: 1.2321 loss_val: 1.2116
Run:02 Epoch: 0193 loss_train: 1.2311 loss_val: 1.2170
Run:02 Epoch: 0194 loss_train: 1.2266 loss_val: 1.2125
Run:02 Epoch: 0195 loss_train: 1.2347 loss_val: 1.2170
Run:02 Epoch: 0196 loss_train: 1.2311 loss_val: 1.2166
Run:02 Epoch: 0197 loss_train: 1.2376 loss_val: 1.2164
Run:02 Epoch: 0198 loss_train: 1.2384 loss_val: 1.2101
Run:02 Epoch: 0199 loss_train: 1.2306 loss_val: 1.2195
Run:02 Epoch: 0200 loss_train: 1.2331 loss_val: 1.2123
Run:02 Epoch: 0201 loss_train: 1.2304 loss_val: 1.2185
Run:02 Epoch: 0202 loss_train: 1.2334 loss_val: 1.2125
Run:02 Epoch: 0203 loss_train: 1.2318 loss_val: 1.2125
Run:02 Epoch: 0204 loss_train: 1.2280 loss_val: 1.2110
Run:02 Epoch: 0205 loss_train: 1.2302 loss_val: 1.2188
Run:02 Epoch: 0206 loss_train: 1.2332 loss_val: 1.2130
Run:02 Epoch: 0207 loss_train: 1.2345 loss_val: 1.2093
Run:02 Epoch: 0208 loss_train: 1.2320 loss_val: 1.2175
Run:02 Epoch: 0209 loss_train: 1.2391 loss_val: 1.2182
Run:02 Epoch: 0210 loss_train: 1.2308 loss_val: 1.2086
Run:02 Epoch: 0211 loss_train: 1.2269 loss_val: 1.2145
Run:02 Epoch: 0212 loss_train: 1.2350 loss_val: 1.2074
Run:02 Epoch: 0213 loss_train: 1.2340 loss_val: 1.2215
Run:02 Epoch: 0214 loss_train: 1.2341 loss_val: 1.2144
Run:02 Epoch: 0215 loss_train: 1.2315 loss_val: 1.2065
Run:02 Epoch: 0216 loss_train: 1.2350 loss_val: 1.2172
Run:02 Epoch: 0217 loss_train: 1.2267 loss_val: 1.2192
Run:02 Epoch: 0218 loss_train: 1.2356 loss_val: 1.2111
Run:02 Epoch: 0219 loss_train: 1.2315 loss_val: 1.2122
Run:02 Epoch: 0220 loss_train: 1.2341 loss_val: 1.2161
Run:02 Epoch: 0221 loss_train: 1.2275 loss_val: 1.2142
Run:02 Epoch: 0222 loss_train: 1.2308 loss_val: 1.2136
Run:02 Epoch: 0223 loss_train: 1.2283 loss_val: 1.2145
Run:02 Epoch: 0224 loss_train: 1.2238 loss_val: 1.2126
Run:02 Epoch: 0225 loss_train: 1.2324 loss_val: 1.2171
Run:02 Epoch: 0226 loss_train: 1.2339 loss_val: 1.2155
Run:02 Epoch: 0227 loss_train: 1.2343 loss_val: 1.2138
Run:02 Epoch: 0228 loss_train: 1.2271 loss_val: 1.2149
Run:02 Epoch: 0229 loss_train: 1.2287 loss_val: 1.2194
Run:02 Epoch: 0230 loss_train: 1.2311 loss_val: 1.2117
Run:02 Epoch: 0231 loss_train: 1.2343 loss_val: 1.2083
Run:02 Epoch: 0232 loss_train: 1.2346 loss_val: 1.2127
Run:02 Epoch: 0233 loss_train: 1.2349 loss_val: 1.2162
Run:02 Epoch: 0234 loss_train: 1.2355 loss_val: 1.2111
Run:02 Epoch: 0235 loss_train: 1.2333 loss_val: 1.2120
Run:02 Epoch: 0236 loss_train: 1.2292 loss_val: 1.2122
Run:02 Epoch: 0237 loss_train: 1.2319 loss_val: 1.2123
Run:02 Epoch: 0238 loss_train: 1.2351 loss_val: 1.2147
Run:02 Epoch: 0239 loss_train: 1.2299 loss_val: 1.2149
Run:02 Epoch: 0240 loss_train: 1.2330 loss_val: 1.2157
Run:02 Epoch: 0241 loss_train: 1.2313 loss_val: 1.2125
Run:02 Epoch: 0242 loss_train: 1.2289 loss_val: 1.2169
Run:02 Epoch: 0243 loss_train: 1.2329 loss_val: 1.2162
Run:02 Epoch: 0244 loss_train: 1.2297 loss_val: 1.2156
Run:02 Epoch: 0245 loss_train: 1.2330 loss_val: 1.2164
Run:02 Epoch: 0246 loss_train: 1.2325 loss_val: 1.2146
Run:02 Epoch: 0247 loss_train: 1.2335 loss_val: 1.2149
Run:02 Epoch: 0248 loss_train: 1.2311 loss_val: 1.2234
Run:02 Epoch: 0249 loss_train: 1.2316 loss_val: 1.2127
Run:02 Epoch: 0250 loss_train: 1.2277 loss_val: 1.2111
Run:02 Epoch: 0251 loss_train: 1.2283 loss_val: 1.2166
Run:02 Epoch: 0252 loss_train: 1.2295 loss_val: 1.2141
Run:02 Epoch: 0253 loss_train: 1.2336 loss_val: 1.2091
Run:02 Epoch: 0254 loss_train: 1.2317 loss_val: 1.2087
Run:02 Epoch: 0255 loss_train: 1.2272 loss_val: 1.2191
Run:02 Epoch: 0256 loss_train: 1.2318 loss_val: 1.2165
Run:02 Epoch: 0257 loss_train: 1.2281 loss_val: 1.2099
Run:02 Epoch: 0258 loss_train: 1.2298 loss_val: 1.2107
Run:02 Epoch: 0259 loss_train: 1.2355 loss_val: 1.2147
Run:02 Epoch: 0260 loss_train: 1.2367 loss_val: 1.2158
Run:02 Epoch: 0261 loss_train: 1.2298 loss_val: 1.2120
Run:02 Epoch: 0262 loss_train: 1.2314 loss_val: 1.2103
Run:02 Epoch: 0263 loss_train: 1.2282 loss_val: 1.2152
Run:02 Epoch: 0264 loss_train: 1.2320 loss_val: 1.2128
Run:02 Epoch: 0265 loss_train: 1.2328 loss_val: 1.2105
Run:02 Epoch: 0266 loss_train: 1.2258 loss_val: 1.2172
Run:02 Epoch: 0267 loss_train: 1.2339 loss_val: 1.2134
Run:02 Epoch: 0268 loss_train: 1.2305 loss_val: 1.2105
Run:02 Epoch: 0269 loss_train: 1.2320 loss_val: 1.2170
Run:02 Epoch: 0270 loss_train: 1.2349 loss_val: 1.2143
Run:02 Epoch: 0271 loss_train: 1.2304 loss_val: 1.2131
Run:02 Epoch: 0272 loss_train: 1.2312 loss_val: 1.2168
Run:02 Epoch: 0273 loss_train: 1.2290 loss_val: 1.2157
Run:02 Epoch: 0274 loss_train: 1.2315 loss_val: 1.2173
Run:02 Epoch: 0275 loss_train: 1.2293 loss_val: 1.2106
Run:02 Epoch: 0276 loss_train: 1.2343 loss_val: 1.2101
Run:02 Epoch: 0277 loss_train: 1.2327 loss_val: 1.2102
Run:02 Epoch: 0278 loss_train: 1.2307 loss_val: 1.2120
Run:02 Epoch: 0279 loss_train: 1.2332 loss_val: 1.2150
Run:02 Epoch: 0280 loss_train: 1.2298 loss_val: 1.2131
Run:02 Epoch: 0281 loss_train: 1.2284 loss_val: 1.2159
Run:02 Epoch: 0282 loss_train: 1.2334 loss_val: 1.2124
Run:02 Epoch: 0283 loss_train: 1.2285 loss_val: 1.2117
Run:02 Epoch: 0284 loss_train: 1.2303 loss_val: 1.2148
Run:02 Epoch: 0285 loss_train: 1.2275 loss_val: 1.2110
Run:02 Epoch: 0286 loss_train: 1.2298 loss_val: 1.2133
Run:02 Epoch: 0287 loss_train: 1.2244 loss_val: 1.2101
Run:02 Epoch: 0288 loss_train: 1.2261 loss_val: 1.2133
Run:02 Epoch: 0289 loss_train: 1.2290 loss_val: 1.2093
Run:02 Epoch: 0290 loss_train: 1.2336 loss_val: 1.2098
Run:02 Epoch: 0291 loss_train: 1.2358 loss_val: 1.2126
Run:02 Epoch: 0292 loss_train: 1.2226 loss_val: 1.2090
Run:02 Epoch: 0293 loss_train: 1.2277 loss_val: 1.2079
Run:02 Epoch: 0294 loss_train: 1.2270 loss_val: 1.2150
Run:02 Epoch: 0295 loss_train: 1.2283 loss_val: 1.2105
Run:02 Epoch: 0296 loss_train: 1.2297 loss_val: 1.2096
Run:02 Epoch: 0297 loss_train: 1.2317 loss_val: 1.2124
Run:02 Epoch: 0298 loss_train: 1.2309 loss_val: 1.2119
Run:02 Epoch: 0299 loss_train: 1.2306 loss_val: 1.2087
Run:02 Epoch: 0300 loss_train: 1.2296 loss_val: 1.2069
Run:02 Epoch: 0301 loss_train: 1.2263 loss_val: 1.2102
Run:02 Epoch: 0302 loss_train: 1.2265 loss_val: 1.2154
Run:02 Epoch: 0303 loss_train: 1.2292 loss_val: 1.2115
Run:02 Epoch: 0304 loss_train: 1.2268 loss_val: 1.2086
Run:02 Epoch: 0305 loss_train: 1.2257 loss_val: 1.2126
Run:02 Epoch: 0306 loss_train: 1.2329 loss_val: 1.2172
Run:02 Epoch: 0307 loss_train: 1.2307 loss_val: 1.2085
Run:02 Epoch: 0308 loss_train: 1.2266 loss_val: 1.2089
Run:02 Epoch: 0309 loss_train: 1.2267 loss_val: 1.2139
Run:02 Epoch: 0310 loss_train: 1.2255 loss_val: 1.2114
Run:02 Epoch: 0311 loss_train: 1.2274 loss_val: 1.2136
Run:02 Epoch: 0312 loss_train: 1.2294 loss_val: 1.2153
Run:02 Epoch: 0313 loss_train: 1.2258 loss_val: 1.2128
Run:02 Epoch: 0314 loss_train: 1.2317 loss_val: 1.2061
Run:02 Epoch: 0315 loss_train: 1.2283 loss_val: 1.2206
Run:02 Epoch: 0316 loss_train: 1.2340 loss_val: 1.2118
Run:02 Epoch: 0317 loss_train: 1.2294 loss_val: 1.2139
Run:02 Epoch: 0318 loss_train: 1.2308 loss_val: 1.2147
Run:02 Epoch: 0319 loss_train: 1.2238 loss_val: 1.2131
Run:02 Epoch: 0320 loss_train: 1.2246 loss_val: 1.2129
Run:02 Epoch: 0321 loss_train: 1.2312 loss_val: 1.2110
Run:02 Epoch: 0322 loss_train: 1.2273 loss_val: 1.2144
Run:02 Epoch: 0323 loss_train: 1.2283 loss_val: 1.2096
Run:02 Epoch: 0324 loss_train: 1.2353 loss_val: 1.2060
Run:02 Epoch: 0325 loss_train: 1.2260 loss_val: 1.2140
Run:02 Epoch: 0326 loss_train: 1.2301 loss_val: 1.2144
Run:02 Epoch: 0327 loss_train: 1.2299 loss_val: 1.2138
Run:02 Epoch: 0328 loss_train: 1.2276 loss_val: 1.2104
Run:02 Epoch: 0329 loss_train: 1.2284 loss_val: 1.2143
Run:02 Epoch: 0330 loss_train: 1.2310 loss_val: 1.2151
Run:02 Epoch: 0331 loss_train: 1.2323 loss_val: 1.2145
Run:02 Epoch: 0332 loss_train: 1.2298 loss_val: 1.2085
Run:02 Epoch: 0333 loss_train: 1.2301 loss_val: 1.2158
Run:02 Epoch: 0334 loss_train: 1.2263 loss_val: 1.2194
Run:02 Epoch: 0335 loss_train: 1.2311 loss_val: 1.2109
Run:02 Epoch: 0336 loss_train: 1.2320 loss_val: 1.2074
Run:02 Epoch: 0337 loss_train: 1.2274 loss_val: 1.2117
Run:02 Epoch: 0338 loss_train: 1.2253 loss_val: 1.2157
Run:02 Epoch: 0339 loss_train: 1.2340 loss_val: 1.2133
Run:02 Epoch: 0340 loss_train: 1.2272 loss_val: 1.2217
Run:02 Epoch: 0341 loss_train: 1.2322 loss_val: 1.2108
Run:02 Epoch: 0342 loss_train: 1.2319 loss_val: 1.2130
Run:02 Epoch: 0343 loss_train: 1.2245 loss_val: 1.2062
Run:02 Epoch: 0344 loss_train: 1.2278 Run Train:  67%|████████████████████████████████████████████████████████████████████████████████▋                                        | 2/3 [03:10<01:33, 93.84s/it]loss_val: 1.2128
Run:02 Epoch: 0345 loss_train: 1.2282 loss_val: 1.2101
Run:02 Epoch: 0346 loss_train: 1.2328 loss_val: 1.2168
Run:02 Epoch: 0347 loss_train: 1.2296 loss_val: 1.2136
Run:02 Epoch: 0348 loss_train: 1.2287 loss_val: 1.2114
Run:02 Epoch: 0349 loss_train: 1.2343 loss_val: 1.2169
Run:02 Epoch: 0350 loss_train: 1.2294 loss_val: 1.2145
Run:02 Epoch: 0351 loss_train: 1.2332 loss_val: 1.2154
Run:02 Epoch: 0352 loss_train: 1.2313 loss_val: 1.2141
Run:02 Epoch: 0353 loss_train: 1.2321 loss_val: 1.2094
Run:02 Epoch: 0354 loss_train: 1.2314 loss_val: 1.2170
Run:02 Epoch: 0355 loss_train: 1.2296 loss_val: 1.2129
Run:02 Epoch: 0356 loss_train: 1.2301 loss_val: 1.2172
Run:02 Epoch: 0357 loss_train: 1.2311 loss_val: 1.2175
Run:02 Epoch: 0358 loss_train: 1.2302 loss_val: 1.2149
Run:02 Epoch: 0359 loss_train: 1.2336 loss_val: 1.2103
Run:02 Epoch: 0360 loss_train: 1.2316 loss_val: 1.2127
Run:02 Epoch: 0361 loss_train: 1.2278 loss_val: 1.2089
Run:02 Epoch: 0362 loss_train: 1.2296 loss_val: 1.2109
Run:02 Epoch: 0363 loss_train: 1.2223 loss_val: 1.2155
Run:02 Epoch: 0364 loss_train: 1.2303 loss_val: 1.2105
Run:02 Epoch: 0365 loss_train: 1.2288 loss_val: 1.2069
Run:02 Epoch: 0366 loss_train: 1.2308 loss_val: 1.2097
Run:02 Epoch: 0367 loss_train: 1.2309 loss_val: 1.2150
Run:02 Epoch: 0368 loss_train: 1.2244 loss_val: 1.2160
Run:02 Epoch: 0369 loss_train: 1.2292 loss_val: 1.2107
Run:02 Epoch: 0370 loss_train: 1.2276 loss_val: 1.2146
Run:02 Epoch: 0371 loss_train: 1.2273 loss_val: 1.2162
Run:02 Epoch: 0372 loss_train: 1.2270 loss_val: 1.2111
Run:02 Epoch: 0373 loss_train: 1.2283 loss_val: 1.2117
Run:02 Epoch: 0374 loss_train: 1.2280 loss_val: 1.2155
Run:02 Epoch: 0375 loss_train: 1.2290 loss_val: 1.2144
Run:02 Epoch: 0376 loss_train: 1.2277 loss_val: 1.2105
Run:02 Epoch: 0377 loss_train: 1.2252 loss_val: 1.2176
Run:02 Epoch: 0378 loss_train: 1.2297 loss_val: 1.2131
Run:02 Epoch: 0379 loss_train: 1.2300 loss_val: 1.2125
Run:02 Epoch: 0380 loss_train: 1.2303 loss_val: 1.2142
Run:02 Epoch: 0381 loss_train: 1.2229 loss_val: 1.2091
Run:02 Epoch: 0382 loss_train: 1.2222 loss_val: 1.2133
Run:02 Epoch: 0383 loss_train: 1.2271 loss_val: 1.2152
Run:02 Epoch: 0384 loss_train: 1.2331 loss_val: 1.2110
Run:02 Epoch: 0385 loss_train: 1.2230 loss_val: 1.2161
Run:02 Epoch: 0386 loss_train: 1.2274 loss_val: 1.2133
Run:02 Epoch: 0387 loss_train: 1.2263 loss_val: 1.2095
Run:02 Epoch: 0388 loss_train: 1.2288 loss_val: 1.2158
Run:02 Epoch: 0389 loss_train: 1.2226 loss_val: 1.2124
Run:02 Epoch: 0390 loss_train: 1.2285 loss_val: 1.2144
Run:02 Epoch: 0391 loss_train: 1.2233 loss_val: 1.2100
Run:02 Epoch: 0392 loss_train: 1.2250 loss_val: 1.2116
Run:02 Epoch: 0393 loss_train: 1.2236 loss_val: 1.2130
Run:02 Epoch: 0394 loss_train: 1.2301 loss_val: 1.2168
Run:02 Epoch: 0395 loss_train: 1.2225 loss_val: 1.2093
Run:02 Epoch: 0396 loss_train: 1.2248 loss_val: 1.2101
Run:02 Epoch: 0397 loss_train: 1.2225 loss_val: 1.2168
Run:02 Epoch: 0398 loss_train: 1.2297 loss_val: 1.2089
Run:02 Epoch: 0399 loss_train: 1.2258 loss_val: 1.2095
Run:02 Epoch: 0400 loss_train: 1.2259 loss_val: 1.2072
Run:03 Epoch: 0001 loss_train: 1.9469 loss_val: 1.9392
Run:03 Epoch: 0002 loss_train: 1.9360 loss_val: 1.9362
Run:03 Epoch: 0003 loss_train: 1.9720 loss_val: 1.9303
Run:03 Epoch: 0004 loss_train: 1.9917 loss_val: 1.9103
Run:03 Epoch: 0005 loss_train: 1.9632 loss_val: 1.8936
Run:03 Epoch: 0006 loss_train: 1.9368 loss_val: 1.9192
Run:03 Epoch: 0007 loss_train: 1.9734 loss_val: 1.8665
Run:03 Epoch: 0008 loss_train: 1.9012 loss_val: 1.8813
Run:03 Epoch: 0009 loss_train: 1.9351 loss_val: 1.8869
Run:03 Epoch: 0010 loss_train: 1.9424 loss_val: 1.8369
Run:03 Epoch: 0011 loss_train: 1.8716 loss_val: 1.8395
Run:03 Epoch: 0012 loss_train: 1.8824 loss_val: 1.8581
Run:03 Epoch: 0013 loss_train: 1.9041 loss_val: 1.8028
Run:03 Epoch: 0014 loss_train: 1.8327 loss_val: 1.7838
Run:03 Epoch: 0015 loss_train: 1.8139 loss_val: 1.7916
Run:03 Epoch: 0016 loss_train: 1.8267 loss_val: 1.7594
Run:03 Epoch: 0017 loss_train: 1.7917 loss_val: 1.7382
Run:03 Epoch: 0018 loss_train: 1.7587 loss_val: 1.7181
Run:03 Epoch: 0019 loss_train: 1.7430 loss_val: 1.6963
Run:03 Epoch: 0020 loss_train: 1.7146 loss_val: 1.6834
Run:03 Epoch: 0021 loss_train: 1.7063 loss_val: 1.6640
Run:03 Epoch: 0022 loss_train: 1.6832 loss_val: 1.6355
Run:03 Epoch: 0023 loss_train: 1.6505 loss_val: 1.6134
Run:03 Epoch: 0024 loss_train: 1.6321 loss_val: 1.5913
Run:03 Epoch: 0025 loss_train: 1.6090 loss_val: 1.5757
Run:03 Epoch: 0026 loss_train: 1.5936 loss_val: 1.5365
Run:03 Epoch: 0027 loss_train: 1.5661 loss_val: 1.5224
Run:03 Epoch: 0028 loss_train: 1.5436 loss_val: 1.5146
Run:03 Epoch: 0029 loss_train: 1.5351 loss_val: 1.4878
Run:03 Epoch: 0030 loss_train: 1.5175 loss_val: 1.4678
Run:03 Epoch: 0031 loss_train: 1.4949 loss_val: 1.4565
Run:03 Epoch: 0032 loss_train: 1.4927 loss_val: 1.4390
Run:03 Epoch: 0033 loss_train: 1.4827 loss_val: 1.4360
Run:03 Epoch: 0034 loss_train: 1.4676 loss_val: 1.4111
Run:03 Epoch: 0035 loss_train: 1.4540 loss_val: 1.4006
Run:03 Epoch: 0036 loss_train: 1.4498 loss_val: 1.3996
Run:03 Epoch: 0037 loss_train: 1.4347 loss_val: 1.3852
Run:03 Epoch: 0038 loss_train: 1.4305 loss_val: 1.3747
Run:03 Epoch: 0039 loss_train: 1.4292 loss_val: 1.3808
Run:03 Epoch: 0040 loss_train: 1.4164 loss_val: 1.3682
Run:03 Epoch: 0041 loss_train: 1.4061 loss_val: 1.3564
Run:03 Epoch: 0042 loss_train: 1.4107 loss_val: 1.3579
Run:03 Epoch: 0043 loss_train: 1.3949 loss_val: 1.3403
Run:03 Epoch: 0044 loss_train: 1.3874 loss_val: 1.3493
Run:03 Epoch: 0045 loss_train: 1.3842 loss_val: 1.3363
Run:03 Epoch: 0046 loss_train: 1.3844 loss_val: 1.3320
Run:03 Epoch: 0047 loss_train: 1.3693 loss_val: 1.3290
Run:03 Epoch: 0048 loss_train: 1.3740 loss_val: 1.3297
Run:03 Epoch: 0049 loss_train: 1.3707 loss_val: 1.3177
Run:03 Epoch: 0050 loss_train: 1.3590 loss_val: 1.3198
Run:03 Epoch: 0051 loss_train: 1.3549 loss_val: 1.3256
Run:03 Epoch: 0052 loss_train: 1.3609 loss_val: 1.3277
Run:03 Epoch: 0053 loss_train: 1.3544 loss_val: 1.3106
Run:03 Epoch: 0054 loss_train: 1.3533 loss_val: 1.3094
Run:03 Epoch: 0055 loss_train: 1.3490 loss_val: 1.3087
Run:03 Epoch: 0056 loss_train: 1.3450 loss_val: 1.3052
Run:03 Epoch: 0057 loss_train: 1.3469 loss_val: 1.3061
Run:03 Epoch: 0058 loss_train: 1.3391 loss_val: 1.3032
Run:03 Epoch: 0059 loss_train: 1.3382 loss_val: 1.2904
Run:03 Epoch: 0060 loss_train: 1.3299 loss_val: 1.2881
Run:03 Epoch: 0061 loss_train: 1.3319 loss_val: 1.3002
Run:03 Epoch: 0062 loss_train: 1.3325 loss_val: 1.2893
Run:03 Epoch: 0063 loss_train: 1.3298 loss_val: 1.2761
Run:03 Epoch: 0064 loss_train: 1.3233 loss_val: 1.2841
Run:03 Epoch: 0065 loss_train: 1.3162 loss_val: 1.2842
Run:03 Epoch: 0066 loss_train: 1.3242 loss_val: 1.2805
Run:03 Epoch: 0067 loss_train: 1.3231 loss_val: 1.2748
Run:03 Epoch: 0068 loss_train: 1.3124 loss_val: 1.2714
Run:03 Epoch: 0069 loss_train: 1.3096 loss_val: 1.2801
Run:03 Epoch: 0070 loss_train: 1.3057 loss_val: 1.2769
Run:03 Epoch: 0071 loss_train: 1.3092 loss_val: 1.2666
Run:03 Epoch: 0072 loss_train: 1.3015 loss_val: 1.2684
Run:03 Epoch: 0073 loss_train: 1.3030 loss_val: 1.2676
Run:03 Epoch: 0074 loss_train: 1.2957 loss_val: 1.2634
Run:03 Epoch: 0075 loss_train: 1.2967 loss_val: 1.2600
Run:03 Epoch: 0076 loss_train: 1.2946 loss_val: 1.2558
Run:03 Epoch: 0077 loss_train: 1.2944 loss_val: 1.2573
Run:03 Epoch: 0078 loss_train: 1.2887 loss_val: 1.2518
Run:03 Epoch: 0079 loss_train: 1.2880 loss_val: 1.2495
Run:03 Epoch: 0080 loss_train: 1.2915 loss_val: 1.2531
Run:03 Epoch: 0081 loss_train: 1.2799 loss_val: 1.2510
Run:03 Epoch: 0082 loss_train: 1.2790 loss_val: 1.2459
Run:03 Epoch: 0083 loss_train: 1.2822 loss_val: 1.2484
Run:03 Epoch: 0084 loss_train: 1.2802 loss_val: 1.2425
Run:03 Epoch: 0085 loss_train: 1.2772 loss_val: 1.2390
Run:03 Epoch: 0086 loss_train: 1.2666 loss_val: 1.2412
Run:03 Epoch: 0087 loss_train: 1.2708 loss_val: 1.2378
Run:03 Epoch: 0088 loss_train: 1.2654 loss_val: 1.2329
Run:03 Epoch: 0089 loss_train: 1.2710 loss_val: 1.2308
Run:03 Epoch: 0090 loss_train: 1.2675 loss_val: 1.2361
Run:03 Epoch: 0091 loss_train: 1.2690 loss_val: 1.2321
Run:03 Epoch: 0092 loss_train: 1.2640 loss_val: 1.2359
Run:03 Epoch: 0093 loss_train: 1.2629 loss_val: 1.2301
Run:03 Epoch: 0094 loss_train: 1.2633 loss_val: 1.2266
Run:03 Epoch: 0095 loss_train: 1.2568 loss_val: 1.2244
Run:03 Epoch: 0096 loss_train: 1.2610 loss_val: 1.2278
Run:03 Epoch: 0097 loss_train: 1.2614 loss_val: 1.2294
Run:03 Epoch: 0098 loss_train: 1.2589 loss_val: 1.2263
Run:03 Epoch: 0099 loss_train: 1.2540 loss_val: 1.2244
Run:03 Epoch: 0100 loss_train: 1.2584 loss_val: 1.2244
Run:03 Epoch: 0101 loss_train: 1.2560 loss_val: 1.2264
Run:03 Epoch: 0102 loss_train: 1.2596 loss_val: 1.2319
Run:03 Epoch: 0103 loss_train: 1.2549 loss_val: 1.2240
Run:03 Epoch: 0104 loss_train: 1.2554 loss_val: 1.2188
Run:03 Epoch: 0105 loss_train: 1.2517 loss_val: 1.2244
Run:03 Epoch: 0106 loss_train: 1.2640 loss_val: 1.2303
Run:03 Epoch: 0107 loss_train: 1.2551 loss_val: 1.2205
Run:03 Epoch: 0108 loss_train: 1.2500 loss_val: 1.2211
Run:03 Epoch: 0109 loss_train: 1.2520 loss_val: 1.2275
Run:03 Epoch: 0110 loss_train: 1.2551 loss_val: 1.2241
Run:03 Epoch: 0111 loss_train: 1.2472 loss_val: 1.2174
Run:03 Epoch: 0112 loss_train: 1.2501 loss_val: 1.2179
Run:03 Epoch: 0113 loss_train: 1.2508 loss_val: 1.2217
Run:03 Epoch: 0114 loss_train: 1.2498 loss_val: 1.2210
Run:03 Epoch: 0115 loss_train: 1.2477 loss_val: 1.2185
Run:03 Epoch: 0116 loss_train: 1.2479 loss_val: 1.2224
Run:03 Epoch: 0117 loss_train: 1.2532 loss_val: 1.2166
Run:03 Epoch: 0118 loss_train: 1.2485 loss_val: 1.2259
Run:03 Epoch: 0119 loss_train: 1.2546 loss_val: 1.2206
Run:03 Epoch: 0120 loss_train: 1.2534 loss_val: 1.2174
Run:03 Epoch: 0121 loss_train: 1.2513 loss_val: 1.2235
Run:03 Epoch: 0122 loss_train: 1.2472 loss_val: 1.2238
Run:03 Epoch: 0123 loss_train: 1.2467 loss_val: 1.2189
Run:03 Epoch: 0124 loss_train: 1.2595 loss_val: 1.2266
Run:03 Epoch: 0125 loss_train: 1.2541 loss_val: 1.2195
Run:03 Epoch: 0126 loss_train: 1.2426 loss_val: 1.2226
Run:03 Epoch: 0127 loss_train: 1.2503 loss_val: 1.2225
Run:03 Epoch: 0128 loss_train: 1.2519 loss_val: 1.2232
Run:03 Epoch: 0129 loss_train: 1.2468 loss_val: 1.2156
Run:03 Epoch: 0130 loss_train: 1.2464 loss_val: 1.2144
Run:03 Epoch: 0131 loss_train: 1.2441 loss_val: 1.2212
Run:03 Epoch: 0132 loss_train: 1.2459 loss_val: 1.2211
Run:03 Epoch: 0133 loss_train: 1.2497 loss_val: 1.2157
Run:03 Epoch: 0134 loss_train: 1.2430 loss_val: 1.2113
Run:03 Epoch: 0135 loss_train: 1.2510 loss_val: 1.2201
Run:03 Epoch: 0136 loss_train: 1.2450 loss_val: 1.2227
Run:03 Epoch: 0137 loss_train: 1.2458 loss_val: 1.2135
Run:03 Epoch: 0138 loss_train: 1.2465 loss_val: 1.2151
Run:03 Epoch: 0139 loss_train: 1.2455 loss_val: 1.2166
Run:03 Epoch: 0140 loss_train: 1.2465 loss_val: 1.2138
Run:03 Epoch: 0141 loss_train: 1.2442 loss_val: 1.2149
Run:03 Epoch: 0142 loss_train: 1.2483 loss_val: 1.2129
Run:03 Epoch: 0143 loss_train: 1.2472 loss_val: 1.2216
Run:03 Epoch: 0144 loss_train: 1.2550 loss_val: 1.2179
Run:03 Epoch: 0145 loss_train: 1.2458 loss_val: 1.2141
Run:03 Epoch: 0146 loss_train: 1.2412 loss_val: 1.2154
Run:03 Epoch: 0147 loss_train: 1.2477 loss_val: 1.2163
Run:03 Epoch: 0148 loss_train: 1.2360 loss_val: 1.2162
Run:03 Epoch: 0149 loss_train: 1.2479 loss_val: 1.2156
Run:03 Epoch: 0150 loss_train: 1.2434 loss_val: 1.2157
Run:03 Epoch: 0151 loss_train: 1.2447 loss_val: 1.2237
Run:03 Epoch: 0152 loss_train: 1.2459 loss_val: 1.2214
Run:03 Epoch: 0153 loss_train: 1.2392 loss_val: 1.2197
Run:03 Epoch: 0154 loss_train: 1.2536 loss_val: 1.2159
Run:03 Epoch: 0155 loss_train: 1.2356 loss_val: 1.2224
Run:03 Epoch: 0156 loss_train: 1.2424 loss_val: 1.2177
Run:03 Epoch: 0157 loss_train: 1.2450 loss_val: 1.2213
Run:03 Epoch: 0158 loss_train: 1.2516 loss_val: 1.2142
Run:03 Epoch: 0159 loss_train: 1.2437 loss_val: 1.2230
Run:03 Epoch: 0160 loss_train: 1.2434 loss_val: 1.2177
Run:03 Epoch: 0161 loss_train: 1.2427 loss_val: 1.2186
Run:03 Epoch: 0162 loss_train: 1.2423 loss_val: 1.2219
Run:03 Epoch: 0163 loss_train: 1.2394 loss_val: 1.2175
Run:03 Epoch: 0164 loss_train: 1.2415 loss_val: 1.2176
Run:03 Epoch: 0165 loss_train: 1.2451 loss_val: 1.2194
Run:03 Epoch: 0166 loss_train: 1.2417 loss_val: 1.2194
Run:03 Epoch: 0167 loss_train: 1.2402 loss_val: 1.2147
Run:03 Epoch: 0168 loss_train: 1.2451 loss_val: 1.2159
Run:03 Epoch: 0169 loss_train: 1.2452 loss_val: 1.2219
Run:03 Epoch: 0170 loss_train: 1.2431 loss_val: 1.2223
Run:03 Epoch: 0171 loss_train: 1.2433 loss_val: 1.2126
Run:03 Epoch: 0172 loss_train: 1.2404 loss_val: 1.2126
Run:03 Epoch: 0173 loss_train: 1.2413 loss_val: 1.2223
Run:03 Epoch: 0174 loss_train: 1.2447 loss_val: 1.2153
Run:03 Epoch: 0175 loss_train: 1.2454 loss_val: 1.2165
Run:03 Epoch: 0176 loss_train: 1.2479 loss_val: 1.2145
Run:03 Epoch: 0177 loss_train: 1.2430 loss_val: 1.2202
Run:03 Epoch: 0178 loss_train: 1.2423 loss_val: 1.2154
Run:03 Epoch: 0179 loss_train: 1.2449 loss_val: 1.2135
Run:03 Epoch: 0180 loss_train: 1.2468 loss_val: 1.2176
Run:03 Epoch: 0181 loss_train: 1.2374 loss_val: 1.2183
Run:03 Epoch: 0182 loss_train: 1.2394 loss_val: 1.2177
Run:03 Epoch: 0183 loss_train: 1.2417 loss_val: 1.2134
Run:03 Epoch: 0184 loss_train: 1.2456 loss_val: 1.2138
Run:03 Epoch: 0185 loss_train: 1.2456 loss_val: 1.2153
Run:03 Epoch: 0186 loss_train: 1.2446 loss_val: 1.2146
Run:03 Epoch: 0187 loss_train: 1.2381 loss_val: 1.2174
Run:03 Epoch: 0188 loss_train: 1.2403 loss_val: 1.2149
Run:03 Epoch: 0189 loss_train: 1.2369 loss_val: 1.2123
Run:03 Epoch: 0190 loss_train: 1.2424 loss_val: 1.2185
Run:03 Epoch: 0191 loss_train: 1.2385 loss_val: 1.2153
Run:03 Epoch: 0192 loss_train: 1.2433 loss_val: 1.2161
Run:03 Epoch: 0193 loss_train: 1.2430 loss_val: 1.2192
Run:03 Epoch: 0194 loss_train: 1.2479 loss_val: 1.2176
Run:03 Epoch: 0195 loss_train: 1.2472 loss_val: 1.2194
Run:03 Epoch: 0196 loss_train: 1.2480 loss_val: 1.2100
Run:03 Epoch: 0197 loss_train: 1.2400 loss_val: 1.2149
Run:03 Epoch: 0198 loss_train: 1.2445 loss_val: 1.2205
Run:03 Epoch: 0199 loss_train: 1.2422 loss_val: 1.2147
Run:03 Epoch: 0200 loss_train: 1.2376 loss_val: 1.2081
Run:03 Epoch: 0201 loss_train: 1.2380 loss_val: 1.2116
Run:03 Epoch: 0202 loss_train: 1.2510 loss_val: 1.2216
Run:03 Epoch: 0203 loss_train: 1.2404 loss_val: 1.2146
Run:03 Epoch: 0204 loss_train: 1.2442 loss_val: 1.2106
Run:03 Epoch: 0205 loss_train: 1.2406 loss_val: 1.2167
Run:03 Epoch: 0206 loss_train: 1.2474 loss_val: 1.2203
Run:03 Epoch: 0207 loss_train: 1.2426 loss_val: 1.2177
Run:03 Epoch: 0208 loss_train: 1.2420 loss_val: 1.2149
Run:03 Epoch: 0209 loss_train: 1.2438 loss_val: 1.2168
Run:03 Epoch: 0210 loss_train: 1.2420 loss_val: 1.2142
Run:03 Epoch: 0211 loss_train: 1.2418 loss_val: 1.2132
Run:03 Epoch: 0212 loss_train: 1.2363 loss_val: 1.2147
Run:03 Epoch: 0213 loss_train: 1.2371 loss_val: 1.2157
Run:03 Epoch: 0214 loss_train: 1.2424 loss_val: 1.2142
Run:03 Epoch: 0215 loss_train: 1.2398 loss_val: 1.2214
Run:03 Epoch: 0216 loss_train: 1.2456 loss_val: 1.2161
Run:03 Epoch: 0217 loss_train: 1.2434 loss_val: 1.2185
Run:03 Epoch: 0218 loss_train: 1.2406 loss_val: 1.2170
Run:03 Epoch: 0219 loss_train: 1.2419 loss_val: 1.2160
Run:03 Epoch: 0220 loss_train: 1.2448 loss_val: 1.2115
Run:03 Epoch: 0221 loss_train: 1.2450 loss_val: 1.2139
Run:03 Epoch: 0222 loss_train: 1.2312 loss_val: 1.2244
Run:03 Epoch: 0223 loss_train: 1.2402 loss_val: 1.2130
Run:03 Epoch: 0224 loss_train: 1.2403 loss_val: 1.2172
Run:03 Epoch: 0225 loss_train: 1.2411 loss_val: 1.2143
Run:03 Epoch: 0226 loss_train: 1.2444 loss_val: 1.2144
Run:03 Epoch: 0227 loss_train: 1.2385 loss_val: 1.2222
Run:03 Epoch: 0228 loss_train: 1.2424 loss_val: 1.2181
Run:03 Epoch: 0229 loss_train: 1.2391 loss_val: 1.2134
Run:03 Epoch: 0230 loss_train: 1.2373 loss_val: 1.2144
Run:03 Epoch: 0231 loss_train: 1.2437 loss_val: 1.2166
Run:03 Epoch: 0232 loss_train: 1.2417 loss_val: 1.2156
Run:03 Epoch: 0233 loss_train: 1.2439 loss_val: 1.2207
Run:03 Epoch: 0234 loss_train: 1.2458 loss_val: 1.2160
Run:03 Epoch: 0235 loss_train: 1.2372 loss_val: 1.2131
Run:03 Epoch: 0236 loss_train: 1.2410 loss_val: 1.2204
Run:03 Epoch: 0237 loss_train: 1.2429 loss_val: 1.2179
Run:03 Epoch: 0238 loss_train: 1.2436 loss_val: 1.2154
Run:03 Epoch: 0239 loss_train: 1.2391 loss_val: 1.2176
Run:03 Epoch: 0240 loss_train: 1.2390 loss_val: 1.2212
Run:03 Epoch: 0241 loss_train: 1.2423 loss_val: 1.2118
Run:03 Epoch: 0242 loss_train: 1.2361 loss_val: 1.2173
Run:03 Epoch: 0243 loss_train: 1.2406 loss_val: 1.2155
Run:03 Epoch: 0244 loss_train: 1.2395 loss_val: 1.2157
Run:03 Epoch: 0245 loss_train: 1.2381 loss_val: 1.2114
Run:03 Epoch: 0246 loss_train: 1.2328 loss_val: 1.2192
Run:03 Epoch: 0247 loss_train: 1.2371 loss_val: 1.2174
Run:03 Epoch: 0248 loss_train: 1.2463 loss_val: 1.2169
Run:03 Epoch: 0249 loss_train: 1.2438 loss_val: 1.2154
Run:03 Epoch: 0250 loss_train: 1.2439 loss_val: 1.2141
Run:03 Epoch: 0251 loss_train: 1.2444 loss_val: 1.2197
Run:03 Epoch: 0252 loss_train: 1.2411 loss_val: 1.2155
Run:03 Epoch: 0253 loss_train: 1.2454 loss_val: 1.2166
Run:03 Epoch: 0254 loss_train: 1.2387 loss_val: 1.2159
Run:03 Epoch: 0255 loss_train: 1.2454 loss_val: 1.2219
Run:03 Epoch: 0256 loss_train: 1.2443 loss_val: 1.2155
Run:03 Epoch: 0257 loss_train: 1.2442 loss_val: 1.2137
Run:03 Epoch: 0258 loss_train: 1.2425 loss_val: 1.2132
Run:03 Epoch: 0259 loss_train: 1.2411 loss_val: 1.2189
Run:03 Epoch: 0260 loss_train: 1.2388 loss_val: 1.2150
Run:03 Epoch: 0261 loss_train: 1.2420 loss_val: 1.2115
Run:03 Epoch: 0262 loss_train: 1.2381 loss_val: 1.2163
Run:03 Epoch: 0263 loss_train: 1.2397 loss_val: 1.2166
Run:03 Epoch: 0264 loss_train: 1.2370 loss_val: 1.2216
Run:03 Epoch: 0265 loss_train: 1.2416 loss_val: 1.2131
Run:03 Epoch: 0266 loss_train: 1.2415 loss_val: 1.2193
Run:03 Epoch: 0267 loss_train: 1.2411 loss_val: 1.2298
Run:03 Epoch: 0268 loss_train: 1.2480 loss_val: 1.2161
Run:03 Epoch: 0269 loss_train: 1.2351 loss_val: 1.2167
Run:03 Epoch: 0270 loss_train: 1.2426 loss_val: 1.2139
Run:03 Epoch: 0271 loss_train: 1.2403 loss_val: 1.2229
Run:03 Epoch: 0272 loss_train: 1.2409 loss_val: 1.2179
Run:03 Epoch: 0273 loss_train: 1.2462 loss_val: 1.2172
Run:03 Epoch: 0274 loss_train: 1.2429 loss_val: 1.2187
Run:03 Epoch: 0275 loss_train: 1.2402 loss_val: 1.2197
Run:03 Epoch: 0276 loss_train: 1.2399 loss_val: 1.2215
Run:03 Epoch: 0277 loss_train: 1.2337 loss_val: 1.2157
Run:03 Epoch: 0278 loss_train: 1.2407 loss_val: 1.2152
Run:03 Epoch: 0279 loss_train: 1.2422 loss_val: 1.2174
Run:03 Epoch: 0280 loss_train: 1.2409 loss_val: 1.2144
Run:03 Epoch: 0281 loss_train: 1.2451 loss_val: 1.2190
Run:03 Epoch: 0282 loss_train: 1.2404 loss_val: 1.2172
Run:03 Epoch: 0283 loss_train: 1.2443 loss_val: 1.2160
Run:03 Epoch: 0284 loss_train: 1.2356 loss_val: 1.2130
Run:03 Epoch: 0285 loss_train: 1.2396 loss_val: 1.2163
Run:03 Epoch: 0286 loss_train: 1.2368 loss_val: 1.2186
Run:03 Epoch: 0287 loss_train: 1.2401 loss_val: 1.2176
Run:03 Epoch: 0288 loss_train: 1.2419 loss_val: 1.2177
Run:03 Epoch: 0289 loss_train: 1.2438 loss_val: 1.2186
Run:03 Epoch: 0290 loss_train: 1.2396 loss_val: 1.2127
Run:03 Epoch: 0291 loss_train: 1.2374 loss_val: 1.2121
Run:03 Epoch: 0292 loss_train: 1.2360 loss_val: 1.2128
Run:03 Epoch: 0293 loss_train: 1.2460 loss_val: 1.2158
Run:03 Epoch: 0294 loss_train: 1.2419 loss_val: 1.2152
Run:03 Epoch: 0295 loss_train: 1.2405 loss_val: 1.2166
Run:03 Epoch: 0296 loss_train: 1.2391 loss_val: 1.2134
Run:03 Epoch: 0297 loss_train: 1.2413 loss_val: 1.2206
Run:03 Epoch: 0298 loss_train: 1.2373 loss_val: 1.2201
Run:03 Epoch: 0299 loss_train: 1.2393 loss_val: 1.2187
Run:03 Epoch: 0300 loss_train: 1.2355 loss_val: 1.2128
Run:03 Epoch: 0301 loss_train: 1.2466 loss_val: 1.2173
Run:03 Epoch: 0302 loss_train: 1.2422 loss_val: 1.2176
Run:03 Epoch: 0303 loss_train: 1.2397 loss_val: 1.2142
Run:03 Epoch: 0304 loss_train: 1.2380 loss_val: 1.2114
Run:03 Epoch: 0305 loss_train: 1.2404 loss_val: 1.2142
Run:03 Epoch: 0306 loss_train: 1.2331 loss_val: 1.2129
Run:03 Epoch: 0307 loss_train: 1.2426 loss_val: 1.2123
Run:03 Epoch: 0308 loss_train: 1.2466 loss_val: 1.2147
Run:03 Epoch: 0309 loss_train: 1.2364 loss_val: 1.2195
Run:03 Epoch: 0310 loss_train: 1.2374 loss_val: 1.2150
Run:03 Epoch: 0311 loss_train: 1.2420 loss_val: 1.2161
Run:03 Epoch: 0312 loss_train: 1.2397 loss_val: 1.2176
Run:03 Epoch: 0313 loss_train: 1.2338 loss_val: 1.2139
Run:03 Epoch: 0314 loss_train: 1.2384 loss_val: 1.2139
Run:03 Epoch: 0315 loss_train: 1.2393 loss_val: 1.2106
Run:03 Epoch: 0316 loss_train: 1.2383 loss_val: 1.2142
Run:03 Epoch: 0317 loss_train: 1.2447 loss_val: 1.2144
Run:03 Epoch: 0318 loss_train: 1.2358 loss_val: 1.2137
Run:03 Epoch: 0319 loss_train: 1.2402 loss_val: 1.2132
Run:03 Epoch: 0320 loss_train: 1.2442 loss_val: 1.2141
Run:03 Epoch: 0321 loss_train: 1.2395 loss_val: 1.2182
Run:03 Epoch: 0322 loss_train: 1.2352 loss_val: 1.2149
Run:03 Epoch: 0323 loss_train: 1.2340 loss_val: 1.2155
Run:03 Epoch: 0324 loss_train: 1.2357 loss_val: 1.2189
Run:03 Epoch: 0325 loss_train: 1.2430 loss_val: 1.2154
Run:03 Epoch: 0326 loss_train: 1.2348 loss_val: 1.2121
Run:03 Epoch: 0327 loss_train: 1.2373 loss_val: 1.2165
Run:03 Epoch: 0328 loss_train: 1.2365 loss_val: 1.2165
Run:03 Epoch: 0329 loss_train: 1.2416 loss_val: 1.2112
Run:03 Epoch: 0330 loss_train: 1.2399 loss_val: 1.2130
Run:03 Epoch: 0331 loss_train: 1.2348 loss_val: 1.2211
Run:03 Epoch: 0332 loss_train: 1.2375 loss_val: 1.2211
Run:03 Epoch: 0333 loss_train: 1.2385 loss_val: 1.2173
Run:03 Epoch: 0334 loss_train: 1.2486 loss_val: 1.2188
Run:03 Epoch: 0335 loss_train: 1.2419 loss_val: 1.2177
Run:03 Epoch: 0336 loss_train: 1.2437 loss_val: 1.2154
Run:03 Epoch: 0337 loss_train: 1.2420 loss_val: 1.2158
Run:03 Epoch: 0338 loss_train: 1.2408 loss_val: 1.2153
Run:03 Epoch: 0339 loss_train: 1.2340 loss_val: 1.2173
Run:03 Epoch: 0340 loss_train: 1.2426 loss_val: 1.2160
Run:03 Epoch: 0341 loss_train: 1.2410 loss_val: 1.2208
Run:03 Epoch: 0342 loss_train: 1.2411 loss_val: 1.2178
Run:03 Epoch: 0343 loss_train: 1.2361 loss_val: 1.2111
Run:03 Epoch: 0344 loss_train: 1.2394 loss_val: 1.2121
Run:03 Epoch: 0345 loss_train: 1.2367 loss_val: 1.2224
Run:03 Epoch: 0346 loss_train: 1.2472 loss_val: 1.2169
Run:03 Epoch: 0347 loss_train: 1.2395 loss_val: 1.2134
Run:03 Epoch: 0348 loss_train: 1.2399 loss_val: 1.2195
Run:03 Epoch: 0349 loss_train: 1.2435 loss_val: 1.2206
Run:03 Epoch: 0350 loss_train: 1.2406 loss_val: 1.2218
Run:03 Epoch: 0351 loss_train: 1.2468 loss_val: 1.2184
Run:03 Epoch: 0352 loss_train: 1.2418 loss_val: 1.2150
Run:03 Epoch: 0353 loss_train: 1.2414 loss_val: 1.2179
Run:03 Epoch: 0354 loss_train: 1.2363 loss_val: 1.2175
Run:03 Epoch: 0355 loss_train: 1.2444 loss_val: 1.2148
Run:03 Epoch: 0356 loss_train: 1.2397 loss_val: 1.2137
Run:03 Epoch: 0357 loss_train: 1.2391 loss_val: 1.2177
Run:03 Epoch: 0358 loss_train: 1.2455 loss_val: 1.2193
Run:03 Epoch: 0359 loss_train: 1.2441 loss_val: 1.2111
Run:03 Epoch: 0360 loss_train: 1.2378 loss_val: 1.2189
Run:03 Epoch: 0361 loss_train: 1.2384 loss_val: 1.2177
Run:03 Epoch: 0362 loss_train: 1.2393 loss_val: 1.2186
Run:03 Epoch: 0363 loss_train: 1.2344 loss_val: 1.2186
Run:03 Epoch: 0364 loss_train: 1.2412 loss_val: 1.2147
Run:03 Epoch: 0365 loss_train: 1.2336 loss_val: 1.2171
Run:03 Epoch: 0366 loss_train: 1.2396 loss_val: 1.2225
Run:03 Epoch: 0367 loss_train: 1.2406 loss_val: 1.2156
Run:03 Epoch: 0368 loss_train: 1.2368 loss_val: 1.2220
Run:03 Epoch: 0369 loss_train: 1.2331 loss_val: 1.2177
Run:03 Epoch: 0370 loss_train: 1.2397 loss_val: 1.2174
Run:03 Epoch: 0371 loss_train: 1.2388 loss_val: 1.2149
Run:03 Epoch: 0372 loss_train: 1.2381 loss_val: 1.2202
Run:03 Epoch: 0373 loss_train: 1.2392 loss_val: 1.2141
Run:03 Epoch: 0374 loss_train: 1.2427 loss_val: 1.2159
Run:03 Epoch: 0375 loss_train: 1.2338 loss_val: 1.2163
Run:03 Epoch: 0376 loss_train: 1.2412 loss_val: 1.2101
Run:03 Epoch: 0377 loss_train: 1.2400 loss_val: 1.2188
Run:03 Epoch: 0378 loss_train: 1.2388 loss_val: 1.2206
Run:03 Epoch: 0379 loss_train: 1.2452 loss_val: 1.2139
Run:03 Epoch: 0380 loss_train: 1.2338 loss_val: 1.2129
Run:03 Epoch: 0381 loss_train: 1.2386 loss_val: 1.2217
Run:03 Epoch: 0382 loss_train: 1.2423 loss_val: 1.2151
Run:03 Epoch: 0383 loss_train: 1.2429 loss_val: 1.2168
Run:03 Epoch: 0384 loss_train: 1.2365 loss_val: 1.2137
Run:03 Epoch: 0385 loss_train: 1.2304 loss_val: 1.2149
Run:03 Epoch: 0386 loss_train: 1.2341 loss_val: 1.2214
Run:03 Epoch: 0387 loss_train: 1.2398 loss_val: 1.2119
Run:03 Epoch: 0388 loss_train: 1.2355 loss_val: 1.2141
Run:03 Epoch: 0389 loss_train: 1.2356 loss_val: 1.2177
Run:03 Epoch: 0390 loss_train: 1.2418 loss_val: 1.2179
Run Train: 100%|█████████████████████████████████████████████████████████████████████████████████████████████████████████████████████████| 3/3 [04:38<00:00, 91.53s/it]Run Train: 100%|█████████████████████████████████████████████████████████████████████████████████████████████████████████████████████████| 3/3 [04:38<00:00, 92.97s/it]
Run:03 Epoch: 0391 loss_train: 1.2368 loss_val: 1.2188
Run:03 Epoch: 0392 loss_train: 1.2387 loss_val: 1.2155
Run:03 Epoch: 0393 loss_train: 1.2372 loss_val: 1.2172
Run:03 Epoch: 0394 loss_train: 1.2340 loss_val: 1.2187
Run:03 Epoch: 0395 loss_train: 1.2424 loss_val: 1.2129
Run:03 Epoch: 0396 loss_train: 1.2321 loss_val: 1.2151
Run:03 Epoch: 0397 loss_train: 1.2344 loss_val: 1.2157
Run:03 Epoch: 0398 loss_train: 1.2442 loss_val: 1.2192
Run:03 Epoch: 0399 loss_train: 1.2402 loss_val: 1.2169
Run:03 Epoch: 0400 loss_train: 1.2391 loss_val: 1.2131
test acc: 0.4958148695224028 test acc std 0.0018422734548369877


test micro f1: 0.4958148695224027 test macro f1 0.5151737308355587
