args
 Namespace(batch_size=128, concat=10, conditional=True, cuda=True, dataset='cora', dropout=0.5, epochs=400, hidden=64, lam=1.0, latent_size=10, lr=0.05, num_models=100, pretrain_epochs=15, pretrain_lr=0.05, runs=3, samples=4, seed=42, tem=0.5, update_epochs=20, use_mediator=False, warmup=200, weight_decay=0.0005)
This is cocitation_cora dataset:
  ->  num_classes
  ->  num_vertices
  ->  num_edges
  ->  dim_features
  ->  features
  ->  edge_list
  ->  labels
  ->  train_mask
  ->  val_mask
  ->  test_mask
Please try `data['name']` to get the specified data.
Run Train:   0%|                                                                                                                                 | 0/3 [00:00<?, ?it/s]Run:01 Epoch: 0001 loss_train: 1.9518 loss_val: 2.1743
Run:01 Epoch: 0002 loss_train: 2.2125 loss_val: 1.9436
Run:01 Epoch: 0003 loss_train: 1.9499 loss_val: 1.9141
Run:01 Epoch: 0004 loss_train: 1.9243 loss_val: 1.8790
Run:01 Epoch: 0005 loss_train: 1.8961 loss_val: 1.8504
Run:01 Epoch: 0006 loss_train: 1.9102 loss_val: 1.9029
Run:01 Epoch: 0007 loss_train: 2.0661 loss_val: 2.0841
Run:01 Epoch: 0008 loss_train: 2.2434 loss_val: 1.8959
Run:01 Epoch: 0009 loss_train: 2.0722 loss_val: 1.8088
Run:01 Epoch: 0010 loss_train: 1.9325 loss_val: 1.7955
Run:01 Epoch: 0011 loss_train: 1.8875 loss_val: 1.7896
Run:01 Epoch: 0012 loss_train: 1.8988 loss_val: 1.8235
Run:01 Epoch: 0013 loss_train: 1.9772 loss_val: 1.9222
Run:01 Epoch: 0014 loss_train: 2.0808 loss_val: 1.8796
Run:01 Epoch: 0015 loss_train: 2.0409 loss_val: 1.7823
Run:01 Epoch: 0016 loss_train: 1.9284 loss_val: 1.7431
Run:01 Epoch: 0017 loss_train: 1.8609 loss_val: 1.7250
Run:01 Epoch: 0018 loss_train: 1.8439 loss_val: 1.7419
Run:01 Epoch: 0019 loss_train: 1.8772 loss_val: 1.7834
Run:01 Epoch: 0020 loss_train: 1.9171 loss_val: 1.7188
Run:01 Epoch: 0021 loss_train: 1.8410 loss_val: 1.6305
Run:01 Epoch: 0022 loss_train: 1.7377 loss_val: 1.6126
Run:01 Epoch: 0023 loss_train: 1.7086 loss_val: 1.5952
Run:01 Epoch: 0024 loss_train: 1.6895 loss_val: 1.5506
Run:01 Epoch: 0025 loss_train: 1.6319 loss_val: 1.4980
Run:01 Epoch: 0026 loss_train: 1.5727 loss_val: 1.4663
Run:01 Epoch: 0027 loss_train: 1.5447 loss_val: 1.4596
Run:01 Epoch: 0028 loss_train: 1.5325 loss_val: 1.3751
Run:01 Epoch: 0029 loss_train: 1.4546 loss_val: 1.3412
Run:01 Epoch: 0030 loss_train: 1.4043 loss_val: 1.2980
Run:01 Epoch: 0031 loss_train: 1.3592 loss_val: 1.2693
Run:01 Epoch: 0032 loss_train: 1.3359 loss_val: 1.2354
Run:01 Epoch: 0033 loss_train: 1.2874 loss_val: 1.1968
Run:01 Epoch: 0034 loss_train: 1.2647 loss_val: 1.1751
Run:01 Epoch: 0035 loss_train: 1.2366 loss_val: 1.1446
Run:01 Epoch: 0036 loss_train: 1.1968 loss_val: 1.1357
Run:01 Epoch: 0037 loss_train: 1.1817 loss_val: 1.1152
Run:01 Epoch: 0038 loss_train: 1.1554 loss_val: 1.0989
Run:01 Epoch: 0039 loss_train: 1.1394 loss_val: 1.0788
Run:01 Epoch: 0040 loss_train: 1.1184 loss_val: 1.0488
Run:01 Epoch: 0041 loss_train: 1.0849 loss_val: 1.0312
Run:01 Epoch: 0042 loss_train: 1.0736 loss_val: 1.0321
Run:01 Epoch: 0043 loss_train: 1.0523 loss_val: 1.0070
Run:01 Epoch: 0044 loss_train: 1.0341 loss_val: 0.9785
Run:01 Epoch: 0045 loss_train: 1.0218 loss_val: 0.9817
Run:01 Epoch: 0046 loss_train: 0.9962 loss_val: 0.9739
Run:01 Epoch: 0047 loss_train: 0.9900 loss_val: 0.9609
Run:01 Epoch: 0048 loss_train: 0.9828 loss_val: 0.9314
Run:01 Epoch: 0049 loss_train: 0.9680 loss_val: 0.9297
Run:01 Epoch: 0050 loss_train: 0.9466 loss_val: 0.9345
Run:01 Epoch: 0051 loss_train: 0.9384 loss_val: 0.9041
Run:01 Epoch: 0052 loss_train: 0.9344 loss_val: 0.8974
Run:01 Epoch: 0053 loss_train: 0.9147 loss_val: 0.8952
Run:01 Epoch: 0054 loss_train: 0.9012 loss_val: 0.8980
Run:01 Epoch: 0055 loss_train: 0.8990 loss_val: 0.8878
Run:01 Epoch: 0056 loss_train: 0.8858 loss_val: 0.8688
Run:01 Epoch: 0057 loss_train: 0.8649 loss_val: 0.8736
Run:01 Epoch: 0058 loss_train: 0.8541 loss_val: 0.8605
Run:01 Epoch: 0059 loss_train: 0.8643 loss_val: 0.8546
Run:01 Epoch: 0060 loss_train: 0.8528 loss_val: 0.8419
Run:01 Epoch: 0061 loss_train: 0.8428 loss_val: 0.8683
Run:01 Epoch: 0062 loss_train: 0.8341 loss_val: 0.8502
Run:01 Epoch: 0063 loss_train: 0.8264 loss_val: 0.8291
Run:01 Epoch: 0064 loss_train: 0.8231 loss_val: 0.8281
Run:01 Epoch: 0065 loss_train: 0.8162 loss_val: 0.8218
Run:01 Epoch: 0066 loss_train: 0.8128 loss_val: 0.8096
Run:01 Epoch: 0067 loss_train: 0.7973 loss_val: 0.8014
Run:01 Epoch: 0068 loss_train: 0.7981 loss_val: 0.8014
Run:01 Epoch: 0069 loss_train: 0.7998 loss_val: 0.8087
Run:01 Epoch: 0070 loss_train: 0.8022 loss_val: 0.7976
Run:01 Epoch: 0071 loss_train: 0.7881 loss_val: 0.7882
Run:01 Epoch: 0072 loss_train: 0.7679 loss_val: 0.7942
Run:01 Epoch: 0073 loss_train: 0.7669 loss_val: 0.7873
Run:01 Epoch: 0074 loss_train: 0.7579 loss_val: 0.7854
Run:01 Epoch: 0075 loss_train: 0.7630 loss_val: 0.7742
Run:01 Epoch: 0076 loss_train: 0.7669 loss_val: 0.7736
Run:01 Epoch: 0077 loss_train: 0.7606 loss_val: 0.7712
Run:01 Epoch: 0078 loss_train: 0.7454 loss_val: 0.7821
Run:01 Epoch: 0079 loss_train: 0.7539 loss_val: 0.7753
Run:01 Epoch: 0080 loss_train: 0.7401 loss_val: 0.7621
Run:01 Epoch: 0081 loss_train: 0.7320 loss_val: 0.7751
Run:01 Epoch: 0082 loss_train: 0.7334 loss_val: 0.7609
Run:01 Epoch: 0083 loss_train: 0.7342 loss_val: 0.7587
Run:01 Epoch: 0084 loss_train: 0.7316 loss_val: 0.7695
Run:01 Epoch: 0085 loss_train: 0.7280 loss_val: 0.7503
Run:01 Epoch: 0086 loss_train: 0.7139 loss_val: 0.7556
Run:01 Epoch: 0087 loss_train: 0.7098 loss_val: 0.7474
Run:01 Epoch: 0088 loss_train: 0.7209 loss_val: 0.7566
Run:01 Epoch: 0089 loss_train: 0.7059 loss_val: 0.7484
Run:01 Epoch: 0090 loss_train: 0.7025 loss_val: 0.7422
Run:01 Epoch: 0091 loss_train: 0.7071 loss_val: 0.7530
Run:01 Epoch: 0092 loss_train: 0.6951 loss_val: 0.7482
Run:01 Epoch: 0093 loss_train: 0.7038 loss_val: 0.7412
Run:01 Epoch: 0094 loss_train: 0.6916 loss_val: 0.7370
Run:01 Epoch: 0095 loss_train: 0.6825 loss_val: 0.7429
Run:01 Epoch: 0096 loss_train: 0.6941 loss_val: 0.7646
Run:01 Epoch: 0097 loss_train: 0.6879 loss_val: 0.7316
Run:01 Epoch: 0098 loss_train: 0.6886 loss_val: 0.7355
Run:01 Epoch: 0099 loss_train: 0.6788 loss_val: 0.7231
Run:01 Epoch: 0100 loss_train: 0.6675 loss_val: 0.7330
Run:01 Epoch: 0101 loss_train: 0.6687 loss_val: 0.7288
Run:01 Epoch: 0102 loss_train: 0.6635 loss_val: 0.7051
Run:01 Epoch: 0103 loss_train: 0.6658 loss_val: 0.7191
Run:01 Epoch: 0104 loss_train: 0.6505 loss_val: 0.7230
Run:01 Epoch: 0105 loss_train: 0.6466 loss_val: 0.6980
Run:01 Epoch: 0106 loss_train: 0.6414 loss_val: 0.7142
Run:01 Epoch: 0107 loss_train: 0.6409 loss_val: 0.7178
Run:01 Epoch: 0108 loss_train: 0.6415 loss_val: 0.7192
Run:01 Epoch: 0109 loss_train: 0.6315 loss_val: 0.7076
Run:01 Epoch: 0110 loss_train: 0.6252 loss_val: 0.7082
Run:01 Epoch: 0111 loss_train: 0.6217 loss_val: 0.7139
Run:01 Epoch: 0112 loss_train: 0.6140 loss_val: 0.7031
Run:01 Epoch: 0113 loss_train: 0.6007 loss_val: 0.7094
Run:01 Epoch: 0114 loss_train: 0.6221 loss_val: 0.7154
Run:01 Epoch: 0115 loss_train: 0.6213 loss_val: 0.7097
Run:01 Epoch: 0116 loss_train: 0.6039 loss_val: 0.6967
Run:01 Epoch: 0117 loss_train: 0.6126 loss_val: 0.6971
Run:01 Epoch: 0118 loss_train: 0.5977 loss_val: 0.7003
Run:01 Epoch: 0119 loss_train: 0.5978 loss_val: 0.7046
Run:01 Epoch: 0120 loss_train: 0.6047 loss_val: 0.6844
Run:01 Epoch: 0121 loss_train: 0.5994 loss_val: 0.6991
Run:01 Epoch: 0122 loss_train: 0.5956 loss_val: 0.6972
Run:01 Epoch: 0123 loss_train: 0.5980 loss_val: 0.6754
Run:01 Epoch: 0124 loss_train: 0.6113 loss_val: 0.7054
Run:01 Epoch: 0125 loss_train: 0.6042 loss_val: 0.6865
Run:01 Epoch: 0126 loss_train: 0.5993 loss_val: 0.6923
Run:01 Epoch: 0127 loss_train: 0.6050 loss_val: 0.7006
Run:01 Epoch: 0128 loss_train: 0.5929 loss_val: 0.6828
Run:01 Epoch: 0129 loss_train: 0.5969 loss_val: 0.6878
Run:01 Epoch: 0130 loss_train: 0.5906 loss_val: 0.6972
Run:01 Epoch: 0131 loss_train: 0.6029 loss_val: 0.6948
Run:01 Epoch: 0132 loss_train: 0.5916 loss_val: 0.7020
Run:01 Epoch: 0133 loss_train: 0.5940 loss_val: 0.6813
Run:01 Epoch: 0134 loss_train: 0.5839 loss_val: 0.6959
Run:01 Epoch: 0135 loss_train: 0.5869 loss_val: 0.7025
Run:01 Epoch: 0136 loss_train: 0.5864 loss_val: 0.6900
Run:01 Epoch: 0137 loss_train: 0.5938 loss_val: 0.7003
Run:01 Epoch: 0138 loss_train: 0.5852 loss_val: 0.6917
Run:01 Epoch: 0139 loss_train: 0.5748 loss_val: 0.6992
Run:01 Epoch: 0140 loss_train: 0.5823 loss_val: 0.7053
Run:01 Epoch: 0141 loss_train: 0.5809 loss_val: 0.6934
Run:01 Epoch: 0142 loss_train: 0.5798 loss_val: 0.6980
Run:01 Epoch: 0143 loss_train: 0.5782 loss_val: 0.7141
Run:01 Epoch: 0144 loss_train: 0.5827 loss_val: 0.6955
Run:01 Epoch: 0145 loss_train: 0.5860 loss_val: 0.6796
Run:01 Epoch: 0146 loss_train: 0.5850 loss_val: 0.7054
Run:01 Epoch: 0147 loss_train: 0.5662 loss_val: 0.7003
Run:01 Epoch: 0148 loss_train: 0.5779 loss_val: 0.6980
Run:01 Epoch: 0149 loss_train: 0.5747 loss_val: 0.6980
Run:01 Epoch: 0150 loss_train: 0.5688 loss_val: 0.6959
Run:01 Epoch: 0151 loss_train: 0.5636 loss_val: 0.6916
Run:01 Epoch: 0152 loss_train: 0.5790 loss_val: 0.6971
Run:01 Epoch: 0153 loss_train: 0.5735 loss_val: 0.6864
Run:01 Epoch: 0154 loss_train: 0.5821 loss_val: 0.6922
Run:01 Epoch: 0155 loss_train: 0.5728 loss_val: 0.6889
Run:01 Epoch: 0156 loss_train: 0.5748 loss_val: 0.6939
Run:01 Epoch: 0157 loss_train: 0.5628 loss_val: 0.6920
Run:01 Epoch: 0158 loss_train: 0.5707 loss_val: 0.7053
Run:01 Epoch: 0159 loss_train: 0.5666 loss_val: 0.6761
Run:01 Epoch: 0160 loss_train: 0.5717 loss_val: 0.6866
Run:01 Epoch: 0161 loss_train: 0.5739 loss_val: 0.7008
Run:01 Epoch: 0162 loss_train: 0.5776 loss_val: 0.6914
Run:01 Epoch: 0163 loss_train: 0.5778 loss_val: 0.6744
Run:01 Epoch: 0164 loss_train: 0.5764 loss_val: 0.6925
Run:01 Epoch: 0165 loss_train: 0.5788 loss_val: 0.6900
Run:01 Epoch: 0166 loss_train: 0.5703 loss_val: 0.6890
Run:01 Epoch: 0167 loss_train: 0.5675 loss_val: 0.6795
Run:01 Epoch: 0168 loss_train: 0.5522 loss_val: 0.6860
Run:01 Epoch: 0169 loss_train: 0.5670 loss_val: 0.6877
Run:01 Epoch: 0170 loss_train: 0.5672 loss_val: 0.7004
Run:01 Epoch: 0171 loss_train: 0.5612 loss_val: 0.6873
Run:01 Epoch: 0172 loss_train: 0.5569 loss_val: 0.6852
Run:01 Epoch: 0173 loss_train: 0.5670 loss_val: 0.6977
Run:01 Epoch: 0174 loss_train: 0.5744 loss_val: 0.6867
Run:01 Epoch: 0175 loss_train: 0.5600 loss_val: 0.6908
Run:01 Epoch: 0176 loss_train: 0.5681 loss_val: 0.6924
Run:01 Epoch: 0177 loss_train: 0.5595 loss_val: 0.6788
Run:01 Epoch: 0178 loss_train: 0.5588 loss_val: 0.6959
Run:01 Epoch: 0179 loss_train: 0.5626 loss_val: 0.6868
Run:01 Epoch: 0180 loss_train: 0.5701 loss_val: 0.6872
Run:01 Epoch: 0181 loss_train: 0.5607 loss_val: 0.6848
Run:01 Epoch: 0182 loss_train: 0.5487 loss_val: 0.6802
Run:01 Epoch: 0183 loss_train: 0.5639 loss_val: 0.6801
Run:01 Epoch: 0184 loss_train: 0.5506 loss_val: 0.6888
Run:01 Epoch: 0185 loss_train: 0.5647 loss_val: 0.6766
Run:01 Epoch: 0186 loss_train: 0.5521 loss_val: 0.6878
Run:01 Epoch: 0187 loss_train: 0.5643 loss_val: 0.6989
Run:01 Epoch: 0188 loss_train: 0.5649 loss_val: 0.6751
Run:01 Epoch: 0189 loss_train: 0.5584 loss_val: 0.6952
Run:01 Epoch: 0190 loss_train: 0.5580 loss_val: 0.6732
Run:01 Epoch: 0191 loss_train: 0.5639 loss_val: 0.6801
Run:01 Epoch: 0192 loss_train: 0.5586 loss_val: 0.6846
Run:01 Epoch: 0193 loss_train: 0.5707 loss_val: 0.6845
Run:01 Epoch: 0194 loss_train: 0.5576 loss_val: 0.7018
Run:01 Epoch: 0195 loss_train: 0.5630 loss_val: 0.6890
Run:01 Epoch: 0196 loss_train: 0.5533 loss_val: 0.6893
Run:01 Epoch: 0197 loss_train: 0.5474 loss_val: 0.6931
Run:01 Epoch: 0198 loss_train: 0.5469 loss_val: 0.6836
Run:01 Epoch: 0199 loss_train: 0.5528 loss_val: 0.6882
Run:01 Epoch: 0200 loss_train: 0.5659 loss_val: 0.6814
Run:01 Epoch: 0201 loss_train: 0.5528 loss_val: 0.6821
Run:01 Epoch: 0202 loss_train: 0.5504 loss_val: 0.6856
Run:01 Epoch: 0203 loss_train: 0.5559 loss_val: 0.6982
Run:01 Epoch: 0204 loss_train: 0.5485 loss_val: 0.6837
Run:01 Epoch: 0205 loss_train: 0.5505 loss_val: 0.6914
Run:01 Epoch: 0206 loss_train: 0.5554 loss_val: 0.6824
Run:01 Epoch: 0207 loss_train: 0.5518 loss_val: 0.6873
Run:01 Epoch: 0208 loss_train: 0.5623 loss_val: 0.6967
Run:01 Epoch: 0209 loss_train: 0.5578 loss_val: 0.6901
Run:01 Epoch: 0210 loss_train: 0.5608 loss_val: 0.6819
Run:01 Epoch: 0211 loss_train: 0.5651 loss_val: 0.6945
Run:01 Epoch: 0212 loss_train: 0.5528 loss_val: 0.6967
Run:01 Epoch: 0213 loss_train: 0.5610 loss_val: 0.6867
Run:01 Epoch: 0214 loss_train: 0.5563 loss_val: 0.6868
Run:01 Epoch: 0215 loss_train: 0.5550 loss_val: 0.6966
Run:01 Epoch: 0216 loss_train: 0.5521 loss_val: 0.6799
Run:01 Epoch: 0217 loss_train: 0.5496 loss_val: 0.6802
Run:01 Epoch: 0218 loss_train: 0.5502 loss_val: 0.6920
Run:01 Epoch: 0219 loss_train: 0.5483 loss_val: 0.6922
Run:01 Epoch: 0220 loss_train: 0.5508 loss_val: 0.6823
Run:01 Epoch: 0221 loss_train: 0.5468 loss_val: 0.6896
Run:01 Epoch: 0222 loss_train: 0.5665 loss_val: 0.6896
Run:01 Epoch: 0223 loss_train: 0.5578 loss_val: 0.6993
Run:01 Epoch: 0224 loss_train: 0.5554 loss_val: 0.6897
Run:01 Epoch: 0225 loss_train: 0.5605 loss_val: 0.6906
Run:01 Epoch: 0226 loss_train: 0.5548 loss_val: 0.6972
Run:01 Epoch: 0227 loss_train: 0.5537 loss_val: 0.6826
Run:01 Epoch: 0228 loss_train: 0.5503 loss_val: 0.6874
Run:01 Epoch: 0229 loss_train: 0.5558 loss_val: 0.6907
Run:01 Epoch: 0230 loss_train: 0.5593 loss_val: 0.6885
Run:01 Epoch: 0231 loss_train: 0.5474 loss_val: 0.6790
Run:01 Epoch: 0232 loss_train: 0.5546 loss_val: 0.6874
Run:01 Epoch: 0233 loss_train: 0.5574 loss_val: 0.6856
Run:01 Epoch: 0234 loss_train: 0.5557 loss_val: 0.6895
Run:01 Epoch: 0235 loss_train: 0.5644 loss_val: 0.6878
Run:01 Epoch: 0236 loss_train: 0.5689 loss_val: 0.6844
Run:01 Epoch: 0237 loss_train: 0.5549 loss_val: 0.6919
Run:01 Epoch: 0238 loss_train: 0.5552 loss_val: 0.6849
Run:01 Epoch: 0239 loss_train: 0.5496 loss_val: 0.6952
Run:01 Epoch: 0240 loss_train: 0.5553 loss_val: 0.6838
Run:01 Epoch: 0241 loss_train: 0.5509 loss_val: 0.6935
Run:01 Epoch: 0242 loss_train: 0.5542 loss_val: 0.7036
Run:01 Epoch: 0243 loss_train: 0.5545 loss_val: 0.6800
Run:01 Epoch: 0244 loss_train: 0.5421 loss_val: 0.6831
Run:01 Epoch: 0245 loss_train: 0.5463 loss_val: 0.6797
Run:01 Epoch: 0246 loss_train: 0.5460 loss_val: 0.6839
Run:01 Epoch: 0247 loss_train: 0.5577 loss_val: 0.6862
Run:01 Epoch: 0248 loss_train: 0.5395 loss_val: 0.6866
Run:01 Epoch: 0249 loss_train: 0.5480 loss_val: 0.6913
Run:01 Epoch: 0250 loss_train: 0.5437 loss_val: 0.6977
Run:01 Epoch: 0251 loss_train: 0.5510 loss_val: 0.6802
Run:01 Epoch: 0252 loss_train: 0.5524 loss_val: 0.6857
Run:01 Epoch: 0253 loss_train: 0.5458 loss_val: 0.6857
Run:01 Epoch: 0254 loss_train: 0.5484 loss_val: 0.6946
Run:01 Epoch: 0255 loss_train: 0.5511 loss_val: 0.6943
Run:01 Epoch: 0256 loss_train: 0.5569 loss_val: 0.6898
Run:01 Epoch: 0257 loss_train: 0.5508 loss_val: 0.6913
Run:01 Epoch: 0258 loss_train: 0.5555 loss_val: 0.6840
Run:01 Epoch: 0259 loss_train: 0.5426 loss_val: 0.6853
Run:01 Epoch: 0260 loss_train: 0.5420 loss_val: 0.6805
Run:01 Epoch: 0261 loss_train: 0.5505 loss_val: 0.6888
Run:01 Epoch: 0262 loss_train: 0.5591 loss_val: 0.6822
Run:01 Epoch: 0263 loss_train: 0.5437 loss_val: 0.6744
Run:01 Epoch: 0264 loss_train: 0.5509 loss_val: 0.6827
Run:01 Epoch: 0265 loss_train: 0.5538 loss_val: 0.6851
Run:01 Epoch: 0266 loss_train: 0.5447 loss_val: 0.6853
Run:01 Epoch: 0267 loss_train: 0.5517 loss_val: 0.6753
Run:01 Epoch: 0268 loss_train: 0.5599 loss_val: 0.6830
Run:01 Epoch: 0269 loss_train: 0.5463 loss_val: 0.6950
Run:01 Epoch: 0270 loss_train: 0.5498 loss_val: 0.6787
Run:01 Epoch: 0271 loss_train: 0.5579 loss_val: 0.6838
Run:01 Epoch: 0272 loss_train: 0.5593 loss_val: 0.6806
Run:01 Epoch: 0273 loss_train: 0.5548 loss_val: 0.6785
Run:01 Epoch: 0274 loss_train: 0.5504 loss_val: 0.6788
Run:01 Epoch: 0275 loss_train: 0.5495 loss_val: 0.6836
Run:01 Epoch: 0276 loss_train: 0.5540 loss_val: 0.6943
Run:01 Epoch: 0277 loss_train: 0.5544 loss_val: 0.6904
Run:01 Epoch: 0278 loss_train: 0.5532 loss_val: 0.6960
Run:01 Epoch: 0279 loss_train: 0.5567 loss_val: 0.6888
Run:01 Epoch: 0280 loss_train: 0.5558 loss_val: 0.6874
Run:01 Epoch: 0281 loss_train: 0.5534 loss_val: 0.6909
Run:01 Epoch: 0282 loss_train: 0.5562 loss_val: 0.6867
Run:01 Epoch: 0283 loss_train: 0.5681 loss_val: 0.6978
Run:01 Epoch: 0284 loss_train: 0.5618 loss_val: 0.6965
Run:01 Epoch: 0285 loss_train: 0.5486 loss_val: 0.6792
Run:01 Epoch: 0286 loss_train: 0.5507 loss_val: 0.6920
Run:01 Epoch: 0287 loss_train: 0.5568 loss_val: 0.6834
Run:01 Epoch: 0288 loss_train: 0.5540 loss_val: 0.6913
Run:01 Epoch: 0289 loss_train: 0.5378 loss_val: 0.6864
Run:01 Epoch: 0290 loss_train: 0.5393 loss_val: 0.6790
Run:01 Epoch: 0291 loss_train: 0.5545 loss_val: 0.6921
Run:01 Epoch: 0292 loss_train: 0.5426 loss_val: 0.6914
Run:01 Epoch: 0293 loss_train: 0.5494 loss_val: 0.6828
Run:01 Epoch: 0294 loss_train: 0.5602 loss_val: 0.6796
Run:01 Epoch: 0295 loss_train: 0.5692 loss_val: 0.6955
Run:01 Epoch: 0296 loss_train: 0.5464 loss_val: 0.6996
Run:01 Epoch: 0297 loss_train: 0.5556 loss_val: 0.6971
Run:01 Epoch: 0298 /usr/local/miniconda3/envs/hy/lib/python3.8/site-packages/torch/nn/functional.py:1967: UserWarning: nn.functional.sigmoid is deprecated. Use torch.sigmoid instead.
  warnings.warn("nn.functional.sigmoid is deprecated. Use torch.sigmoid instead.")
Run Train:  33%|██████████████████████████████████████▎                                                                            | 1/3 [1:35:34<3:11:09, 5734.53s/it]loss_train: 0.5547 loss_val: 0.6901
Run:01 Epoch: 0299 loss_train: 0.5434 loss_val: 0.6810
Run:01 Epoch: 0300 loss_train: 0.5342 loss_val: 0.6881
Run:01 Epoch: 0301 loss_train: 0.5485 loss_val: 0.6761
Run:01 Epoch: 0302 loss_train: 0.5470 loss_val: 0.6880
Run:01 Epoch: 0303 loss_train: 0.5422 loss_val: 0.6911
Run:01 Epoch: 0304 loss_train: 0.5537 loss_val: 0.6809
Run:01 Epoch: 0305 loss_train: 0.5403 loss_val: 0.6813
Run:01 Epoch: 0306 loss_train: 0.5566 loss_val: 0.6978
Run:01 Epoch: 0307 loss_train: 0.5412 loss_val: 0.6833
Run:01 Epoch: 0308 loss_train: 0.5444 loss_val: 0.6869
Run:01 Epoch: 0309 loss_train: 0.5503 loss_val: 0.6805
Run:01 Epoch: 0310 loss_train: 0.5547 loss_val: 0.6889
Run:01 Epoch: 0311 loss_train: 0.5509 loss_val: 0.6849
Run:01 Epoch: 0312 loss_train: 0.5480 loss_val: 0.6886
Run:01 Epoch: 0313 loss_train: 0.5631 loss_val: 0.6882
Run:01 Epoch: 0314 loss_train: 0.5504 loss_val: 0.6941
Run:01 Epoch: 0315 loss_train: 0.5409 loss_val: 0.6850
Run:01 Epoch: 0316 loss_train: 0.5556 loss_val: 0.6989
Run:01 Epoch: 0317 loss_train: 0.5635 loss_val: 0.6936
Run:01 Epoch: 0318 loss_train: 0.5563 loss_val: 0.6909
Run:01 Epoch: 0319 loss_train: 0.5392 loss_val: 0.7081
Run:01 Epoch: 0320 loss_train: 0.5515 loss_val: 0.6889
Run:01 Epoch: 0321 loss_train: 0.5541 loss_val: 0.7013
Run:01 Epoch: 0322 loss_train: 0.5603 loss_val: 0.6994
Run:01 Epoch: 0323 loss_train: 0.5474 loss_val: 0.6862
Run:01 Epoch: 0324 loss_train: 0.5392 loss_val: 0.6860
Run:01 Epoch: 0325 loss_train: 0.5583 loss_val: 0.6816
Run:01 Epoch: 0326 loss_train: 0.5351 loss_val: 0.6923
Run:01 Epoch: 0327 loss_train: 0.5516 loss_val: 0.7036
Run:01 Epoch: 0328 loss_train: 0.5479 loss_val: 0.6834
Run:01 Epoch: 0329 loss_train: 0.5526 loss_val: 0.6984
Run:01 Epoch: 0330 loss_train: 0.5535 loss_val: 0.6892
Run:01 Epoch: 0331 loss_train: 0.5543 loss_val: 0.6898
Run:01 Epoch: 0332 loss_train: 0.5344 loss_val: 0.6805
Run:01 Epoch: 0333 loss_train: 0.5475 loss_val: 0.6852
Run:01 Epoch: 0334 loss_train: 0.5496 loss_val: 0.6810
Run:01 Epoch: 0335 loss_train: 0.5557 loss_val: 0.6867
Run:01 Epoch: 0336 loss_train: 0.5494 loss_val: 0.6867
Run:01 Epoch: 0337 loss_train: 0.5625 loss_val: 0.6869
Run:01 Epoch: 0338 loss_train: 0.5574 loss_val: 0.6896
Run:01 Epoch: 0339 loss_train: 0.5488 loss_val: 0.6887
Run:01 Epoch: 0340 loss_train: 0.5460 loss_val: 0.6956
Run:01 Epoch: 0341 loss_train: 0.5382 loss_val: 0.6817
Run:01 Epoch: 0342 loss_train: 0.5504 loss_val: 0.6959
Run:01 Epoch: 0343 loss_train: 0.5558 loss_val: 0.6823
Run:01 Epoch: 0344 loss_train: 0.5481 loss_val: 0.6806
Run:01 Epoch: 0345 loss_train: 0.5463 loss_val: 0.6974
Run:01 Epoch: 0346 loss_train: 0.5535 loss_val: 0.6779
Run:01 Epoch: 0347 loss_train: 0.5518 loss_val: 0.6886
Run:01 Epoch: 0348 loss_train: 0.5545 loss_val: 0.6908
Run:01 Epoch: 0349 loss_train: 0.5520 loss_val: 0.6863
Run:01 Epoch: 0350 loss_train: 0.5435 loss_val: 0.6926
Run:01 Epoch: 0351 loss_train: 0.5407 loss_val: 0.6893
Run:01 Epoch: 0352 loss_train: 0.5503 loss_val: 0.6957
Run:01 Epoch: 0353 loss_train: 0.5538 loss_val: 0.6925
Run:01 Epoch: 0354 loss_train: 0.5552 loss_val: 0.6722
Run:01 Epoch: 0355 loss_train: 0.5358 loss_val: 0.6906
Run:01 Epoch: 0356 loss_train: 0.5461 loss_val: 0.6895
Run:01 Epoch: 0357 loss_train: 0.5572 loss_val: 0.6876
Run:01 Epoch: 0358 loss_train: 0.5469 loss_val: 0.6973
Run:01 Epoch: 0359 loss_train: 0.5477 loss_val: 0.6814
Run:01 Epoch: 0360 loss_train: 0.5472 loss_val: 0.6865
Run:01 Epoch: 0361 loss_train: 0.5440 loss_val: 0.6919
Run:01 Epoch: 0362 loss_train: 0.5450 loss_val: 0.6877
Run:01 Epoch: 0363 loss_train: 0.5472 loss_val: 0.6916
Run:01 Epoch: 0364 loss_train: 0.5457 loss_val: 0.7013
Run:01 Epoch: 0365 loss_train: 0.5585 loss_val: 0.6876
Run:01 Epoch: 0366 loss_train: 0.5497 loss_val: 0.6837
Run:01 Epoch: 0367 loss_train: 0.5501 loss_val: 0.6934
Run:01 Epoch: 0368 loss_train: 0.5477 loss_val: 0.6968
Run:01 Epoch: 0369 loss_train: 0.5531 loss_val: 0.6752
Run:01 Epoch: 0370 loss_train: 0.5502 loss_val: 0.6973
Run:01 Epoch: 0371 loss_train: 0.5471 loss_val: 0.6938
Run:01 Epoch: 0372 loss_train: 0.5451 loss_val: 0.6913
Run:01 Epoch: 0373 loss_train: 0.5515 loss_val: 0.6768
Run:01 Epoch: 0374 loss_train: 0.5535 loss_val: 0.6946
Run:01 Epoch: 0375 loss_train: 0.5254 loss_val: 0.6883
Run:01 Epoch: 0376 loss_train: 0.5428 loss_val: 0.6798
Run:01 Epoch: 0377 loss_train: 0.5464 loss_val: 0.7022
Run:01 Epoch: 0378 loss_train: 0.5645 loss_val: 0.6848
Run:01 Epoch: 0379 loss_train: 0.5472 loss_val: 0.6778
Run:01 Epoch: 0380 loss_train: 0.5439 loss_val: 0.6798
Run:01 Epoch: 0381 loss_train: 0.5476 loss_val: 0.6868
Run:01 Epoch: 0382 loss_train: 0.5475 loss_val: 0.6884
Run:01 Epoch: 0383 loss_train: 0.5484 loss_val: 0.6825
Run:01 Epoch: 0384 loss_train: 0.5545 loss_val: 0.6905
Run:01 Epoch: 0385 loss_train: 0.5408 loss_val: 0.6819
Run:01 Epoch: 0386 loss_train: 0.5445 loss_val: 0.6758
Run:01 Epoch: 0387 loss_train: 0.5398 loss_val: 0.6770
Run:01 Epoch: 0388 loss_train: 0.5560 loss_val: 0.6793
Run:01 Epoch: 0389 loss_train: 0.5456 loss_val: 0.6947
Run:01 Epoch: 0390 loss_train: 0.5494 loss_val: 0.6672
Run:01 Epoch: 0391 loss_train: 0.5457 loss_val: 0.6732
Run:01 Epoch: 0392 loss_train: 0.5407 loss_val: 0.6879
Run:01 Epoch: 0393 loss_train: 0.5528 loss_val: 0.6960
Run:01 Epoch: 0394 loss_train: 0.5415 loss_val: 0.6833
Run:01 Epoch: 0395 loss_train: 0.5455 loss_val: 0.6772
Run:01 Epoch: 0396 loss_train: 0.5364 loss_val: 0.6932
Run:01 Epoch: 0397 loss_train: 0.5441 loss_val: 0.6917
Run:01 Epoch: 0398 loss_train: 0.5493 loss_val: 0.6850
Run:01 Epoch: 0399 loss_train: 0.5474 loss_val: 0.6827
Run:01 Epoch: 0400 loss_train: 0.5423 loss_val: 0.6983
Run:02 Epoch: 0001 loss_train: 1.9431 loss_val: 1.9975
Run:02 Epoch: 0002 loss_train: 2.0334 loss_val: 1.9470
Run:02 Epoch: 0003 loss_train: 2.0194 loss_val: 1.8454
Run:02 Epoch: 0004 loss_train: 1.9669 loss_val: 1.9502
Run:02 Epoch: 0005 loss_train: 2.1233 loss_val: 1.8498
Run:02 Epoch: 0006 loss_train: 2.0144 loss_val: 1.8366
Run:02 Epoch: 0007 loss_train: 1.9978 loss_val: 1.9136
Run:02 Epoch: 0008 loss_train: 2.0640 loss_val: 1.7491
Run:02 Epoch: 0009 loss_train: 1.8413 loss_val: 1.7655
Run:02 Epoch: 0010 loss_train: 1.8980 loss_val: 1.9331
Run:02 Epoch: 0011 loss_train: 2.0580 loss_val: 1.6891
Run:02 Epoch: 0012 loss_train: 1.7772 loss_val: 1.6735
Run:02 Epoch: 0013 loss_train: 1.7270 loss_val: 1.6526
Run:02 Epoch: 0014 loss_train: 1.7351 loss_val: 1.7309
Run:02 Epoch: 0015 loss_train: 1.8384 loss_val: 1.6680
Run:02 Epoch: 0016 loss_train: 1.7651 loss_val: 1.5687
Run:02 Epoch: 0017 loss_train: 1.6318 loss_val: 1.5469
Run:02 Epoch: 0018 loss_train: 1.5929 loss_val: 1.5244
Run:02 Epoch: 0019 loss_train: 1.5804 loss_val: 1.5226
Run:02 Epoch: 0020 loss_train: 1.5623 loss_val: 1.4576
Run:02 Epoch: 0021 loss_train: 1.4892 loss_val: 1.3788
Run:02 Epoch: 0022 loss_train: 1.4079 loss_val: 1.3387
Run:02 Epoch: 0023 loss_train: 1.3745 loss_val: 1.2953
Run:02 Epoch: 0024 loss_train: 1.3155 loss_val: 1.2789
Run:02 Epoch: 0025 loss_train: 1.2820 loss_val: 1.2463
Run:02 Epoch: 0026 loss_train: 1.2473 loss_val: 1.1736
Run:02 Epoch: 0027 loss_train: 1.1789 loss_val: 1.1356
Run:02 Epoch: 0028 loss_train: 1.1493 loss_val: 1.1200
Run:02 Epoch: 0029 loss_train: 1.1174 loss_val: 1.1075
Run:02 Epoch: 0030 loss_train: 1.0913 loss_val: 1.0599
Run:02 Epoch: 0031 loss_train: 1.0609 loss_val: 1.0480
Run:02 Epoch: 0032 loss_train: 1.0229 loss_val: 1.0084
Run:02 Epoch: 0033 loss_train: 0.9941 loss_val: 0.9981
Run:02 Epoch: 0034 loss_train: 0.9658 loss_val: 0.9809
Run:02 Epoch: 0035 loss_train: 0.9506 loss_val: 0.9601
Run:02 Epoch: 0036 loss_train: 0.9379 loss_val: 0.9467
Run:02 Epoch: 0037 loss_train: 0.9170 loss_val: 0.9288
Run:02 Epoch: 0038 loss_train: 0.8918 loss_val: 0.9170
Run:02 Epoch: 0039 loss_train: 0.8775 loss_val: 0.9115
Run:02 Epoch: 0040 loss_train: 0.8593 loss_val: 0.8912
Run:02 Epoch: 0041 loss_train: 0.8400 loss_val: 0.8914
Run:02 Epoch: 0042 loss_train: 0.8236 loss_val: 0.8808
Run:02 Epoch: 0043 loss_train: 0.8114 loss_val: 0.8546
Run:02 Epoch: 0044 loss_train: 0.7953 loss_val: 0.8540
Run:02 Epoch: 0045 loss_train: 0.7758 loss_val: 0.8546
Run:02 Epoch: 0046 loss_train: 0.7734 loss_val: 0.8568
Run:02 Epoch: 0047 loss_train: 0.7595 loss_val: 0.8429
Run:02 Epoch: 0048 loss_train: 0.7429 loss_val: 0.8172
Run:02 Epoch: 0049 loss_train: 0.7232 loss_val: 0.8133
Run:02 Epoch: 0050 loss_train: 0.7231 loss_val: 0.8081
Run:02 Epoch: 0051 loss_train: 0.7103 loss_val: 0.8062
Run:02 Epoch: 0052 loss_train: 0.6894 loss_val: 0.8030
Run:02 Epoch: 0053 loss_train: 0.6854 loss_val: 0.7802
Run:02 Epoch: 0054 loss_train: 0.6720 loss_val: 0.7707
Run:02 Epoch: 0055 loss_train: 0.6647 loss_val: 0.7808
Run:02 Epoch: 0056 loss_train: 0.6531 loss_val: 0.7669
Run:02 Epoch: 0057 loss_train: 0.6394 loss_val: 0.7687
Run:02 Epoch: 0058 loss_train: 0.6315 loss_val: 0.7646
Run:02 Epoch: 0059 loss_train: 0.6177 loss_val: 0.7576
Run:02 Epoch: 0060 loss_train: 0.6235 loss_val: 0.7670
Run:02 Epoch: 0061 loss_train: 0.6113 loss_val: 0.7480
Run:02 Epoch: 0062 loss_train: 0.5869 loss_val: 0.7288
Run:02 Epoch: 0063 loss_train: 0.5883 loss_val: 0.7433
Run:02 Epoch: 0064 loss_train: 0.5868 loss_val: 0.7403
Run:02 Epoch: 0065 loss_train: 0.5738 loss_val: 0.7233
Run:02 Epoch: 0066 loss_train: 0.5692 loss_val: 0.7165
Run:02 Epoch: 0067 loss_train: 0.5616 loss_val: 0.7281
Run:02 Epoch: 0068 loss_train: 0.5640 loss_val: 0.7265
Run:02 Epoch: 0069 loss_train: 0.5536 loss_val: 0.7127
Run:02 Epoch: 0070 loss_train: 0.5438 loss_val: 0.7260
Run:02 Epoch: 0071 loss_train: 0.5352 loss_val: 0.6988
Run:02 Epoch: 0072 loss_train: 0.5261 loss_val: 0.7107
Run:02 Epoch: 0073 loss_train: 0.5344 loss_val: 0.7012
Run:02 Epoch: 0074 loss_train: 0.5217 loss_val: 0.6916
Run:02 Epoch: 0075 loss_train: 0.5191 loss_val: 0.6978
Run:02 Epoch: 0076 loss_train: 0.5199 loss_val: 0.6973
Run:02 Epoch: 0077 loss_train: 0.5121 loss_val: 0.6829
Run:02 Epoch: 0078 loss_train: 0.5018 loss_val: 0.6894
Run:02 Epoch: 0079 loss_train: 0.5070 loss_val: 0.6974
Run:02 Epoch: 0080 loss_train: 0.5032 loss_val: 0.6932
Run:02 Epoch: 0081 loss_train: 0.4922 loss_val: 0.6928
Run:02 Epoch: 0082 loss_train: 0.5065 loss_val: 0.6834
Run:02 Epoch: 0083 loss_train: 0.4873 loss_val: 0.6758
Run:02 Epoch: 0084 loss_train: 0.4934 loss_val: 0.6828
Run:02 Epoch: 0085 loss_train: 0.4872 loss_val: 0.6868
Run:02 Epoch: 0086 loss_train: 0.4889 loss_val: 0.6811
Run:02 Epoch: 0087 loss_train: 0.4913 loss_val: 0.6863
Run:02 Epoch: 0088 loss_train: 0.4831 loss_val: 0.6967
Run:02 Epoch: 0089 loss_train: 0.4792 loss_val: 0.6744
Run:02 Epoch: 0090 loss_train: 0.4811 loss_val: 0.6838
Run:02 Epoch: 0091 loss_train: 0.4819 loss_val: 0.6803
Run:02 Epoch: 0092 loss_train: 0.4757 loss_val: 0.6722
Run:02 Epoch: 0093 loss_train: 0.4735 loss_val: 0.6915
Run:02 Epoch: 0094 loss_train: 0.4668 loss_val: 0.6774
Run:02 Epoch: 0095 loss_train: 0.4768 loss_val: 0.6762
Run:02 Epoch: 0096 loss_train: 0.4725 loss_val: 0.6944
Run:02 Epoch: 0097 loss_train: 0.4680 loss_val: 0.6776
Run:02 Epoch: 0098 loss_train: 0.4592 loss_val: 0.6737
Run:02 Epoch: 0099 loss_train: 0.4665 loss_val: 0.6802
Run:02 Epoch: 0100 loss_train: 0.4697 loss_val: 0.6706
Run:02 Epoch: 0101 loss_train: 0.4540 loss_val: 0.6647
Run:02 Epoch: 0102 loss_train: 0.4668 loss_val: 0.6730
Run:02 Epoch: 0103 loss_train: 0.4549 loss_val: 0.6677
Run:02 Epoch: 0104 loss_train: 0.4631 loss_val: 0.6739
Run:02 Epoch: 0105 loss_train: 0.4607 loss_val: 0.6776
Run:02 Epoch: 0106 loss_train: 0.4446 loss_val: 0.6731
Run:02 Epoch: 0107 loss_train: 0.4536 loss_val: 0.6701
Run:02 Epoch: 0108 loss_train: 0.4545 loss_val: 0.6755
Run:02 Epoch: 0109 loss_train: 0.4575 loss_val: 0.6705
Run:02 Epoch: 0110 loss_train: 0.4562 loss_val: 0.6817
Run:02 Epoch: 0111 loss_train: 0.4514 loss_val: 0.6829
Run:02 Epoch: 0112 loss_train: 0.4679 loss_val: 0.6754
Run:02 Epoch: 0113 loss_train: 0.4462 loss_val: 0.6846
Run:02 Epoch: 0114 loss_train: 0.4428 loss_val: 0.6669
Run:02 Epoch: 0115 loss_train: 0.4484 loss_val: 0.6801
Run:02 Epoch: 0116 loss_train: 0.4462 loss_val: 0.6851
Run:02 Epoch: 0117 loss_train: 0.4497 loss_val: 0.6754
Run:02 Epoch: 0118 loss_train: 0.4520 loss_val: 0.6749
Run:02 Epoch: 0119 loss_train: 0.4483 loss_val: 0.6877
Run:02 Epoch: 0120 loss_train: 0.4546 loss_val: 0.6773
Run:02 Epoch: 0121 loss_train: 0.4556 loss_val: 0.6686
Run:02 Epoch: 0122 loss_train: 0.4512 loss_val: 0.6774
Run:02 Epoch: 0123 loss_train: 0.4488 loss_val: 0.6842
Run:02 Epoch: 0124 loss_train: 0.4401 loss_val: 0.6728
Run:02 Epoch: 0125 loss_train: 0.4493 loss_val: 0.6697
Run:02 Epoch: 0126 loss_train: 0.4495 loss_val: 0.6825
Run:02 Epoch: 0127 loss_train: 0.4386 loss_val: 0.6893
Run:02 Epoch: 0128 loss_train: 0.4555 loss_val: 0.6731
Run:02 Epoch: 0129 loss_train: 0.4432 loss_val: 0.6654
Run:02 Epoch: 0130 loss_train: 0.4401 loss_val: 0.6797
Run:02 Epoch: 0131 loss_train: 0.4335 loss_val: 0.6696
Run:02 Epoch: 0132 loss_train: 0.4565 loss_val: 0.6838
Run:02 Epoch: 0133 loss_train: 0.4430 loss_val: 0.6673
Run:02 Epoch: 0134 loss_train: 0.4518 loss_val: 0.6604
Run:02 Epoch: 0135 loss_train: 0.4432 loss_val: 0.6650
Run:02 Epoch: 0136 loss_train: 0.4449 loss_val: 0.6668
Run:02 Epoch: 0137 loss_train: 0.4497 loss_val: 0.6574
Run:02 Epoch: 0138 loss_train: 0.4416 loss_val: 0.6607
Run:02 Epoch: 0139 loss_train: 0.4288 loss_val: 0.6710
Run:02 Epoch: 0140 loss_train: 0.4454 loss_val: 0.6578
Run:02 Epoch: 0141 loss_train: 0.4539 loss_val: 0.6775
Run:02 Epoch: 0142 loss_train: 0.4441 loss_val: 0.6603
Run:02 Epoch: 0143 loss_train: 0.4410 loss_val: 0.6612
Run:02 Epoch: 0144 loss_train: 0.4433 loss_val: 0.6750
Run:02 Epoch: 0145 loss_train: 0.4521 loss_val: 0.6690
Run:02 Epoch: 0146 loss_train: 0.4374 loss_val: 0.6740
Run:02 Epoch: 0147 loss_train: 0.4387 loss_val: 0.6714
Run:02 Epoch: 0148 loss_train: 0.4437 loss_val: 0.6584
Run:02 Epoch: 0149 loss_train: 0.4343 loss_val: 0.6676
Run:02 Epoch: 0150 loss_train: 0.4362 loss_val: 0.6635
Run:02 Epoch: 0151 loss_train: 0.4401 loss_val: 0.6734
Run:02 Epoch: 0152 loss_train: 0.4425 loss_val: 0.6768
Run:02 Epoch: 0153 loss_train: 0.4391 loss_val: 0.6642
Run:02 Epoch: 0154 loss_train: 0.4355 loss_val: 0.6571
Run:02 Epoch: 0155 loss_train: 0.4366 loss_val: 0.6802
Run:02 Epoch: 0156 loss_train: 0.4381 loss_val: 0.6777
Run:02 Epoch: 0157 loss_train: 0.4331 loss_val: 0.6741
Run:02 Epoch: 0158 loss_train: 0.4379 loss_val: 0.6741
Run:02 Epoch: 0159 loss_train: 0.4295 loss_val: 0.6793
Run:02 Epoch: 0160 loss_train: 0.4441 loss_val: 0.6721
Run:02 Epoch: 0161 loss_train: 0.4358 loss_val: 0.6765
Run:02 Epoch: 0162 loss_train: 0.4386 loss_val: 0.6794
Run:02 Epoch: 0163 loss_train: 0.4355 loss_val: 0.6792
Run:02 Epoch: 0164 loss_train: 0.4297 loss_val: 0.6715
Run:02 Epoch: 0165 loss_train: 0.4391 loss_val: 0.6673
Run:02 Epoch: 0166 loss_train: 0.4403 loss_val: 0.6647
Run:02 Epoch: 0167 loss_train: 0.4348 loss_val: 0.6900
Run:02 Epoch: 0168 loss_train: 0.4444 loss_val: 0.6710
Run:02 Epoch: 0169 loss_train: 0.4436 loss_val: 0.6762
Run:02 Epoch: 0170 loss_train: 0.4365 loss_val: 0.6587
Run:02 Epoch: 0171 loss_train: 0.4293 loss_val: 0.6762
Run:02 Epoch: 0172 loss_train: 0.4362 loss_val: 0.6605
Run:02 Epoch: 0173 loss_train: 0.4478 loss_val: 0.6620
Run:02 Epoch: 0174 loss_train: 0.4306 loss_val: 0.6677
Run:02 Epoch: 0175 loss_train: 0.4397 loss_val: 0.6775
Run:02 Epoch: 0176 loss_train: 0.4485 loss_val: 0.6722
Run:02 Epoch: 0177 loss_train: 0.4357 loss_val: 0.6760
Run:02 Epoch: 0178 loss_train: 0.4377 loss_val: 0.6807
Run:02 Epoch: 0179 loss_train: 0.4346 loss_val: 0.6661
Run:02 Epoch: 0180 loss_train: 0.4312 loss_val: 0.6687
Run:02 Epoch: 0181 loss_train: 0.4299 loss_val: 0.6709
Run:02 Epoch: 0182 loss_train: 0.4414 loss_val: 0.6679
Run:02 Epoch: 0183 loss_train: 0.4296 loss_val: 0.6781
Run:02 Epoch: 0184 loss_train: 0.4300 loss_val: 0.6690
Run:02 Epoch: 0185 loss_train: 0.4253 loss_val: 0.6683
Run:02 Epoch: 0186 loss_train: 0.4366 loss_val: 0.6655
Run:02 Epoch: 0187 loss_train: 0.4417 loss_val: 0.6677
Run:02 Epoch: 0188 loss_train: 0.4325 loss_val: 0.6580
Run:02 Epoch: 0189 loss_train: 0.4366 loss_val: 0.6741
Run:02 Epoch: 0190 loss_train: 0.4377 loss_val: 0.6720
Run:02 Epoch: 0191 loss_train: 0.4473 loss_val: 0.6626
Run:02 Epoch: 0192 loss_train: 0.4364 loss_val: 0.6768
Run:02 Epoch: 0193 loss_train: 0.4251 loss_val: 0.6717
Run:02 Epoch: 0194 loss_train: 0.4290 loss_val: 0.6651
Run:02 Epoch: 0195 loss_train: 0.4348 loss_val: 0.6770
Run:02 Epoch: 0196 loss_train: 0.4319 loss_val: 0.6710
Run:02 Epoch: 0197 loss_train: 0.4315 loss_val: 0.6672
Run:02 Epoch: 0198 loss_train: 0.4261 loss_val: 0.6782
Run:02 Epoch: 0199 loss_train: 0.4338 loss_val: 0.6639
Run:02 Epoch: 0200 loss_train: 0.4332 loss_val: 0.6761
Run:02 Epoch: 0201 loss_train: 0.4315 loss_val: 0.6742
Run:02 Epoch: 0202 loss_train: 0.4350 loss_val: 0.6695
Run:02 Epoch: 0203 loss_train: 0.4264 loss_val: 0.6682
Run:02 Epoch: 0204 loss_train: 0.4317 loss_val: 0.6774
Run:02 Epoch: 0205 loss_train: 0.4323 loss_val: 0.6721
Run:02 Epoch: 0206 loss_train: 0.4231 loss_val: 0.6642
Run:02 Epoch: 0207 loss_train: 0.4192 loss_val: 0.6617
Run:02 Epoch: 0208 loss_train: 0.4260 loss_val: 0.6822
Run:02 Epoch: 0209 loss_train: 0.4346 loss_val: 0.6764
Run:02 Epoch: 0210 loss_train: 0.4263 loss_val: 0.6628
Run:02 Epoch: 0211 loss_train: 0.4303 loss_val: 0.6643
Run:02 Epoch: 0212 loss_train: 0.4314 loss_val: 0.6700
Run:02 Epoch: 0213 loss_train: 0.4261 loss_val: 0.6676
Run:02 Epoch: 0214 loss_train: 0.4230 loss_val: 0.6613
Run:02 Epoch: 0215 loss_train: 0.4282 loss_val: 0.6684
Run:02 Epoch: 0216 loss_train: 0.4274 loss_val: 0.6622
Run:02 Epoch: 0217 loss_train: 0.4330 loss_val: 0.6692
Run:02 Epoch: 0218 loss_train: 0.4319 loss_val: 0.6628
Run:02 Epoch: 0219 loss_train: 0.4364 loss_val: 0.6766
Run:02 Epoch: 0220 loss_train: 0.4299 loss_val: 0.6831
Run:02 Epoch: 0221 loss_train: 0.4316 loss_val: 0.6599
Run:02 Epoch: 0222 loss_train: 0.4252 loss_val: 0.6565
Run:02 Epoch: 0223 loss_train: 0.4406 loss_val: 0.6780
Run:02 Epoch: 0224 loss_train: 0.4316 loss_val: 0.6809
Run:02 Epoch: 0225 loss_train: 0.4322 loss_val: 0.6740
Run:02 Epoch: 0226 loss_train: 0.4312 loss_val: 0.6689
Run:02 Epoch: 0227 loss_train: 0.4305 loss_val: 0.6696
Run:02 Epoch: 0228 loss_train: 0.4263 loss_val: 0.6781
Run:02 Epoch: 0229 loss_train: 0.4325 loss_val: 0.6737
Run:02 Epoch: 0230 loss_train: 0.4315 loss_val: 0.6806
Run:02 Epoch: 0231 loss_train: 0.4344 loss_val: 0.6744
Run:02 Epoch: 0232 loss_train: 0.4210 loss_val: 0.6617
Run:02 Epoch: 0233 loss_train: 0.4226 loss_val: 0.6718
Run:02 Epoch: 0234 loss_train: 0.4250 loss_val: 0.6686
Run:02 Epoch: 0235 loss_train: 0.4249 loss_val: 0.6791
Run:02 Epoch: 0236 loss_train: 0.4207 loss_val: 0.6793
Run:02 Epoch: 0237 loss_train: 0.4302 loss_val: 0.6656
Run:02 Epoch: 0238 loss_train: 0.4346 loss_val: 0.6713
Run:02 Epoch: 0239 loss_train: 0.4329 loss_val: 0.6745
Run:02 Epoch: 0240 loss_train: 0.4242 loss_val: 0.6764
Run:02 Epoch: 0241 loss_train: 0.4279 loss_val: 0.6735
Run:02 Epoch: 0242 loss_train: 0.4248 loss_val: 0.6686
Run:02 Epoch: 0243 loss_train: 0.4221 loss_val: 0.6767
Run:02 Epoch: 0244 loss_train: 0.4204 loss_val: 0.6731
Run:02 Epoch: 0245 loss_train: 0.4200 loss_val: 0.6674
Run:02 Epoch: 0246 loss_train: 0.4385 loss_val: 0.6621
Run:02 Epoch: 0247 loss_train: 0.4220 loss_val: 0.6873
Run:02 Epoch: 0248 loss_train: 0.4285 loss_val: 0.6714
Run:02 Epoch: 0249 loss_train: 0.4207 loss_val: 0.6620
Run:02 Epoch: 0250 loss_train: 0.4262 loss_val: 0.6543
Run:02 Epoch: 0251 loss_train: 0.4247 loss_val: 0.6648
Run:02 Epoch: 0252 loss_train: 0.4322 loss_val: 0.6783
Run:02 Epoch: 0253 loss_train: 0.4377 loss_val: 0.6595
Run:02 Epoch: 0254 loss_train: 0.4266 loss_val: 0.6758
Run:02 Epoch: 0255 loss_train: 0.4363 loss_val: 0.6872
Run:02 Epoch: 0256 loss_train: 0.4413 loss_val: 0.6782
Run:02 Epoch: 0257 loss_train: 0.4255 loss_val: 0.6701
Run:02 Epoch: 0258 loss_train: 0.4391 loss_val: 0.6652
Run:02 Epoch: 0259 loss_train: 0.4323 loss_val: 0.6747
Run:02 Epoch: 0260 loss_train: 0.4294 loss_val: 0.6769
Run:02 Epoch: 0261 loss_train: 0.4275 loss_val: 0.6709
Run:02 Epoch: 0262 loss_train: 0.4287 loss_val: 0.6577
Run:02 Epoch: 0263 loss_train: 0.4334 loss_val: 0.6826
Run:02 Epoch: 0264 loss_train: 0.4221 loss_val: 0.6655
Run:02 Epoch: 0265 loss_train: 0.4235 loss_val: 0.6601
Run:02 Epoch: 0266 loss_train: 0.4232 loss_val: 0.6704
Run:02 Epoch: 0267 loss_train: 0.4307 loss_val: 0.6710
Run:02 Epoch: 0268 loss_train: 0.4237 loss_val: 0.6597
Run:02 Epoch: 0269 loss_train: 0.4221 loss_val: 0.6609
Run:02 Epoch: 0270 loss_train: 0.4274 loss_val: 0.6765
Run:02 Epoch: 0271 loss_train: 0.4309 loss_val: 0.6668
Run:02 Epoch: 0272 loss_train: 0.4194 loss_val: 0.6622
Run:02 Epoch: 0273 loss_train: 0.4226 loss_val: 0.6812
Run:02 Epoch: 0274 loss_train: 0.4259 loss_val: 0.6683
Run:02 Epoch: 0275 loss_train: 0.4253 loss_val: 0.6694
Run:02 Epoch: 0276 loss_train: 0.4267 loss_val: 0.6578
Run:02 Epoch: 0277 loss_train: 0.4264 loss_val: 0.6668
Run:02 Epoch: 0278 loss_train: 0.4325 loss_val: 0.6752
Run:02 Epoch: 0279 loss_train: 0.4286 loss_val: 0.6692
Run:02 Epoch: 0280 loss_train: 0.4245 loss_val: 0.6701
Run:02 Epoch: 0281 loss_train: 0.4294 loss_val: 0.6504
Run:02 Epoch: 0282 loss_train: 0.4297 loss_val: 0.6798
Run:02 Epoch: 0283 loss_train: 0.4252 loss_val: 0.6554
Run:02 Epoch: 0284 loss_train: 0.4218 loss_val: 0.6558
Run:02 Epoch: 0285 loss_train: 0.4250 loss_val: 0.6727
Run:02 Epoch: 0286 loss_train: 0.4236 loss_val: 0.6622
Run:02 Epoch: 0287 loss_train: 0.4329 loss_val: 0.6626
Run:02 Epoch: 0288 loss_train: 0.4177 loss_val: 0.6747
Run:02 Epoch: 0289 loss_train: 0.4213 loss_val: 0.6658
Run:02 Epoch: 0290 loss_train: 0.4212 loss_val: 0.6675
Run:02 Epoch: 0291 loss_train: 0.4292 loss_val: 0.6687
Run:02 Epoch: 0292 loss_train: 0.4180 loss_val: 0.6677
Run:02 Epoch: 0293 loss_train: 0.4212 loss_val: 0.6745
Run:02 Epoch: 0294 loss_train: 0.4243 loss_val: 0.6649
Run:02 Epoch: 0295 loss_train: 0.4293 loss_val: 0.6791
Run:02 Epoch: 0296 loss_train: 0.4343 loss_val: 0.6741
Run:02 Epoch: 0297 loss_train: 0.4281 loss_val: 0.6685
Run:02 Epoch: 0298 loss_train: 0.4299 loss_val: 0.6666
Run:02 Epoch: 0299 loss_train: 0.4247 loss_val: 0.6636
Run:02 Epoch: 0300 loss_train: 0.4199 loss_val: 0.6659
Run:02 Epoch: 0301 loss_train: 0.4260 loss_val: 0.6607
Run:02 Epoch: 0302 loss_train: 0.4258 loss_val: 0.6624
Run:02 Epoch: 0303 loss_train: 0.4240 loss_val: 0.6760
Run:02 Epoch: 0304 loss_train: 0.4303 loss_val: 0.6619
Run:02 Epoch: 0305 loss_train: 0.4261 loss_val: 0.6729
Run:02 Epoch: 0306 loss_train: 0.4379 loss_val: 0.6740
Run:02 Epoch: 0307 loss_train: 0.4328 loss_val: 0.6652
Run:02 Epoch: 0308 loss_train: 0.4209 loss_val: 0.6691
Run:02 Epoch: 0309 loss_train: 0.4238 loss_val: 0.6645
Run:02 Epoch: 0310 loss_train: 0.4309 loss_val: 0.6651
Run:02 Epoch: 0311 loss_train: 0.4290 loss_val: 0.6707
Run:02 Epoch: 0312 loss_train: 0.4331 loss_val: 0.6600
Run:02 Epoch: 0313 loss_train: 0.4241 loss_val: 0.6802
Run:02 Epoch: 0314 loss_train: 0.4342 loss_val: 0.6684
Run:02 Epoch: 0315 loss_train: 0.4229 loss_val: 0.6664
Run:02 Epoch: 0316 loss_train: 0.4215 loss_val: 0.6735
Run:02 Epoch: 0317 loss_train: 0.4318 loss_val: 0.6775
Run:02 Epoch: 0318 loss_train: 0.4252 loss_val: 0.6635
Run:02 Epoch: 0319 loss_train: 0.4140 loss_val: 0.6729
Run:02 Epoch: 0320 loss_train: 0.4211 loss_val: 0.6781
Run:02 Epoch: 0321 loss_train: 0.4296 loss_val: 0.6835
Run:02 Epoch: 0322 loss_train: 0.4300 loss_val: 0.6608
Run:02 Epoch: 0323 loss_train: 0.4286 loss_val: 0.6621
Run:02 Epoch: 0324 loss_train: 0.4227 loss_val: 0.6779
Run:02 Epoch: 0325 loss_train: 0.4246 loss_val: 0.6665
Run:02 Epoch: 0326 loss_train: 0.4287 loss_val: 0.6692
Run:02 Epoch: 0327 loss_train: 0.4325 loss_val: 0.6780
Run:02 Epoch: 0328 loss_train: 0.4251 loss_val: 0.6716
Run:02 Epoch: 0329 loss_train: 0.4302 loss_val: 0.6597
Run:02 Epoch: 0330 loss_train: 0.4244 loss_val: 0.6674
Run:02 Epoch: 0331 loss_train: 0.4246 loss_val: 0.6725
Run:02 Epoch: 0332 loss_train: 0.4193 loss_val: 0.6764
Run:02 Epoch: 0333 loss_train: 0.4172 loss_val: 0.6749
Run:02 Epoch: 0334 loss_train: 0.4297 loss_val: 0.6730
Run:02 Epoch: 0335 loss_train: 0.4322 loss_val: 0.6728
Run:02 Epoch: 0336 loss_train: 0.4200 loss_val: 0.6887
Run:02 Epoch: 0337 loss_train: 0.4291 loss_val: 0.6761
Run:02 Epoch: 0338 loss_train: 0.4267 loss_val: 0.6665
Run:02 Epoch: 0339 loss_train: 0.4207 loss_val: 0.6699
Run:02 Epoch: 0340 loss_train: 0.4329 loss_val: 0.6625
Run:02 Epoch: 0341 loss_train: 0.4295 loss_val: 0.6608
Run:02 Epoch: 0342 loss_train: 0.4345 loss_val: 0.6681
Run:02 Epoch: 0343 loss_train: 0.4307 loss_val: 0.6602
Run:02 Epoch: 0344 loss_train: 0.4249 /usr/local/miniconda3/envs/hy/lib/python3.8/site-packages/torch/nn/functional.py:1967: UserWarning: nn.functional.sigmoid is deprecated. Use torch.sigmoid instead.
  warnings.warn("nn.functional.sigmoid is deprecated. Use torch.sigmoid instead.")
Run Train:  67%|████████████████████████████████████████████████████████████████████████████▋                                      | 2/3 [2:51:01<1:23:44, 5024.16s/it]loss_val: 0.6708
Run:02 Epoch: 0345 loss_train: 0.4332 loss_val: 0.6700
Run:02 Epoch: 0346 loss_train: 0.4284 loss_val: 0.6745
Run:02 Epoch: 0347 loss_train: 0.4252 loss_val: 0.6694
Run:02 Epoch: 0348 loss_train: 0.4290 loss_val: 0.6696
Run:02 Epoch: 0349 loss_train: 0.4321 loss_val: 0.6834
Run:02 Epoch: 0350 loss_train: 0.4230 loss_val: 0.6656
Run:02 Epoch: 0351 loss_train: 0.4338 loss_val: 0.6614
Run:02 Epoch: 0352 loss_train: 0.4235 loss_val: 0.6785
Run:02 Epoch: 0353 loss_train: 0.4226 loss_val: 0.6639
Run:02 Epoch: 0354 loss_train: 0.4209 loss_val: 0.6733
Run:02 Epoch: 0355 loss_train: 0.4174 loss_val: 0.6848
Run:02 Epoch: 0356 loss_train: 0.4269 loss_val: 0.6772
Run:02 Epoch: 0357 loss_train: 0.4309 loss_val: 0.6742
Run:02 Epoch: 0358 loss_train: 0.4241 loss_val: 0.6710
Run:02 Epoch: 0359 loss_train: 0.4323 loss_val: 0.6598
Run:02 Epoch: 0360 loss_train: 0.4234 loss_val: 0.6782
Run:02 Epoch: 0361 loss_train: 0.4352 loss_val: 0.6589
Run:02 Epoch: 0362 loss_train: 0.4244 loss_val: 0.6592
Run:02 Epoch: 0363 loss_train: 0.4197 loss_val: 0.6717
Run:02 Epoch: 0364 loss_train: 0.4368 loss_val: 0.6536
Run:02 Epoch: 0365 loss_train: 0.4224 loss_val: 0.6730
Run:02 Epoch: 0366 loss_train: 0.4225 loss_val: 0.6597
Run:02 Epoch: 0367 loss_train: 0.4165 loss_val: 0.6604
Run:02 Epoch: 0368 loss_train: 0.4257 loss_val: 0.6735
Run:02 Epoch: 0369 loss_train: 0.4412 loss_val: 0.6665
Run:02 Epoch: 0370 loss_train: 0.4242 loss_val: 0.6531
Run:02 Epoch: 0371 loss_train: 0.4200 loss_val: 0.6741
Run:02 Epoch: 0372 loss_train: 0.4297 loss_val: 0.6705
Run:02 Epoch: 0373 loss_train: 0.4280 loss_val: 0.6774
Run:02 Epoch: 0374 loss_train: 0.4251 loss_val: 0.6586
Run:02 Epoch: 0375 loss_train: 0.4171 loss_val: 0.6619
Run:02 Epoch: 0376 loss_train: 0.4294 loss_val: 0.6626
Run:02 Epoch: 0377 loss_train: 0.4315 loss_val: 0.6650
Run:02 Epoch: 0378 loss_train: 0.4274 loss_val: 0.6750
Run:02 Epoch: 0379 loss_train: 0.4177 loss_val: 0.6676
Run:02 Epoch: 0380 loss_train: 0.4239 loss_val: 0.6700
Run:02 Epoch: 0381 loss_train: 0.4177 loss_val: 0.6714
Run:02 Epoch: 0382 loss_train: 0.4247 loss_val: 0.6798
Run:02 Epoch: 0383 loss_train: 0.4275 loss_val: 0.6602
Run:02 Epoch: 0384 loss_train: 0.4258 loss_val: 0.6790
Run:02 Epoch: 0385 loss_train: 0.4305 loss_val: 0.6767
Run:02 Epoch: 0386 loss_train: 0.4225 loss_val: 0.6738
Run:02 Epoch: 0387 loss_train: 0.4201 loss_val: 0.6629
Run:02 Epoch: 0388 loss_train: 0.4168 loss_val: 0.6725
Run:02 Epoch: 0389 loss_train: 0.4272 loss_val: 0.6714
Run:02 Epoch: 0390 loss_train: 0.4201 loss_val: 0.6623
Run:02 Epoch: 0391 loss_train: 0.4238 loss_val: 0.6669
Run:02 Epoch: 0392 loss_train: 0.4267 loss_val: 0.6644
Run:02 Epoch: 0393 loss_train: 0.4195 loss_val: 0.6573
Run:02 Epoch: 0394 loss_train: 0.4231 loss_val: 0.6707
Run:02 Epoch: 0395 loss_train: 0.4273 loss_val: 0.6596
Run:02 Epoch: 0396 loss_train: 0.4193 loss_val: 0.6623
Run:02 Epoch: 0397 loss_train: 0.4255 loss_val: 0.6722
Run:02 Epoch: 0398 loss_train: 0.4321 loss_val: 0.6730
Run:02 Epoch: 0399 loss_train: 0.4230 loss_val: 0.6633
Run:02 Epoch: 0400 loss_train: 0.4244 loss_val: 0.6792
Run:03 Epoch: 0001 loss_train: 1.9476 loss_val: 1.9235
Run:03 Epoch: 0002 loss_train: 1.9634 loss_val: 1.9274
Run:03 Epoch: 0003 loss_train: 2.0012 loss_val: 1.8909
Run:03 Epoch: 0004 loss_train: 2.0647 loss_val: 1.9966
Run:03 Epoch: 0005 loss_train: 2.1634 loss_val: 1.8075
Run:03 Epoch: 0006 loss_train: 1.9267 loss_val: 1.7952
Run:03 Epoch: 0007 loss_train: 1.8910 loss_val: 1.8119
Run:03 Epoch: 0008 loss_train: 1.9581 loss_val: 1.9363
Run:03 Epoch: 0009 loss_train: 2.0960 loss_val: 1.8491
Run:03 Epoch: 0010 loss_train: 2.0071 loss_val: 1.7675
Run:03 Epoch: 0011 loss_train: 1.8923 loss_val: 1.7445
Run:03 Epoch: 0012 loss_train: 1.8559 loss_val: 1.7482
Run:03 Epoch: 0013 loss_train: 1.8809 loss_val: 1.7931
Run:03 Epoch: 0014 loss_train: 1.9341 loss_val: 1.7614
Run:03 Epoch: 0015 loss_train: 1.8937 loss_val: 1.6704
Run:03 Epoch: 0016 loss_train: 1.7867 loss_val: 1.6238
Run:03 Epoch: 0017 loss_train: 1.7261 loss_val: 1.6044
Run:03 Epoch: 0018 loss_train: 1.7037 loss_val: 1.6007
Run:03 Epoch: 0019 loss_train: 1.6968 loss_val: 1.5496
Run:03 Epoch: 0020 loss_train: 1.6244 loss_val: 1.4725
Run:03 Epoch: 0021 loss_train: 1.5437 loss_val: 1.4196
Run:03 Epoch: 0022 loss_train: 1.4744 loss_val: 1.3956
Run:03 Epoch: 0023 loss_train: 1.4531 loss_val: 1.3509
Run:03 Epoch: 0024 loss_train: 1.4056 loss_val: 1.3021
Run:03 Epoch: 0025 loss_train: 1.3483 loss_val: 1.2670
Run:03 Epoch: 0026 loss_train: 1.3173 loss_val: 1.2197
Run:03 Epoch: 0027 loss_train: 1.2701 loss_val: 1.1854
Run:03 Epoch: 0028 loss_train: 1.2212 loss_val: 1.1483
Run:03 Epoch: 0029 loss_train: 1.1899 loss_val: 1.1255
Run:03 Epoch: 0030 loss_train: 1.1535 loss_val: 1.0941
Run:03 Epoch: 0031 loss_train: 1.1209 loss_val: 1.0715
Run:03 Epoch: 0032 loss_train: 1.0932 loss_val: 1.0600
Run:03 Epoch: 0033 loss_train: 1.0781 loss_val: 1.0334
Run:03 Epoch: 0034 loss_train: 1.0401 loss_val: 0.9993
Run:03 Epoch: 0035 loss_train: 1.0198 loss_val: 1.0016
Run:03 Epoch: 0036 loss_train: 0.9955 loss_val: 0.9805
Run:03 Epoch: 0037 loss_train: 0.9757 loss_val: 0.9676
Run:03 Epoch: 0038 loss_train: 0.9587 loss_val: 0.9460
Run:03 Epoch: 0039 loss_train: 0.9468 loss_val: 0.9481
Run:03 Epoch: 0040 loss_train: 0.9304 loss_val: 0.9251
Run:03 Epoch: 0041 loss_train: 0.9150 loss_val: 0.9213
Run:03 Epoch: 0042 loss_train: 0.9028 loss_val: 0.9271
Run:03 Epoch: 0043 loss_train: 0.8855 loss_val: 0.8882
Run:03 Epoch: 0044 loss_train: 0.8686 loss_val: 0.8787
Run:03 Epoch: 0045 loss_train: 0.8520 loss_val: 0.8694
Run:03 Epoch: 0046 loss_train: 0.8354 loss_val: 0.8865
Run:03 Epoch: 0047 loss_train: 0.8358 loss_val: 0.8454
Run:03 Epoch: 0048 loss_train: 0.8019 loss_val: 0.8178
Run:03 Epoch: 0049 loss_train: 0.8020 loss_val: 0.8455
Run:03 Epoch: 0050 loss_train: 0.7836 loss_val: 0.8176
Run:03 Epoch: 0051 loss_train: 0.7761 loss_val: 0.8247
Run:03 Epoch: 0052 loss_train: 0.7588 loss_val: 0.8031
Run:03 Epoch: 0053 loss_train: 0.7504 loss_val: 0.8108
Run:03 Epoch: 0054 loss_train: 0.7495 loss_val: 0.8155
Run:03 Epoch: 0055 loss_train: 0.7406 loss_val: 0.7898
Run:03 Epoch: 0056 loss_train: 0.7271 loss_val: 0.7885
Run:03 Epoch: 0057 loss_train: 0.7226 loss_val: 0.7959
Run:03 Epoch: 0058 loss_train: 0.7049 loss_val: 0.7752
Run:03 Epoch: 0059 loss_train: 0.7047 loss_val: 0.7773
Run:03 Epoch: 0060 loss_train: 0.6936 loss_val: 0.7613
Run:03 Epoch: 0061 loss_train: 0.6785 loss_val: 0.7676
Run:03 Epoch: 0062 loss_train: 0.6794 loss_val: 0.7614
Run:03 Epoch: 0063 loss_train: 0.6705 loss_val: 0.7459
Run:03 Epoch: 0064 loss_train: 0.6649 loss_val: 0.7505
Run:03 Epoch: 0065 loss_train: 0.6627 loss_val: 0.7563
Run:03 Epoch: 0066 loss_train: 0.6505 loss_val: 0.7459
Run:03 Epoch: 0067 loss_train: 0.6470 loss_val: 0.7285
Run:03 Epoch: 0068 loss_train: 0.6514 loss_val: 0.7553
Run:03 Epoch: 0069 loss_train: 0.6410 loss_val: 0.7517
Run:03 Epoch: 0070 loss_train: 0.6327 loss_val: 0.7297
Run:03 Epoch: 0071 loss_train: 0.6266 loss_val: 0.7372
Run:03 Epoch: 0072 loss_train: 0.6139 loss_val: 0.7270
Run:03 Epoch: 0073 loss_train: 0.6250 loss_val: 0.7408
Run:03 Epoch: 0074 loss_train: 0.6258 loss_val: 0.7322
Run:03 Epoch: 0075 loss_train: 0.6055 loss_val: 0.7410
Run:03 Epoch: 0076 loss_train: 0.6105 loss_val: 0.7387
Run:03 Epoch: 0077 loss_train: 0.6085 loss_val: 0.7382
Run:03 Epoch: 0078 loss_train: 0.5986 loss_val: 0.7180
Run:03 Epoch: 0079 loss_train: 0.6023 loss_val: 0.7336
Run:03 Epoch: 0080 loss_train: 0.5962 loss_val: 0.7277
Run:03 Epoch: 0081 loss_train: 0.6047 loss_val: 0.7211
Run:03 Epoch: 0082 loss_train: 0.5905 loss_val: 0.7031
Run:03 Epoch: 0083 loss_train: 0.5828 loss_val: 0.7155
Run:03 Epoch: 0084 loss_train: 0.5798 loss_val: 0.7229
Run:03 Epoch: 0085 loss_train: 0.5855 loss_val: 0.6980
Run:03 Epoch: 0086 loss_train: 0.5757 loss_val: 0.7076
Run:03 Epoch: 0087 loss_train: 0.5933 loss_val: 0.7253
Run:03 Epoch: 0088 loss_train: 0.5795 loss_val: 0.7153
Run:03 Epoch: 0089 loss_train: 0.5751 loss_val: 0.6985
Run:03 Epoch: 0090 loss_train: 0.5604 loss_val: 0.7186
Run:03 Epoch: 0091 loss_train: 0.5649 loss_val: 0.7242
Run:03 Epoch: 0092 loss_train: 0.5688 loss_val: 0.7057
Run:03 Epoch: 0093 loss_train: 0.5624 loss_val: 0.7011
Run:03 Epoch: 0094 loss_train: 0.5697 loss_val: 0.7122
Run:03 Epoch: 0095 loss_train: 0.5601 loss_val: 0.7118
Run:03 Epoch: 0096 loss_train: 0.5579 loss_val: 0.7043
Run:03 Epoch: 0097 loss_train: 0.5555 loss_val: 0.6850
Run:03 Epoch: 0098 loss_train: 0.5571 loss_val: 0.7062
Run:03 Epoch: 0099 loss_train: 0.5485 loss_val: 0.7146
Run:03 Epoch: 0100 loss_train: 0.5458 loss_val: 0.6902
Run:03 Epoch: 0101 loss_train: 0.5434 loss_val: 0.6913
Run:03 Epoch: 0102 loss_train: 0.5505 loss_val: 0.6972
Run:03 Epoch: 0103 loss_train: 0.5409 loss_val: 0.7097
Run:03 Epoch: 0104 loss_train: 0.5439 loss_val: 0.6947
Run:03 Epoch: 0105 loss_train: 0.5467 loss_val: 0.6935
Run:03 Epoch: 0106 loss_train: 0.5381 loss_val: 0.7016
Run:03 Epoch: 0107 loss_train: 0.5448 loss_val: 0.7063
Run:03 Epoch: 0108 loss_train: 0.5466 loss_val: 0.7031
Run:03 Epoch: 0109 loss_train: 0.5393 loss_val: 0.6905
Run:03 Epoch: 0110 loss_train: 0.5321 loss_val: 0.7007
Run:03 Epoch: 0111 loss_train: 0.5320 loss_val: 0.6912
Run:03 Epoch: 0112 loss_train: 0.5297 loss_val: 0.6873
Run:03 Epoch: 0113 loss_train: 0.5231 loss_val: 0.6984
Run:03 Epoch: 0114 loss_train: 0.5295 loss_val: 0.6906
Run:03 Epoch: 0115 loss_train: 0.5252 loss_val: 0.6759
Run:03 Epoch: 0116 loss_train: 0.5213 loss_val: 0.6808
Run:03 Epoch: 0117 loss_train: 0.5365 loss_val: 0.6896
Run:03 Epoch: 0118 loss_train: 0.5267 loss_val: 0.6921
Run:03 Epoch: 0119 loss_train: 0.5284 loss_val: 0.6918
Run:03 Epoch: 0120 loss_train: 0.5302 loss_val: 0.7003
Run:03 Epoch: 0121 loss_train: 0.5231 loss_val: 0.7002
Run:03 Epoch: 0122 loss_train: 0.5282 loss_val: 0.6880
Run:03 Epoch: 0123 loss_train: 0.5196 loss_val: 0.6900
Run:03 Epoch: 0124 loss_train: 0.5287 loss_val: 0.6983
Run:03 Epoch: 0125 loss_train: 0.5411 loss_val: 0.6887
Run:03 Epoch: 0126 loss_train: 0.5179 loss_val: 0.6819
Run:03 Epoch: 0127 loss_train: 0.5220 loss_val: 0.6887
Run:03 Epoch: 0128 loss_train: 0.5281 loss_val: 0.6918
Run:03 Epoch: 0129 loss_train: 0.5177 loss_val: 0.6834
Run:03 Epoch: 0130 loss_train: 0.5179 loss_val: 0.6790
Run:03 Epoch: 0131 loss_train: 0.5233 loss_val: 0.6884
Run:03 Epoch: 0132 loss_train: 0.5189 loss_val: 0.6867
Run:03 Epoch: 0133 loss_train: 0.5158 loss_val: 0.6795
Run:03 Epoch: 0134 loss_train: 0.5154 loss_val: 0.6819
Run:03 Epoch: 0135 loss_train: 0.5148 loss_val: 0.6864
Run:03 Epoch: 0136 loss_train: 0.5210 loss_val: 0.6981
Run:03 Epoch: 0137 loss_train: 0.5151 loss_val: 0.6745
Run:03 Epoch: 0138 loss_train: 0.5123 loss_val: 0.6807
Run:03 Epoch: 0139 loss_train: 0.5226 loss_val: 0.6869
Run:03 Epoch: 0140 loss_train: 0.5120 loss_val: 0.6810
Run:03 Epoch: 0141 loss_train: 0.5103 loss_val: 0.6843
Run:03 Epoch: 0142 loss_train: 0.5144 loss_val: 0.6870
Run:03 Epoch: 0143 loss_train: 0.5143 loss_val: 0.6884
Run:03 Epoch: 0144 loss_train: 0.5177 loss_val: 0.6799
Run:03 Epoch: 0145 loss_train: 0.5169 loss_val: 0.6840
Run:03 Epoch: 0146 loss_train: 0.5162 loss_val: 0.6886
Run:03 Epoch: 0147 loss_train: 0.5122 loss_val: 0.6877
Run:03 Epoch: 0148 loss_train: 0.5088 loss_val: 0.6774
Run:03 Epoch: 0149 loss_train: 0.5150 loss_val: 0.6880
Run:03 Epoch: 0150 loss_train: 0.5124 loss_val: 0.6856
Run:03 Epoch: 0151 loss_train: 0.5169 loss_val: 0.7037
Run:03 Epoch: 0152 loss_train: 0.5127 loss_val: 0.6948
Run:03 Epoch: 0153 loss_train: 0.5042 loss_val: 0.6828
Run:03 Epoch: 0154 loss_train: 0.5109 loss_val: 0.7024
Run:03 Epoch: 0155 loss_train: 0.5151 loss_val: 0.6803
Run:03 Epoch: 0156 loss_train: 0.5167 loss_val: 0.6806
Run:03 Epoch: 0157 loss_train: 0.5016 loss_val: 0.6783
Run:03 Epoch: 0158 loss_train: 0.5167 loss_val: 0.6814
Run:03 Epoch: 0159 loss_train: 0.5137 loss_val: 0.6871
Run:03 Epoch: 0160 loss_train: 0.5063 loss_val: 0.6837
Run:03 Epoch: 0161 loss_train: 0.5108 loss_val: 0.6787
Run:03 Epoch: 0162 loss_train: 0.5137 loss_val: 0.6726
Run:03 Epoch: 0163 loss_train: 0.5055 loss_val: 0.6904
Run:03 Epoch: 0164 loss_train: 0.5007 loss_val: 0.6840
Run:03 Epoch: 0165 loss_train: 0.4949 loss_val: 0.6716
Run:03 Epoch: 0166 loss_train: 0.5134 loss_val: 0.6767
Run:03 Epoch: 0167 loss_train: 0.5090 loss_val: 0.6898
Run:03 Epoch: 0168 loss_train: 0.5083 loss_val: 0.6929
Run:03 Epoch: 0169 loss_train: 0.5015 loss_val: 0.6825
Run:03 Epoch: 0170 loss_train: 0.5070 loss_val: 0.6870
Run:03 Epoch: 0171 loss_train: 0.5028 loss_val: 0.6908
Run:03 Epoch: 0172 loss_train: 0.5008 loss_val: 0.6738
Run:03 Epoch: 0173 loss_train: 0.5034 loss_val: 0.6849
Run:03 Epoch: 0174 loss_train: 0.5086 loss_val: 0.6778
Run:03 Epoch: 0175 loss_train: 0.5088 loss_val: 0.6833
Run:03 Epoch: 0176 loss_train: 0.5043 loss_val: 0.6770
Run:03 Epoch: 0177 loss_train: 0.5106 loss_val: 0.6854
Run:03 Epoch: 0178 loss_train: 0.5097 loss_val: 0.6783
Run:03 Epoch: 0179 loss_train: 0.5055 loss_val: 0.6740
Run:03 Epoch: 0180 loss_train: 0.5055 loss_val: 0.6908
Run:03 Epoch: 0181 loss_train: 0.5030 loss_val: 0.6758
Run:03 Epoch: 0182 loss_train: 0.5038 loss_val: 0.6862
Run:03 Epoch: 0183 loss_train: 0.5023 loss_val: 0.6800
Run:03 Epoch: 0184 loss_train: 0.5125 loss_val: 0.6797
Run:03 Epoch: 0185 loss_train: 0.5067 loss_val: 0.6800
Run:03 Epoch: 0186 loss_train: 0.5027 loss_val: 0.6892
Run:03 Epoch: 0187 loss_train: 0.5052 loss_val: 0.6916
Run:03 Epoch: 0188 loss_train: 0.5008 loss_val: 0.6735
Run:03 Epoch: 0189 loss_train: 0.4997 loss_val: 0.6854
Run:03 Epoch: 0190 loss_train: 0.5003 loss_val: 0.6933
Run:03 Epoch: 0191 loss_train: 0.5113 loss_val: 0.6820
Run:03 Epoch: 0192 loss_train: 0.5070 loss_val: 0.6966
Run:03 Epoch: 0193 loss_train: 0.5092 loss_val: 0.6872
Run:03 Epoch: 0194 loss_train: 0.5121 loss_val: 0.6791
Run:03 Epoch: 0195 loss_train: 0.5015 loss_val: 0.6794
Run:03 Epoch: 0196 loss_train: 0.5147 loss_val: 0.6775
Run:03 Epoch: 0197 loss_train: 0.5105 loss_val: 0.6870
Run:03 Epoch: 0198 loss_train: 0.5078 loss_val: 0.6853
Run:03 Epoch: 0199 loss_train: 0.5098 loss_val: 0.6868
Run:03 Epoch: 0200 loss_train: 0.5090 loss_val: 0.6854
Run:03 Epoch: 0201 loss_train: 0.5101 loss_val: 0.6788
Run:03 Epoch: 0202 loss_train: 0.4980 loss_val: 0.6814
Run:03 Epoch: 0203 loss_train: 0.5094 loss_val: 0.6916
Run:03 Epoch: 0204 loss_train: 0.5002 loss_val: 0.7063
Run:03 Epoch: 0205 loss_train: 0.5080 loss_val: 0.6675
Run:03 Epoch: 0206 loss_train: 0.4942 loss_val: 0.6890
Run:03 Epoch: 0207 loss_train: 0.5032 loss_val: 0.6917
Run:03 Epoch: 0208 loss_train: 0.4958 loss_val: 0.6904
Run:03 Epoch: 0209 loss_train: 0.5091 loss_val: 0.6921
Run:03 Epoch: 0210 loss_train: 0.4982 loss_val: 0.6956
Run:03 Epoch: 0211 loss_train: 0.4933 loss_val: 0.6799
Run:03 Epoch: 0212 loss_train: 0.5034 loss_val: 0.6863
Run:03 Epoch: 0213 loss_train: 0.5124 loss_val: 0.6821
Run:03 Epoch: 0214 loss_train: 0.5048 loss_val: 0.6876
Run:03 Epoch: 0215 loss_train: 0.5106 loss_val: 0.6936
Run:03 Epoch: 0216 loss_train: 0.5016 loss_val: 0.6887
Run:03 Epoch: 0217 loss_train: 0.5019 loss_val: 0.6974
Run:03 Epoch: 0218 loss_train: 0.4994 loss_val: 0.6784
Run:03 Epoch: 0219 loss_train: 0.4996 loss_val: 0.6919
Run:03 Epoch: 0220 loss_train: 0.5147 loss_val: 0.6940
Run:03 Epoch: 0221 loss_train: 0.5182 loss_val: 0.6863
Run:03 Epoch: 0222 loss_train: 0.5134 loss_val: 0.6947
Run:03 Epoch: 0223 loss_train: 0.5097 loss_val: 0.6786
Run:03 Epoch: 0224 loss_train: 0.4983 loss_val: 0.6760
Run:03 Epoch: 0225 loss_train: 0.5160 loss_val: 0.6906
Run:03 Epoch: 0226 loss_train: 0.5059 loss_val: 0.6995
Run:03 Epoch: 0227 loss_train: 0.5067 loss_val: 0.6837
Run:03 Epoch: 0228 loss_train: 0.4988 loss_val: 0.6807
Run:03 Epoch: 0229 loss_train: 0.5031 loss_val: 0.6826
Run:03 Epoch: 0230 loss_train: 0.5069 loss_val: 0.6683
Run:03 Epoch: 0231 loss_train: 0.5098 loss_val: 0.6880
Run:03 Epoch: 0232 loss_train: 0.5106 loss_val: 0.6819
Run:03 Epoch: 0233 loss_train: 0.4939 loss_val: 0.6923
Run:03 Epoch: 0234 loss_train: 0.5054 loss_val: 0.6649
Run:03 Epoch: 0235 loss_train: 0.5091 loss_val: 0.6879
Run:03 Epoch: 0236 loss_train: 0.5092 loss_val: 0.6849
Run:03 Epoch: 0237 loss_train: 0.4952 loss_val: 0.6879
Run:03 Epoch: 0238 loss_train: 0.5109 loss_val: 0.7018
Run:03 Epoch: 0239 loss_train: 0.4998 loss_val: 0.6758
Run:03 Epoch: 0240 loss_train: 0.5000 loss_val: 0.6743
Run:03 Epoch: 0241 loss_train: 0.5084 loss_val: 0.6910
Run:03 Epoch: 0242 loss_train: 0.5073 loss_val: 0.6834
Run:03 Epoch: 0243 loss_train: 0.5013 loss_val: 0.6842
Run:03 Epoch: 0244 loss_train: 0.5024 loss_val: 0.6905
Run:03 Epoch: 0245 loss_train: 0.5039 loss_val: 0.6915
Run:03 Epoch: 0246 loss_train: 0.5136 loss_val: 0.6844
Run:03 Epoch: 0247 loss_train: 0.5053 loss_val: 0.6813
Run:03 Epoch: 0248 loss_train: 0.5124 loss_val: 0.6858
Run:03 Epoch: 0249 loss_train: 0.5009 loss_val: 0.6842
Run:03 Epoch: 0250 loss_train: 0.4997 loss_val: 0.6827
Run:03 Epoch: 0251 loss_train: 0.4931 loss_val: 0.6783
Run:03 Epoch: 0252 loss_train: 0.4973 loss_val: 0.6795
Run:03 Epoch: 0253 loss_train: 0.5038 loss_val: 0.6716
Run:03 Epoch: 0254 loss_train: 0.4977 loss_val: 0.6806
Run:03 Epoch: 0255 loss_train: 0.4973 loss_val: 0.6900
Run:03 Epoch: 0256 loss_train: 0.5081 loss_val: 0.6818
Run:03 Epoch: 0257 loss_train: 0.4936 loss_val: 0.6804
Run:03 Epoch: 0258 loss_train: 0.5003 loss_val: 0.6890
Run:03 Epoch: 0259 loss_train: 0.4901 loss_val: 0.6852
Run:03 Epoch: 0260 loss_train: 0.5030 loss_val: 0.6835
Run:03 Epoch: 0261 loss_train: 0.5088 loss_val: 0.6868
Run:03 Epoch: 0262 loss_train: 0.5029 loss_val: 0.6888
Run:03 Epoch: 0263 loss_train: 0.4955 loss_val: 0.6856
Run:03 Epoch: 0264 loss_train: 0.5064 loss_val: 0.6770
Run:03 Epoch: 0265 loss_train: 0.4959 loss_val: 0.6811
Run:03 Epoch: 0266 loss_train: 0.5144 loss_val: 0.6921
Run:03 Epoch: 0267 loss_train: 0.5005 loss_val: 0.6824
Run:03 Epoch: 0268 loss_train: 0.4989 loss_val: 0.6725
Run:03 Epoch: 0269 loss_train: 0.5062 loss_val: 0.6777
Run:03 Epoch: 0270 loss_train: 0.4937 loss_val: 0.6783
Run:03 Epoch: 0271 loss_train: 0.4959 loss_val: 0.6696
Run:03 Epoch: 0272 loss_train: 0.5089 loss_val: 0.6810
Run:03 Epoch: 0273 loss_train: 0.5064 loss_val: 0.6814
Run:03 Epoch: 0274 loss_train: 0.5107 loss_val: 0.6835
Run:03 Epoch: 0275 loss_train: 0.4994 loss_val: 0.6813
Run:03 Epoch: 0276 loss_train: 0.4940 loss_val: 0.6901
Run:03 Epoch: 0277 loss_train: 0.5040 loss_val: 0.6824
Run:03 Epoch: 0278 loss_train: 0.5085 loss_val: 0.6730
Run:03 Epoch: 0279 loss_train: 0.5022 loss_val: 0.6807
Run:03 Epoch: 0280 loss_train: 0.5011 loss_val: 0.6810
Run:03 Epoch: 0281 loss_train: 0.4948 loss_val: 0.6845
Run:03 Epoch: 0282 loss_train: 0.4929 loss_val: 0.6828
Run:03 Epoch: 0283 loss_train: 0.5069 loss_val: 0.6767
Run:03 Epoch: 0284 loss_train: 0.5044 loss_val: 0.6844
Run:03 Epoch: 0285 loss_train: 0.4979 loss_val: 0.6774
Run:03 Epoch: 0286 loss_train: 0.4986 loss_val: 0.6795
Run:03 Epoch: 0287 loss_train: 0.4986 loss_val: 0.6878
Run:03 Epoch: 0288 loss_train: 0.5030 loss_val: 0.6738
Run:03 Epoch: 0289 loss_train: 0.5031 loss_val: 0.6784
Run:03 Epoch: 0290 loss_train: 0.4974 loss_val: 0.6765
Run:03 Epoch: 0291 loss_train: 0.5021 loss_val: 0.6816
Run:03 Epoch: 0292 loss_train: 0.5013 loss_val: 0.6879
Run:03 Epoch: 0293 loss_train: 0.4980 loss_val: 0.6825
Run:03 Epoch: 0294 loss_train: 0.5068 loss_val: 0.6898
Run:03 Epoch: 0295 loss_train: 0.5129 loss_val: 0.6900
Run:03 Epoch: 0296 loss_train: 0.5057 loss_val: 0.6911
Run:03 Epoch: 0297 loss_train: 0.4956 loss_val: 0.6777
Run:03 Epoch: 0298 loss_train: 0.4999 loss_val: 0.7000
Run:03 Epoch: 0299 loss_train: 0.5165 loss_val: 0.6726
Run:03 Epoch: 0300 loss_train: 0.5046 loss_val: 0.6820
Run:03 Epoch: 0301 loss_train: 0.5016 loss_val: 0.6981
Run:03 Epoch: 0302 loss_train: 0.5026 loss_val: 0.6841
Run:03 Epoch: 0303 loss_train: 0.5190 loss_val: 0.6835
Run:03 Epoch: 0304 loss_train: 0.5027 loss_val: 0.6836
Run:03 Epoch: 0305 loss_train: 0.5005 loss_val: 0.6718
Run:03 Epoch: 0306 loss_train: 0.5062 loss_val: 0.6801
Run:03 Epoch: 0307 loss_train: 0.4979 loss_val: 0.6874
Run:03 Epoch: 0308 loss_train: 0.4981 loss_val: 0.6778
Run:03 Epoch: 0309 loss_train: 0.4999 loss_val: 0.6916
Run:03 Epoch: 0310 loss_train: 0.4870 loss_val: 0.6827
Run:03 Epoch: 0311 loss_train: 0.5056 loss_val: 0.6804
Run:03 Epoch: 0312 loss_train: 0.5066 loss_val: 0.6906
Run:03 Epoch: 0313 loss_train: 0.5057 loss_val: 0.6816
Run:03 Epoch: 0314 loss_train: 0.5038 loss_val: 0.6803
Run:03 Epoch: 0315 loss_train: 0.5016 loss_val: 0.6923
Run:03 Epoch: 0316 loss_train: 0.4869 loss_val: 0.6894
Run:03 Epoch: 0317 loss_train: 0.5033 loss_val: 0.6811
Run:03 Epoch: 0318 loss_train: 0.4988 loss_val: 0.6871
Run:03 Epoch: 0319 loss_train: 0.4980 loss_val: 0.6904
Run:03 Epoch: 0320 loss_train: 0.4921 loss_val: 0.6714
Run:03 Epoch: 0321 loss_train: 0.5023 loss_val: 0.6855
Run:03 Epoch: 0322 loss_train: 0.4999 loss_val: 0.6844
Run:03 Epoch: 0323 loss_train: 0.5026 loss_val: 0.6893
Run:03 Epoch: 0324 loss_train: 0.5082 loss_val: 0.6875
Run:03 Epoch: 0325 loss_train: 0.4894 loss_val: 0.6757
Run:03 Epoch: 0326 loss_train: 0.4966 loss_val: 0.6851
Run:03 Epoch: 0327 loss_train: 0.4958 loss_val: 0.6825
Run:03 Epoch: 0328 loss_train: 0.4989 loss_val: 0.6806
Run:03 Epoch: 0329 loss_train: 0.5029 loss_val: 0.6856
Run:03 Epoch: 0330 loss_train: 0.4972 loss_val: 0.6774
Run:03 Epoch: 0331 loss_train: 0.4976 loss_val: 0.6924
Run:03 Epoch: 0332 loss_train: 0.4960 loss_val: 0.6786
Run:03 Epoch: 0333 loss_train: 0.5106 loss_val: 0.6929
Run:03 Epoch: 0334 loss_train: 0.5026 loss_val: 0.6700
Run:03 Epoch: 0335 loss_train: 0.5044 loss_val: 0.6820
Run:03 Epoch: 0336 loss_train: 0.4943 loss_val: 0.6748
Run:03 Epoch: 0337 loss_train: 0.4961 loss_val: 0.6810
Run:03 Epoch: 0338 loss_train: 0.4906 loss_val: 0.6902
Run:03 Epoch: 0339 loss_train: 0.4971 loss_val: 0.6752
Run:03 Epoch: 0340 loss_train: 0.5037 loss_val: 0.6791
Run:03 Epoch: 0341 loss_train: 0.4967 loss_val: 0.6852
Run:03 Epoch: 0342 loss_train: 0.4968 loss_val: 0.6770
Run:03 Epoch: 0343 loss_train: 0.5086 loss_val: 0.6857
Run:03 Epoch: 0344 loss_train: 0.4973 loss_val: 0.6769
Run:03 Epoch: 0345 loss_train: 0.4986 loss_val: 0.6738
Run:03 Epoch: 0346 loss_train: 0.4921 loss_val: 0.6787
Run:03 Epoch: 0347 loss_train: 0.4995 loss_val: 0.6674
Run:03 Epoch: 0348 loss_train: 0.4912 loss_val: 0.6669
Run:03 Epoch: 0349 loss_train: 0.5032 loss_val: 0.6760
Run:03 Epoch: 0350 loss_train: 0.4963 loss_val: 0.6661
Run:03 Epoch: 0351 loss_train: 0.5006 loss_val: 0.6763
Run:03 Epoch: 0352 loss_train: 0.5105 loss_val: 0.6732
Run:03 Epoch: 0353 loss_train: 0.5057 loss_val: 0.6863
Run:03 Epoch: 0354 loss_train: 0.4960 loss_val: 0.6784
Run:03 Epoch: 0355 loss_train: 0.4953 loss_val: 0.6618
Run:03 Epoch: 0356 loss_train: 0.5024 loss_val: 0.6850
Run:03 Epoch: 0357 loss_train: 0.5142 loss_val: 0.6738
Run:03 Epoch: 0358 loss_train: 0.4982 loss_val: 0.6859
Run:03 Epoch: 0359 loss_train: 0.4996 loss_val: 0.6782
Run:03 Epoch: 0360 loss_train: 0.4966 loss_val: 0.6899
Run:03 Epoch: 0361 loss_train: 0.4880 loss_val: 0.6852
Run:03 Epoch: 0362 loss_train: 0.5093 loss_val: 0.6774
Run:03 Epoch: 0363 loss_train: 0.4983 loss_val: 0.6720
Run:03 Epoch: 0364 loss_train: 0.5022 loss_val: 0.6964
Run:03 Epoch: 0365 loss_train: 0.5068 loss_val: 0.6907
Run:03 Epoch: 0366 loss_train: 0.4918 loss_val: 0.6831
Run:03 Epoch: 0367 loss_train: 0.4938 loss_val: 0.6844
Run:03 Epoch: 0368 loss_train: 0.4945 loss_val: 0.6805
Run:03 Epoch: 0369 loss_train: 0.4983 loss_val: 0.6842
Run:03 Epoch: 0370 loss_train: 0.4993 loss_val: 0.6669
Run:03 Epoch: 0371 loss_train: 0.4915 loss_val: 0.6786
Run:03 Epoch: 0372 loss_train: 0.4990 loss_val: 0.6889
Run:03 Epoch: 0373 loss_train: 0.5008 loss_val: 0.6849
Run:03 Epoch: 0374 loss_train: 0.4915 loss_val: 0.6777
Run:03 Epoch: 0375 loss_train: 0.5061 loss_val: 0.6677
Run:03 Epoch: 0376 loss_train: 0.5009 loss_val: 0.6783
Run:03 Epoch: 0377 loss_train: 0.5033 loss_val: 0.6960
Run:03 Epoch: 0378 loss_train: 0.4998 loss_val: 0.6782
Run:03 Epoch: 0379 loss_train: 0.4925 loss_val: 0.6706
Run:03 Epoch: 0380 loss_train: 0.4927 loss_val: 0.6717
Run:03 Epoch: 0381 loss_train: 0.4892 loss_val: 0.6791
Run:03 Epoch: 0382 loss_train: 0.4809 loss_val: 0.6715
Run:03 Epoch: 0383 loss_train: 0.5027 loss_val: 0.6713
Run:03 Epoch: 0384 loss_train: 0.4936 loss_val: 0.6844
Run:03 Epoch: 0385 loss_train: 0.4941 loss_val: 0.6811
Run:03 Epoch: 0386 loss_train: 0.5058 loss_val: 0.6727
Run:03 Epoch: 0387 loss_train: 0.5023 loss_val: 0.6743
Run:03 Epoch: 0388 loss_train: 0.5070 loss_val: 0.6845
Run:03 Epoch: 0389 loss_train: 0.4990 loss_val: 0.6765
Run:03 Epoch: 0390 loss_train: 0.4970 loss_val: 0.6759
/usr/local/miniconda3/envs/hy/lib/python3.8/site-packages/torch/nn/functional.py:1967: UserWarning: nn.functional.sigmoid is deprecated. Use torch.sigmoid instead.
  warnings.warn("nn.functional.sigmoid is deprecated. Use torch.sigmoid instead.")
Run Train: 100%|█████████████████████████████████████████████████████████████████████████████████████████████████████████████████████| 3/3 [4:06:07<00:00, 4787.67s/it]Run Train: 100%|█████████████████████████████████████████████████████████████████████████████████████████████████████████████████████| 3/3 [4:06:07<00:00, 4922.56s/it]
Run:03 Epoch: 0391 loss_train: 0.5022 loss_val: 0.6915
Run:03 Epoch: 0392 loss_train: 0.4930 loss_val: 0.6741
Run:03 Epoch: 0393 loss_train: 0.5009 loss_val: 0.6686
Run:03 Epoch: 0394 loss_train: 0.4988 loss_val: 0.6888
Run:03 Epoch: 0395 loss_train: 0.5036 loss_val: 0.6798
Run:03 Epoch: 0396 loss_train: 0.4936 loss_val: 0.6778
Run:03 Epoch: 0397 loss_train: 0.4928 loss_val: 0.6883
Run:03 Epoch: 0398 loss_train: 0.4996 loss_val: 0.6800
Run:03 Epoch: 0399 loss_train: 0.4917 loss_val: 0.6727
Run:03 Epoch: 0400 loss_train: 0.4960 loss_val: 0.6814
test acc: 0.7730182176267849 test acc std 0.006642411404840995


test micro f1: 0.7730182176267849 test macro f1 0.7556291338312368
