args
 Namespace(batch_size=128, concat=10, conditional=True, cuda=True, dataset='cora', dropout=0.5, epochs=400, hidden=64, lam=1.0, latent_size=10, lr=0.05, num_models=100, pretrain_epochs=15, pretrain_lr=0.05, runs=3, samples=4, seed=42, tem=0.5, update_epochs=20, warmup=200, weight_decay=0.0005)
This is cocitation_cora dataset:
  ->  num_classes
  ->  num_vertices
  ->  num_edges
  ->  dim_features
  ->  features
  ->  edge_list
  ->  labels
  ->  train_mask
  ->  val_mask
  ->  test_mask
Please try `data['name']` to get the specified data.
Run Train:   0%|                                                                                                                                 | 0/3 [00:00<?, ?it/s]Run:01 Epoch: 0001 loss_train: 2.0250 loss_val: 21.3241
Run:01 Epoch: 0002 loss_train: 13.3632 loss_val: 15.9667
Run:01 Epoch: 0003 loss_train: 11.5134 loss_val: 8.3050
Run:01 Epoch: 0004 loss_train: 7.1182 loss_val: 3.1667
Run:01 Epoch: 0005 loss_train: 2.8495 loss_val: 1.9759
Run:01 Epoch: 0006 loss_train: 1.9597 loss_val: 1.9657
Run:01 Epoch: 0007 loss_train: 1.9505 loss_val: 1.9493
Run:01 Epoch: 0008 loss_train: 1.9360 loss_val: 1.9310
Run:01 Epoch: 0009 loss_train: 1.9204 loss_val: 1.9178
Run:01 Epoch: 0010 loss_train: 1.9094 loss_val: 1.9161
Run:01 Epoch: 0011 loss_train: 1.9071 loss_val: 1.9197
Run:01 Epoch: 0012 loss_train: 1.9102 loss_val: 1.9263
Run:01 Epoch: 0013 loss_train: 1.9164 loss_val: 1.9346
Run:01 Epoch: 0014 loss_train: 1.9241 loss_val: 1.9434
Run:01 Epoch: 0015 loss_train: 1.9321 loss_val: 1.9516
Run:01 Epoch: 0016 loss_train: 1.9396 loss_val: 1.9586
Run:01 Epoch: 0017 loss_train: 1.9459 loss_val: 1.9639
Run:01 Epoch: 0018 loss_train: 1.9506 loss_val: 1.9672
Run:01 Epoch: 0019 loss_train: 1.9534 loss_val: 1.9685
Run:01 Epoch: 0020 loss_train: 1.9543 loss_val: 1.9678
Run:01 Epoch: 0021 loss_train: 1.9535 loss_val: 1.9654
Run:01 Epoch: 0022 loss_train: 1.9510 loss_val: 1.9616
Run:01 Epoch: 0023 loss_train: 1.9473 loss_val: 1.9567
Run:01 Epoch: 0024 loss_train: 1.9427 loss_val: 1.9513
Run:01 Epoch: 0025 loss_train: 1.9375 loss_val: 1.9476
Run:01 Epoch: 0026 loss_train: 1.9332 loss_val: 1.9400
Run:01 Epoch: 0027 loss_train: 1.9268 loss_val: 1.9349
Run:01 Epoch: 0028 loss_train: 1.9219 loss_val: 1.9303
Run:01 Epoch: 0029 loss_train: 1.9177 loss_val: 1.9264
Run:01 Epoch: 0030 loss_train: 1.9141 loss_val: 1.9233
Run:01 Epoch: 0031 loss_train: 1.9113 loss_val: 1.9209
Run:01 Epoch: 0032 loss_train: 1.9092 loss_val: 1.9189
Run:01 Epoch: 0033 loss_train: 1.9076 loss_val: 1.9174
Run:01 Epoch: 0034 loss_train: 1.9065 loss_val: 1.9162
Run:01 Epoch: 0035 loss_train: 1.9057 loss_val: 1.9153
Run:01 Epoch: 0036 loss_train: 1.9053 loss_val: 1.9148
Run:01 Epoch: 0037 loss_train: 1.9051 loss_val: 1.9146
Run:01 Epoch: 0038 loss_train: 1.9053 loss_val: 1.9148
Run:01 Epoch: 0039 loss_train: 1.9059 loss_val: 1.9154
Run:01 Epoch: 0040 loss_train: 1.9068 loss_val: 1.9164
Run:01 Epoch: 0041 loss_train: 1.9080 loss_val: 1.9177
Run:01 Epoch: 0042 loss_train: 1.9095 loss_val: 1.9193
Run:01 Epoch: 0043 loss_train: 1.9111 loss_val: 1.9209
Run:01 Epoch: 0044 loss_train: 1.9127 loss_val: 1.9225
Run:01 Epoch: 0045 loss_train: 1.9143 loss_val: 1.9239
Run:01 Epoch: 0046 loss_train: 1.9157 loss_val: 1.9252
Run:01 Epoch: 0047 loss_train: 1.9168 loss_val: 1.9262
Run:01 Epoch: 0048 loss_train: 1.9176 loss_val: 1.9269
Run:01 Epoch: 0049 loss_train: 1.9182 loss_val: 1.9273
Run:01 Epoch: 0050 loss_train: 1.9183 loss_val: 1.9274
Run:01 Epoch: 0051 loss_train: 1.9182 loss_val: 1.9273
Run:01 Epoch: 0052 loss_train: 1.9178 loss_val: 1.9269
Run:01 Epoch: 0053 loss_train: 1.9173 loss_val: 1.9264
Run:01 Epoch: 0054 loss_train: 1.9165 loss_val: 1.9258
Run:01 Epoch: 0055 loss_train: 1.9157 loss_val: 1.9252
Run:01 Epoch: 0056 loss_train: 1.9149 loss_val: 1.9245
Run:01 Epoch: 0057 loss_train: 1.9141 loss_val: 1.9239
Run:01 Epoch: 0058 loss_train: 1.9134 loss_val: 1.9233
Run:01 Epoch: 0059 loss_train: 1.9127 loss_val: 1.9228
Run:01 Epoch: 0060 loss_train: 1.9122 loss_val: 1.9224
Run:01 Epoch: 0061 loss_train: 1.9118 loss_val: 1.9221
Run:01 Epoch: 0062 loss_train: 1.9116 loss_val: 1.9219
Run:01 Epoch: 0063 loss_train: 1.9115 loss_val: 1.9219
Run:01 Epoch: 0064 loss_train: 1.9116 loss_val: 1.9219
Run:01 Epoch: 0065 loss_train: 1.9117 loss_val: 1.9221
Run:01 Epoch: 0066 loss_train: 1.9120 loss_val: 1.9223
Run:01 Epoch: 0067 loss_train: 1.9124 loss_val: 1.9226
Run:01 Epoch: 0068 loss_train: 1.9128 loss_val: 1.9228
Run:01 Epoch: 0069 loss_train: 1.9131 loss_val: 1.9231
Run:01 Epoch: 0070 loss_train: 1.9135 loss_val: 1.9233
Run:01 Epoch: 0071 loss_train: 1.9138 loss_val: 1.9235
Run:01 Epoch: 0072 loss_train: 1.9140 loss_val: 1.9235
Run:01 Epoch: 0073 loss_train: 1.9142 loss_val: 1.9236
Run:01 Epoch: 0074 loss_train: 1.9142 loss_val: 1.9235
Run:01 Epoch: 0075 loss_train: 1.9142 loss_val: 1.9234
Run:01 Epoch: 0076 loss_train: 1.9141 loss_val: 1.9233
Run:01 Epoch: 0077 loss_train: 1.9139 loss_val: 1.9231
Run:01 Epoch: 0078 loss_train: 1.9137 loss_val: 1.9230
Run:01 Epoch: 0079 loss_train: 1.9135 loss_val: 1.9228
Run:01 Epoch: 0080 loss_train: 1.9133 loss_val: 1.9227
Run:01 Epoch: 0081 loss_train: 1.9131 loss_val: 1.9226
Run:01 Epoch: 0082 loss_train: 1.9129 loss_val: 1.9225
Run:01 Epoch: 0083 loss_train: 1.9128 loss_val: 1.9225
Run:01 Epoch: 0084 loss_train: 1.9128 loss_val: 1.9226
Run:01 Epoch: 0085 loss_train: 1.9127 loss_val: 1.9226
Run:01 Epoch: 0086 loss_train: 1.9128 loss_val: 1.9227
Run:01 Epoch: 0087 loss_train: 1.9129 loss_val: 1.9228
Run:01 Epoch: 0088 loss_train: 1.9130 loss_val: 1.9230
Run:01 Epoch: 0089 loss_train: 1.9131 loss_val: 1.9231
Run:01 Epoch: 0090 loss_train: 1.9132 loss_val: 1.9232
Run:01 Epoch: 0091 loss_train: 1.9134 loss_val: 1.9232
Run:01 Epoch: 0092 loss_train: 1.9135 loss_val: 1.9233
Run:01 Epoch: 0093 loss_train: 1.9135 loss_val: 1.9233
Run:01 Epoch: 0094 loss_train: 1.9136 loss_val: 1.9233
Run:01 Epoch: 0095 loss_train: 1.9136 loss_val: 1.9232
Run:01 Epoch: 0096 loss_train: 1.9136 loss_val: 1.9232
Run:01 Epoch: 0097 loss_train: 1.9135 loss_val: 1.9231
Run:01 Epoch: 0098 loss_train: 1.9134 loss_val: 1.9230
Run:01 Epoch: 0099 loss_train: 1.9134 loss_val: 1.9229
Run:01 Epoch: 0100 loss_train: 1.9133 loss_val: 1.9229
Run:01 Epoch: 0101 loss_train: 1.9132 loss_val: 1.9228
Run:01 Epoch: 0102 loss_train: 1.9132 loss_val: 1.9228
Run:01 Epoch: 0103 loss_train: 1.9131 loss_val: 1.9228
Run:01 Epoch: 0104 loss_train: 1.9131 loss_val: 1.9228
Run:01 Epoch: 0105 loss_train: 1.9131 loss_val: 1.9228
Run:01 Epoch: 0106 loss_train: 1.9131 loss_val: 1.9228
Run:01 Epoch: 0107 loss_train: 1.9131 loss_val: 1.9229
Run:01 Epoch: 0108 loss_train: 1.9131 loss_val: 1.9229
Run:01 Epoch: 0109 loss_train: 1.9132 loss_val: 1.9229
Run:01 Epoch: 0110 loss_train: 1.9132 loss_val: 1.9230
Run:01 Epoch: 0111 loss_train: 1.9133 loss_val: 1.9230
Run:01 Epoch: 0112 loss_train: 1.9133 loss_val: 1.9230
Run:01 Epoch: 0113 loss_train: 1.9133 loss_val: 1.9230
Run:01 Epoch: 0114 loss_train: 1.9133 loss_val: 1.9230
Run:01 Epoch: 0115 loss_train: 1.9133 loss_val: 1.9230
Run:01 Epoch: 0116 loss_train: 1.9133 loss_val: 1.9230
Run:01 Epoch: 0117 loss_train: 1.9133 loss_val: 1.9230
Run:01 Epoch: 0118 loss_train: 1.9133 loss_val: 1.9230
Run:01 Epoch: 0119 loss_train: 1.9133 loss_val: 1.9230
Run:01 Epoch: 0120 loss_train: 1.9133 loss_val: 1.9229
Run:01 Epoch: 0121 loss_train: 1.9132 loss_val: 1.9229
Run:01 Epoch: 0122 loss_train: 1.9132 loss_val: 1.9229
Run:01 Epoch: 0123 loss_train: 1.9132 loss_val: 1.9229
Run:01 Epoch: 0124 loss_train: 1.9132 loss_val: 1.9229
Run:01 Epoch: 0125 loss_train: 1.9132 loss_val: 1.9229
Run:01 Epoch: 0126 loss_train: 1.9132 loss_val: 1.9229
Run:01 Epoch: 0127 loss_train: 1.9132 loss_val: 1.9229
Run:01 Epoch: 0128 loss_train: 1.9132 loss_val: 1.9230
Run:01 Epoch: 0129 loss_train: 1.9132 loss_val: 1.9230
Run:01 Epoch: 0130 loss_train: 1.9132 loss_val: 1.9230
Run:01 Epoch: 0131 loss_train: 1.9133 loss_val: 1.9230
Run:01 Epoch: 0132 loss_train: 1.9133 loss_val: 1.9230
Run:01 Epoch: 0133 loss_train: 1.9133 loss_val: 1.9230
Run:01 Epoch: 0134 loss_train: 1.9133 loss_val: 1.9230
Run:01 Epoch: 0135 loss_train: 1.9133 loss_val: 1.9230
Run:01 Epoch: 0136 loss_train: 1.9133 loss_val: 1.9230
Run:01 Epoch: 0137 loss_train: 1.9133 loss_val: 1.9230
Run:01 Epoch: 0138 loss_train: 1.9133 loss_val: 1.9230
Run:01 Epoch: 0139 loss_train: 1.9133 loss_val: 1.9230
Run:01 Epoch: 0140 loss_train: 1.9133 loss_val: 1.9229
Run:01 Epoch: 0141 loss_train: 1.9132 loss_val: 1.9229
Run:01 Epoch: 0142 loss_train: 1.9132 loss_val: 1.9229
Run:01 Epoch: 0143 loss_train: 1.9132 loss_val: 1.9229
Run:01 Epoch: 0144 loss_train: 1.9132 loss_val: 1.9229
Run:01 Epoch: 0145 loss_train: 1.9132 loss_val: 1.9229
Run:01 Epoch: 0146 loss_train: 1.9132 loss_val: 1.9229
Run:01 Epoch: 0147 loss_train: 1.9132 loss_val: 1.9229
Run:01 Epoch: 0148 loss_train: 1.9132 loss_val: 1.9229
Run:01 Epoch: 0149 loss_train: 1.9132 loss_val: 1.9230
Run:01 Epoch: 0150 loss_train: 1.9132 loss_val: 1.9230
Run:01 Epoch: 0151 loss_train: 1.9132 loss_val: 1.9230
Run:01 Epoch: 0152 loss_train: 1.9133 loss_val: 1.9230
Run:01 Epoch: 0153 loss_train: 1.9133 loss_val: 1.9230
Run:01 Epoch: 0154 loss_train: 1.9133 loss_val: 1.9230
Run:01 Epoch: 0155 loss_train: 1.9133 loss_val: 1.9230
Run:01 Epoch: 0156 loss_train: 1.9133 loss_val: 1.9230
Run:01 Epoch: 0157 loss_train: 1.9133 loss_val: 1.9230
Run:01 Epoch: 0158 loss_train: 1.9133 loss_val: 1.9230
Run:01 Epoch: 0159 loss_train: 1.9133 loss_val: 1.9230
Run:01 Epoch: 0160 loss_train: 1.9133 loss_val: 1.9230
Run:01 Epoch: 0161 loss_train: 1.9132 loss_val: 1.9230
Run:01 Epoch: 0162 loss_train: 1.9132 loss_val: 1.9229
Run:01 Epoch: 0163 loss_train: 1.9132 loss_val: 1.9229
Run:01 Epoch: 0164 loss_train: 1.9132 loss_val: 1.9229
Run:01 Epoch: 0165 loss_train: 1.9132 loss_val: 1.9229
Run:01 Epoch: 0166 loss_train: 1.9132 loss_val: 1.9229
Run:01 Epoch: 0167 loss_train: 1.9132 loss_val: 1.9229
Run:01 Epoch: 0168 loss_train: 1.9132 loss_val: 1.9230
Run:01 Epoch: 0169 loss_train: 1.9132 loss_val: 1.9230
Run:01 Epoch: 0170 loss_train: 1.9132 loss_val: 1.9230
Run:01 Epoch: 0171 loss_train: 1.9133 loss_val: 1.9230
Run:01 Epoch: 0172 loss_train: 1.9133 loss_val: 1.9230
Run:01 Epoch: 0173 loss_train: 1.9133 loss_val: 1.9230
Run:01 Epoch: 0174 loss_train: 1.9133 loss_val: 1.9230
Run:01 Epoch: 0175 loss_train: 1.9133 loss_val: 1.9230
Run:01 Epoch: 0176 loss_train: 1.9133 loss_val: 1.9230
Run:01 Epoch: 0177 loss_train: 1.9133 loss_val: 1.9230
Run:01 Epoch: 0178 loss_train: 1.9133 loss_val: 1.9230
Run:01 Epoch: 0179 loss_train: 1.9132 loss_val: 1.9230
Run:01 Epoch: 0180 loss_train: 1.9132 loss_val: 1.9230
Run:01 Epoch: 0181 loss_train: 1.9132 loss_val: 1.9230
Run:01 Epoch: 0182 loss_train: 1.9132 loss_val: 1.9230
Run:01 Epoch: 0183 loss_train: 1.9132 loss_val: 1.9230
Run:01 Epoch: 0184 loss_train: 1.9132 loss_val: 1.9230
Run:01 Epoch: 0185 loss_train: 1.9132 loss_val: 1.9230
Run:01 Epoch: 0186 loss_train: 1.9132 loss_val: 1.9230
Run:01 Epoch: 0187 loss_train: 1.9132 loss_val: 1.9230
Run:01 Epoch: 0188 loss_train: 1.9132 loss_val: 1.9230
Run:01 Epoch: 0189 loss_train: 1.9133 loss_val: 1.9230
Run:01 Epoch: 0190 loss_train: 1.9133 loss_val: 1.9230
Run:01 Epoch: 0191 loss_train: 1.9133 loss_val: 1.9230
Run:01 Epoch: 0192 loss_train: 1.9133 loss_val: 1.9230
Run:01 Epoch: 0193 loss_train: 1.9133 loss_val: 1.9230
Run:01 Epoch: 0194 loss_train: 1.9133 loss_val: 1.9230
Run:01 Epoch: 0195 loss_train: 1.9133 loss_val: 1.9230
Run:01 Epoch: 0196 loss_train: 1.9132 loss_val: 1.9230
Run:01 Epoch: 0197 loss_train: 1.9132 loss_val: 1.9230
Run:01 Epoch: 0198 loss_train: 1.9132 loss_val: 1.9230
Run:01 Epoch: 0199 loss_train: 1.9132 loss_val: 1.9230
Run:01 Epoch: 0200 loss_train: 1.9132 loss_val: 1.9230
Run:01 Epoch: 0201 loss_train: 1.9132 loss_val: 1.9230
Run:01 Epoch: 0202 loss_train: 1.9132 loss_val: 1.9230
Run:01 Epoch: 0203 loss_train: 1.9132 loss_val: 1.9230
Run:01 Epoch: 0204 loss_train: 1.9132 loss_val: 1.9230
Run:01 Epoch: 0205 loss_train: 1.9132 loss_val: 1.9230
Run:01 Epoch: 0206 loss_train: 1.9132 loss_val: 1.9230
Run:01 Epoch: 0207 loss_train: 1.9132 loss_val: 1.9230
Run:01 Epoch: 0208 loss_train: 1.9132 loss_val: 1.9230
Run:01 Epoch: 0209 loss_train: 1.9132 loss_val: 1.9230
Run:01 Epoch: 0210 loss_train: 1.9133 loss_val: 1.9230
Run:01 Epoch: 0211 loss_train: 1.9132 loss_val: 1.9230
Run:01 Epoch: 0212 loss_train: 1.9132 loss_val: 1.9230
Run:01 Epoch: 0213 loss_train: 1.9132 loss_val: 1.9230
Run:01 Epoch: 0214 loss_train: 1.9132 loss_val: 1.9230
Run:01 Epoch: 0215 loss_train: 1.9132 loss_val: 1.9230
Run:01 Epoch: 0216 loss_train: 1.9132 loss_val: 1.9230
Run:01 Epoch: 0217 loss_train: 1.9132 loss_val: 1.9230
Run:01 Epoch: 0218 loss_train: 1.9132 loss_val: 1.9230
Run:01 Epoch: 0219 loss_train: 1.9132 loss_val: 1.9230
Run:01 Epoch: 0220 loss_train: 1.9132 loss_val: 1.9230
Run:01 Epoch: 0221 loss_train: 1.9132 loss_val: 1.9232
Run:01 Epoch: 0222 loss_train: 1.9133 loss_val: 1.9229
Run:01 Epoch: 0223 loss_train: 1.9132 loss_val: 1.9229
Run:01 Epoch: 0224 loss_train: 1.9132 loss_val: 1.9229
Run:01 Epoch: 0225 loss_train: 1.9132 loss_val: 1.9229
Run:01 Epoch: 0226 loss_train: 1.9132 loss_val: 1.9229
Run:01 Epoch: 0227 loss_train: 1.9132 loss_val: 1.9229
Run:01 Epoch: 0228 loss_train: 1.9132 loss_val: 1.9230
Run:01 Epoch: 0229 loss_train: 1.9132 loss_val: 1.9230
Run:01 Epoch: 0230 loss_train: 1.9132 loss_val: 1.9230
Run:01 Epoch: 0231 loss_train: 1.9133 loss_val: 1.9230
Run:01 Epoch: 0232 loss_train: 1.9133 loss_val: 1.9230
Run:01 Epoch: 0233 loss_train: 1.9133 loss_val: 1.9230
Run:01 Epoch: 0234 loss_train: 1.9133 loss_val: 1.9230
Run:01 Epoch: 0235 loss_train: 1.9133 loss_val: 1.9230
Run:01 Epoch: 0236 loss_train: 1.9133 loss_val: 1.9230
Run:01 Epoch: 0237 loss_train: 1.9133 loss_val: 1.9230
Run:01 Epoch: 0238 loss_train: 1.9132 loss_val: 1.9230
Run:01 Epoch: 0239 loss_train: 1.9132 loss_val: 1.9230
Run:01 Epoch: 0240 loss_train: 1.9132 loss_val: 1.9230
Run:01 Epoch: 0241 loss_train: 1.9132 loss_val: 1.9230
Run:01 Epoch: 0242 loss_train: 1.9132 loss_val: 1.9230
Run:01 Epoch: 0243 loss_train: 1.9132 loss_val: 1.9230
Run:01 Epoch: 0244 loss_train: 1.9132 loss_val: 1.9230
Run:01 Epoch: 0245 loss_train: 1.9132 loss_val: 1.9230
Run:01 Epoch: 0246 loss_train: 1.9132 loss_val: 1.9230
Run:01 Epoch: 0247 loss_train: 1.9133 loss_val: 1.9230
Run:01 Epoch: 0248 loss_train: 1.9133 loss_val: 1.9230
Run:01 Epoch: 0249 loss_train: 1.9133 loss_val: 1.9230
Run:01 Epoch: 0250 loss_train: 1.9133 loss_val: 1.9230
Run:01 Epoch: 0251 loss_train: 1.9132 loss_val: 1.9230
Run:01 Epoch: 0252 loss_train: 1.9132 loss_val: 1.9230
Run:01 Epoch: 0253 loss_train: 1.9132 loss_val: 1.9230
Run:01 Epoch: 0254 loss_train: 1.9132 loss_val: 1.9230
Run:01 Epoch: 0255 loss_train: 1.9132 loss_val: 1.9230
Run:01 Epoch: 0256 loss_train: 1.9132 loss_val: 1.9230
Run:01 Epoch: 0257 loss_train: 1.9132 loss_val: 1.9230
Run:01 Epoch: 0258 loss_train: 1.9132 loss_val: 1.9230
Run:01 Epoch: 0259 loss_train: 1.9132 loss_val: 1.9230
Run:01 Epoch: 0260 loss_train: 1.9132 loss_val: 1.9230
Run:01 Epoch: 0261 loss_train: 1.9132 loss_val: 1.9230
Run:01 Epoch: 0262 loss_train: 1.9132 loss_val: 1.9230
Run:01 Epoch: 0263 loss_train: 1.9132 loss_val: 1.9230
Run:01 Epoch: 0264 loss_train: 1.9132 loss_val: 1.9230
Run:01 Epoch: 0265 loss_train: 1.9132 loss_val: 1.9230
Run:01 Epoch: 0266 loss_train: 1.9132 loss_val: 1.9230
Run:01 Epoch: 0267 loss_train: 1.9132 loss_val: 1.9230
Run:01 Epoch: 0268 loss_train: 1.9132 loss_val: 1.9230
Run:01 Epoch: 0269 loss_train: 1.9132 loss_val: 1.9230
Run:01 Epoch: 0270 loss_train: 1.9132 loss_val: 1.9230
Run:01 Epoch: 0271 loss_train: 1.9132 loss_val: 1.9230
Run:01 Epoch: 0272 loss_train: 1.9132 loss_val: 1.9230
Run:01 Epoch: 0273 loss_train: 1.9132 loss_val: 1.9230
Run:01 Epoch: 0274 loss_train: 1.9132 loss_val: 1.9230
Run:01 Epoch: 0275 loss_train: 1.9132 loss_val: 1.9230
Run:01 Epoch: 0276 loss_train: 1.9132 loss_val: 1.9230
Run:01 Epoch: 0277 loss_train: 1.9132 loss_val: 1.9230
Run:01 Epoch: 0278 loss_train: 1.9132 loss_val: 1.9230
Run:01 Epoch: 0279 loss_train: 1.9132 loss_val: 1.9230
Run:01 Epoch: 0280 loss_train: 1.9132 loss_val: 1.9230
Run:01 Epoch: 0281 loss_train: 1.9132 loss_val: 1.9230
Run:01 Epoch: 0282 loss_train: 1.9132 loss_val: 1.9230
Run:01 Epoch: 0283 loss_train: 1.9132 loss_val: 1.9230
Run:01 Epoch: 0284 loss_train: 1.9132 loss_val: 1.9230
Run:01 Epoch: 0285 loss_train: 1.9132 loss_val: 1.9230
Run:01 Epoch: 0286 loss_train: 1.9132 loss_val: 1.9230
Run:01 Epoch: 0287 loss_train: 1.9132 loss_val: 1.9230
Run:01 Epoch: 0288 loss_train: 1.9132 loss_val: 1.9230
Run:01 Epoch: 0289 loss_train: 1.9132 loss_val: 1.9230
Run:01 Epoch: 0290 loss_train: 1.9132 loss_val: 1.9230
Run:01 Epoch: 0291 loss_train: 1.9132 loss_val: 1.9230
Run:01 Epoch: 0292 loss_train: 1.9132 loss_val: 1.9230
Run:01 Epoch: 0293 loss_train: 1.9132 loss_val: 1.9230
Run:01 Epoch: 0294 loss_train: 1.9132 loss_val: 1.9230
Run:01 Epoch: 0295 loss_train: 1.9132 loss_val: 1.9230
Run:01 Epoch: 0296 loss_train: 1.9132 loss_val: 1.9230
Run:01 Epoch: 0297 loss_train: 1.9132 loss_val: 1.9230
Run:01 Epoch: 0298 /usr/local/miniconda3/envs/hy/lib/python3.8/site-packages/torch/nn/functional.py:1967: UserWarning: nn.functional.sigmoid is deprecated. Use torch.sigmoid instead.
  warnings.warn("nn.functional.sigmoid is deprecated. Use torch.sigmoid instead.")
Run Train:  33%|████████████████████████████████████████                                                                                | 1/3 [06:55<13:51, 415.94s/it]loss_train: 1.9132 loss_val: 1.9230
Run:01 Epoch: 0299 loss_train: 1.9132 loss_val: 1.9230
Run:01 Epoch: 0300 loss_train: 1.9132 loss_val: 1.9230
Run:01 Epoch: 0301 loss_train: 1.9132 loss_val: 1.9230
Run:01 Epoch: 0302 loss_train: 1.9132 loss_val: 1.9230
Run:01 Epoch: 0303 loss_train: 1.9132 loss_val: 1.9230
Run:01 Epoch: 0304 loss_train: 1.9132 loss_val: 1.9230
Run:01 Epoch: 0305 loss_train: 1.9132 loss_val: 1.9230
Run:01 Epoch: 0306 loss_train: 1.9132 loss_val: 1.9230
Run:01 Epoch: 0307 loss_train: 1.9132 loss_val: 1.9230
Run:01 Epoch: 0308 loss_train: 1.9132 loss_val: 1.9230
Run:01 Epoch: 0309 loss_train: 1.9132 loss_val: 1.9230
Run:01 Epoch: 0310 loss_train: 1.9132 loss_val: 1.9230
Run:01 Epoch: 0311 loss_train: 1.9132 loss_val: 1.9230
Run:01 Epoch: 0312 loss_train: 1.9132 loss_val: 1.9230
Run:01 Epoch: 0313 loss_train: 1.9132 loss_val: 1.9230
Run:01 Epoch: 0314 loss_train: 1.9132 loss_val: 1.9230
Run:01 Epoch: 0315 loss_train: 1.9132 loss_val: 1.9230
Run:01 Epoch: 0316 loss_train: 1.9132 loss_val: 1.9230
Run:01 Epoch: 0317 loss_train: 1.9132 loss_val: 1.9230
Run:01 Epoch: 0318 loss_train: 1.9132 loss_val: 1.9230
Run:01 Epoch: 0319 loss_train: 1.9132 loss_val: 1.9230
Run:01 Epoch: 0320 loss_train: 1.9132 loss_val: 1.9230
Run:01 Epoch: 0321 loss_train: 1.9132 loss_val: 1.9230
Run:01 Epoch: 0322 loss_train: 1.9132 loss_val: 1.9230
Run:01 Epoch: 0323 loss_train: 1.9132 loss_val: 1.9230
Run:01 Epoch: 0324 loss_train: 1.9132 loss_val: 1.9230
Run:01 Epoch: 0325 loss_train: 1.9132 loss_val: 1.9230
Run:01 Epoch: 0326 loss_train: 1.9132 loss_val: 1.9230
Run:01 Epoch: 0327 loss_train: 1.9132 loss_val: 1.9230
Run:01 Epoch: 0328 loss_train: 1.9132 loss_val: 1.9230
Run:01 Epoch: 0329 loss_train: 1.9132 loss_val: 1.9230
Run:01 Epoch: 0330 loss_train: 1.9132 loss_val: 1.9230
Run:01 Epoch: 0331 loss_train: 1.9132 loss_val: 1.9230
Run:01 Epoch: 0332 loss_train: 1.9132 loss_val: 1.9230
Run:01 Epoch: 0333 loss_train: 1.9132 loss_val: 1.9230
Run:01 Epoch: 0334 loss_train: 1.9132 loss_val: 1.9230
Run:01 Epoch: 0335 loss_train: 1.9132 loss_val: 1.9230
Run:01 Epoch: 0336 loss_train: 1.9132 loss_val: 1.9230
Run:01 Epoch: 0337 loss_train: 1.9132 loss_val: 1.9230
Run:01 Epoch: 0338 loss_train: 1.9132 loss_val: 1.9230
Run:01 Epoch: 0339 loss_train: 1.9132 loss_val: 1.9230
Run:01 Epoch: 0340 loss_train: 1.9132 loss_val: 1.9230
Run:01 Epoch: 0341 loss_train: 1.9132 loss_val: 1.9230
Run:01 Epoch: 0342 loss_train: 1.9132 loss_val: 1.9230
Run:01 Epoch: 0343 loss_train: 1.9132 loss_val: 1.9230
Run:01 Epoch: 0344 loss_train: 1.9132 loss_val: 1.9230
Run:01 Epoch: 0345 loss_train: 1.9132 loss_val: 1.9230
Run:01 Epoch: 0346 loss_train: 1.9132 loss_val: 1.9230
Run:01 Epoch: 0347 loss_train: 1.9132 loss_val: 1.9230
Run:01 Epoch: 0348 loss_train: 1.9132 loss_val: 1.9230
Run:01 Epoch: 0349 loss_train: 1.9132 loss_val: 1.9230
Run:01 Epoch: 0350 loss_train: 1.9132 loss_val: 1.9230
Run:01 Epoch: 0351 loss_train: 1.9132 loss_val: 1.9230
Run:01 Epoch: 0352 loss_train: 1.9132 loss_val: 1.9230
Run:01 Epoch: 0353 loss_train: 1.9132 loss_val: 1.9230
Run:01 Epoch: 0354 loss_train: 1.9132 loss_val: 1.9230
Run:01 Epoch: 0355 loss_train: 1.9132 loss_val: 1.9230
Run:01 Epoch: 0356 loss_train: 1.9132 loss_val: 1.9230
Run:01 Epoch: 0357 loss_train: 1.9132 loss_val: 1.9230
Run:01 Epoch: 0358 loss_train: 1.9132 loss_val: 1.9230
Run:01 Epoch: 0359 loss_train: 1.9132 loss_val: 1.9230
Run:01 Epoch: 0360 loss_train: 1.9132 loss_val: 1.9230
Run:01 Epoch: 0361 loss_train: 1.9132 loss_val: 1.9230
Run:01 Epoch: 0362 loss_train: 1.9132 loss_val: 1.9230
Run:01 Epoch: 0363 loss_train: 1.9132 loss_val: 1.9230
Run:01 Epoch: 0364 loss_train: 1.9132 loss_val: 1.9230
Run:01 Epoch: 0365 loss_train: 1.9132 loss_val: 1.9230
Run:01 Epoch: 0366 loss_train: 1.9132 loss_val: 1.9230
Run:01 Epoch: 0367 loss_train: 1.9132 loss_val: 1.9230
Run:01 Epoch: 0368 loss_train: 1.9132 loss_val: 1.9230
Run:01 Epoch: 0369 loss_train: 1.9132 loss_val: 1.9230
Run:01 Epoch: 0370 loss_train: 1.9132 loss_val: 1.9230
Run:01 Epoch: 0371 loss_train: 1.9132 loss_val: 1.9230
Run:01 Epoch: 0372 loss_train: 1.9132 loss_val: 1.9230
Run:01 Epoch: 0373 loss_train: 1.9132 loss_val: 1.9230
Run:01 Epoch: 0374 loss_train: 1.9132 loss_val: 1.9230
Run:01 Epoch: 0375 loss_train: 1.9132 loss_val: 1.9230
Run:01 Epoch: 0376 loss_train: 1.9132 loss_val: 1.9230
Run:01 Epoch: 0377 loss_train: 1.9132 loss_val: 1.9230
Run:01 Epoch: 0378 loss_train: 1.9132 loss_val: 1.9230
Run:01 Epoch: 0379 loss_train: 1.9132 loss_val: 1.9230
Run:01 Epoch: 0380 loss_train: 1.9132 loss_val: 1.9230
Run:01 Epoch: 0381 loss_train: 1.9132 loss_val: 1.9230
Run:01 Epoch: 0382 loss_train: 1.9132 loss_val: 1.9230
Run:01 Epoch: 0383 loss_train: 1.9132 loss_val: 1.9230
Run:01 Epoch: 0384 loss_train: 1.9132 loss_val: 1.9230
Run:01 Epoch: 0385 loss_train: 1.9132 loss_val: 1.9230
Run:01 Epoch: 0386 loss_train: 1.9132 loss_val: 1.9230
Run:01 Epoch: 0387 loss_train: 1.9132 loss_val: 1.9230
Run:01 Epoch: 0388 loss_train: 1.9132 loss_val: 1.9230
Run:01 Epoch: 0389 loss_train: 1.9132 loss_val: 1.9230
Run:01 Epoch: 0390 loss_train: 1.9132 loss_val: 1.9230
Run:01 Epoch: 0391 loss_train: 1.9132 loss_val: 1.9230
Run:01 Epoch: 0392 loss_train: 1.9132 loss_val: 1.9230
Run:01 Epoch: 0393 loss_train: 1.9132 loss_val: 1.9230
Run:01 Epoch: 0394 loss_train: 1.9132 loss_val: 1.9230
Run:01 Epoch: 0395 loss_train: 1.9132 loss_val: 1.9230
Run:01 Epoch: 0396 loss_train: 1.9132 loss_val: 1.9230
Run:01 Epoch: 0397 loss_train: 1.9132 loss_val: 1.9230
Run:01 Epoch: 0398 loss_train: 1.9132 loss_val: 1.9230
Run:01 Epoch: 0399 loss_train: 1.9132 loss_val: 1.9230
Run:01 Epoch: 0400 loss_train: 1.9132 loss_val: 1.9230
Run:02 Epoch: 0001 loss_train: 1.9873 loss_val: 15.8193
Run:02 Epoch: 0002 loss_train: 13.5319 loss_val: 13.6038
Run:02 Epoch: 0003 loss_train: 10.7838 loss_val: 11.0234
Run:02 Epoch: 0004 loss_train: 7.4632 loss_val: 2.9562
Run:02 Epoch: 0005 loss_train: 2.5192 loss_val: 2.0973
Run:02 Epoch: 0006 loss_train: 2.0153 loss_val: 1.9034
Run:02 Epoch: 0007 loss_train: 1.8841 loss_val: 1.8959
Run:02 Epoch: 0008 loss_train: 1.9097 loss_val: 1.8958
Run:02 Epoch: 0009 loss_train: 1.8941 loss_val: 1.8911
Run:02 Epoch: 0010 loss_train: 1.8823 loss_val: 1.8805
Run:02 Epoch: 0011 loss_train: 1.8712 loss_val: 1.8671
Run:02 Epoch: 0012 loss_train: 1.8765 loss_val: 1.8551
Run:02 Epoch: 0013 loss_train: 1.8901 loss_val: 1.8474
Run:02 Epoch: 0014 loss_train: 1.8845 loss_val: 1.8450
Run:02 Epoch: 0015 loss_train: 1.8835 loss_val: 1.8479
Run:02 Epoch: 0016 loss_train: 1.8919 loss_val: 1.8549
Run:02 Epoch: 0017 loss_train: 1.8974 loss_val: 1.8645
Run:02 Epoch: 0018 loss_train: 1.8955 loss_val: 1.8814
Run:02 Epoch: 0019 loss_train: 1.9261 loss_val: 1.8880
Run:02 Epoch: 0020 loss_train: 1.9274 loss_val: 1.8819
Run:02 Epoch: 0021 loss_train: 1.9334 loss_val: 1.8674
Run:02 Epoch: 0022 loss_train: 1.9012 loss_val: 1.8583
Run:02 Epoch: 0023 loss_train: 1.8958 loss_val: 1.8527
Run:02 Epoch: 0024 loss_train: 1.9017 loss_val: 1.8426
Run:02 Epoch: 0025 loss_train: 1.8847 loss_val: 1.8335
Run:02 Epoch: 0026 loss_train: 1.8813 loss_val: 1.8286
Run:02 Epoch: 0027 loss_train: 1.8782 loss_val: 1.8243
Run:02 Epoch: 0028 loss_train: 1.8858 loss_val: 1.8230
Run:02 Epoch: 0029 loss_train: 1.8740 loss_val: 1.8213
Run:02 Epoch: 0030 loss_train: 1.8182 loss_val: 1.8175
Run:02 Epoch: 0031 loss_train: 1.8667 loss_val: 1.8192
Run:02 Epoch: 0032 loss_train: 1.8655 loss_val: 1.8087
Run:02 Epoch: 0033 loss_train: 1.8085 loss_val: 1.8049
Run:02 Epoch: 0034 loss_train: 1.8176 loss_val: 1.8039
Run:02 Epoch: 0035 loss_train: 1.8510 loss_val: 1.7922
Run:02 Epoch: 0036 loss_train: 1.8431 loss_val: 1.7847
Run:02 Epoch: 0037 loss_train: 1.8172 loss_val: 1.7799
Run:02 Epoch: 0038 loss_train: 1.8395 loss_val: 1.7772
Run:02 Epoch: 0039 loss_train: 1.8266 loss_val: 1.7723
Run:02 Epoch: 0040 loss_train: 1.8142 loss_val: 1.7738
Run:02 Epoch: 0041 loss_train: 1.8032 loss_val: 1.7709
Run:02 Epoch: 0042 loss_train: 1.8157 loss_val: 1.7654
Run:02 Epoch: 0043 loss_train: 1.8023 loss_val: 1.7637
Run:02 Epoch: 0044 loss_train: 1.8004 loss_val: 1.7719
Run:02 Epoch: 0045 loss_train: 1.8160 loss_val: 1.7782
Run:02 Epoch: 0046 loss_train: 1.8219 loss_val: 1.7489
Run:02 Epoch: 0047 loss_train: 1.7881 loss_val: 1.7430
Run:02 Epoch: 0048 loss_train: 1.7684 loss_val: 1.7450
Run:02 Epoch: 0049 loss_train: 1.7833 loss_val: 1.7388
Run:02 Epoch: 0050 loss_train: 1.7770 loss_val: 1.7323
Run:02 Epoch: 0051 loss_train: 1.7829 loss_val: 1.7802
Run:02 Epoch: 0052 loss_train: 1.8169 loss_val: 1.7211
Run:02 Epoch: 0053 loss_train: 1.7733 loss_val: 1.7258
Run:02 Epoch: 0054 loss_train: 1.7627 loss_val: 1.7074
Run:02 Epoch: 0055 loss_train: 1.7495 loss_val: 1.7710
Run:02 Epoch: 0056 loss_train: 1.7621 loss_val: 1.6943
Run:02 Epoch: 0057 loss_train: 1.7228 loss_val: 1.7303
Run:02 Epoch: 0058 loss_train: 1.7553 loss_val: 1.7128
Run:02 Epoch: 0059 loss_train: 1.7638 loss_val: 1.7929
Run:02 Epoch: 0060 loss_train: 1.7924 loss_val: 1.6655
Run:02 Epoch: 0061 loss_train: 1.7033 loss_val: 1.6963
Run:02 Epoch: 0062 loss_train: 1.7298 loss_val: 1.6328
Run:02 Epoch: 0063 loss_train: 1.7184 loss_val: 1.6513
Run:02 Epoch: 0064 loss_train: 1.6961 loss_val: 1.6996
Run:02 Epoch: 0065 loss_train: 1.7140 loss_val: 1.6186
Run:02 Epoch: 0066 loss_train: 1.6973 loss_val: 1.6260
Run:02 Epoch: 0067 loss_train: 1.7147 loss_val: 1.6513
Run:02 Epoch: 0068 loss_train: 1.7071 loss_val: 1.6296
Run:02 Epoch: 0069 loss_train: 1.6687 loss_val: 1.5978
Run:02 Epoch: 0070 loss_train: 1.6579 loss_val: 1.6229
Run:02 Epoch: 0071 loss_train: 1.7036 loss_val: 1.5880
Run:02 Epoch: 0072 loss_train: 1.6725 loss_val: 1.5791
Run:02 Epoch: 0073 loss_train: 1.6472 loss_val: 1.5726
Run:02 Epoch: 0074 loss_train: 1.6738 loss_val: 1.5763
Run:02 Epoch: 0075 loss_train: 1.6495 loss_val: 1.5862
Run:02 Epoch: 0076 loss_train: 1.6464 loss_val: 1.5738
Run:02 Epoch: 0077 loss_train: 1.6336 loss_val: 1.5660
Run:02 Epoch: 0078 loss_train: 1.5893 loss_val: 1.5589
Run:02 Epoch: 0079 loss_train: 1.6457 loss_val: 1.5591
Run:02 Epoch: 0080 loss_train: 1.5864 loss_val: 1.5739
Run:02 Epoch: 0081 loss_train: 1.6049 loss_val: 1.5901
Run:02 Epoch: 0082 loss_train: 1.6594 loss_val: 1.5488
Run:02 Epoch: 0083 loss_train: 1.6028 loss_val: 1.5821
Run:02 Epoch: 0084 loss_train: 1.6198 loss_val: 1.5471
Run:02 Epoch: 0085 loss_train: 1.5757 loss_val: 1.5308
Run:02 Epoch: 0086 loss_train: 1.5896 loss_val: 1.5766
Run:02 Epoch: 0087 loss_train: 1.6079 loss_val: 2.2823
Run:02 Epoch: 0088 loss_train: 2.2250 loss_val: 1.5679
Run:02 Epoch: 0089 loss_train: 1.6065 loss_val: 1.6978
Run:02 Epoch: 0090 loss_train: 1.6894 loss_val: 1.6756
Run:02 Epoch: 0091 loss_train: 1.6316 loss_val: 1.5712
Run:02 Epoch: 0092 loss_train: 1.5818 loss_val: 1.5414
Run:02 Epoch: 0093 loss_train: 1.5311 loss_val: 1.6919
Run:02 Epoch: 0094 loss_train: 1.6486 loss_val: 1.5364
Run:02 Epoch: 0095 loss_train: 1.5438 loss_val: 1.5504
Run:02 Epoch: 0096 loss_train: 1.5690 loss_val: 1.5643
Run:02 Epoch: 0097 loss_train: 1.6011 loss_val: 1.6289
Run:02 Epoch: 0098 loss_train: 1.6031 loss_val: 1.6313
Run:02 Epoch: 0099 loss_train: 1.5724 loss_val: 1.6079
Run:02 Epoch: 0100 loss_train: 1.5249 loss_val: 1.5927
Run:02 Epoch: 0101 loss_train: 1.5357 loss_val: 1.5512
Run:02 Epoch: 0102 loss_train: 1.5171 loss_val: 1.5344
Run:02 Epoch: 0103 loss_train: 1.4938 loss_val: 1.4972
Run:02 Epoch: 0104 loss_train: 1.4892 loss_val: 1.4961
Run:02 Epoch: 0105 loss_train: 1.4698 loss_val: 1.5019
Run:02 Epoch: 0106 loss_train: 1.4821 loss_val: 1.5091
Run:02 Epoch: 0107 loss_train: 1.4381 loss_val: 1.5073
Run:02 Epoch: 0108 loss_train: 1.4905 loss_val: 1.5666
Run:02 Epoch: 0109 loss_train: 1.5320 loss_val: 1.5267
Run:02 Epoch: 0110 loss_train: 1.5587 loss_val: 1.5049
Run:02 Epoch: 0111 loss_train: 1.5597 loss_val: 1.5315
Run:02 Epoch: 0112 loss_train: 1.5243 loss_val: 1.5444
Run:02 Epoch: 0113 loss_train: 1.5002 loss_val: 1.6450
Run:02 Epoch: 0114 loss_train: 1.4872 loss_val: 1.7265
Run:02 Epoch: 0115 loss_train: 1.5710 loss_val: 1.6897
Run:02 Epoch: 0116 loss_train: 1.4871 loss_val: 1.5191
Run:02 Epoch: 0117 loss_train: 1.4635 loss_val: 1.4849
Run:02 Epoch: 0118 loss_train: 1.4581 loss_val: 1.4770
Run:02 Epoch: 0119 loss_train: 1.5200 loss_val: 1.4697
Run:02 Epoch: 0120 loss_train: 1.4796 loss_val: 1.4841
Run:02 Epoch: 0121 loss_train: 1.4308 loss_val: 1.4613
Run:02 Epoch: 0122 loss_train: 1.4365 loss_val: 1.4906
Run:02 Epoch: 0123 loss_train: 1.4422 loss_val: 1.5275
Run:02 Epoch: 0124 loss_train: 1.4419 loss_val: 1.5051
Run:02 Epoch: 0125 loss_train: 1.4379 loss_val: 1.4967
Run:02 Epoch: 0126 loss_train: 1.4160 loss_val: 1.4708
Run:02 Epoch: 0127 loss_train: 1.4358 loss_val: 1.4326
Run:02 Epoch: 0128 loss_train: 1.4145 loss_val: 1.4343
Run:02 Epoch: 0129 loss_train: 1.4649 loss_val: 1.4396
Run:02 Epoch: 0130 loss_train: 1.4628 loss_val: 1.4354
Run:02 Epoch: 0131 loss_train: 1.4344 loss_val: 1.4677
Run:02 Epoch: 0132 loss_train: 1.4275 loss_val: 1.5146
Run:02 Epoch: 0133 loss_train: 1.4241 loss_val: 1.5100
Run:02 Epoch: 0134 loss_train: 1.4188 loss_val: 1.4980
Run:02 Epoch: 0135 loss_train: 1.4169 loss_val: 1.4944
Run:02 Epoch: 0136 loss_train: 1.4105 loss_val: 1.4691
Run:02 Epoch: 0137 loss_train: 1.4299 loss_val: 1.4781
Run:02 Epoch: 0138 loss_train: 1.4166 loss_val: 1.4877
Run:02 Epoch: 0139 loss_train: 1.3871 loss_val: 1.4824
Run:02 Epoch: 0140 loss_train: 1.4097 loss_val: 1.5438
Run:02 Epoch: 0141 loss_train: 1.5009 loss_val: 1.4607
Run:02 Epoch: 0142 loss_train: 1.3950 loss_val: 1.4376
Run:02 Epoch: 0143 loss_train: 1.3825 loss_val: 1.4285
Run:02 Epoch: 0144 loss_train: 1.3944 loss_val: 1.4074
Run:02 Epoch: 0145 loss_train: 1.4203 loss_val: 1.4019
Run:02 Epoch: 0146 loss_train: 1.3884 loss_val: 1.4300
Run:02 Epoch: 0147 loss_train: 1.4339 loss_val: 1.4237
Run:02 Epoch: 0148 loss_train: 1.4123 loss_val: 1.4034
Run:02 Epoch: 0149 loss_train: 1.3847 loss_val: 1.4471
Run:02 Epoch: 0150 loss_train: 1.3845 loss_val: 1.4228
Run:02 Epoch: 0151 loss_train: 1.3786 loss_val: 1.4350
Run:02 Epoch: 0152 loss_train: 1.3853 loss_val: 1.4448
Run:02 Epoch: 0153 loss_train: 1.4089 loss_val: 1.4147
Run:02 Epoch: 0154 loss_train: 1.4040 loss_val: 1.4331
Run:02 Epoch: 0155 loss_train: 1.4329 loss_val: 1.4109
Run:02 Epoch: 0156 loss_train: 1.3790 loss_val: 1.4213
Run:02 Epoch: 0157 loss_train: 1.3780 loss_val: 1.4864
Run:02 Epoch: 0158 loss_train: 1.3884 loss_val: 1.4230
Run:02 Epoch: 0159 loss_train: 1.3555 loss_val: 1.4239
Run:02 Epoch: 0160 loss_train: 1.3776 loss_val: 1.4074
Run:02 Epoch: 0161 loss_train: 1.3802 loss_val: 1.4029
Run:02 Epoch: 0162 loss_train: 1.3695 loss_val: 1.4200
Run:02 Epoch: 0163 loss_train: 1.3288 loss_val: 1.4560
Run:02 Epoch: 0164 loss_train: 1.3666 loss_val: 1.4432
Run:02 Epoch: 0165 loss_train: 1.3526 loss_val: 1.4145
Run:02 Epoch: 0166 loss_train: 1.3585 loss_val: 1.4698
Run:02 Epoch: 0167 loss_train: 1.3992 loss_val: 1.3971
Run:02 Epoch: 0168 loss_train: 1.3683 loss_val: 1.3887
Run:02 Epoch: 0169 loss_train: 1.3436 loss_val: 1.4203
Run:02 Epoch: 0170 loss_train: 1.3866 loss_val: 1.4476
Run:02 Epoch: 0171 loss_train: 1.3540 loss_val: 1.4311
Run:02 Epoch: 0172 loss_train: 1.3400 loss_val: 1.3995
Run:02 Epoch: 0173 loss_train: 1.3291 loss_val: 1.3851
Run:02 Epoch: 0174 loss_train: 1.3569 loss_val: 1.3967
Run:02 Epoch: 0175 loss_train: 1.3685 loss_val: 1.4255
Run:02 Epoch: 0176 loss_train: 1.3330 loss_val: 1.4200
Run:02 Epoch: 0177 loss_train: 1.3541 loss_val: 1.4523
Run:02 Epoch: 0178 loss_train: 1.3413 loss_val: 1.3997
Run:02 Epoch: 0179 loss_train: 1.3421 loss_val: 1.4114
Run:02 Epoch: 0180 loss_train: 1.3244 loss_val: 1.4235
Run:02 Epoch: 0181 loss_train: 1.3550 loss_val: 1.3860
Run:02 Epoch: 0182 loss_train: 1.3291 loss_val: 1.3913
Run:02 Epoch: 0183 loss_train: 1.3484 loss_val: 1.3791
Run:02 Epoch: 0184 loss_train: 1.3267 loss_val: 1.3907
Run:02 Epoch: 0185 loss_train: 1.3510 loss_val: 1.3836
Run:02 Epoch: 0186 loss_train: 1.3585 loss_val: 1.3888
Run:02 Epoch: 0187 loss_train: 1.3251 loss_val: 1.3813
Run:02 Epoch: 0188 loss_train: 1.3647 loss_val: 1.3633
Run:02 Epoch: 0189 loss_train: 1.3181 loss_val: 1.4055
Run:02 Epoch: 0190 loss_train: 1.3375 loss_val: 1.4220
Run:02 Epoch: 0191 loss_train: 1.3443 loss_val: 1.3674
Run:02 Epoch: 0192 loss_train: 1.3509 loss_val: 1.3538
Run:02 Epoch: 0193 loss_train: 1.3535 loss_val: 1.4170
Run:02 Epoch: 0194 loss_train: 1.3642 loss_val: 1.4075
Run:02 Epoch: 0195 loss_train: 1.3425 loss_val: 1.4264
Run:02 Epoch: 0196 loss_train: 1.3565 loss_val: 1.4170
Run:02 Epoch: 0197 loss_train: 1.3481 loss_val: 1.4147
Run:02 Epoch: 0198 loss_train: 1.4372 loss_val: 1.4453
Run:02 Epoch: 0199 loss_train: 1.4451 loss_val: 1.3615
Run:02 Epoch: 0200 loss_train: 1.3641 loss_val: 1.5430
Run:02 Epoch: 0201 loss_train: 1.4561 loss_val: 1.5174
Run:02 Epoch: 0202 loss_train: 1.4878 loss_val: 1.4067
Run:02 Epoch: 0203 loss_train: 1.4249 loss_val: 1.4431
Run:02 Epoch: 0204 loss_train: 1.4561 loss_val: 1.3846
Run:02 Epoch: 0205 loss_train: 1.3858 loss_val: 1.3616
Run:02 Epoch: 0206 loss_train: 1.3709 loss_val: 1.4689
Run:02 Epoch: 0207 loss_train: 1.4040 loss_val: 1.4748
Run:02 Epoch: 0208 loss_train: 1.3915 loss_val: 1.4929
Run:02 Epoch: 0209 loss_train: 1.3825 loss_val: 1.4629
Run:02 Epoch: 0210 loss_train: 1.3963 loss_val: 1.4353
Run:02 Epoch: 0211 loss_train: 1.3680 loss_val: 1.4976
Run:02 Epoch: 0212 loss_train: 1.3672 loss_val: 1.4398
Run:02 Epoch: 0213 loss_train: 1.3841 loss_val: 1.3969
Run:02 Epoch: 0214 loss_train: 1.3794 loss_val: 1.3908
Run:02 Epoch: 0215 loss_train: 1.3440 loss_val: 1.4058
Run:02 Epoch: 0216 loss_train: 1.3549 loss_val: 1.4445
Run:02 Epoch: 0217 loss_train: 1.3439 loss_val: 1.4854
Run:02 Epoch: 0218 loss_train: 1.3491 loss_val: 1.5026
Run:02 Epoch: 0219 loss_train: 1.3461 loss_val: 1.5318
Run:02 Epoch: 0220 loss_train: 1.3471 loss_val: 1.4820
Run:02 Epoch: 0221 loss_train: 1.4362 loss_val: 1.4654
Run:02 Epoch: 0222 loss_train: 1.3235 loss_val: 1.4198
Run:02 Epoch: 0223 loss_train: 1.3506 loss_val: 1.4334
Run:02 Epoch: 0224 loss_train: 1.3460 loss_val: 1.4307
Run:02 Epoch: 0225 loss_train: 1.3544 loss_val: 1.4547
Run:02 Epoch: 0226 loss_train: 1.3455 loss_val: 1.4545
Run:02 Epoch: 0227 loss_train: 1.3387 loss_val: 1.4819
Run:02 Epoch: 0228 loss_train: 1.3413 loss_val: 1.4677
Run:02 Epoch: 0229 loss_train: 1.3305 loss_val: 1.5149
Run:02 Epoch: 0230 loss_train: 1.3517 loss_val: 1.4305
Run:02 Epoch: 0231 loss_train: 1.3386 loss_val: 1.3989
Run:02 Epoch: 0232 loss_train: 1.3335 loss_val: 1.4166
Run:02 Epoch: 0233 loss_train: 1.3070 loss_val: 1.4025
Run:02 Epoch: 0234 loss_train: 1.3033 loss_val: 1.3949
Run:02 Epoch: 0235 loss_train: 1.3109 loss_val: 1.3582
Run:02 Epoch: 0236 loss_train: 1.3130 loss_val: 1.3824
Run:02 Epoch: 0237 loss_train: 1.3484 loss_val: 1.4177
Run:02 Epoch: 0238 loss_train: 1.3216 loss_val: 1.4398
Run:02 Epoch: 0239 loss_train: 1.3434 loss_val: 1.3939
Run:02 Epoch: 0240 loss_train: 1.3525 loss_val: 1.3899
Run:02 Epoch: 0241 loss_train: 1.3266 loss_val: 1.4037
Run:02 Epoch: 0242 loss_train: 1.3761 loss_val: 1.4081
Run:02 Epoch: 0243 loss_train: 1.3005 loss_val: 1.4025
Run:02 Epoch: 0244 loss_train: 1.3074 loss_val: 1.4122
Run:02 Epoch: 0245 loss_train: 1.3341 loss_val: 1.4266
Run:02 Epoch: 0246 loss_train: 1.3446 loss_val: 1.4175
Run:02 Epoch: 0247 loss_train: 1.3451 loss_val: 1.3742
Run:02 Epoch: 0248 loss_train: 1.3187 loss_val: 1.3678
Run:02 Epoch: 0249 loss_train: 1.3072 loss_val: 1.3554
Run:02 Epoch: 0250 loss_train: 1.2801 loss_val: 1.3892
Run:02 Epoch: 0251 loss_train: 1.3311 loss_val: 1.3800
Run:02 Epoch: 0252 loss_train: 1.2945 loss_val: 1.3286
Run:02 Epoch: 0253 loss_train: 1.3124 loss_val: 1.3441
Run:02 Epoch: 0254 loss_train: 1.3144 loss_val: 1.3570
Run:02 Epoch: 0255 loss_train: 1.2844 loss_val: 1.4828
Run:02 Epoch: 0256 loss_train: 1.3418 loss_val: 1.3841
Run:02 Epoch: 0257 loss_train: 1.2734 loss_val: 1.3462
Run:02 Epoch: 0258 loss_train: 1.2983 loss_val: 1.3743
Run:02 Epoch: 0259 loss_train: 1.3016 loss_val: 1.3782
Run:02 Epoch: 0260 loss_train: 1.2817 loss_val: 1.4301
Run:02 Epoch: 0261 loss_train: 1.3299 loss_val: 1.3998
Run:02 Epoch: 0262 loss_train: 1.2908 loss_val: 1.3371
Run:02 Epoch: 0263 loss_train: 1.3032 loss_val: 1.3324
Run:02 Epoch: 0264 loss_train: 1.3184 loss_val: 1.3512
Run:02 Epoch: 0265 loss_train: 1.3068 loss_val: 1.3775
Run:02 Epoch: 0266 loss_train: 1.2940 loss_val: 1.3465
Run:02 Epoch: 0267 loss_train: 1.2807 loss_val: 1.3625
Run:02 Epoch: 0268 loss_train: 1.2719 loss_val: 1.3951
Run:02 Epoch: 0269 loss_train: 1.2924 loss_val: 1.4915
Run:02 Epoch: 0270 loss_train: 1.4496 loss_val: 1.3446
Run:02 Epoch: 0271 loss_train: 1.3342 loss_val: 1.3487
Run:02 Epoch: 0272 loss_train: 1.2815 loss_val: 1.4908
Run:02 Epoch: 0273 loss_train: 1.4152 loss_val: 1.4460
Run:02 Epoch: 0274 loss_train: 1.3570 loss_val: 1.3760
Run:02 Epoch: 0275 loss_train: 1.3730 loss_val: 1.3594
Run:02 Epoch: 0276 loss_train: 1.3725 loss_val: 1.3583
Run:02 Epoch: 0277 loss_train: 1.3114 loss_val: 1.4186
Run:02 Epoch: 0278 loss_train: 1.3389 loss_val: 1.4506
Run:02 Epoch: 0279 loss_train: 1.3039 loss_val: 1.5216
Run:02 Epoch: 0280 loss_train: 1.3690 loss_val: 1.4780
Run:02 Epoch: 0281 loss_train: 1.2922 loss_val: 1.4232
Run:02 Epoch: 0282 loss_train: 1.2713 loss_val: 1.3864
Run:02 Epoch: 0283 loss_train: 1.2889 loss_val: 1.3749
Run:02 Epoch: 0284 loss_train: 1.2531 loss_val: 1.3578
Run:02 Epoch: 0285 loss_train: 1.2746 loss_val: 1.3626
Run:02 Epoch: 0286 loss_train: 1.2875 loss_val: 1.3686
Run:02 Epoch: 0287 loss_train: 1.2510 loss_val: 1.4019
Run:02 Epoch: 0288 loss_train: 1.2808 loss_val: 1.4189
Run:02 Epoch: 0289 loss_train: 1.2668 loss_val: 1.4099
Run:02 Epoch: 0290 loss_train: 1.2609 loss_val: 1.3870
Run:02 Epoch: 0291 loss_train: 1.2482 loss_val: 1.3640
Run:02 Epoch: 0292 loss_train: 1.2515 loss_val: 1.3513
Run:02 Epoch: 0293 loss_train: 1.3046 loss_val: 1.3234
Run:02 Epoch: 0294 loss_train: 1.2684 loss_val: 1.3558
Run:02 Epoch: 0295 loss_train: 1.2632 loss_val: 1.3689
Run:02 Epoch: 0296 loss_train: 1.2417 loss_val: 1.4074
Run:02 Epoch: 0297 loss_train: 1.2646 loss_val: 1.4009
Run:02 Epoch: 0298 loss_train: 1.2774 loss_val: 1.3698
Run:02 Epoch: 0299 loss_train: 1.2341 loss_val: 1.3485
Run:02 Epoch: 0300 loss_train: 1.2306 loss_val: 1.3223
Run:02 Epoch: 0301 loss_train: 1.2456 loss_val: 1.3161
Run:02 Epoch: 0302 loss_train: 1.2316 loss_val: 1.3534
Run:02 Epoch: 0303 loss_train: 1.2446 loss_val: 1.3755
Run:02 Epoch: 0304 loss_train: 1.2324 loss_val: 1.3462
Run:02 Epoch: 0305 loss_train: 1.2447 loss_val: 1.3496
Run:02 Epoch: 0306 loss_train: 1.2372 loss_val: 1.3111
Run:02 Epoch: 0307 loss_train: 1.2317 loss_val: 1.3495
Run:02 Epoch: 0308 loss_train: 1.2368 loss_val: 1.3377
Run:02 Epoch: 0309 loss_train: 1.2393 loss_val: 1.3387
Run:02 Epoch: 0310 loss_train: 1.2421 loss_val: 1.2812
Run:02 Epoch: 0311 loss_train: 1.2271 loss_val: 1.3237
Run:02 Epoch: 0312 loss_train: 1.2556 loss_val: 1.3059
Run:02 Epoch: 0313 loss_train: 1.2209 loss_val: 1.3366
Run:02 Epoch: 0314 loss_train: 1.2116 loss_val: 1.3962
Run:02 Epoch: 0315 loss_train: 1.2362 loss_val: 1.3240
Run:02 Epoch: 0316 loss_train: 1.2433 loss_val: 1.2950
Run:02 Epoch: 0317 loss_train: 1.2179 loss_val: 1.3048
Run:02 Epoch: 0318 loss_train: 1.2309 loss_val: 1.3845
Run:02 Epoch: 0319 loss_train: 1.2261 loss_val: 1.3330
Run:02 Epoch: 0320 loss_train: 1.2156 loss_val: 1.3247
Run:02 Epoch: 0321 loss_train: 1.2567 loss_val: 1.3014
Run:02 Epoch: 0322 loss_train: 1.2237 loss_val: 1.3423
Run:02 Epoch: 0323 loss_train: 1.2127 loss_val: 1.3198
Run:02 Epoch: 0324 loss_train: 1.2105 loss_val: 1.3770
Run:02 Epoch: 0325 loss_train: 1.2482 loss_val: 1.3455
Run:02 Epoch: 0326 loss_train: 1.2235 loss_val: 1.3021
Run:02 Epoch: 0327 loss_train: 1.2787 loss_val: 1.2914
Run:02 Epoch: 0328 loss_train: 1.2114 loss_val: 1.3113
Run:02 Epoch: 0329 loss_train: 1.2428 loss_val: 1.3968
Run:02 Epoch: 0330 loss_train: 1.3253 loss_val: 1.2924
Run:02 Epoch: 0331 loss_train: 1.2751 loss_val: 1.3598
Run:02 Epoch: 0332 loss_train: 1.3726 loss_val: 1.2910
Run:02 Epoch: 0333 loss_train: 1.2676 loss_val: 1.3540
Run:02 Epoch: 0334 loss_train: 1.2098 loss_val: 1.4570
Run:02 Epoch: 0335 loss_train: 1.3148 loss_val: 1.4325
Run:02 Epoch: 0336 loss_train: 1.3149 loss_val: 1.3086
Run:02 Epoch: 0337 loss_train: 1.2754 loss_val: 1.3276
Run:02 Epoch: 0338 loss_train: 1.3014 loss_val: 1.3676
Run:02 Epoch: 0339 loss_train: 1.2716 loss_val: 1.3446
Run:02 Epoch: 0340 loss_train: 1.2670 loss_val: 1.4175
Run:02 Epoch: 0341 loss_train: 1.2658 loss_val: 1.4084
Run:02 Epoch: 0342 loss_train: 1.2340 loss_val: 1.4370
Run:02 Epoch: 0343 loss_train: 1.2561 loss_val: 1.4602
Run:02 Epoch: 0344 loss_train: 1.2760 /usr/local/miniconda3/envs/hy/lib/python3.8/site-packages/torch/nn/functional.py:1967: UserWarning: nn.functional.sigmoid is deprecated. Use torch.sigmoid instead.
  warnings.warn("nn.functional.sigmoid is deprecated. Use torch.sigmoid instead.")
Run Train:  67%|████████████████████████████████████████████████████████████████████████████████                                        | 2/3 [14:21<07:13, 433.35s/it]loss_val: 1.4589
Run:02 Epoch: 0345 loss_train: 1.2615 loss_val: 1.3619
Run:02 Epoch: 0346 loss_train: 1.2230 loss_val: 1.3366
Run:02 Epoch: 0347 loss_train: 1.2239 loss_val: 1.3251
Run:02 Epoch: 0348 loss_train: 1.2261 loss_val: 1.3501
Run:02 Epoch: 0349 loss_train: 1.2176 loss_val: 1.3149
Run:02 Epoch: 0350 loss_train: 1.2437 loss_val: 1.3250
Run:02 Epoch: 0351 loss_train: 1.2357 loss_val: 1.3529
Run:02 Epoch: 0352 loss_train: 1.1996 loss_val: 1.3719
Run:02 Epoch: 0353 loss_train: 1.2551 loss_val: 1.3391
Run:02 Epoch: 0354 loss_train: 1.2168 loss_val: 1.4518
Run:02 Epoch: 0355 loss_train: 1.2909 loss_val: 1.3401
Run:02 Epoch: 0356 loss_train: 1.2060 loss_val: 1.3416
Run:02 Epoch: 0357 loss_train: 1.2213 loss_val: 1.3601
Run:02 Epoch: 0358 loss_train: 1.2102 loss_val: 1.3251
Run:02 Epoch: 0359 loss_train: 1.2064 loss_val: 1.3204
Run:02 Epoch: 0360 loss_train: 1.2234 loss_val: 1.3204
Run:02 Epoch: 0361 loss_train: 1.2167 loss_val: 1.3815
Run:02 Epoch: 0362 loss_train: 1.2206 loss_val: 1.3410
Run:02 Epoch: 0363 loss_train: 1.2100 loss_val: 1.3215
Run:02 Epoch: 0364 loss_train: 1.2252 loss_val: 1.3304
Run:02 Epoch: 0365 loss_train: 1.2215 loss_val: 1.3317
Run:02 Epoch: 0366 loss_train: 1.2174 loss_val: 1.2690
Run:02 Epoch: 0367 loss_train: 1.1866 loss_val: 1.3010
Run:02 Epoch: 0368 loss_train: 1.2042 loss_val: 1.2836
Run:02 Epoch: 0369 loss_train: 1.2103 loss_val: 1.3642
Run:02 Epoch: 0370 loss_train: 1.2340 loss_val: 1.3306
Run:02 Epoch: 0371 loss_train: 1.1727 loss_val: 1.3088
Run:02 Epoch: 0372 loss_train: 1.2240 loss_val: 1.3440
Run:02 Epoch: 0373 loss_train: 1.2627 loss_val: 1.3801
Run:02 Epoch: 0374 loss_train: 1.2879 loss_val: 1.3563
Run:02 Epoch: 0375 loss_train: 1.2060 loss_val: 1.3443
Run:02 Epoch: 0376 loss_train: 1.2315 loss_val: 1.3260
Run:02 Epoch: 0377 loss_train: 1.2297 loss_val: 1.3085
Run:02 Epoch: 0378 loss_train: 1.2297 loss_val: 1.3081
Run:02 Epoch: 0379 loss_train: 1.1926 loss_val: 1.3694
Run:02 Epoch: 0380 loss_train: 1.2151 loss_val: 1.4065
Run:02 Epoch: 0381 loss_train: 1.1984 loss_val: 1.4062
Run:02 Epoch: 0382 loss_train: 1.3030 loss_val: 1.3116
Run:02 Epoch: 0383 loss_train: 1.2223 loss_val: 1.3074
Run:02 Epoch: 0384 loss_train: 1.2574 loss_val: 1.3586
Run:02 Epoch: 0385 loss_train: 1.1916 loss_val: 1.5666
Run:02 Epoch: 0386 loss_train: 1.3900 loss_val: 1.3546
Run:02 Epoch: 0387 loss_train: 1.2146 loss_val: 1.3847
Run:02 Epoch: 0388 loss_train: 1.3264 loss_val: 1.3403
Run:02 Epoch: 0389 loss_train: 1.2714 loss_val: 1.4245
Run:02 Epoch: 0390 loss_train: 1.2389 loss_val: 1.5195
Run:02 Epoch: 0391 loss_train: 1.2772 loss_val: 1.4425
Run:02 Epoch: 0392 loss_train: 1.2519 loss_val: 1.3265
Run:02 Epoch: 0393 loss_train: 1.2469 loss_val: 1.3314
Run:02 Epoch: 0394 loss_train: 1.3189 loss_val: 1.3226
Run:02 Epoch: 0395 loss_train: 1.3080 loss_val: 1.3173
Run:02 Epoch: 0396 loss_train: 1.2653 loss_val: 1.3365
Run:02 Epoch: 0397 loss_train: 1.1944 loss_val: 1.4793
Run:02 Epoch: 0398 loss_train: 1.2721 loss_val: 1.4428
Run:02 Epoch: 0399 loss_train: 1.2361 loss_val: 1.3691
Run:02 Epoch: 0400 loss_train: 1.2040 loss_val: 1.3647
Run:03 Epoch: 0001 loss_train: 2.0190 loss_val: 24.3037
Run:03 Epoch: 0002 loss_train: 21.0145 loss_val: 22.1692
Run:03 Epoch: 0003 loss_train: 14.0330 loss_val: 10.0185
Run:03 Epoch: 0004 loss_train: 6.3264 loss_val: 2.7334
Run:03 Epoch: 0005 loss_train: 2.4221 loss_val: 2.0136
Run:03 Epoch: 0006 loss_train: 1.9828 loss_val: 1.9870
Run:03 Epoch: 0007 loss_train: 1.9633 loss_val: 1.9781
Run:03 Epoch: 0008 loss_train: 1.9544 loss_val: 1.9601
Run:03 Epoch: 0009 loss_train: 1.9388 loss_val: 1.9427
Run:03 Epoch: 0010 loss_train: 1.9243 loss_val: 1.9139
Run:03 Epoch: 0011 loss_train: 1.8986 loss_val: 1.8936
Run:03 Epoch: 0012 loss_train: 1.8847 loss_val: 1.8800
Run:03 Epoch: 0013 loss_train: 1.8678 loss_val: 1.8706
Run:03 Epoch: 0014 loss_train: 1.8528 loss_val: 1.8561
Run:03 Epoch: 0015 loss_train: 1.8390 loss_val: 1.8475
Run:03 Epoch: 0016 loss_train: 1.8295 loss_val: 1.7921
Run:03 Epoch: 0017 loss_train: 1.7928 loss_val: 1.7844
Run:03 Epoch: 0018 loss_train: 1.7765 loss_val: 2.1979
Run:03 Epoch: 0019 loss_train: 2.0592 loss_val: 1.7231
Run:03 Epoch: 0020 loss_train: 1.7276 loss_val: 1.8436
Run:03 Epoch: 0021 loss_train: 1.8944 loss_val: 1.7561
Run:03 Epoch: 0022 loss_train: 1.7750 loss_val: 1.7765
Run:03 Epoch: 0023 loss_train: 1.8055 loss_val: 1.8007
Run:03 Epoch: 0024 loss_train: 1.8178 loss_val: 1.8084
Run:03 Epoch: 0025 loss_train: 1.8349 loss_val: 1.8087
Run:03 Epoch: 0026 loss_train: 1.8233 loss_val: 1.8073
Run:03 Epoch: 0027 loss_train: 1.8270 loss_val: 1.7917
Run:03 Epoch: 0028 loss_train: 1.8087 loss_val: 1.7779
Run:03 Epoch: 0029 loss_train: 1.7916 loss_val: 1.7616
Run:03 Epoch: 0030 loss_train: 1.7907 loss_val: 1.7422
Run:03 Epoch: 0031 loss_train: 1.7832 loss_val: 1.7260
Run:03 Epoch: 0032 loss_train: 1.7663 loss_val: 1.7134
Run:03 Epoch: 0033 loss_train: 1.7503 loss_val: 1.7080
Run:03 Epoch: 0034 loss_train: 1.7483 loss_val: 1.7086
Run:03 Epoch: 0035 loss_train: 1.7512 loss_val: 1.7160
Run:03 Epoch: 0036 loss_train: 1.7333 loss_val: 1.7198
Run:03 Epoch: 0037 loss_train: 1.7346 loss_val: 1.7204
Run:03 Epoch: 0038 loss_train: 1.7496 loss_val: 1.7082
Run:03 Epoch: 0039 loss_train: 1.7345 loss_val: 1.6969
Run:03 Epoch: 0040 loss_train: 1.7293 loss_val: 1.6733
Run:03 Epoch: 0041 loss_train: 1.7091 loss_val: 1.6541
Run:03 Epoch: 0042 loss_train: 1.6874 loss_val: 1.6447
Run:03 Epoch: 0043 loss_train: 1.6980 loss_val: 1.6397
Run:03 Epoch: 0044 loss_train: 1.6962 loss_val: 1.6318
Run:03 Epoch: 0045 loss_train: 1.6803 loss_val: 1.6231
Run:03 Epoch: 0046 loss_train: 1.6719 loss_val: 1.6227
Run:03 Epoch: 0047 loss_train: 1.6795 loss_val: 1.6292
Run:03 Epoch: 0048 loss_train: 1.6782 loss_val: 1.6428
Run:03 Epoch: 0049 loss_train: 1.6614 loss_val: 1.6242
Run:03 Epoch: 0050 loss_train: 1.6760 loss_val: 1.6051
Run:03 Epoch: 0051 loss_train: 1.6332 loss_val: 1.6045
Run:03 Epoch: 0052 loss_train: 1.6504 loss_val: 1.6007
Run:03 Epoch: 0053 loss_train: 1.6435 loss_val: 1.6003
Run:03 Epoch: 0054 loss_train: 1.6540 loss_val: 1.6016
Run:03 Epoch: 0055 loss_train: 1.6465 loss_val: 1.5960
Run:03 Epoch: 0056 loss_train: 1.6392 loss_val: 1.5899
Run:03 Epoch: 0057 loss_train: 1.6286 loss_val: 1.5714
Run:03 Epoch: 0058 loss_train: 1.6053 loss_val: 1.5736
Run:03 Epoch: 0059 loss_train: 1.6182 loss_val: 1.5778
Run:03 Epoch: 0060 loss_train: 1.5956 loss_val: 1.5959
Run:03 Epoch: 0061 loss_train: 1.5971 loss_val: 1.5969
Run:03 Epoch: 0062 loss_train: 1.6075 loss_val: 1.5853
Run:03 Epoch: 0063 loss_train: 1.5890 loss_val: 1.5709
Run:03 Epoch: 0064 loss_train: 1.5774 loss_val: 1.5756
Run:03 Epoch: 0065 loss_train: 1.5674 loss_val: 1.5987
Run:03 Epoch: 0066 loss_train: 1.5707 loss_val: 1.5827
Run:03 Epoch: 0067 loss_train: 1.5715 loss_val: 1.5662
Run:03 Epoch: 0068 loss_train: 1.5565 loss_val: 1.5623
Run:03 Epoch: 0069 loss_train: 1.5457 loss_val: 1.5606
Run:03 Epoch: 0070 loss_train: 1.5652 loss_val: 1.5656
Run:03 Epoch: 0071 loss_train: 1.5581 loss_val: 1.5744
Run:03 Epoch: 0072 loss_train: 1.5413 loss_val: 1.6302
Run:03 Epoch: 0073 loss_train: 1.5534 loss_val: 1.5545
Run:03 Epoch: 0074 loss_train: 1.5429 loss_val: 1.5388
Run:03 Epoch: 0075 loss_train: 1.5212 loss_val: 1.5612
Run:03 Epoch: 0076 loss_train: 1.5390 loss_val: 1.5726
Run:03 Epoch: 0077 loss_train: 1.5552 loss_val: 1.5318
Run:03 Epoch: 0078 loss_train: 1.5294 loss_val: 1.5145
Run:03 Epoch: 0079 loss_train: 1.5065 loss_val: 1.5556
Run:03 Epoch: 0080 loss_train: 1.5190 loss_val: 1.5624
Run:03 Epoch: 0081 loss_train: 1.5090 loss_val: 1.5249
Run:03 Epoch: 0082 loss_train: 1.5206 loss_val: 1.5108
Run:03 Epoch: 0083 loss_train: 1.5053 loss_val: 1.5344
Run:03 Epoch: 0084 loss_train: 1.5091 loss_val: 1.5785
Run:03 Epoch: 0085 loss_train: 1.5328 loss_val: 1.4924
Run:03 Epoch: 0086 loss_train: 1.5151 loss_val: 1.5105
Run:03 Epoch: 0087 loss_train: 1.4964 loss_val: 1.5347
Run:03 Epoch: 0088 loss_train: 1.5028 loss_val: 1.5336
Run:03 Epoch: 0089 loss_train: 1.5042 loss_val: 1.4952
Run:03 Epoch: 0090 loss_train: 1.4763 loss_val: 1.4940
Run:03 Epoch: 0091 loss_train: 1.4548 loss_val: 1.5215
Run:03 Epoch: 0092 loss_train: 1.4813 loss_val: 1.5367
Run:03 Epoch: 0093 loss_train: 1.4761 loss_val: 1.4922
Run:03 Epoch: 0094 loss_train: 1.4720 loss_val: 1.5044
Run:03 Epoch: 0095 loss_train: 1.4726 loss_val: 1.5013
Run:03 Epoch: 0096 loss_train: 1.4692 loss_val: 1.5007
Run:03 Epoch: 0097 loss_train: 1.4646 loss_val: 1.4853
Run:03 Epoch: 0098 loss_train: 1.4537 loss_val: 1.4884
Run:03 Epoch: 0099 loss_train: 1.4423 loss_val: 1.5175
Run:03 Epoch: 0100 loss_train: 1.4557 loss_val: 1.4816
Run:03 Epoch: 0101 loss_train: 1.4512 loss_val: 1.4721
Run:03 Epoch: 0102 loss_train: 1.4321 loss_val: 1.4888
Run:03 Epoch: 0103 loss_train: 1.4374 loss_val: 1.4970
Run:03 Epoch: 0104 loss_train: 1.4541 loss_val: 1.4870
Run:03 Epoch: 0105 loss_train: 1.4262 loss_val: 1.5170
Run:03 Epoch: 0106 loss_train: 1.4433 loss_val: 1.4675
Run:03 Epoch: 0107 loss_train: 1.4632 loss_val: 1.4535
Run:03 Epoch: 0108 loss_train: 1.4289 loss_val: 1.4800
Run:03 Epoch: 0109 loss_train: 1.4085 loss_val: 1.5123
Run:03 Epoch: 0110 loss_train: 1.4301 loss_val: 1.4901
Run:03 Epoch: 0111 loss_train: 1.4058 loss_val: 1.4448
Run:03 Epoch: 0112 loss_train: 1.3990 loss_val: 1.4548
Run:03 Epoch: 0113 loss_train: 1.4016 loss_val: 1.4573
Run:03 Epoch: 0114 loss_train: 1.3905 loss_val: 1.4836
Run:03 Epoch: 0115 loss_train: 1.3939 loss_val: 1.4892
Run:03 Epoch: 0116 loss_train: 1.4118 loss_val: 1.4659
Run:03 Epoch: 0117 loss_train: 1.3921 loss_val: 1.4387
Run:03 Epoch: 0118 loss_train: 1.3883 loss_val: 1.4503
Run:03 Epoch: 0119 loss_train: 1.3766 loss_val: 1.4659
Run:03 Epoch: 0120 loss_train: 1.3885 loss_val: 1.4615
Run:03 Epoch: 0121 loss_train: 1.3765 loss_val: 1.4526
Run:03 Epoch: 0122 loss_train: 1.3807 loss_val: 1.5149
Run:03 Epoch: 0123 loss_train: 1.4213 loss_val: 1.4345
Run:03 Epoch: 0124 loss_train: 1.3759 loss_val: 1.4755
Run:03 Epoch: 0125 loss_train: 1.3858 loss_val: 1.4552
Run:03 Epoch: 0126 loss_train: 1.3446 loss_val: 1.4990
Run:03 Epoch: 0127 loss_train: 1.3805 loss_val: 1.4116
Run:03 Epoch: 0128 loss_train: 1.3570 loss_val: 1.4094
Run:03 Epoch: 0129 loss_train: 1.3506 loss_val: 1.4597
Run:03 Epoch: 0130 loss_train: 1.3977 loss_val: 1.4367
Run:03 Epoch: 0131 loss_train: 1.3535 loss_val: 1.4349
Run:03 Epoch: 0132 loss_train: 1.3559 loss_val: 1.4165
Run:03 Epoch: 0133 loss_train: 1.3287 loss_val: 1.4319
Run:03 Epoch: 0134 loss_train: 1.3485 loss_val: 1.4421
Run:03 Epoch: 0135 loss_train: 1.3531 loss_val: 1.4291
Run:03 Epoch: 0136 loss_train: 1.3485 loss_val: 1.3928
Run:03 Epoch: 0137 loss_train: 1.3371 loss_val: 1.4081
Run:03 Epoch: 0138 loss_train: 1.3304 loss_val: 1.4880
Run:03 Epoch: 0139 loss_train: 1.3899 loss_val: 1.4347
Run:03 Epoch: 0140 loss_train: 1.3510 loss_val: 1.3934
Run:03 Epoch: 0141 loss_train: 1.3374 loss_val: 1.4293
Run:03 Epoch: 0142 loss_train: 1.3841 loss_val: 1.4434
Run:03 Epoch: 0143 loss_train: 1.3298 loss_val: 1.4454
Run:03 Epoch: 0144 loss_train: 1.3207 loss_val: 1.4725
Run:03 Epoch: 0145 loss_train: 1.3516 loss_val: 1.4288
Run:03 Epoch: 0146 loss_train: 1.3391 loss_val: 1.4198
Run:03 Epoch: 0147 loss_train: 1.3492 loss_val: 1.4056
Run:03 Epoch: 0148 loss_train: 1.3302 loss_val: 1.4520
Run:03 Epoch: 0149 loss_train: 1.3426 loss_val: 1.4602
Run:03 Epoch: 0150 loss_train: 1.3448 loss_val: 1.4295
Run:03 Epoch: 0151 loss_train: 1.3300 loss_val: 1.4215
Run:03 Epoch: 0152 loss_train: 1.3204 loss_val: 1.4447
Run:03 Epoch: 0153 loss_train: 1.3485 loss_val: 1.4213
Run:03 Epoch: 0154 loss_train: 1.3241 loss_val: 1.4474
Run:03 Epoch: 0155 loss_train: 1.3401 loss_val: 1.4024
Run:03 Epoch: 0156 loss_train: 1.3312 loss_val: 1.4584
Run:03 Epoch: 0157 loss_train: 1.3554 loss_val: 1.4018
Run:03 Epoch: 0158 loss_train: 1.3156 loss_val: 1.4215
Run:03 Epoch: 0159 loss_train: 1.3866 loss_val: 1.5485
Run:03 Epoch: 0160 loss_train: 1.4823 loss_val: 1.4564
Run:03 Epoch: 0161 loss_train: 1.4282 loss_val: 1.6543
Run:03 Epoch: 0162 loss_train: 1.5290 loss_val: 1.8460
Run:03 Epoch: 0163 loss_train: 1.6481 loss_val: 1.4589
Run:03 Epoch: 0164 loss_train: 1.4107 loss_val: 1.4319
Run:03 Epoch: 0165 loss_train: 1.3717 loss_val: 1.5897
Run:03 Epoch: 0166 loss_train: 1.4545 loss_val: 1.6258
Run:03 Epoch: 0167 loss_train: 1.4887 loss_val: 1.4573
Run:03 Epoch: 0168 loss_train: 1.3708 loss_val: 1.4442
Run:03 Epoch: 0169 loss_train: 1.4199 loss_val: 1.4279
Run:03 Epoch: 0170 loss_train: 1.4001 loss_val: 1.4427
Run:03 Epoch: 0171 loss_train: 1.3971 loss_val: 1.4528
Run:03 Epoch: 0172 loss_train: 1.3771 loss_val: 1.4331
Run:03 Epoch: 0173 loss_train: 1.3684 loss_val: 1.4429
Run:03 Epoch: 0174 loss_train: 1.3678 loss_val: 1.5027
Run:03 Epoch: 0175 loss_train: 1.3791 loss_val: 1.4756
Run:03 Epoch: 0176 loss_train: 1.3824 loss_val: 1.4493
Run:03 Epoch: 0177 loss_train: 1.3405 loss_val: 1.4208
Run:03 Epoch: 0178 loss_train: 1.3610 loss_val: 1.4098
Run:03 Epoch: 0179 loss_train: 1.3203 loss_val: 1.4452
Run:03 Epoch: 0180 loss_train: 1.3145 loss_val: 1.5120
Run:03 Epoch: 0181 loss_train: 1.3489 loss_val: 1.5478
Run:03 Epoch: 0182 loss_train: 1.3663 loss_val: 1.4638
Run:03 Epoch: 0183 loss_train: 1.3474 loss_val: 1.4521
Run:03 Epoch: 0184 loss_train: 1.3295 loss_val: 1.4211
Run:03 Epoch: 0185 loss_train: 1.3267 loss_val: 1.4399
Run:03 Epoch: 0186 loss_train: 1.4023 loss_val: 1.4190
Run:03 Epoch: 0187 loss_train: 1.3333 loss_val: 1.4368
Run:03 Epoch: 0188 loss_train: 1.3248 loss_val: 1.4966
Run:03 Epoch: 0189 loss_train: 1.3275 loss_val: 1.4444
Run:03 Epoch: 0190 loss_train: 1.3619 loss_val: 1.4401
Run:03 Epoch: 0191 loss_train: 1.3114 loss_val: 1.3895
Run:03 Epoch: 0192 loss_train: 1.3059 loss_val: 1.3745
Run:03 Epoch: 0193 loss_train: 1.3240 loss_val: 1.4096
Run:03 Epoch: 0194 loss_train: 1.3108 loss_val: 1.4718
Run:03 Epoch: 0195 loss_train: 1.3413 loss_val: 1.4272
Run:03 Epoch: 0196 loss_train: 1.3283 loss_val: 1.4437
Run:03 Epoch: 0197 loss_train: 1.2931 loss_val: 1.4155
Run:03 Epoch: 0198 loss_train: 1.3918 loss_val: 1.3908
Run:03 Epoch: 0199 loss_train: 1.3446 loss_val: 1.4148
Run:03 Epoch: 0200 loss_train: 1.3581 loss_val: 1.4808
Run:03 Epoch: 0201 loss_train: 1.3104 loss_val: 1.5853
Run:03 Epoch: 0202 loss_train: 1.3953 loss_val: 1.4703
Run:03 Epoch: 0203 loss_train: 1.3175 loss_val: 1.4465
Run:03 Epoch: 0204 loss_train: 1.3184 loss_val: 1.4295
Run:03 Epoch: 0205 loss_train: 1.3189 loss_val: 1.4634
Run:03 Epoch: 0206 loss_train: 1.3287 loss_val: 1.4916
Run:03 Epoch: 0207 loss_train: 1.3080 loss_val: 1.4922
Run:03 Epoch: 0208 loss_train: 1.3272 loss_val: 1.4527
Run:03 Epoch: 0209 loss_train: 1.3149 loss_val: 1.4328
Run:03 Epoch: 0210 loss_train: 1.3162 loss_val: 1.4435
Run:03 Epoch: 0211 loss_train: 1.3493 loss_val: 1.4118
Run:03 Epoch: 0212 loss_train: 1.3013 loss_val: 1.4198
Run:03 Epoch: 0213 loss_train: 1.3217 loss_val: 1.5020
Run:03 Epoch: 0214 loss_train: 1.3382 loss_val: 1.4955
Run:03 Epoch: 0215 loss_train: 1.3028 loss_val: 1.4172
Run:03 Epoch: 0216 loss_train: 1.3148 loss_val: 1.4176
Run:03 Epoch: 0217 loss_train: 1.2764 loss_val: 1.4198
Run:03 Epoch: 0218 loss_train: 1.2900 loss_val: 1.4011
Run:03 Epoch: 0219 loss_train: 1.3057 loss_val: 1.4045
Run:03 Epoch: 0220 loss_train: 1.3051 loss_val: 1.4248
Run:03 Epoch: 0221 loss_train: 1.2915 loss_val: 1.5394
Run:03 Epoch: 0222 loss_train: 1.3305 loss_val: 1.4633
Run:03 Epoch: 0223 loss_train: 1.3125 loss_val: 1.3820
Run:03 Epoch: 0224 loss_train: 1.2956 loss_val: 1.3831
Run:03 Epoch: 0225 loss_train: 1.3019 loss_val: 1.4016
Run:03 Epoch: 0226 loss_train: 1.3264 loss_val: 1.4951
Run:03 Epoch: 0227 loss_train: 1.3322 loss_val: 1.4563
Run:03 Epoch: 0228 loss_train: 1.2953 loss_val: 1.4072
Run:03 Epoch: 0229 loss_train: 1.3143 loss_val: 1.4126
Run:03 Epoch: 0230 loss_train: 1.3041 loss_val: 1.3898
Run:03 Epoch: 0231 loss_train: 1.2959 loss_val: 1.4389
Run:03 Epoch: 0232 loss_train: 1.3203 loss_val: 1.4964
Run:03 Epoch: 0233 loss_train: 1.3260 loss_val: 1.4340
Run:03 Epoch: 0234 loss_train: 1.3254 loss_val: 1.4046
Run:03 Epoch: 0235 loss_train: 1.3115 loss_val: 1.3965
Run:03 Epoch: 0236 loss_train: 1.3183 loss_val: 1.4617
Run:03 Epoch: 0237 loss_train: 1.3202 loss_val: 1.5297
Run:03 Epoch: 0238 loss_train: 1.3183 loss_val: 1.5370
Run:03 Epoch: 0239 loss_train: 1.3508 loss_val: 1.4395
Run:03 Epoch: 0240 loss_train: 1.3037 loss_val: 1.4646
Run:03 Epoch: 0241 loss_train: 1.3240 loss_val: 1.4013
Run:03 Epoch: 0242 loss_train: 1.2995 loss_val: 1.4065
Run:03 Epoch: 0243 loss_train: 1.3067 loss_val: 1.4737
Run:03 Epoch: 0244 loss_train: 1.2818 loss_val: 1.5340
Run:03 Epoch: 0245 loss_train: 1.3434 loss_val: 1.4527
Run:03 Epoch: 0246 loss_train: 1.3129 loss_val: 1.4071
Run:03 Epoch: 0247 loss_train: 1.2904 loss_val: 1.4116
Run:03 Epoch: 0248 loss_train: 1.3322 loss_val: 1.4075
Run:03 Epoch: 0249 loss_train: 1.3299 loss_val: 1.4586
Run:03 Epoch: 0250 loss_train: 1.3208 loss_val: 1.4850
Run:03 Epoch: 0251 loss_train: 1.2979 loss_val: 1.4695
Run:03 Epoch: 0252 loss_train: 1.3163 loss_val: 1.4005
Run:03 Epoch: 0253 loss_train: 1.2938 loss_val: 1.4130
Run:03 Epoch: 0254 loss_train: 1.2873 loss_val: 1.4744
Run:03 Epoch: 0255 loss_train: 1.3182 loss_val: 1.4062
Run:03 Epoch: 0256 loss_train: 1.2877 loss_val: 1.4374
Run:03 Epoch: 0257 loss_train: 1.3163 loss_val: 1.5227
Run:03 Epoch: 0258 loss_train: 1.2946 loss_val: 1.5415
Run:03 Epoch: 0259 loss_train: 1.3681 loss_val: 1.9056
Run:03 Epoch: 0260 loss_train: 1.5921 loss_val: 1.4202
Run:03 Epoch: 0261 loss_train: 1.3967 loss_val: 1.5348
Run:03 Epoch: 0262 loss_train: 1.4419 loss_val: 1.6659
Run:03 Epoch: 0263 loss_train: 1.5800 loss_val: 1.5733
Run:03 Epoch: 0264 loss_train: 1.5088 loss_val: 1.5546
Run:03 Epoch: 0265 loss_train: 1.5157 loss_val: 1.5386
Run:03 Epoch: 0266 loss_train: 1.4491 loss_val: 1.5853
Run:03 Epoch: 0267 loss_train: 1.4053 loss_val: 1.5772
Run:03 Epoch: 0268 loss_train: 1.3929 loss_val: 1.5122
Run:03 Epoch: 0269 loss_train: 1.4517 loss_val: 1.4846
Run:03 Epoch: 0270 loss_train: 1.4106 loss_val: 1.4619
Run:03 Epoch: 0271 loss_train: 1.3444 loss_val: 1.5216
Run:03 Epoch: 0272 loss_train: 1.3739 loss_val: 1.4541
Run:03 Epoch: 0273 loss_train: 1.3637 loss_val: 1.4322
Run:03 Epoch: 0274 loss_train: 1.3691 loss_val: 1.4307
Run:03 Epoch: 0275 loss_train: 1.3482 loss_val: 1.4847
Run:03 Epoch: 0276 loss_train: 1.3540 loss_val: 1.4626
Run:03 Epoch: 0277 loss_train: 1.3597 loss_val: 1.4459
Run:03 Epoch: 0278 loss_train: 1.3429 loss_val: 1.4345
Run:03 Epoch: 0279 loss_train: 1.3701 loss_val: 1.4274
Run:03 Epoch: 0280 loss_train: 1.3376 loss_val: 1.4736
Run:03 Epoch: 0281 loss_train: 1.3410 loss_val: 1.4359
Run:03 Epoch: 0282 loss_train: 1.3219 loss_val: 1.3961
Run:03 Epoch: 0283 loss_train: 1.3368 loss_val: 1.4070
Run:03 Epoch: 0284 loss_train: 1.3131 loss_val: 1.4375
Run:03 Epoch: 0285 loss_train: 1.3085 loss_val: 1.4734
Run:03 Epoch: 0286 loss_train: 1.3124 loss_val: 1.5143
Run:03 Epoch: 0287 loss_train: 1.2881 loss_val: 1.5002
Run:03 Epoch: 0288 loss_train: 1.2827 loss_val: 1.5075
Run:03 Epoch: 0289 loss_train: 1.3137 loss_val: 1.4806
Run:03 Epoch: 0290 loss_train: 1.2920 loss_val: 1.4720
Run:03 Epoch: 0291 loss_train: 1.3292 loss_val: 1.4434
Run:03 Epoch: 0292 loss_train: 1.3001 loss_val: 1.4520
Run:03 Epoch: 0293 loss_train: 1.2859 loss_val: 1.4635
Run:03 Epoch: 0294 loss_train: 1.2761 loss_val: 1.4889
Run:03 Epoch: 0295 loss_train: 1.3034 loss_val: 1.4782
Run:03 Epoch: 0296 loss_train: 1.3141 loss_val: 1.4508
Run:03 Epoch: 0297 loss_train: 1.3019 loss_val: 1.4329
Run:03 Epoch: 0298 loss_train: 1.2997 loss_val: 1.3994
Run:03 Epoch: 0299 loss_train: 1.2811 loss_val: 1.4270
Run:03 Epoch: 0300 loss_train: 1.2919 loss_val: 1.4591
Run:03 Epoch: 0301 loss_train: 1.3169 loss_val: 1.5076
Run:03 Epoch: 0302 loss_train: 1.2922 loss_val: 1.4885
Run:03 Epoch: 0303 loss_train: 1.3043 loss_val: 1.4375
Run:03 Epoch: 0304 loss_train: 1.2966 loss_val: 1.4418
Run:03 Epoch: 0305 loss_train: 1.3043 loss_val: 1.4179
Run:03 Epoch: 0306 loss_train: 1.3047 loss_val: 1.4487
Run:03 Epoch: 0307 loss_train: 1.2737 loss_val: 1.4937
Run:03 Epoch: 0308 loss_train: 1.2903 loss_val: 1.4943
Run:03 Epoch: 0309 loss_train: 1.3227 loss_val: 1.4384
Run:03 Epoch: 0310 loss_train: 1.2954 loss_val: 1.3976
Run:03 Epoch: 0311 loss_train: 1.3026 loss_val: 1.4260
Run:03 Epoch: 0312 loss_train: 1.3019 loss_val: 1.4125
Run:03 Epoch: 0313 loss_train: 1.2949 loss_val: 1.4364
Run:03 Epoch: 0314 loss_train: 1.2719 loss_val: 1.5160
Run:03 Epoch: 0315 loss_train: 1.3068 loss_val: 1.4702
Run:03 Epoch: 0316 loss_train: 1.2982 loss_val: 1.3928
Run:03 Epoch: 0317 loss_train: 1.2935 loss_val: 1.3950
Run:03 Epoch: 0318 loss_train: 1.2784 loss_val: 1.3943
Run:03 Epoch: 0319 loss_train: 1.2729 loss_val: 1.4724
Run:03 Epoch: 0320 loss_train: 1.3072 loss_val: 1.4274
Run:03 Epoch: 0321 loss_train: 1.2706 loss_val: 1.4562
Run:03 Epoch: 0322 loss_train: 1.2611 loss_val: 1.4871
Run:03 Epoch: 0323 loss_train: 1.3162 loss_val: 1.4398
Run:03 Epoch: 0324 loss_train: 1.2862 loss_val: 1.4203
Run:03 Epoch: 0325 loss_train: 1.2796 loss_val: 1.4834
Run:03 Epoch: 0326 loss_train: 1.3193 loss_val: 1.3983
Run:03 Epoch: 0327 loss_train: 1.2891 loss_val: 1.4371
Run:03 Epoch: 0328 loss_train: 1.2733 loss_val: 1.4710
Run:03 Epoch: 0329 loss_train: 1.2884 loss_val: 1.4676
Run:03 Epoch: 0330 loss_train: 1.2797 loss_val: 1.4214
Run:03 Epoch: 0331 loss_train: 1.2874 loss_val: 1.4187
Run:03 Epoch: 0332 loss_train: 1.2829 loss_val: 1.4327
Run:03 Epoch: 0333 loss_train: 1.2610 loss_val: 1.4760
Run:03 Epoch: 0334 loss_train: 1.2942 loss_val: 1.4731
Run:03 Epoch: 0335 loss_train: 1.2921 loss_val: 1.4572
Run:03 Epoch: 0336 loss_train: 1.2669 loss_val: 1.4410
Run:03 Epoch: 0337 loss_train: 1.3066 loss_val: 1.4064
Run:03 Epoch: 0338 loss_train: 1.2774 loss_val: 1.3997
Run:03 Epoch: 0339 loss_train: 1.2579 loss_val: 1.4517
Run:03 Epoch: 0340 loss_train: 1.2699 loss_val: 1.5317
Run:03 Epoch: 0341 loss_train: 1.2968 loss_val: 1.4418
Run:03 Epoch: 0342 loss_train: 1.2745 loss_val: 1.3760
Run:03 Epoch: 0343 loss_train: 1.2806 loss_val: 1.3704
Run:03 Epoch: 0344 loss_train: 1.2626 loss_val: 1.4167
Run:03 Epoch: 0345 loss_train: 1.2988 loss_val: 1.4315
Run:03 Epoch: 0346 loss_train: 1.2472 loss_val: 1.5034
Run:03 Epoch: 0347 loss_train: 1.2659 loss_val: 1.4531
Run:03 Epoch: 0348 loss_train: 1.2888 loss_val: 1.4098
Run:03 Epoch: 0349 loss_train: 1.2528 loss_val: 1.4010
Run:03 Epoch: 0350 loss_train: 1.2835 loss_val: 1.3402
Run:03 Epoch: 0351 loss_train: 1.2715 loss_val: 1.3852
Run:03 Epoch: 0352 loss_train: 1.2715 loss_val: 1.4434
Run:03 Epoch: 0353 loss_train: 1.3092 loss_val: 1.4191
Run:03 Epoch: 0354 loss_train: 1.2638 loss_val: 1.3562
Run:03 Epoch: 0355 loss_train: 1.2668 loss_val: 1.4247
Run:03 Epoch: 0356 loss_train: 1.2865 loss_val: 1.3530
Run:03 Epoch: 0357 loss_train: 1.2626 loss_val: 1.3904
Run:03 Epoch: 0358 loss_train: 1.3013 loss_val: 1.4607
Run:03 Epoch: 0359 loss_train: 1.3144 loss_val: 1.3902
Run:03 Epoch: 0360 loss_train: 1.2759 loss_val: 1.3822
Run:03 Epoch: 0361 loss_train: 1.2759 loss_val: 1.3997
Run:03 Epoch: 0362 loss_train: 1.2745 loss_val: 1.3909
Run:03 Epoch: 0363 loss_train: 1.2724 loss_val: 1.3750
Run:03 Epoch: 0364 loss_train: 1.2813 loss_val: 1.4613
Run:03 Epoch: 0365 loss_train: 1.2720 loss_val: 1.4526
Run:03 Epoch: 0366 loss_train: 1.2805 loss_val: 1.3908
Run:03 Epoch: 0367 loss_train: 1.2735 loss_val: 1.3648
Run:03 Epoch: 0368 loss_train: 1.2625 loss_val: 1.3562
Run:03 Epoch: 0369 loss_train: 1.2962 loss_val: 1.3700
Run:03 Epoch: 0370 loss_train: 1.2655 loss_val: 1.3693
Run:03 Epoch: 0371 loss_train: 1.2912 loss_val: 1.4308
Run:03 Epoch: 0372 loss_train: 1.2753 loss_val: 1.3871
Run:03 Epoch: 0373 loss_train: 1.2647 loss_val: 1.3723
Run:03 Epoch: 0374 loss_train: 1.2557 loss_val: 1.4148
Run:03 Epoch: 0375 loss_train: 1.2600 loss_val: 1.3616
Run:03 Epoch: 0376 loss_train: 1.2482 loss_val: 1.3462
Run:03 Epoch: 0377 loss_train: 1.2800 loss_val: 1.3962
Run:03 Epoch: 0378 loss_train: 1.2947 loss_val: 1.4197
Run:03 Epoch: 0379 loss_train: 1.2619 loss_val: 1.3506
Run:03 Epoch: 0380 loss_train: 1.2645 loss_val: 1.4284
Run:03 Epoch: 0381 loss_train: 1.2980 loss_val: 1.3573
Run:03 Epoch: 0382 loss_train: 1.2825 loss_val: 1.4176
Run:03 Epoch: 0383 loss_train: 1.2729 loss_val: 1.5036
Run:03 Epoch: 0384 loss_train: 1.2905 loss_val: 1.4108
Run:03 Epoch: 0385 loss_train: 1.2652 loss_val: 1.4033
Run:03 Epoch: 0386 loss_train: 1.2766 loss_val: 1.4004
Run:03 Epoch: 0387 loss_train: 1.2710 loss_val: 1.4222
Run:03 Epoch: 0388 loss_train: 1.2664 loss_val: 1.4393
Run:03 Epoch: 0389 loss_train: 1.2853 loss_val: 1.3917
Run:03 Epoch: 0390 loss_train: 1.2794 loss_val: 1.4274
/usr/local/miniconda3/envs/hy/lib/python3.8/site-packages/torch/nn/functional.py:1967: UserWarning: nn.functional.sigmoid is deprecated. Use torch.sigmoid instead.
  warnings.warn("nn.functional.sigmoid is deprecated. Use torch.sigmoid instead.")
Run Train: 100%|████████████████████████████████████████████████████████████████████████████████████████████████████████████████████████| 3/3 [21:34<00:00, 433.00s/it]Run Train: 100%|████████████████████████████████████████████████████████████████████████████████████████████████████████████████████████| 3/3 [21:34<00:00, 431.35s/it]
Run:03 Epoch: 0391 loss_train: 1.2884 loss_val: 1.3803
Run:03 Epoch: 0392 loss_train: 1.2710 loss_val: 1.3951
Run:03 Epoch: 0393 loss_train: 1.2738 loss_val: 1.3871
Run:03 Epoch: 0394 loss_train: 1.2712 loss_val: 1.4488
Run:03 Epoch: 0395 loss_train: 1.2833 loss_val: 1.4484
Run:03 Epoch: 0396 loss_train: 1.3014 loss_val: 1.3706
Run:03 Epoch: 0397 loss_train: 1.2706 loss_val: 1.4671
Run:03 Epoch: 0398 loss_train: 1.3341 loss_val: 1.4174
Run:03 Epoch: 0399 loss_train: 1.3025 loss_val: 1.4803
Run:03 Epoch: 0400 loss_train: 1.3345 loss_val: 1.4698
test acc: 0.46528803545051706 test acc std 0.11303472064820674


test micro f1: 0.46528803545051695 test macro f1 0.3279466910994016
