/users/Min/miniconda/envs/hy/lib/python3.9/site-packages/torch/nn/functional.py:1967: UserWarning: nn.functional.sigmoid is deprecated. Use torch.sigmoid instead.
  warnings.warn("nn.functional.sigmoid is deprecated. Use torch.sigmoid instead.")
args
 Namespace(samples=4, concat=10, runs=3, latent_size=10, dataset='coauthorcora', seed=42, epochs=1500, lr=0.01, weight_decay=0.0005, hidden=64, dropout=0.5, batch_size=128, tem=0.5, lam=1.0, pretrain_epochs=8, pretrain_lr=0.05, conditional=True, update_epochs=20, num_models=100, warmup=200, cuda=False)
This is coauthorship_cora dataset:
  ->  num_classes
  ->  num_vertices
  ->  num_edges
  ->  dim_features
  ->  features
  ->  edge_list
  ->  labels
  ->  train_mask
  ->  val_mask
  ->  test_mask
Please try `data['name']` to get the specified data.
Run Train:   0%|          | 0/3 [00:00<?, ?it/s]Run:01 Epoch: 0001 loss_train: 1.9514 loss_val: 1.9219
Run:01 Epoch: 0011 loss_train: 1.8946 loss_val: 1.8021
Run:01 Epoch: 0021 loss_train: 1.6255 loss_val: 1.5713
Run:01 Epoch: 0031 loss_train: 1.2514 loss_val: 1.2391
Run:01 Epoch: 0041 loss_train: 1.0532 loss_val: 1.0944
Run:01 Epoch: 0051 loss_train: 0.9672 loss_val: 1.0344
Run:01 Epoch: 0061 loss_train: 0.9212 loss_val: 0.9992
Run:01 Epoch: 0071 loss_train: 0.8696 loss_val: 0.9633
Run:01 Epoch: 0081 loss_train: 0.8334 loss_val: 0.9395
Run:01 Epoch: 0091 loss_train: 0.8036 loss_val: 0.9163
Run:01 Epoch: 0101 loss_train: 0.7775 loss_val: 0.8969
Run:01 Epoch: 0111 loss_train: 0.7540 loss_val: 0.8789
Run:01 Epoch: 0121 loss_train: 0.7332 loss_val: 0.8619
Run:01 Epoch: 0131 loss_train: 0.7183 loss_val: 0.8524
Run:01 Epoch: 0141 loss_train: 0.7067 loss_val: 0.8436
Run:01 Epoch: 0151 loss_train: 0.6945 loss_val: 0.8356
Run:01 Epoch: 0161 loss_train: 0.6851 loss_val: 0.8300
Run:01 Epoch: 0171 loss_train: 0.6797 loss_val: 0.8273
Run:01 Epoch: 0181 loss_train: 0.6773 loss_val: 0.8211
Run:01 Epoch: 0191 loss_train: 0.6692 loss_val: 0.8193
Run:01 Epoch: 0201 loss_train: 0.6650 loss_val: 0.8161
Run:01 Epoch: 0211 loss_train: 0.6611 loss_val: 0.8129
Run:01 Epoch: 0221 loss_train: 0.6580 loss_val: 0.8097
Run:01 Epoch: 0231 loss_train: 0.6546 loss_val: 0.8093
Run:01 Epoch: 0241 loss_train: 0.6515 loss_val: 0.8077
Run:01 Epoch: 0251 loss_train: 0.6501 loss_val: 0.8068
Run:01 Epoch: 0261 loss_train: 0.6467 loss_val: 0.8035
Run:01 Epoch: 0271 loss_train: 0.6421 loss_val: 0.8048
Run:01 Epoch: 0281 loss_train: 0.6456 loss_val: 0.8053
Run:01 Epoch: 0291 loss_train: 0.6395 loss_val: 0.8039
Run:01 Epoch: 0301 loss_train: 0.6403 loss_val: 0.8025
Run:01 Epoch: 0311 loss_train: 0.6401 loss_val: 0.8032
Run:01 Epoch: 0321 loss_train: 0.6418 loss_val: 0.7991
Run:01 Epoch: 0331 loss_train: 0.6413 loss_val: 0.8041
Run:01 Epoch: 0341 loss_train: 0.6371 loss_val: 0.8006
Run:01 Epoch: 0351 loss_train: 0.6380 loss_val: 0.7995
Run:01 Epoch: 0361 loss_train: 0.6350 loss_val: 0.7990
Run:01 Epoch: 0371 loss_train: 0.6361 loss_val: 0.8011
Run:01 Epoch: 0381 loss_train: 0.6362 loss_val: 0.7972
Run:01 Epoch: 0391 loss_train: 0.6337 loss_val: 0.7970
Run:01 Epoch: 0401 loss_train: 0.6365 loss_val: 0.7997
Run:01 Epoch: 0411 loss_train: 0.6325 loss_val: 0.7987
Run:01 Epoch: 0421 loss_train: 0.6346 loss_val: 0.7996
Run:01 Epoch: 0431 loss_train: 0.6307 loss_val: 0.7992
Run:01 Epoch: 0441 loss_train: 0.6308 loss_val: 0.7982
Run:01 Epoch: 0451 loss_train: 0.6328 loss_val: 0.7967
Run:01 Epoch: 0461 loss_train: 0.6310 loss_val: 0.8021
Run:01 Epoch: 0471 loss_train: 0.6344 loss_val: 0.7975
Run:01 Epoch: 0481 loss_train: 0.6340 loss_val: 0.7980
Run:01 Epoch: 0491 loss_train: 0.6335 loss_val: 0.7971
Run:01 Epoch: 0501 loss_train: 0.6307 loss_val: 0.7988
Run:01 Epoch: 0511 loss_train: 0.6338 loss_val: 0.7954
Run:01 Epoch: 0521 loss_train: 0.6317 loss_val: 0.7985
Run:01 Epoch: 0531 loss_train: 0.6314 loss_val: 0.7967
Run:01 Epoch: 0541 loss_train: 0.6308 loss_val: 0.7960
Run:01 Epoch: 0551 loss_train: 0.6272 loss_val: 0.7957
Run:01 Epoch: 0561 loss_train: 0.6355 loss_val: 0.8016
Run:01 Epoch: 0571 loss_train: 0.6309 loss_val: 0.7980
Run:01 Epoch: 0581 loss_train: 0.6295 loss_val: 0.8010
Run:01 Epoch: 0591 loss_train: 0.6278 loss_val: 0.7958
Run:01 Epoch: 0601 loss_train: 0.6335 loss_val: 0.7965
Run:01 Epoch: 0611 loss_train: 0.6301 loss_val: 0.7973
Run:01 Epoch: 0621 loss_train: 0.6281 loss_val: 0.7990
Run:01 Epoch: 0631 loss_train: 0.6290 loss_val: 0.7966
Run:01 Epoch: 0641 loss_train: 0.6273 loss_val: 0.7944
Run:01 Epoch: 0651 loss_train: 0.6269 loss_val: 0.7964
Run:01 Epoch: 0661 loss_train: 0.6297 loss_val: 0.7954
Run:01 Epoch: 0671 loss_train: 0.6299 loss_val: 0.7963
Run:01 Epoch: 0681 loss_train: 0.6307 loss_val: 0.7962
Run:01 Epoch: 0691 loss_train: 0.6268 loss_val: 0.7971
Run:01 Epoch: 0701 loss_train: 0.6288 loss_val: 0.7978
Run:01 Epoch: 0711 loss_train: 0.6291 loss_val: 0.7999
Run:01 Epoch: 0721 loss_train: 0.6303 loss_val: 0.7962
Run:01 Epoch: 0731 loss_train: 0.6306 loss_val: 0.7963
Run:01 Epoch: 0741 loss_train: 0.6255 loss_val: 0.7973
Run:01 Epoch: 0751 loss_train: 0.6278 loss_val: 0.7972
Run:01 Epoch: 0761 loss_train: 0.6304 loss_val: 0.7939
Run:01 Epoch: 0771 loss_train: 0.6307 loss_val: 0.7975
Run:01 Epoch: 0781 loss_train: 0.6288 loss_val: 0.7941
Run:01 Epoch: 0791 loss_train: 0.6237 loss_val: 0.7949
Run:01 Epoch: 0801 loss_train: 0.6283 loss_val: 0.7989
Run:01 Epoch: 0811 loss_train: 0.6285 loss_val: 0.7961
Run:01 Epoch: 0821 loss_train: 0.6286 loss_val: 0.7953
Run:01 Epoch: 0831 loss_train: 0.6300 loss_val: 0.7954
Run:01 Epoch: 0841 loss_train: 0.6273 loss_val: 0.7948
Run:01 Epoch: 0851 loss_train: 0.6292 loss_val: 0.7989
Run:01 Epoch: 0861 loss_train: 0.6295 loss_val: 0.8002
Run:01 Epoch: 0871 loss_train: 0.6275 loss_val: 0.7958
Run:01 Epoch: 0881 loss_train: 0.6303 loss_val: 0.7968
Run:01 Epoch: 0891 loss_train: 0.6274 loss_val: 0.7977
Run:01 Epoch: 0901 loss_train: 0.6256 loss_val: 0.7956
Run:01 Epoch: 0911 loss_train: 0.6305 loss_val: 0.7956
Run:01 Epoch: 0921 loss_train: 0.6272 loss_val: 0.7960
Run:01 Epoch: 0931 loss_train: 0.6304 loss_val: 0.7983
Run:01 Epoch: 0941 loss_train: 0.6286 loss_val: 0.7952
Run:01 Epoch: 0951 loss_train: 0.6276 loss_val: 0.7970
Run:01 Epoch: 0961 loss_train: 0.6291 loss_val: 0.7967
Run:01 Epoch: 0971 loss_train: 0.6271 loss_val: 0.7958
Run:01 Epoch: 0981 loss_train: 0.6271 loss_val: 0.7981
Run:01 Epoch: 0991 loss_train: 0.6306 loss_val: 0.7952
Run:01 Epoch: 1001 loss_train: 0.6313 loss_val: 0.7945
Run:01 Epoch: 1011 loss_train: 0.6274 loss_val: 0.7968
Run:01 Epoch: 1021 loss_train: 0.6265 loss_val: 0.7959
Run:01 Epoch: 1031 loss_train: 0.6276 loss_val: 0.7976
Run:01 Epoch: 1041 loss_train: 0.6253 loss_val: 0.7983
Run:01 Epoch: 1051 loss_train: 0.6258 loss_val: 0.7963
Run:01 Epoch: 1061 loss_train: 0.6274 loss_val: 0.7960
Run:01 Epoch: 1071 loss_train: 0.6274 loss_val: 0.8002
Run:01 Epoch: 1081 loss_train: 0.6311 loss_val: 0.7966
Run:01 Epoch: 1091 loss_train: 0.6292 loss_val: 0.7951
Run:01 Epoch: 1101 loss_train: 0.6264 loss_val: 0.7963
Run:01 Epoch: 1111 loss_train: 0.6262 loss_val: 0.7989
Run:01 Epoch: 1121 loss_train: 0.6276 loss_val: 0.7993
Run:01 Epoch: 1131 loss_train: 0.6299 loss_val: 0.7952
Run:01 Epoch: 1141 loss_train: 0.6282 loss_val: 0.7978
Run:01 Epoch: 1151 loss_train: 0.6248 loss_val: 0.7967
Run:01 Epoch: 1161 loss_train: 0.6260 loss_val: 0.7960
Run:01 Epoch: 1171 loss_train: 0.6284 loss_val: 0.7952
Run:01 Epoch: 1181 loss_train: 0.6293 loss_val: 0.7944
Run:01 Epoch: 1191 loss_train: 0.6259 loss_val: 0.7946
Run:01 Epoch: 1201 loss_train: 0.6298 loss_val: 0.7956
Run:01 Epoch: 1211 loss_train: 0.6253 loss_val: 0.7960
Run:01 Epoch: 1221 loss_train: 0.6270 loss_val: 0.7945
Run:01 Epoch: 1231 loss_train: 0.6256 loss_val: 0.7959
Run:01 Epoch: 1241 loss_train: 0.6289 loss_val: 0.7985
Run:01 Epoch: 1251 loss_train: 0.6281 loss_val: 0.7976
Run:01 Epoch: 1261 loss_train: 0.6277 loss_val: 0.7934
Run:01 Epoch: 1271 loss_train: 0.6314 loss_val: 0.7959
Run:01 Epoch: 1281 loss_train: 0.6326 loss_val: 0.7963
Run:01 Epoch: 1291 loss_train: 0.6279 loss_val: 0.7959
Run:01 Epoch: 1301 loss_train: 0.6250 loss_val: 0.7943
Run:01 Epoch: 1311 loss_train: 0.6255 loss_val: 0.7955
Run:01 Epoch: 1321 loss_train: 0.6279 loss_val: 0.7952
Run:01 Epoch: 1331 loss_train: 0.6308 loss_val: 0.7965
Run:01 Epoch: 1341 loss_train: 0.6291 loss_val: 0.7958
Run:01 Epoch: 1351 loss_train: 0.6272 loss_val: 0.7959
Run:01 Epoch: 1361 loss_train: 0.6272 loss_val: 0.7995
Run:01 Epoch: 1371 loss_train: 0.6269 loss_val: 0.7942
Run:01 Epoch: 1381 loss_train: 0.6259 loss_val: 0.7978
Run:01 Epoch: 1391 loss_train: 0.6281 loss_val: 0.7957
Run:01 Epoch: 1401 loss_train: 0.6283 loss_val: 0.7962
Run:01 Epoch: 1411 loss_train: 0.6282 loss_val: 0.7950
Run:01 Epoch: 1421 loss_train: 0.6246 loss_val: 0.7960
Run:01 Epoch: 1431 loss_train: 0.6273 loss_val: 0.7962
Run:01 Epoch: 1441 loss_train: 0.6275 loss_val: 0.7947
Run:01 Epoch: 1451 loss_train: 0.6269 loss_val: 0.7978
Run:01 Epoch: 1461 loss_train: 0.6275 loss_val: 0.7945
Run:01 Epoch: 1471 loss_train: 0.6238 loss_val: 0.7952
Run:01 Epoch: 1481 loss_train: 0.6284 Run Train:  33%|███▎      | 1/3 [09:19<18:38, 559.49s/it]loss_val: 0.7994
Run:01 Epoch: 1491 loss_train: 0.6259 loss_val: 0.7957
Run:02 Epoch: 0001 loss_train: 0.6286 loss_val: 0.7952
Run:02 Epoch: 0011 loss_train: 0.6274 loss_val: 0.7969
Run:02 Epoch: 0021 loss_train: 0.6295 loss_val: 0.7964
Run:02 Epoch: 0031 loss_train: 0.6277 loss_val: 0.7970
Run:02 Epoch: 0041 loss_train: 0.6262 loss_val: 0.7945
Run:02 Epoch: 0051 loss_train: 0.6253 loss_val: 0.7947
Run:02 Epoch: 0061 loss_train: 0.6272 loss_val: 0.7994
Run:02 Epoch: 0071 loss_train: 0.6246 loss_val: 0.7952
Run:02 Epoch: 0081 loss_train: 0.6282 loss_val: 0.7960
Run:02 Epoch: 0091 loss_train: 0.6297 loss_val: 0.7961
Run:02 Epoch: 0101 loss_train: 0.6266 loss_val: 0.7976
Run:02 Epoch: 0111 loss_train: 0.6275 loss_val: 0.7950
Run:02 Epoch: 0121 loss_train: 0.6274 loss_val: 0.7953
Run:02 Epoch: 0131 loss_train: 0.6250 loss_val: 0.8012
Run:02 Epoch: 0141 loss_train: 0.6243 loss_val: 0.7946
Run:02 Epoch: 0151 loss_train: 0.6266 loss_val: 0.7984
Run:02 Epoch: 0161 loss_train: 0.6244 loss_val: 0.7955
Run:02 Epoch: 0171 loss_train: 0.6298 loss_val: 0.7994
Run:02 Epoch: 0181 loss_train: 0.6259 loss_val: 0.7936
Run:02 Epoch: 0191 loss_train: 0.6258 loss_val: 0.7970
Run:02 Epoch: 0201 loss_train: 0.6267 loss_val: 0.7968
Run:02 Epoch: 0211 loss_train: 0.6278 loss_val: 0.7960
Run:02 Epoch: 0221 loss_train: 0.6267 loss_val: 0.7960
Run:02 Epoch: 0231 loss_train: 0.6267 loss_val: 0.7960
Run:02 Epoch: 0241 loss_train: 0.6294 loss_val: 0.7960
Run:02 Epoch: 0251 loss_train: 0.6264 loss_val: 0.7976
Run:02 Epoch: 0261 loss_train: 0.6294 loss_val: 0.7978
Run:02 Epoch: 0271 loss_train: 0.6269 loss_val: 0.7943
Run:02 Epoch: 0281 loss_train: 0.6276 loss_val: 0.7970
Run:02 Epoch: 0291 loss_train: 0.6265 loss_val: 0.7966
Run:02 Epoch: 0301 loss_train: 0.6262 loss_val: 0.7952
Run:02 Epoch: 0311 loss_train: 0.6273 loss_val: 0.7958
Run:02 Epoch: 0321 loss_train: 0.6254 loss_val: 0.7961
Run:02 Epoch: 0331 loss_train: 0.6270 loss_val: 0.7978
Run:02 Epoch: 0341 loss_train: 0.6256 loss_val: 0.7974
Run:02 Epoch: 0351 loss_train: 0.6270 loss_val: 0.7982
Run:02 Epoch: 0361 loss_train: 0.6246 loss_val: 0.7949
Run:02 Epoch: 0371 loss_train: 0.6275 loss_val: 0.7951
Run:02 Epoch: 0381 loss_train: 0.6251 loss_val: 0.7979
Run:02 Epoch: 0391 loss_train: 0.6286 loss_val: 0.7968
Run:02 Epoch: 0401 loss_train: 0.6280 loss_val: 0.7952
Run:02 Epoch: 0411 loss_train: 0.6252 loss_val: 0.7986
Run:02 Epoch: 0421 loss_train: 0.6259 loss_val: 0.7960
Run:02 Epoch: 0431 loss_train: 0.6284 loss_val: 0.7975
Run:02 Epoch: 0441 loss_train: 0.6235 loss_val: 0.7987
Run:02 Epoch: 0451 loss_train: 0.6261 loss_val: 0.7948
Run:02 Epoch: 0461 loss_train: 0.6254 loss_val: 0.7964
Run:02 Epoch: 0471 loss_train: 0.6281 loss_val: 0.7981
Run:02 Epoch: 0481 loss_train: 0.6292 loss_val: 0.7957
Run:02 Epoch: 0491 loss_train: 0.6256 loss_val: 0.7966
Run:02 Epoch: 0501 loss_train: 0.6234 loss_val: 0.7960
Run:02 Epoch: 0511 loss_train: 0.6281 loss_val: 0.7953
Run:02 Epoch: 0521 loss_train: 0.6231 loss_val: 0.7997
Run:02 Epoch: 0531 loss_train: 0.6255 loss_val: 0.7957
Run:02 Epoch: 0541 loss_train: 0.6255 loss_val: 0.7962
Run:02 Epoch: 0551 loss_train: 0.6261 loss_val: 0.7967
Run:02 Epoch: 0561 loss_train: 0.6264 loss_val: 0.7972
Run:02 Epoch: 0571 loss_train: 0.6262 loss_val: 0.7976
Run:02 Epoch: 0581 loss_train: 0.6260 loss_val: 0.7959
Run:02 Epoch: 0591 loss_train: 0.6265 loss_val: 0.7977
Run:02 Epoch: 0601 loss_train: 0.6239 loss_val: 0.7932
Run:02 Epoch: 0611 loss_train: 0.6276 loss_val: 0.7967
Run:02 Epoch: 0621 loss_train: 0.6271 loss_val: 0.7973
Run:02 Epoch: 0631 loss_train: 0.6248 loss_val: 0.7977
Run:02 Epoch: 0641 loss_train: 0.6253 loss_val: 0.7959
Run:02 Epoch: 0651 loss_train: 0.6268 loss_val: 0.7988
Run:02 Epoch: 0661 loss_train: 0.6264 loss_val: 0.7949
Run:02 Epoch: 0671 loss_train: 0.6252 loss_val: 0.7987
Run:02 Epoch: 0681 loss_train: 0.6256 loss_val: 0.7960
Run:02 Epoch: 0691 loss_train: 0.6265 loss_val: 0.7979
Run:02 Epoch: 0701 loss_train: 0.6282 loss_val: 0.7971
Run:02 Epoch: 0711 loss_train: 0.6271 loss_val: 0.7954
Run:02 Epoch: 0721 loss_train: 0.6256 loss_val: 0.7986
Run:02 Epoch: 0731 loss_train: 0.6268 loss_val: 0.7949
Run:02 Epoch: 0741 loss_train: 0.6257 loss_val: 0.7978
Run:02 Epoch: 0751 loss_train: 0.6266 loss_val: 0.7953
Run:02 Epoch: 0761 loss_train: 0.6236 loss_val: 0.7945
Run:02 Epoch: 0771 loss_train: 0.6275 loss_val: 0.7960
Run:02 Epoch: 0781 loss_train: 0.6251 loss_val: 0.7972
Run:02 Epoch: 0791 loss_train: 0.6253 loss_val: 0.7960
Run:02 Epoch: 0801 loss_train: 0.6270 loss_val: 0.7968
Run:02 Epoch: 0811 loss_train: 0.6248 loss_val: 0.7956
Run:02 Epoch: 0821 loss_train: 0.6271 loss_val: 0.7972
Run:02 Epoch: 0831 loss_train: 0.6277 loss_val: 0.7967
Run:02 Epoch: 0841 loss_train: 0.6262 loss_val: 0.7978
Run:02 Epoch: 0851 loss_train: 0.6283 loss_val: 0.7963
Run:02 Epoch: 0861 loss_train: 0.6253 loss_val: 0.7972
Run:02 Epoch: 0871 loss_train: 0.6260 loss_val: 0.7957
Run:02 Epoch: 0881 loss_train: 0.6219 loss_val: 0.7963
Run:02 Epoch: 0891 loss_train: 0.6293 loss_val: 0.7960
Run:02 Epoch: 0901 loss_train: 0.6302 loss_val: 0.7981
Run:02 Epoch: 0911 loss_train: 0.6265 loss_val: 0.7953
Run:02 Epoch: 0921 loss_train: 0.6300 loss_val: 0.7938
Run:02 Epoch: 0931 loss_train: 0.6273 loss_val: 0.7969
Run:02 Epoch: 0941 loss_train: 0.6259 loss_val: 0.7957
Run:02 Epoch: 0951 loss_train: 0.6265 loss_val: 0.7942
Run:02 Epoch: 0961 loss_train: 0.6261 loss_val: 0.7978
Run:02 Epoch: 0971 loss_train: 0.6281 loss_val: 0.7944
Run:02 Epoch: 0981 loss_train: 0.6239 loss_val: 0.7966
Run:02 Epoch: 0991 loss_train: 0.6243 loss_val: 0.7964
Run:02 Epoch: 1001 loss_train: 0.6276 loss_val: 0.7963
Run:02 Epoch: 1011 loss_train: 0.6237 loss_val: 0.7988
Run:02 Epoch: 1021 loss_train: 0.6263 loss_val: 0.7962
Run:02 Epoch: 1031 loss_train: 0.6261 loss_val: 0.7974
Run:02 Epoch: 1041 loss_train: 0.6277 loss_val: 0.7949
Run:02 Epoch: 1051 loss_train: 0.6267 loss_val: 0.7961
Run:02 Epoch: 1061 loss_train: 0.6268 loss_val: 0.7972
Run:02 Epoch: 1071 loss_train: 0.6274 loss_val: 0.7950
Run:02 Epoch: 1081 loss_train: 0.6294 loss_val: 0.7987
Run:02 Epoch: 1091 loss_train: 0.6270 loss_val: 0.7965
Run:02 Epoch: 1101 loss_train: 0.6243 loss_val: 0.7957
Run:02 Epoch: 1111 loss_train: 0.6260 loss_val: 0.7968
Run:02 Epoch: 1121 loss_train: 0.6245 loss_val: 0.7949
Run:02 Epoch: 1131 loss_train: 0.6250 loss_val: 0.7968
Run:02 Epoch: 1141 loss_train: 0.6245 loss_val: 0.7951
Run:02 Epoch: 1151 loss_train: 0.6276 loss_val: 0.7959
Run:02 Epoch: 1161 loss_train: 0.6276 loss_val: 0.7990
Run:02 Epoch: 1171 loss_train: 0.6262 loss_val: 0.7950
Run:02 Epoch: 1181 loss_train: 0.6260 loss_val: 0.7966
Run:02 Epoch: 1191 loss_train: 0.6264 loss_val: 0.7981
Run:02 Epoch: 1201 loss_train: 0.6265 loss_val: 0.7963
Run:02 Epoch: 1211 loss_train: 0.6266 loss_val: 0.8002
Run:02 Epoch: 1221 loss_train: 0.6265 loss_val: 0.7955
Run:02 Epoch: 1231 loss_train: 0.6282 loss_val: 0.7946
Run:02 Epoch: 1241 loss_train: 0.6249 loss_val: 0.7984
Run:02 Epoch: 1251 loss_train: 0.6231 loss_val: 0.7967
Run:02 Epoch: 1261 loss_train: 0.6245 loss_val: 0.7949
Run:02 Epoch: 1271 loss_train: 0.6256 loss_val: 0.7969
Run:02 Epoch: 1281 loss_train: 0.6294 loss_val: 0.7960
Run:02 Epoch: 1291 loss_train: 0.6249 loss_val: 0.7967
Run:02 Epoch: 1301 loss_train: 0.6278 loss_val: 0.7949
Run:02 Epoch: 1311 loss_train: 0.6259 loss_val: 0.7968
Run:02 Epoch: 1321 loss_train: 0.6266 loss_val: 0.7971
Run:02 Epoch: 1331 loss_train: 0.6271 loss_val: 0.7969
Run:02 Epoch: 1341 loss_train: 0.6269 loss_val: 0.7954
Run:02 Epoch: 1351 loss_train: 0.6287 loss_val: 0.7978
Run:02 Epoch: 1361 loss_train: 0.6280 loss_val: 0.7956
Run:02 Epoch: 1371 loss_train: 0.6231 loss_val: 0.8003
Run:02 Epoch: 1381 loss_train: 0.6281 loss_val: 0.7969
Run:02 Epoch: 1391 loss_train: 0.6263 loss_val: 0.7948
Run:02 Epoch: 1401 loss_train: 0.6272 loss_val: 0.7957
Run:02 Epoch: 1411 loss_train: 0.6244 loss_val: 0.7967
Run:02 Epoch: 1421 loss_train: 0.6257 loss_val: 0.7928
Run:02 Epoch: 1431 loss_train: 0.6254 loss_val: 0.7967
Run:02 Epoch: 1441 loss_train: 0.6255 loss_val: 0.7963
Run:02 Epoch: 1451 loss_train: 0.6220 loss_val: 0.7960
Run:02 Epoch: 1461 loss_train: 0.6277 loss_val: 0.7970
Run:02 Epoch: 1471 Run Train:  67%|██████▋   | 2/3 [19:04<09:34, 574.67s/it]loss_train: 0.6261 loss_val: 0.7960
Run:02 Epoch: 1481 loss_train: 0.6270 loss_val: 0.7946
Run:02 Epoch: 1491 loss_train: 0.6254 loss_val: 0.7977
Run:03 Epoch: 0001 loss_train: 0.6246 loss_val: 0.7975
Run:03 Epoch: 0011 loss_train: 0.6251 loss_val: 0.7973
Run:03 Epoch: 0021 loss_train: 0.6238 loss_val: 0.7958
Run:03 Epoch: 0031 loss_train: 0.6276 loss_val: 0.7966
Run:03 Epoch: 0041 loss_train: 0.6249 loss_val: 0.7952
Run:03 Epoch: 0051 loss_train: 0.6262 loss_val: 0.7959
Run:03 Epoch: 0061 loss_train: 0.6256 loss_val: 0.7983
Run:03 Epoch: 0071 loss_train: 0.6248 loss_val: 0.7949
Run:03 Epoch: 0081 loss_train: 0.6268 loss_val: 0.7989
Run:03 Epoch: 0091 loss_train: 0.6251 loss_val: 0.7975
Run:03 Epoch: 0101 loss_train: 0.6256 loss_val: 0.7957
Run:03 Epoch: 0111 loss_train: 0.6254 loss_val: 0.7968
Run:03 Epoch: 0121 loss_train: 0.6233 loss_val: 0.7959
Run:03 Epoch: 0131 loss_train: 0.6280 loss_val: 0.7940
Run:03 Epoch: 0141 loss_train: 0.6253 loss_val: 0.7951
Run:03 Epoch: 0151 loss_train: 0.6232 loss_val: 0.7966
Run:03 Epoch: 0161 loss_train: 0.6268 loss_val: 0.7951
Run:03 Epoch: 0171 loss_train: 0.6257 loss_val: 0.7970
Run:03 Epoch: 0181 loss_train: 0.6238 loss_val: 0.7978
Run:03 Epoch: 0191 loss_train: 0.6258 loss_val: 0.7971
Run:03 Epoch: 0201 loss_train: 0.6268 loss_val: 0.7964
Run:03 Epoch: 0211 loss_train: 0.6262 loss_val: 0.7964
Run:03 Epoch: 0221 loss_train: 0.6264 loss_val: 0.7948
Run:03 Epoch: 0231 loss_train: 0.6266 loss_val: 0.7988
Run:03 Epoch: 0241 loss_train: 0.6223 loss_val: 0.7963
Run:03 Epoch: 0251 loss_train: 0.6251 loss_val: 0.7947
Run:03 Epoch: 0261 loss_train: 0.6277 loss_val: 0.7995
Run:03 Epoch: 0271 loss_train: 0.6281 loss_val: 0.7956
Run:03 Epoch: 0281 loss_train: 0.6281 loss_val: 0.7954
Run:03 Epoch: 0291 loss_train: 0.6255 loss_val: 0.7953
Run:03 Epoch: 0301 loss_train: 0.6261 loss_val: 0.7966
Run:03 Epoch: 0311 loss_train: 0.6290 loss_val: 0.7950
Run:03 Epoch: 0321 loss_train: 0.6258 loss_val: 0.7980
Run:03 Epoch: 0331 loss_train: 0.6249 loss_val: 0.7949
Run:03 Epoch: 0341 loss_train: 0.6277 loss_val: 0.7965
Run:03 Epoch: 0351 loss_train: 0.6260 loss_val: 0.7977
Run:03 Epoch: 0361 loss_train: 0.6269 loss_val: 0.7962
Run:03 Epoch: 0371 loss_train: 0.6224 loss_val: 0.7973
Run:03 Epoch: 0381 loss_train: 0.6258 loss_val: 0.7943
Run:03 Epoch: 0391 loss_train: 0.6282 loss_val: 0.7952
Run:03 Epoch: 0401 loss_train: 0.6242 loss_val: 0.7962
Run:03 Epoch: 0411 loss_train: 0.6264 loss_val: 0.7977
Run:03 Epoch: 0421 loss_train: 0.6251 loss_val: 0.7956
Run:03 Epoch: 0431 loss_train: 0.6218 loss_val: 0.7977
Run:03 Epoch: 0441 loss_train: 0.6262 loss_val: 0.7952
Run:03 Epoch: 0451 loss_train: 0.6209 loss_val: 0.7986
Run:03 Epoch: 0461 loss_train: 0.6257 loss_val: 0.7937
Run:03 Epoch: 0471 loss_train: 0.6274 loss_val: 0.7945
Run:03 Epoch: 0481 loss_train: 0.6231 loss_val: 0.7981
Run:03 Epoch: 0491 loss_train: 0.6231 loss_val: 0.7966
Run:03 Epoch: 0501 loss_train: 0.6234 loss_val: 0.7961
Run:03 Epoch: 0511 loss_train: 0.6306 loss_val: 0.7999
Run:03 Epoch: 0521 loss_train: 0.6252 loss_val: 0.7959
Run:03 Epoch: 0531 loss_train: 0.6282 loss_val: 0.7967
Run:03 Epoch: 0541 loss_train: 0.6264 loss_val: 0.7984
Run:03 Epoch: 0551 loss_train: 0.6278 loss_val: 0.7938
Run:03 Epoch: 0561 loss_train: 0.6254 loss_val: 0.8005
Run:03 Epoch: 0571 loss_train: 0.6219 loss_val: 0.7955
Run:03 Epoch: 0581 loss_train: 0.6261 loss_val: 0.7954
Run:03 Epoch: 0591 loss_train: 0.6259 loss_val: 0.7974
Run:03 Epoch: 0601 loss_train: 0.6256 loss_val: 0.7972
Run:03 Epoch: 0611 loss_train: 0.6260 loss_val: 0.7962
Run:03 Epoch: 0621 loss_train: 0.6237 loss_val: 0.7948
Run:03 Epoch: 0631 loss_train: 0.6238 loss_val: 0.7968
Run:03 Epoch: 0641 loss_train: 0.6261 loss_val: 0.7969
Run:03 Epoch: 0651 loss_train: 0.6267 loss_val: 0.7960
Run:03 Epoch: 0661 loss_train: 0.6252 loss_val: 0.7985
Run:03 Epoch: 0671 loss_train: 0.6249 loss_val: 0.7979
Run:03 Epoch: 0681 loss_train: 0.6272 loss_val: 0.7973
Run:03 Epoch: 0691 loss_train: 0.6265 loss_val: 0.7952
Run:03 Epoch: 0701 loss_train: 0.6275 loss_val: 0.7949
Run:03 Epoch: 0711 loss_train: 0.6241 loss_val: 0.7969
Run:03 Epoch: 0721 loss_train: 0.6260 loss_val: 0.7952
Run:03 Epoch: 0731 loss_train: 0.6284 loss_val: 0.7943
Run:03 Epoch: 0741 loss_train: 0.6295 loss_val: 0.7950
Run:03 Epoch: 0751 loss_train: 0.6241 loss_val: 0.7998
Run:03 Epoch: 0761 loss_train: 0.6264 loss_val: 0.7959
Run:03 Epoch: 0771 loss_train: 0.6258 loss_val: 0.7950
Run:03 Epoch: 0781 loss_train: 0.6258 loss_val: 0.7967
Run:03 Epoch: 0791 loss_train: 0.6283 loss_val: 0.7957
Run:03 Epoch: 0801 loss_train: 0.6214 loss_val: 0.7955
Run:03 Epoch: 0811 loss_train: 0.6272 loss_val: 0.7960
Run:03 Epoch: 0821 loss_train: 0.6260 loss_val: 0.7955
Run:03 Epoch: 0831 loss_train: 0.6298 loss_val: 0.7952
Run:03 Epoch: 0841 loss_train: 0.6277 loss_val: 0.7976
Run:03 Epoch: 0851 loss_train: 0.6289 loss_val: 0.7981
Run:03 Epoch: 0861 loss_train: 0.6250 loss_val: 0.7949
Run:03 Epoch: 0871 loss_train: 0.6244 loss_val: 0.7974
Run:03 Epoch: 0881 loss_train: 0.6279 loss_val: 0.7957
Run:03 Epoch: 0891 loss_train: 0.6215 loss_val: 0.7974
Run:03 Epoch: 0901 loss_train: 0.6259 loss_val: 0.7943
Run:03 Epoch: 0911 loss_train: 0.6260 loss_val: 0.7980
Run:03 Epoch: 0921 loss_train: 0.6285 loss_val: 0.7946
Run:03 Epoch: 0931 loss_train: 0.6234 loss_val: 0.7968
Run:03 Epoch: 0941 loss_train: 0.6264 loss_val: 0.7948
Run:03 Epoch: 0951 loss_train: 0.6276 loss_val: 0.7968
Run:03 Epoch: 0961 loss_train: 0.6258 loss_val: 0.7960
Run:03 Epoch: 0971 loss_train: 0.6240 loss_val: 0.7947
Run:03 Epoch: 0981 loss_train: 0.6259 loss_val: 0.7972
Run:03 Epoch: 0991 loss_train: 0.6231 loss_val: 0.7950
Run:03 Epoch: 1001 loss_train: 0.6234 loss_val: 0.7974
Run:03 Epoch: 1011 loss_train: 0.6267 loss_val: 0.8000
Run:03 Epoch: 1021 loss_train: 0.6238 loss_val: 0.7947
Run:03 Epoch: 1031 loss_train: 0.6257 loss_val: 0.7957
Run:03 Epoch: 1041 loss_train: 0.6254 loss_val: 0.7948
Run:03 Epoch: 1051 loss_train: 0.6287 loss_val: 0.7967
Run:03 Epoch: 1061 loss_train: 0.6266 loss_val: 0.7978
Run:03 Epoch: 1071 loss_train: 0.6266 loss_val: 0.7977
Run:03 Epoch: 1081 loss_train: 0.6255 loss_val: 0.7966
Run:03 Epoch: 1091 loss_train: 0.6237 loss_val: 0.7965
Run:03 Epoch: 1101 loss_train: 0.6238 loss_val: 0.7970
Run:03 Epoch: 1111 loss_train: 0.6255 loss_val: 0.7970
Run:03 Epoch: 1121 loss_train: 0.6266 loss_val: 0.7974
Run:03 Epoch: 1131 loss_train: 0.6260 loss_val: 0.7982
Run:03 Epoch: 1141 loss_train: 0.6227 loss_val: 0.7953
Run:03 Epoch: 1151 loss_train: 0.6273 loss_val: 0.7975
Run:03 Epoch: 1161 loss_train: 0.6251 loss_val: 0.7965
Run:03 Epoch: 1171 loss_train: 0.6269 loss_val: 0.7971
Run:03 Epoch: 1181 loss_train: 0.6249 loss_val: 0.7982
Run:03 Epoch: 1191 loss_train: 0.6242 loss_val: 0.7968
Run:03 Epoch: 1201 loss_train: 0.6272 loss_val: 0.7957
Run:03 Epoch: 1211 loss_train: 0.6245 loss_val: 0.7973
Run:03 Epoch: 1221 loss_train: 0.6272 loss_val: 0.7952
Run:03 Epoch: 1231 loss_train: 0.6261 loss_val: 0.7973
Run:03 Epoch: 1241 loss_train: 0.6259 loss_val: 0.7953
Run:03 Epoch: 1251 loss_train: 0.6275 loss_val: 0.7965
Run:03 Epoch: 1261 loss_train: 0.6276 loss_val: 0.8021
Run:03 Epoch: 1271 loss_train: 0.6273 loss_val: 0.7959
Run:03 Epoch: 1281 loss_train: 0.6236 loss_val: 0.7993
Run:03 Epoch: 1291 loss_train: 0.6269 loss_val: 0.7963
Run:03 Epoch: 1301 loss_train: 0.6271 loss_val: 0.7957
Run:03 Epoch: 1311 loss_train: 0.6274 loss_val: 0.7969
Run:03 Epoch: 1321 loss_train: 0.6267 loss_val: 0.7981
Run:03 Epoch: 1331 loss_train: 0.6261 loss_val: 0.7953
Run:03 Epoch: 1341 loss_train: 0.6277 loss_val: 0.7952
Run:03 Epoch: 1351 loss_train: 0.6239 loss_val: 0.7972
Run:03 Epoch: 1361 loss_train: 0.6283 loss_val: 0.7967
Run:03 Epoch: 1371 loss_train: 0.6253 loss_val: 0.7966
Run:03 Epoch: 1381 loss_train: 0.6253 loss_val: 0.7963
Run:03 Epoch: 1391 loss_train: 0.6271 loss_val: 0.7953
Run:03 Epoch: 1401 loss_train: 0.6244 loss_val: 0.7971
Run:03 Epoch: 1411 loss_train: 0.6271 loss_val: 0.7956
Run:03 Epoch: 1421 loss_train: 0.6271 loss_val: 0.7976
Run:03 Epoch: 1431 loss_train: 0.6265 loss_val: 0.7953
Run:03 Epoch: 1441 loss_train: 0.6257 loss_val: 0.7975
Run:03 Epoch: 1451 loss_train: 0.6280 loss_val: 0.7956
Run:03 Run Train: 100%|██████████| 3/3 [29:24<00:00, 595.22s/it]Run Train: 100%|██████████| 3/3 [29:24<00:00, 588.15s/it]
Epoch: 1461 loss_train: 0.6286 loss_val: 0.7997
Run:03 Epoch: 1471 loss_train: 0.6266 loss_val: 0.7961
Run:03 Epoch: 1481 loss_train: 0.6272 loss_val: 0.8015
Run:03 Epoch: 1491 loss_train: 0.6289 loss_val: 0.7961
test acc: 0.7705563761693747 test acc std 0.0013926278309927007


test micro f1: 0.7705563761693747 test macro f1 0.7611446009277628
