args
 Namespace(samples=4, concat=10, runs=3, latent_size=10, dataset='cocitationciteseer', seed=42, epochs=1500, lr=0.01, weight_decay=0.0005, hidden=64, dropout=0.5, batch_size=128, tem=0.5, lam=1.0, pretrain_epochs=8, pretrain_lr=0.05, conditional=True, update_epochs=20, num_models=100, warmup=200, use_mediator=False, cuda=False)
This is cocitation_citeseer dataset:
  ->  num_classes
  ->  num_vertices
  ->  num_edges
  ->  dim_features
  ->  features
  ->  edge_list
  ->  labels
  ->  train_mask
  ->  val_mask
  ->  test_mask
Please try `data['name']` to get the specified data.
Run Train:   0%|          | 0/3 [00:00<?, ?it/s]/users/Min/miniconda/envs/hy/lib/python3.9/site-packages/torch/nn/functional.py:1967: UserWarning: nn.functional.sigmoid is deprecated. Use torch.sigmoid instead.
  warnings.warn("nn.functional.sigmoid is deprecated. Use torch.sigmoid instead.")
Run:01 Epoch: 0001 loss_train: 1.7874 loss_val: 1.7758
Run:01 Epoch: 0002 loss_train: 1.7767 loss_val: 1.7619
Run:01 Epoch: 0003 loss_train: 1.7655 loss_val: 1.7543
Run:01 Epoch: 0004 loss_train: 1.7615 loss_val: 1.7591
Run:01 Epoch: 0005 loss_train: 1.7728 loss_val: 1.7616
Run:01 Epoch: 0006 loss_train: 1.7787 loss_val: 1.7533
Run:01 Epoch: 0007 loss_train: 1.7668 loss_val: 1.7450
Run:01 Epoch: 0008 loss_train: 1.7540 loss_val: 1.7398
Run:01 Epoch: 0009 loss_train: 1.7458 loss_val: 1.7362
Run:01 Epoch: 0010 loss_train: 1.7411 loss_val: 1.7328
Run:01 Epoch: 0011 loss_train: 1.7383 loss_val: 1.7298
Run:01 Epoch: 0012 loss_train: 1.7366 loss_val: 1.7277
Run:01 Epoch: 0013 loss_train: 1.7362 loss_val: 1.7241
Run:01 Epoch: 0014 loss_train: 1.7338 loss_val: 1.7170
Run:01 Epoch: 0015 loss_train: 1.7263 loss_val: 1.7073
Run:01 Epoch: 0016 loss_train: 1.7138 loss_val: 1.6971
Run:01 Epoch: 0017 loss_train: 1.6995 loss_val: 1.6864
Run:01 Epoch: 0018 loss_train: 1.6875 loss_val: 1.6759
Run:01 Epoch: 0019 loss_train: 1.6749 loss_val: 1.6658
Run:01 Epoch: 0020 loss_train: 1.6622 loss_val: 1.6544
Run:01 Epoch: 0021 loss_train: 1.6496 loss_val: 1.6411
Run:01 Epoch: 0022 loss_train: 1.6330 loss_val: 1.6262
Run:01 Epoch: 0023 loss_train: 1.6167 loss_val: 1.6104
Run:01 Epoch: 0024 loss_train: 1.5981 loss_val: 1.5943
Run:01 Epoch: 0025 loss_train: 1.5827 loss_val: 1.5788
Run:01 Epoch: 0026 loss_train: 1.5652 loss_val: 1.5615
Run:01 Epoch: 0027 loss_train: 1.5475 loss_val: 1.5427
Run:01 Epoch: 0028 loss_train: 1.5263 loss_val: 1.5237
Run:01 Epoch: 0029 loss_train: 1.5059 loss_val: 1.5026
Run:01 Epoch: 0030 loss_train: 1.4854 loss_val: 1.4829
Run:01 Epoch: 0031 loss_train: 1.4662 loss_val: 1.4618
Run:01 Epoch: 0032 loss_train: 1.4423 loss_val: 1.4399
Run:01 Epoch: 0033 loss_train: 1.4227 loss_val: 1.4182
Run:01 Epoch: 0034 loss_train: 1.4008 loss_val: 1.3973
Run:01 Epoch: 0035 loss_train: 1.3826 loss_val: 1.3752
Run:01 Epoch: 0036 loss_train: 1.3608 loss_val: 1.3532
Run:01 Epoch: 0037 loss_train: 1.3421 loss_val: 1.3302
Run:01 Epoch: 0038 loss_train: 1.3165 loss_val: 1.3092
Run:01 Epoch: 0039 loss_train: 1.2962 loss_val: 1.2885
Run:01 Epoch: 0040 loss_train: 1.2816 loss_val: 1.2681
Run:01 Epoch: 0041 loss_train: 1.2622 loss_val: 1.2460
Run:01 Epoch: 0042 loss_train: 1.2406 loss_val: 1.2278
Run:01 Epoch: 0043 loss_train: 1.2175 loss_val: 1.2071
Run:01 Epoch: 0044 loss_train: 1.2081 loss_val: 1.1884
Run:01 Epoch: 0045 loss_train: 1.1865 loss_val: 1.1700
Run:01 Epoch: 0046 loss_train: 1.1695 loss_val: 1.1534
Run:01 Epoch: 0047 loss_train: 1.1508 loss_val: 1.1368
Run:01 Epoch: 0048 loss_train: 1.1310 loss_val: 1.1207
Run:01 Epoch: 0049 loss_train: 1.1205 loss_val: 1.1053
Run:01 Epoch: 0050 loss_train: 1.1081 loss_val: 1.0920
Run:01 Epoch: 0051 loss_train: 1.0916 loss_val: 1.0781
Run:01 Epoch: 0052 loss_train: 1.0796 loss_val: 1.0633
Run:01 Epoch: 0053 loss_train: 1.0715 loss_val: 1.0538
Run:01 Epoch: 0054 loss_train: 1.0434 loss_val: 1.0409
Run:01 Epoch: 0055 loss_train: 1.0345 loss_val: 1.0294
Run:01 Epoch: 0056 loss_train: 1.0235 loss_val: 1.0198
Run:01 Epoch: 0057 loss_train: 1.0101 loss_val: 1.0097
Run:01 Epoch: 0058 loss_train: 1.0016 loss_val: 0.9994
Run:01 Epoch: 0059 loss_train: 0.9853 loss_val: 0.9919
Run:01 Epoch: 0060 loss_train: 0.9792 loss_val: 0.9842
Run:01 Epoch: 0061 loss_train: 0.9691 loss_val: 0.9741
Run:01 Epoch: 0062 loss_train: 0.9528 loss_val: 0.9665
Run:01 Epoch: 0063 loss_train: 0.9440 loss_val: 0.9606
Run:01 Epoch: 0064 loss_train: 0.9406 loss_val: 0.9548
Run:01 Epoch: 0065 loss_train: 0.9314 loss_val: 0.9463
Run:01 Epoch: 0066 loss_train: 0.9200 loss_val: 0.9407
Run:01 Epoch: 0067 loss_train: 0.9115 loss_val: 0.9329
Run:01 Epoch: 0068 loss_train: 0.9006 loss_val: 0.9299
Run:01 Epoch: 0069 loss_train: 0.8930 loss_val: 0.9254
Run:01 Epoch: 0070 loss_train: 0.8852 loss_val: 0.9187
Run:01 Epoch: 0071 loss_train: 0.8827 loss_val: 0.9146
Run:01 Epoch: 0072 loss_train: 0.8706 loss_val: 0.9104
Run:01 Epoch: 0073 loss_train: 0.8624 loss_val: 0.9055
Run:01 Epoch: 0074 loss_train: 0.8564 loss_val: 0.8971
Run:01 Epoch: 0075 loss_train: 0.8494 loss_val: 0.8951
Run:01 Epoch: 0076 loss_train: 0.8409 loss_val: 0.8923
Run:01 Epoch: 0077 loss_train: 0.8320 loss_val: 0.8878
Run:01 Epoch: 0078 loss_train: 0.8249 loss_val: 0.8831
Run:01 Epoch: 0079 loss_train: 0.8263 loss_val: 0.8803
Run:01 Epoch: 0080 loss_train: 0.8081 loss_val: 0.8756
Run:01 Epoch: 0081 loss_train: 0.8085 loss_val: 0.8740
Run:01 Epoch: 0082 loss_train: 0.7998 loss_val: 0.8717
Run:01 Epoch: 0083 loss_train: 0.7882 loss_val: 0.8661
Run:01 Epoch: 0084 loss_train: 0.7897 loss_val: 0.8627
Run:01 Epoch: 0085 loss_train: 0.7835 loss_val: 0.8612
Run:01 Epoch: 0086 loss_train: 0.7821 loss_val: 0.8594
Run:01 Epoch: 0087 loss_train: 0.7769 loss_val: 0.8586
Run:01 Epoch: 0088 loss_train: 0.7625 loss_val: 0.8523
Run:01 Epoch: 0089 loss_train: 0.7559 loss_val: 0.8490
Run:01 Epoch: 0090 loss_train: 0.7574 loss_val: 0.8515
Run:01 Epoch: 0091 loss_train: 0.7486 loss_val: 0.8474
Run:01 Epoch: 0092 loss_train: 0.7403 loss_val: 0.8468
Run:01 Epoch: 0093 loss_train: 0.7412 loss_val: 0.8420
Run:01 Epoch: 0094 loss_train: 0.7393 loss_val: 0.8429
Run:01 Epoch: 0095 loss_train: 0.7277 loss_val: 0.8376
Run:01 Epoch: 0096 loss_train: 0.7239 loss_val: 0.8369
Run:01 Epoch: 0097 loss_train: 0.7173 loss_val: 0.8362
Run:01 Epoch: 0098 loss_train: 0.7213 loss_val: 0.8350
Run:01 Epoch: 0099 loss_train: 0.7146 loss_val: 0.8331
Run:01 Epoch: 0100 loss_train: 0.7084 loss_val: 0.8308
Run:01 Epoch: 0101 loss_train: 0.6992 loss_val: 0.8287
Run:01 Epoch: 0102 loss_train: 0.6949 loss_val: 0.8290
Run:01 Epoch: 0103 loss_train: 0.6950 loss_val: 0.8227
Run:01 Epoch: 0104 loss_train: 0.6887 loss_val: 0.8222
Run:01 Epoch: 0105 loss_train: 0.6868 loss_val: 0.8226
Run:01 Epoch: 0106 loss_train: 0.6796 loss_val: 0.8246
Run:01 Epoch: 0107 loss_train: 0.6801 loss_val: 0.8228
Run:01 Epoch: 0108 loss_train: 0.6774 loss_val: 0.8203
Run:01 Epoch: 0109 loss_train: 0.6741 loss_val: 0.8166
Run:01 Epoch: 0110 loss_train: 0.6655 loss_val: 0.8175
Run:01 Epoch: 0111 loss_train: 0.6614 loss_val: 0.8180
Run:01 Epoch: 0112 loss_train: 0.6551 loss_val: 0.8147
Run:01 Epoch: 0113 loss_train: 0.6496 loss_val: 0.8160
Run:01 Epoch: 0114 loss_train: 0.6498 loss_val: 0.8122
Run:01 Epoch: 0115 loss_train: 0.6522 loss_val: 0.8108
Run:01 Epoch: 0116 loss_train: 0.6438 loss_val: 0.8132
Run:01 Epoch: 0117 loss_train: 0.6445 loss_val: 0.8111
Run:01 Epoch: 0118 loss_train: 0.6392 loss_val: 0.8106
Run:01 Epoch: 0119 loss_train: 0.6422 loss_val: 0.8061
Run:01 Epoch: 0120 loss_train: 0.6337 loss_val: 0.8084
Run:01 Epoch: 0121 loss_train: 0.6297 loss_val: 0.8099
Run:01 Epoch: 0122 loss_train: 0.6234 loss_val: 0.8079
Run:01 Epoch: 0123 loss_train: 0.6288 loss_val: 0.8077
Run:01 Epoch: 0124 loss_train: 0.6219 loss_val: 0.8057
Run:01 Epoch: 0125 loss_train: 0.6183 loss_val: 0.8041
Run:01 Epoch: 0126 loss_train: 0.6154 loss_val: 0.8059
Run:01 Epoch: 0127 loss_train: 0.6113 loss_val: 0.8056
Run:01 Epoch: 0128 loss_train: 0.6094 loss_val: 0.8017
Run:01 Epoch: 0129 loss_train: 0.6003 loss_val: 0.8022
Run:01 Epoch: 0130 loss_train: 0.6004 loss_val: 0.7998
Run:01 Epoch: 0131 loss_train: 0.6028 loss_val: 0.7995
Run:01 Epoch: 0132 loss_train: 0.5936 loss_val: 0.7990
Run:01 Epoch: 0133 loss_train: 0.5936 loss_val: 0.7982
Run:01 Epoch: 0134 loss_train: 0.5934 loss_val: 0.7972
Run:01 Epoch: 0135 loss_train: 0.5954 loss_val: 0.7951
Run:01 Epoch: 0136 loss_train: 0.5910 loss_val: 0.7990
Run:01 Epoch: 0137 loss_train: 0.5846 loss_val: 0.7989
Run:01 Epoch: 0138 loss_train: 0.5812 loss_val: 0.7955
Run:01 Epoch: 0139 loss_train: 0.5833 loss_val: 0.7952
Run:01 Epoch: 0140 loss_train: 0.5771 loss_val: 0.7925
Run:01 Epoch: 0141 loss_train: 0.5816 loss_val: 0.7938
Run:01 Epoch: 0142 loss_train: 0.5750 loss_val: 0.7899
Run:01 Epoch: 0143 loss_train: 0.5727 loss_val: 0.7896
Run:01 Epoch: 0144 loss_train: 0.5743 loss_val: 0.7918
Run:01 Epoch: 0145 loss_train: 0.5690 loss_val: 0.7921
Run:01 Epoch: 0146 loss_train: 0.5743 loss_val: 0.7882
Run:01 Epoch: 0147 loss_train: 0.5675 loss_val: 0.7916
Run:01 Epoch: 0148 loss_train: 0.5618 loss_val: 0.7891
Run:01 Epoch: 0149 loss_train: 0.5626 loss_val: 0.7907
Run:01 Epoch: 0150 loss_train: 0.5633 loss_val: 0.7883
Run:01 Epoch: 0151 loss_train: 0.5576 loss_val: 0.7905
Run:01 Epoch: 0152 loss_train: 0.5527 loss_val: 0.7889
Run:01 Epoch: 0153 loss_train: 0.5509 loss_val: 0.7876
Run:01 Epoch: 0154 loss_train: 0.5536 loss_val: 0.7888
Run:01 Epoch: 0155 loss_train: 0.5518 loss_val: 0.7879
Run:01 Epoch: 0156 loss_train: 0.5549 loss_val: 0.7926
Run:01 Epoch: 0157 loss_train: 0.5490 loss_val: 0.7865
Run:01 Epoch: 0158 loss_train: 0.5481 loss_val: 0.7870
Run:01 Epoch: 0159 loss_train: 0.5478 loss_val: 0.7911
Run:01 Epoch: 0160 loss_train: 0.5445 loss_val: 0.7884
Run:01 Epoch: 0161 loss_train: 0.5401 loss_val: 0.7867
Run:01 Epoch: 0162 loss_train: 0.5405 loss_val: 0.7845
Run:01 Epoch: 0163 loss_train: 0.5430 loss_val: 0.7882
Run:01 Epoch: 0164 loss_train: 0.5383 loss_val: 0.7902
Run:01 Epoch: 0165 loss_train: 0.5381 loss_val: 0.7853
Run:01 Epoch: 0166 loss_train: 0.5357 loss_val: 0.7860
Run:01 Epoch: 0167 loss_train: 0.5380 loss_val: 0.7867
Run:01 Epoch: 0168 loss_train: 0.5302 loss_val: 0.7845
Run:01 Epoch: 0169 loss_train: 0.5326 loss_val: 0.7877
Run:01 Epoch: 0170 loss_train: 0.5283 loss_val: 0.7864
Run:01 Epoch: 0171 loss_train: 0.5261 loss_val: 0.7862
Run:01 Epoch: 0172 loss_train: 0.5289 loss_val: 0.7871
Run:01 Epoch: 0173 loss_train: 0.5214 loss_val: 0.7875
Run:01 Epoch: 0174 loss_train: 0.5254 loss_val: 0.7879
Run:01 Epoch: 0175 loss_train: 0.5238 loss_val: 0.7883
Run:01 Epoch: 0176 loss_train: 0.5196 loss_val: 0.7866
Run:01 Epoch: 0177 loss_train: 0.5186 loss_val: 0.7867
Run:01 Epoch: 0178 loss_train: 0.5201 loss_val: 0.7881
Run:01 Epoch: 0179 loss_train: 0.5157 loss_val: 0.7863
Run:01 Epoch: 0180 loss_train: 0.5214 loss_val: 0.7876
Run:01 Epoch: 0181 loss_train: 0.5099 loss_val: 0.7893
Run:01 Epoch: 0182 loss_train: 0.5146 loss_val: 0.7861
Run:01 Epoch: 0183 loss_train: 0.5066 loss_val: 0.7871
Run:01 Epoch: 0184 loss_train: 0.5141 loss_val: 0.7835
Run:01 Epoch: 0185 loss_train: 0.5125 loss_val: 0.7856
Run:01 Epoch: 0186 loss_train: 0.5095 loss_val: 0.7872
Run:01 Epoch: 0187 loss_train: 0.5079 loss_val: 0.7840
Run:01 Epoch: 0188 loss_train: 0.5044 loss_val: 0.7860
Run:01 Epoch: 0189 loss_train: 0.5075 loss_val: 0.7865
Run:01 Epoch: 0190 loss_train: 0.5002 loss_val: 0.7860
Run:01 Epoch: 0191 loss_train: 0.5051 loss_val: 0.7846
Run:01 Epoch: 0192 loss_train: 0.5064 loss_val: 0.7854
Run:01 Epoch: 0193 loss_train: 0.5033 loss_val: 0.7830
Run:01 Epoch: 0194 loss_train: 0.4967 loss_val: 0.7806
Run:01 Epoch: 0195 loss_train: 0.4951 loss_val: 0.7854
Run:01 Epoch: 0196 loss_train: 0.4953 loss_val: 0.7827
Run:01 Epoch: 0197 loss_train: 0.4990 loss_val: 0.7848
Run:01 Epoch: 0198 loss_train: 0.4935 loss_val: 0.7808
Run:01 Epoch: 0199 loss_train: 0.4953 loss_val: 0.7859
Run:01 Epoch: 0200 loss_train: 0.4955 loss_val: 0.7847
Run:01 Epoch: 0201 loss_train: 0.4877 loss_val: 0.7851
Run:01 Epoch: 0202 loss_train: 0.4940 loss_val: 0.7839
Run:01 Epoch: 0203 loss_train: 0.4866 loss_val: 0.7832
Run:01 Epoch: 0204 loss_train: 0.4871 loss_val: 0.7837
Run:01 Epoch: 0205 loss_train: 0.4850 loss_val: 0.7783
Run:01 Epoch: 0206 loss_train: 0.4849 loss_val: 0.7837
Run:01 Epoch: 0207 loss_train: 0.4799 loss_val: 0.7857
Run:01 Epoch: 0208 loss_train: 0.4862 loss_val: 0.7807
Run:01 Epoch: 0209 loss_train: 0.4829 loss_val: 0.7816
Run:01 Epoch: 0210 loss_train: 0.4799 loss_val: 0.7810
Run:01 Epoch: 0211 loss_train: 0.4839 loss_val: 0.7827
Run:01 Epoch: 0212 loss_train: 0.4853 loss_val: 0.7819
Run:01 Epoch: 0213 loss_train: 0.4830 loss_val: 0.7857
Run:01 Epoch: 0214 loss_train: 0.4789 loss_val: 0.7826
Run:01 Epoch: 0215 loss_train: 0.4839 loss_val: 0.7794
Run:01 Epoch: 0216 loss_train: 0.4847 loss_val: 0.7810
Run:01 Epoch: 0217 loss_train: 0.4764 loss_val: 0.7809
Run:01 Epoch: 0218 loss_train: 0.4766 loss_val: 0.7832
Run:01 Epoch: 0219 loss_train: 0.4739 loss_val: 0.7848
Run:01 Epoch: 0220 loss_train: 0.4745 loss_val: 0.7825
Run:01 Epoch: 0221 loss_train: 0.4743 loss_val: 0.7841
Run:01 Epoch: 0222 loss_train: 0.4760 loss_val: 0.7800
Run:01 Epoch: 0223 loss_train: 0.4773 loss_val: 0.7823
Run:01 Epoch: 0224 loss_train: 0.4731 loss_val: 0.7832
Run:01 Epoch: 0225 loss_train: 0.4715 loss_val: 0.7832
Run:01 Epoch: 0226 loss_train: 0.4746 loss_val: 0.7851
Run:01 Epoch: 0227 loss_train: 0.4771 loss_val: 0.7843
Run:01 Epoch: 0228 loss_train: 0.4726 loss_val: 0.7825
Run:01 Epoch: 0229 loss_train: 0.4675 loss_val: 0.7834
Run:01 Epoch: 0230 loss_train: 0.4721 loss_val: 0.7808
Run:01 Epoch: 0231 loss_train: 0.4667 loss_val: 0.7824
Run:01 Epoch: 0232 loss_train: 0.4669 loss_val: 0.7807
Run:01 Epoch: 0233 loss_train: 0.4639 loss_val: 0.7824
Run:01 Epoch: 0234 loss_train: 0.4646 loss_val: 0.7851
Run:01 Epoch: 0235 loss_train: 0.4660 loss_val: 0.7809
Run:01 Epoch: 0236 loss_train: 0.4668 loss_val: 0.7807
Run:01 Epoch: 0237 loss_train: 0.4709 loss_val: 0.7806
Run:01 Epoch: 0238 loss_train: 0.4632 loss_val: 0.7827
Run:01 Epoch: 0239 loss_train: 0.4673 loss_val: 0.7821
Run:01 Epoch: 0240 loss_train: 0.4600 loss_val: 0.7826
Run:01 Epoch: 0241 loss_train: 0.4600 loss_val: 0.7830
Run:01 Epoch: 0242 loss_train: 0.4581 loss_val: 0.7831
Run:01 Epoch: 0243 loss_train: 0.4573 loss_val: 0.7818
Run:01 Epoch: 0244 loss_train: 0.4646 loss_val: 0.7843
Run:01 Epoch: 0245 loss_train: 0.4587 loss_val: 0.7841
Run:01 Epoch: 0246 loss_train: 0.4542 loss_val: 0.7832
Run:01 Epoch: 0247 loss_train: 0.4595 loss_val: 0.7791
Run:01 Epoch: 0248 loss_train: 0.4575 loss_val: 0.7823
Run:01 Epoch: 0249 loss_train: 0.4597 loss_val: 0.7832
Run:01 Epoch: 0250 loss_train: 0.4562 loss_val: 0.7834
Run:01 Epoch: 0251 loss_train: 0.4598 loss_val: 0.7819
Run:01 Epoch: 0252 loss_train: 0.4533 loss_val: 0.7797
Run:01 Epoch: 0253 loss_train: 0.4571 loss_val: 0.7812
Run:01 Epoch: 0254 loss_train: 0.4509 loss_val: 0.7814
Run:01 Epoch: 0255 loss_train: 0.4533 loss_val: 0.7803
Run:01 Epoch: 0256 loss_train: 0.4474 loss_val: 0.7819
Run:01 Epoch: 0257 loss_train: 0.4482 loss_val: 0.7825
Run:01 Epoch: 0258 loss_train: 0.4504 loss_val: 0.7798
Run:01 Epoch: 0259 loss_train: 0.4487 loss_val: 0.7797
Run:01 Epoch: 0260 loss_train: 0.4486 loss_val: 0.7805
Run:01 Epoch: 0261 loss_train: 0.4449 loss_val: 0.7841
Run:01 Epoch: 0262 loss_train: 0.4497 loss_val: 0.7833
Run:01 Epoch: 0263 loss_train: 0.4488 loss_val: 0.7811
Run:01 Epoch: 0264 loss_train: 0.4459 loss_val: 0.7774
Run:01 Epoch: 0265 loss_train: 0.4533 loss_val: 0.7788
Run:01 Epoch: 0266 loss_train: 0.4461 loss_val: 0.7838
Run:01 Epoch: 0267 loss_train: 0.4427 loss_val: 0.7789
Run:01 Epoch: 0268 loss_train: 0.4437 loss_val: 0.7807
Run:01 Epoch: 0269 loss_train: 0.4378 loss_val: 0.7798
Run:01 Epoch: 0270 loss_train: 0.4466 loss_val: 0.7808
Run:01 Epoch: 0271 loss_train: 0.4412 loss_val: 0.7792
Run:01 Epoch: 0272 loss_train: 0.4465 loss_val: 0.7788
Run:01 Epoch: 0273 loss_train: 0.4392 loss_val: 0.7855
Run:01 Epoch: 0274 loss_train: 0.4405 loss_val: 0.7866
Run:01 Epoch: 0275 loss_train: 0.4406 loss_val: 0.7786
Run:01 Epoch: 0276 loss_train: 0.4413 loss_val: 0.7776
Run:01 Epoch: 0277 loss_train: 0.4343 loss_val: 0.7828
Run:01 Epoch: 0278 loss_train: 0.4403 loss_val: 0.7836
Run:01 Epoch: 0279 loss_train: 0.4392 loss_val: 0.7817
Run:01 Epoch: 0280 loss_train: 0.4356 loss_val: 0.7836
Run:01 Epoch: 0281 loss_train: 0.4402 loss_val: 0.7855
Run:01 Epoch: 0282 loss_train: 0.4377 loss_val: 0.7848
Run:01 Epoch: 0283 loss_train: 0.4368 loss_val: 0.7844
Run:01 Epoch: 0284 loss_train: 0.4379 loss_val: 0.7821
Run:01 Epoch: 0285 loss_train: 0.4368 loss_val: 0.7830
Run:01 Epoch: 0286 loss_train: 0.4384 loss_val: 0.7843
Run:01 Epoch: 0287 loss_train: 0.4324 loss_val: 0.7856
Run:01 Epoch: 0288 loss_train: 0.4361 loss_val: 0.7819
Run:01 Epoch: 0289 loss_train: 0.4346 loss_val: 0.7820
Run:01 Epoch: 0290 loss_train: 0.4367 loss_val: 0.7834
Run:01 Epoch: 0291 loss_train: 0.4343 loss_val: 0.7822
Run:01 Epoch: 0292 loss_train: 0.4307 loss_val: 0.7814
Run:01 Epoch: 0293 loss_train: 0.4272 loss_val: 0.7853
Run:01 Epoch: 0294 loss_train: 0.4286 loss_val: 0.7836
Run:01 Epoch: 0295 loss_train: 0.4261 loss_val: 0.7838
Run:01 Epoch: 0296 loss_train: 0.4290 loss_val: 0.7771
Run:01 Epoch: 0297 loss_train: 0.4328 loss_val: 0.7832
Run:01 Epoch: 0298 loss_train: 0.4306 loss_val: 0.7806
Run:01 Epoch: 0299 loss_train: 0.4375 loss_val: 0.7812
Run:01 Epoch: 0300 loss_train: 0.4257 loss_val: 0.7789
Run:01 Epoch: 0301 loss_train: 0.4282 loss_val: 0.7828
Run:01 Epoch: 0302 loss_train: 0.4315 loss_val: 0.7839
Run:01 Epoch: 0303 loss_train: 0.4290 loss_val: 0.7859
Run:01 Epoch: 0304 loss_train: 0.4318 loss_val: 0.7803
Run:01 Epoch: 0305 loss_train: 0.4351 loss_val: 0.7817
Run:01 Epoch: 0306 loss_train: 0.4305 loss_val: 0.7813
Run:01 Epoch: 0307 loss_train: 0.4220 loss_val: 0.7844
Run:01 Epoch: 0308 loss_train: 0.4293 loss_val: 0.7865
Run:01 Epoch: 0309 loss_train: 0.4259 loss_val: 0.7835
Run:01 Epoch: 0310 loss_train: 0.4297 loss_val: 0.7799
Run:01 Epoch: 0311 loss_train: 0.4270 loss_val: 0.7814
Run:01 Epoch: 0312 loss_train: 0.4230 loss_val: 0.7830
Run:01 Epoch: 0313 loss_train: 0.4282 loss_val: 0.7851
Run:01 Epoch: 0314 loss_train: 0.4317 loss_val: 0.7826
Run:01 Epoch: 0315 loss_train: 0.4209 loss_val: 0.7804
Run:01 Epoch: 0316 loss_train: 0.4267 loss_val: 0.7841
Run:01 Epoch: 0317 loss_train: 0.4264 loss_val: 0.7803
Run:01 Epoch: 0318 loss_train: 0.4251 loss_val: 0.7814
Run:01 Epoch: 0319 loss_train: 0.4251 loss_val: 0.7800
Run:01 Epoch: 0320 loss_train: 0.4234 loss_val: 0.7823
Run:01 Epoch: 0321 loss_train: 0.4291 loss_val: 0.7810
Run:01 Epoch: 0322 loss_train: 0.4260 loss_val: 0.7814
Run:01 Epoch: 0323 loss_train: 0.4237 loss_val: 0.7826
Run:01 Epoch: 0324 loss_train: 0.4217 loss_val: 0.7811
Run:01 Epoch: 0325 loss_train: 0.4233 loss_val: 0.7780
Run:01 Epoch: 0326 loss_train: 0.4241 loss_val: 0.7791
Run:01 Epoch: 0327 loss_train: 0.4201 loss_val: 0.7809
Run:01 Epoch: 0328 loss_train: 0.4273 loss_val: 0.7803
Run:01 Epoch: 0329 loss_train: 0.4170 loss_val: 0.7811
Run:01 Epoch: 0330 loss_train: 0.4213 loss_val: 0.7808
Run:01 Epoch: 0331 loss_train: 0.4200 loss_val: 0.7830
Run:01 Epoch: 0332 loss_train: 0.4222 loss_val: 0.7826
Run:01 Epoch: 0333 loss_train: 0.4154 loss_val: 0.7851
Run:01 Epoch: 0334 loss_train: 0.4197 loss_val: 0.7808
Run:01 Epoch: 0335 loss_train: 0.4164 loss_val: 0.7839
Run:01 Epoch: 0336 loss_train: 0.4180 loss_val: 0.7840
Run:01 Epoch: 0337 loss_train: 0.4172 loss_val: 0.7841
Run:01 Epoch: 0338 loss_train: 0.4212 loss_val: 0.7836
Run:01 Epoch: 0339 loss_train: 0.4222 loss_val: 0.7828
Run:01 Epoch: 0340 loss_train: 0.4195 loss_val: 0.7825
Run:01 Epoch: 0341 loss_train: 0.4176 loss_val: 0.7865
Run:01 Epoch: 0342 loss_train: 0.4157 loss_val: 0.7863
Run:01 Epoch: 0343 loss_train: 0.4186 loss_val: 0.7841
Run:01 Epoch: 0344 loss_train: 0.4235 loss_val: 0.7836
Run:01 Epoch: 0345 loss_train: 0.4149 loss_val: 0.7834
Run:01 Epoch: 0346 loss_train: 0.4134 loss_val: 0.7837
Run:01 Epoch: 0347 loss_train: 0.4187 loss_val: 0.7823
Run:01 Epoch: 0348 loss_train: 0.4170 loss_val: 0.7866
Run:01 Epoch: 0349 loss_train: 0.4155 loss_val: 0.7847
Run:01 Epoch: 0350 loss_train: 0.4127 loss_val: 0.7835
Run:01 Epoch: 0351 loss_train: 0.4169 loss_val: 0.7849
Run:01 Epoch: 0352 loss_train: 0.4174 loss_val: 0.7837
Run:01 Epoch: 0353 loss_train: 0.4088 loss_val: 0.7843
Run:01 Epoch: 0354 loss_train: 0.4163 loss_val: 0.7864
Run:01 Epoch: 0355 loss_train: 0.4150 loss_val: 0.7811
Run:01 Epoch: 0356 loss_train: 0.4154 loss_val: 0.7794
Run:01 Epoch: 0357 loss_train: 0.4140 loss_val: 0.7850
Run:01 Epoch: 0358 loss_train: 0.4183 loss_val: 0.7799
Run:01 Epoch: 0359 loss_train: 0.4145 loss_val: 0.7836
Run:01 Epoch: 0360 loss_train: 0.4158 loss_val: 0.7799
Run:01 Epoch: 0361 loss_train: 0.4118 loss_val: 0.7837
Run:01 Epoch: 0362 loss_train: 0.4148 loss_val: 0.7803
Run:01 Epoch: 0363 loss_train: 0.4112 loss_val: 0.7811
Run:01 Epoch: 0364 loss_train: 0.4088 loss_val: 0.7839
Run:01 Epoch: 0365 loss_train: 0.4121 loss_val: 0.7852
Run:01 Epoch: 0366 loss_train: 0.4149 loss_val: 0.7809
Run:01 Epoch: 0367 loss_train: 0.4144 loss_val: 0.7815
Run:01 Epoch: 0368 loss_train: 0.4132 loss_val: 0.7790
Run:01 Epoch: 0369 loss_train: 0.4138 loss_val: 0.7828
Run:01 Epoch: 0370 loss_train: 0.4123 loss_val: 0.7806
Run:01 Epoch: 0371 loss_train: 0.4114 loss_val: 0.7875
Run:01 Epoch: 0372 loss_train: 0.4161 loss_val: 0.7816
Run:01 Epoch: 0373 loss_train: 0.4115 loss_val: 0.7847
Run:01 Epoch: 0374 loss_train: 0.4083 loss_val: 0.7844
Run:01 Epoch: 0375 loss_train: 0.4118 loss_val: 0.7848
Run:01 Epoch: 0376 loss_train: 0.4178 loss_val: 0.7827
Run:01 Epoch: 0377 loss_train: 0.4129 loss_val: 0.7850
Run:01 Epoch: 0378 loss_train: 0.4092 loss_val: 0.7860
Run:01 Epoch: 0379 loss_train: 0.4079 loss_val: 0.7844
Run:01 Epoch: 0380 loss_train: 0.4065 loss_val: 0.7858
Run:01 Epoch: 0381 loss_train: 0.4135 loss_val: 0.7854
Run:01 Epoch: 0382 loss_train: 0.4114 loss_val: 0.7872
Run:01 Epoch: 0383 loss_train: 0.4122 loss_val: 0.7865
Run:01 Epoch: 0384 loss_train: 0.4102 loss_val: 0.7838
Run:01 Epoch: 0385 loss_train: 0.4030 loss_val: 0.7854
Run:01 Epoch: 0386 loss_train: 0.4105 loss_val: 0.7818
Run:01 Epoch: 0387 loss_train: 0.4096 loss_val: 0.7839
Run:01 Epoch: 0388 loss_train: 0.4116 loss_val: 0.7870
Run:01 Epoch: 0389 loss_train: 0.4087 loss_val: 0.7821
Run:01 Epoch: 0390 loss_train: 0.4100 loss_val: 0.7843
Run:01 Epoch: 0391 loss_train: 0.4111 loss_val: 0.7863
Run:01 Epoch: 0392 loss_train: 0.4114 loss_val: 0.7866
Run:01 Epoch: 0393 loss_train: 0.4106 loss_val: 0.7851
Run:01 Epoch: 0394 loss_train: 0.4127 loss_val: 0.7847
Run:01 Epoch: 0395 loss_train: 0.4080 loss_val: 0.7831
Run:01 Epoch: 0396 loss_train: 0.4064 loss_val: 0.7840
Run:01 Epoch: 0397 loss_train: 0.4093 loss_val: 0.7829
Run:01 Epoch: 0398 loss_train: 0.4060 loss_val: 0.7866
Run:01 Epoch: 0399 loss_train: 0.4117 loss_val: 0.7845
Run:01 Epoch: 0400 loss_train: 0.4119 loss_val: 0.7844
Run:01 Epoch: 0401 loss_train: 0.4106 loss_val: 0.7793
Run:01 Epoch: 0402 loss_train: 0.4042 loss_val: 0.7756
Run:01 Epoch: 0403 loss_train: 0.4059 loss_val: 0.7827
Run:01 Epoch: 0404 loss_train: 0.4058 loss_val: 0.7843
Run:01 Epoch: 0405 loss_train: 0.4049 loss_val: 0.7802
Run:01 Epoch: 0406 loss_train: 0.4126 loss_val: 0.7805
Run:01 Epoch: 0407 loss_train: 0.4069 loss_val: 0.7795
Run:01 Epoch: 0408 loss_train: 0.4067 loss_val: 0.7799
Run:01 Epoch: 0409 loss_train: 0.4073 loss_val: 0.7814
Run:01 Epoch: 0410 loss_train: 0.4089 loss_val: 0.7818
Run:01 Epoch: 0411 loss_train: 0.4073 loss_val: 0.7845
Run:01 Epoch: 0412 loss_train: 0.4081 loss_val: 0.7844
Run:01 Epoch: 0413 loss_train: 0.4096 loss_val: 0.7834
Run:01 Epoch: 0414 loss_train: 0.4085 loss_val: 0.7812
Run:01 Epoch: 0415 loss_train: 0.4041 loss_val: 0.7803
Run:01 Epoch: 0416 loss_train: 0.4059 loss_val: 0.7838
Run:01 Epoch: 0417 loss_train: 0.4067 loss_val: 0.7843
Run:01 Epoch: 0418 loss_train: 0.4070 loss_val: 0.7853
Run:01 Epoch: 0419 loss_train: 0.4060 loss_val: 0.7805
Run:01 Epoch: 0420 loss_train: 0.4106 loss_val: 0.7861
Run:01 Epoch: 0421 loss_train: 0.4039 loss_val: 0.7816
Run:01 Epoch: 0422 loss_train: 0.4100 loss_val: 0.7831
Run:01 Epoch: 0423 loss_train: 0.4035 loss_val: 0.7863
Run:01 Epoch: 0424 loss_train: 0.4042 loss_val: 0.7874
Run:01 Epoch: 0425 loss_train: 0.4005 loss_val: 0.7876
Run:01 Epoch: 0426 loss_train: 0.4055 loss_val: 0.7852
Run:01 Epoch: 0427 loss_train: 0.4013 loss_val: 0.7894
Run:01 Epoch: 0428 loss_train: 0.4020 loss_val: 0.7844
Run:01 Epoch: 0429 loss_train: 0.4071 loss_val: 0.7835
Run:01 Epoch: 0430 loss_train: 0.4033 loss_val: 0.7829
Run:01 Epoch: 0431 loss_train: 0.4046 loss_val: 0.7836
Run:01 Epoch: 0432 loss_train: 0.4058 loss_val: 0.7827
Run:01 Epoch: 0433 loss_train: 0.4014 loss_val: 0.7848
Run:01 Epoch: 0434 loss_train: 0.4067 loss_val: 0.7815
Run:01 Epoch: 0435 loss_train: 0.4039 loss_val: 0.7865
Run:01 Epoch: 0436 loss_train: 0.4058 loss_val: 0.7854
Run:01 Epoch: 0437 loss_train: 0.4029 loss_val: 0.7859
Run:01 Epoch: 0438 loss_train: 0.4040 loss_val: 0.7860
Run:01 Epoch: 0439 loss_train: 0.4031 loss_val: 0.7888
Run:01 Epoch: 0440 loss_train: 0.4072 loss_val: 0.7822
Run:01 Epoch: 0441 loss_train: 0.4060 loss_val: 0.7850
Run:01 Epoch: 0442 loss_train: 0.4068 loss_val: 0.7877
Run:01 Epoch: 0443 loss_train: 0.4015 loss_val: 0.7869
Run:01 Epoch: 0444 loss_train: 0.4079 loss_val: 0.7856
Run:01 Epoch: 0445 loss_train: 0.4065 loss_val: 0.7856
Run:01 Epoch: 0446 loss_train: 0.4016 loss_val: 0.7870
Run:01 Epoch: 0447 loss_train: 0.4025 loss_val: 0.7827
Run:01 Epoch: 0448 loss_train: 0.4038 loss_val: 0.7876
Run:01 Epoch: 0449 loss_train: 0.4005 loss_val: 0.7861
Run:01 Epoch: 0450 loss_train: 0.4033 loss_val: 0.7823
Run:01 Epoch: 0451 loss_train: 0.3998 loss_val: 0.7825
Run:01 Epoch: 0452 loss_train: 0.4042 loss_val: 0.7849
Run:01 Epoch: 0453 loss_train: 0.3999 loss_val: 0.7846
Run:01 Epoch: 0454 loss_train: 0.3962 loss_val: 0.7835
Run:01 Epoch: 0455 loss_train: 0.3977 loss_val: 0.7807
Run:01 Epoch: 0456 loss_train: 0.4010 loss_val: 0.7833
Run:01 Epoch: 0457 loss_train: 0.4009 loss_val: 0.7841
Run:01 Epoch: 0458 loss_train: 0.3997 loss_val: 0.7827
Run:01 Epoch: 0459 loss_train: 0.4060 loss_val: 0.7795
Run:01 Epoch: 0460 loss_train: 0.4043 loss_val: 0.7783
Run:01 Epoch: 0461 loss_train: 0.4038 loss_val: 0.7828
Run:01 Epoch: 0462 loss_train: 0.4001 loss_val: 0.7834
Run:01 Epoch: 0463 loss_train: 0.4017 loss_val: 0.7810
Run:01 Epoch: 0464 loss_train: 0.4027 loss_val: 0.7805
Run:01 Epoch: 0465 loss_train: 0.3990 loss_val: 0.7839
Run:01 Epoch: 0466 loss_train: 0.4024 loss_val: 0.7817
Run:01 Epoch: 0467 loss_train: 0.3999 loss_val: 0.7817
Run:01 Epoch: 0468 loss_train: 0.4050 loss_val: 0.7838
Run:01 Epoch: 0469 loss_train: 0.4039 loss_val: 0.7821
Run:01 Epoch: 0470 loss_train: 0.3986 loss_val: 0.7833
Run:01 Epoch: 0471 loss_train: 0.4057 loss_val: 0.7795
Run:01 Epoch: 0472 loss_train: 0.4004 loss_val: 0.7818
Run:01 Epoch: 0473 loss_train: 0.3974 loss_val: 0.7816
Run:01 Epoch: 0474 loss_train: 0.3972 loss_val: 0.7819
Run:01 Epoch: 0475 loss_train: 0.4026 loss_val: 0.7834
Run:01 Epoch: 0476 loss_train: 0.4056 loss_val: 0.7861
Run:01 Epoch: 0477 loss_train: 0.4028 loss_val: 0.7837
Run:01 Epoch: 0478 loss_train: 0.3980 loss_val: 0.7805
Run:01 Epoch: 0479 loss_train: 0.3933 loss_val: 0.7846
Run:01 Epoch: 0480 loss_train: 0.4023 loss_val: 0.7829
Run:01 Epoch: 0481 loss_train: 0.3987 loss_val: 0.7863
Run:01 Epoch: 0482 loss_train: 0.4016 loss_val: 0.7823
Run:01 Epoch: 0483 loss_train: 0.4058 loss_val: 0.7824
Run:01 Epoch: 0484 loss_train: 0.3988 loss_val: 0.7801
Run:01 Epoch: 0485 loss_train: 0.3990 loss_val: 0.7847
Run:01 Epoch: 0486 loss_train: 0.3979 loss_val: 0.7809
Run:01 Epoch: 0487 loss_train: 0.3987 loss_val: 0.7831
Run:01 Epoch: 0488 loss_train: 0.3982 loss_val: 0.7818
Run:01 Epoch: 0489 loss_train: 0.3955 loss_val: 0.7836
Run:01 Epoch: 0490 loss_train: 0.4010 loss_val: 0.7856
Run:01 Epoch: 0491 loss_train: 0.4017 loss_val: 0.7824
Run:01 Epoch: 0492 loss_train: 0.3970 loss_val: 0.7872
Run:01 Epoch: 0493 loss_train: 0.3993 loss_val: 0.7858
Run:01 Epoch: 0494 loss_train: 0.4001 loss_val: 0.7836
Run:01 Epoch: 0495 loss_train: 0.4020 loss_val: 0.7832
Run:01 Epoch: 0496 loss_train: 0.4008 loss_val: 0.7849
Run:01 Epoch: 0497 loss_train: 0.4003 loss_val: 0.7844
Run:01 Epoch: 0498 loss_train: 0.3989 loss_val: 0.7843
Run:01 Epoch: 0499 loss_train: 0.4036 loss_val: 0.7838
Run:01 Epoch: 0500 loss_train: 0.4010 loss_val: 0.7848
Run:01 Epoch: 0501 loss_train: 0.4007 loss_val: 0.7843
Run:01 Epoch: 0502 loss_train: 0.3987 loss_val: 0.7865
Run:01 Epoch: 0503 loss_train: 0.3995 loss_val: 0.7816
Run:01 Epoch: 0504 loss_train: 0.3970 loss_val: 0.7867
Run:01 Epoch: 0505 loss_train: 0.3939 loss_val: 0.7837
Run:01 Epoch: 0506 loss_train: 0.3985 loss_val: 0.7881
Run:01 Epoch: 0507 loss_train: 0.3966 loss_val: 0.7850
Run:01 Epoch: 0508 loss_train: 0.3957 loss_val: 0.7804
Run:01 Epoch: 0509 loss_train: 0.3944 loss_val: 0.7806
Run:01 Epoch: 0510 loss_train: 0.3960 loss_val: 0.7806
Run:01 Epoch: 0511 loss_train: 0.4022 loss_val: 0.7828
Run:01 Epoch: 0512 loss_train: 0.4009 loss_val: 0.7832
Run:01 Epoch: 0513 loss_train: 0.3964 loss_val: 0.7846
Run:01 Epoch: 0514 loss_train: 0.3988 loss_val: 0.7843
Run:01 Epoch: 0515 loss_train: 0.3970 loss_val: 0.7821
Run:01 Epoch: 0516 loss_train: 0.3954 loss_val: 0.7876
Run:01 Epoch: 0517 loss_train: 0.3933 loss_val: 0.7858
Run:01 Epoch: 0518 loss_train: 0.4001 loss_val: 0.7815
Run:01 Epoch: 0519 loss_train: 0.3958 loss_val: 0.7825
Run:01 Epoch: 0520 loss_train: 0.3974 loss_val: 0.7839
Run:01 Epoch: 0521 loss_train: 0.4040 loss_val: 0.7866
Run:01 Epoch: 0522 loss_train: 0.4023 loss_val: 0.7826
Run:01 Epoch: 0523 loss_train: 0.4001 loss_val: 0.7801
Run:01 Epoch: 0524 loss_train: 0.4016 loss_val: 0.7814
Run:01 Epoch: 0525 loss_train: 0.3934 loss_val: 0.7849
Run:01 Epoch: 0526 loss_train: 0.4022 loss_val: 0.7835
Run:01 Epoch: 0527 loss_train: 0.3921 loss_val: 0.7851
Run:01 Epoch: 0528 loss_train: 0.3963 loss_val: 0.7853
Run:01 Epoch: 0529 loss_train: 0.3960 loss_val: 0.7849
Run:01 Epoch: 0530 loss_train: 0.3945 loss_val: 0.7832
Run:01 Epoch: 0531 loss_train: 0.3967 loss_val: 0.7825
Run:01 Epoch: 0532 loss_train: 0.3993 loss_val: 0.7821
Run:01 Epoch: 0533 loss_train: 0.3957 loss_val: 0.7850
Run:01 Epoch: 0534 loss_train: 0.3972 loss_val: 0.7801
Run:01 Epoch: 0535 loss_train: 0.4010 loss_val: 0.7853
Run:01 Epoch: 0536 loss_train: 0.3976 loss_val: 0.7827
Run:01 Epoch: 0537 loss_train: 0.3987 loss_val: 0.7857
Run:01 Epoch: 0538 loss_train: 0.3927 loss_val: 0.7855
Run:01 Epoch: 0539 loss_train: 0.3979 loss_val: 0.7844
Run:01 Epoch: 0540 loss_train: 0.3973 loss_val: 0.7827
Run:01 Epoch: 0541 loss_train: 0.3940 loss_val: 0.7835
Run:01 Epoch: 0542 loss_train: 0.3954 loss_val: 0.7864
Run:01 Epoch: 0543 loss_train: 0.3997 loss_val: 0.7884
Run:01 Epoch: 0544 loss_train: 0.4017 loss_val: 0.7785
Run:01 Epoch: 0545 loss_train: 0.4000 loss_val: 0.7793
Run:01 Epoch: 0546 loss_train: 0.3968 loss_val: 0.7810
Run:01 Epoch: 0547 loss_train: 0.3961 loss_val: 0.7866
Run:01 Epoch: 0548 loss_train: 0.3988 loss_val: 0.7834
Run:01 Epoch: 0549 loss_train: 0.3945 loss_val: 0.7823
Run:01 Epoch: 0550 loss_train: 0.3975 loss_val: 0.7825
Run:01 Epoch: 0551 loss_train: 0.3932 loss_val: 0.7827
Run:01 Epoch: 0552 loss_train: 0.3940 loss_val: 0.7855
Run:01 Epoch: 0553 loss_train: 0.3980 loss_val: 0.7859
Run:01 Epoch: 0554 loss_train: 0.3948 loss_val: 0.7892
Run:01 Epoch: 0555 loss_train: 0.3961 loss_val: 0.7837
Run:01 Epoch: 0556 loss_train: 0.3978 loss_val: 0.7851
Run:01 Epoch: 0557 loss_train: 0.3919 loss_val: 0.7868
Run:01 Epoch: 0558 loss_train: 0.3912 loss_val: 0.7832
Run:01 Epoch: 0559 loss_train: 0.3937 loss_val: 0.7855
Run:01 Epoch: 0560 loss_train: 0.3974 loss_val: 0.7814
Run:01 Epoch: 0561 loss_train: 0.3998 loss_val: 0.7846
Run:01 Epoch: 0562 loss_train: 0.3994 loss_val: 0.7848
Run:01 Epoch: 0563 loss_train: 0.3949 loss_val: 0.7860
Run:01 Epoch: 0564 loss_train: 0.3982 loss_val: 0.7832
Run:01 Epoch: 0565 loss_train: 0.3943 loss_val: 0.7811
Run:01 Epoch: 0566 loss_train: 0.3986 loss_val: 0.7829
Run:01 Epoch: 0567 loss_train: 0.3960 loss_val: 0.7881
Run:01 Epoch: 0568 loss_train: 0.3941 loss_val: 0.7853
Run:01 Epoch: 0569 loss_train: 0.3946 loss_val: 0.7844
Run:01 Epoch: 0570 loss_train: 0.3951 loss_val: 0.7889
Run:01 Epoch: 0571 loss_train: 0.3958 loss_val: 0.7865
Run:01 Epoch: 0572 loss_train: 0.3906 loss_val: 0.7855
Run:01 Epoch: 0573 loss_train: 0.3960 loss_val: 0.7821
Run:01 Epoch: 0574 loss_train: 0.3962 loss_val: 0.7835
Run:01 Epoch: 0575 loss_train: 0.3955 loss_val: 0.7833
Run:01 Epoch: 0576 loss_train: 0.3937 loss_val: 0.7848
Run:01 Epoch: 0577 loss_train: 0.3920 loss_val: 0.7881
Run:01 Epoch: 0578 loss_train: 0.3980 loss_val: 0.7852
Run:01 Epoch: 0579 loss_train: 0.3909 loss_val: 0.7811
Run:01 Epoch: 0580 loss_train: 0.3946 loss_val: 0.7829
Run:01 Epoch: 0581 loss_train: 0.3963 loss_val: 0.7853
Run:01 Epoch: 0582 loss_train: 0.3925 loss_val: 0.7870
Run:01 Epoch: 0583 loss_train: 0.3952 loss_val: 0.7851
Run:01 Epoch: 0584 loss_train: 0.3901 loss_val: 0.7874
Run:01 Epoch: 0585 loss_train: 0.3934 loss_val: 0.7841
Run:01 Epoch: 0586 loss_train: 0.3909 loss_val: 0.7851
Run:01 Epoch: 0587 loss_train: 0.3950 loss_val: 0.7857
Run:01 Epoch: 0588 loss_train: 0.3917 loss_val: 0.7819
Run:01 Epoch: 0589 loss_train: 0.3943 loss_val: 0.7842
Run:01 Epoch: 0590 loss_train: 0.3957 loss_val: 0.7858
Run:01 Epoch: 0591 loss_train: 0.3934 loss_val: 0.7910
Run:01 Epoch: 0592 loss_train: 0.3941 loss_val: 0.7898
Run:01 Epoch: 0593 loss_train: 0.3960 loss_val: 0.7825
Run:01 Epoch: 0594 loss_train: 0.3958 loss_val: 0.7824
Run:01 Epoch: 0595 loss_train: 0.3929 loss_val: 0.7867
Run:01 Epoch: 0596 loss_train: 0.3955 loss_val: 0.7860
Run:01 Epoch: 0597 loss_train: 0.3941 loss_val: 0.7879
Run:01 Epoch: 0598 loss_train: 0.3901 loss_val: 0.7829
Run:01 Epoch: 0599 loss_train: 0.3935 loss_val: 0.7827
Run:01 Epoch: 0600 loss_train: 0.3950 loss_val: 0.7830
Run:01 Epoch: 0601 loss_train: 0.3917 loss_val: 0.7837
Run:01 Epoch: 0602 loss_train: 0.3901 loss_val: 0.7831
Run:01 Epoch: 0603 loss_train: 0.3982 loss_val: 0.7853
Run:01 Epoch: 0604 loss_train: 0.3866 loss_val: 0.7886
Run:01 Epoch: 0605 loss_train: 0.3922 loss_val: 0.7854
Run:01 Epoch: 0606 loss_train: 0.3920 loss_val: 0.7853
Run:01 Epoch: 0607 loss_train: 0.3886 loss_val: 0.7800
Run:01 Epoch: 0608 loss_train: 0.3919 loss_val: 0.7856
Run:01 Epoch: 0609 loss_train: 0.3920 loss_val: 0.7864
Run:01 Epoch: 0610 loss_train: 0.3944 loss_val: 0.7874
Run:01 Epoch: 0611 loss_train: 0.3898 loss_val: 0.7842
Run:01 Epoch: 0612 loss_train: 0.3938 loss_val: 0.7850
Run:01 Epoch: 0613 loss_train: 0.3924 loss_val: 0.7833
Run:01 Epoch: 0614 loss_train: 0.3926 loss_val: 0.7855
Run:01 Epoch: 0615 loss_train: 0.3894 loss_val: 0.7803
Run:01 Epoch: 0616 loss_train: 0.3947 loss_val: 0.7836
Run:01 Epoch: 0617 loss_train: 0.3977 loss_val: 0.7832
Run:01 Epoch: 0618 loss_train: 0.3918 loss_val: 0.7847
Run:01 Epoch: 0619 loss_train: 0.3896 loss_val: 0.7818
Run:01 Epoch: 0620 loss_train: 0.3917 loss_val: 0.7829
Run:01 Epoch: 0621 loss_train: 0.3895 loss_val: 0.7859
Run:01 Epoch: 0622 loss_train: 0.3966 loss_val: 0.7879
Run:01 Epoch: 0623 loss_train: 0.3916 loss_val: 0.7838
Run:01 Epoch: 0624 loss_train: 0.3946 loss_val: 0.7847
Run:01 Epoch: 0625 loss_train: 0.3979 loss_val: 0.7840
Run:01 Epoch: 0626 loss_train: 0.3960 loss_val: 0.7854
Run:01 Epoch: 0627 loss_train: 0.3914 loss_val: 0.7834
Run:01 Epoch: 0628 loss_train: 0.3934 loss_val: 0.7848
Run:01 Epoch: 0629 loss_train: 0.3927 loss_val: 0.7843
Run:01 Epoch: 0630 loss_train: 0.3991 loss_val: 0.7811
Run:01 Epoch: 0631 loss_train: 0.3921 loss_val: 0.7859
Run:01 Epoch: 0632 loss_train: 0.3912 loss_val: 0.7836
Run:01 Epoch: 0633 loss_train: 0.3946 loss_val: 0.7859
Run:01 Epoch: 0634 loss_train: 0.3913 loss_val: 0.7819
Run:01 Epoch: 0635 loss_train: 0.3913 loss_val: 0.7818
Run:01 Epoch: 0636 loss_train: 0.3922 loss_val: 0.7816
Run:01 Epoch: 0637 loss_train: 0.3899 loss_val: 0.7855
Run:01 Epoch: 0638 loss_train: 0.3911 loss_val: 0.7840
Run:01 Epoch: 0639 loss_train: 0.3931 loss_val: 0.7853
Run:01 Epoch: 0640 loss_train: 0.3902 loss_val: 0.7856
Run:01 Epoch: 0641 loss_train: 0.3944 loss_val: 0.7824
Run:01 Epoch: 0642 loss_train: 0.3914 loss_val: 0.7869
Run:01 Epoch: 0643 loss_train: 0.3910 loss_val: 0.7895
Run:01 Epoch: 0644 loss_train: 0.3922 loss_val: 0.7870
Run:01 Epoch: 0645 loss_train: 0.3926 loss_val: 0.7819
Run:01 Epoch: 0646 loss_train: 0.3907 loss_val: 0.7873
Run:01 Epoch: 0647 loss_train: 0.3889 loss_val: 0.7848
Run:01 Epoch: 0648 loss_train: 0.3955 loss_val: 0.7867
Run:01 Epoch: 0649 loss_train: 0.3888 loss_val: 0.7883
Run:01 Epoch: 0650 loss_train: 0.3900 loss_val: 0.7839
Run:01 Epoch: 0651 loss_train: 0.3930 loss_val: 0.7878
Run:01 Epoch: 0652 loss_train: 0.3925 loss_val: 0.7884
Run:01 Epoch: 0653 loss_train: 0.3870 loss_val: 0.7811
Run:01 Epoch: 0654 loss_train: 0.3876 loss_val: 0.7851
Run:01 Epoch: 0655 loss_train: 0.3912 loss_val: 0.7833
Run:01 Epoch: 0656 loss_train: 0.3956 loss_val: 0.7853
Run:01 Epoch: 0657 loss_train: 0.3911 loss_val: 0.7867
Run:01 Epoch: 0658 loss_train: 0.3940 loss_val: 0.7815
Run:01 Epoch: 0659 loss_train: 0.3926 loss_val: 0.7824
Run:01 Epoch: 0660 loss_train: 0.3926 loss_val: 0.7841
Run:01 Epoch: 0661 loss_train: 0.3939 loss_val: 0.7844
Run:01 Epoch: 0662 loss_train: 0.3925 loss_val: 0.7837
Run:01 Epoch: 0663 loss_train: 0.3914 loss_val: 0.7822
Run:01 Epoch: 0664 loss_train: 0.3887 loss_val: 0.7856
Run:01 Epoch: 0665 loss_train: 0.3920 loss_val: 0.7875
Run:01 Epoch: 0666 loss_train: 0.3898 loss_val: 0.7841
Run:01 Epoch: 0667 loss_train: 0.3897 loss_val: 0.7834
Run:01 Epoch: 0668 loss_train: 0.3918 loss_val: 0.7856
Run:01 Epoch: 0669 loss_train: 0.3898 loss_val: 0.7847
Run:01 Epoch: 0670 loss_train: 0.3813 loss_val: 0.7862
Run:01 Epoch: 0671 loss_train: 0.3882 loss_val: 0.7827
Run:01 Epoch: 0672 loss_train: 0.3898 loss_val: 0.7800
Run:01 Epoch: 0673 loss_train: 0.3872 loss_val: 0.7819
Run:01 Epoch: 0674 loss_train: 0.3895 loss_val: 0.7861
Run:01 Epoch: 0675 loss_train: 0.3912 loss_val: 0.7881
Run:01 Epoch: 0676 loss_train: 0.3904 loss_val: 0.7846
Run:01 Epoch: 0677 loss_train: 0.3886 loss_val: 0.7825
Run:01 Epoch: 0678 loss_train: 0.3896 loss_val: 0.7819
Run:01 Epoch: 0679 loss_train: 0.3849 loss_val: 0.7847
Run:01 Epoch: 0680 loss_train: 0.3897 loss_val: 0.7862
Run:01 Epoch: 0681 loss_train: 0.3855 loss_val: 0.7836
Run:01 Epoch: 0682 loss_train: 0.3871 loss_val: 0.7874
Run:01 Epoch: 0683 loss_train: 0.3921 loss_val: 0.7855
Run:01 Epoch: 0684 loss_train: 0.3907 loss_val: 0.7823
Run:01 Epoch: 0685 loss_train: 0.3843 loss_val: 0.7837
Run:01 Epoch: 0686 loss_train: 0.3904 loss_val: 0.7835
Run:01 Epoch: 0687 loss_train: 0.3915 loss_val: 0.7834
Run:01 Epoch: 0688 loss_train: 0.3936 loss_val: 0.7845
Run:01 Epoch: 0689 loss_train: 0.3889 loss_val: 0.7848
Run:01 Epoch: 0690 loss_train: 0.3883 loss_val: 0.7879
Run:01 Epoch: 0691 loss_train: 0.3912 loss_val: 0.7860
Run:01 Epoch: 0692 loss_train: 0.3902 loss_val: 0.7847
Run:01 Epoch: 0693 loss_train: 0.3851 loss_val: 0.7850
Run:01 Epoch: 0694 loss_train: 0.3891 loss_val: 0.7850
Run:01 Epoch: 0695 loss_train: 0.3908 loss_val: 0.7833
Run:01 Epoch: 0696 loss_train: 0.3907 loss_val: 0.7822
Run:01 Epoch: 0697 loss_train: 0.3856 loss_val: 0.7877
Run:01 Epoch: 0698 loss_train: 0.3933 loss_val: 0.7864
Run:01 Epoch: 0699 loss_train: 0.3925 loss_val: 0.7849
Run:01 Epoch: 0700 loss_train: 0.3874 loss_val: 0.7867
Run:01 Epoch: 0701 loss_train: 0.3868 loss_val: 0.7845
Run:01 Epoch: 0702 loss_train: 0.3868 loss_val: 0.7842
Run:01 Epoch: 0703 loss_train: 0.3890 loss_val: 0.7834
Run:01 Epoch: 0704 loss_train: 0.3851 loss_val: 0.7821
Run:01 Epoch: 0705 loss_train: 0.3895 loss_val: 0.7822
Run:01 Epoch: 0706 loss_train: 0.3897 loss_val: 0.7863
Run:01 Epoch: 0707 loss_train: 0.3897 loss_val: 0.7848
Run:01 Epoch: 0708 loss_train: 0.3914 loss_val: 0.7812
Run:01 Epoch: 0709 loss_train: 0.3918 loss_val: 0.7830
Run:01 Epoch: 0710 loss_train: 0.3873 loss_val: 0.7848
Run:01 Epoch: 0711 loss_train: 0.3852 loss_val: 0.7829
Run:01 Epoch: 0712 loss_train: 0.3887 loss_val: 0.7833
Run:01 Epoch: 0713 loss_train: 0.3865 loss_val: 0.7869
Run:01 Epoch: 0714 loss_train: 0.3866 loss_val: 0.7849
Run:01 Epoch: 0715 loss_train: 0.3873 loss_val: 0.7838
Run:01 Epoch: 0716 loss_train: 0.3897 loss_val: 0.7844
Run:01 Epoch: 0717 loss_train: 0.3857 loss_val: 0.7847
Run:01 Epoch: 0718 loss_train: 0.3874 loss_val: 0.7824
Run:01 Epoch: 0719 loss_train: 0.3853 loss_val: 0.7850
Run:01 Epoch: 0720 loss_train: 0.3829 loss_val: 0.7863
Run:01 Epoch: 0721 loss_train: 0.3872 loss_val: 0.7848
Run:01 Epoch: 0722 loss_train: 0.3874 loss_val: 0.7838
Run:01 Epoch: 0723 loss_train: 0.3877 loss_val: 0.7825
Run:01 Epoch: 0724 loss_train: 0.3871 loss_val: 0.7840
Run:01 Epoch: 0725 loss_train: 0.3859 loss_val: 0.7881
Run:01 Epoch: 0726 loss_train: 0.3842 loss_val: 0.7832
Run:01 Epoch: 0727 loss_train: 0.3868 loss_val: 0.7860
Run:01 Epoch: 0728 loss_train: 0.3949 loss_val: 0.7832
Run:01 Epoch: 0729 loss_train: 0.3867 loss_val: 0.7833
Run:01 Epoch: 0730 loss_train: 0.3837 loss_val: 0.7847
Run:01 Epoch: 0731 loss_train: 0.3873 loss_val: 0.7847
Run:01 Epoch: 0732 loss_train: 0.3834 loss_val: 0.7859
Run:01 Epoch: 0733 loss_train: 0.3848 loss_val: 0.7832
Run:01 Epoch: 0734 loss_train: 0.3911 loss_val: 0.7851
Run:01 Epoch: 0735 loss_train: 0.3875 loss_val: 0.7852
Run:01 Epoch: 0736 loss_train: 0.3860 loss_val: 0.7873
Run:01 Epoch: 0737 loss_train: 0.3859 loss_val: 0.7890
Run:01 Epoch: 0738 loss_train: 0.3827 loss_val: 0.7836
Run:01 Epoch: 0739 loss_train: 0.3884 loss_val: 0.7830
Run:01 Epoch: 0740 loss_train: 0.3889 loss_val: 0.7849
Run:01 Epoch: 0741 loss_train: 0.3821 loss_val: 0.7849
Run:01 Epoch: 0742 loss_train: 0.3845 loss_val: 0.7863
Run:01 Epoch: 0743 loss_train: 0.3828 loss_val: 0.7879
Run:01 Epoch: 0744 loss_train: 0.3879 