args
 Namespace(samples=4, concat=10, runs=1, latent_size=10, dataset='coauthorcora', seed=42, epochs=1500, lr=0.01, weight_decay=0.0005, hidden=64, dropout=0.5, batch_size=128, tem=0.5, lam=1.0, pretrain_epochs=8, pretrain_lr=0.05, conditional=True, update_epochs=20, num_models=100, warmup=200, use_mediator=False, cuda=False)
This is coauthorship_cora dataset:
  ->  num_classes
  ->  num_vertices
  ->  num_edges
  ->  dim_features
  ->  features
  ->  edge_list
  ->  labels
  ->  train_mask
  ->  val_mask
  ->  test_mask
Please try `data['name']` to get the specified data.
Run Train:   0%|          | 0/1 [00:00<?, ?it/s]/users/Min/HG/src_new/lahypergcn_coauthorshipcora_hid64.py:159: UserWarning: To copy construct from a tensor, it is recommended to use sourceTensor.clone().detach() or sourceTensor.clone().detach().requires_grad_(True), rather than torch.tensor(sourceTensor).
  cvae_features = torch.tensor(X, dtype=torch.float32).to(device)
/users/Min/miniconda/envs/hy/lib/python3.9/site-packages/torch/nn/functional.py:1967: UserWarning: nn.functional.sigmoid is deprecated. Use torch.sigmoid instead.
  warnings.warn("nn.functional.sigmoid is deprecated. Use torch.sigmoid instead.")
model: LAHyperGCN(
  (hygcn1): HyperGCNConv(
    (act): ReLU(inplace=True)
    (drop): Dropout(p=0.5, inplace=False)
    (theta): Linear(in_features=1433, out_features=64, bias=True)
  )
  (hygcn2): HyperGCNConv(
    (act): ReLU(inplace=True)
    (drop): Dropout(p=0.5, inplace=False)
    (theta): Linear(in_features=704, out_features=7, bias=True)
  )
)
Run:01 Epoch: 0001 loss_train: 1.9523 loss_val: 1.9151
Run:01 Epoch: 0002 loss_train: 1.9156 loss_val: 1.8702
Run:01 Epoch: 0003 loss_train: 1.8770 loss_val: 1.8371
Run:01 Epoch: 0004 loss_train: 1.8673 loss_val: 1.8570
Run:01 Epoch: 0005 loss_train: 1.9566 loss_val: 1.9771
Run:01 Epoch: 0006 loss_train: 2.0972 loss_val: 1.9954
Run:01 Epoch: 0007 loss_train: 2.1072 loss_val: 1.9128
Run:01 Epoch: 0008 loss_train: 2.0396 loss_val: 1.8401
Run:01 Epoch: 0009 loss_train: 1.9686 loss_val: 1.7979
Run:01 Epoch: 0010 loss_train: 1.9142 loss_val: 1.7735
Run:01 Epoch: 0011 loss_train: 1.8813 loss_val: 1.7588
Run:01 Epoch: 0012 loss_train: 1.8649 loss_val: 1.7536
Run:01 Epoch: 0013 loss_train: 1.8588 loss_val: 1.7551
Run:01 Epoch: 0014 loss_train: 1.8566 loss_val: 1.7485
Run:01 Epoch: 0015 loss_train: 1.8457 loss_val: 1.7159
Run:01 Epoch: 0016 loss_train: 1.8055 loss_val: 1.6555
Run:01 Epoch: 0017 loss_train: 1.7401 loss_val: 1.5912
Run:01 Epoch: 0018 loss_train: 1.6604 loss_val: 1.5348
Run:01 Epoch: 0019 loss_train: 1.5921 loss_val: 1.4920
Run:01 Epoch: 0020 loss_train: 1.5374 loss_val: 1.4521
Run:01 Epoch: 0021 loss_train: 1.4925 loss_val: 1.4164
Run:01 Epoch: 0022 loss_train: 1.4462 loss_val: 1.3690
Run:01 Epoch: 0023 loss_train: 1.3939 loss_val: 1.3192
Run:01 Epoch: 0024 loss_train: 1.3366 loss_val: 1.2705
Run:01 Epoch: 0025 loss_train: 1.2845 loss_val: 1.2282
Run:01 Epoch: 0026 loss_train: 1.2402 loss_val: 1.1964
Run:01 Epoch: 0027 loss_train: 1.2040 loss_val: 1.1619
Run:01 Epoch: 0028 loss_train: 1.1643 loss_val: 1.1277
Run:01 Epoch: 0029 loss_train: 1.1228 loss_val: 1.0887
Run:01 Epoch: 0030 loss_train: 1.0911 loss_val: 1.0616
Run:01 Epoch: 0031 loss_train: 1.0596 loss_val: 1.0360
Run:01 Epoch: 0032 loss_train: 1.0296 loss_val: 1.0247
Run:01 Epoch: 0033 loss_train: 1.0072 loss_val: 1.0011
Run:01 Epoch: 0034 loss_train: 0.9849 loss_val: 0.9908
Run:01 Epoch: 0035 loss_train: 0.9679 loss_val: 0.9713
Run:01 Epoch: 0036 loss_train: 0.9452 loss_val: 0.9556
Run:01 Epoch: 0037 loss_train: 0.9321 loss_val: 0.9487
Run:01 Epoch: 0038 loss_train: 0.9183 loss_val: 0.9365
Run:01 Epoch: 0039 loss_train: 0.9057 loss_val: 0.9262
Run:01 Epoch: 0040 loss_train: 0.8876 loss_val: 0.9011
Run:01 Epoch: 0041 loss_train: 0.8711 loss_val: 0.9064
Run:01 Epoch: 0042 loss_train: 0.8628 loss_val: 0.8969
Run:01 Epoch: 0043 loss_train: 0.8496 loss_val: 0.8861
Run:01 Epoch: 0044 loss_train: 0.8367 loss_val: 0.8786
Run:01 Epoch: 0045 loss_train: 0.8227 loss_val: 0.8833
Run:01 Epoch: 0046 loss_train: 0.8148 loss_val: 0.8769
Run:01 Epoch: 0047 loss_train: 0.8100 loss_val: 0.8530
Run:01 Epoch: 0048 loss_train: 0.7959 loss_val: 0.8513
Run:01 Epoch: 0049 loss_train: 0.7832 loss_val: 0.8484
Run:01 Epoch: 0050 loss_train: 0.7719 loss_val: 0.8495
Run:01 Epoch: 0051 loss_train: 0.7685 loss_val: 0.8377
Run:01 Epoch: 0052 loss_train: 0.7547 loss_val: 0.8406
Run:01 Epoch: 0053 loss_train: 0.7513 loss_val: 0.8304
Run:01 Epoch: 0054 loss_train: 0.7402 loss_val: 0.8306
Run:01 Epoch: 0055 loss_train: 0.7326 loss_val: 0.8275
Run:01 Epoch: 0056 loss_train: 0.7233 loss_val: 0.8202
Run:01 Epoch: 0057 loss_train: 0.7142 loss_val: 0.8051
Run:01 Epoch: 0058 loss_train: 0.7079 loss_val: 0.8088
Run:01 Epoch: 0059 loss_train: 0.7016 loss_val: 0.8079
Run:01 Epoch: 0060 loss_train: 0.6916 loss_val: 0.8061
Run:01 Epoch: 0061 loss_train: 0.6913 loss_val: 0.7900
Run:01 Epoch: 0062 loss_train: 0.6767 loss_val: 0.7927
Run:01 Epoch: 0063 loss_train: 0.6709 loss_val: 0.7911
Run:01 Epoch: 0064 loss_train: 0.6638 loss_val: 0.7847
Run:01 Epoch: 0065 loss_train: 0.6549 loss_val: 0.7824
Run:01 Epoch: 0066 loss_train: 0.6481 loss_val: 0.7792
Run:01 Epoch: 0067 loss_train: 0.6450 loss_val: 0.7802
Run:01 Epoch: 0068 loss_train: 0.6353 loss_val: 0.7740
Run:01 Epoch: 0069 loss_train: 0.6331 loss_val: 0.7701
Run:01 Epoch: 0070 loss_train: 0.6268 loss_val: 0.7656
Run:01 Epoch: 0071 loss_train: 0.6178 loss_val: 0.7710
Run:01 Epoch: 0072 loss_train: 0.6118 loss_val: 0.7577
Run:01 Epoch: 0073 loss_train: 0.6126 loss_val: 0.7651
Run:01 Epoch: 0074 loss_train: 0.6059 loss_val: 0.7537
Run:01 Epoch: 0075 loss_train: 0.6017 loss_val: 0.7529
Run:01 Epoch: 0076 loss_train: 0.5961 loss_val: 0.7561
Run:01 Epoch: 0077 loss_train: 0.5882 loss_val: 0.7500
Run:01 Epoch: 0078 loss_train: 0.5811 loss_val: 0.7522
Run:01 Epoch: 0079 loss_train: 0.5773 loss_val: 0.7494
Run:01 Epoch: 0080 loss_train: 0.5680 loss_val: 0.7389
Run:01 Epoch: 0081 loss_train: 0.5645 loss_val: 0.7550
Run:01 Epoch: 0082 loss_train: 0.5622 loss_val: 0.7318
Run:01 Epoch: 0083 loss_train: 0.5589 loss_val: 0.7357
Run:01 Epoch: 0084 loss_train: 0.5520 loss_val: 0.7293
Run:01 Epoch: 0085 loss_train: 0.5482 loss_val: 0.7284
Run:01 Epoch: 0086 loss_train: 0.5384 loss_val: 0.7225
Run:01 Epoch: 0087 loss_train: 0.5398 loss_val: 0.7314
Run:01 Epoch: 0088 loss_train: 0.5323 loss_val: 0.7268
Run:01 Epoch: 0089 loss_train: 0.5299 loss_val: 0.7261
Run:01 Epoch: 0090 loss_train: 0.5233 loss_val: 0.7211
Run:01 Epoch: 0091 loss_train: 0.5144 loss_val: 0.7276
Run:01 Epoch: 0092 loss_train: 0.5125 loss_val: 0.7201
Run:01 Epoch: 0093 loss_train: 0.5092 loss_val: 0.7098
Run:01 Epoch: 0094 loss_train: 0.5051 loss_val: 0.7103
Run:01 Epoch: 0095 loss_train: 0.4961 loss_val: 0.7172
Run:01 Epoch: 0096 loss_train: 0.5026 loss_val: 0.7133
Run:01 Epoch: 0097 loss_train: 0.4909 loss_val: 0.7034
Run:01 Epoch: 0098 loss_train: 0.4894 loss_val: 0.7153
Run:01 Epoch: 0099 loss_train: 0.4838 loss_val: 0.7112
Run:01 Epoch: 0100 loss_train: 0.4839 loss_val: 0.7073
Run:01 Epoch: 0101 loss_train: 0.4793 loss_val: 0.7070
Run:01 Epoch: 0102 loss_train: 0.4734 loss_val: 0.7029
Run:01 Epoch: 0103 loss_train: 0.4658 loss_val: 0.7017
Run:01 Epoch: 0104 loss_train: 0.4631 loss_val: 0.6982
Run:01 Epoch: 0105 loss_train: 0.4675 loss_val: 0.6939
Run:01 Epoch: 0106 loss_train: 0.4551 loss_val: 0.7025
Run:01 Epoch: 0107 loss_train: 0.4550 loss_val: 0.6932
Run:01 Epoch: 0108 loss_train: 0.4511 loss_val: 0.6937
Run:01 Epoch: 0109 loss_train: 0.4527 loss_val: 0.6837
Run:01 Epoch: 0110 loss_train: 0.4536 loss_val: 0.6959
Run:01 Epoch: 0111 loss_train: 0.4457 loss_val: 0.6850
Run:01 Epoch: 0112 loss_train: 0.4409 loss_val: 0.6940
Run:01 Epoch: 0113 loss_train: 0.4394 loss_val: 0.6937
Run:01 Epoch: 0114 loss_train: 0.4383 loss_val: 0.6785
Run:01 Epoch: 0115 loss_train: 0.4342 loss_val: 0.6799
Run:01 Epoch: 0116 loss_train: 0.4319 loss_val: 0.6946
Run:01 Epoch: 0117 loss_train: 0.4262 loss_val: 0.6852
Run:01 Epoch: 0118 loss_train: 0.4283 loss_val: 0.6794
Run:01 Epoch: 0119 loss_train: 0.4221 loss_val: 0.6842
Run:01 Epoch: 0120 loss_train: 0.4212 loss_val: 0.6787
Run:01 Epoch: 0121 loss_train: 0.4179 loss_val: 0.6771
Run:01 Epoch: 0122 loss_train: 0.4162 loss_val: 0.6865
Run:01 Epoch: 0123 loss_train: 0.4118 loss_val: 0.6727
Run:01 Epoch: 0124 loss_train: 0.4112 loss_val: 0.6702
Run:01 Epoch: 0125 loss_train: 0.4055 loss_val: 0.6742
Run:01 Epoch: 0126 loss_train: 0.4113 loss_val: 0.6692
Run:01 Epoch: 0127 loss_train: 0.4032 loss_val: 0.6751
Run:01 Epoch: 0128 loss_train: 0.3994 loss_val: 0.6725
Run:01 Epoch: 0129 loss_train: 0.3998 loss_val: 0.6746
Run:01 Epoch: 0130 loss_train: 0.3977 loss_val: 0.6668
Run:01 Epoch: 0131 loss_train: 0.3961 loss_val: 0.6773
Run:01 Epoch: 0132 loss_train: 0.3946 loss_val: 0.6694
Run:01 Epoch: 0133 loss_train: 0.3936 loss_val: 0.6763
Run:01 Epoch: 0134 loss_train: 0.3894 loss_val: 0.6699
Run:01 Epoch: 0135 loss_train: 0.3859 loss_val: 0.6695
Run:01 Epoch: 0136 loss_train: 0.3818 loss_val: 0.6680
Run:01 Epoch: 0137 loss_train: 0.3904 loss_val: 0.6674
Run:01 Epoch: 0138 loss_train: 0.3823 loss_val: 0.6537
Run:01 Epoch: 0139 loss_train: 0.3810 loss_val: 0.6608
Run:01 Epoch: 0140 loss_train: 0.3765 loss_val: 0.6569
Run:01 Epoch: 0141 loss_train: 0.3763 loss_val: 0.6667
Run:01 Epoch: 0142 loss_train: 0.3773 loss_val: 0.6632
Run:01 Epoch: 0143 loss_train: 0.3743 loss_val: 0.6605
Run:01 Epoch: 0144 loss_train: 0.3744 loss_val: 0.6708
Run:01 Epoch: 0145 loss_train: 0.3734 loss_val: 0.6548
Run:01 Epoch: 0146 loss_train: 0.3674 loss_val: 0.6624
Run:01 Epoch: 0147 loss_train: 0.3704 loss_val: 0.6662
Run:01 Epoch: 0148 loss_train: 0.3641 loss_val: 0.6632
Run:01 Epoch: 0149 loss_train: 0.3669 loss_val: 0.6585
Run:01 Epoch: 0150 loss_train: 0.3595 loss_val: 0.6611
Run:01 Epoch: 0151 loss_train: 0.3606 loss_val: 0.6657
Run:01 Epoch: 0152 loss_train: 0.3624 loss_val: 0.6584
Run:01 Epoch: 0153 loss_train: 0.3603 loss_val: 0.6546
Run:01 Epoch: 0154 loss_train: 0.3606 loss_val: 0.6593
Run:01 Epoch: 0155 loss_train: 0.3515 loss_val: 0.6620
Run:01 Epoch: 0156 loss_train: 0.3543 loss_val: 0.6487
Run:01 Epoch: 0157 loss_train: 0.3555 loss_val: 0.6507
Run:01 Epoch: 0158 loss_train: 0.3509 loss_val: 0.6500
Run:01 Epoch: 0159 loss_train: 0.3538 loss_val: 0.6416
Run:01 Epoch: 0160 loss_train: 0.3529 loss_val: 0.6536
Run:01 Epoch: 0161 loss_train: 0.3518 loss_val: 0.6487
Run:01 Epoch: 0162 loss_train: 0.3517 loss_val: 0.6619
Run:01 Epoch: 0163 loss_train: 0.3442 loss_val: 0.6590
Run:01 Epoch: 0164 loss_train: 0.3481 loss_val: 0.6540
Run:01 Epoch: 0165 loss_train: 0.3410 loss_val: 0.6618
Run:01 Epoch: 0166 loss_train: 0.3433 loss_val: 0.6515
Run:01 Epoch: 0167 loss_train: 0.3410 loss_val: 0.6521
Run:01 Epoch: 0168 loss_train: 0.3431 loss_val: 0.6532
Run:01 Epoch: 0169 loss_train: 0.3416 loss_val: 0.6555
Run:01 Epoch: 0170 loss_train: 0.3377 loss_val: 0.6515
Run:01 Epoch: 0171 loss_train: 0.3375 loss_val: 0.6488
Run:01 Epoch: 0172 loss_train: 0.3405 loss_val: 0.6403
Run:01 Epoch: 0173 loss_train: 0.3363 loss_val: 0.6497
Run:01 Epoch: 0174 loss_train: 0.3409 loss_val: 0.6625
Run:01 Epoch: 0175 loss_train: 0.3338 loss_val: 0.6516
Run:01 Epoch: 0176 loss_train: 0.3322 loss_val: 0.6510
Run:01 Epoch: 0177 loss_train: 0.3310 loss_val: 0.6540
Run:01 Epoch: 0178 loss_train: 0.3295 loss_val: 0.6436
Run:01 Epoch: 0179 loss_train: 0.3318 loss_val: 0.6377
Run:01 Epoch: 0180 loss_train: 0.3267 loss_val: 0.6529
Run:01 Epoch: 0181 loss_train: 0.3275 loss_val: 0.6524
Run:01 Epoch: 0182 loss_train: 0.3212 loss_val: 0.6456
Run:01 Epoch: 0183 loss_train: 0.3298 loss_val: 0.6396
Run:01 Epoch: 0184 loss_train: 0.3253 loss_val: 0.6480
Run:01 Epoch: 0185 loss_train: 0.3244 loss_val: 0.6490
Run:01 Epoch: 0186 loss_train: 0.3312 loss_val: 0.6587
Run:01 Epoch: 0187 loss_train: 0.3243 loss_val: 0.6503
Run:01 Epoch: 0188 loss_train: 0.3248 loss_val: 0.6522
Run:01 Epoch: 0189 loss_train: 0.3247 loss_val: 0.6556
Run:01 Epoch: 0190 loss_train: 0.3212 loss_val: 0.6372
Run:01 Epoch: 0191 loss_train: 0.3245 loss_val: 0.6616
Run:01 Epoch: 0192 loss_train: 0.3149 loss_val: 0.6479
Run:01 Epoch: 0193 loss_train: 0.3232 loss_val: 0.6535
Run:01 Epoch: 0194 loss_train: 0.3189 loss_val: 0.6449
Run:01 Epoch: 0195 loss_train: 0.3210 loss_val: 0.6479
Run:01 Epoch: 0196 loss_train: 0.3219 loss_val: 0.6373
Run:01 Epoch: 0197 loss_train: 0.3206 loss_val: 0.6537
Run:01 Epoch: 0198 loss_train: 0.3156 loss_val: 0.6479
Run:01 Epoch: 0199 loss_train: 0.3172 loss_val: 0.6573
Run:01 Epoch: 0200 loss_train: 0.3149 loss_val: 0.6390
Run:01 Epoch: 0201 loss_train: 0.3084 loss_val: 0.6442
Run:01 Epoch: 0202 loss_train: 0.3196 loss_val: 0.6439
Run:01 Epoch: 0203 loss_train: 0.3193 loss_val: 0.6425
Run:01 Epoch: 0204 loss_train: 0.3150 loss_val: 0.6480
Run:01 Epoch: 0205 loss_train: 0.3109 loss_val: 0.6489
Run:01 Epoch: 0206 loss_train: 0.3152 loss_val: 0.6541
Run:01 Epoch: 0207 loss_train: 0.3095 loss_val: 0.6497
Run:01 Epoch: 0208 loss_train: 0.3149 loss_val: 0.6490
Run:01 Epoch: 0209 loss_train: 0.3099 loss_val: 0.6452
Run:01 Epoch: 0210 loss_train: 0.3104 loss_val: 0.6458
Run:01 Epoch: 0211 loss_train: 0.3079 loss_val: 0.6467
Run:01 Epoch: 0212 loss_train: 0.3043 loss_val: 0.6437
Run:01 Epoch: 0213 loss_train: 0.3103 loss_val: 0.6398
Run:01 Epoch: 0214 loss_train: 0.3074 loss_val: 0.6449
Run:01 Epoch: 0215 loss_train: 0.3054 loss_val: 0.6495
Run:01 Epoch: 0216 loss_train: 0.3076 loss_val: 0.6555
Run:01 Epoch: 0217 loss_train: 0.3097 loss_val: 0.6489
Run:01 Epoch: 0218 loss_train: 0.3095 loss_val: 0.6610
Run:01 Epoch: 0219 loss_train: 0.3021 loss_val: 0.6376
Run:01 Epoch: 0220 loss_train: 0.3052 loss_val: 0.6509
Run:01 Epoch: 0221 loss_train: 0.3059 loss_val: 0.6349
Run:01 Epoch: 0222 loss_train: 0.3011 loss_val: 0.6527
Run:01 Epoch: 0223 loss_train: 0.3073 loss_val: 0.6411
Run:01 Epoch: 0224 loss_train: 0.3058 loss_val: 0.6445
Run:01 Epoch: 0225 loss_train: 0.3030 loss_val: 0.6428
Run:01 Epoch: 0226 loss_train: 0.3033 loss_val: 0.6408
Run:01 Epoch: 0227 loss_train: 0.2997 loss_val: 0.6478
Run:01 Epoch: 0228 loss_train: 0.3038 loss_val: 0.6528
Run:01 Epoch: 0229 loss_train: 0.3017 loss_val: 0.6387
Run:01 Epoch: 0230 loss_train: 0.3027 loss_val: 0.6420
Run:01 Epoch: 0231 loss_train: 0.2975 loss_val: 0.6520
Run:01 Epoch: 0232 loss_train: 0.3003 loss_val: 0.6482
Run:01 Epoch: 0233 loss_train: 0.3008 loss_val: 0.6395
Run:01 Epoch: 0234 loss_train: 0.3016 loss_val: 0.6485
Run:01 Epoch: 0235 loss_train: 0.2997 loss_val: 0.6457
Run:01 Epoch: 0236 loss_train: 0.3017 loss_val: 0.6599
Run:01 Epoch: 0237 loss_train: 0.2973 loss_val: 0.6326
Run:01 Epoch: 0238 loss_train: 0.2995 loss_val: 0.6437
Run:01 Epoch: 0239 loss_train: 0.2981 loss_val: 0.6444
Run:01 Epoch: 0240 loss_train: 0.2992 loss_val: 0.6500
Run:01 Epoch: 0241 loss_train: 0.2976 loss_val: 0.6484
Run:01 Epoch: 0242 loss_train: 0.3006 loss_val: 0.6431
Run:01 Epoch: 0243 loss_train: 0.2966 loss_val: 0.6371
Run:01 Epoch: 0244 loss_train: 0.2901 loss_val: 0.6451
Run:01 Epoch: 0245 loss_train: 0.2980 loss_val: 0.6525
Run:01 Epoch: 0246 loss_train: 0.2972 loss_val: 0.6404
Run:01 Epoch: 0247 loss_train: 0.3004 loss_val: 0.6402
Run:01 Epoch: 0248 loss_train: 0.2995 loss_val: 0.6376
Run:01 Epoch: 0249 loss_train: 0.2942 loss_val: 0.6497
Run:01 Epoch: 0250 loss_train: 0.2992 loss_val: 0.6526
Run:01 Epoch: 0251 loss_train: 0.2977 loss_val: 0.6446
Run:01 Epoch: 0252 loss_train: 0.2955 loss_val: 0.6430
Run:01 Epoch: 0253 loss_train: 0.2970 loss_val: 0.6507
Run:01 Epoch: 0254 loss_train: 0.2917 loss_val: 0.6441
Run:01 Epoch: 0255 loss_train: 0.2891 loss_val: 0.6387
Run:01 Epoch: 0256 loss_train: 0.2946 loss_val: 0.6487
Run:01 Epoch: 0257 loss_train: 0.2910 loss_val: 0.6526
Run:01 Epoch: 0258 loss_train: 0.2925 loss_val: 0.6411
Run:01 Epoch: 0259 loss_train: 0.2953 loss_val: 0.6506
Run:01 Epoch: 0260 loss_train: 0.2931 loss_val: 0.6380
Run:01 Epoch: 0261 loss_train: 0.2929 loss_val: 0.6489
Run:01 Epoch: 0262 loss_train: 0.2902 loss_val: 0.6508
Run:01 Epoch: 0263 loss_train: 0.2895 loss_val: 0.6515
Run:01 Epoch: 0264 loss_train: 0.2882 loss_val: 0.6533
Run:01 Epoch: 0265 loss_train: 0.2893 loss_val: 0.6346
Run:01 Epoch: 0266 loss_train: 0.2858 loss_val: 0.6498
Run:01 Epoch: 0267 loss_train: 0.2893 loss_val: 0.6413
Run:01 Epoch: 0268 loss_train: 0.2895 loss_val: 0.6510
Run:01 Epoch: 0269 loss_train: 0.2909 loss_val: 0.6480
Run:01 Epoch: 0270 loss_train: 0.2921 loss_val: 0.6414
Run:01 Epoch: 0271 loss_train: 0.2890 loss_val: 0.6417
Run:01 Epoch: 0272 loss_train: 0.2884 loss_val: 0.6519
Run:01 Epoch: 0273 loss_train: 0.2814 loss_val: 0.6465
Run:01 Epoch: 0274 loss_train: 0.2898 loss_val: 0.6418
Run:01 Epoch: 0275 loss_train: 0.2863 loss_val: 0.6467
Run:01 Epoch: 0276 loss_train: 0.2888 loss_val: 0.6395
Run:01 Epoch: 0277 loss_train: 0.2887 loss_val: 0.6440
Run:01 Epoch: 0278 loss_train: 0.2852 loss_val: 0.6403
Run:01 Epoch: 0279 loss_train: 0.2851 loss_val: 0.6407
Run:01 Epoch: 0280 loss_train: 0.2849 loss_val: 0.6366
Run:01 Epoch: 0281 loss_train: 0.2858 loss_val: 0.6371
Run:01 Epoch: 0282 loss_train: 0.2870 loss_val: 0.6485
Run:01 Epoch: 0283 loss_train: 0.2878 loss_val: 0.6447
Run:01 Epoch: 0284 loss_train: 0.2839 loss_val: 0.6393
Run:01 Epoch: 0285 loss_train: 0.2840 loss_val: 0.6491
Run:01 Epoch: 0286 loss_train: 0.2863 loss_val: 0.6480
Run:01 Epoch: 0287 loss_train: 0.2854 loss_val: 0.6511
Run:01 Epoch: 0288 loss_train: 0.2845 loss_val: 0.6459
Run:01 Epoch: 0289 loss_train: 0.2856 loss_val: 0.6524
Run:01 Epoch: 0290 loss_train: 0.2861 loss_val: 0.6363
Run:01 Epoch: 0291 loss_train: 0.2873 loss_val: 0.6438
Run:01 Epoch: 0292 loss_train: 0.2836 loss_val: 0.6504
Run:01 Epoch: 0293 loss_train: 0.2890 loss_val: 0.6483
Run:01 Epoch: 0294 loss_train: 0.2845 loss_val: 0.6385
Run:01 Epoch: 0295 loss_train: 0.2854 loss_val: 0.6458
Run:01 Epoch: 0296 loss_train: 0.2810 loss_val: 0.6494
Run:01 Epoch: 0297 loss_train: 0.2828 loss_val: 0.6394
Run:01 Epoch: 0298 loss_train: 0.2802 loss_val: 0.6537
Run:01 Epoch: 0299 loss_train: 0.2829 loss_val: 0.6385
Run:01 Epoch: 0300 loss_train: 0.2833 loss_val: 0.6478
Run:01 Epoch: 0301 loss_train: 0.2859 loss_val: 0.6484
Run:01 Epoch: 0302 loss_train: 0.2848 loss_val: 0.6530
Run:01 Epoch: 0303 loss_train: 0.2850 loss_val: 0.6419
Run:01 Epoch: 0304 loss_train: 0.2839 loss_val: 0.6530
Run:01 Epoch: 0305 loss_train: 0.2835 loss_val: 0.6509
Run:01 Epoch: 0306 loss_train: 0.2842 loss_val: 0.6389
Run:01 Epoch: 0307 loss_train: 0.2781 loss_val: 0.6312
Run:01 Epoch: 0308 loss_train: 0.2811 loss_val: 0.6479
Run:01 Epoch: 0309 loss_train: 0.2821 loss_val: 0.6439
Run:01 Epoch: 0310 loss_train: 0.2748 loss_val: 0.6334
Run:01 Epoch: 0311 loss_train: 0.2798 loss_val: 0.6456
Run:01 Epoch: 0312 loss_train: 0.2810 loss_val: 0.6513
Run:01 Epoch: 0313 loss_train: 0.2797 loss_val: 0.6425
Run:01 Epoch: 0314 loss_train: 0.2825 loss_val: 0.6476
Run:01 Epoch: 0315 loss_train: 0.2755 loss_val: 0.6513
Run:01 Epoch: 0316 loss_train: 0.2825 loss_val: 0.6482
Run:01 Epoch: 0317 loss_train: 0.2829 loss_val: 0.6463
Run:01 Epoch: 0318 loss_train: 0.2820 loss_val: 0.6399
Run:01 Epoch: 0319 loss_train: 0.2818 loss_val: 0.6359
Run:01 Epoch: 0320 loss_train: 0.2849 loss_val: 0.6401
Run:01 Epoch: 0321 loss_train: 0.2801 loss_val: 0.6392
Run:01 Epoch: 0322 loss_train: 0.2833 loss_val: 0.6505
Run:01 Epoch: 0323 loss_train: 0.2810 loss_val: 0.6373
Run:01 Epoch: 0324 loss_train: 0.2812 loss_val: 0.6316
Run:01 Epoch: 0325 loss_train: 0.2816 loss_val: 0.6431
Run:01 Epoch: 0326 loss_train: 0.2786 loss_val: 0.6433
Run:01 Epoch: 0327 loss_train: 0.2816 loss_val: 0.6423
Run:01 Epoch: 0328 loss_train: 0.2755 loss_val: 0.6395
Run:01 Epoch: 0329 loss_train: 0.2812 loss_val: 0.6369
Run:01 Epoch: 0330 loss_train: 0.2790 loss_val: 0.6508
Run:01 Epoch: 0331 loss_train: 0.2800 loss_val: 0.6447
Run:01 Epoch: 0332 loss_train: 0.2771 loss_val: 0.6447
Run:01 Epoch: 0333 loss_train: 0.2796 loss_val: 0.6430
Run:01 Epoch: 0334 loss_train: 0.2783 loss_val: 0.6431
Run:01 Epoch: 0335 loss_train: 0.2775 loss_val: 0.6457
Run:01 Epoch: 0336 loss_train: 0.2792 loss_val: 0.6509
Run:01 Epoch: 0337 loss_train: 0.2768 loss_val: 0.6488
Run:01 Epoch: 0338 loss_train: 0.2804 loss_val: 0.6447
Run:01 Epoch: 0339 loss_train: 0.2783 loss_val: 0.6432
Run:01 Epoch: 0340 loss_train: 0.2805 loss_val: 0.6445
Run:01 Epoch: 0341 loss_train: 0.2805 loss_val: 0.6404
Run:01 Epoch: 0342 loss_train: 0.2770 loss_val: 0.6421
Run:01 Epoch: 0343 loss_train: 0.2745 loss_val: 0.6554
Run:01 Epoch: 0344 loss_train: 0.2773 loss_val: 0.6467
Run:01 Epoch: 0345 loss_train: 0.2751 loss_val: 0.6324
Run:01 Epoch: 0346 loss_train: 0.2740 loss_val: 0.6363
Run:01 Epoch: 0347 loss_train: 0.2795 loss_val: 0.6438
Run:01 Epoch: 0348 loss_train: 0.2745 loss_val: 0.6501
Run:01 Epoch: 0349 loss_train: 0.2736 loss_val: 0.6405
Run:01 Epoch: 0350 loss_train: 0.2710 loss_val: 0.6404
Run:01 Epoch: 0351 loss_train: 0.2766 loss_val: 0.6520
Run:01 Epoch: 0352 loss_train: 0.2780 loss_val: 0.6417
Run:01 Epoch: 0353 loss_train: 0.2770 loss_val: 0.6483
Run:01 Epoch: 0354 loss_train: 0.2734 loss_val: 0.6338
Run:01 Epoch: 0355 loss_train: 0.2738 loss_val: 0.6373
Run:01 Epoch: 0356 loss_train: 0.2795 loss_val: 0.6338
Run:01 Epoch: 0357 loss_train: 0.2768 loss_val: 0.6408
Run:01 Epoch: 0358 loss_train: 0.2737 loss_val: 0.6420
Run:01 Epoch: 0359 loss_train: 0.2794 loss_val: 0.6440
Run:01 Epoch: 0360 loss_train: 0.2775 loss_val: 0.6300
Run:01 Epoch: 0361 loss_train: 0.2761 loss_val: 0.6374
Run:01 Epoch: 0362 loss_train: 0.2785 loss_val: 0.6334
Run:01 Epoch: 0363 loss_train: 0.2727 loss_val: 0.6380
Run:01 Epoch: 0364 loss_train: 0.2769 loss_val: 0.6477
Run:01 Epoch: 0365 loss_train: 0.2694 loss_val: 0.6486
Run:01 Epoch: 0366 loss_train: 0.2742 loss_val: 0.6388
Run:01 Epoch: 0367 loss_train: 0.2713 loss_val: 0.6466
Run:01 Epoch: 0368 loss_train: 0.2749 loss_val: 0.6486
Run:01 Epoch: 0369 loss_train: 0.2751 loss_val: 0.6355
Run:01 Epoch: 0370 loss_train: 0.2744 loss_val: 0.6314
Run:01 Epoch: 0371 loss_train: 0.2790 loss_val: 0.6425
Run:01 Epoch: 0372 loss_train: 0.2780 loss_val: 0.6356
Run:01 Epoch: 0373 loss_train: 0.2767 loss_val: 0.6533
Run:01 Epoch: 0374 loss_train: 0.2789 loss_val: 0.6456
Run:01 Epoch: 0375 loss_train: 0.2718 loss_val: 0.6391
Run:01 Epoch: 0376 loss_train: 0.2722 loss_val: 0.6411
Run:01 Epoch: 0377 loss_train: 0.2753 loss_val: 0.6451
Run:01 Epoch: 0378 loss_train: 0.2757 loss_val: 0.6476
Run:01 Epoch: 0379 loss_train: 0.2778 loss_val: 0.6360
Run:01 Epoch: 0380 loss_train: 0.2727 loss_val: 0.6466
Run:01 Epoch: 0381 loss_train: 0.2720 loss_val: 0.6421
Run:01 Epoch: 0382 loss_train: 0.2746 loss_val: 0.6445
Run:01 Epoch: 0383 loss_train: 0.2732 loss_val: 0.6423
Run:01 Epoch: 0384 loss_train: 0.2717 loss_val: 0.6511
Run:01 Epoch: 0385 loss_train: 0.2724 loss_val: 0.6576
Run:01 Epoch: 0386 loss_train: 0.2720 loss_val: 0.6497
Run:01 Epoch: 0387 loss_train: 0.2738 loss_val: 0.6374
Run:01 Epoch: 0388 loss_train: 0.2754 loss_val: 0.6434
Run:01 Epoch: 0389 loss_train: 0.2730 loss_val: 0.6464
Run:01 Epoch: 0390 loss_train: 0.2721 loss_val: 0.6476
Run:01 Epoch: 0391 loss_train: 0.2760 loss_val: 0.6424
Run:01 Epoch: 0392 loss_train: 0.2742 loss_val: 0.6396
Run:01 Epoch: 0393 loss_train: 0.2760 loss_val: 0.6466
Run:01 Epoch: 0394 loss_train: 0.2740 loss_val: 0.6480
Run:01 Epoch: 0395 loss_train: 0.2710 loss_val: 0.6463
Run:01 Epoch: 0396 loss_train: 0.2693 loss_val: 0.6400
Run:01 Epoch: 0397 loss_train: 0.2737 loss_val: 0.6378
Run:01 Epoch: 0398 loss_train: 0.2685 loss_val: 0.6378
Run:01 Epoch: 0399 loss_train: 0.2715 loss_val: 0.6444
Run:01 Epoch: 0400 loss_train: 0.2735 loss_val: 0.6480
Run:01 Epoch: 0401 loss_train: 0.2729 loss_val: 0.6420
Run:01 Epoch: 0402 loss_train: 0.2714 loss_val: 0.6418
Run:01 Epoch: 0403 loss_train: 0.2721 loss_val: 0.6416
Run:01 Epoch: 0404 loss_train: 0.2732 loss_val: 0.6444
Run:01 Epoch: 0405 loss_train: 0.2720 loss_val: 0.6578
Run:01 Epoch: 0406 loss_train: 0.2704 loss_val: 0.6416
Run:01 Epoch: 0407 loss_train: 0.2743 loss_val: 0.6474
Run:01 Epoch: 0408 loss_train: 0.2708 loss_val: 0.6464
Run:01 Epoch: 0409 loss_train: 0.2738 loss_val: 0.6482
Run:01 Epoch: 0410 loss_train: 0.2719 loss_val: 0.6487
Run:01 Epoch: 0411 loss_train: 0.2720 loss_val: 0.6474
Run:01 Epoch: 0412 loss_train: 0.2762 loss_val: 0.6383
Run:01 Epoch: 0413 loss_train: 0.2691 loss_val: 0.6517
Run:01 Epoch: 0414 loss_train: 0.2721 loss_val: 0.6455
Run:01 Epoch: 0415 loss_train: 0.2707 loss_val: 0.6297
Run:01 Epoch: 0416 loss_train: 0.2679 loss_val: 0.6479
Run:01 Epoch: 0417 loss_train: 0.2739 loss_val: 0.6480
Run:01 Epoch: 0418 loss_train: 0.2733 loss_val: 0.6392
Run:01 Epoch: 0419 loss_train: 0.2727 loss_val: 0.6405
Run:01 Epoch: 0420 loss_train: 0.2691 loss_val: 0.6411
Run:01 Epoch: 0421 loss_train: 0.2718 loss_val: 0.6437
Run:01 Epoch: 0422 loss_train: 0.2753 loss_val: 0.6518
Run:01 Epoch: 0423 loss_train: 0.2746 loss_val: 0.6488
Run:01 Epoch: 0424 loss_train: 0.2728 loss_val: 0.6371
Run:01 Epoch: 0425 loss_train: 0.2743 loss_val: 0.6406
Run:01 Epoch: 0426 loss_train: 0.2741 loss_val: 0.6468
Run:01 Epoch: 0427 loss_train: 0.2711 loss_val: 0.6469
Run:01 Epoch: 0428 loss_train: 0.2742 loss_val: 0.6465
Run:01 Epoch: 0429 loss_train: 0.2686 loss_val: 0.6397
Run:01 Epoch: 0430 loss_train: 0.2746 loss_val: 0.6408
Run:01 Epoch: 0431 loss_train: 0.2771 loss_val: 0.6451
Run:01 Epoch: 0432 loss_train: 0.2691 loss_val: 0.6458
Run:01 Epoch: 0433 loss_train: 0.2699 loss_val: 0.6369
Run:01 Epoch: 0434 loss_train: 0.2734 loss_val: 0.6471
Run:01 Epoch: 0435 loss_train: 0.2692 loss_val: 0.6432
Run:01 Epoch: 0436 loss_train: 0.2693 loss_val: 0.6473
Run:01 Epoch: 0437 loss_train: 0.2667 loss_val: 0.6581
Run:01 Epoch: 0438 loss_train: 0.2762 loss_val: 0.6466
Run:01 Epoch: 0439 loss_train: 0.2688 loss_val: 0.6403
Run:01 Epoch: 0440 loss_train: 0.2722 loss_val: 0.6424
Run:01 Epoch: 0441 loss_train: 0.2700 loss_val: 0.6406
Run:01 Epoch: 0442 loss_train: 0.2728 loss_val: 0.6445
Run:01 Epoch: 0443 loss_train: 0.2720 loss_val: 0.6525
Run:01 Epoch: 0444 loss_train: 0.2688 loss_val: 0.6420
Run:01 Epoch: 0445 loss_train: 0.2676 loss_val: 0.6449
Run:01 Epoch: 0446 loss_train: 0.2708 loss_val: 0.6502
Run:01 Epoch: 0447 loss_train: 0.2703 loss_val: 0.6420
Run:01 Epoch: 0448 loss_train: 0.2737 loss_val: 0.6436
Run:01 Epoch: 0449 loss_train: 0.2679 loss_val: 0.6453
Run:01 Epoch: 0450 loss_train: 0.2727 loss_val: 0.6516
Run:01 Epoch: 0451 loss_train: 0.2699 loss_val: 0.6416
Run:01 Epoch: 0452 loss_train: 0.2703 loss_val: 0.6372
Run:01 Epoch: 0453 loss_train: 0.2668 loss_val: 0.6487
Run:01 Epoch: 0454 loss_train: 0.2701 loss_val: 0.6426
Run:01 Epoch: 0455 loss_train: 0.2722 loss_val: 0.6358
Run:01 Epoch: 0456 loss_train: 0.2764 loss_val: 0.6487
Run:01 Epoch: 0457 loss_train: 0.2660 loss_val: 0.6440
Run:01 Epoch: 0458 loss_train: 0.2732 loss_val: 0.6465
Run:01 Epoch: 0459 loss_train: 0.2711 loss_val: 0.6335
Run:01 Epoch: 0460 loss_train: 0.2711 loss_val: 0.6438
Run:01 Epoch: 0461 loss_train: 0.2704 loss_val: 0.6437
Run:01 Epoch: 0462 loss_train: 0.2675 loss_val: 0.6417
Run:01 Epoch: 0463 loss_train: 0.2713 loss_val: 0.6486
Run:01 Epoch: 0464 loss_train: 0.2770 loss_val: 0.6511
Run:01 Epoch: 0465 loss_train: 0.2706 loss_val: 0.6302
Run:01 Epoch: 0466 loss_train: 0.2732 loss_val: 0.6502
Run:01 Epoch: 0467 loss_train: 0.2716 loss_val: 0.6458
Run:01 Epoch: 0468 loss_train: 0.2690 loss_val: 0.6398
Run:01 Epoch: 0469 loss_train: 0.2694 loss_val: 0.6499
Run:01 Epoch: 0470 loss_train: 0.2688 loss_val: 0.6495
Run:01 Epoch: 0471 loss_train: 0.2674 loss_val: 0.6432
Run:01 Epoch: 0472 loss_train: 0.2710 loss_val: 0.6461
Run:01 Epoch: 0473 loss_train: 0.2731 loss_val: 0.6465
Run:01 Epoch: 0474 loss_train: 0.2684 loss_val: 0.6505
Run:01 Epoch: 0475 loss_train: 0.2724 loss_val: 0.6551
Run:01 Epoch: 0476 loss_train: 0.2739 loss_val: 0.6511
Run:01 Epoch: 0477 loss_train: 0.2681 loss_val: 0.6435
Run:01 Epoch: 0478 loss_train: 0.2659 loss_val: 0.6489
Run:01 Epoch: 0479 loss_train: 0.2704 loss_val: 0.6566
Run:01 Epoch: 0480 loss_train: 0.2708 loss_val: 0.6475
Run:01 Epoch: 0481 loss_train: 0.2712 loss_val: 0.6487
Run:01 Epoch: 0482 loss_train: 0.2702 loss_val: 0.6418
Run:01 Epoch: 0483 loss_train: 0.2713 loss_val: 0.6456
Run:01 Epoch: 0484 loss_train: 0.2683 loss_val: 0.6438
Run:01 Epoch: 0485 loss_train: 0.2702 loss_val: 0.6465
Run:01 Epoch: 0486 loss_train: 0.2696 loss_val: 0.6524
Run:01 Epoch: 0487 loss_train: 0.2709 loss_val: 0.6512
Run:01 Epoch: 0488 loss_train: 0.2679 loss_val: 0.6395
Run:01 Epoch: 0489 loss_train: 0.2688 loss_val: 0.6327
Run:01 Epoch: 0490 loss_train: 0.2657 loss_val: 0.6351
Run:01 Epoch: 0491 loss_train: 0.2739 loss_val: 0.6440
Run:01 Epoch: 0492 loss_train: 0.2681 loss_val: 0.6454
Run:01 Epoch: 0493 loss_train: 0.2709 loss_val: 0.6411
Run:01 Epoch: 0494 loss_train: 0.2701 loss_val: 0.6400
Run:01 Epoch: 0495 loss_train: 0.2689 loss_val: 0.6477
Run:01 Epoch: 0496 loss_train: 0.2707 loss_val: 0.6451
Run:01 Epoch: 0497 loss_train: 0.2720 loss_val: 0.6467
Run:01 Epoch: 0498 loss_train: 0.2705 loss_val: 0.6474
Run:01 Epoch: 0499 loss_train: 0.2665 loss_val: 0.6427
Run:01 Epoch: 0500 loss_train: 0.2672 loss_val: 0.6339
Run:01 Epoch: 0501 loss_train: 0.2742 loss_val: 0.6476
Run:01 Epoch: 0502 loss_train: 0.2701 loss_val: 0.6330
Run:01 Epoch: 0503 loss_train: 0.2640 loss_val: 0.6415
Run:01 Epoch: 0504 loss_train: 0.2688 loss_val: 0.6505
Run:01 Epoch: 0505 loss_train: 0.2682 loss_val: 0.6513
Run:01 Epoch: 0506 loss_train: 0.2690 loss_val: 0.6438
Run:01 Epoch: 0507 loss_train: 0.2679 loss_val: 0.6348
Run:01 Epoch: 0508 loss_train: 0.2645 loss_val: 0.6475
Run:01 Epoch: 0509 loss_train: 0.2721 loss_val: 0.6495
Run:01 Epoch: 0510 loss_train: 0.2708 loss_val: 0.6431
Run:01 Epoch: 0511 loss_train: 0.2702 loss_val: 0.6535
Run:01 Epoch: 0512 loss_train: 0.2680 loss_val: 0.6501
Run:01 Epoch: 0513 loss_train: 0.2695 loss_val: 0.6386
Run:01 Epoch: 0514 loss_train: 0.2648 loss_val: 0.6419
Run:01 Epoch: 0515 loss_train: 0.2688 loss_val: 0.6476
Run:01 Epoch: 0516 loss_train: 0.2664 loss_val: 0.6469
Run:01 Epoch: 0517 loss_train: 0.2711 loss_val: 0.6436
Run:01 Epoch: 0518 loss_train: 0.2680 loss_val: 0.6427
Run:01 Epoch: 0519 loss_train: 0.2698 loss_val: 0.6522
Run:01 Epoch: 0520 loss_train: 0.2663 loss_val: 0.6430
Run:01 Epoch: 0521 loss_train: 0.2643 loss_val: 0.6433
Run:01 Epoch: 0522 loss_train: 0.2697 loss_val: 0.6513
Run:01 Epoch: 0523 loss_train: 0.2706 loss_val: 0.6575
Run:01 Epoch: 0524 loss_train: 0.2734 loss_val: 0.6532
Run:01 Epoch: 0525 loss_train: 0.2712 loss_val: 0.6322
Run:01 Epoch: 0526 loss_train: 0.2718 loss_val: 0.6427
Run:01 Epoch: 0527 loss_train: 0.2701 loss_val: 0.6538
Run:01 Epoch: 0528 loss_train: 0.2748 loss_val: 0.6381
Run:01 Epoch: 0529 loss_train: 0.2668 loss_val: 0.6423
Run:01 Epoch: 0530 loss_train: 0.2704 loss_val: 0.6328
Run:01 Epoch: 0531 loss_train: 0.2688 loss_val: 0.6464
Run:01 Epoch: 0532 loss_train: 0.2682 loss_val: 0.6511
Run:01 Epoch: 0533 loss_train: 0.2676 loss_val: 0.6389
Run:01 Epoch: 0534 loss_train: 0.2722 loss_val: 0.6494
Run:01 Epoch: 0535 loss_train: 0.2678 loss_val: 0.6412
Run:01 Epoch: 0536 loss_train: 0.2651 loss_val: 0.6372
Run:01 Epoch: 0537 loss_train: 0.2676 loss_val: 0.6408
Run:01 Epoch: 0538 loss_train: 0.2621 loss_val: 0.6467
Run:01 Epoch: 0539 loss_train: 0.2681 loss_val: 0.6524
Run:01 Epoch: 0540 loss_train: 0.2652 loss_val: 0.6442
Run:01 Epoch: 0541 loss_train: 0.2691 loss_val: 0.6480
Run:01 Epoch: 0542 loss_train: 0.2670 loss_val: 0.6410
Run:01 Epoch: 0543 loss_train: 0.2699 loss_val: 0.6411
Run:01 Epoch: 0544 loss_train: 0.2720 loss_val: 0.6457
Run:01 Epoch: 0545 loss_train: 0.2665 loss_val: 0.6345
Run:01 Epoch: 0546 loss_train: 0.2713 loss_val: 0.6570
Run:01 Epoch: 0547 loss_train: 0.2683 loss_val: 0.6505
Run:01 Epoch: 0548 loss_train: 0.2659 loss_val: 0.6331
Run:01 Epoch: 0549 loss_train: 0.2682 loss_val: 0.6463
Run:01 Epoch: 0550 loss_train: 0.2627 loss_val: 0.6485
Run:01 Epoch: 0551 loss_train: 0.2702 loss_val: 0.6537
Run:01 Epoch: 0552 loss_train: 0.2693 loss_val: 0.6334
Run:01 Epoch: 0553 loss_train: 0.2686 loss_val: 0.6380
Run:01 Epoch: 0554 loss_train: 0.2688 loss_val: 0.6416
Run:01 Epoch: 0555 loss_train: 0.2712 loss_val: 0.6512
Run:01 Epoch: 0556 loss_train: 0.2671 loss_val: 0.6356
Run:01 Epoch: 0557 loss_train: 0.2690 loss_val: 0.6357
Run:01 Epoch: 0558 loss_train: 0.2678 loss_val: 0.6348
Run:01 Epoch: 0559 loss_train: 0.2695 loss_val: 0.6389
Run:01 Epoch: 0560 loss_train: 0.2693 loss_val: 0.6414
Run:01 Epoch: 0561 loss_train: 0.2690 loss_val: 0.6445
Run:01 Epoch: 0562 loss_train: 0.2620 loss_val: 0.6465
Run:01 Epoch: 0563 loss_train: 0.2657 loss_val: 0.6406
Run:01 Epoch: 0564 loss_train: 0.2643 loss_val: 0.6440
Run:01 Epoch: 0565 loss_train: 0.2665 loss_val: 0.6434
Run:01 Epoch: 0566 loss_train: 0.2683 loss_val: 0.6415
Run:01 Epoch: 0567 loss_train: 0.2687 loss_val: 0.6453
Run:01 Epoch: 0568 loss_train: 0.2691 loss_val: 0.6561
Run:01 Epoch: 0569 loss_train: 0.2671 loss_val: 0.6322
Run:01 Epoch: 0570 loss_train: 0.2641 loss_val: 0.6524
Run:01 Epoch: 0571 loss_train: 0.2719 loss_val: 0.6357
Run:01 Epoch: 0572 loss_train: 0.2677 loss_val: 0.6491
Run:01 Epoch: 0573 loss_train: 0.2667 loss_val: 0.6447
Run:01 Epoch: 0574 loss_train: 0.2673 loss_val: 0.6492
Run:01 Epoch: 0575 loss_train: 0.2669 loss_val: 0.6601
Run:01 Epoch: 0576 loss_train: 0.2670 loss_val: 0.6387
Run:01 Epoch: 0577 loss_train: 0.2661 loss_val: 0.6456
Run:01 Epoch: 0578 loss_train: 0.2715 loss_val: 0.6512
Run:01 Epoch: 0579 loss_train: 0.2684 loss_val: 0.6401
Run:01 Epoch: 0580 loss_train: 0.2666 loss_val: 0.6361
Run:01 Epoch: 0581 loss_train: 0.2698 loss_val: 0.6392
Run:01 Epoch: 0582 loss_train: 0.2697 loss_val: 0.6445
Run:01 Epoch: 0583 loss_train: 0.2679 loss_val: 0.6333
Run:01 Epoch: 0584 loss_train: 0.2648 loss_val: 0.6422
Run:01 Epoch: 0585 loss_train: 0.2675 loss_val: 0.6313
Run:01 Epoch: 0586 loss_train: 0.2657 loss_val: 0.6446
Run:01 Epoch: 0587 loss_train: 0.2645 loss_val: 0.6445
Run:01 Epoch: 0588 loss_train: 0.2668 loss_val: 0.6524
Run:01 Epoch: 0589 loss_train: 0.2673 loss_val: 0.6442
Run:01 Epoch: 0590 loss_train: 0.2637 loss_val: 0.6390
Run:01 Epoch: 0591 loss_train: 0.2660 loss_val: 0.6483
Run:01 Epoch: 0592 loss_train: 0.2692 loss_val: 0.6499
Run:01 Epoch: 0593 loss_train: 0.2656 loss_val: 0.6362
Run:01 Epoch: 0594 loss_train: 0.2675 loss_val: 0.6466
Run:01 Epoch: 0595 loss_train: 0.2642 loss_val: 0.6429
Run:01 Epoch: 0596 loss_train: 0.2700 loss_val: 0.6334
Run:01 Epoch: 0597 loss_train: 0.2690 loss_val: 0.6410
Run:01 Epoch: 0598 loss_train: 0.2727 loss_val: 0.6445
Run:01 Epoch: 0599 loss_train: 0.2682 loss_val: 0.6367
Run:01 Epoch: 0600 loss_train: 0.2629 loss_val: 0.6361
Run:01 Epoch: 0601 loss_train: 0.2692 loss_val: 0.6456
Run:01 Epoch: 0602 loss_train: 0.2677 loss_val: 0.6409
Run:01 Epoch: 0603 loss_train: 0.2729 loss_val: 0.6303
Run:01 Epoch: 0604 loss_train: 0.2666 loss_val: 0.6415
Run:01 Epoch: 0605 loss_train: 0.2652 loss_val: 0.6408
Run:01 Epoch: 0606 loss_train: 0.2666 loss_val: 0.6449
Run:01 Epoch: 0607 loss_train: 0.2731 loss_val: 0.6372
Run:01 Epoch: 0608 loss_train: 0.2660 loss_val: 0.6518
Run:01 Epoch: 0609 loss_train: 0.2674 loss_val: 0.6320
Run:01 Epoch: 0610 loss_train: 0.2674 loss_val: 0.6347
Run:01 Epoch: 0611 loss_train: 0.2626 loss_val: 0.6366
Run:01 Epoch: 0612 loss_train: 0.2699 loss_val: 0.6462
Run:01 Epoch: 0613 loss_train: 0.2671 loss_val: 0.6425
Run:01 Epoch: 0614 loss_train: 0.2651 loss_val: 0.6356
Run:01 Epoch: 0615 loss_train: 0.2679 loss_val: 0.6342
Run:01 Epoch: 0616 loss_train: 0.2675 loss_val: 0.6455
Run:01 Epoch: 0617 loss_train: 0.2689 loss_val: 0.6345
Run:01 Epoch: 0618 loss_train: 0.2660 loss_val: 0.6327
Run:01 Epoch: 0619 loss_train: 0.2673 loss_val: 0.6366
Run:01 Epoch: 0620 loss_train: 0.2669 loss_val: 0.6455
Run:01 Epoch: 0621 loss_train: 0.2673 loss_val: 0.6405
Run:01 Epoch: 0622 loss_train: 0.2637 loss_val: 0.6456
Run:01 Epoch: 0623 loss_train: 0.2669 loss_val: 0.6311
Run:01 Epoch: 0624 loss_train: 0.2640 loss_val: 0.6513
Run:01 Epoch: 0625 loss_train: 0.2616 loss_val: 0.6417
Run:01 Epoch: 0626 loss_train: 0.2670 loss_val: 0.6291
Run:01 Epoch: 0627 loss_train: 0.2669 loss_val: 0.6424
Run:01 Epoch: 0628 loss_train: 0.2675 loss_val: 0.6373
Run:01 Epoch: 0629 loss_train: 0.2653 loss_val: 0.6328
Run:01 Epoch: 0630 loss_train: 0.2662 loss_val: 0.6483
Run:01 Epoch: 0631 loss_train: 0.2674 loss_val: 0.6452
Run:01 Epoch: 0632 loss_train: 0.2699 loss_val: 0.6341
Run:01 Epoch: 0633 loss_train: 0.2648 loss_val: 0.6390
Run:01 Epoch: 0634 loss_train: 0.2700 loss_val: 0.6421
Run:01 Epoch: 0635 loss_train: 0.2630 loss_val: 0.6472
Run:01 Epoch: 0636 loss_train: 0.2694 loss_val: 0.6447
Run:01 Epoch: 0637 loss_train: 0.2659 loss_val: 0.6365
Run:01 Epoch: 0638 loss_train: 0.2673 loss_val: 0.6461
Run:01 Epoch: 0639 loss_train: 0.2650 loss_val: 0.6391
Run:01 Epoch: 0640 loss_train: 0.2668 loss_val: 0.6451
Run:01 Epoch: 0641 loss_train: 0.2660 loss_val: 0.6319
Run:01 Epoch: 0642 loss_train: 0.2687 loss_val: 0.6417
Run:01 Epoch: 0643 loss_train: 0.2681 loss_val: 0.6275
Run:01 Epoch: 0644 loss_train: 0.2673 loss_val: 0.6478
Run:01 Epoch: 0645 loss_train: 0.2716 loss_val: 0.6415
Run:01 Epoch: 0646 loss_train: 0.2695 loss_val: 0.6365
Run:01 Epoch: 0647 loss_train: 0.2667 loss_val: 0.6387
Run:01 Epoch: 0648 loss_train: 0.2712 loss_val: 0.6463
Run:01 Epoch: 0649 loss_train: 0.2682 loss_val: 0.6486
Run:01 Epoch: 0650 loss_train: 0.2621 loss_val: 0.6450
Run:01 Epoch: 0651 loss_train: 0.2698 loss_val: 0.6381
Run:01 Epoch: 0652 loss_train: 0.2687 loss_val: 0.6388
Run:01 Epoch: 0653 loss_train: 0.2657 loss_val: 0.6495
Run:01 Epoch: 0654 loss_train: 0.2699 loss_val: 0.6356
Run:01 Epoch: 0655 loss_train: 0.2669 loss_val: 0.6368
Run:01 Epoch: 0656 loss_train: 0.2649 loss_val: 0.6390
Run:01 Epoch: 0657 loss_train: 0.2656 loss_val: 0.6398
Run:01 Epoch: 0658 loss_train: 0.2673 loss_val: 0.6467
Run:01 Epoch: 0659 loss_train: 0.2678 loss_val: 0.6320
Run:01 Epoch: 0660 loss_train: 0.2595 loss_val: 0.6425
Run:01 Epoch: 0661 loss_train: 0.2682 loss_val: 0.6498
Run:01 Epoch: 0662 loss_train: 0.2659 loss_val: 0.6450
Run:01 Epoch: 0663 loss_train: 0.2681 loss_val: 0.6381
Run:01 Epoch: 0664 loss_train: 0.2662 loss_val: 0.6285
Run:01 Epoch: 0665 loss_train: 0.2644 loss_val: 0.6397
Run:01 Epoch: 0666 loss_train: 0.2684 loss_val: 0.6340
Run:01 Epoch: 0667 loss_train: 0.2623 loss_val: 0.6363
Run:01 Epoch: 0668 loss_train: 0.2674 loss_val: 0.6375
Run:01 Epoch: 0669 loss_train: 0.2652 loss_val: 0.6392
Run:01 Epoch: 0670 loss_train: 0.2653 loss_val: 0.6394
Run:01 Epoch: 0671 loss_train: 0.2667 loss_val: 0.6418
Run:01 Epoch: 0672 loss_train: 0.2651 loss_val: 0.6279
Run:01 Epoch: 0673 loss_train: 0.2692 loss_val: 0.6494
Run:01 Epoch: 0674 loss_train: 0.2688 loss_val: 0.6324
Run:01 Epoch: 0675 loss_train: 0.2702 loss_val: 0.6376
Run:01 Epoch: 0676 loss_train: 0.2664 loss_val: 0.6391
Run:01 Epoch: 0677 loss_train: 0.2625 loss_val: 0.6403
Run:01 Epoch: 0678 loss_train: 0.2684 loss_val: 0.6422
Run:01 Epoch: 0679 loss_train: 0.2644 loss_val: 0.6420
Run:01 Epoch: 0680 loss_train: 0.2670 loss_val: 0.6379
Run:01 Epoch: 0681 loss_train: 0.2679 loss_val: 0.6529
Run:01 Epoch: 0682 loss_train: 0.2677 loss_val: 0.6403
Run:01 Epoch: 0683 loss_train: 0.2686 loss_val: 0.6400
Run:01 Epoch: 0684 loss_train: 0.2694 loss_val: 0.6392
Run:01 Epoch: 0685 loss_train: 0.2634 loss_val: 0.6377
Run:01 Epoch: 0686 loss_train: 0.2719 loss_val: 0.6380
Run:01 Epoch: 0687 loss_train: 0.2710 loss_val: 0.6344
Run:01 Epoch: 0688 loss_train: 0.2679 loss_val: 0.6471
Run:01 Epoch: 0689 loss_train: 0.2666 loss_val: 0.6423
Run:01 Epoch: 0690 loss_train: 0.2665 loss_val: 0.6408
Run:01 Epoch: 0691 loss_train: 0.2668 loss_val: 0.6501
Run:01 Epoch: 0692 loss_train: 0.2654 loss_val: 0.6373
Run:01 Epoch: 0693 loss_train: 0.2680 loss_val: 0.6458
Run:01 Epoch: 0694 loss_train: 0.2659 loss_val: 0.6420
Run:01 Epoch: 0695 loss_train: 0.2669 loss_val: 0.6501
Run:01 Epoch: 0696 loss_train: 0.2636 loss_val: 0.6484
Run:01 Epoch: 0697 loss_train: 0.2657 loss_val: 0.6450
Run:01 Epoch: 0698 loss_train: 0.2655 loss_val: 0.6380
Run:01 Epoch: 0699 loss_train: 0.2685 loss_val: 0.6451
Run:01 Epoch: 0700 loss_train: 0.2627 loss_val: 0.6462
Run:01 Epoch: 0701 loss_train: 0.2694 loss_val: 0.6419
Run:01 Epoch: 0702 loss_train: 0.2665 loss_val: 0.6272
Run:01 Epoch: 0703 loss_train: 0.2657 loss_val: 0.6417
Run:01 Epoch: 0704 loss_train: 0.2706 loss_val: 0.6413
Run:01 Epoch: 0705 loss_train: 0.2631 loss_val: 0.6436
Run:01 Epoch: 0706 loss_train: 0.2666 loss_val: 0.6369
Run:01 Epoch: 0707 loss_train: 0.2616 loss_val: 0.6435
Run:01 Epoch: 0708 loss_train: 0.2637 loss_val: 0.6323
Run:01 Epoch: 0709 loss_train: 0.2686 loss_val: 0.6366
Run:01 Epoch: 0710 loss_train: 0.2614 loss_val: 0.6369
Run:01 Epoch: 0711 loss_train: 0.2734 loss_val: 0.6423
Run:01 Epoch: 0712 loss_train: 0.2721 loss_val: 0.6431
Run:01 Epoch: 0713 loss_train: 0.2664 loss_val: 0.6379
Run:01 Epoch: 0714 loss_train: 0.2628 loss_val: 0.6452
Run:01 Epoch: 0715 loss_train: 0.2687 loss_val: 0.6494
Run:01 Epoch: 0716 loss_train: 0.2638 loss_val: 0.6427
Run:01 Epoch: 0717 loss_train: 0.2637 loss_val: 0.6429
Run:01 Epoch: 0718 loss_train: 0.2685 loss_val: 0.6494
Run:01 Epoch: 0719 loss_train: 0.2631 loss_val: 0.6463
Run:01 Epoch: 0720 loss_train: 0.2679 loss_val: 0.6423
Run:01 Epoch: 0721 loss_train: 0.2652 loss_val: 0.6386
Run:01 Epoch: 0722 loss_train: 0.2636 loss_val: 0.6437
Run:01 Epoch: 0723 loss_train: 0.2665 loss_val: 0.6383
Run:01 Epoch: 0724 loss_train: 0.2665 loss_val: 0.6497
Run:01 Epoch: 0725 loss_train: 0.2667 loss_val: 0.6382
Run:01 Epoch: 0726 loss_train: 0.2659 loss_val: 0.6442
Run:01 Epoch: 0727 loss_train: 0.2653 loss_val: 0.6530
Run:01 Epoch: 0728 loss_train: 0.2683 loss_val: 0.6375
Run:01 Epoch: 0729 loss_train: 0.2642 loss_val: 0.6401
Run:01 Epoch: 0730 loss_train: 0.2636 loss_val: 0.6407
Run:01 Epoch: 0731 loss_train: 0.2675 loss_val: 0.6379
Run:01 Epoch: 0732 loss_train: 0.2637 loss_val: 0.6475
Run:01 Epoch: 0733 loss_train: 0.2664 loss_val: 0.6380
Run:01 Epoch: 0734 loss_train: 0.2636 loss_val: 0.6349
Run:01 Epoch: 0735 loss_train: 0.2624 loss_val: 0.6474
Run:01 Epoch: 0736 loss_train: 0.2601 loss_val: 0.6394
Run:01 Epoch: 0737 loss_train: 0.2673 loss_val: 0.6447
Run:01 Epoch: 0738 loss_train: 0.2691 loss_val: 0.6436
Run:01 Epoch: 0739 loss_train: 0.2655 loss_val: 0.6432
Run:01 Epoch: 0740 loss_train: 0.2628 loss_val: 0.6382
Run:01 Epoch: 0741 loss_train: 0.2617 loss_val: 0.6390
Run:01 Epoch: 0742 loss_train: 0.2606 loss_val: 0.6421
Run:01 Epoch: 0743 loss_train: 0.2657 loss_val: 0.6428
Run:01 Epoch: 0744 loss_train: 0.2661 loss_val: 0.6434
Run:01 Epoch: 0745 loss_train: 0.2661 loss_val: 0.6479
Run:01 Epoch: 0746 loss_train: 0.2673 loss_val: 0.6391
Run:01 Epoch: 0747 loss_train: 0.2655 loss_val: 0.6467
Run:01 Epoch: 0748 loss_train: 0.2646 loss_val: 0.6450
Run:01 Epoch: 0749 loss_train: 0.2661 loss_val: 0.6457
Run:01 Epoch: 0750 loss_train: 0.2639 loss_val: 0.6397
Run:01 Epoch: 0751 loss_train: 0.2686 loss_val: 0.6329
Run:01 Epoch: 0752 loss_train: 0.2695 loss_val: 0.6439
Run:01 Epoch: 0753 loss_train: 0.2623 loss_val: 0.6417
Run:01 Epoch: 0754 loss_train: 0.2634 loss_val: 0.6299
Run:01 Epoch: 0755 loss_train: 0.2629 loss_val: 0.6424
Run:01 Epoch: 0756 loss_train: 0.2603 loss_val: 0.6331
Run:01 Epoch: 0757 loss_train: 0.2614 loss_val: 0.6442
Run:01 Epoch: 0758 loss_train: 0.2653 loss_val: 0.6375
Run:01 Epoch: 0759 loss_train: 0.2577 loss_val: 0.6423
Run:01 Epoch: 0760 loss_train: 0.2668 loss_val: 0.6487
Run:01 Epoch: 0761 loss_train: 0.2633 loss_val: 0.6475
Run:01 Epoch: 0762 loss_train: 0.2648 loss_val: 0.6390
Run:01 Epoch: 0763 loss_train: 0.2656 loss_val: 0.6412
Run:01 Epoch: 0764 loss_train: 0.2594 loss_val: 0.6488
Run:01 Epoch: 0765 loss_train: 0.2659 loss_val: 0.6384
Run:01 Epoch: 0766 loss_train: 0.2632 loss_val: 0.6348
Run:01 Epoch: 0767 loss_train: 0.2637 loss_val: 0.6314
Run:01 Epoch: 0768 loss_train: 0.2633 loss_val: 0.6400
Run:01 Epoch: 0769 loss_train: 0.2616 loss_val: 0.6410
Run:01 Epoch: 0770 loss_train: 0.2658 loss_val: 0.6318
Run:01 Epoch: 0771 loss_train: 0.2622 loss_val: 0.6361
Run:01 Epoch: 0772 loss_train: 0.2639 loss_val: 0.6315
Run:01 Epoch: 0773 loss_train: 0.2702 loss_val: 0.6416
Run:01 Epoch: 0774 loss_train: 0.2675 loss_val: 0.6289
Run:01 Epoch: 0775 loss_train: 0.2607 loss_val: 0.6293
Run:01 Epoch: 0776 loss_train: 0.2656 loss_val: 0.6448
Run:01 Epoch: 0777 loss_train: 0.2652 loss_val: 0.6431
Run:01 Epoch: 0778 loss_train: 0.2601 loss_val: 0.6465
Run:01 Epoch: 0779 loss_train: 0.2674 loss_val: 0.6357
Run:01 Epoch: 0780 loss_train: 0.2621 loss_val: 0.6430
Run:01 Epoch: 0781 loss_train: 0.2632 loss_val: 0.6443
Run:01 Epoch: 0782 loss_train: 0.2661 loss_val: 0.6438
Run:01 Epoch: 0783 loss_train: 0.2676 loss_val: 0.6391
Run:01 Epoch: 0784 loss_train: 0.2631 loss_val: 0.6497
Run:01 Epoch: 0785 loss_train: 0.2634 loss_val: 0.6409
Run:01 Epoch: 0786 loss_train: 0.2668 loss_val: 0.6385
Run:01 Epoch: 0787 loss_train: 0.2651 loss_val: 0.6384
Run:01 Epoch: 0788 loss_train: 0.2612 loss_val: 0.6369
Run:01 Epoch: 0789 loss_train: 0.2591 loss_val: 0.6309
Run:01 Epoch: 0790 loss_train: 0.2669 loss_val: 0.6442
Run:01 Epoch: 0791 loss_train: 0.2649 loss_val: 0.6324
Run:01 Epoch: 0792 loss_train: 0.2651 loss_val: 0.6315
Run:01 Epoch: 0793 loss_train: 0.2602 loss_val: 0.6391
Run:01 Epoch: 0794 loss_train: 0.2597 loss_val: 0.6400
Run:01 Epoch: 0795 loss_train: 0.2627 loss_val: 0.6261
Run:01 Epoch: 0796 loss_train: 0.2629 loss_val: 0.6327
Run:01 Epoch: 0797 loss_train: 0.2654 loss_val: 0.6297
Run:01 Epoch: 0798 loss_train: 0.2647 loss_val: 0.6289
Run:01 Epoch: 0799 loss_train: 0.2649 loss_val: 0.6381
Run:01 Epoch: 0800 loss_train: 0.2646 loss_val: 0.6325
Run:01 Epoch: 0801 loss_train: 0.2617 loss_val: 0.6380
Run:01 Epoch: 0802 loss_train: 0.2639 loss_val: 0.6370
Run:01 Epoch: 0803 loss_train: 0.2725 loss_val: 0.6400
Run:01 Epoch: 0804 loss_train: 0.2668 loss_val: 0.6464
Run:01 Epoch: 0805 loss_train: 0.2638 loss_val: 0.6436
Run:01 Epoch: 0806 loss_train: 0.2638 loss_val: 0.6492
Run:01 Epoch: 0807 loss_train: 0.2648 loss_val: 0.6399
Run:01 Epoch: 0808 loss_train: 0.2636 loss_val: 0.6427
Run:01 Epoch: 0809 loss_train: 0.2652 loss_val: 0.6400
Run:01 Epoch: 0810 loss_train: 0.2665 loss_val: 0.6445
Run:01 Epoch: 0811 loss_train: 0.2650 loss_val: 0.6378
Run:01 Epoch: 0812 loss_train: 0.2651 loss_val: 0.6597
Run:01 Epoch: 0813 loss_train: 0.2635 loss_val: 0.6459
Run:01 Epoch: 0814 loss_train: 0.2656 loss_val: 0.6456
Run:01 Epoch: 0815 loss_train: 0.2630 loss_val: 0.6337
Run:01 Epoch: 0816 loss_train: 0.2627 loss_val: 0.6442
Run:01 Epoch: 0817 loss_train: 0.2665 loss_val: 0.6517
Run:01 Epoch: 0818 loss_train: 0.2657 loss_val: 0.6391
Run:01 Epoch: 0819 loss_train: 0.2639 loss_val: 0.6350
Run:01 Epoch: 0820 loss_train: 0.2632 loss_val: 0.6357
Run:01 Epoch: 0821 loss_train: 0.2658 loss_val: 0.6369
Run:01 Epoch: 0822 loss_train: 0.2674 loss_val: 0.6347
Run:01 Epoch: 0823 loss_train: 0.2629 loss_val: 0.6413
Run:01 Epoch: 0824 loss_train: 0.2609 loss_val: 0.6431
Run:01 Epoch: 0825 loss_train: 0.2662 loss_val: 0.6283
Run:01 Epoch: 0826 loss_train: 0.2616 loss_val: 0.6372
Run:01 Epoch: 0827 loss_train: 0.2639 loss_val: 0.6423
Run:01 Epoch: 0828 loss_train: 0.2649 loss_val: 0.6402
Run:01 Epoch: 0829 loss_train: 0.2664 loss_val: 0.6509
Run:01 Epoch: 0830 loss_train: 0.2694 loss_val: 0.6417
Run:01 Epoch: 0831 loss_train: 0.2658 loss_val: 0.6433
Run:01 Epoch: 0832 loss_train: 0.2616 loss_val: 0.6300
Run:01 Epoch: 0833 loss_train: 0.2668 loss_val: 0.6381
Run:01 Epoch: 0834 loss_train: 0.2609 loss_val: 0.6381
Run:01 Epoch: 0835 loss_train: 0.2633 loss_val: 0.6373
Run:01 Epoch: 0836 loss_train: 0.2677 loss_val: 0.6448
Run:01 Epoch: 0837 loss_train: 0.2641 loss_val: 0.6290
Run:01 Epoch: 0838 loss_train: 0.2668 loss_val: 0.6459
Run:01 Epoch: 0839 loss_train: 0.2614 loss_val: 0.6360
Run:01 Epoch: 0840 loss_train: 0.2626 loss_val: 0.6374
Run:01 Epoch: 0841 loss_train: 0.2636 loss_val: 0.6507
Run:01 Epoch: 0842 loss_train: 0.2663 loss_val: 0.6323
Run:01 Epoch: 0843 loss_train: 0.2643 loss_val: 0.6464
Run:01 Epoch: 0844 loss_train: 0.2657 loss_val: 0.6382
Run:01 Epoch: 0845 loss_train: 0.2643 loss_val: 0.6448
Run:01 Epoch: 0846 loss_train: 0.2640 loss_val: 0.6353
Run:01 Epoch: 0847 loss_train: 0.2684 loss_val: 0.6471
Run:01 Epoch: 0848 loss_train: 0.2665 loss_val: 0.6346
Run:01 Epoch: 0849 loss_train: 0.2650 loss_val: 0.6376
Run:01 Epoch: 0850 loss_train: 0.2639 loss_val: 0.6333
Run:01 Epoch: 0851 loss_train: 0.2616 loss_val: 0.6405
Run:01 Epoch: 0852 loss_train: 0.2651 loss_val: 0.6364
Run:01 Epoch: 0853 loss_train: 0.2595 loss_val: 0.6470
Run:01 Epoch: 0854 loss_train: 0.2637 loss_val: 0.6367
Run:01 Epoch: 0855 loss_train: 0.2635 loss_val: 0.6465
Run:01 Epoch: 0856 loss_train: 0.2670 loss_val: 0.6358
Run:01 Epoch: 0857 loss_train: 0.2629 loss_val: 0.6456
Run:01 Epoch: 0858 loss_train: 0.2632 loss_val: 0.6332
Run:01 Epoch: 0859 loss_train: 0.2621 loss_val: 0.6351
Run:01 Epoch: 0860 loss_train: 0.2639 loss_val: 0.6507
Run:01 Epoch: 0861 loss_train: 0.2648 loss_val: 0.6397
Run:01 Epoch: 0862 loss_train: 0.2641 loss_val: 0.6370
Run:01 Epoch: 0863 loss_train: 0.2656 loss_val: 0.6495
Run:01 Epoch: 0864 loss_train: 0.2637 loss_val: 0.6380
Run:01 Epoch: 0865 loss_train: 0.2630 loss_val: 0.6333
Run:01 Epoch: 0866 loss_train: 0.2666 loss_val: 0.6378
Run:01 Epoch: 0867 loss_train: 0.2613 loss_val: 0.6551
Run:01 Epoch: 0868 loss_train: 0.2602 loss_val: 0.6455
Run:01 Epoch: 0869 loss_train: 0.2654 loss_val: 0.6446
Run:01 Epoch: 0870 loss_train: 0.2635 loss_val: 0.6528
Run:01 Epoch: 0871 loss_train: 0.2664 loss_val: 0.6476
Run:01 Epoch: 0872 loss_train: 0.2636 loss_val: 0.6410
Run:01 Epoch: 0873 loss_train: 0.2658 loss_val: 0.6396
Run:01 Epoch: 0874 loss_train: 0.2613 loss_val: 0.6386
Run:01 Epoch: 0875 loss_train: 0.2651 loss_val: 0.6539
Run:01 Epoch: 0876 loss_train: 0.2655 loss_val: 0.6342
Run:01 Epoch: 0877 loss_train: 0.2611 loss_val: 0.6383
Run:01 Epoch: 0878 loss_train: 0.2602 loss_val: 0.6380
Run:01 Epoch: 0879 loss_train: 0.2593 loss_val: 0.6387
Run:01 Epoch: 0880 loss_train: 0.2593 loss_val: 0.6493
Run:01 Epoch: 0881 loss_train: 0.2597 loss_val: 0.6452
Run:01 Epoch: 0882 loss_train: 0.2686 loss_val: 0.6543
Run:01 Epoch: 0883 loss_train: 0.2637 loss_val: 0.6355
Run:01 Epoch: 0884 loss_train: 0.2626 loss_val: 0.6436
Run:01 Epoch: 0885 loss_train: 0.2657 loss_val: 0.6505
Run:01 Epoch: 0886 loss_train: 0.2636 loss_val: 0.6331
Run:01 Epoch: 0887 loss_train: 0.2636 loss_val: 0.6462
Run:01 Epoch: 0888 loss_train: 0.2666 loss_val: 0.6424
Run:01 Epoch: 0889 loss_train: 0.2624 loss_val: 0.6313
Run:01 Epoch: 0890 loss_train: 0.2624 loss_val: 0.6435
Run:01 Epoch: 0891 loss_train: 0.2641 loss_val: 0.6445
Run:01 Epoch: 0892 loss_train: 0.2655 loss_val: 0.6415
Run:01 Epoch: 0893 loss_train: 0.2629 loss_val: 0.6405
Run:01 Epoch: 0894 loss_train: 0.2611 loss_val: 0.6508
Run:01 Epoch: 0895 loss_train: 0.2629 loss_val: 0.6392
Run:01 Epoch: 0896 loss_train: 0.2663 loss_val: 0.6393
Run:01 Epoch: 0897 loss_train: 0.2659 loss_val: 0.6411
Run:01 Epoch: 0898 loss_train: 0.2654 loss_val: 0.6374
Run:01 Epoch: 0899 loss_train: 0.2638 loss_val: 0.6428
Run:01 Epoch: 0900 loss_train: 0.2705 loss_val: 0.6378
Run:01 Epoch: 0901 loss_train: 0.2664 loss_val: 0.6402
Run:01 Epoch: 0902 loss_train: 0.2629 loss_val: 0.6456
Run:01 Epoch: 0903 loss_train: 0.2619 loss_val: 0.6452
Run:01 Epoch: 0904 loss_train: 0.2610 loss_val: 0.6507
Run:01 Epoch: 0905 loss_train: 0.2625 loss_val: 0.6426
Run:01 Epoch: 0906 loss_train: 0.2658 loss_val: 0.6469
Run:01 Epoch: 0907 loss_train: 0.2621 loss_val: 0.6473
Run:01 Epoch: 0908 loss_train: 0.2633 loss_val: 0.6323
Run:01 Epoch: 0909 loss_train: 0.2675 loss_val: 0.6362
Run:01 Epoch: 0910 loss_train: 0.2680 loss_val: 0.6423
Run:01 Epoch: 0911 loss_train: 0.2637 loss_val: 0.6491
Run:01 Epoch: 0912 loss_train: 0.2628 loss_val: 0.6422
Run:01 Epoch: 0913 loss_train: 0.2615 loss_val: 0.6456
Run:01 Epoch: 0914 loss_train: 0.2639 loss_val: 0.6363
Run:01 Epoch: 0915 loss_train: 0.2658 loss_val: 0.6474
Run:01 Epoch: 0916 loss_train: 0.2639 loss_val: 0.6351
Run:01 Epoch: 0917 loss_train: 0.2668 loss_val: 0.6449
Run:01 Epoch: 0918 loss_train: 0.2632 loss_val: 0.6405
Run:01 Epoch: 0919 loss_train: 0.2696 loss_val: 0.6304
Run:01 Epoch: 0920 loss_train: 0.2592 loss_val: 0.6441
Run:01 Epoch: 0921 loss_train: 0.2654 loss_val: 0.6406
Run:01 Epoch: 0922 loss_train: 0.2655 loss_val: 0.6374
Run:01 Epoch: 0923 loss_train: 0.2644 loss_val: 0.6377
Run:01 Epoch: 0924 loss_train: 0.2662 loss_val: 0.6302
Run:01 Epoch: 0925 loss_train: 0.2677 loss_val: 0.6416
Run:01 Epoch: 0926 loss_train: 0.2685 loss_val: 0.6376
Run:01 Epoch: 0927 loss_train: 0.2636 loss_val: 0.6382
Run:01 Epoch: 0928 loss_train: 0.2636 loss_val: 0.6333
Run:01 Epoch: 0929 loss_train: 0.2645 loss_val: 0.6407
Run:01 Epoch: 0930 loss_train: 0.2628 loss_val: 0.6332
Run:01 Epoch: 0931 loss_train: 0.2637 loss_val: 0.6457
Run:01 Epoch: 0932 loss_train: 0.2638 loss_val: 0.6264
Run:01 Epoch: 0933 loss_train: 0.2614 loss_val: 0.6380
Run:01 Epoch: 0934 loss_train: 0.2638 loss_val: 0.6473
Run:01 Epoch: 0935 loss_train: 0.2606 loss_val: 0.6289
Run:01 Epoch: 0936 loss_train: 0.2630 loss_val: 0.6415
Run:01 Epoch: 0937 loss_train: 0.2639 loss_val: 0.6392
Run:01 Epoch: 0938 loss_train: 0.2667 loss_val: 0.6470
Run:01 Epoch: 0939 loss_train: 0.2617 loss_val: 0.6434
Run:01 Epoch: 0940 loss_train: 0.2604 loss_val: 0.6363
Run:01 Epoch: 0941 loss_train: 0.2635 loss_val: 0.6386
Run:01 Epoch: 0942 loss_train: 0.2654 loss_val: 0.6509
Run:01 Epoch: 0943 loss_train: 0.2665 loss_val: 0.6395
Run:01 Epoch: 0944 loss_train: 0.2602 loss_val: 0.6380
Run:01 Epoch: 0945 loss_train: 0.2649 loss_val: 0.6453
Run:01 Epoch: 0946 loss_train: 0.2629 loss_val: 0.6456
Run:01 Epoch: 0947 loss_train: 0.2586 loss_val: 0.6343
Run:01 Epoch: 0948 loss_train: 0.2653 loss_val: 0.6314
Run:01 Epoch: 0949 loss_train: 0.2642 loss_val: 0.6402
Run:01 Epoch: 0950 loss_train: 0.2662 loss_val: 0.6383
Run:01 Epoch: 0951 loss_train: 0.2681 loss_val: 0.6539
Run:01 Epoch: 0952 loss_train: 0.2614 loss_val: 0.6372
Run:01 Epoch: 0953 loss_train: 0.2650 loss_val: 0.6350
Run:01 Epoch: 0954 loss_train: 0.2640 loss_val: 0.6265
Run:01 Epoch: 0955 loss_train: 0.2675 loss_val: 0.6499
Run:01 Epoch: 0956 loss_train: 0.2588 loss_val: 0.6483
Run:01 Epoch: 0957 loss_train: 0.2650 loss_val: 0.6474
Run:01 Epoch: 0958 loss_train: 0.2668 loss_val: 0.6413
Run:01 Epoch: 0959 loss_train: 0.2686 loss_val: 0.6399
Run:01 Epoch: 0960 loss_train: 0.2615 loss_val: 0.6437
Run:01 Epoch: 0961 loss_train: 0.2630 loss_val: 0.6345
Run:01 Epoch: 0962 loss_train: 0.2622 loss_val: 0.6437
Run:01 Epoch: 0963 loss_train: 0.2638 loss_val: 0.6359
Run:01 Epoch: 0964 loss_train: 0.2637 loss_val: 0.6436
Run:01 Epoch: 0965 loss_train: 0.2622 loss_val: 0.6354
Run:01 Epoch: 0966 loss_train: 0.2617 loss_val: 0.6384
Run:01 Epoch: 0967 loss_train: 0.2679 loss_val: 0.6343
Run:01 Epoch: 0968 loss_train: 0.2646 loss_val: 0.6525
Run:01 Epoch: 0969 loss_train: 0.2644 loss_val: 0.6481
Run:01 Epoch: 0970 loss_train: 0.2670 loss_val: 0.6395
Run:01 Epoch: 0971 loss_train: 0.2633 loss_val: 0.6436
Run:01 Epoch: 0972 loss_train: 0.2622 loss_val: 0.6398
Run:01 Epoch: 0973 loss_train: 0.2657 loss_val: 0.6410
Run:01 Epoch: 0974 loss_train: 0.2629 loss_val: 0.6292
Run:01 Epoch: 0975 loss_train: 0.2629 loss_val: 0.6433
Run:01 Epoch: 0976 loss_train: 0.2602 loss_val: 0.6336
Run:01 Epoch: 0977 loss_train: 0.2648 loss_val: 0.6345
Run:01 Epoch: 0978 loss_train: 0.2632 loss_val: 0.6447
Run:01 Epoch: 0979 loss_train: 0.2612 loss_val: 0.6364
Run:01 Epoch: 0980 loss_train: 0.2636 loss_val: 0.6357
Run:01 Epoch: 0981 loss_train: 0.2620 loss_val: 0.6390
Run:01 Epoch: 0982 loss_train: 0.2646 loss_val: 0.6418
Run:01 Epoch: 0983 loss_train: 0.2623 loss_val: 0.6488
Run:01 Epoch: 0984 loss_train: 0.2648 loss_val: 0.6448
Run:01 Epoch: 0985 loss_train: 0.2641 loss_val: 0.6417
Run:01 Epoch: 0986 loss_train: 0.2644 loss_val: 0.6375
Run:01 Epoch: 0987 loss_train: 0.2630 loss_val: 0.6444
Run:01 Epoch: 0988 loss_train: 0.2620 loss_val: 0.6390
Run:01 Epoch: 0989 loss_train: 0.2663 loss_val: 0.6314
Run:01 Epoch: 0990 loss_train: 0.2639 loss_val: 0.6357
Run:01 Epoch: 0991 loss_train: 0.2607 loss_val: 0.6508
Run:01 Epoch: 0992 loss_train: 0.2623 loss_val: 0.6497
Run:01 Epoch: 0993 loss_train: 0.2630 loss_val: 0.6307
Run:01 Epoch: 0994 loss_train: 0.2659 loss_val: 0.6433
Run:01 Epoch: 0995 loss_train: 0.2606 loss_val: 0.6443
Run:01 Epoch: 0996 loss_train: 0.2631 loss_val: 0.6362
Run:01 Epoch: 0997 loss_train: 0.2636 loss_val: 0.6395
Run:01 Epoch: 0998 loss_train: 0.2636 loss_val: 0.6496
Run:01 Epoch: 0999 loss_train: 0.2629 loss_val: 0.6385
Run:01 Epoch: 1000 loss_train: 0.2660 loss_val: 0.6473
Run:01 Epoch: 1001 loss_train: 0.2610 loss_val: 0.6414
Run:01 Epoch: 1002 loss_train: 0.2641 loss_val: 0.6461
Run:01 Epoch: 1003 loss_train: 0.2641 loss_val: 0.6422
Run:01 Epoch: 1004 loss_train: 0.2598 loss_val: 0.6365
Run:01 Epoch: 1005 loss_train: 0.2662 loss_val: 0.6414
Run:01 Epoch: 1006 loss_train: 0.2621 loss_val: 0.6461
Run:01 Epoch: 1007 loss_train: 0.2623 loss_val: 0.6380
Run:01 Epoch: 1008 loss_train: 0.2650 loss_val: 0.6414
Run:01 Epoch: 1009 loss_train: 0.2625 loss_val: 0.6417
Run:01 Epoch: 1010 loss_train: 0.2663 loss_val: 0.6440
Run:01 Epoch: 1011 loss_train: 0.2687 loss_val: 0.6326
Run:01 Epoch: 1012 loss_train: 0.2673 loss_val: 0.6391
Run:01 Epoch: 1013 loss_train: 0.2630 loss_val: 0.6380
Run:01 Epoch: 1014 loss_train: 0.2638 loss_val: 0.6377
Run:01 Epoch: 1015 loss_train: 0.2616 loss_val: 0.6394
Run:01 Epoch: 1016 loss_train: 0.2627 loss_val: 0.6371
Run:01 Epoch: 1017 loss_train: 0.2651 loss_val: 0.6431
Run:01 Epoch: 1018 loss_train: 0.2576 loss_val: 0.6415
Run:01 Epoch: 1019 loss_train: 0.2664 loss_val: 0.6406
Run:01 Epoch: 1020 loss_train: 0.2685 loss_val: 0.6365
Run:01 Epoch: 1021 loss_train: 0.2659 loss_val: 0.6407
Run:01 Epoch: 1022 loss_train: 0.2618 loss_val: 0.6317
Run:01 Epoch: 1023 loss_train: 0.2645 loss_val: 0.6472
Run:01 Epoch: 1024 loss_train: 0.2691 loss_val: 0.6415
Run:01 Epoch: 1025 loss_train: 0.2646 loss_val: 0.6351
Run:01 Epoch: 1026 loss_train: 0.2607 loss_val: 0.6412
Run:01 Epoch: 1027 loss_train: 0.2594 loss_val: 0.6434
Run:01 Epoch: 1028 loss_train: 0.2640 loss_val: 0.6435
Run:01 Epoch: 1029 loss_train: 0.2653 loss_val: 0.6340
Run:01 Epoch: 1030 loss_train: 0.2640 loss_val: 0.6408
Run:01 Epoch: 1031 loss_train: 0.2606 loss_val: 0.6311
Run:01 Epoch: 1032 loss_train: 0.2633 loss_val: 0.6435
Run:01 Epoch: 1033 loss_train: 0.2665 loss_val: 0.6419
Run:01 Epoch: 1034 loss_train: 0.2621 loss_val: 0.6453
Run:01 Epoch: 1035 loss_train: 0.2687 loss_val: 0.6459
Run:01 Epoch: 1036 loss_train: 0.2638 loss_val: 0.6463
Run:01 Epoch: 1037 loss_train: 0.2605 loss_val: 0.6445
Run:01 Epoch: 1038 loss_train: 0.2619 loss_val: 0.6451
Run:01 Epoch: 1039 loss_train: 0.2618 loss_val: 0.6475
Run:01 Epoch: 1040 loss_train: 0.2638 loss_val: 0.6437
Run:01 Epoch: 1041 loss_train: 0.2660 loss_val: 0.6417
Run:01 Epoch: 1042 loss_train: 0.2673 loss_val: 0.6411
Run:01 Epoch: 1043 loss_train: 0.2643 loss_val: 0.6366
Run:01 Epoch: 1044 loss_train: 0.2591 loss_val: 0.6375
Run:01 Epoch: 1045 loss_train: 0.2638 loss_val: 0.6459
Run:01 Epoch: 1046 loss_train: 0.2585 loss_val: 0.6413
Run:01 Epoch: 1047 loss_train: 0.2632 loss_val: 0.6426
Run:01 Epoch: 1048 loss_train: 0.2603 loss_val: 0.6510
Run:01 Epoch: 1049 loss_train: 0.2625 loss_val: 0.6453
Run:01 Epoch: 1050 loss_train: 0.2625 loss_val: 0.6364
Run:01 Epoch: 1051 loss_train: 0.2652 loss_val: 0.6464
Run:01 Epoch: 1052 loss_train: 0.2674 loss_val: 0.6464
Run:01 Epoch: 1053 loss_train: 0.2657 loss_val: 0.6362
Run:01 Epoch: 1054 loss_train: 0.2650 loss_val: 0.6391
Run:01 Epoch: 1055 loss_train: 0.2627 loss_val: 0.6390
Run:01 Epoch: 1056 loss_train: 0.2645 loss_val: 0.6389
Run:01 Epoch: 1057 loss_train: 0.2661 loss_val: 0.6511
Run:01 Epoch: 1058 loss_train: 0.2675 loss_val: 0.6471
Run:01 Epoch: 1059 loss_train: 0.2662 loss_val: 0.6443
Run:01 Epoch: 1060 loss_train: 0.2646 loss_val: 0.6407
Run:01 Epoch: 1061 loss_train: 0.2615 loss_val: 0.6405
Run:01 Epoch: 1062 loss_train: 0.2658 loss_val: 0.6436
Run:01 Epoch: 1063 loss_train: 0.2647 loss_val: 0.6425
Run:01 Epoch: 1064 loss_train: 0.2588 loss_val: 0.6457
Run:01 Epoch: 1065 loss_train: 0.2561 loss_val: 0.6448
Run:01 Epoch: 1066 loss_train: 0.2660 loss_val: 0.6492
Run:01 Epoch: 1067 loss_train: 0.2657 loss_val: 0.6524
Run:01 Epoch: 1068 loss_train: 0.2642 loss_val: 0.6351
Run:01 Epoch: 1069 loss_train: 0.2602 loss_val: 0.6362
Run:01 Epoch: 1070 loss_train: 0.2628 loss_val: 0.6367
Run:01 Epoch: 1071 loss_train: 0.2670 loss_val: 0.6408
Run:01 Epoch: 1072 loss_train: 0.2627 loss_val: 0.6416
Run:01 Epoch: 1073 loss_train: 0.2651 loss_val: 0.6320
Run:01 Epoch: 1074 loss_train: 0.2663 loss_val: 0.6514
Run:01 Epoch: 1075 loss_train: 0.2649 loss_val: 0.6506
Run:01 Epoch: 1076 loss_train: 0.2697 loss_val: 0.6394
Run:01 Epoch: 1077 loss_train: 0.2663 loss_val: 0.6361
Run:01 Epoch: 1078 loss_train: 0.2670 loss_val: 0.6426
Run:01 Epoch: 1079 loss_train: 0.2646 loss_val: 0.6458
Run:01 Epoch: 1080 loss_train: 0.2704 loss_val: 0.6560
Run:01 Epoch: 1081 loss_train: 0.2664 loss_val: 0.6407
Run:01 Epoch: 1082 loss_train: 0.2664 loss_val: 0.6397
Run:01 Epoch: 1083 loss_train: 0.2626 loss_val: 0.6473
Run:01 Epoch: 1084 loss_train: 0.2651 loss_val: 0.6421
Run:01 Epoch: 1085 loss_train: 0.2683 loss_val: 0.6440
Run:01 Epoch: 1086 loss_train: 0.2619 loss_val: 0.6343
Run:01 Epoch: 1087 loss_train: 0.2643 loss_val: 0.6382
Run:01 Epoch: 1088 loss_train: 0.2614 loss_val: 0.6470
Run:01 Epoch: 1089 loss_train: 0.2687 loss_val: 0.6409
Run:01 Epoch: 1090 loss_train: 0.2618 loss_val: 0.6524
Run:01 Epoch: 1091 loss_train: 0.2602 loss_val: 0.6447
Run:01 Epoch: 1092 loss_train: 0.2609 loss_val: 0.6472
Run:01 Epoch: 1093 loss_train: 0.2635 loss_val: 0.6502
Run:01 Epoch: 1094 loss_train: 0.2623 loss_val: 0.6417
Run:01 Epoch: 1095 loss_train: 0.2650 loss_val: 0.6507
Run:01 Epoch: 1096 loss_train: 0.2602 loss_val: 0.6477
Run:01 Epoch: 1097 loss_train: 0.2632 loss_val: 0.6509
Run:01 Epoch: 1098 loss_train: 0.2682 loss_val: 0.6491
Run:01 Epoch: 1099 loss_train: 0.2630 loss_val: 0.6406
Run:01 Epoch: 1100 loss_train: 0.2616 loss_val: 0.6483
Run:01 Epoch: 1101 loss_train: 0.2629 loss_val: 0.6413
Run:01 Epoch: 1102 loss_train: 0.2673 loss_val: 0.6475
Run:01 Epoch: 1103 loss_train: 0.2632 loss_val: 0.6598
Run:01 Epoch: 1104 loss_train: 0.2621 loss_val: 0.6482
Run:01 Epoch: 1105 loss_train: 0.2668 loss_val: 0.6378
Run:01 Epoch: 1106 loss_train: 0.2625 loss_val: 0.6500
Run:01 Epoch: 1107 loss_train: 0.2666 loss_val: 0.6518
Run:01 Epoch: 1108 loss_train: 0.2627 loss_val: 0.6483
Run:01 Epoch: 1109 loss_train: 0.2669 loss_val: 0.6385
Run:01 Epoch: 1110 loss_train: 0.2591 loss_val: 0.6427
Run:01 Epoch: 1111 loss_train: 0.2636 loss_val: 0.6330
Run:01 Epoch: 1112 loss_train: 0.2665 loss_val: 0.6435
Run:01 Epoch: 1113 loss_train: 0.2624 loss_val: 0.6458
Run:01 Epoch: 1114 loss_train: 0.2639 loss_val: 0.6318
Run:01 Epoch: 1115 loss_train: 0.2590 loss_val: 0.6441
Run:01 Epoch: 1116 loss_train: 0.2637 loss_val: 0.6362
Run:01 Epoch: 1117 loss_train: 0.2622 loss_val: 0.6395
Run:01 Epoch: 1118 loss_train: 0.2655 loss_val: 0.6508
Run:01 Epoch: 1119 loss_train: 0.2607 loss_val: 0.6413
Run:01 Epoch: 1120 loss_train: 0.2613 loss_val: 0.6407
Run:01 Epoch: 1121 loss_train: 0.2613 loss_val: 0.6540
Run:01 Epoch: 1122 loss_train: 0.2651 loss_val: 0.6416
Run:01 Epoch: 1123 loss_train: 0.2690 loss_val: 0.6379
Run:01 Epoch: 1124 loss_train: 0.2635 loss_val: 0.6427
Run:01 Epoch: 1125 loss_train: 0.2667 loss_val: 0.6385
Run:01 Epoch: 1126 loss_train: 0.2640 loss_val: 0.6408
Run:01 Epoch: 1127 loss_train: 0.2644 loss_val: 0.6403
Run:01 Epoch: 1128 loss_train: 0.2614 loss_val: 0.6331
Run:01 Epoch: 1129 loss_train: 0.2654 loss_val: 0.6469
Run:01 Epoch: 1130 loss_train: 0.2627 loss_val: 0.6395
Run:01 Epoch: 1131 loss_train: 0.2687 loss_val: 0.6381
Run:01 Epoch: 1132 loss_train: 0.2622 loss_val: 0.6511
Run:01 Epoch: 1133 loss_train: 0.2672 loss_val: 0.6351
Run:01 Epoch: 1134 loss_train: 0.2657 loss_val: 0.6352
Run:01 Epoch: 1135 loss_train: 0.2602 loss_val: 0.6406
Run:01 Epoch: 1136 loss_train: 0.2648 loss_val: 0.6455
Run:01 Epoch: 1137 loss_train: 0.2599 loss_val: 0.6377
Run:01 Epoch: 1138 loss_train: 0.2655 loss_val: 0.6360
Run:01 Epoch: 1139 loss_train: 0.2642 loss_val: 0.6410
Run:01 Epoch: 1140 loss_train: 0.2606 loss_val: 0.6429
Run:01 Epoch: 1141 loss_train: 0.2612 loss_val: 0.6476
Run:01 Epoch: 1142 loss_train: 0.2611 loss_val: 0.6557
Run:01 Epoch: 1143 loss_train: 0.2642 loss_val: 0.6542
Run:01 Epoch: 1144 loss_train: 0.2577 loss_val: 0.6405
Run:01 Epoch: 1145 loss_train: 0.2623 loss_val: 0.6320
Run:01 Epoch: 1146 loss_train: 0.2633 loss_val: 0.6460
Run:01 Epoch: 1147 loss_train: 0.2609 loss_val: 0.6384
Run:01 Epoch: 1148 loss_train: 0.2632 loss_val: 0.6316
Run:01 Epoch: 1149 loss_train: 0.2670 loss_val: 0.6362
Run:01 Epoch: 1150 loss_train: 0.2621 loss_val: 0.6455
Run:01 Epoch: 1151 loss_train: 0.2653 loss_val: 0.6436
Run:01 Epoch: 1152 loss_train: 0.2644 loss_val: 0.6267
Run:01 Epoch: 1153 loss_train: 0.2633 loss_val: 0.6435
Run:01 Epoch: 1154 loss_train: 0.2633 loss_val: 0.6368
Run:01 Epoch: 1155 loss_train: 0.2609 loss_val: 0.6426
Run:01 Epoch: 1156 loss_train: 0.2604 loss_val: 0.6429
Run:01 Epoch: 1157 loss_train: 0.2648 loss_val: 0.6396
Run:01 Epoch: 1158 loss_train: 0.2632 loss_val: 0.6405
Run:01 Epoch: 1159 loss_train: 0.2599 loss_val: 0.6405
Run:01 Epoch: 1160 loss_train: 0.2625 loss_val: 0.6367
Run:01 Epoch: 1161 loss_train: 0.2619 loss_val: 0.6373
Run:01 Epoch: 1162 loss_train: 0.2626 loss_val: 0.6384
Run:01 Epoch: 1163 loss_train: 0.2642 loss_val: 0.6371
Run:01 Epoch: 1164 loss_train: 0.2650 loss_val: 0.6360
Run:01 Epoch: 1165 loss_train: 0.2630 loss_val: 0.6457
Run:01 Epoch: 1166 loss_train: 0.2614 loss_val: 0.6433
Run:01 Epoch: 1167 loss_train: 0.2658 loss_val: 0.6352
Run:01 Epoch: 1168 loss_train: 0.2654 loss_val: 0.6402
Run:01 Epoch: 1169 loss_train: 0.2602 loss_val: 0.6293
Run:01 Epoch: 1170 loss_train: 0.2611 loss_val: 0.6357
Run:01 Epoch: 1171 loss_train: 0.2607 loss_val: 0.6314
Run:01 Epoch: 1172 loss_train: 0.2619 loss_val: 0.6351
Run:01 Epoch: 1173 loss_train: 0.2624 loss_val: 0.6371
Run:01 Epoch: 1174 loss_train: 0.2628 loss_val: 0.6519
Run:01 Epoch: 1175 loss_train: 0.2625 loss_val: 0.6337
Run:01 Epoch: 1176 loss_train: 0.2652 loss_val: 0.6413
Run:01 Epoch: 1177 loss_train: 0.2614 loss_val: 0.6432
Run:01 Epoch: 1178 loss_train: 0.2636 loss_val: 0.6389
Run:01 Epoch: 1179 loss_train: 0.2628 loss_val: 0.6457
Run:01 Epoch: 1180 loss_train: 0.2623 loss_val: 0.6364
Run:01 Epoch: 1181 loss_train: 0.2639 loss_val: 0.6402
Run:01 Epoch: 1182 loss_train: 0.2579 loss_val: 0.6418
Run:01 Epoch: 1183 loss_train: 0.2636 loss_val: 0.6449
Run:01 Epoch: 1184 loss_train: 0.2617 loss_val: 0.6459
Run:01 Epoch: 1185 loss_train: 0.2628 loss_val: 0.6482
Run:01 Epoch: 1186 loss_train: 0.2596 loss_val: 0.6376
Run:01 Epoch: 1187 loss_train: 0.2621 loss_val: 0.6543
Run:01 Epoch: 1188 loss_train: 0.2582 loss_val: 0.6352
Run:01 Epoch: 1189 loss_train: 0.2590 loss_val: 0.6316
Run:01 Epoch: 1190 loss_train: 0.2662 loss_val: 0.6429
Run:01 Epoch: 1191 loss_train: 0.2596 loss_val: 0.6504
Run:01 Epoch: 1192 loss_train: 0.2641 loss_val: 0.6438
Run:01 Epoch: 1193 loss_train: 0.2632 loss_val: 0.6443
Run:01 Epoch: 1194 loss_train: 0.2603 loss_val: 0.6505
Run:01 Epoch: 1195 loss_train: 0.2644 loss_val: 0.6471
Run:01 Epoch: 1196 loss_train: 0.2627 loss_val: 0.6375
Run:01 Epoch: 1197 loss_train: 0.2625 loss_val: 0.6385
Run:01 Epoch: 1198 loss_train: 0.2603 loss_val: 0.6379
Run:01 Epoch: 1199 loss_train: 0.2640 loss_val: 0.6367
Run:01 Epoch: 1200 loss_train: 0.2674 loss_val: 0.6253
Run:01 Epoch: 1201 loss_train: 0.2569 loss_val: 0.6434
Run:01 Epoch: 1202 loss_train: 0.2648 loss_val: 0.6342
Run:01 Epoch: 1203 loss_train: 0.2642 loss_val: 0.6382
Run:01 Epoch: 1204 loss_train: 0.2622 loss_val: 0.6484
Run:01 Epoch: 1205 loss_train: 0.2602 loss_val: 0.6429
Run:01 Epoch: 1206 loss_train: 0.2630 loss_val: 0.6373
Run:01 Epoch: 1207 loss_train: 0.2642 loss_val: 0.6347
Run:01 Epoch: 1208 loss_train: 0.2661 loss_val: 0.6439
Run:01 Epoch: 1209 loss_train: 0.2607 loss_val: 0.6425
Run:01 Epoch: 1210 loss_train: 0.2623 loss_val: 0.6466
Run:01 Epoch: 1211 loss_train: 0.2636 loss_val: 0.6366
Run:01 Epoch: 1212 loss_train: 0.2619 loss_val: 0.6378
Run:01 Epoch: 1213 loss_train: 0.2611 loss_val: 0.6447
Run:01 Epoch: 1214 loss_train: 0.2599 loss_val: 0.6419
Run:01 Epoch: 1215 loss_train: 0.2595 loss_val: 0.6396
Run:01 Epoch: 1216 loss_train: 0.2629 loss_val: 0.6298
Run:01 Epoch: 1217 loss_train: 0.2594 loss_val: 0.6367
Run:01 Epoch: 1218 loss_train: 0.2582 loss_val: 0.6314
Run:01 Epoch: 1219 loss_train: 0.2568 loss_val: 0.6436
Run:01 Epoch: 1220 loss_train: 0.2645 loss_val: 0.6300
Run:01 Epoch: 1221 loss_train: 0.2549 loss_val: 0.6438
Run:01 Epoch: 1222 loss_train: 0.2614 loss_val: 0.6392
Run:01 Epoch: 1223 loss_train: 0.2608 loss_val: 0.6423
Run:01 Epoch: 1224 loss_train: 0.2599 loss_val: 0.6374
Run:01 Epoch: 1225 loss_train: 0.2620 loss_val: 0.6445
Run:01 Epoch: 1226 loss_train: 0.2652 loss_val: 0.6531
Run:01 Epoch: 1227 loss_train: 0.2611 loss_val: 0.6386
Run:01 Epoch: 1228 loss_train: 0.2581 loss_val: 0.6402
Run:01 Epoch: 1229 loss_train: 0.2631 loss_val: 0.6386
Run:01 Epoch: 1230 loss_train: 0.2617 loss_val: 0.6479
Run:01 Epoch: 1231 loss_train: 0.2637 loss_val: 0.6461
Run:01 Epoch: 1232 loss_train: 0.2613 loss_val: 0.6317
Run:01 Epoch: 1233 loss_train: 0.2619 loss_val: 0.6470
Run:01 Epoch: 1234 loss_train: 0.2635 loss_val: 0.6413
Run:01 Epoch: 1235 loss_train: 0.2660 loss_val: 0.6370
Run:01 Epoch: 1236 loss_train: 0.2624 loss_val: 0.6413
Run:01 Epoch: 1237 loss_train: 0.2617 loss_val: 0.6450
Run:01 Epoch: 1238 loss_train: 0.2602 loss_val: 0.6490
Run:01 Epoch: 1239 loss_train: 0.2616 loss_val: 0.6423
Run:01 Epoch: 1240 loss_train: 0.2604 loss_val: 0.6352
Run:01 Epoch: 1241 loss_train: 0.2640 loss_val: 0.6415
Run:01 Epoch: 1242 loss_train: 0.2646 loss_val: 0.6413
Run:01 Epoch: 1243 loss_train: 0.2635 loss_val: 0.6352
Run:01 Epoch: 1244 loss_train: 0.2623 loss_val: 0.6420
Run:01 Epoch: 1245 loss_train: 0.2574 loss_val: 0.6427
Run:01 Epoch: 1246 loss_train: 0.2637 loss_val: 0.6416
Run:01 Epoch: 1247 loss_train: 0.2622 loss_val: 0.6381
Run:01 Epoch: 1248 loss_train: 0.2572 loss_val: 0.6419
Run:01 Epoch: 1249 loss_train: 0.2660 loss_val: 0.6405
Run:01 Epoch: 1250 loss_train: 0.2615 loss_val: 0.6430
Run:01 Epoch: 1251 loss_train: 0.2652 loss_val: 0.6465
Run:01 Epoch: 1252 loss_train: 0.2627 loss_val: 0.6452
Run:01 Epoch: 1253 loss_train: 0.2631 loss_val: 0.6337
Run:01 Epoch: 1254 loss_train: 0.2609 loss_val: 0.6360
Run:01 Epoch: 1255 loss_train: 0.2623 loss_val: 0.6439
Run:01 Epoch: 1256 loss_train: 0.2582 loss_val: 0.6341
Run:01 Epoch: 1257 loss_train: 0.2642 loss_val: 0.6488
Run:01 Epoch: 1258 loss_train: 0.2639 loss_val: 0.6343
Run:01 Epoch: 1259 loss_train: 0.2641 loss_val: 0.6439
Run:01 Epoch: 1260 loss_train: 0.2618 loss_val: 0.6285
Run:01 Epoch: 1261 loss_train: 0.2628 loss_val: 0.6323
Run:01 Epoch: 1262 loss_train: 0.2607 loss_val: 0.6458
Run:01 Epoch: 1263 loss_train: 0.2613 loss_val: 0.6423
Run:01 Epoch: 1264 loss_train: 0.2661 loss_val: 0.6544
Run:01 Epoch: 1265 loss_train: 0.2652 loss_val: 0.6369
Run:01 Epoch: 1266 loss_train: 0.2581 loss_val: 0.6337
Run:01 Epoch: 1267 loss_train: 0.2666 loss_val: 0.6508
Run:01 Epoch: 1268 loss_train: 0.2655 loss_val: 0.6398
Run:01 Epoch: 1269 loss_train: 0.2673 loss_val: 0.6391
Run:01 Epoch: 1270 loss_train: 0.2627 loss_val: 0.6441
Run:01 Epoch: 1271 loss_train: 0.2624 loss_val: 0.6468
Run:01 Epoch: 1272 loss_train: 0.2648 loss_val: 0.6456
Run:01 Epoch: 1273 loss_train: 0.2682 loss_val: 0.6373
Run:01 Epoch: 1274 loss_train: 0.2625 loss_val: 0.6339
Run:01 Epoch: 1275 loss_train: 0.2626 loss_val: 0.6380
Run:01 Epoch: 1276 loss_train: 0.2593 loss_val: 0.6535
Run:01 Epoch: 1277 loss_train: 0.2623 loss_val: 0.6390
Run:01 Epoch: 1278 loss_train: 0.2659 loss_val: 0.6398
Run:01 Epoch: 1279 loss_train: 0.2675 loss_val: 0.6491
Run:01 Epoch: 1280 loss_train: 0.2592 loss_val: 0.6248
Run:01 Epoch: 1281 loss_train: 0.2637 loss_val: 0.6453
Run:01 Epoch: 1282 loss_train: 0.2637 loss_val: 0.6378
Run:01 Epoch: 1283 loss_train: 0.2637 loss_val: 0.6545
Run:01 Epoch: 1284 loss_train: 0.2653 loss_val: 0.6308
Run:01 Epoch: 1285 loss_train: 0.2603 loss_val: 0.6354
Run:01 Epoch: 1286 loss_train: 0.2612 loss_val: 0.6406
Run:01 Epoch: 1287 loss_train: 0.2595 loss_val: 0.6329
Run:01 Epoch: 1288 loss_train: 0.2621 loss_val: 0.6376
Run:01 Epoch: 1289 loss_train: 0.2618 loss_val: 0.6299
Run:01 Epoch: 1290 loss_train: 0.2612 loss_val: 0.6339
Run:01 Epoch: 1291 loss_train: 0.2666 loss_val: 0.6347
Run:01 Epoch: 1292 loss_train: 0.2624 loss_val: 0.6298
Run:01 Epoch: 1293 loss_train: 0.2623 loss_val: 0.6394
Run:01 Epoch: 1294 loss_train: 0.2604 loss_val: 0.6406
Run:01 Epoch: 1295 loss_train: 0.2643 loss_val: 0.6410
Run:01 Epoch: 1296 loss_train: 0.2597 loss_val: 0.6505
Run:01 Epoch: 1297 loss_train: 0.2639 loss_val: 0.6330
Run:01 Epoch: 1298 loss_train: 0.2624 loss_val: 0.6331
Run:01 Epoch: 1299 loss_train: 0.2593 loss_val: 0.6510
Run:01 Epoch: 1300 loss_train: 0.2615 loss_val: 0.6366
Run:01 Epoch: 1301 loss_train: 0.2646 loss_val: 0.6403
Run:01 Epoch: 1302 loss_train: 0.2661 loss_val: 0.6455
Run:01 Epoch: 1303 loss_train: 0.2694 loss_val: 0.6399
Run:01 Epoch: 1304 loss_train: 0.2640 loss_val: 0.6350
Run:01 Epoch: 1305 loss_train: 0.2646 loss_val: 0.6483
Run:01 Epoch: 1306 loss_train: 0.2582 loss_val: 0.6505
Run:01 Epoch: 1307 loss_train: 0.2626 loss_val: 0.6404
Run:01 Epoch: 1308 loss_train: 0.2628 loss_val: 0.6460
Run:01 Epoch: 1309 loss_train: 0.2593 loss_val: 0.6443
Run:01 Epoch: 1310 loss_train: 0.2610 loss_val: 0.6426
Run:01 Epoch: 1311 loss_train: 0.2633 loss_val: 0.6409
Run:01 Epoch: 1312 loss_train: 0.2659 loss_val: 0.6521
Run:01 Epoch: 1313 loss_train: 0.2652 loss_val: 0.6392
Run:01 Epoch: 1314 loss_train: 0.2623 loss_val: 0.6438
Run:01 Epoch: 1315 loss_train: 0.2646 loss_val: 0.6368
Run:01 Epoch: 1316 loss_train: 0.2603 loss_val: 0.6383
Run:01 Epoch: 1317 loss_train: 0.2679 loss_val: 0.6365
Run:01 Epoch: 1318 loss_train: 0.2650 loss_val: 0.6379
Run:01 Epoch: 1319 loss_train: 0.2632 loss_val: 0.6461
Run:01 Epoch: 1320 loss_train: 0.2670 loss_val: 0.6409
Run:01 Epoch: 1321 loss_train: 0.2648 loss_val: 0.6360
Run:01 Epoch: 1322 loss_train: 0.2662 loss_val: 0.6435
Run:01 Epoch: 1323 loss_train: 0.2611 loss_val: 0.6352
Run:01 Epoch: 1324 loss_train: 0.2602 loss_val: 0.6349
Run:01 Epoch: 1325 loss_train: 0.2647 loss_val: 0.6343
Run:01 Epoch: 1326 loss_train: 0.2630 loss_val: 0.6354
Run:01 Epoch: 1327 loss_train: 0.2615 loss_val: 0.6320
Run:01 Epoch: 1328 loss_train: 0.2633 loss_val: 0.6374
Run:01 Epoch: 1329 loss_train: 0.2561 loss_val: 0.6481
Run:01 Epoch: 1330 loss_train: 0.2597 loss_val: 0.6489
Run:01 Epoch: 1331 loss_train: 0.2636 loss_val: 0.6414
Run:01 Epoch: 1332 loss_train: 0.2608 loss_val: 0.6436
Run:01 Epoch: 1333 loss_train: 0.2593 loss_val: 0.6342
Run:01 Epoch: 1334 loss_train: 0.2634 loss_val: 0.6407
Run:01 Epoch: 1335 loss_train: 0.2656 loss_val: 0.6421
Run:01 Epoch: 1336 loss_train: 0.2640 loss_val: 0.6452
Run:01 Epoch: 1337 loss_train: 0.2609 loss_val: 0.6467
Run:01 Epoch: 1338 loss_train: 0.2631 loss_val: 0.6309
Run:01 Epoch: 1339 loss_train: 0.2650 loss_val: 0.6307
Run:01 Epoch: 1340 loss_train: 0.2612 loss_val: 0.6471
Run:01 Epoch: 1341 loss_train: 0.2599 loss_val: 0.6269
Run:01 Epoch: 1342 loss_train: 0.2670 loss_val: 0.6482
Run:01 Epoch: 1343 loss_train: 0.2621 loss_val: 0.6515
Run:01 Epoch: 1344 loss_train: 0.2621 loss_val: 0.6519
Run:01 Epoch: 1345 loss_train: 0.2645 loss_val: 0.6394
Run:01 Epoch: 1346 loss_train: 0.2629 loss_val: 0.6450
Run:01 Epoch: 1347 loss_train: 0.2686 loss_val: 0.6387
Run:01 Epoch: 1348 loss_train: 0.2615 loss_val: 0.6458
Run:01 Epoch: 1349 loss_train: 0.2617 loss_val: 0.6437
Run:01 Epoch: 1350 loss_train: 0.2538 loss_val: 0.6472
Run:01 Epoch: 1351 loss_train: 0.2681 loss_val: 0.6373
Run:01 Epoch: 1352 loss_train: 0.2637 loss_val: 0.6560
Run:01 Epoch: 1353 loss_train: 0.2593 loss_val: 0.6423
Run:01 Epoch: 1354 loss_train: 0.2650 loss_val: 0.6388
Run:01 Epoch: 1355 loss_train: 0.2613 loss_val: 0.6442
Run:01 Epoch: 1356 loss_train: 0.2640 loss_val: 0.6445
Run:01 Epoch: 1357 loss_train: 0.2651 loss_val: 0.6458
Run:01 Epoch: 1358 loss_train: 0.2610 loss_val: 0.6338
Run:01 Epoch: 1359 loss_train: 0.2640 loss_val: 0.6500
Run:01 Epoch: 1360 loss_train: 0.2633 loss_val: 0.6408
Run:01 Epoch: 1361 loss_train: 0.2658 loss_val: 0.6389
Run:01 Epoch: 1362 loss_train: 0.2642 loss_val: 0.6348
Run:01 Epoch: 1363 loss_train: 0.2633 loss_val: 0.6251
Run:01 Epoch: 1364 loss_train: 0.2624 loss_val: 0.6410
Run:01 Epoch: 1365 loss_train: 0.2633 loss_val: 0.6391
Run:01 Epoch: 1366 loss_train: 0.2597 loss_val: 0.6442
Run:01 Epoch: 1367 loss_train: 0.2665 loss_val: 0.6418
Run:01 Epoch: 1368 loss_train: 0.2608 loss_val: 0.6366
Run:01 Epoch: 1369 loss_train: 0.2609 loss_val: 0.6446
Run:01 Epoch: 1370 loss_train: 0.2651 loss_val: 0.6404
Run:01 Epoch: 1371 loss_train: 0.2622 loss_val: 0.6340
Run:01 Epoch: 1372 loss_train: 0.2614 loss_val: 0.6438
Run:01 Epoch: 1373 loss_train: 0.2632 loss_val: 0.6417
Run:01 Epoch: 1374 loss_train: 0.2598 loss_val: 0.6273
Run:01 Epoch: 1375 loss_train: 0.2626 loss_val: 0.6381
Run:01 Epoch: 1376 loss_train: 0.2606 loss_val: 0.6235
Run:01 Epoch: 1377 loss_train: 0.2650 loss_val: 0.6325
Run:01 Epoch: 1378 loss_train: 0.2610 loss_val: 0.6450
Run:01 Epoch: 1379 loss_train: 0.2639 loss_val: 0.6481
Run:01 Epoch: 1380 loss_train: 0.2638 loss_val: 0.6246
Run:01 Epoch: 1381 loss_train: 0.2599 loss_val: 0.6432
Run:01 Epoch: 1382 loss_train: 0.2556 loss_val: 0.6416
Run:01 Epoch: 1383 loss_train: 0.2628 loss_val: 0.6374
Run:01 Epoch: 1384 loss_train: 0.2588 loss_val: 0.6313
Run:01 Epoch: 1385 loss_train: 0.2648 loss_val: 0.6422
Run:01 Epoch: 1386 loss_train: 0.2593 loss_val: 0.6493
Run:01 Epoch: 1387 loss_train: 0.2626 loss_val: 0.6332
Run:01 Epoch: 1388 loss_train: 0.2594 loss_val: 0.6432
Run:01 Epoch: 1389 loss_train: 0.2620 loss_val: 0.6379
Run:01 Epoch: 1390 loss_train: 0.2626 loss_val: 0.6399
Run:01 Epoch: 1391 loss_train: 0.2596 loss_val: 0.6370
Run:01 Epoch: 1392 loss_train: 0.2649 loss_val: 0.6321
Run:01 Epoch: 1393 loss_train: 0.2640 loss_val: 0.6355
Run:01 Epoch: 1394 loss_train: 0.2572 loss_val: 0.6406
Run:01 Epoch: 1395 loss_train: 0.2627 loss_val: 0.6304
Run:01 Epoch: 1396 loss_train: 0.2616 loss_val: 0.6449
Run:01 Epoch: 1397 loss_train: 0.2628 loss_val: 0.6468
Run:01 Epoch: 1398 loss_train: 0.2600 loss_val: 0.6296
Run:01 Epoch: 1399 loss_train: 0.2644 loss_val: 0.6450
Run:01 Epoch: 1400 loss_train: 0.2613 loss_val: 0.6385
Run:01 Epoch: 1401 loss_train: 0.2618 loss_val: 0.6414
Run:01 Epoch: 1402 loss_train: 0.2637 loss_val: 0.6425
Run:01 Epoch: 1403 loss_train: 0.2696 loss_val: 0.6454
Run:01 Epoch: 1404 loss_train: 0.2602 loss_val: 0.6499
Run:01 Epoch: 1405 loss_train: 0.2594 loss_val: 0.6379
Run:01 Epoch: 1406 loss_train: 0.2631 loss_val: 0.6291
Run:01 Epoch: 1407 loss_train: 0.2655 loss_val: 0.6367
Run:01 Epoch: 1408 loss_train: 0.2656 loss_val: 0.6484
Run:01 Epoch: 1409 loss_train: 0.2641 loss_val: 0.6320
Run:01 Epoch: 1410 loss_train: 0.2582 loss_val: 0.6411
Run:01 Epoch: 1411 loss_train: 0.2583 loss_val: 0.6415
Run:01 Epoch: 1412 loss_train: 0.2628 loss_val: 0.6331
Run:01 Epoch: 1413 loss_train: 0.2606 loss_val: 0.6464
Run:01 Epoch: 1414 loss_train: 0.2656 loss_val: 0.6368
Run:01 Epoch: 1415 loss_train: 0.2625 loss_val: 0.6291
Run:01 Epoch: 1416 loss_train: 0.2600 loss_val: 0.6500
Run:01 Epoch: 1417 loss_train: 0.2607 loss_val: 0.6388
Run:01 Epoch: 1418 loss_train: 0.2629 loss_val: 0.6425
Run:01 Epoch: 1419 loss_train: 0.2583 loss_val: 0.6439
Run:01 Epoch: 1420 loss_train: 0.2658 loss_val: 0.6466
Run:01 Epoch: 1421 loss_train: 0.2611 loss_val: 0.6454
Run:01 Epoch: 1422 loss_train: 0.2618 loss_val: 0.6445
Run:01 Epoch: 1423 loss_train: 0.2643 loss_val: 0.6362
Run:01 Epoch: 1424 loss_train: 0.2615 loss_val: 0.6384
Run:01 Epoch: 1425 loss_train: 0.2649 loss_val: 0.6441
Run:01 Epoch: 1426 loss_train: 0.2632 loss_val: 0.6355
Run:01 Epoch: 1427 loss_train: 0.2615 loss_val: 0.6350
Run:01 Epoch: 1428 loss_train: 0.2623 loss_val: 0.6505
Run:01 Epoch: 1429 loss_train: 0.2603 loss_val: 0.6435
Run:01 Epoch: 1430 loss_train: 0.2599 loss_val: 0.6322
Run:01 Epoch: 1431 loss_train: 0.2658 loss_val: 0.6484
Run:01 Epoch: 1432 loss_train: 0.2598 loss_val: 0.6485
Run:01 Epoch: 1433 loss_train: 0.2635 loss_val: 0.6362
Run:01 Epoch: 1434 loss_train: 0.2617 loss_val: 0.6360
Run:01 Epoch: 1435 loss_train: 0.2614 loss_val: 0.6394
Run:01 Epoch: 1436 loss_train: 0.2564 loss_val: 0.6395
Run:01 Epoch: 1437 loss_train: 0.2619 loss_val: 0.6365
Run:01 Epoch: 1438 loss_train: 0.2635 loss_val: 0.6406
Run:01 Epoch: 1439 loss_train: 0.2599 loss_val: 0.6390
Run:01 Epoch: 1440 loss_train: 0.2616 loss_val: 0.6382
Run:01 Epoch: 1441 loss_train: 0.2611 loss_val: 0.6397
Run:01 Epoch: 1442 loss_train: 0.2649 loss_val: 0.6461
Run:01 Epoch: 1443 loss_train: 0.2601 loss_val: 0.6433
Run:01 Epoch: 1444 loss_train: 0.2638 loss_val: 0.6367
Run:01 Epoch: 1445 loss_train: 0.2667 loss_val: 0.6365
Run:01 Epoch: 1446 loss_train: 0.2633 loss_val: 0.6418
Run:01 Epoch: 1447 loss_train: 0.2621 loss_val: 0.6529
Run:01 Epoch: 1448 loss_train: 0.2572 loss_val: 0.6418
Run:01 Epoch: 1449 loss_train: 0.2659 loss_val: 0.6334
Run:01 Epoch: 1450 loss_train: 0.2640 loss_val: 0.6470
Run:01 Epoch: 1451 loss_train: 0.2637 loss_val: 0.6332
Run:01 Epoch: 1452 loss_train: 0.2674 loss_val: 0.6463
Run:01 Epoch: 1453 loss_train: 0.2639 loss_val: 0.6444
Run:01 Epoch: 1454 loss_train: 0.2613 loss_val: 0.6373
Run:01 Epoch: 1455 loss_train: 0.2604 loss_val: 0.6426
Run:01 Epoch: 1456 loss_train: 0.2596 loss_val: 0.6428
Run:01 Epoch: 1457 loss_train: 0.2635 loss_val: 0.6370
Run:01 Epoch: 1458 loss_train: 0.2607 loss_val: 0.6425
Run:01 Epoch: 1459 loss_train: 0.2589 loss_val: 0.6411
Run:01 Epoch: 1460 loss_train: 0.2625 loss_val: 0.6354
Run:01 Epoch: 1461 loss_train: 0.2613 loss_val: 0.6374
Run:01 Epoch: 1462 loss_train: 0.2639 loss_val: 0.6351
Run:01 Epoch: 1463 loss_train: 0.2611 loss_val: 0.6368
Run:01 Epoch: 1464 loss_train: 0.2593 loss_val: 0.6435
Run:01 Epoch: 1465 loss_train: 0.2593 loss_val: 0.6390
Run:01 Epoch: 1466 loss_train: 0.2639 loss_val: 0.6371
Run:01 Epoch: 1467 loss_train: 0.2596 loss_val: 0.6423
Run:01 Epoch: 1468 loss_train: 0.2683 loss_val: 0.6495
Run:01 Epoch: 1469 loss_train: 0.2660 loss_val: 0.6418
Run:01 Epoch: 1470 loss_train: 0.2614 loss_val: 0.6515
Run:01 Epoch: 1471 loss_train: 0.2639 loss_val: 0.6491
Run:01 Epoch: 1472 loss_train: 0.2592 loss_val: 0.6437
Run:01 Epoch: 1473 loss_train: 0.2620 loss_val: 0.6427
Run:01 Epoch: 1474 loss_train: 0.2628 loss_val: 0.6410
Run:01 Epoch: 1475 loss_train: 0.2636 loss_val: 0.6353
Run:01 Epoch: 1476 loss_train: 0.2636 loss_val: 0.6475
Run:01 Epoch: 1477 loss_train: 0.2632 loss_val: 0.6346
Run:01 Epoch: 1478 loss_train: 0.2619 loss_val: 0.6434
Run:01 Epoch: 1479 loss_train: 0.2626 loss_val: 0.6427
Run:01 Epoch: 1480 loss_train: 0.2626 loss_val: 0.6469
Run:01 Epoch: 1481 loss_train: 0.2618 loss_val: 0.6452
Run:01 Run Train: 100%|| 1/1 [3:01:17<00:00, 10877.10s/it]Run Train: 100%|| 1/1 [3:01:17<00:00, 10877.10s/it]
Epoch: 1482 loss_train: 0.2627 loss_val: 0.6375
Run:01 Epoch: 1483 loss_train: 0.2618 loss_val: 0.6405
Run:01 Epoch: 1484 loss_train: 0.2626 loss_val: 0.6440
Run:01 Epoch: 1485 loss_train: 0.2610 loss_val: 0.6345
Run:01 Epoch: 1486 loss_train: 0.2596 loss_val: 0.6389
Run:01 Epoch: 1487 loss_train: 0.2650 loss_val: 0.6451
Run:01 Epoch: 1488 loss_train: 0.2606 loss_val: 0.6369
Run:01 Epoch: 1489 loss_train: 0.2611 loss_val: 0.6416
Run:01 Epoch: 1490 loss_train: 0.2670 loss_val: 0.6422
Run:01 Epoch: 1491 loss_train: 0.2639 loss_val: 0.6436
Run:01 Epoch: 1492 loss_train: 0.2598 loss_val: 0.6331
Run:01 Epoch: 1493 loss_train: 0.2617 loss_val: 0.6416
Run:01 Epoch: 1494 loss_train: 0.2620 loss_val: 0.6411
Run:01 Epoch: 1495 loss_train: 0.2660 loss_val: 0.6359
Run:01 Epoch: 1496 loss_train: 0.2635 loss_val: 0.6477
Run:01 Epoch: 1497 loss_train: 0.2573 loss_val: 0.6280
Run:01 Epoch: 1498 loss_train: 0.2605 loss_val: 0.6311
Run:01 Epoch: 1499 loss_train: 0.2598 loss_val: 0.6458
Run:01 Epoch: 1500 loss_train: 0.2600 loss_val: 0.6552
test acc: 0.8212703101920237 test acc std 0.0


test micro f1: 0.8212703101920237 test macro f1 0.8081712416505674
