args
 Namespace(samples=4, concat=8, runs=1, latent_size=10, dataset='cocitationciteseer', seed=42, epochs=1000, lr=0.01, weight_decay=0.0005, hidden=64, dropout=0.5, batch_size=128, tem=0.5, lam=1.0, pretrain_epochs=8, pretrain_lr=0.05, conditional=True, update_epochs=20, num_models=100, warmup=200, use_mediator=False, cuda=False)
This is cocitation_citeseer dataset:
  ->  num_classes
  ->  num_vertices
  ->  num_edges
  ->  dim_features
  ->  features
  ->  edge_list
  ->  labels
  ->  train_mask
  ->  val_mask
  ->  test_mask
Please try `data['name']` to get the specified data.
Run Train:   0%|          | 0/1 [00:00<?, ?it/s]/users/Min/miniconda/envs/hy/lib/python3.9/site-packages/torch/nn/functional.py:1967: UserWarning: nn.functional.sigmoid is deprecated. Use torch.sigmoid instead.
  warnings.warn("nn.functional.sigmoid is deprecated. Use torch.sigmoid instead.")
Run:01 Epoch: 0001 loss_train: 1.7891 loss_val: 1.7785
Run:01 Epoch: 0002 loss_train: 1.7789 loss_val: 1.7648
Run:01 Epoch: 0003 loss_train: 1.7671 loss_val: 1.7555
Run:01 Epoch: 0004 loss_train: 1.7608 loss_val: 1.7551
Run:01 Epoch: 0005 loss_train: 1.7644 loss_val: 1.7592
Run:01 Epoch: 0006 loss_train: 1.7735 loss_val: 1.7570
Run:01 Epoch: 0007 loss_train: 1.7727 loss_val: 1.7491
Run:01 Epoch: 0008 loss_train: 1.7620 loss_val: 1.7421
Run:01 Epoch: 0009 loss_train: 1.7510 loss_val: 1.7369
Run:01 Epoch: 0010 loss_train: 1.7426 loss_val: 1.7321
Run:01 Epoch: 0011 loss_train: 1.7370 loss_val: 1.7280
Run:01 Epoch: 0012 loss_train: 1.7324 loss_val: 1.7244
Run:01 Epoch: 0013 loss_train: 1.7292 loss_val: 1.7203
Run:01 Epoch: 0014 loss_train: 1.7250 loss_val: 1.7148
Run:01 Epoch: 0015 loss_train: 1.7197 loss_val: 1.7067
Run:01 Epoch: 0016 loss_train: 1.7112 loss_val: 1.6974
Run:01 Epoch: 0017 loss_train: 1.6991 loss_val: 1.6872
Run:01 Epoch: 0018 loss_train: 1.6864 loss_val: 1.6764
Run:01 Epoch: 0019 loss_train: 1.6751 loss_val: 1.6654
Run:01 Epoch: 0020 loss_train: 1.6624 loss_val: 1.6537
Run:01 Epoch: 0021 loss_train: 1.6489 loss_val: 1.6407
Run:01 Epoch: 0022 loss_train: 1.6345 loss_val: 1.6267
Run:01 Epoch: 0023 loss_train: 1.6179 loss_val: 1.6113
Run:01 Epoch: 0024 loss_train: 1.5997 loss_val: 1.5944
Run:01 Epoch: 0025 loss_train: 1.5818 loss_val: 1.5770
Run:01 Epoch: 0026 loss_train: 1.5615 loss_val: 1.5591
Run:01 Epoch: 0027 loss_train: 1.5446 loss_val: 1.5408
Run:01 Epoch: 0028 loss_train: 1.5218 loss_val: 1.5210
Run:01 Epoch: 0029 loss_train: 1.5036 loss_val: 1.5006
Run:01 Epoch: 0030 loss_train: 1.4837 loss_val: 1.4795
Run:01 Epoch: 0031 loss_train: 1.4618 loss_val: 1.4582
Run:01 Epoch: 0032 loss_train: 1.4401 loss_val: 1.4362
Run:01 Epoch: 0033 loss_train: 1.4159 loss_val: 1.4131
Run:01 Epoch: 0034 loss_train: 1.3944 loss_val: 1.3901
Run:01 Epoch: 0035 loss_train: 1.3775 loss_val: 1.3694
Run:01 Epoch: 0036 loss_train: 1.3574 loss_val: 1.3469
Run:01 Epoch: 0037 loss_train: 1.3320 loss_val: 1.3244
Run:01 Epoch: 0038 loss_train: 1.3102 loss_val: 1.2999
Run:01 Epoch: 0039 loss_train: 1.2893 loss_val: 1.2781
Run:01 Epoch: 0040 loss_train: 1.2663 loss_val: 1.2562
Run:01 Epoch: 0041 loss_train: 1.2509 loss_val: 1.2358
Run:01 Epoch: 0042 loss_train: 1.2310 loss_val: 1.2136
Run:01 Epoch: 0043 loss_train: 1.2078 loss_val: 1.1943
Run:01 Epoch: 0044 loss_train: 1.1871 loss_val: 1.1728
Run:01 Epoch: 0045 loss_train: 1.1706 loss_val: 1.1551
Run:01 Epoch: 0046 loss_train: 1.1504 loss_val: 1.1365
Run:01 Epoch: 0047 loss_train: 1.1355 loss_val: 1.1188
Run:01 Epoch: 0048 loss_train: 1.1170 loss_val: 1.1028
Run:01 Epoch: 0049 loss_train: 1.1013 loss_val: 1.0879
Run:01 Epoch: 0050 loss_train: 1.0858 loss_val: 1.0742
Run:01 Epoch: 0051 loss_train: 1.0751 loss_val: 1.0585
Run:01 Epoch: 0052 loss_train: 1.0517 loss_val: 1.0467
Run:01 Epoch: 0053 loss_train: 1.0430 loss_val: 1.0328
Run:01 Epoch: 0054 loss_train: 1.0264 loss_val: 1.0240
Run:01 Epoch: 0055 loss_train: 1.0091 loss_val: 1.0106
Run:01 Epoch: 0056 loss_train: 0.9964 loss_val: 1.0023
Run:01 Epoch: 0057 loss_train: 0.9902 loss_val: 0.9939
Run:01 Epoch: 0058 loss_train: 0.9734 loss_val: 0.9835
Run:01 Epoch: 0059 loss_train: 0.9652 loss_val: 0.9755
Run:01 Epoch: 0060 loss_train: 0.9567 loss_val: 0.9676
Run:01 Epoch: 0061 loss_train: 0.9500 loss_val: 0.9614
Run:01 Epoch: 0062 loss_train: 0.9333 loss_val: 0.9549
Run:01 Epoch: 0063 loss_train: 0.9220 loss_val: 0.9468
Run:01 Epoch: 0064 loss_train: 0.9162 loss_val: 0.9398
Run:01 Epoch: 0065 loss_train: 0.9058 loss_val: 0.9358
Run:01 Epoch: 0066 loss_train: 0.8983 loss_val: 0.9305
Run:01 Epoch: 0067 loss_train: 0.8876 loss_val: 0.9230
Run:01 Epoch: 0068 loss_train: 0.8728 loss_val: 0.9178
Run:01 Epoch: 0069 loss_train: 0.8668 loss_val: 0.9158
Run:01 Epoch: 0070 loss_train: 0.8647 loss_val: 0.9086
Run:01 Epoch: 0071 loss_train: 0.8558 loss_val: 0.9044
Run:01 Epoch: 0072 loss_train: 0.8415 loss_val: 0.9001
Run:01 Epoch: 0073 loss_train: 0.8406 loss_val: 0.8975
Run:01 Epoch: 0074 loss_train: 0.8338 loss_val: 0.8921
Run:01 Epoch: 0075 loss_train: 0.8250 loss_val: 0.8896
Run:01 Epoch: 0076 loss_train: 0.8248 loss_val: 0.8836
Run:01 Epoch: 0077 loss_train: 0.8190 loss_val: 0.8818
Run:01 Epoch: 0078 loss_train: 0.8076 loss_val: 0.8780
Run:01 Epoch: 0079 loss_train: 0.8028 loss_val: 0.8732
Run:01 Epoch: 0080 loss_train: 0.7957 loss_val: 0.8736
Run:01 Epoch: 0081 loss_train: 0.7942 loss_val: 0.8673
Run:01 Epoch: 0082 loss_train: 0.7889 loss_val: 0.8667
Run:01 Epoch: 0083 loss_train: 0.7752 loss_val: 0.8622
Run:01 Epoch: 0084 loss_train: 0.7696 loss_val: 0.8611
Run:01 Epoch: 0085 loss_train: 0.7651 loss_val: 0.8597
Run:01 Epoch: 0086 loss_train: 0.7559 loss_val: 0.8591
Run:01 Epoch: 0087 loss_train: 0.7603 loss_val: 0.8558
Run:01 Epoch: 0088 loss_train: 0.7521 loss_val: 0.8512
Run:01 Epoch: 0089 loss_train: 0.7537 loss_val: 0.8513
Run:01 Epoch: 0090 loss_train: 0.7526 loss_val: 0.8486
Run:01 Epoch: 0091 loss_train: 0.7418 loss_val: 0.8480
Run:01 Epoch: 0092 loss_train: 0.7392 loss_val: 0.8455
Run:01 Epoch: 0093 loss_train: 0.7409 loss_val: 0.8432
Run:01 Epoch: 0094 loss_train: 0.7269 loss_val: 0.8415
Run:01 Epoch: 0095 loss_train: 0.7205 loss_val: 0.8402
Run:01 Epoch: 0096 loss_train: 0.7210 loss_val: 0.8358
Run:01 Epoch: 0097 loss_train: 0.7189 loss_val: 0.8370
Run:01 Epoch: 0098 loss_train: 0.7068 loss_val: 0.8328
Run:01 Epoch: 0099 loss_train: 0.7080 loss_val: 0.8327
Run:01 Epoch: 0100 loss_train: 0.7053 loss_val: 0.8322
Run:01 Epoch: 0101 loss_train: 0.7047 loss_val: 0.8311
Run:01 Epoch: 0102 loss_train: 0.6973 loss_val: 0.8320
Run:01 Epoch: 0103 loss_train: 0.6949 loss_val: 0.8274
Run:01 Epoch: 0104 loss_train: 0.6917 loss_val: 0.8225
Run:01 Epoch: 0105 loss_train: 0.6859 loss_val: 0.8255
Run:01 Epoch: 0106 loss_train: 0.6816 loss_val: 0.8248
Run:01 Epoch: 0107 loss_train: 0.6791 loss_val: 0.8225
Run:01 Epoch: 0108 loss_train: 0.6754 loss_val: 0.8221
Run:01 Epoch: 0109 loss_train: 0.6702 loss_val: 0.8192
Run:01 Epoch: 0110 loss_train: 0.6729 loss_val: 0.8204
Run:01 Epoch: 0111 loss_train: 0.6623 loss_val: 0.8208
Run:01 Epoch: 0112 loss_train: 0.6642 loss_val: 0.8156
Run:01 Epoch: 0113 loss_train: 0.6561 loss_val: 0.8159
Run:01 Epoch: 0114 loss_train: 0.6579 loss_val: 0.8158
Run:01 Epoch: 0115 loss_train: 0.6496 loss_val: 0.8144
Run:01 Epoch: 0116 loss_train: 0.6489 loss_val: 0.8113
Run:01 Epoch: 0117 loss_train: 0.6470 loss_val: 0.8114
Run:01 Epoch: 0118 loss_train: 0.6479 loss_val: 0.8132
Run:01 Epoch: 0119 loss_train: 0.6457 loss_val: 0.8140
Run:01 Epoch: 0120 loss_train: 0.6384 loss_val: 0.8129
Run:01 Epoch: 0121 loss_train: 0.6318 loss_val: 0.8092
Run:01 Epoch: 0122 loss_train: 0.6403 loss_val: 0.8055
Run:01 Epoch: 0123 loss_train: 0.6346 loss_val: 0.8097
Run:01 Epoch: 0124 loss_train: 0.6278 loss_val: 0.8090
Run:01 Epoch: 0125 loss_train: 0.6325 loss_val: 0.8075
Run:01 Epoch: 0126 loss_train: 0.6228 loss_val: 0.8099
Run:01 Epoch: 0127 loss_train: 0.6262 loss_val: 0.8070
Run:01 Epoch: 0128 loss_train: 0.6162 loss_val: 0.8063
Run:01 Epoch: 0129 loss_train: 0.6199 loss_val: 0.8050
Run:01 Epoch: 0130 loss_train: 0.6170 loss_val: 0.8057
Run:01 Epoch: 0131 loss_train: 0.6153 loss_val: 0.8053
Run:01 Epoch: 0132 loss_train: 0.6151 loss_val: 0.8041
Run:01 Epoch: 0133 loss_train: 0.6101 loss_val: 0.8050
Run:01 Epoch: 0134 loss_train: 0.6080 loss_val: 0.8033
Run:01 Epoch: 0135 loss_train: 0.6046 loss_val: 0.8040
Run:01 Epoch: 0136 loss_train: 0.6075 loss_val: 0.8009
Run:01 Epoch: 0137 loss_train: 0.5995 loss_val: 0.8009
Run:01 Epoch: 0138 loss_train: 0.6008 loss_val: 0.8002
Run:01 Epoch: 0139 loss_train: 0.6002 loss_val: 0.8021
Run:01 Epoch: 0140 loss_train: 0.5958 loss_val: 0.7997
Run:01 Epoch: 0141 loss_train: 0.5914 loss_val: 0.8008
Run:01 Epoch: 0142 loss_train: 0.5907 loss_val: 0.8016
Run:01 Epoch: 0143 loss_train: 0.5910 loss_val: 0.7988
Run:01 Epoch: 0144 loss_train: 0.5889 loss_val: 0.7988
Run:01 Epoch: 0145 loss_train: 0.5880 loss_val: 0.8023
Run:01 Epoch: 0146 loss_train: 0.5842 loss_val: 0.7992
Run:01 Epoch: 0147 loss_train: 0.5861 loss_val: 0.7996
Run:01 Epoch: 0148 loss_train: 0.5809 loss_val: 0.7995
Run:01 Epoch: 0149 loss_train: 0.5728 loss_val: 0.7985
Run:01 Epoch: 0150 loss_train: 0.5769 loss_val: 0.8000
Run:01 Epoch: 0151 loss_train: 0.5748 loss_val: 0.7998
Run:01 Epoch: 0152 loss_train: 0.5725 loss_val: 0.7995
Run:01 Epoch: 0153 loss_train: 0.5741 loss_val: 0.7958
Run:01 Epoch: 0154 loss_train: 0.5727 loss_val: 0.7978
Run:01 Epoch: 0155 loss_train: 0.5652 loss_val: 0.7980
Run:01 Epoch: 0156 loss_train: 0.5628 loss_val: 0.7963
Run:01 Epoch: 0157 loss_train: 0.5628 loss_val: 0.7949
Run:01 Epoch: 0158 loss_train: 0.5692 loss_val: 0.7951
Run:01 Epoch: 0159 loss_train: 0.5664 loss_val: 0.7943
Run:01 Epoch: 0160 loss_train: 0.5630 loss_val: 0.7954
Run:01 Epoch: 0161 loss_train: 0.5600 loss_val: 0.7896
Run:01 Epoch: 0162 loss_train: 0.5625 loss_val: 0.7932
Run:01 Epoch: 0163 loss_train: 0.5561 loss_val: 0.7914
Run:01 Epoch: 0164 loss_train: 0.5607 loss_val: 0.7934
Run:01 Epoch: 0165 loss_train: 0.5532 loss_val: 0.7934
Run:01 Epoch: 0166 loss_train: 0.5504 loss_val: 0.7941
Run:01 Epoch: 0167 loss_train: 0.5491 loss_val: 0.7901
Run:01 Epoch: 0168 loss_train: 0.5479 loss_val: 0.7886
Run:01 Epoch: 0169 loss_train: 0.5543 loss_val: 0.7902
Run:01 Epoch: 0170 loss_train: 0.5529 loss_val: 0.7910
Run:01 Epoch: 0171 loss_train: 0.5435 loss_val: 0.7926
Run:01 Epoch: 0172 loss_train: 0.5405 loss_val: 0.7897
Run:01 Epoch: 0173 loss_train: 0.5449 loss_val: 0.7882
Run:01 Epoch: 0174 loss_train: 0.5472 loss_val: 0.7905
Run:01 Epoch: 0175 loss_train: 0.5403 loss_val: 0.7904
Run:01 Epoch: 0176 loss_train: 0.5377 loss_val: 0.7913
Run:01 Epoch: 0177 loss_train: 0.5305 loss_val: 0.7899
Run:01 Epoch: 0178 loss_train: 0.5355 loss_val: 0.7900
Run:01 Epoch: 0179 loss_train: 0.5328 loss_val: 0.7880
Run:01 Epoch: 0180 loss_train: 0.5284 loss_val: 0.7882
Run:01 Epoch: 0181 loss_train: 0.5382 loss_val: 0.7887
Run:01 Epoch: 0182 loss_train: 0.5305 loss_val: 0.7896
Run:01 Epoch: 0183 loss_train: 0.5339 loss_val: 0.7903
Run:01 Epoch: 0184 loss_train: 0.5312 loss_val: 0.7885
Run:01 Epoch: 0185 loss_train: 0.5257 loss_val: 0.7900
Run:01 Epoch: 0186 loss_train: 0.5253 loss_val: 0.7885
Run:01 Epoch: 0187 loss_train: 0.5251 loss_val: 0.7886
Run:01 Epoch: 0188 loss_train: 0.5242 loss_val: 0.7940
Run:01 Epoch: 0189 loss_train: 0.5256 loss_val: 0.7918
Run:01 Epoch: 0190 loss_train: 0.5212 loss_val: 0.7913
Run:01 Epoch: 0191 loss_train: 0.5251 loss_val: 0.7864
Run:01 Epoch: 0192 loss_train: 0.5217 loss_val: 0.7906
Run:01 Epoch: 0193 loss_train: 0.5212 loss_val: 0.7892
Run:01 Epoch: 0194 loss_train: 0.5204 loss_val: 0.7890
Run:01 Epoch: 0195 loss_train: 0.5188 loss_val: 0.7915
Run:01 Epoch: 0196 loss_train: 0.5128 loss_val: 0.7896
Run:01 Epoch: 0197 loss_train: 0.5125 loss_val: 0.7906
Run:01 Epoch: 0198 loss_train: 0.5158 loss_val: 0.7874
Run:01 Epoch: 0199 loss_train: 0.5124 loss_val: 0.7909
Run:01 Epoch: 0200 loss_train: 0.5139 loss_val: 0.7880
Run:01 Epoch: 0201 loss_train: 0.5098 loss_val: 0.7873
Run:01 Epoch: 0202 loss_train: 0.5081 loss_val: 0.7860
Run:01 Epoch: 0203 loss_train: 0.5109 loss_val: 0.7870
Run:01 Epoch: 0204 loss_train: 0.5096 loss_val: 0.7859
Run:01 Epoch: 0205 loss_train: 0.5027 loss_val: 0.7850
Run:01 Epoch: 0206 loss_train: 0.5074 loss_val: 0.7866
Run:01 Epoch: 0207 loss_train: 0.5068 loss_val: 0.7874
Run:01 Epoch: 0208 loss_train: 0.5039 loss_val: 0.7880
Run:01 Epoch: 0209 loss_train: 0.5021 loss_val: 0.7866
Run:01 Epoch: 0210 loss_train: 0.5013 loss_val: 0.7868
Run:01 Epoch: 0211 loss_train: 0.5042 loss_val: 0.7878
Run:01 Epoch: 0212 loss_train: 0.4998 loss_val: 0.7872
Run:01 Epoch: 0213 loss_train: 0.5022 loss_val: 0.7866
Run:01 Epoch: 0214 loss_train: 0.5001 loss_val: 0.7872
Run:01 Epoch: 0215 loss_train: 0.4984 loss_val: 0.7888
Run:01 Epoch: 0216 loss_train: 0.4969 loss_val: 0.7886
Run:01 Epoch: 0217 loss_train: 0.4977 loss_val: 0.7893
Run:01 Epoch: 0218 loss_train: 0.4975 loss_val: 0.7875
Run:01 Epoch: 0219 loss_train: 0.4971 loss_val: 0.7845
Run:01 Epoch: 0220 loss_train: 0.4995 loss_val: 0.7864
Run:01 Epoch: 0221 loss_train: 0.4958 loss_val: 0.7854
Run:01 Epoch: 0222 loss_train: 0.4875 loss_val: 0.7881
Run:01 Epoch: 0223 loss_train: 0.4962 loss_val: 0.7878
Run:01 Epoch: 0224 loss_train: 0.4891 loss_val: 0.7866
Run:01 Epoch: 0225 loss_train: 0.4905 loss_val: 0.7884
Run:01 Epoch: 0226 loss_train: 0.4900 loss_val: 0.7878
Run:01 Epoch: 0227 loss_train: 0.4866 loss_val: 0.7840
Run:01 Epoch: 0228 loss_train: 0.4880 loss_val: 0.7850
Run:01 Epoch: 0229 loss_train: 0.4856 loss_val: 0.7844
Run:01 Epoch: 0230 loss_train: 0.4853 loss_val: 0.7835
Run:01 Epoch: 0231 loss_train: 0.4865 loss_val: 0.7870
Run:01 Epoch: 0232 loss_train: 0.4856 loss_val: 0.7851
Run:01 Epoch: 0233 loss_train: 0.4821 loss_val: 0.7839
Run:01 Epoch: 0234 loss_train: 0.4794 loss_val: 0.7899
Run:01 Epoch: 0235 loss_train: 0.4863 loss_val: 0.7860
Run:01 Epoch: 0236 loss_train: 0.4889 loss_val: 0.7856
Run:01 Epoch: 0237 loss_train: 0.4809 loss_val: 0.7861
Run:01 Epoch: 0238 loss_train: 0.4790 loss_val: 0.7854
Run:01 Epoch: 0239 loss_train: 0.4812 loss_val: 0.7874
Run:01 Epoch: 0240 loss_train: 0.4767 loss_val: 0.7869
Run:01 Epoch: 0241 loss_train: 0.4819 loss_val: 0.7817
Run:01 Epoch: 0242 loss_train: 0.4753 loss_val: 0.7845
Run:01 Epoch: 0243 loss_train: 0.4746 loss_val: 0.7835
Run:01 Epoch: 0244 loss_train: 0.4763 loss_val: 0.7844
Run:01 Epoch: 0245 loss_train: 0.4767 loss_val: 0.7869
Run:01 Epoch: 0246 loss_train: 0.4735 loss_val: 0.7800
Run:01 Epoch: 0247 loss_train: 0.4754 loss_val: 0.7839
Run:01 Epoch: 0248 loss_train: 0.4712 loss_val: 0.7828
Run:01 Epoch: 0249 loss_train: 0.4680 loss_val: 0.7839
Run:01 Epoch: 0250 loss_train: 0.4765 loss_val: 0.7807
Run:01 Epoch: 0251 loss_train: 0.4717 loss_val: 0.7856
Run:01 Epoch: 0252 loss_train: 0.4713 loss_val: 0.7862
Run:01 Epoch: 0253 loss_train: 0.4741 loss_val: 0.7864
Run:01 Epoch: 0254 loss_train: 0.4641 loss_val: 0.7866
Run:01 Epoch: 0255 loss_train: 0.4649 loss_val: 0.7858
Run:01 Epoch: 0256 loss_train: 0.4637 loss_val: 0.7858
Run:01 Epoch: 0257 loss_train: 0.4700 loss_val: 0.7886
Run:01 Epoch: 0258 loss_train: 0.4620 loss_val: 0.7870
Run:01 Epoch: 0259 loss_train: 0.4648 loss_val: 0.7844
Run:01 Epoch: 0260 loss_train: 0.4591 loss_val: 0.7897
Run:01 Epoch: 0261 loss_train: 0.4649 loss_val: 0.7878
Run:01 Epoch: 0262 loss_train: 0.4585 loss_val: 0.7892
Run:01 Epoch: 0263 loss_train: 0.4634 loss_val: 0.7878
Run:01 Epoch: 0264 loss_train: 0.4625 loss_val: 0.7885
Run:01 Epoch: 0265 loss_train: 0.4629 loss_val: 0.7883
Run:01 Epoch: 0266 loss_train: 0.4578 loss_val: 0.7848
Run:01 Epoch: 0267 loss_train: 0.4602 loss_val: 0.7874
Run:01 Epoch: 0268 loss_train: 0.4614 loss_val: 0.7844
Run:01 Epoch: 0269 loss_train: 0.4632 loss_val: 0.7892
Run:01 Epoch: 0270 loss_train: 0.4594 loss_val: 0.7871
Run:01 Epoch: 0271 loss_train: 0.4618 loss_val: 0.7918
Run:01 Epoch: 0272 loss_train: 0.4534 loss_val: 0.7878
Run:01 Epoch: 0273 loss_train: 0.4566 loss_val: 0.7865
Run:01 Epoch: 0274 loss_train: 0.4587 loss_val: 0.7898
Run:01 Epoch: 0275 loss_train: 0.4595 loss_val: 0.7912
Run:01 Epoch: 0276 loss_train: 0.4574 loss_val: 0.7900
Run:01 Epoch: 0277 loss_train: 0.4516 loss_val: 0.7899
Run:01 Epoch: 0278 loss_train: 0.4576 loss_val: 0.7960
Run:01 Epoch: 0279 loss_train: 0.4542 loss_val: 0.7917
Run:01 Epoch: 0280 loss_train: 0.4470 loss_val: 0.7909
Run:01 Epoch: 0281 loss_train: 0.4522 loss_val: 0.7909
Run:01 Epoch: 0282 loss_train: 0.4543 loss_val: 0.7895
Run:01 Epoch: 0283 loss_train: 0.4513 loss_val: 0.7894
Run:01 Epoch: 0284 loss_train: 0.4500 loss_val: 0.7873
Run:01 Epoch: 0285 loss_train: 0.4489 loss_val: 0.7889
Run:01 Epoch: 0286 loss_train: 0.4460 loss_val: 0.7872
Run:01 Epoch: 0287 loss_train: 0.4542 loss_val: 0.7845
Run:01 Epoch: 0288 loss_train: 0.4470 loss_val: 0.7872
Run:01 Epoch: 0289 loss_train: 0.4472 loss_val: 0.7833
Run:01 Epoch: 0290 loss_train: 0.4434 loss_val: 0.7919
Run:01 Epoch: 0291 loss_train: 0.4490 loss_val: 0.7847
Run:01 Epoch: 0292 loss_train: 0.4447 loss_val: 0.7847
Run:01 Epoch: 0293 loss_train: 0.4536 loss_val: 0.7873
Run:01 Epoch: 0294 loss_train: 0.4456 loss_val: 0.7870
Run:01 Epoch: 0295 loss_train: 0.4462 loss_val: 0.7865
Run:01 Epoch: 0296 loss_train: 0.4446 loss_val: 0.7864
Run:01 Epoch: 0297 loss_train: 0.4451 loss_val: 0.7884
Run:01 Epoch: 0298 loss_train: 0.4415 loss_val: 0.7881
Run:01 Epoch: 0299 loss_train: 0.4391 loss_val: 0.7887
Run:01 Epoch: 0300 loss_train: 0.4377 loss_val: 0.7871
Run:01 Epoch: 0301 loss_train: 0.4415 loss_val: 0.7846
Run:01 Epoch: 0302 loss_train: 0.4441 loss_val: 0.7885
Run:01 Epoch: 0303 loss_train: 0.4380 loss_val: 0.7876
Run:01 Epoch: 0304 loss_train: 0.4425 loss_val: 0.7919
Run:01 Epoch: 0305 loss_train: 0.4415 loss_val: 0.7922
Run:01 Epoch: 0306 loss_train: 0.4436 loss_val: 0.7865
Run:01 Epoch: 0307 loss_train: 0.4403 loss_val: 0.7868
Run:01 Epoch: 0308 loss_train: 0.4389 loss_val: 0.7882
Run:01 Epoch: 0309 loss_train: 0.4315 loss_val: 0.7875
Run:01 Epoch: 0310 loss_train: 0.4349 loss_val: 0.7881
Run:01 Epoch: 0311 loss_train: 0.4372 loss_val: 0.7917
Run:01 Epoch: 0312 loss_train: 0.4379 loss_val: 0.7882
Run:01 Epoch: 0313 loss_train: 0.4404 loss_val: 0.7895
Run:01 Epoch: 0314 loss_train: 0.4323 loss_val: 0.7871
Run:01 Epoch: 0315 loss_train: 0.4390 loss_val: 0.7921
Run:01 Epoch: 0316 loss_train: 0.4342 loss_val: 0.7889
Run:01 Epoch: 0317 loss_train: 0.4409 loss_val: 0.7922
Run:01 Epoch: 0318 loss_train: 0.4351 loss_val: 0.7896
Run:01 Epoch: 0319 loss_train: 0.4358 loss_val: 0.7919
Run:01 Epoch: 0320 loss_train: 0.4387 loss_val: 0.7909
Run:01 Epoch: 0321 loss_train: 0.4345 loss_val: 0.7898
Run:01 Epoch: 0322 loss_train: 0.4380 loss_val: 0.7919
Run:01 Epoch: 0323 loss_train: 0.4383 loss_val: 0.7903
Run:01 Epoch: 0324 loss_train: 0.4280 loss_val: 0.7881
Run:01 Epoch: 0325 loss_train: 0.4350 loss_val: 0.7878
Run:01 Epoch: 0326 loss_train: 0.4338 loss_val: 0.7895
Run:01 Epoch: 0327 loss_train: 0.4317 loss_val: 0.7915
Run:01 Epoch: 0328 loss_train: 0.4324 loss_val: 0.7910
Run:01 Epoch: 0329 loss_train: 0.4329 loss_val: 0.7927
Run:01 Epoch: 0330 loss_train: 0.4270 loss_val: 0.7908
Run:01 Epoch: 0331 loss_train: 0.4300 loss_val: 0.7924
Run:01 Epoch: 0332 loss_train: 0.4345 loss_val: 0.7881
Run:01 Epoch: 0333 loss_train: 0.4299 loss_val: 0.7917
Run:01 Epoch: 0334 loss_train: 0.4289 loss_val: 0.7914
Run:01 Epoch: 0335 loss_train: 0.4295 loss_val: 0.7906
Run:01 Epoch: 0336 loss_train: 0.4290 loss_val: 0.7911
Run:01 Epoch: 0337 loss_train: 0.4283 loss_val: 0.7886
Run:01 Epoch: 0338 loss_train: 0.4276 loss_val: 0.7879
Run:01 Epoch: 0339 loss_train: 0.4317 loss_val: 0.7934
Run:01 Epoch: 0340 loss_train: 0.4234 loss_val: 0.7933
Run:01 Epoch: 0341 loss_train: 0.4337 loss_val: 0.7877
Run:01 Epoch: 0342 loss_train: 0.4262 loss_val: 0.7884
Run:01 Epoch: 0343 loss_train: 0.4274 loss_val: 0.7899
Run:01 Epoch: 0344 loss_train: 0.4291 loss_val: 0.7915
Run:01 Epoch: 0345 loss_train: 0.4234 loss_val: 0.7882
Run:01 Epoch: 0346 loss_train: 0.4334 loss_val: 0.7895
Run:01 Epoch: 0347 loss_train: 0.4229 loss_val: 0.7924
Run:01 Epoch: 0348 loss_train: 0.4258 loss_val: 0.7925
Run:01 Epoch: 0349 loss_train: 0.4264 loss_val: 0.7900
Run:01 Epoch: 0350 loss_train: 0.4296 loss_val: 0.7938
Run:01 Epoch: 0351 loss_train: 0.4260 loss_val: 0.7897
Run:01 Epoch: 0352 loss_train: 0.4238 loss_val: 0.7898
Run:01 Epoch: 0353 loss_train: 0.4217 loss_val: 0.7918
Run:01 Epoch: 0354 loss_train: 0.4278 loss_val: 0.7932
Run:01 Epoch: 0355 loss_train: 0.4246 loss_val: 0.7944
Run:01 Epoch: 0356 loss_train: 0.4225 loss_val: 0.7901
Run:01 Epoch: 0357 loss_train: 0.4266 loss_val: 0.7858
Run:01 Epoch: 0358 loss_train: 0.4201 loss_val: 0.7891
Run:01 Epoch: 0359 loss_train: 0.4217 loss_val: 0.7918
Run:01 Epoch: 0360 loss_train: 0.4263 loss_val: 0.7922
Run:01 Epoch: 0361 loss_train: 0.4209 loss_val: 0.7883
Run:01 Epoch: 0362 loss_train: 0.4276 loss_val: 0.7910
Run:01 Epoch: 0363 loss_train: 0.4273 loss_val: 0.7853
Run:01 Epoch: 0364 loss_train: 0.4206 loss_val: 0.7879
Run:01 Epoch: 0365 loss_train: 0.4178 loss_val: 0.7893
Run:01 Epoch: 0366 loss_train: 0.4253 loss_val: 0.7861
Run:01 Epoch: 0367 loss_train: 0.4183 loss_val: 0.7902
Run:01 Epoch: 0368 loss_train: 0.4200 loss_val: 0.7860
Run:01 Epoch: 0369 loss_train: 0.4198 loss_val: 0.7863
Run:01 Epoch: 0370 loss_train: 0.4205 loss_val: 0.7905
Run:01 Epoch: 0371 loss_train: 0.4223 loss_val: 0.7922
Run:01 Epoch: 0372 loss_train: 0.4231 loss_val: 0.7925
Run:01 Epoch: 0373 loss_train: 0.4163 loss_val: 0.7871
Run:01 Epoch: 0374 loss_train: 0.4231 loss_val: 0.7875
Run:01 Epoch: 0375 loss_train: 0.4237 loss_val: 0.7895
Run:01 Epoch: 0376 loss_train: 0.4218 loss_val: 0.7934
Run:01 Epoch: 0377 loss_train: 0.4214 loss_val: 0.7928
Run:01 Epoch: 0378 loss_train: 0.4233 loss_val: 0.7885
Run:01 Epoch: 0379 loss_train: 0.4178 loss_val: 0.7895
Run:01 Epoch: 0380 loss_train: 0.4221 loss_val: 0.7867
Run:01 Epoch: 0381 loss_train: 0.4178 loss_val: 0.7879
Run:01 Epoch: 0382 loss_train: 0.4188 loss_val: 0.7838
Run:01 Epoch: 0383 loss_train: 0.4157 loss_val: 0.7896
Run:01 Epoch: 0384 loss_train: 0.4238 loss_val: 0.7877
Run:01 Epoch: 0385 loss_train: 0.4210 loss_val: 0.7910
Run:01 Epoch: 0386 loss_train: 0.4143 loss_val: 0.7901
Run:01 Epoch: 0387 loss_train: 0.4190 loss_val: 0.7868
Run:01 Epoch: 0388 loss_train: 0.4195 loss_val: 0.7866
Run:01 Epoch: 0389 loss_train: 0.4186 loss_val: 0.7908
Run:01 Epoch: 0390 loss_train: 0.4163 loss_val: 0.7869
Run:01 Epoch: 0391 loss_train: 0.4169 loss_val: 0.7912
Run:01 Epoch: 0392 loss_train: 0.4240 loss_val: 0.7847
Run:01 Epoch: 0393 loss_train: 0.4140 loss_val: 0.7883
Run:01 Epoch: 0394 loss_train: 0.4212 loss_val: 0.7868
Run:01 Epoch: 0395 loss_train: 0.4197 loss_val: 0.7883
Run:01 Epoch: 0396 loss_train: 0.4147 loss_val: 0.7932
Run:01 Epoch: 0397 loss_train: 0.4140 loss_val: 0.7893
Run:01 Epoch: 0398 loss_train: 0.4183 loss_val: 0.7883
Run:01 Epoch: 0399 loss_train: 0.4166 loss_val: 0.7886
Run:01 Epoch: 0400 loss_train: 0.4191 loss_val: 0.7896
Run:01 Epoch: 0401 loss_train: 0.4158 loss_val: 0.7918
Run:01 Epoch: 0402 loss_train: 0.4156 loss_val: 0.7933
Run:01 Epoch: 0403 loss_train: 0.4167 loss_val: 0.7909
Run:01 Epoch: 0404 loss_train: 0.4159 loss_val: 0.7907
Run:01 Epoch: 0405 loss_train: 0.4142 loss_val: 0.7843
Run:01 Epoch: 0406 loss_train: 0.4145 loss_val: 0.7857
Run:01 Epoch: 0407 loss_train: 0.4159 loss_val: 0.7863
Run:01 Epoch: 0408 loss_train: 0.4120 loss_val: 0.7853
Run:01 Epoch: 0409 loss_train: 0.4143 loss_val: 0.7863
Run:01 Epoch: 0410 loss_train: 0.4146 loss_val: 0.7873
Run:01 Epoch: 0411 loss_train: 0.4133 loss_val: 0.7870
Run:01 Epoch: 0412 loss_train: 0.4088 loss_val: 0.7897
Run:01 Epoch: 0413 loss_train: 0.4068 loss_val: 0.7901
Run:01 Epoch: 0414 loss_train: 0.4161 loss_val: 0.7880
Run:01 Epoch: 0415 loss_train: 0.4154 loss_val: 0.7932
Run:01 Epoch: 0416 loss_train: 0.4132 loss_val: 0.7908
Run:01 Epoch: 0417 loss_train: 0.4149 loss_val: 0.7897
Run:01 Epoch: 0418 loss_train: 0.4123 loss_val: 0.7893
Run:01 Epoch: 0419 loss_train: 0.4137 loss_val: 0.7856
Run:01 Epoch: 0420 loss_train: 0.4173 loss_val: 0.7935
Run:01 Epoch: 0421 loss_train: 0.4109 loss_val: 0.7916
Run:01 Epoch: 0422 loss_train: 0.4117 loss_val: 0.7913
Run:01 Epoch: 0423 loss_train: 0.4105 loss_val: 0.7950
Run:01 Epoch: 0424 loss_train: 0.4135 loss_val: 0.7960
Run:01 Epoch: 0425 loss_train: 0.4141 loss_val: 0.7910
Run:01 Epoch: 0426 loss_train: 0.4126 loss_val: 0.7912
Run:01 Epoch: 0427 loss_train: 0.4109 loss_val: 0.7920
Run:01 Epoch: 0428 loss_train: 0.4088 loss_val: 0.7903
Run:01 Epoch: 0429 loss_train: 0.4116 loss_val: 0.7945
Run:01 Epoch: 0430 loss_train: 0.4063 loss_val: 0.7891
Run:01 Epoch: 0431 loss_train: 0.4126 loss_val: 0.7931
Run:01 Epoch: 0432 loss_train: 0.4093 loss_val: 0.7905
Run:01 Epoch: 0433 loss_train: 0.4099 loss_val: 0.7957
Run:01 Epoch: 0434 loss_train: 0.4051 loss_val: 0.7908
Run:01 Epoch: 0435 loss_train: 0.4142 loss_val: 0.7886
Run:01 Epoch: 0436 loss_train: 0.4080 loss_val: 0.7938
Run:01 Epoch: 0437 loss_train: 0.4123 loss_val: 0.7913
Run:01 Epoch: 0438 loss_train: 0.4068 loss_val: 0.7909
Run:01 Epoch: 0439 loss_train: 0.4082 loss_val: 0.7918
Run:01 Epoch: 0440 loss_train: 0.4066 loss_val: 0.7934
Run:01 Epoch: 0441 loss_train: 0.4069 loss_val: 0.7882
Run:01 Epoch: 0442 loss_train: 0.4079 loss_val: 0.7917
Run:01 Epoch: 0443 loss_train: 0.4084 loss_val: 0.7882
Run:01 Epoch: 0444 loss_train: 0.4062 loss_val: 0.7882
Run:01 Epoch: 0445 loss_train: 0.4095 loss_val: 0.7916
Run:01 Epoch: 0446 loss_train: 0.4084 loss_val: 0.7904
Run:01 Epoch: 0447 loss_train: 0.4090 loss_val: 0.7903
Run:01 Epoch: 0448 loss_train: 0.4029 loss_val: 0.7909
Run:01 Epoch: 0449 loss_train: 0.4077 loss_val: 0.7891
Run:01 Epoch: 0450 loss_train: 0.4059 loss_val: 0.7923
Run:01 Epoch: 0451 loss_train: 0.4107 loss_val: 0.7945
Run:01 Epoch: 0452 loss_train: 0.3996 loss_val: 0.7901
Run:01 Epoch: 0453 loss_train: 0.4066 loss_val: 0.7897
Run:01 Epoch: 0454 loss_train: 0.4075 loss_val: 0.7922
Run:01 Epoch: 0455 loss_train: 0.4104 loss_val: 0.7902
Run:01 Epoch: 0456 loss_train: 0.3969 loss_val: 0.7905
Run:01 Epoch: 0457 loss_train: 0.4014 loss_val: 0.7887
Run:01 Epoch: 0458 loss_train: 0.4034 loss_val: 0.7900
Run:01 Epoch: 0459 loss_train: 0.4061 loss_val: 0.7947
Run:01 Epoch: 0460 loss_train: 0.4043 loss_val: 0.7906
Run:01 Epoch: 0461 loss_train: 0.4051 loss_val: 0.7923
Run:01 Epoch: 0462 loss_train: 0.4044 loss_val: 0.7896
Run:01 Epoch: 0463 loss_train: 0.4035 loss_val: 0.7925
Run:01 Epoch: 0464 loss_train: 0.4032 loss_val: 0.7902
Run:01 Epoch: 0465 loss_train: 0.4020 loss_val: 0.7906
Run:01 Epoch: 0466 loss_train: 0.4112 loss_val: 0.7900
Run:01 Epoch: 0467 loss_train: 0.4014 loss_val: 0.7901
Run:01 Epoch: 0468 loss_train: 0.4040 loss_val: 0.7907
Run:01 Epoch: 0469 loss_train: 0.4040 loss_val: 0.7876
Run:01 Epoch: 0470 loss_train: 0.4018 loss_val: 0.7877
Run:01 Epoch: 0471 loss_train: 0.4075 loss_val: 0.7900
Run:01 Epoch: 0472 loss_train: 0.4026 loss_val: 0.7916
Run:01 Epoch: 0473 loss_train: 0.4004 loss_val: 0.7909
Run:01 Epoch: 0474 loss_train: 0.4039 loss_val: 0.7920
Run:01 Epoch: 0475 loss_train: 0.4035 loss_val: 0.7869
Run:01 Epoch: 0476 loss_train: 0.4024 loss_val: 0.7861
Run:01 Epoch: 0477 loss_train: 0.4046 loss_val: 0.7889
Run:01 Epoch: 0478 loss_train: 0.4066 loss_val: 0.7903
Run:01 Epoch: 0479 loss_train: 0.4042 loss_val: 0.7910
Run:01 Epoch: 0480 loss_train: 0.3991 loss_val: 0.7864
Run:01 Epoch: 0481 loss_train: 0.4085 loss_val: 0.7919
Run:01 Epoch: 0482 loss_train: 0.4039 loss_val: 0.7925
Run:01 Epoch: 0483 loss_train: 0.3992 loss_val: 0.7888
Run:01 Epoch: 0484 loss_train: 0.4085 loss_val: 0.7896
Run:01 Epoch: 0485 loss_train: 0.3989 loss_val: 0.7920
Run:01 Epoch: 0486 loss_train: 0.4080 loss_val: 0.7872
Run:01 Epoch: 0487 loss_train: 0.4006 loss_val: 0.7888
Run:01 Epoch: 0488 loss_train: 0.4026 loss_val: 0.7866
Run:01 Epoch: 0489 loss_train: 0.4007 loss_val: 0.7881
Run:01 Epoch: 0490 loss_train: 0.4044 loss_val: 0.7860
Run:01 Epoch: 0491 loss_train: 0.3981 loss_val: 0.7899
Run:01 Epoch: 0492 loss_train: 0.4007 loss_val: 0.7897
Run:01 Epoch: 0493 loss_train: 0.4050 loss_val: 0.7890
Run:01 Epoch: 0494 loss_train: 0.4021 loss_val: 0.7894
Run:01 Epoch: 0495 loss_train: 0.4039 loss_val: 0.7860
Run:01 Epoch: 0496 loss_train: 0.4015 loss_val: 0.7839
Run:01 Epoch: 0497 loss_train: 0.4063 loss_val: 0.7876
Run:01 Epoch: 0498 loss_train: 0.4011 loss_val: 0.7879
Run:01 Epoch: 0499 loss_train: 0.4007 loss_val: 0.7881
Run:01 Epoch: 0500 loss_train: 0.4064 loss_val: 0.7906
Run:01 Epoch: 0501 loss_train: 0.3975 loss_val: 0.7943
Run:01 Epoch: 0502 loss_train: 0.3964 loss_val: 0.7886
Run:01 Epoch: 0503 loss_train: 0.4000 loss_val: 0.7864
Run:01 Epoch: 0504 loss_train: 0.3998 loss_val: 0.7896
Run:01 Epoch: 0505 loss_train: 0.3986 loss_val: 0.7892
Run:01 Epoch: 0506 loss_train: 0.4051 loss_val: 0.7877
Run:01 Epoch: 0507 loss_train: 0.4019 loss_val: 0.7922
Run:01 Epoch: 0508 loss_train: 0.3974 loss_val: 0.7958
Run:01 Epoch: 0509 loss_train: 0.3963 loss_val: 0.7878
Run:01 Epoch: 0510 loss_train: 0.4011 loss_val: 0.7884
Run:01 Epoch: 0511 loss_train: 0.4023 loss_val: 0.7895
Run:01 Epoch: 0512 loss_train: 0.4029 loss_val: 0.7940
Run:01 Epoch: 0513 loss_train: 0.4033 loss_val: 0.7936
Run:01 Epoch: 0514 loss_train: 0.3993 loss_val: 0.7895
Run:01 Epoch: 0515 loss_train: 0.4021 loss_val: 0.7908
Run:01 Epoch: 0516 loss_train: 0.3994 loss_val: 0.7940
Run:01 Epoch: 0517 loss_train: 0.4011 loss_val: 0.7883
Run:01 Epoch: 0518 loss_train: 0.3984 loss_val: 0.7930
Run:01 Epoch: 0519 loss_train: 0.4014 loss_val: 0.7900
Run:01 Epoch: 0520 loss_train: 0.4027 loss_val: 0.7870
Run:01 Epoch: 0521 loss_train: 0.4014 loss_val: 0.7931
Run:01 Epoch: 0522 loss_train: 0.3957 loss_val: 0.7852
Run:01 Epoch: 0523 loss_train: 0.4017 loss_val: 0.7898
Run:01 Epoch: 0524 loss_train: 0.4022 loss_val: 0.7875
Run:01 Epoch: 0525 loss_train: 0.4052 loss_val: 0.7891
Run:01 Epoch: 0526 loss_train: 0.3946 loss_val: 0.7883
Run:01 Epoch: 0527 loss_train: 0.3978 loss_val: 0.7906
Run:01 Epoch: 0528 loss_train: 0.4015 loss_val: 0.7925
Run:01 Epoch: 0529 loss_train: 0.4006 loss_val: 0.7873
Run:01 Epoch: 0530 loss_train: 0.3957 loss_val: 0.7902
Run:01 Epoch: 0531 loss_train: 0.3995 loss_val: 0.7901
Run:01 Epoch: 0532 loss_train: 0.4031 loss_val: 0.7894
Run:01 Epoch: 0533 loss_train: 0.3979 loss_val: 0.7896
Run:01 Epoch: 0534 loss_train: 0.4043 loss_val: 0.7899
Run:01 Epoch: 0535 loss_train: 0.3975 loss_val: 0.7909
Run:01 Epoch: 0536 loss_train: 0.4014 loss_val: 0.7887
Run:01 Epoch: 0537 loss_train: 0.4019 loss_val: 0.7912
Run:01 Epoch: 0538 loss_train: 0.3991 loss_val: 0.7904
Run:01 Epoch: 0539 loss_train: 0.3993 loss_val: 0.7868
Run:01 Epoch: 0540 loss_train: 0.4012 loss_val: 0.7869
Run:01 Epoch: 0541 loss_train: 0.3993 loss_val: 0.7915
Run:01 Epoch: 0542 loss_train: 0.3987 loss_val: 0.7878
Run:01 Epoch: 0543 loss_train: 0.4007 loss_val: 0.7903
Run:01 Epoch: 0544 loss_train: 0.3980 loss_val: 0.7911
Run:01 Epoch: 0545 loss_train: 0.3974 loss_val: 0.7877
Run:01 Epoch: 0546 loss_train: 0.4002 loss_val: 0.7873
Run:01 Epoch: 0547 loss_train: 0.3998 loss_val: 0.7899
Run:01 Epoch: 0548 loss_train: 0.4010 loss_val: 0.7875
Run:01 Epoch: 0549 loss_train: 0.4003 loss_val: 0.7876
Run:01 Epoch: 0550 loss_train: 0.3996 loss_val: 0.7889
Run:01 Epoch: 0551 loss_train: 0.3994 loss_val: 0.7863
Run:01 Epoch: 0552 loss_train: 0.4031 loss_val: 0.7901
Run:01 Epoch: 0553 loss_train: 0.4058 loss_val: 0.7911
Run:01 Epoch: 0554 loss_train: 0.3972 loss_val: 0.7882
Run:01 Epoch: 0555 loss_train: 0.3976 loss_val: 0.7861
Run:01 Epoch: 0556 loss_train: 0.4038 loss_val: 0.7869
Run:01 Epoch: 0557 loss_train: 0.3979 loss_val: 0.7859
Run:01 Epoch: 0558 loss_train: 0.4014 loss_val: 0.7892
Run:01 Epoch: 0559 loss_train: 0.4002 loss_val: 0.7890
Run:01 Epoch: 0560 loss_train: 0.4010 loss_val: 0.7907
Run:01 Epoch: 0561 loss_train: 0.3988 loss_val: 0.7879
Run:01 Epoch: 0562 loss_train: 0.3995 loss_val: 0.7889
Run:01 Epoch: 0563 loss_train: 0.3963 loss_val: 0.7897
Run:01 Epoch: 0564 loss_train: 0.3960 loss_val: 0.7903
Run:01 Epoch: 0565 loss_train: 0.4004 loss_val: 0.7895
Run:01 Epoch: 0566 loss_train: 0.3994 loss_val: 0.7925
Run:01 Epoch: 0567 loss_train: 0.4043 loss_val: 0.7928
Run:01 Epoch: 0568 loss_train: 0.4022 loss_val: 0.7871
Run:01 Epoch: 0569 loss_train: 0.3953 loss_val: 0.7937
Run:01 Epoch: 0570 loss_train: 0.3962 loss_val: 0.7891
Run:01 Epoch: 0571 loss_train: 0.3995 loss_val: 0.7930
Run:01 Epoch: 0572 loss_train: 0.4028 loss_val: 0.7869
Run:01 Epoch: 0573 loss_train: 0.3947 loss_val: 0.7875
Run:01 Epoch: 0574 loss_train: 0.4020 loss_val: 0.7940
Run:01 Epoch: 0575 loss_train: 0.3963 loss_val: 0.7918
Run:01 Epoch: 0576 loss_train: 0.3983 loss_val: 0.7903
Run:01 Epoch: 0577 loss_train: 0.3998 loss_val: 0.7931
Run:01 Epoch: 0578 loss_train: 0.3990 loss_val: 0.7939
Run:01 Epoch: 0579 loss_train: 0.4007 loss_val: 0.7933
Run:01 Epoch: 0580 loss_train: 0.3996 loss_val: 0.7925
Run:01 Epoch: 0581 loss_train: 0.4004 loss_val: 0.7919
Run:01 Epoch: 0582 loss_train: 0.3977 loss_val: 0.7915
Run:01 Epoch: 0583 loss_train: 0.3962 loss_val: 0.7952
Run:01 Epoch: 0584 loss_train: 0.4002 loss_val: 0.7893
Run:01 Epoch: 0585 loss_train: 0.4032 loss_val: 0.7893
Run:01 Epoch: 0586 loss_train: 0.3976 loss_val: 0.7992
Run:01 Epoch: 0587 loss_train: 0.3934 loss_val: 0.7899
Run:01 Epoch: 0588 loss_train: 0.4039 loss_val: 0.7882
Run:01 Epoch: 0589 loss_train: 0.3935 loss_val: 0.7890
Run:01 Epoch: 0590 loss_train: 0.3977 loss_val: 0.7912
Run:01 Epoch: 0591 loss_train: 0.3964 loss_val: 0.7929
Run:01 Epoch: 0592 loss_train: 0.3968 loss_val: 0.7941
Run:01 Epoch: 0593 loss_train: 0.3962 loss_val: 0.7899
Run:01 Epoch: 0594 loss_train: 0.4019 loss_val: 0.7924
Run:01 Epoch: 0595 loss_train: 0.3991 loss_val: 0.7899
Run:01 Epoch: 0596 loss_train: 0.4003 loss_val: 0.7903
Run:01 Epoch: 0597 loss_train: 0.4020 loss_val: 0.7924
Run:01 Epoch: 0598 loss_train: 0.3971 loss_val: 0.7900
Run:01 Epoch: 0599 loss_train: 0.3990 loss_val: 0.7885
Run:01 Epoch: 0600 loss_train: 0.4001 loss_val: 0.7879
Run:01 Epoch: 0601 loss_train: 0.3968 loss_val: 0.7860
Run:01 Epoch: 0602 loss_train: 0.3962 loss_val: 0.7878
Run:01 Epoch: 0603 loss_train: 0.3944 loss_val: 0.7943
Run:01 Epoch: 0604 loss_train: 0.3933 loss_val: 0.7900
Run:01 Epoch: 0605 loss_train: 0.3969 loss_val: 0.7875
Run:01 Epoch: 0606 loss_train: 0.3997 loss_val: 0.7883
Run:01 Epoch: 0607 loss_train: 0.4025 loss_val: 0.7867
Run:01 Epoch: 0608 loss_train: 0.3961 loss_val: 0.7890
Run:01 Epoch: 0609 loss_train: 0.3946 loss_val: 0.7897
Run:01 Epoch: 0610 loss_train: 0.3937 loss_val: 0.7873
Run:01 Epoch: 0611 loss_train: 0.3969 loss_val: 0.7894
Run:01 Epoch: 0612 loss_train: 0.3977 loss_val: 0.7872
Run:01 Epoch: 0613 loss_train: 0.3990 loss_val: 0.7883
Run:01 Epoch: 0614 loss_train: 0.3942 loss_val: 0.7921
Run:01 Epoch: 0615 loss_train: 0.3927 loss_val: 0.7905
Run:01 Epoch: 0616 loss_train: 0.3963 loss_val: 0.7890
Run:01 Epoch: 0617 loss_train: 0.3942 loss_val: 0.7938
Run:01 Epoch: 0618 loss_train: 0.3938 loss_val: 0.7910
Run:01 Epoch: 0619 loss_train: 0.3979 loss_val: 0.7860
Run:01 Epoch: 0620 loss_train: 0.3969 loss_val: 0.7876
Run:01 Epoch: 0621 loss_train: 0.3938 loss_val: 0.7943
Run:01 Epoch: 0622 loss_train: 0.3977 loss_val: 0.7897
Run:01 Epoch: 0623 loss_train: 0.3945 loss_val: 0.7919
Run:01 Epoch: 0624 loss_train: 0.3920 loss_val: 0.7898
Run:01 Epoch: 0625 loss_train: 0.3977 loss_val: 0.7890
Run:01 Epoch: 0626 loss_train: 0.3934 loss_val: 0.7910
Run:01 Epoch: 0627 loss_train: 0.3953 loss_val: 0.7904
Run:01 Epoch: 0628 loss_train: 0.3930 loss_val: 0.7924
Run:01 Epoch: 0629 loss_train: 0.3935 loss_val: 0.7909
Run:01 Epoch: 0630 loss_train: 0.3973 loss_val: 0.7897
Run:01 Epoch: 0631 loss_train: 0.3937 loss_val: 0.7880
Run:01 Epoch: 0632 loss_train: 0.3973 loss_val: 0.7888
Run:01 Epoch: 0633 loss_train: 0.3933 loss_val: 0.7923
Run:01 Epoch: 0634 loss_train: 0.3983 loss_val: 0.7880
Run:01 Epoch: 0635 loss_train: 0.3916 loss_val: 0.7904
Run:01 Epoch: 0636 loss_train: 0.3940 loss_val: 0.7910
Run:01 Epoch: 0637 loss_train: 0.3920 loss_val: 0.7906
Run:01 Epoch: 0638 loss_train: 0.3912 loss_val: 0.7919
Run:01 Epoch: 0639 loss_train: 0.3965 loss_val: 0.7907
Run:01 Epoch: 0640 loss_train: 0.3940 loss_val: 0.7921
Run:01 Epoch: 0641 loss_train: 0.3902 loss_val: 0.7906
Run:01 Epoch: 0642 loss_train: 0.3888 loss_val: 0.7916
Run:01 Epoch: 0643 loss_train: 0.3941 loss_val: 0.7927
Run:01 Epoch: 0644 loss_train: 0.3882 loss_val: 0.7921
Run:01 Epoch: 0645 loss_train: 0.3901 loss_val: 0.7910
Run:01 Epoch: 0646 loss_train: 0.3917 loss_val: 0.7919
Run:01 Epoch: 0647 loss_train: 0.3903 loss_val: 0.7944
Run:01 Epoch: 0648 loss_train: 0.3887 loss_val: 0.7920
Run:01 Epoch: 0649 loss_train: 0.3972 loss_val: 0.7914
Run:01 Epoch: 0650 loss_train: 0.3912 loss_val: 0.7920
Run:01 Epoch: 0651 loss_train: 0.3977 loss_val: 0.7935
Run:01 Epoch: 0652 loss_train: 0.3950 loss_val: 0.7886
Run:01 Epoch: 0653 loss_train: 0.3968 loss_val: 0.7914
Run:01 Epoch: 0654 loss_train: 0.3908 loss_val: 0.7939
Run:01 Epoch: 0655 loss_train: 0.3942 loss_val: 0.7912
Run:01 Epoch: 0656 loss_train: 0.3903 loss_val: 0.7904
Run:01 Epoch: 0657 loss_train: 0.3969 loss_val: 0.7869
Run:01 Epoch: 0658 loss_train: 0.3914 loss_val: 0.7911
Run:01 Epoch: 0659 loss_train: 0.3918 loss_val: 0.7902
Run:01 Epoch: 0660 loss_train: 0.3894 loss_val: 0.7906
Run:01 Epoch: 0661 loss_train: 0.3892 loss_val: 0.7885
Run:01 Epoch: 0662 loss_train: 0.3916 loss_val: 0.7929
Run:01 Epoch: 0663 loss_train: 0.3901 loss_val: 0.7920
Run:01 Epoch: 0664 loss_train: 0.3891 loss_val: 0.7873
Run:01 Epoch: 0665 loss_train: 0.3905 loss_val: 0.7895
Run:01 Epoch: 0666 loss_train: 0.3908 loss_val: 0.7930
Run:01 Epoch: 0667 loss_train: 0.3917 loss_val: 0.7914
Run:01 Epoch: 0668 loss_train: 0.3904 loss_val: 0.7898
Run:01 Epoch: 0669 loss_train: 0.3910 loss_val: 0.7881
Run:01 Epoch: 0670 loss_train: 0.3925 loss_val: 0.7932
Run:01 Epoch: 0671 loss_train: 0.3918 loss_val: 0.7904
Run:01 Epoch: 0672 loss_train: 0.3922 loss_val: 0.7870
Run:01 Epoch: 0673 loss_train: 0.3978 loss_val: 0.7923
Run:01 Epoch: 0674 loss_train: 0.3918 loss_val: 0.7904
Run:01 Epoch: 0675 loss_train: 0.3935 loss_val: 0.7891
Run:01 Epoch: 0676 loss_train: 0.3907 loss_val: 0.7868
Run:01 Epoch: 0677 loss_train: 0.3916 loss_val: 0.7920
Run:01 Epoch: 0678 loss_train: 0.3957 loss_val: 0.7917
Run:01 Epoch: 0679 loss_train: 0.3943 loss_val: 0.7917
Run:01 Epoch: 0680 loss_train: 0.3947 loss_val: 0.7894
Run:01 Epoch: 0681 loss_train: 0.3937 loss_val: 0.7896
Run:01 Epoch: 0682 loss_train: 0.3914 loss_val: 0.7916
Run:01 Epoch: 0683 loss_train: 0.3939 loss_val: 0.7884
Run:01 Epoch: 0684 loss_train: 0.3919 loss_val: 0.7903
Run:01 Epoch: 0685 loss_train: 0.3894 loss_val: 0.7894
Run:01 Epoch: 0686 loss_train: 0.3933 loss_val: 0.7878
Run:01 Epoch: 0687 loss_train: 0.3884 loss_val: 0.7931
Run:01 Epoch: 0688 loss_train: 0.3867 loss_val: 0.7855
Run:01 Epoch: 0689 loss_train: 0.3889 loss_val: 0.7904
Run:01 Epoch: 0690 loss_train: 0.3946 loss_val: 0.7875
Run:01 Epoch: 0691 loss_train: 0.3897 loss_val: 0.7886
Run:01 Epoch: 0692 loss_train: 0.3926 loss_val: 0.7928
Run:01 Epoch: 0693 loss_train: 0.3896 loss_val: 0.7878
Run:01 Epoch: 0694 loss_train: 0.3887 loss_val: 0.7923
Run:01 Epoch: 0695 loss_train: 0.3921 loss_val: 0.7871
Run:01 Epoch: 0696 loss_train: 0.3922 loss_val: 0.7848
Run:01 Epoch: 0697 loss_train: 0.3894 loss_val: 0.7862
Run:01 Epoch: 0698 loss_train: 0.3907 loss_val: 0.7908
Run:01 Epoch: 0699 loss_train: 0.3901 loss_val: 0.7895
Run:01 Epoch: 0700 loss_train: 0.3901 loss_val: 0.7899
Run:01 Epoch: 0701 loss_train: 0.3858 loss_val: 0.7853
Run:01 Epoch: 0702 loss_train: 0.3922 loss_val: 0.7911
Run:01 Epoch: 0703 loss_train: 0.3874 loss_val: 0.7852
Run:01 Epoch: 0704 loss_train: 0.3942 loss_val: 0.7893
Run:01 Epoch: 0705 loss_train: 0.3911 loss_val: 0.7838
Run:01 Epoch: 0706 loss_train: 0.3899 loss_val: 0.7909
Run:01 Epoch: 0707 loss_train: 0.3946 loss_val: 0.7948
Run:01 Epoch: 0708 loss_train: 0.3919 loss_val: 0.7871
Run:01 Epoch: 0709 loss_train: 0.3932 loss_val: 0.7908
Run:01 Epoch: 0710 loss_train: 0.3897 loss_val: 0.7901
Run:01 Epoch: 0711 loss_train: 0.3897 loss_val: 0.7909
Run:01 Epoch: 0712 loss_train: 0.3952 loss_val: 0.7888
Run:01 Epoch: 0713 loss_train: 0.3903 loss_val: 0.7937
Run:01 Epoch: 0714 loss_train: 0.3900 loss_val: 0.7929
Run:01 Epoch: 0715 loss_train: 0.3906 loss_val: 0.7923
Run:01 Epoch: 0716 loss_train: 0.3948 loss_val: 0.7963
Run:01 Epoch: 0717 loss_train: 0.3879 loss_val: 0.7923
Run:01 Epoch: 0718 loss_train: 0.3915 loss_val: 0.7909
Run:01 Epoch: 0719 loss_train: 0.3885 loss_val: 0.7912
Run:01 Epoch: 0720 loss_train: 0.3906 loss_val: 0.7952
Run:01 Epoch: 0721 loss_train: 0.3928 loss_val: 0.7908
Run:01 Epoch: 0722 loss_train: 0.3914 loss_val: 0.7920
Run:01 Epoch: 0723 loss_train: 0.3940 loss_val: 0.7916
Run:01 Epoch: 0724 loss_train: 0.3917 loss_val: 0.7879
Run:01 Epoch: 0725 loss_train: 0.3892 loss_val: 0.7923
Run:01 Epoch: 0726 loss_train: 0.3922 loss_val: 0.7904
Run:01 Epoch: 0727 loss_train: 0.3928 loss_val: 0.7914
Run:01 Epoch: 0728 loss_train: 0.3940 loss_val: 0.7887
Run:01 Epoch: 0729 loss_train: 0.3893 loss_val: 0.7893
Run:01 Epoch: 0730 loss_train: 0.3939 loss_val: 0.7893
Run:01 Epoch: 0731 loss_train: 0.3952 loss_val: 0.7875
Run:01 Epoch: 0732 loss_train: 0.3881 loss_val: 0.7910
Run:01 Epoch: 0733 loss_train: 0.3924 loss_val: 0.7874
Run:01 Epoch: 0734 loss_train: 0.3931 loss_val: 0.7939
Run:01 Epoch: 0735 loss_train: 0.3888 loss_val: 0.7933
Run:01 Epoch: 0736 loss_train: 0.3949 loss_val: 0.7910
Run:01 Epoch: 0737 loss_train: 0.3905 loss_val: 0.7875
Run:01 Epoch: 0738 loss_train: 0.3933 loss_val: 0.7899
Run:01 Epoch: 0739 loss_train: 0.3927 loss_val: 0.7921
Run:01 Epoch: 0740 loss_train: 0.3896 loss_val: 0.7926
Run:01 Epoch: 0741 loss_train: 0.3876 loss_val: 0.7955
Run:01 Epoch: 0742 loss_train: 0.3888 loss_val: 0.7932
Run:01 Epoch: 0743 loss_train: 0.3948 loss_val: 0.7883
Run:01 Epoch: 0744 loss_train: 0.3931 loss_val: 0.7905
Run:01 Epoch: 0745 loss_train: 0.3936 loss_val: 0.7893
Run:01 Epoch: 0746 loss_train: 0.3895 loss_val: 0.7933
Run:01 Epoch: 0747 loss_train: 0.3938 loss_val: 0.7938
Run:01 Epoch: 0748 loss_train: 0.3931 loss_val: 0.7910
Run:01 Epoch: 0749 loss_train: 0.3889 loss_val: 0.7866
Run:01 Epoch: 0750 loss_train: 0.3933 loss_val: 0.7934
Run:01 Epoch: 0751 loss_train: 0.3917 loss_val: 0.7910
Run:01 Epoch: 0752 loss_train: 0.3882 loss_val: 0.7905
Run:01 Epoch: 0753 loss_train: 0.3887 loss_val: 0.7952
Run:01 Epoch: 0754 loss_train: 0.3902 loss_val: 0.7914
Run:01 Epoch: 0755 loss_train: 0.3964 loss_val: 0.7967
Run:01 Epoch: 0756 loss_train: 0.3891 loss_val: 0.7918
Run:01 Epoch: 0757 loss_train: 0.3934 loss_val: 0.7932
Run:01 Epoch: 0758 loss_train: 0.3869 loss_val: 0.7920
Run:01 Epoch: 0759 loss_train: 0.3916 loss_val: 0.7925
Run:01 Epoch: 0760 loss_train: 0.3899 loss_val: 0.7925
Run:01 Epoch: 0761 loss_train: 0.3927 loss_val: 0.7909
Run:01 Epoch: 0762 loss_train: 0.3887 loss_val: 0.7898
Run:01 Epoch: 0763 loss_train: 0.3866 loss_val: 0.7924
Run:01 Epoch: 0764 loss_train: 0.3937 loss_val: 0.7861
Run:01 Epoch: 0765 loss_train: 0.3905 loss_val: 0.7884
Run:01 Epoch: 0766 loss_train: 0.3891 loss_val: 0.7914
Run:01 Epoch: 0767 loss_train: 0.3915 loss_val: 0.7909
Run:01 Epoch: 0768 loss_train: 0.3894 loss_val: 0.7919
Run:01 Epoch: 0769 loss_train: 0.3882 loss_val: 0.7926
Run:01 Epoch: 0770 loss_train: 0.3968 loss_val: 0.7921
Run:01 Epoch: 0771 loss_train: 0.3938 loss_val: 0.7885
Run:01 Epoch: 0772 loss_train: 0.3924 loss_val: 0.7875
Run:01 Epoch: 0773 loss_train: 0.3896 loss_val: 0.7895
Run:01 Epoch: 0774 loss_train: 0.3899 loss_val: 0.7917
Run:01 Epoch: 0775 loss_train: 0.3911 loss_val: 0.7869
Run:01 Epoch: 0776 loss_train: 0.3887 loss_val: 0.7869
Run:01 Epoch: 0777 loss_train: 0.3888 loss_val: 0.7863
Run:01 Epoch: 0778 loss_train: 0.3923 loss_val: 0.7920
Run:01 Epoch: 0779 loss_train: 0.3921 loss_val: 0.7908
Run:01 Epoch: 0780 loss_train: 0.3862 loss_val: 0.7888
Run:01 Epoch: 0781 loss_train: 0.3860 loss_val: 0.7929
Run:01 Epoch: 0782 loss_train: 0.3879 loss_val: 0.7951
Run:01 Epoch: 0783 loss_train: 0.3929 loss_val: 0.7926
Run:01 Epoch: 0784 loss_train: 0.3831 loss_val: 0.7909
Run:01 Epoch: 0785 loss_train: 0.3880 loss_val: 0.7937
Run:01 Epoch: 0786 loss_train: 0.3865 loss_val: 0.7911
Run:01 Epoch: 0787 loss_train: 0.3837 loss_val: 0.7897
Run:01 Epoch: 0788 loss_train: 0.3846 loss_val: 0.7889
Run:01 Epoch: 0789 loss_train: 0.3894 loss_val: 0.7917
Run:01 Epoch: 0790 loss_train: 0.3894 loss_val: 0.7909
Run:01 Epoch: 0791 loss_train: 0.3821 loss_val: 0.7888
Run:01 Epoch: 0792 loss_train: 0.3892 loss_val: 0.7890
Run:01 Epoch: 0793 loss_train: 0.3888 loss_val: 0.7917
Run:01 Epoch: 0794 loss_train: 0.3892 loss_val: 0.7896
Run:01 Epoch: 0795 loss_train: 0.3855 loss_val: 0.7917
Run:01 Epoch: 0796 loss_train: 0.3820 loss_val: 0.7904
Run:01 Epoch: 0797 loss_train: 0.3828 loss_val: 0.7941
Run:01 Epoch: 0798 loss_train: 0.3885 loss_val: 0.7966
Run:01 Epoch: 0799 loss_train: 0.3873 loss_val: 0.7916
Run:01 Epoch: 0800 loss_train: 0.3908 loss_val: 0.7934
Run:01 Epoch: 0801 loss_train: 0.3857 loss_val: 0.7930
Run:01 Epoch: 0802 loss_train: 0.3890 loss_val: 0.7944
Run:01 Epoch: 0803 loss_train: 0.3842 loss_val: 0.7929
Run:01 Epoch: 0804 loss_train: 0.3839 loss_val: 0.7921
Run:01 Epoch: 0805 loss_train: 0.3882 loss_val: 0.7939
Run:01 Epoch: 0806 loss_train: 0.3868 loss_val: 0.7947
Run:01 Epoch: 0807 loss_train: 0.3872 loss_val: 0.7919
Run:01 Epoch: 0808 loss_train: 0.3770 loss_val: 0.7901
Run:01 Epoch: 0809 loss_train: 0.3873 loss_val: 0.7883
Run:01 Epoch: 0810 loss_train: 0.3861 loss_val: 0.7944
Run:01 Epoch: 0811 loss_train: 0.3860 loss_val: 0.7917
Run:01 Epoch: 0812 loss_train: 0.3839 loss_val: 0.7922
Run:01 Epoch: 0813 loss_train: 0.3826 loss_val: 0.7853
Run:01 Epoch: 0814 loss_train: 0.3858 loss_val: 0.7873
Run:01 Epoch: 0815 loss_train: 0.3848 loss_val: 0.7873
Run:01 Epoch: 0816 loss_train: 0.3887 loss_val: 0.7941
Run:01 Epoch: 0817 loss_train: 0.3857 loss_val: 0.7934
Run:01 Epoch: 0818 loss_train: 0.3839 loss_val: 0.7914
Run:01 Epoch: 0819 loss_train: 0.3813 loss_val: 0.7886
Run:01 Epoch: 0820 loss_train: 0.3835 loss_val: 0.7931
Run:01 Epoch: 0821 loss_train: 0.3837 loss_val: 0.7920
Run:01 Epoch: 0822 loss_train: 0.3856 loss_val: 0.7939
Run:01 Epoch: 0823 loss_train: 0.3836 loss_val: 0.7910
Run:01 Epoch: 0824 loss_train: 0.3828 loss_val: 0.7921
Run:01 Epoch: 0825 loss_train: 0.3848 loss_val: 0.7914
Run:01 Epoch: 0826 loss_train: 0.3856 loss_val: 0.7924
Run:01 Epoch: 0827 loss_train: 0.3839 loss_val: 0.7948
Run:01 Epoch: 0828 loss_train: 0.3888 loss_val: 0.7941
Run:01 Epoch: 0829 loss_train: 0.3813 loss_val: 0.7931
Run:01 Epoch: 0830 loss_train: 0.3843 loss_val: 0.7917
Run:01 Epoch: 0831 loss_train: 0.3844 loss_val: 0.7838
Run:01 Epoch: 0832 loss_train: 0.3846 loss_val: 0.7876
Run:01 Epoch: 0833 loss_train: 0.3843 loss_val: 0.7898
Run:01 Epoch: 0834 loss_train: 0.3911 loss_val: 0.7914
Run:01 Epoch: 0835 loss_train: 0.3853 loss_val: 0.7920
Run:01 Epoch: 0836 loss_train: 0.3829 loss_val: 0.7880
Run:01 Epoch: 0837 loss_train: 0.3854 loss_val: 0.7887
Run:01 Epoch: 0838 loss_train: 0.3833 loss_val: 0.7937
Run:01 Epoch: 0839 loss_train: 0.3823 loss_val: 0.7860
Run:01 Epoch: 0840 loss_train: 0.3860 loss_val: 0.7884
Run:01 Epoch: 0841 loss_train: 0.3857 loss_val: 0.7877
Run:01 Epoch: 0842 loss_train: 0.3882 loss_val: 0.7861
Run:01 Epoch: 0843 loss_train: 0.3835 loss_val: 0.7918
Run:01 Epoch: 0844 loss_train: 0.3848 loss_val: 0.7908
Run:01 Epoch: 0845 loss_train: 0.3870 loss_val: 0.7880
Run:01 Epoch: 0846 loss_train: 0.3778 loss_val: 0.7881
Run:01 Epoch: 0847 loss_train: 0.3881 loss_val: 0.7896
Run:01 Epoch: 0848 loss_train: 0.3819 loss_val: 0.7903
Run:01 Epoch: 0849 loss_train: 0.3844 loss_val: 0.7903
Run:01 Epoch: 0850 loss_train: 0.3819 loss_val: 0.7916
Run:01 Epoch: 0851 loss_train: 0.3873 loss_val: 0.7926
Run:01 Epoch: 0852 loss_train: 0.3852 loss_val: 0.7900
Run:01 Epoch: 0853 loss_train: 0.3841 loss_val: 0.7954
Run:01 Epoch: 0854 loss_train: 0.3823 loss_val: 0.7896
Run:01 Epoch: 0855 loss_train: 0.3904 loss_val: 0.7936
Run:01 Epoch: 0856 loss_train: 0.3813 loss_val: 0.7956
Run:01 Epoch: 0857 loss_train: 0.3865 loss_val: 0.7896
Run:01 Epoch: 0858 loss_train: 0.3844 loss_val: 0.7893
Run:01 Epoch: 0859 loss_train: 0.3847 loss_val: 0.7883
Run:01 Epoch: 0860 loss_train: 0.3872 loss_val: 0.7898
Run:01 Epoch: 0861 loss_train: 0.3854 loss_val: 0.7881
Run:01 Epoch: 0862 loss_train: 0.3840 loss_val: 0.7910
Run:01 Epoch: 0863 loss_train: 0.3814 loss_val: 0.7918
Run:01 Epoch: 0864 loss_train: 0.3798 loss_val: 0.7919
Run:01 Epoch: 0865 loss_train: 0.3868 loss_val: 0.7902
Run:01 Epoch: 0866 loss_train: 0.3837 loss_val: 0.7885
Run:01 Epoch: 0867 loss_train: 0.3858 loss_val: 0.7946
Run:01 Epoch: 0868 loss_train: 0.3885 loss_val: 0.7916
Run:01 Epoch: 0869 loss_train: 0.3868 loss_val: 0.7906
Run:01 Epoch: 0870 loss_train: 0.3875 loss_val: 0.7917
Run:01 Epoch: 0871 loss_train: 0.3829 loss_val: 0.7927
Run:01 Epoch: 0872 loss_train: 0.3857 loss_val: 0.7889
Run:01 Epoch: 0873 loss_train: 0.3916 loss_val: 0.7929
Run:01 Epoch: 0874 loss_train: 0.3856 loss_val: 0.7918
Run:01 Epoch: 0875 loss_train: 0.3819 loss_val: 0.7922
Run:01 Epoch: 0876 loss_train: 0.3882 loss_val: 0.7920
Run:01 Epoch: 0877 loss_train: 0.3863 loss_val: 0.7884
Run:01 Epoch: 0878 loss_train: 0.3883 loss_val: 0.7913
Run:01 Epoch: 0879 loss_train: 0.3886 loss_val: 0.7934
Run:01 Epoch: 0880 loss_train: 0.3874 loss_val: 0.7892
Run:01 Epoch: 0881 loss_train: 0.3823 loss_val: 0.7889
Run:01 Epoch: 0882 loss_train: 0.3843 loss_val: 0.7890
Run:01 Epoch: 0883 loss_train: 0.3847 loss_val: 0.7924
Run:01 Epoch: 0884 loss_train: 0.3875 loss_val: 0.7902
Run:01 Epoch: 0885 loss_train: 0.3871 loss_val: 0.7904
Run:01 Epoch: 0886 loss_train: 0.3869 loss_val: 0.7882
Run:01 Epoch: 0887 loss_train: 0.3831 loss_val: 0.7916
Run:01 Epoch: 0888 loss_train: 0.3836 loss_val: 0.7888
Run:01 Epoch: 0889 loss_train: 0.3806 loss_val: 0.7887
Run:01 Epoch: 0890 loss_train: 0.3851 loss_val: 0.7889
Run:01 Epoch: 0891 loss_train: 0.3847 loss_val: 0.7880
Run:01 Epoch: 0892 loss_train: 0.3861 loss_val: 0.7867
Run:01 Epoch: 0893 Run Train: 100%|██████████| 1/1 [4:03:05<00:00, 14585.18s/it]Run Train: 100%|██████████| 1/1 [4:03:05<00:00, 14585.18s/it]
loss_train: 0.3905 loss_val: 0.7918
Run:01 Epoch: 0894 loss_train: 0.3840 loss_val: 0.7931
Run:01 Epoch: 0895 loss_train: 0.3837 loss_val: 0.7874
Run:01 Epoch: 0896 loss_train: 0.3836 loss_val: 0.7929
Run:01 Epoch: 0897 loss_train: 0.3874 loss_val: 0.7915
Run:01 Epoch: 0898 loss_train: 0.3877 loss_val: 0.7875
Run:01 Epoch: 0899 loss_train: 0.3836 loss_val: 0.7927
Run:01 Epoch: 0900 loss_train: 0.3850 loss_val: 0.7901
Run:01 Epoch: 0901 loss_train: 0.3862 loss_val: 0.7892
Run:01 Epoch: 0902 loss_train: 0.3826 loss_val: 0.7891
Run:01 Epoch: 0903 loss_train: 0.3842 loss_val: 0.7947
Run:01 Epoch: 0904 loss_train: 0.3877 loss_val: 0.7878
Run:01 Epoch: 0905 loss_train: 0.3862 loss_val: 0.7914
Run:01 Epoch: 0906 loss_train: 0.3877 loss_val: 0.7909
Run:01 Epoch: 0907 loss_train: 0.3842 loss_val: 0.7909
Run:01 Epoch: 0908 loss_train: 0.3888 loss_val: 0.7904
Run:01 Epoch: 0909 loss_train: 0.3845 loss_val: 0.7914
Run:01 Epoch: 0910 loss_train: 0.3839 loss_val: 0.7924
Run:01 Epoch: 0911 loss_train: 0.3827 loss_val: 0.7920
Run:01 Epoch: 0912 loss_train: 0.3835 loss_val: 0.7917
Run:01 Epoch: 0913 loss_train: 0.3895 loss_val: 0.7956
Run:01 Epoch: 0914 loss_train: 0.3838 loss_val: 0.7922
Run:01 Epoch: 0915 loss_train: 0.3863 loss_val: 0.7904
Run:01 Epoch: 0916 loss_train: 0.3834 loss_val: 0.7900
Run:01 Epoch: 0917 loss_train: 0.3853 loss_val: 0.7954
Run:01 Epoch: 0918 loss_train: 0.3858 loss_val: 0.7901
Run:01 Epoch: 0919 loss_train: 0.3792 loss_val: 0.7936
Run:01 Epoch: 0920 loss_train: 0.3856 loss_val: 0.7930
Run:01 Epoch: 0921 loss_train: 0.3838 loss_val: 0.7936
Run:01 Epoch: 0922 loss_train: 0.3877 loss_val: 0.7924
Run:01 Epoch: 0923 loss_train: 0.3822 loss_val: 0.7908
Run:01 Epoch: 0924 loss_train: 0.3812 loss_val: 0.7944
Run:01 Epoch: 0925 loss_train: 0.3852 loss_val: 0.7926
Run:01 Epoch: 0926 loss_train: 0.3828 loss_val: 0.7894
Run:01 Epoch: 0927 loss_train: 0.3859 loss_val: 0.7884
Run:01 Epoch: 0928 loss_train: 0.3807 loss_val: 0.7900
Run:01 Epoch: 0929 loss_train: 0.3806 loss_val: 0.7884
Run:01 Epoch: 0930 loss_train: 0.3818 loss_val: 0.7943
Run:01 Epoch: 0931 loss_train: 0.3846 loss_val: 0.7896
Run:01 Epoch: 0932 loss_train: 0.3848 loss_val: 0.7943
Run:01 Epoch: 0933 loss_train: 0.3809 loss_val: 0.7887
Run:01 Epoch: 0934 loss_train: 0.3789 loss_val: 0.7876
Run:01 Epoch: 0935 loss_train: 0.3786 loss_val: 0.7956
Run:01 Epoch: 0936 loss_train: 0.3791 loss_val: 0.7915
Run:01 Epoch: 0937 loss_train: 0.3852 loss_val: 0.7900
Run:01 Epoch: 0938 loss_train: 0.3867 loss_val: 0.7931
Run:01 Epoch: 0939 loss_train: 0.3809 loss_val: 0.7921
Run:01 Epoch: 0940 loss_train: 0.3794 loss_val: 0.7888
Run:01 Epoch: 0941 loss_train: 0.3788 loss_val: 0.7891
Run:01 Epoch: 0942 loss_train: 0.3816 loss_val: 0.7889
Run:01 Epoch: 0943 loss_train: 0.3795 loss_val: 0.7887
Run:01 Epoch: 0944 loss_train: 0.3794 loss_val: 0.7862
Run:01 Epoch: 0945 loss_train: 0.3779 loss_val: 0.7885
Run:01 Epoch: 0946 loss_train: 0.3770 loss_val: 0.7906
Run:01 Epoch: 0947 loss_train: 0.3842 loss_val: 0.7888
Run:01 Epoch: 0948 loss_train: 0.3819 loss_val: 0.7907
Run:01 Epoch: 0949 loss_train: 0.3838 loss_val: 0.7906
Run:01 Epoch: 0950 loss_train: 0.3834 loss_val: 0.7901
Run:01 Epoch: 0951 loss_train: 0.3791 loss_val: 0.7975
Run:01 Epoch: 0952 loss_train: 0.3834 loss_val: 0.7933
Run:01 Epoch: 0953 loss_train: 0.3767 loss_val: 0.7913
Run:01 Epoch: 0954 loss_train: 0.3737 loss_val: 0.7894
Run:01 Epoch: 0955 loss_train: 0.3806 loss_val: 0.7920
Run:01 Epoch: 0956 loss_train: 0.3801 loss_val: 0.7874
Run:01 Epoch: 0957 loss_train: 0.3778 loss_val: 0.7894
Run:01 Epoch: 0958 loss_train: 0.3766 loss_val: 0.7902
Run:01 Epoch: 0959 loss_train: 0.3788 loss_val: 0.7881
Run:01 Epoch: 0960 loss_train: 0.3818 loss_val: 0.7845
Run:01 Epoch: 0961 loss_train: 0.3758 loss_val: 0.7875
Run:01 Epoch: 0962 loss_train: 0.3841 loss_val: 0.7925
Run:01 Epoch: 0963 loss_train: 0.3839 loss_val: 0.7926
Run:01 Epoch: 0964 loss_train: 0.3775 loss_val: 0.7886
Run:01 Epoch: 0965 loss_train: 0.3812 loss_val: 0.7897
Run:01 Epoch: 0966 loss_train: 0.3798 loss_val: 0.7925
Run:01 Epoch: 0967 loss_train: 0.3799 loss_val: 0.7960
Run:01 Epoch: 0968 loss_train: 0.3828 loss_val: 0.7917
Run:01 Epoch: 0969 loss_train: 0.3835 loss_val: 0.7935
Run:01 Epoch: 0970 loss_train: 0.3800 loss_val: 0.7873
Run:01 Epoch: 0971 loss_train: 0.3820 loss_val: 0.7882
Run:01 Epoch: 0972 loss_train: 0.3795 loss_val: 0.7925
Run:01 Epoch: 0973 loss_train: 0.3836 loss_val: 0.7890
Run:01 Epoch: 0974 loss_train: 0.3794 loss_val: 0.7872
Run:01 Epoch: 0975 loss_train: 0.3813 loss_val: 0.7919
Run:01 Epoch: 0976 loss_train: 0.3859 loss_val: 0.7925
Run:01 Epoch: 0977 loss_train: 0.3830 loss_val: 0.7903
Run:01 Epoch: 0978 loss_train: 0.3852 loss_val: 0.7913
Run:01 Epoch: 0979 loss_train: 0.3791 loss_val: 0.7847
Run:01 Epoch: 0980 loss_train: 0.3799 loss_val: 0.7902
Run:01 Epoch: 0981 loss_train: 0.3808 loss_val: 0.7930
Run:01 Epoch: 0982 loss_train: 0.3825 loss_val: 0.7945
Run:01 Epoch: 0983 loss_train: 0.3780 loss_val: 0.7883
Run:01 Epoch: 0984 loss_train: 0.3809 loss_val: 0.7896
Run:01 Epoch: 0985 loss_train: 0.3772 loss_val: 0.7883
Run:01 Epoch: 0986 loss_train: 0.3807 loss_val: 0.7894
Run:01 Epoch: 0987 loss_train: 0.3852 loss_val: 0.7904
Run:01 Epoch: 0988 loss_train: 0.3785 loss_val: 0.7933
Run:01 Epoch: 0989 loss_train: 0.3806 loss_val: 0.7889
Run:01 Epoch: 0990 loss_train: 0.3823 loss_val: 0.7911
Run:01 Epoch: 0991 loss_train: 0.3752 loss_val: 0.7888
Run:01 Epoch: 0992 loss_train: 0.3836 loss_val: 0.7901
Run:01 Epoch: 0993 loss_train: 0.3844 loss_val: 0.7883
Run:01 Epoch: 0994 loss_train: 0.3868 loss_val: 0.7895
Run:01 Epoch: 0995 loss_train: 0.3840 loss_val: 0.7908
Run:01 Epoch: 0996 loss_train: 0.3823 loss_val: 0.7887
Run:01 Epoch: 0997 loss_train: 0.3827 loss_val: 0.7924
Run:01 Epoch: 0998 loss_train: 0.3842 loss_val: 0.7890
Run:01 Epoch: 0999 loss_train: 0.3825 loss_val: 0.7879
Run:01 Epoch: 1000 loss_train: 0.3785 loss_val: 0.7890
test acc: 0.7077294685990339 test acc std 0.0


test micro f1: 0.7077294685990339 test macro f1 0.6410389755549712
