args
 Namespace(samples=4, concat=10, runs=3, latent_size=10, dataset='cocitationciteseer', seed=42, epochs=1500, lr=0.01, weight_decay=0.0005, hidden=64, dropout=0.5, batch_size=128, tem=0.5, lam=1.0, pretrain_epochs=8, pretrain_lr=0.05, conditional=True, update_epochs=20, num_models=100, warmup=200, cuda=False)
This is cocitation_citeseer dataset:
  ->  num_classes
  ->  num_vertices
  ->  num_edges
  ->  dim_features
  ->  features
  ->  edge_list
  ->  labels
  ->  train_mask
  ->  val_mask
  ->  test_mask
Please try `data['name']` to get the specified data.
Run Train:   0%|          | 0/3 [00:00<?, ?it/s]/users/Min/miniconda/envs/hy/lib/python3.9/site-packages/torch/nn/functional.py:1967: UserWarning: nn.functional.sigmoid is deprecated. Use torch.sigmoid instead.
  warnings.warn("nn.functional.sigmoid is deprecated. Use torch.sigmoid instead.")
Run:01 Epoch: 0001 loss_train: 1.7801 loss_val: 1.8630
Run:01 Epoch: 0002 loss_train: 1.8906 loss_val: 1.8776
Run:01 Epoch: 0003 loss_train: 1.8629 loss_val: 1.7658
Run:01 Epoch: 0004 loss_train: 1.7608 loss_val: 1.7646
Run:01 Epoch: 0005 loss_train: 1.7681 loss_val: 1.7415
Run:01 Epoch: 0006 loss_train: 1.7500 loss_val: 1.7344
Run:01 Epoch: 0007 loss_train: 1.7436 loss_val: 1.7289
Run:01 Epoch: 0008 loss_train: 1.7378 loss_val: 1.7283
Run:01 Epoch: 0009 loss_train: 1.7419 loss_val: 1.7152
Run:01 Epoch: 0010 loss_train: 1.7231 loss_val: 1.7101
Run:01 Epoch: 0011 loss_train: 1.7091 loss_val: 1.6998
Run:01 Epoch: 0012 loss_train: 1.6985 loss_val: 1.6864
Run:01 Epoch: 0013 loss_train: 1.6900 loss_val: 1.6845
Run:01 Epoch: 0014 loss_train: 1.6865 loss_val: 1.6767
Run:01 Epoch: 0015 loss_train: 1.6770 loss_val: 1.6609
Run:01 Epoch: 0016 loss_train: 1.6631 loss_val: 1.6472
Run:01 Epoch: 0017 loss_train: 1.6504 loss_val: 1.6385
Run:01 Epoch: 0018 loss_train: 1.6366 loss_val: 1.6323
Run:01 Epoch: 0019 loss_train: 1.6257 loss_val: 1.6275
Run:01 Epoch: 0020 loss_train: 1.6148 loss_val: 1.6134
Run:01 Epoch: 0021 loss_train: 1.6018 loss_val: 1.5997
Run:01 Epoch: 0022 loss_train: 1.5858 loss_val: 1.5976
Run:01 Epoch: 0023 loss_train: 1.5729 loss_val: 1.5829
Run:01 Epoch: 0024 loss_train: 1.5646 loss_val: 1.5707
Run:01 Epoch: 0025 loss_train: 1.5499 loss_val: 1.5530
Run:01 Epoch: 0026 loss_train: 1.5375 loss_val: 1.5431
Run:01 Epoch: 0027 loss_train: 1.5428 loss_val: 1.5763
Run:01 Epoch: 0028 loss_train: 1.5568 loss_val: 1.5784
Run:01 Epoch: 0029 loss_train: 1.5442 loss_val: 1.5327
Run:01 Epoch: 0030 loss_train: 1.5067 loss_val: 1.5036
Run:01 Epoch: 0031 loss_train: 1.4813 loss_val: 1.5071
Run:01 Epoch: 0032 loss_train: 1.4890 loss_val: 1.4873
Run:01 Epoch: 0033 loss_train: 1.4634 loss_val: 1.4987
Run:01 Epoch: 0034 loss_train: 1.4702 loss_val: 1.4992
Run:01 Epoch: 0035 loss_train: 1.4645 loss_val: 1.4857
Run:01 Epoch: 0036 loss_train: 1.4498 loss_val: 1.4705
Run:01 Epoch: 0037 loss_train: 1.4350 loss_val: 1.4575
Run:01 Epoch: 0038 loss_train: 1.4210 loss_val: 1.4592
Run:01 Epoch: 0039 loss_train: 1.4152 loss_val: 1.4474
Run:01 Epoch: 0040 loss_train: 1.3986 loss_val: 1.4313
Run:01 Epoch: 0041 loss_train: 1.3906 loss_val: 1.4214
Run:01 Epoch: 0042 loss_train: 1.3796 loss_val: 1.4156
Run:01 Epoch: 0043 loss_train: 1.3726 loss_val: 1.4107
Run:01 Epoch: 0044 loss_train: 1.3658 loss_val: 1.4098
Run:01 Epoch: 0045 loss_train: 1.3536 loss_val: 1.4044
Run:01 Epoch: 0046 loss_train: 1.3400 loss_val: 1.3965
Run:01 Epoch: 0047 loss_train: 1.3377 loss_val: 1.3836
Run:01 Epoch: 0048 loss_train: 1.3272 loss_val: 1.3734
Run:01 Epoch: 0049 loss_train: 1.3277 loss_val: 1.3581
Run:01 Epoch: 0050 loss_train: 1.3099 loss_val: 1.3518
Run:01 Epoch: 0051 loss_train: 1.3068 loss_val: 1.3503
Run:01 Epoch: 0052 loss_train: 1.3042 loss_val: 1.3537
Run:01 Epoch: 0053 loss_train: 1.2905 loss_val: 1.3607
Run:01 Epoch: 0054 loss_train: 1.2809 loss_val: 1.3578
Run:01 Epoch: 0055 loss_train: 1.2871 loss_val: 1.3407
Run:01 Epoch: 0056 loss_train: 1.2693 loss_val: 1.3256
Run:01 Epoch: 0057 loss_train: 1.2554 loss_val: 1.3199
Run:01 Epoch: 0058 loss_train: 1.2581 loss_val: 1.3188
Run:01 Epoch: 0059 loss_train: 1.2493 loss_val: 1.3243
Run:01 Epoch: 0060 loss_train: 1.2407 loss_val: 1.3256
Run:01 Epoch: 0061 loss_train: 1.2397 loss_val: 1.3224
Run:01 Epoch: 0062 loss_train: 1.2269 loss_val: 1.3137
Run:01 Epoch: 0063 loss_train: 1.2120 loss_val: 1.3096
Run:01 Epoch: 0064 loss_train: 1.2260 loss_val: 1.2987
Run:01 Epoch: 0065 loss_train: 1.2303 loss_val: 1.3238
Run:01 Epoch: 0066 loss_train: 1.2219 loss_val: 1.3296
Run:01 Epoch: 0067 loss_train: 1.2119 loss_val: 1.3174
Run:01 Epoch: 0068 loss_train: 1.2010 loss_val: 1.3266
Run:01 Epoch: 0069 loss_train: 1.2074 loss_val: 1.3170
Run:01 Epoch: 0070 loss_train: 1.2112 loss_val: 1.3111
Run:01 Epoch: 0071 loss_train: 1.1768 loss_val: 1.3224
Run:01 Epoch: 0072 loss_train: 1.2008 loss_val: 1.2968
Run:01 Epoch: 0073 loss_train: 1.1840 loss_val: 1.2737
Run:01 Epoch: 0074 loss_train: 1.1670 loss_val: 1.2713
Run:01 Epoch: 0075 loss_train: 1.1681 loss_val: 1.2758
Run:01 Epoch: 0076 loss_train: 1.1657 loss_val: 1.2812
Run:01 Epoch: 0077 loss_train: 1.1531 loss_val: 1.2930
Run:01 Epoch: 0078 loss_train: 1.1477 loss_val: 1.2950
Run:01 Epoch: 0079 loss_train: 1.1487 loss_val: 1.2800
Run:01 Epoch: 0080 loss_train: 1.1380 loss_val: 1.2585
Run:01 Epoch: 0081 loss_train: 1.1262 loss_val: 1.2429
Run:01 Epoch: 0082 loss_train: 1.1259 loss_val: 1.2390
Run:01 Epoch: 0083 loss_train: 1.1267 loss_val: 1.2454
Run:01 Epoch: 0084 loss_train: 1.1221 loss_val: 1.2519
Run:01 Epoch: 0085 loss_train: 1.1185 loss_val: 1.2547
Run:01 Epoch: 0086 loss_train: 1.1209 loss_val: 1.2640
Run:01 Epoch: 0087 loss_train: 1.1100 loss_val: 1.2722
Run:01 Epoch: 0088 loss_train: 1.1094 loss_val: 1.2693
Run:01 Epoch: 0089 loss_train: 1.0947 loss_val: 1.2524
Run:01 Epoch: 0090 loss_train: 1.0953 loss_val: 1.2431
Run:01 Epoch: 0091 loss_train: 1.0822 loss_val: 1.2437
Run:01 Epoch: 0092 loss_train: 1.0904 loss_val: 1.2415
Run:01 Epoch: 0093 loss_train: 1.0800 loss_val: 1.2367
Run:01 Epoch: 0094 loss_train: 1.0749 loss_val: 1.2331
Run:01 Epoch: 0095 loss_train: 1.0696 loss_val: 1.2333
Run:01 Epoch: 0096 loss_train: 1.0678 loss_val: 1.2354
Run:01 Epoch: 0097 loss_train: 1.0616 loss_val: 1.2433
Run:01 Epoch: 0098 loss_train: 1.0675 loss_val: 1.2400
Run:01 Epoch: 0099 loss_train: 1.0578 loss_val: 1.2369
Run:01 Epoch: 0100 loss_train: 1.0492 loss_val: 1.2377
Run:01 Epoch: 0101 loss_train: 1.0527 loss_val: 1.2338
Run:01 Epoch: 0102 loss_train: 1.0503 loss_val: 1.2249
Run:01 Epoch: 0103 loss_train: 1.0426 loss_val: 1.2193
Run:01 Epoch: 0104 loss_train: 1.0306 loss_val: 1.2161
Run:01 Epoch: 0105 loss_train: 1.0378 loss_val: 1.2081
Run:01 Epoch: 0106 loss_train: 1.0336 loss_val: 1.2178
Run:01 Epoch: 0107 loss_train: 1.0262 loss_val: 1.2347
Run:01 Epoch: 0108 loss_train: 1.0459 loss_val: 1.2285
Run:01 Epoch: 0109 loss_train: 1.0330 loss_val: 1.2175
Run:01 Epoch: 0110 loss_train: 1.0259 loss_val: 1.2142
Run:01 Epoch: 0111 loss_train: 1.0240 loss_val: 1.2173
Run:01 Epoch: 0112 loss_train: 1.0142 loss_val: 1.2233
Run:01 Epoch: 0113 loss_train: 1.0147 loss_val: 1.2294
Run:01 Epoch: 0114 loss_train: 1.0159 loss_val: 1.2312
Run:01 Epoch: 0115 loss_train: 1.0043 loss_val: 1.2281
Run:01 Epoch: 0116 loss_train: 1.0096 loss_val: 1.2218
Run:01 Epoch: 0117 loss_train: 1.0070 loss_val: 1.2195
Run:01 Epoch: 0118 loss_train: 0.9910 loss_val: 1.2209
Run:01 Epoch: 0119 loss_train: 0.9972 loss_val: 1.2212
Run:01 Epoch: 0120 loss_train: 0.9978 loss_val: 1.2151
Run:01 Epoch: 0121 loss_train: 0.9875 loss_val: 1.2123
Run:01 Epoch: 0122 loss_train: 0.9927 loss_val: 1.2043
Run:01 Epoch: 0123 loss_train: 0.9761 loss_val: 1.2000
Run:01 Epoch: 0124 loss_train: 0.9702 loss_val: 1.1994
Run:01 Epoch: 0125 loss_train: 0.9799 loss_val: 1.1974
Run:01 Epoch: 0126 loss_train: 0.9676 loss_val: 1.1999
Run:01 Epoch: 0127 loss_train: 0.9689 loss_val: 1.2054
Run:01 Epoch: 0128 loss_train: 0.9559 loss_val: 1.2081
Run:01 Epoch: 0129 loss_train: 0.9563 loss_val: 1.2056
Run:01 Epoch: 0130 loss_train: 0.9735 loss_val: 1.2084
Run:01 Epoch: 0131 loss_train: 0.9624 loss_val: 1.2076
Run:01 Epoch: 0132 loss_train: 0.9786 loss_val: 1.1947
Run:01 Epoch: 0133 loss_train: 0.9515 loss_val: 1.1962
Run:01 Epoch: 0134 loss_train: 0.9599 loss_val: 1.2062
Run:01 Epoch: 0135 loss_train: 0.9632 loss_val: 1.2226
Run:01 Epoch: 0136 loss_train: 0.9544 loss_val: 1.2260
Run:01 Epoch: 0137 loss_train: 0.9569 loss_val: 1.2279
Run:01 Epoch: 0138 loss_train: 0.9550 loss_val: 1.2268
Run:01 Epoch: 0139 loss_train: 0.9558 loss_val: 1.2280
Run:01 Epoch: 0140 loss_train: 0.9407 loss_val: 1.2279
Run:01 Epoch: 0141 loss_train: 0.9485 loss_val: 1.2291
Run:01 Epoch: 0142 loss_train: 0.9359 loss_val: 1.2259
Run:01 Epoch: 0143 loss_train: 0.9448 loss_val: 1.2197
Run:01 Epoch: 0144 loss_train: 0.9370 loss_val: 1.2103
Run:01 Epoch: 0145 loss_train: 0.9220 loss_val: 1.2009
Run:01 Epoch: 0146 loss_train: 0.9388 loss_val: 1.2064
Run:01 Epoch: 0147 loss_train: 0.9219 loss_val: 1.2127
Run:01 Epoch: 0148 loss_train: 0.9196 loss_val: 1.2145
Run:01 Epoch: 0149 loss_train: 0.9330 loss_val: 1.2104
Run:01 Epoch: 0150 loss_train: 0.9229 loss_val: 1.2110
Run:01 Epoch: 0151 loss_train: 0.9183 loss_val: 1.2019
Run:01 Epoch: 0152 loss_train: 0.9111 loss_val: 1.1971
Run:01 Epoch: 0153 loss_train: 0.9195 loss_val: 1.1941
Run:01 Epoch: 0154 loss_train: 0.9197 loss_val: 1.1976
Run:01 Epoch: 0155 loss_train: 0.9153 loss_val: 1.2048
Run:01 Epoch: 0156 loss_train: 0.9064 loss_val: 1.2069
Run:01 Epoch: 0157 loss_train: 0.9056 loss_val: 1.2038
Run:01 Epoch: 0158 loss_train: 0.9063 loss_val: 1.1966
Run:01 Epoch: 0159 loss_train: 0.8923 loss_val: 1.1850
Run:01 Epoch: 0160 loss_train: 0.8979 loss_val: 1.1780
Run:01 Epoch: 0161 loss_train: 0.8950 loss_val: 1.1774
Run:01 Epoch: 0162 loss_train: 0.8958 loss_val: 1.1772
Run:01 Epoch: 0163 loss_train: 0.8816 loss_val: 1.1790
Run:01 Epoch: 0164 loss_train: 0.8811 loss_val: 1.1814
Run:01 Epoch: 0165 loss_train: 0.8860 loss_val: 1.1826
Run:01 Epoch: 0166 loss_train: 0.8839 loss_val: 1.1800
Run:01 Epoch: 0167 loss_train: 0.8792 loss_val: 1.1802
Run:01 Epoch: 0168 loss_train: 0.8769 loss_val: 1.1782
Run:01 Epoch: 0169 loss_train: 0.8799 loss_val: 1.1837
Run:01 Epoch: 0170 loss_train: 0.8860 loss_val: 1.1930
Run:01 Epoch: 0171 loss_train: 0.8790 loss_val: 1.1949
Run:01 Epoch: 0172 loss_train: 0.8727 loss_val: 1.1853
Run:01 Epoch: 0173 loss_train: 0.8698 loss_val: 1.1765
Run:01 Epoch: 0174 loss_train: 0.8711 loss_val: 1.1751
Run:01 Epoch: 0175 loss_train: 0.8688 loss_val: 1.1772
Run:01 Epoch: 0176 loss_train: 0.8772 loss_val: 1.1911
Run:01 Epoch: 0177 loss_train: 0.8507 loss_val: 1.2109
Run:01 Epoch: 0178 loss_train: 0.8707 loss_val: 1.2152
Run:01 Epoch: 0179 loss_train: 0.8607 loss_val: 1.2109
Run:01 Epoch: 0180 loss_train: 0.8595 loss_val: 1.2065
Run:01 Epoch: 0181 loss_train: 0.8634 loss_val: 1.2046
Run:01 Epoch: 0182 loss_train: 0.8530 loss_val: 1.2086
Run:01 Epoch: 0183 loss_train: 0.8594 loss_val: 1.2112
Run:01 Epoch: 0184 loss_train: 0.8486 loss_val: 1.2116
Run:01 Epoch: 0185 loss_train: 0.8611 loss_val: 1.1979
Run:01 Epoch: 0186 loss_train: 0.8490 loss_val: 1.1885
Run:01 Epoch: 0187 loss_train: 0.8532 loss_val: 1.1887
Run:01 Epoch: 0188 loss_train: 0.8485 loss_val: 1.1949
Run:01 Epoch: 0189 loss_train: 0.8404 loss_val: 1.1981
Run:01 Epoch: 0190 loss_train: 0.8419 loss_val: 1.1928
Run:01 Epoch: 0191 loss_train: 0.8388 loss_val: 1.1841
Run:01 Epoch: 0192 loss_train: 0.8331 loss_val: 1.1762
Run:01 Epoch: 0193 loss_train: 0.8355 loss_val: 1.1747
Run:01 Epoch: 0194 loss_train: 0.8320 loss_val: 1.1768
Run:01 Epoch: 0195 loss_train: 0.8377 loss_val: 1.1910
Run:01 Epoch: 0196 loss_train: 0.8360 loss_val: 1.2051
Run:01 Epoch: 0197 loss_train: 0.8316 loss_val: 1.2008
Run:01 Epoch: 0198 loss_train: 0.8291 loss_val: 1.1901
Run:01 Epoch: 0199 loss_train: 0.8264 loss_val: 1.1874
Run:01 Epoch: 0200 loss_train: 0.8296 loss_val: 1.1918
Run:01 Epoch: 0201 loss_train: 0.8324 loss_val: 1.1981
Run:01 Epoch: 0202 loss_train: 0.8302 loss_val: 1.2002
Run:01 Epoch: 0203 loss_train: 0.8174 loss_val: 1.2125
Run:01 Epoch: 0204 loss_train: 0.8224 loss_val: 1.2023
Run:01 Epoch: 0205 loss_train: 0.8184 loss_val: 1.1888
Run:01 Epoch: 0206 loss_train: 0.8079 loss_val: 1.1814
Run:01 Epoch: 0207 loss_train: 0.8083 loss_val: 1.1791
Run:01 Epoch: 0208 loss_train: 0.8135 loss_val: 1.1805
Run:01 Epoch: 0209 loss_train: 0.8020 loss_val: 1.1890
Run:01 Epoch: 0210 loss_train: 0.8036 loss_val: 1.1970
Run:01 Epoch: 0211 loss_train: 0.7995 loss_val: 1.1993
Run:01 Epoch: 0212 loss_train: 0.7974 loss_val: 1.1962
Run:01 Epoch: 0213 loss_train: 0.7999 loss_val: 1.1923
Run:01 Epoch: 0214 loss_train: 0.8037 loss_val: 1.1820
Run:01 Epoch: 0215 loss_train: 0.8012 loss_val: 1.1715
Run:01 Epoch: 0216 loss_train: 0.7955 loss_val: 1.1718
Run:01 Epoch: 0217 loss_train: 0.7897 loss_val: 1.1684
Run:01 Epoch: 0218 loss_train: 0.7947 loss_val: 1.1719
Run:01 Epoch: 0219 loss_train: 0.7994 loss_val: 1.1715
Run:01 Epoch: 0220 loss_train: 0.7923 loss_val: 1.1715
Run:01 Epoch: 0221 loss_train: 0.7879 loss_val: 1.1913
Run:01 Epoch: 0222 loss_train: 0.7958 loss_val: 1.1922
Run:01 Epoch: 0223 loss_train: 0.7861 loss_val: 1.2024
Run:01 Epoch: 0224 loss_train: 0.7944 loss_val: 1.2128
Run:01 Epoch: 0225 loss_train: 0.7939 loss_val: 1.2166
Run:01 Epoch: 0226 loss_train: 0.7821 loss_val: 1.2213
Run:01 Epoch: 0227 loss_train: 0.7800 loss_val: 1.2229
Run:01 Epoch: 0228 loss_train: 0.7879 loss_val: 1.2160
Run:01 Epoch: 0229 loss_train: 0.7757 loss_val: 1.2117
Run:01 Epoch: 0230 loss_train: 0.7805 loss_val: 1.2039
Run:01 Epoch: 0231 loss_train: 0.7802 loss_val: 1.1947
Run:01 Epoch: 0232 loss_train: 0.7731 loss_val: 1.1990
Run:01 Epoch: 0233 loss_train: 0.7791 loss_val: 1.2125
Run:01 Epoch: 0234 loss_train: 0.7800 loss_val: 1.2077
Run:01 Epoch: 0235 loss_train: 0.7706 loss_val: 1.1948
Run:01 Epoch: 0236 loss_train: 0.7661 loss_val: 1.1842
Run:01 Epoch: 0237 loss_train: 0.7732 loss_val: 1.1795
Run:01 Epoch: 0238 loss_train: 0.7661 loss_val: 1.1772
Run:01 Epoch: 0239 loss_train: 0.7636 loss_val: 1.1812
Run:01 Epoch: 0240 loss_train: 0.7592 loss_val: 1.1802
Run:01 Epoch: 0241 loss_train: 0.7679 loss_val: 1.1753
Run:01 Epoch: 0242 loss_train: 0.7570 loss_val: 1.1810
Run:01 Epoch: 0243 loss_train: 0.7550 loss_val: 1.1855
Run:01 Epoch: 0244 loss_train: 0.7519 loss_val: 1.1904
Run:01 Epoch: 0245 loss_train: 0.7576 loss_val: 1.1913
Run:01 Epoch: 0246 loss_train: 0.7562 loss_val: 1.1969
Run:01 Epoch: 0247 loss_train: 0.7468 loss_val: 1.1998
Run:01 Epoch: 0248 loss_train: 0.7516 loss_val: 1.1875
Run:01 Epoch: 0249 loss_train: 0.7507 loss_val: 1.1759
Run:01 Epoch: 0250 loss_train: 0.7547 loss_val: 1.1820
Run:01 Epoch: 0251 loss_train: 0.7581 loss_val: 1.2141
Run:01 Epoch: 0252 loss_train: 0.7533 loss_val: 1.2388
Run:01 Epoch: 0253 loss_train: 0.7726 loss_val: 1.2442
Run:01 Epoch: 0254 loss_train: 0.7704 loss_val: 1.2308
Run:01 Epoch: 0255 loss_train: 0.7673 loss_val: 1.2190
Run:01 Epoch: 0256 loss_train: 0.7592 loss_val: 1.2137
Run:01 Epoch: 0257 loss_train: 0.7592 loss_val: 1.2511
Run:01 Epoch: 0258 loss_train: 0.7779 loss_val: 1.2744
Run:01 Epoch: 0259 loss_train: 0.7939 loss_val: 1.2659
Run:01 Epoch: 0260 loss_train: 0.7853 loss_val: 1.2520
Run:01 Epoch: 0261 loss_train: 0.7684 loss_val: 1.2440
Run:01 Epoch: 0262 loss_train: 0.7783 loss_val: 1.2240
Run:01 Epoch: 0263 loss_train: 0.7590 loss_val: 1.2165
Run:01 Epoch: 0264 loss_train: 0.7579 loss_val: 1.2128
Run:01 Epoch: 0265 loss_train: 0.7608 loss_val: 1.2078
Run:01 Epoch: 0266 loss_train: 0.7522 loss_val: 1.2062
Run:01 Epoch: 0267 loss_train: 0.7482 loss_val: 1.2071
Run:01 Epoch: 0268 loss_train: 0.7483 loss_val: 1.2117
Run:01 Epoch: 0269 loss_train: 0.7536 loss_val: 1.2164
Run:01 Epoch: 0270 loss_train: 0.7408 loss_val: 1.2288
Run:01 Epoch: 0271 loss_train: 0.7430 loss_val: 1.2276
Run:01 Epoch: 0272 loss_train: 0.7426 loss_val: 1.2153
Run:01 Epoch: 0273 loss_train: 0.7419 loss_val: 1.2051
Run:01 Epoch: 0274 loss_train: 0.7360 loss_val: 1.1912
Run:01 Epoch: 0275 loss_train: 0.7347 loss_val: 1.1894
Run:01 Epoch: 0276 loss_train: 0.7355 loss_val: 1.1975
Run:01 Epoch: 0277 loss_train: 0.7216 loss_val: 1.2108
Run:01 Epoch: 0278 loss_train: 0.7315 loss_val: 1.2079
Run:01 Epoch: 0279 loss_train: 0.7280 loss_val: 1.1965
Run:01 Epoch: 0280 loss_train: 0.7189 loss_val: 1.1822
Run:01 Epoch: 0281 loss_train: 0.7224 loss_val: 1.1714
Run:01 Epoch: 0282 loss_train: 0.7235 loss_val: 1.1669
Run:01 Epoch: 0283 loss_train: 0.7215 loss_val: 1.1712
Run:01 Epoch: 0284 loss_train: 0.7301 loss_val: 1.1879
Run:01 Epoch: 0285 loss_train: 0.7127 loss_val: 1.2067
Run:01 Epoch: 0286 loss_train: 0.7209 loss_val: 1.2103
Run:01 Epoch: 0287 loss_train: 0.7191 loss_val: 1.2098
Run:01 Epoch: 0288 loss_train: 0.7085 loss_val: 1.2030
Run:01 Epoch: 0289 loss_train: 0.7067 loss_val: 1.1986
Run:01 Epoch: 0290 loss_train: 0.7008 loss_val: 1.1888
Run:01 Epoch: 0291 loss_train: 0.7105 loss_val: 1.1889
Run:01 Epoch: 0292 loss_train: 0.7068 loss_val: 1.1925
Run:01 Epoch: 0293 loss_train: 0.7067 loss_val: 1.2036
Run:01 Epoch: 0294 loss_train: 0.7018 loss_val: 1.2157
Run:01 Epoch: 0295 loss_train: 0.7082 loss_val: 1.2094
Run:01 Epoch: 0296 loss_train: 0.6943 loss_val: 1.1968
Run:01 Epoch: 0297 loss_train: 0.7013 loss_val: 1.1861
Run:01 Epoch: 0298 loss_train: 0.7059 loss_val: 1.1977
Run:01 Epoch: 0299 loss_train: 0.7010 loss_val: 1.2106
Run:01 Epoch: 0300 loss_train: 0.6997 loss_val: 1.2226
Run:01 Epoch: 0301 loss_train: 0.6997 loss_val: 1.2272
Run:01 Epoch: 0302 loss_train: 0.6991 loss_val: 1.2186
Run:01 Epoch: 0303 loss_train: 0.6979 loss_val: 1.2048
Run:01 Epoch: 0304 loss_train: 0.6962 loss_val: 1.2046
Run:01 Epoch: 0305 loss_train: 0.6917 loss_val: 1.2106
Run:01 Epoch: 0306 loss_train: 0.6958 loss_val: 1.2171
Run:01 Epoch: 0307 loss_train: 0.6950 loss_val: 1.2144
Run:01 Epoch: 0308 loss_train: 0.6893 loss_val: 1.2093
Run:01 Epoch: 0309 loss_train: 0.6954 loss_val: 1.2051
Run:01 Epoch: 0310 loss_train: 0.6878 loss_val: 1.2099
Run:01 Epoch: 0311 loss_train: 0.6900 loss_val: 1.2112
Run:01 Epoch: 0312 loss_train: 0.6894 loss_val: 1.2103
Run:01 Epoch: 0313 loss_train: 0.6903 loss_val: 1.2099
Run:01 Epoch: 0314 loss_train: 0.6847 loss_val: 1.2050
Run:01 Epoch: 0315 loss_train: 0.6899 loss_val: 1.2008
Run:01 Epoch: 0316 loss_train: 0.6825 loss_val: 1.2001
Run:01 Epoch: 0317 loss_train: 0.6803 loss_val: 1.2075
Run:01 Epoch: 0318 loss_train: 0.6855 loss_val: 1.2147
Run:01 Epoch: 0319 loss_train: 0.6977 loss_val: 1.2092
Run:01 Epoch: 0320 loss_train: 0.6875 loss_val: 1.2232
Run:01 Epoch: 0321 loss_train: 0.6843 loss_val: 1.2288
Run:01 Epoch: 0322 loss_train: 0.6905 loss_val: 1.2235
Run:01 Epoch: 0323 loss_train: 0.6975 loss_val: 1.2239
Run:01 Epoch: 0324 loss_train: 0.7066 loss_val: 1.2185
Run:01 Epoch: 0325 loss_train: 0.6938 loss_val: 1.2161
Run:01 Epoch: 0326 loss_train: 0.6823 loss_val: 1.2205
Run:01 Epoch: 0327 loss_train: 0.6990 loss_val: 1.2101
Run:01 Epoch: 0328 loss_train: 0.6903 loss_val: 1.2205
Run:01 Epoch: 0329 loss_train: 0.7105 loss_val: 1.2089
Run:01 Epoch: 0330 loss_train: 0.7032 loss_val: 1.2040
Run:01 Epoch: 0331 loss_train: 0.6863 loss_val: 1.2184
Run:01 Epoch: 0332 loss_train: 0.7096 loss_val: 1.2093
Run:01 Epoch: 0333 loss_train: 0.6870 loss_val: 1.2055
Run:01 Epoch: 0334 loss_train: 0.6830 loss_val: 1.2135
Run:01 Epoch: 0335 loss_train: 0.6924 loss_val: 1.2152
Run:01 Epoch: 0336 loss_train: 0.6873 loss_val: 1.2035
Run:01 Epoch: 0337 loss_train: 0.6753 loss_val: 1.2092
Run:01 Epoch: 0338 loss_train: 0.6693 loss_val: 1.2154
Run:01 Epoch: 0339 loss_train: 0.6822 loss_val: 1.2129
Run:01 Epoch: 0340 loss_train: 0.6794 loss_val: 1.2048
Run:01 Epoch: 0341 loss_train: 0.6810 loss_val: 1.2107
Run:01 Epoch: 0342 loss_train: 0.6746 loss_val: 1.2296
Run:01 Epoch: 0343 loss_train: 0.6711 loss_val: 1.2395
Run:01 Epoch: 0344 loss_train: 0.6658 loss_val: 1.2377
Run:01 Epoch: 0345 loss_train: 0.6644 loss_val: 1.2251
Run:01 Epoch: 0346 loss_train: 0.6714 loss_val: 1.2126
Run:01 Epoch: 0347 loss_train: 0.6694 loss_val: 1.2127
Run:01 Epoch: 0348 loss_train: 0.6765 loss_val: 1.2178
Run:01 Epoch: 0349 loss_train: 0.6715 loss_val: 1.2234
Run:01 Epoch: 0350 loss_train: 0.6636 loss_val: 1.2246
Run:01 Epoch: 0351 loss_train: 0.6615 loss_val: 1.2307
Run:01 Epoch: 0352 loss_train: 0.6606 loss_val: 1.2298
Run:01 Epoch: 0353 loss_train: 0.6573 loss_val: 1.2223
Run:01 Epoch: 0354 loss_train: 0.6587 loss_val: 1.2225
Run:01 Epoch: 0355 loss_train: 0.6502 loss_val: 1.2212
Run:01 Epoch: 0356 loss_train: 0.6527 loss_val: 1.2208
Run:01 Epoch: 0357 loss_train: 0.6563 loss_val: 1.2262
Run:01 Epoch: 0358 loss_train: 0.6555 loss_val: 1.2307
Run:01 Epoch: 0359 loss_train: 0.6521 loss_val: 1.2342
Run:01 Epoch: 0360 loss_train: 0.6585 loss_val: 1.2297
Run:01 Epoch: 0361 loss_train: 0.6559 loss_val: 1.2151
Run:01 Epoch: 0362 loss_train: 0.6515 loss_val: 1.2164
Run:01 Epoch: 0363 loss_train: 0.6561 loss_val: 1.2313
Run:01 Epoch: 0364 loss_train: 0.6455 loss_val: 1.2468
Run:01 Epoch: 0365 loss_train: 0.6452 loss_val: 1.2451
Run:01 Epoch: 0366 loss_train: 0.6503 loss_val: 1.2277
Run:01 Epoch: 0367 loss_train: 0.6459 loss_val: 1.2170
Run:01 Epoch: 0368 loss_train: 0.6486 loss_val: 1.2167
Run:01 Epoch: 0369 loss_train: 0.6454 loss_val: 1.2243
Run:01 Epoch: 0370 loss_train: 0.6432 loss_val: 1.2437
Run:01 Epoch: 0371 loss_train: 0.6436 loss_val: 1.2465
Run:01 Epoch: 0372 loss_train: 0.6443 loss_val: 1.2329
Run:01 Epoch: 0373 loss_train: 0.6423 loss_val: 1.2232
Run:01 Epoch: 0374 loss_train: 0.6340 loss_val: 1.2272
Run:01 Epoch: 0375 loss_train: 0.6562 loss_val: 1.2189
Run:01 Epoch: 0376 loss_train: 0.6402 loss_val: 1.2099
Run:01 Epoch: 0377 loss_train: 0.6425 loss_val: 1.2062
Run:01 Epoch: 0378 loss_train: 0.6390 loss_val: 1.2108
Run:01 Epoch: 0379 loss_train: 0.6406 loss_val: 1.2224
Run:01 Epoch: 0380 loss_train: 0.6458 loss_val: 1.2360
Run:01 Epoch: 0381 loss_train: 0.6401 loss_val: 1.2407
Run:01 Epoch: 0382 loss_train: 0.6424 loss_val: 1.2377
Run:01 Epoch: 0383 loss_train: 0.6349 loss_val: 1.2334
Run:01 Epoch: 0384 loss_train: 0.6376 loss_val: 1.2262
Run:01 Epoch: 0385 loss_train: 0.6270 loss_val: 1.2142
Run:01 Epoch: 0386 loss_train: 0.6499 loss_val: 1.2546
Run:01 Epoch: 0387 loss_train: 0.6614 loss_val: 1.2517
Run:01 Epoch: 0388 loss_train: 0.6441 loss_val: 1.2503
Run:01 Epoch: 0389 loss_train: 0.6757 loss_val: 1.2330
Run:01 Epoch: 0390 loss_train: 0.6431 loss_val: 1.2274
Run:01 Epoch: 0391 loss_train: 0.6731 loss_val: 1.2180
Run:01 Epoch: 0392 loss_train: 0.6407 loss_val: 1.2139
Run:01 Epoch: 0393 loss_train: 0.6384 loss_val: 1.2167
Run:01 Epoch: 0394 loss_train: 0.6441 loss_val: 1.2199
Run:01 Epoch: 0395 loss_train: 0.6395 loss_val: 1.2187
Run:01 Epoch: 0396 loss_train: 0.6407 loss_val: 1.2206
Run:01 Epoch: 0397 loss_train: 0.6462 loss_val: 1.2300
Run:01 Epoch: 0398 loss_train: 0.6407 loss_val: 1.2433
Run:01 Epoch: 0399 loss_train: 0.6365 loss_val: 1.2435
Run:01 Epoch: 0400 loss_train: 0.6268 loss_val: 1.2402
Run:01 Epoch: 0401 loss_train: 0.6288 loss_val: 1.2370
Run:01 Epoch: 0402 loss_train: 0.6289 loss_val: 1.2355
Run:01 Epoch: 0403 loss_train: 0.6349 loss_val: 1.2216
Run:01 Epoch: 0404 loss_train: 0.6333 loss_val: 1.2085
Run:01 Epoch: 0405 loss_train: 0.6325 loss_val: 1.2127
Run:01 Epoch: 0406 loss_train: 0.6202 loss_val: 1.2244
Run:01 Epoch: 0407 loss_train: 0.6296 loss_val: 1.2389
Run:01 Epoch: 0408 loss_train: 0.6165 loss_val: 1.2462
Run:01 Epoch: 0409 loss_train: 0.6118 loss_val: 1.2411
Run:01 Epoch: 0410 loss_train: 0.6291 loss_val: 1.2346
Run:01 Epoch: 0411 loss_train: 0.6333 loss_val: 1.2410
Run:01 Epoch: 0412 loss_train: 0.6220 loss_val: 1.2542
Run:01 Epoch: 0413 loss_train: 0.6203 loss_val: 1.2560
Run:01 Epoch: 0414 loss_train: 0.6213 loss_val: 1.2447
Run:01 Epoch: 0415 loss_train: 0.6140 loss_val: 1.2320
Run:01 Epoch: 0416 loss_train: 0.6176 loss_val: 1.2136
Run:01 Epoch: 0417 loss_train: 0.6136 loss_val: 1.2093
Run:01 Epoch: 0418 loss_train: 0.6157 loss_val: 1.2119
Run:01 Epoch: 0419 loss_train: 0.6152 loss_val: 1.2205
Run:01 Epoch: 0420 loss_train: 0.6085 loss_val: 1.2258
Run:01 Epoch: 0421 loss_train: 0.6079 loss_val: 1.2370
Run:01 Epoch: 0422 loss_train: 0.6119 loss_val: 1.2454
Run:01 Epoch: 0423 loss_train: 0.6099 loss_val: 1.2400
Run:01 Epoch: 0424 loss_train: 0.6135 loss_val: 1.2364
Run:01 Epoch: 0425 loss_train: 0.6150 loss_val: 1.2378
Run:01 Epoch: 0426 loss_train: 0.6309 loss_val: 1.2485
Run:01 Epoch: 0427 loss_train: 0.6275 loss_val: 1.2363
Run:01 Epoch: 0428 loss_train: 0.6218 loss_val: 1.2078
Run:01 Epoch: 0429 loss_train: 0.6136 loss_val: 1.1957
Run:01 Epoch: 0430 loss_train: 0.6271 loss_val: 1.1945
Run:01 Epoch: 0431 loss_train: 0.6148 loss_val: 1.2043
Run:01 Epoch: 0432 loss_train: 0.6282 loss_val: 1.2244
Run:01 Epoch: 0433 loss_train: 0.6119 loss_val: 1.2344
Run:01 Epoch: 0434 loss_train: 0.6139 loss_val: 1.2331
Run:01 Epoch: 0435 loss_train: 0.6192 loss_val: 1.2335
Run:01 Epoch: 0436 loss_train: 0.6022 loss_val: 1.2465
Run:01 Epoch: 0437 loss_train: 0.6096 loss_val: 1.2462
Run:01 Epoch: 0438 loss_train: 0.6168 loss_val: 1.2323
Run:01 Epoch: 0439 loss_train: 0.6058 loss_val: 1.2280
Run:01 Epoch: 0440 loss_train: 0.6107 loss_val: 1.2292
Run:01 Epoch: 0441 loss_train: 0.6186 loss_val: 1.2406
Run:01 Epoch: 0442 loss_train: 0.5976 loss_val: 1.2468
Run:01 Epoch: 0443 loss_train: 0.6043 loss_val: 1.2477
Run:01 Epoch: 0444 loss_train: 0.6042 loss_val: 1.2266
Run:01 Epoch: 0445 loss_train: 0.6102 loss_val: 1.2148
Run:01 Epoch: 0446 loss_train: 0.6115 loss_val: 1.2234
Run:01 Epoch: 0447 loss_train: 0.6102 loss_val: 1.2327
Run:01 Epoch: 0448 loss_train: 0.6002 loss_val: 1.2375
Run:01 Epoch: 0449 loss_train: 0.6031 loss_val: 1.2366
Run:01 Epoch: 0450 loss_train: 0.6032 loss_val: 1.2343
Run:01 Epoch: 0451 loss_train: 0.5986 loss_val: 1.2310
Run:01 Epoch: 0452 loss_train: 0.5982 loss_val: 1.2404
Run:01 Epoch: 0453 loss_train: 0.5971 loss_val: 1.2477
Run:01 Epoch: 0454 loss_train: 0.5876 loss_val: 1.2445
Run:01 Epoch: 0455 loss_train: 0.5984 loss_val: 1.2341
Run:01 Epoch: 0456 loss_train: 0.5867 loss_val: 1.2229
Run:01 Epoch: 0457 loss_train: 0.5933 loss_val: 1.2256
Run:01 Epoch: 0458 loss_train: 0.5946 loss_val: 1.2296
Run:01 Epoch: 0459 loss_train: 0.5946 loss_val: 1.2299
Run:01 Epoch: 0460 loss_train: 0.5858 loss_val: 1.2280
Run:01 Epoch: 0461 loss_train: 0.5964 loss_val: 1.2303
Run:01 Epoch: 0462 loss_train: 0.5865 loss_val: 1.2319
Run:01 Epoch: 0463 loss_train: 0.5915 loss_val: 1.2427
Run:01 Epoch: 0464 loss_train: 0.5873 loss_val: 1.2560
Run:01 Epoch: 0465 loss_train: 0.5913 loss_val: 1.2546
Run:01 Epoch: 0466 loss_train: 0.5922 loss_val: 1.2466
Run:01 Epoch: 0467 loss_train: 0.5949 loss_val: 1.2569
Run:01 Epoch: 0468 loss_train: 0.5870 loss_val: 1.2609
Run:01 Epoch: 0469 loss_train: 0.5829 loss_val: 1.2546
Run:01 Epoch: 0470 loss_train: 0.5881 loss_val: 1.2510
Run:01 Epoch: 0471 loss_train: 0.5909 loss_val: 1.2610
Run:01 Epoch: 0472 loss_train: 0.5858 loss_val: 1.2567
Run:01 Epoch: 0473 loss_train: 0.5806 loss_val: 1.2380
Run:01 Epoch: 0474 loss_train: 0.5927 loss_val: 1.2330
Run:01 Epoch: 0475 loss_train: 0.5790 loss_val: 1.2351
Run:01 Epoch: 0476 loss_train: 0.5846 loss_val: 1.2487
Run:01 Epoch: 0477 loss_train: 0.5860 loss_val: 1.2495
Run:01 Epoch: 0478 loss_train: 0.5852 loss_val: 1.2475
Run:01 Epoch: 0479 loss_train: 0.5797 loss_val: 1.2559
Run:01 Epoch: 0480 loss_train: 0.5835 loss_val: 1.2499
Run:01 Epoch: 0481 loss_train: 0.5804 loss_val: 1.2490
Run:01 Epoch: 0482 loss_train: 0.5856 loss_val: 1.2478
Run:01 Epoch: 0483 loss_train: 0.5788 loss_val: 1.2335
Run:01 Epoch: 0484 loss_train: 0.5894 loss_val: 1.2317
Run:01 Epoch: 0485 loss_train: 0.5772 loss_val: 1.2316
Run:01 Epoch: 0486 loss_train: 0.5827 loss_val: 1.2473
Run:01 Epoch: 0487 loss_train: 0.5831 loss_val: 1.2558
Run:01 Epoch: 0488 loss_train: 0.5812 loss_val: 1.2829
Run:01 Epoch: 0489 loss_train: 0.5936 loss_val: 1.2646
Run:01 Epoch: 0490 loss_train: 0.5957 loss_val: 1.2471
Run:01 Epoch: 0491 loss_train: 0.5938 loss_val: 1.2508
Run:01 Epoch: 0492 loss_train: 0.6033 loss_val: 1.2614
Run:01 Epoch: 0493 loss_train: 0.5933 loss_val: 1.2836
Run:01 Epoch: 0494 loss_train: 0.5998 loss_val: 1.3074
Run:01 Epoch: 0495 loss_train: 0.5884 loss_val: 1.2889
Run:01 Epoch: 0496 loss_train: 0.5916 loss_val: 1.2590
Run:01 Epoch: 0497 loss_train: 0.5887 loss_val: 1.2419
Run:01 Epoch: 0498 loss_train: 0.5795 loss_val: 1.2385
Run:01 Epoch: 0499 loss_train: 0.5880 loss_val: 1.2427
Run:01 Epoch: 0500 loss_train: 0.5875 loss_val: 1.2500
Run:01 Epoch: 0501 loss_train: 0.5809 loss_val: 1.2566
Run:01 Epoch: 0502 loss_train: 0.5840 loss_val: 1.2565
Run:01 Epoch: 0503 loss_train: 0.5759 loss_val: 1.2517
Run:01 Epoch: 0504 loss_train: 0.5822 loss_val: 1.2380
Run:01 Epoch: 0505 loss_train: 0.5799 loss_val: 1.2296
Run:01 Epoch: 0506 loss_train: 0.5805 loss_val: 1.2355
Run:01 Epoch: 0507 loss_train: 0.5784 loss_val: 1.2392
Run:01 Epoch: 0508 loss_train: 0.5761 loss_val: 1.2395
Run:01 Epoch: 0509 loss_train: 0.5766 loss_val: 1.2403
Run:01 Epoch: 0510 loss_train: 0.5789 loss_val: 1.2469
Run:01 Epoch: 0511 loss_train: 0.5778 loss_val: 1.2406
Run:01 Epoch: 0512 loss_train: 0.5768 loss_val: 1.2315
Run:01 Epoch: 0513 loss_train: 0.5711 loss_val: 1.2243
Run:01 Epoch: 0514 loss_train: 0.5722 loss_val: 1.2403
Run:01 Epoch: 0515 loss_train: 0.5826 loss_val: 1.2358
Run:01 Epoch: 0516 loss_train: 0.5767 loss_val: 1.2302
Run:01 Epoch: 0517 loss_train: 0.5740 loss_val: 1.2369
Run:01 Epoch: 0518 loss_train: 0.5684 loss_val: 1.2506
Run:01 Epoch: 0519 loss_train: 0.5673 loss_val: 1.2733
Run:01 Epoch: 0520 loss_train: 0.5737 loss_val: 1.2681
Run:01 Epoch: 0521 loss_train: 0.5680 loss_val: 1.2570
Run:01 Epoch: 0522 loss_train: 0.5739 loss_val: 1.2712
Run:01 Epoch: 0523 loss_train: 0.5694 loss_val: 1.2788
Run:01 Epoch: 0524 loss_train: 0.5653 loss_val: 1.2827
Run:01 Epoch: 0525 loss_train: 0.5631 loss_val: 1.2753
Run:01 Epoch: 0526 loss_train: 0.5731 loss_val: 1.2605
Run:01 Epoch: 0527 loss_train: 0.5635 loss_val: 1.2563
Run:01 Epoch: 0528 loss_train: 0.5642 loss_val: 1.2544
Run:01 Epoch: 0529 loss_train: 0.5646 loss_val: 1.2543
Run:01 Epoch: 0530 loss_train: 0.5677 loss_val: 1.2530
Run:01 Epoch: 0531 loss_train: 0.5692 loss_val: 1.2581
Run:01 Epoch: 0532 loss_train: 0.5687 loss_val: 1.2650
Run:01 Epoch: 0533 loss_train: 0.5617 loss_val: 1.2672
Run:01 Epoch: 0534 loss_train: 0.5584 loss_val: 1.2711
Run:01 Epoch: 0535 loss_train: 0.5583 loss_val: 1.2663
Run:01 Epoch: 0536 loss_train: 0.5693 loss_val: 1.2727
Run:01 Epoch: 0537 loss_train: 0.5659 loss_val: 1.2813
Run:01 Epoch: 0538 loss_train: 0.5626 loss_val: 1.2726
Run:01 Epoch: 0539 loss_train: 0.5604 loss_val: 1.2710
Run:01 Epoch: 0540 loss_train: 0.5732 loss_val: 1.2828
Run:01 Epoch: 0541 loss_train: 0.5754 loss_val: 1.2460
Run:01 Epoch: 0542 loss_train: 0.5705 loss_val: 1.2259
Run:01 Epoch: 0543 loss_train: 0.5699 loss_val: 1.2428
Run:01 Epoch: 0544 loss_train: 0.5738 loss_val: 1.2701
Run:01 Epoch: 0545 loss_train: 0.5681 loss_val: 1.2935
Run:01 Epoch: 0546 loss_train: 0.5717 loss_val: 1.2777
Run:01 Epoch: 0547 loss_train: 0.5691 loss_val: 1.2474
Run:01 Epoch: 0548 loss_train: 0.5662 loss_val: 1.2330
Run:01 Epoch: 0549 loss_train: 0.5655 loss_val: 1.2348
Run:01 Epoch: 0550 loss_train: 0.5611 loss_val: 1.2481
Run:01 Epoch: 0551 loss_train: 0.5686 loss_val: 1.2530
Run:01 Epoch: 0552 loss_train: 0.5580 loss_val: 1.2624
Run:01 Epoch: 0553 loss_train: 0.5613 loss_val: 1.2587
Run:01 Epoch: 0554 loss_train: 0.5548 loss_val: 1.2588
Run:01 Epoch: 0555 loss_train: 0.5578 loss_val: 1.2642
Run:01 Epoch: 0556 loss_train: 0.5565 loss_val: 1.2707
Run:01 Epoch: 0557 loss_train: 0.5547 loss_val: 1.2707
Run:01 Epoch: 0558 loss_train: 0.5555 loss_val: 1.2659
Run:01 Epoch: 0559 loss_train: 0.5552 loss_val: 1.2631
Run:01 Epoch: 0560 loss_train: 0.5541 loss_val: 1.2594
Run:01 Epoch: 0561 loss_train: 0.5519 loss_val: 1.2610
Run:01 Epoch: 0562 loss_train: 0.5511 loss_val: 1.2646
Run:01 Epoch: 0563 loss_train: 0.5564 loss_val: 1.2500
Run:01 Epoch: 0564 loss_train: 0.5550 loss_val: 1.2393
Run:01 Epoch: 0565 loss_train: 0.5538 loss_val: 1.2354
Run:01 Epoch: 0566 loss_train: 0.5562 loss_val: 1.2458
Run:01 Epoch: 0567 loss_train: 0.5515 loss_val: 1.2527
Run:01 Epoch: 0568 loss_train: 0.5464 loss_val: 1.2610
Run:01 Epoch: 0569 loss_train: 0.5533 loss_val: 1.2680
Run:01 Epoch: 0570 loss_train: 0.5548 loss_val: 1.2839
Run:01 Epoch: 0571 loss_train: 0.5505 loss_val: 1.2777
Run:01 Epoch: 0572 loss_train: 0.5512 loss_val: 1.2624
Run:01 Epoch: 0573 loss_train: 0.5479 loss_val: 1.2552
Run:01 Epoch: 0574 loss_train: 0.5487 loss_val: 1.2628
Run:01 Epoch: 0575 loss_train: 0.5486 loss_val: 1.2788
Run:01 Epoch: 0576 loss_train: 0.5486 loss_val: 1.2861
Run:01 Epoch: 0577 loss_train: 0.5540 loss_val: 1.2748
Run:01 Epoch: 0578 loss_train: 0.5502 loss_val: 1.2690
Run:01 Epoch: 0579 loss_train: 0.5521 loss_val: 1.2479
Run:01 Epoch: 0580 loss_train: 0.5533 loss_val: 1.2428
Run:01 Epoch: 0581 loss_train: 0.5469 loss_val: 1.2680
Run:01 Epoch: 0582 loss_train: 0.5567 loss_val: 1.2789
Run:01 Epoch: 0583 loss_train: 0.5471 loss_val: 1.2783
Run:01 Epoch: 0584 loss_train: 0.5471 loss_val: 1.2649
Run:01 Epoch: 0585 loss_train: 0.5546 loss_val: 1.2523
Run:01 Epoch: 0586 loss_train: 0.5482 loss_val: 1.2633
Run:01 Epoch: 0587 loss_train: 0.5535 loss_val: 1.2815
Run:01 Epoch: 0588 loss_train: 0.5479 loss_val: 1.2743
Run:01 Epoch: 0589 loss_train: 0.5489 loss_val: 1.2585
Run:01 Epoch: 0590 loss_train: 0.5503 loss_val: 1.2515
Run:01 Epoch: 0591 loss_train: 0.5441 loss_val: 1.2498
Run:01 Epoch: 0592 loss_train: 0.5318 loss_val: 1.2536
Run:01 Epoch: 0593 loss_train: 0.5479 loss_val: 1.2557
Run:01 Epoch: 0594 loss_train: 0.5426 loss_val: 1.2624
Run:01 Epoch: 0595 loss_train: 0.5498 loss_val: 1.2590
Run:01 Epoch: 0596 loss_train: 0.5391 loss_val: 1.2535
Run:01 Epoch: 0597 loss_train: 0.5369 loss_val: 1.2505
Run:01 Epoch: 0598 loss_train: 0.5457 loss_val: 1.2492
Run:01 Epoch: 0599 loss_train: 0.5475 loss_val: 1.2708
Run:01 Epoch: 0600 loss_train: 0.5502 loss_val: 1.2957
Run:01 Epoch: 0601 loss_train: 0.5380 loss_val: 1.3183
Run:01 Epoch: 0602 loss_train: 0.5509 loss_val: 1.2786
Run:01 Epoch: 0603 loss_train: 0.5312 loss_val: 1.2463
Run:01 Epoch: 0604 loss_train: 0.5376 loss_val: 1.2501
Run:01 Epoch: 0605 loss_train: 0.5377 loss_val: 1.2658
Run:01 Epoch: 0606 loss_train: 0.5501 loss_val: 1.2772
Run:01 Epoch: 0607 loss_train: 0.5330 loss_val: 1.2872
Run:01 Epoch: 0608 loss_train: 0.5509 loss_val: 1.2570
Run:01 Epoch: 0609 loss_train: 0.5392 loss_val: 1.2496
Run:01 Epoch: 0610 loss_train: 0.5383 loss_val: 1.2540
Run:01 Epoch: 0611 loss_train: 0.5374 loss_val: 1.2646
Run:01 Epoch: 0612 loss_train: 0.5432 loss_val: 1.2943
Run:01 Epoch: 0613 loss_train: 0.5363 loss_val: 1.3063
Run:01 Epoch: 0614 loss_train: 0.5396 loss_val: 1.2978
Run:01 Epoch: 0615 loss_train: 0.5421 loss_val: 1.2812
Run:01 Epoch: 0616 loss_train: 0.5382 loss_val: 1.2580
Run:01 Epoch: 0617 loss_train: 0.5405 loss_val: 1.2578
Run:01 Epoch: 0618 loss_train: 0.5338 loss_val: 1.2655
Run:01 Epoch: 0619 loss_train: 0.5313 loss_val: 1.2686
Run:01 Epoch: 0620 loss_train: 0.5351 loss_val: 1.2811
Run:01 Epoch: 0621 loss_train: 0.5368 loss_val: 1.2674
Run:01 Epoch: 0622 loss_train: 0.5364 loss_val: 1.2619
Run:01 Epoch: 0623 loss_train: 0.5367 loss_val: 1.2609
Run:01 Epoch: 0624 loss_train: 0.5495 loss_val: 1.2769
Run:01 Epoch: 0625 loss_train: 0.5469 loss_val: 1.2863
Run:01 Epoch: 0626 loss_train: 0.5540 loss_val: 1.2703
Run:01 Epoch: 0627 loss_train: 0.5434 loss_val: 1.2574
Run:01 Epoch: 0628 loss_train: 0.5424 loss_val: 1.2620
Run:01 Epoch: 0629 loss_train: 0.5374 loss_val: 1.2862
Run:01 Epoch: 0630 loss_train: 0.5520 loss_val: 1.3060
Run:01 Epoch: 0631 loss_train: 0.5337 loss_val: 1.3180
Run:01 Epoch: 0632 loss_train: 0.5528 loss_val: 1.3164
Run:01 Epoch: 0633 loss_train: 0.5435 loss_val: 1.3031
Run:01 Epoch: 0634 loss_train: 0.5440 loss_val: 1.2744
Run:01 Epoch: 0635 loss_train: 0.5325 loss_val: 1.2580
Run:01 Epoch: 0636 loss_train: 0.5379 loss_val: 1.2537
Run:01 Epoch: 0637 loss_train: 0.5323 loss_val: 1.2561
Run:01 Epoch: 0638 loss_train: 0.5338 loss_val: 1.2599
Run:01 Epoch: 0639 loss_train: 0.5338 loss_val: 1.2597
Run:01 Epoch: 0640 loss_train: 0.5304 loss_val: 1.2626
Run:01 Epoch: 0641 loss_train: 0.5382 loss_val: 1.2647
Run:01 Epoch: 0642 loss_train: 0.5316 loss_val: 1.2792
Run:01 Epoch: 0643 loss_train: 0.5331 loss_val: 1.2914
Run:01 Epoch: 0644 loss_train: 0.5266 loss_val: 1.2930
Run:01 Epoch: 0645 loss_train: 0.5276 loss_val: 1.2691
Run:01 Epoch: 0646 loss_train: 0.5202 loss_val: 1.2541
Run:01 Epoch: 0647 loss_train: 0.5349 loss_val: 1.2592
Run:01 Epoch: 0648 loss_train: 0.5187 loss_val: 1.2777
Run:01 Epoch: 0649 loss_train: 0.5332 loss_val: 1.2911
Run:01 Epoch: 0650 loss_train: 0.5259 loss_val: 1.2856
Run:01 Epoch: 0651 loss_train: 0.5223 loss_val: 1.2824
Run:01 Epoch: 0652 loss_train: 0.5232 loss_val: 1.2798
Run:01 Epoch: 0653 loss_train: 0.5268 loss_val: 1.2794
Run:01 Epoch: 0654 loss_train: 0.5303 loss_val: 1.2905
Run:01 Epoch: 0655 loss_train: 0.5250 loss_val: 1.3050
Run:01 Epoch: 0656 loss_train: 0.5144 loss_val: 1.3154
Run:01 Epoch: 0657 loss_train: 0.5246 loss_val: 1.2970
Run:01 Epoch: 0658 loss_train: 0.5206 loss_val: 1.2729
Run:01 Epoch: 0659 loss_train: 0.5315 loss_val: 1.2724
Run:01 Epoch: 0660 loss_train: 0.5264 loss_val: 1.2874
Run:01 Epoch: 0661 loss_train: 0.5268 loss_val: 1.2796
Run:01 Epoch: 0662 loss_train: 0.5174 loss_val: 1.2689
Run:01 Epoch: 0663 loss_train: 0.5263 loss_val: 1.2734
Run:01 Epoch: 0664 loss_train: 0.5172 loss_val: 1.2936
Run:01 Epoch: 0665 loss_train: 0.5314 loss_val: 1.2883
Run:01 Epoch: 0666 loss_train: 0.5188 loss_val: 1.2844
Run:01 Epoch: 0667 loss_train: 0.5233 loss_val: 1.2828
Run:01 Epoch: 0668 loss_train: 0.5246 loss_val: 1.2768
Run:01 Epoch: 0669 loss_train: 0.5356 loss_val: 1.2794
Run:01 Epoch: 0670 loss_train: 0.5158 loss_val: 1.2954
Run:01 Epoch: 0671 loss_train: 0.5322 loss_val: 1.2926
Run:01 Epoch: 0672 loss_train: 0.5394 loss_val: 1.2771
Run:01 Epoch: 0673 loss_train: 0.5248 loss_val: 1.2699
Run:01 Epoch: 0674 loss_train: 0.5310 loss_val: 1.2695
Run:01 Epoch: 0675 loss_train: 0.5371 loss_val: 1.2786
Run:01 Epoch: 0676 loss_train: 0.5238 loss_val: 1.2801
Run:01 Epoch: 0677 loss_train: 0.5243 loss_val: 1.2508
Run:01 Epoch: 0678 loss_train: 0.5285 loss_val: 1.2554
Run:01 Epoch: 0679 loss_train: 0.5261 loss_val: 1.2684
Run:01 Epoch: 0680 loss_train: 0.5248 loss_val: 1.2781
Run:01 Epoch: 0681 loss_train: 0.5223 loss_val: 1.2832
Run:01 Epoch: 0682 loss_train: 0.5299 loss_val: 1.2823
Run:01 Epoch: 0683 loss_train: 0.5208 loss_val: 1.2893
Run:01 Epoch: 0684 loss_train: 0.5226 loss_val: 1.2736
Run:01 Epoch: 0685 loss_train: 0.5202 loss_val: 1.2719
Run:01 Epoch: 0686 loss_train: 0.5174 loss_val: 1.2719
Run:01 Epoch: 0687 loss_train: 0.5219 loss_val: 1.2621
Run:01 Epoch: 0688 loss_train: 0.5212 loss_val: 1.2595
Run:01 Epoch: 0689 loss_train: 0.5153 loss_val: 1.2661
Run:01 Epoch: 0690 loss_train: 0.5301 loss_val: 1.2743
Run:01 Epoch: 0691 loss_train: 0.5138 loss_val: 1.2758
Run:01 Epoch: 0692 loss_train: 0.5136 loss_val: 1.2746
Run:01 Epoch: 0693 loss_train: 0.5194 loss_val: 1.2709
Run:01 Epoch: 0694 loss_train: 0.5117 loss_val: 1.2784
Run:01 Epoch: 0695 loss_train: 0.5074 loss_val: 1.2940
Run:01 Epoch: 0696 loss_train: 0.5122 loss_val: 1.2940
Run:01 Epoch: 0697 loss_train: 0.5070 loss_val: 1.2849
Run:01 Epoch: 0698 loss_train: 0.5150 loss_val: 1.2678
Run:01 Epoch: 0699 loss_train: 0.5155 loss_val: 1.2647
Run:01 Epoch: 0700 loss_train: 0.5142 loss_val: 1.2848
Run:01 Epoch: 0701 loss_train: 0.5138 loss_val: 1.2903
Run:01 Epoch: 0702 loss_train: 0.5032 loss_val: 1.3008
Run:01 Epoch: 0703 loss_train: 0.5099 loss_val: 1.2855
Run:01 Epoch: 0704 loss_train: 0.5101 loss_val: 1.2753
Run:01 Epoch: 0705 loss_train: 0.5132 loss_val: 1.2643
Run:01 Epoch: 0706 loss_train: 0.5223 loss_val: 1.2773
Run:01 Epoch: 0707 loss_train: 0.5120 loss_val: 1.3051
Run:01 Epoch: 0708 loss_train: 0.5166 loss_val: 1.3100
Run:01 Epoch: 0709 loss_train: 0.5063 loss_val: 1.3060
Run:01 Epoch: 0710 loss_train: 0.5036 loss_val: 1.2957
Run:01 Epoch: 0711 loss_train: 0.5151 loss_val: 1.2906
Run:01 Epoch: 0712 loss_train: 0.5083 loss_val: 1.2835
Run:01 Epoch: 0713 loss_train: 0.5130 loss_val: 1.2848
Run:01 Epoch: 0714 loss_train: 0.5159 loss_val: 1.2983
Run:01 Epoch: 0715 loss_train: 0.5063 loss_val: 1.3002
Run:01 Epoch: 0716 loss_train: 0.5106 loss_val: 1.2906
Run:01 Epoch: 0717 loss_train: 0.5184 loss_val: 1.2898
Run:01 Epoch: 0718 loss_train: 0.5153 loss_val: 1.2970
Run:01 Epoch: 0719 loss_train: 0.5113 loss_val: 1.3028
Run:01 Epoch: 0720 loss_train: 0.5155 loss_val: 1.2900
Run:01 Epoch: 0721 loss_train: 0.5112 loss_val: 1.2876
Run:01 Epoch: 0722 loss_train: 0.5071 loss_val: 1.2940
Run:01 Epoch: 0723 loss_train: 0.5141 loss_val: 1.2833
Run:01 Epoch: 0724 loss_train: 0.5139 loss_val: 1.2810
Run:01 Epoch: 0725 loss_train: 0.5064 loss_val: 1.2878
Run:01 Epoch: 0726 loss_train: 0.5033 loss_val: 1.3060
Run:01 Epoch: 0727 loss_train: 0.5066 loss_val: 1.3191
Run:01 Epoch: 0728 loss_train: 0.5104 loss_val: 1.3070
Run:01 Epoch: 0729 loss_train: 0.5119 loss_val: 1.2962
Run:01 Epoch: 0730 loss_train: 0.5118 loss_val: 1.2988
Run:01 Epoch: 0731 loss_train: 0.4996 loss_val: 1.3141
Run:01 Epoch: 0732 loss_train: 0.5117 loss_val: 1.3183
Run:01 Epoch: 0733 loss_train: 0.5106 loss_val: 1.2967
Run:01 Epoch: 0734 loss_train: 0.5092 loss_val: 1.2764
Run:01 Epoch: 0735 loss_train: 0.5036 loss_val: 1.2752
Run:01 Epoch: 0736 loss_train: 0.5084 loss_val: 1.2941
Run:01 Epoch: 0737 loss_train: 0.5064 loss_val: 1.3040
Run:01 Epoch: 0738 loss_train: 0.5059 loss_val: 1.3015
Run:01 Epoch: 0739 loss_train: 0.5096 loss_val: 1.2825
Run:01 Epoch: 0740 loss_train: 0.4995 loss_val: 1.2636
Run:01 Epoch: 0741 loss_train: 0.5082 loss_val: 1.2659
Run:01 Epoch: 0742 loss_train: 0.5106 loss_val: 1.2746
Run:01 Epoch: 0743 loss_train: 0.5084 loss_val: 1.2793
Run:01 Epoch: 0744 loss_train: 0.5059 loss_val: 1.2781
Run:01 Epoch: 0745 loss_train: 0.5170 loss_val: 1.2837
Run:01 Epoch: 0746 loss_train: 0.5050 loss_val: 1.2817
Run:01 Epoch: 0747 loss_train: 0.5037 loss_val: 1.2827
Run:01 Epoch: 0748 loss_train: 0.5101 loss_val: 1.3068
Run:01 Epoch: 0749 loss_train: 0.5103 loss_val: 1.3073
Run:01 Epoch: 0750 loss_train: 0.5042 loss_val: 1.2842
Run:01 Epoch: 0751 loss_train: 0.5119 loss_val: 1.2714
Run:01 Epoch: 0752 loss_train: 0.5092 loss_val: 1.2663
Run:01 Epoch: 0753 loss_train: 0.5156 loss_val: 1.2597
Run:01 Epoch: 0754 loss_train: 0.5221 loss_val: 1.2565
Run:01 Epoch: 0755 loss_train: 0.5120 loss_val: 1.2568
Run:01 Epoch: 0756 loss_train: 0.5069 loss_val: 1.2602
Run:01 Epoch: 0757 loss_train: 0.5045 loss_val: 1.2779
Run:01 Epoch: 0758 loss_train: 0.5039 loss_val: 1.2976
Run:01 Epoch: 0759 loss_train: 0.5077 loss_val: 1.3105
Run:01 Epoch: 0760 loss_train: 0.5027 loss_val: 1.3195
Run:01 Epoch: 0761 loss_train: 0.5157 loss_val: 1.3048
Run:01 Epoch: 0762 loss_train: 0.5082 loss_val: 1.2838
Run:01 Epoch: 0763 loss_train: 0.5041 loss_val: 1.2668
Run:01 Epoch: 0764 loss_train: 0.5030 loss_val: 1.2696
Run:01 Epoch: 0765 loss_train: 0.5089 loss_val: 1.2810
Run:01 Epoch: 0766 loss_train: 0.5082 loss_val: 1.2919
Run:01 Epoch: 0767 loss_train: 0.5016 loss_val: 1.2985
Run:01 Epoch: 0768 loss_train: 0.4995 loss_val: 1.2940
Run:01 Epoch: 0769 loss_train: 0.5035 loss_val: 1.2754
Run:01 Epoch: 0770 loss_train: 0.5051 loss_val: 1.2800
Run:01 Epoch: 0771 loss_train: 0.5006 loss_val: 1.2854
Run:01 Epoch: 0772 loss_train: 0.4946 loss_val: 1.2939
Run:01 Epoch: 0773 loss_train: 0.5018 loss_val: 1.3002
Run:01 Epoch: 0774 loss_train: 0.5063 loss_val: 1.3067
Run:01 Epoch: 0775 loss_train: 0.4946 loss_val: 1.2995
Run:01 Epoch: 0776 loss_train: 0.4984 loss_val: 1.2851
Run:01 Epoch: 0777 loss_train: 0.4952 loss_val: 1.2889
Run:01 Epoch: 0778 loss_train: 0.4987 loss_val: 1.2994
Run:01 Epoch: 0779 loss_train: 0.5011 loss_val: 1.3079
Run:01 Epoch: 0780 loss_train: 0.4968 loss_val: 1.3196
Run:01 Epoch: 0781 loss_train: 0.4963 loss_val: 1.3138
Run:01 Epoch: 0782 loss_train: 0.4958 loss_val: 1.2947
Run:01 Epoch: 0783 loss_train: 0.5028 loss_val: 1.2643
Run:01 Epoch: 0784 loss_train: 0.4960 loss_val: 1.2704
Run:01 Epoch: 0785 loss_train: 0.5064 loss_val: 1.3002
Run:01 Epoch: 0786 loss_train: 0.4991 loss_val: 1.2982
Run:01 Epoch: 0787 loss_train: 0.5095 loss_val: 1.2730
Run:01 Epoch: 0788 loss_train: 0.5053 loss_val: 1.2534
Run:01 Epoch: 0789 loss_train: 0.5010 loss_val: 1.2646
Run:01 Epoch: 0790 loss_train: 0.4939 loss_val: 1.2918
Run:01 Epoch: 0791 loss_train: 0.5048 loss_val: 1.2927
Run:01 Epoch: 0792 loss_train: 0.4958 loss_val: 1.2914
Run:01 Epoch: 0793 loss_train: 0.4951 loss_val: 1.3014
Run:01 Epoch: 0794 loss_train: 0.4978 loss_val: 1.2974
Run:01 Epoch: 0795 loss_train: 0.5014 loss_val: 1.2928
Run:01 Epoch: 0796 loss_train: 0.4997 loss_val: 1.2972
Run:01 Epoch: 0797 loss_train: 0.4974 loss_val: 1.2963
Run:01 Epoch: 0798 loss_train: 0.4965 loss_val: 1.2998
Run:01 Epoch: 0799 loss_train: 0.4952 loss_val: 1.2978
Run:01 Epoch: 0800 loss_train: 0.4922 loss_val: 1.2893
Run:01 Epoch: 0801 loss_train: 0.4942 loss_val: 1.2943
Run:01 Epoch: 0802 loss_train: 0.4970 loss_val: 1.3016
Run:01 Epoch: 0803 loss_train: 0.4913 loss_val: 1.3056
Run:01 Epoch: 0804 loss_train: 0.4947 loss_val: 1.3105
Run:01 Epoch: 0805 loss_train: 0.4986 loss_val: 1.3078
Run:01 Epoch: 0806 loss_train: 0.4847 loss_val: 1.2965
Run:01 Epoch: 0807 loss_train: 0.5010 loss_val: 1.2746
Run:01 Epoch: 0808 loss_train: 0.4999 loss_val: 1.2703
Run:01 Epoch: 0809 loss_train: 0.4943 loss_val: 1.2897
Run:01 Epoch: 0810 loss_train: 0.4924 loss_val: 1.3163
Run:01 Epoch: 0811 loss_train: 0.4969 loss_val: 1.3016
Run:01 Epoch: 0812 loss_train: 0.4905 loss_val: 1.2731
Run:01 Epoch: 0813 loss_train: 0.4898 loss_val: 1.2696
Run:01 Epoch: 0814 loss_train: 0.4975 loss_val: 1.3058
Run:01 Epoch: 0815 loss_train: 0.4980 loss_val: 1.3295
Run:01 Epoch: 0816 loss_train: 0.5020 loss_val: 1.3140
Run:01 Epoch: 0817 loss_train: 0.4940 loss_val: 1.2953
Run:01 Epoch: 0818 loss_train: 0.5156 loss_val: 1.3420
Run:01 Epoch: 0819 loss_train: 0.5292 loss_val: 1.3554
Run:01 Epoch: 0820 loss_train: 0.5520 loss_val: 1.3342
Run:01 Epoch: 0821 loss_train: 0.5671 loss_val: 1.3123
Run:01 Epoch: 0822 loss_train: 0.5357 loss_val: 1.3146
Run:01 Epoch: 0823 loss_train: 0.5337 loss_val: 1.3318
Run:01 Epoch: 0824 loss_train: 0.5422 loss_val: 1.3322
Run:01 Epoch: 0825 loss_train: 0.5253 loss_val: 1.3183
Run:01 Epoch: 0826 loss_train: 0.5250 loss_val: 1.3179
Run:01 Epoch: 0827 loss_train: 0.5241 loss_val: 1.3126
Run:01 Epoch: 0828 loss_train: 0.5210 loss_val: 1.3077
Run:01 Epoch: 0829 loss_train: 0.5106 loss_val: 1.3089
Run:01 Epoch: 0830 loss_train: 0.5120 loss_val: 1.3150
Run:01 Epoch: 0831 loss_train: 0.5179 loss_val: 1.3238
Run:01 Epoch: 0832 loss_train: 0.5016 loss_val: 1.3242
Run:01 Epoch: 0833 loss_train: 0.4924 loss_val: 1.3333
Run:01 Epoch: 0834 loss_train: 0.5070 loss_val: 1.3451
Run:01 Epoch: 0835 loss_train: 0.4929 loss_val: 1.3611
Run:01 Epoch: 0836 loss_train: 0.5048 loss_val: 1.3517
Run:01 Epoch: 0837 loss_train: 0.5040 loss_val: 1.3297
Run:01 Epoch: 0838 loss_train: 0.5049 loss_val: 1.3168
Run:01 Epoch: 0839 loss_train: 0.4949 loss_val: 1.3083
Run:01 Epoch: 0840 loss_train: 0.5024 loss_val: 1.2998
Run:01 Epoch: 0841 loss_train: 0.5000 loss_val: 1.2999
Run:01 Epoch: 0842 loss_train: 0.4988 loss_val: 1.3080
Run:01 Epoch: 0843 loss_train: 0.4975 loss_val: 1.3225
Run:01 Epoch: 0844 loss_train: 0.4933 loss_val: 1.3174
Run:01 Epoch: 0845 loss_train: 0.5034 loss_val: 1.3018
Run:01 Epoch: 0846 loss_train: 0.4985 loss_val: 1.2981
Run:01 Epoch: 0847 loss_train: 0.4892 loss_val: 1.2965
Run:01 Epoch: 0848 loss_train: 0.4922 loss_val: 1.3012
Run:01 Epoch: 0849 loss_train: 0.4960 loss_val: 1.3094
Run:01 Epoch: 0850 loss_train: 0.4870 loss_val: 1.3112
Run:01 Epoch: 0851 loss_train: 0.4870 loss_val: 1.2996
Run:01 Epoch: 0852 loss_train: 0.4809 loss_val: 1.2960
Run:01 Epoch: 0853 loss_train: 0.4900 loss_val: 1.3048
Run:01 Epoch: 0854 loss_train: 0.4947 loss_val: 1.3186
Run:01 Epoch: 0855 loss_train: 0.4850 loss_val: 1.3277
Run:01 Epoch: 0856 loss_train: 0.4917 loss_val: 1.3415
Run:01 Epoch: 0857 loss_train: 0.4896 loss_val: 1.3481
Run:01 Epoch: 0858 loss_train: 0.4864 loss_val: 1.3404
Run:01 Epoch: 0859 loss_train: 0.4834 loss_val: 1.3294
Run:01 Epoch: 0860 loss_train: 0.4898 loss_val: 1.3323
Run:01 Epoch: 0861 loss_train: 0.4890 loss_val: 1.3422
Run:01 Epoch: 0862 loss_train: 0.4914 loss_val: 1.3402
Run:01 Epoch: 0863 loss_train: 0.4915 loss_val: 1.3336
Run:01 Epoch: 0864 loss_train: 0.4863 loss_val: 1.3249
Run:01 Epoch: 0865 loss_train: 0.4883 loss_val: 1.3202
Run:01 Epoch: 0866 loss_train: 0.4921 loss_val: 1.3254
Run:01 Epoch: 0867 loss_train: 0.4762 loss_val: 1.3320
Run:01 Epoch: 0868 loss_train: 0.4834 loss_val: 1.3314
Run:01 Epoch: 0869 loss_train: 0.4820 loss_val: 1.3359
Run:01 Epoch: 0870 loss_train: 0.4877 loss_val: 1.3294
Run:01 Epoch: 0871 loss_train: 0.4877 loss_val: 1.3191
Run:01 Epoch: 0872 loss_train: 0.4872 loss_val: 1.3161
Run:01 Epoch: 0873 loss_train: 0.4891 loss_val: 1.3193
Run:01 Epoch: 0874 loss_train: 0.4818 loss_val: 1.3228
Run:01 Epoch: 0875 loss_train: 0.4857 loss_val: 1.3275
Run:01 Epoch: 0876 loss_train: 0.4879 loss_val: 1.3295
Run:01 Epoch: 0877 loss_train: 0.4899 loss_val: 1.3302
Run:01 Epoch: 0878 loss_train: 0.4825 loss_val: 1.3192
Run:01 Epoch: 0879 loss_train: 0.4834 loss_val: 1.3180
Run:01 Epoch: 0880 loss_train: 0.4899 loss_val: 1.3197
Run:01 Epoch: 0881 loss_train: 0.4838 loss_val: 1.3035
Run:01 Epoch: 0882 loss_train: 0.4867 loss_val: 1.2979
Run:01 Epoch: 0883 loss_train: 0.4893 loss_val: 1.3264
Run:01 Epoch: 0884 loss_train: 0.4955 loss_val: 1.3085
Run:01 Epoch: 0885 loss_train: 0.4785 loss_val: 1.2833
Run:01 Epoch: 0886 loss_train: 0.4902 loss_val: 1.2818
Run:01 Epoch: 0887 loss_train: 0.4863 loss_val: 1.2959
Run:01 Epoch: 0888 loss_train: 0.4940 loss_val: 1.3075
Run:01 Epoch: 0889 loss_train: 0.4890 loss_val: 1.3204
Run:01 Epoch: 0890 loss_train: 0.4868 loss_val: 1.3261
Run:01 Epoch: 0891 loss_train: 0.4771 loss_val: 1.3301
Run:01 Epoch: 0892 loss_train: 0.4879 loss_val: 1.3146
Run:01 Epoch: 0893 loss_train: 0.4851 loss_val: 1.3036
Run:01 Epoch: 0894 loss_train: 0.4813 loss_val: 1.3000
Run:01 Epoch: 0895 loss_train: 0.4814 loss_val: 1.3048
Run:01 Epoch: 0896 loss_train: 0.4830 loss_val: 1.3141
Run:01 Epoch: 0897 loss_train: 0.4799 loss_val: 1.3209
Run:01 Epoch: 0898 loss_train: 0.4844 loss_val: 1.3249
Run:01 Epoch: 0899 loss_train: 0.4754 loss_val: 1.3137
Run:01 Epoch: 0900 loss_train: 0.4844 loss_val: 1.2961
Run:01 Epoch: 0901 loss_train: 0.4797 loss_val: 1.3017
Run:01 Epoch: 0902 loss_train: 0.4782 loss_val: 1.3126
Run:01 Epoch: 0903 loss_train: 0.4832 loss_val: 1.3084
Run:01 Epoch: 0904 loss_train: 0.4867 loss_val: 1.2960
Run:01 Epoch: 0905 loss_train: 0.4842 loss_val: 1.2800
Run:01 Epoch: 0906 loss_train: 0.4816 loss_val: 1.2782
Run:01 Epoch: 0907 loss_train: 0.4775 loss_val: 1.2905
Run:01 Epoch: 0908 loss_train: 0.4865 loss_val: 1.3064
Run:01 Epoch: 0909 loss_train: 0.4799 loss_val: 1.3317
Run:01 Epoch: 0910 loss_train: 0.4919 loss_val: 1.3340
Run:01 Epoch: 0911 loss_train: 0.4900 loss_val: 1.2990
Run:01 Epoch: 0912 loss_train: 0.4730 loss_val: 1.2799
Run:01 Epoch: 0913 loss_train: 0.4842 loss_val: 1.2965
Run:01 Epoch: 0914 loss_train: 0.4848 loss_val: 1.3181
Run:01 Epoch: 0915 loss_train: 0.4833 loss_val: 1.3260
Run:01 Epoch: 0916 loss_train: 0.4819 loss_val: 1.3150
Run:01 Epoch: 0917 loss_train: 0.4820 loss_val: 1.3037
Run:01 Epoch: 0918 loss_train: 0.4815 loss_val: 1.3215
Run:01 Epoch: 0919 loss_train: 0.4882 loss_val: 1.3360
Run:01 Epoch: 0920 loss_train: 0.4887 loss_val: 1.3525
Run:01 Epoch: 0921 loss_train: 0.4827 loss_val: 1.3319
Run:01 Epoch: 0922 loss_train: 0.4834 loss_val: 1.3072
Run:01 Epoch: 0923 loss_train: 0.4873 loss_val: 1.3052
Run:01 Epoch: 0924 loss_train: 0.4881 loss_val: 1.2992
Run:01 Epoch: 0925 loss_train: 0.4761 loss_val: 1.3293
Run:01 Epoch: 0926 loss_train: 0.4811 loss_val: 1.3456
Run:01 Epoch: 0927 loss_train: 0.4868 loss_val: 1.3276
Run:01 Epoch: 0928 loss_train: 0.4801 loss_val: 1.3275
Run:01 Epoch: 0929 loss_train: 0.4836 loss_val: 1.3195
Run:01 Epoch: 0930 loss_train: 0.4803 loss_val: 1.3375
Run:01 Epoch: 0931 loss_train: 0.4717 loss_val: 1.3708
Run:01 Epoch: 0932 loss_train: 0.4798 loss_val: 1.3580
Run:01 Epoch: 0933 loss_train: 0.4893 loss_val: 1.3197
Run:01 Epoch: 0934 loss_train: 0.4846 loss_val: 1.3165
Run:01 Epoch: 0935 loss_train: 0.4759 loss_val: 1.3226
Run:01 Epoch: 0936 loss_train: 0.4856 loss_val: 1.3067
Run:01 Epoch: 0937 loss_train: 0.4806 loss_val: 1.2956
Run:01 Epoch: 0938 loss_train: 0.4825 loss_val: 1.2900
Run:01 Epoch: 0939 loss_train: 0.4858 loss_val: 1.3022
Run:01 Epoch: 0940 loss_train: 0.4791 loss_val: 1.2895
Run:01 Epoch: 0941 loss_train: 0.4782 loss_val: 1.2735
Run:01 Epoch: 0942 loss_train: 0.4837 loss_val: 1.2806
Run:01 Epoch: 0943 loss_train: 0.4709 loss_val: 1.3044
Run:01 Epoch: 0944 loss_train: 0.4814 loss_val: 1.3241
Run:01 Epoch: 0945 loss_train: 0.4871 loss_val: 1.3120
Run:01 Epoch: 0946 loss_train: 0.4813 loss_val: 1.3057
Run:01 Epoch: 0947 loss_train: 0.4829 loss_val: 1.2907
Run:01 Epoch: 0948 loss_train: 0.4778 loss_val: 1.3004
Run:01 Epoch: 0949 loss_train: 0.4827 loss_val: 1.3092
Run:01 Epoch: 0950 loss_train: 0.4803 loss_val: 1.3086
Run:01 Epoch: 0951 loss_train: 0.4783 loss_val: 1.3142
Run:01 Epoch: 0952 loss_train: 0.4731 loss_val: 1.3081
Run:01 Epoch: 0953 loss_train: 0.4853 loss_val: 1.3042
Run:01 Epoch: 0954 loss_train: 0.4773 loss_val: 1.3022
Run:01 Epoch: 0955 loss_train: 0.4806 loss_val: 1.3055
Run:01 Epoch: 0956 loss_train: 0.4824 loss_val: 1.3051
Run:01 Epoch: 0957 loss_train: 0.4743 loss_val: 1.3021
Run:01 Epoch: 0958 loss_train: 0.4851 loss_val: 1.3132
Run:01 Epoch: 0959 loss_train: 0.4868 loss_val: 1.3124
Run:01 Epoch: 0960 loss_train: 0.4801 loss_val: 1.3027
Run:01 Epoch: 0961 loss_train: 0.4751 loss_val: 1.2952
Run:01 Epoch: 0962 loss_train: 0.4797 loss_val: 1.2931
Run:01 Epoch: 0963 loss_train: 0.4908 loss_val: 1.3053
Run:01 Epoch: 0964 loss_train: 0.4883 loss_val: 1.2998
Run:01 Epoch: 0965 loss_train: 0.4791 loss_val: 1.3142
Run:01 Epoch: 0966 loss_train: 0.4854 loss_val: 1.3259
Run:01 Epoch: 0967 loss_train: 0.4803 loss_val: 1.3241
Run:01 Epoch: 0968 loss_train: 0.4882 loss_val: 1.3288
Run:01 Epoch: 0969 loss_train: 0.4731 loss_val: 1.3310
Run:01 Epoch: 0970 loss_train: 0.4826 loss_val: 1.3392
Run:01 Epoch: 0971 loss_train: 0.4812 loss_val: 1.3385
Run:01 Epoch: 0972 loss_train: 0.4711 loss_val: 1.3344
Run:01 Epoch: 0973 loss_train: 0.4790 loss_val: 1.3360
Run:01 Epoch: 0974 loss_train: 0.4829 loss_val: 1.3451
Run:01 Epoch: 0975 loss_train: 0.4796 loss_val: 1.3402
Run:01 Epoch: 0976 loss_train: 0.4801 loss_val: 1.3294
Run:01 Epoch: 0977 loss_train: 0.4727 loss_val: 1.3300
Run:01 Epoch: 0978 loss_train: 0.4828 loss_val: 1.3155
Run:01 Epoch: 0979 loss_train: 0.4832 loss_val: 1.3031
Run:01 Epoch: 0980 loss_train: 0.4775 loss_val: 1.2913
Run:01 Epoch: 0981 loss_train: 0.4820 loss_val: 1.3015
Run:01 Epoch: 0982 loss_train: 0.4869 loss_val: 1.3218
Run:01 Epoch: 0983 loss_train: 0.4820 loss_val: 1.3317
Run:01 Epoch: 0984 loss_train: 0.4794 loss_val: 1.3175
Run:01 Epoch: 0985 loss_train: 0.4830 loss_val: 1.3030
Run:01 Epoch: 0986 loss_train: 0.4800 loss_val: 1.2954
Run:01 Epoch: 0987 loss_train: 0.4706 loss_val: 1.3035
Run:01 Epoch: 0988 loss_train: 0.4706 loss_val: 1.3171
Run:01 Epoch: 0989 loss_train: 0.4760 loss_val: 1.3300
Run:01 Epoch: 0990 loss_train: 0.4812 loss_val: 1.3269
Run:01 Epoch: 0991 loss_train: 0.4675 loss_val: 1.3193
Run:01 Epoch: 0992 loss_train: 0.4692 loss_val: 1.3210
Run:01 Epoch: 0993 loss_train: 0.4819 loss_val: 1.3344
Run:01 Epoch: 0994 loss_train: 0.4714 loss_val: 1.3354
Run:01 Epoch: 0995 loss_train: 0.4822 loss_val: 1.3255
Run:01 Epoch: 0996 loss_train: 0.4723 loss_val: 1.3000
Run:01 Epoch: 0997 loss_train: 0.4708 loss_val: 1.2918
Run:01 Epoch: 0998 loss_train: 0.4726 loss_val: 1.3008
Run:01 Epoch: 0999 loss_train: 0.4728 loss_val: 1.3112
Run:01 Epoch: 1000 loss_train: 0.4708 loss_val: 1.3244
Run:01 Epoch: 1001 loss_train: 0.4731 loss_val: 1.3285
Run:01 Epoch: 1002 loss_train: 0.4683 loss_val: 1.3120
Run:01 Epoch: 1003 loss_train: 0.4746 loss_val: 1.3135
Run:01 Epoch: 1004 loss_train: 0.4708 loss_val: 1.3394
Run:01 Epoch: 1005 loss_train: 0.4826 loss_val: 1.3350
Run:01 Epoch: 1006 loss_train: 0.4750 loss_val: 1.3300
Run:01 Epoch: 1007 loss_train: 0.4757 loss_val: 1.3246
Run:01 Epoch: 1008 loss_train: 0.4764 loss_val: 1.3241
Run:01 Epoch: 1009 loss_train: 0.4698 loss_val: 1.3291
Run:01 Epoch: 1010 loss_train: 0.4693 loss_val: 1.3372
Run:01 Epoch: 1011 loss_train: 0.4730 loss_val: 1.3387
Run:01 Epoch: 1012 loss_train: 0.4689 loss_val: 1.3290
Run:01 Epoch: 1013 loss_train: 0.4717 loss_val: 1.3292
Run:01 Epoch: 1014 loss_train: 0.4692 loss_val: 1.3266
Run:01 Epoch: 1015 loss_train: 0.4782 loss_val: 1.3307
Run:01 Epoch: 1016 loss_train: 0.4804 loss_val: 1.3389
Run:01 Epoch: 1017 loss_train: 0.4662 loss_val: 1.3590
Run:01 Epoch: 1018 loss_train: 0.4756 loss_val: 1.3616
Run:01 Epoch: 1019 loss_train: 0.4692 loss_val: 1.3493
Run:01 Epoch: 1020 loss_train: 0.4662 loss_val: 1.3388
Run:01 Epoch: 1021 loss_train: 0.4780 loss_val: 1.3350
Run:01 Epoch: 1022 loss_train: 0.4652 loss_val: 1.3405
Run:01 Epoch: 1023 loss_train: 0.4715 loss_val: 1.3322
Run:01 Epoch: 1024 loss_train: 0.4706 loss_val: 1.3267
Run:01 Epoch: 1025 loss_train: 0.4721 loss_val: 1.3192
Run:01 Epoch: 1026 loss_train: 0.4705 loss_val: 1.3192
Run:01 Epoch: 1027 loss_train: 0.4686 loss_val: 1.3292
Run:01 Epoch: 1028 loss_train: 0.4712 loss_val: 1.3254
Run:01 Epoch: 1029 loss_train: 0.4717 loss_val: 1.3233
Run:01 Epoch: 1030 loss_train: 0.4725 loss_val: 1.3156
Run:01 Epoch: 1031 loss_train: 0.4658 loss_val: 1.3361
Run:01 Epoch: 1032 loss_train: 0.4683 loss_val: 1.3482
Run:01 Epoch: 1033 loss_train: 0.4757 loss_val: 1.3312
Run:01 Epoch: 1034 loss_train: 0.4715 loss_val: 1.3352
Run:01 Epoch: 1035 loss_train: 0.4697 loss_val: 1.3234
Run:01 Epoch: 1036 loss_train: 0.4740 loss_val: 1.3140
Run:01 Epoch: 1037 loss_train: 0.4811 loss_val: 1.3022
Run:01 Epoch: 1038 loss_train: 0.4711 loss_val: 1.3150
Run:01 Epoch: 1039 loss_train: 0.4731 loss_val: 1.3221
Run:01 Epoch: 1040 loss_train: 0.4727 loss_val: 1.3138
Run:01 Epoch: 1041 loss_train: 0.4683 loss_val: 1.3060
Run:01 